[2026-03-19T06:23:12.599+0000] {taskinstance.py:1956} INFO - Dependencies all met for dep_context=non-requeueable deps ti=<TaskInstance: weather_ETL_incremental.load scheduled__2026-03-18T03:30:00+00:00 [queued]>
[2026-03-19T06:23:12.608+0000] {taskinstance.py:1956} INFO - Dependencies all met for dep_context=requeueable deps ti=<TaskInstance: weather_ETL_incremental.load scheduled__2026-03-18T03:30:00+00:00 [queued]>
[2026-03-19T06:23:12.609+0000] {taskinstance.py:2170} INFO - Starting attempt 1 of 1
[2026-03-19T06:23:12.618+0000] {taskinstance.py:2191} INFO - Executing <Task(_PythonDecoratedOperator): load> on 2026-03-18 03:30:00+00:00
[2026-03-19T06:23:12.623+0000] {standard_task_runner.py:60} INFO - Started process 64 to run task
[2026-03-19T06:23:12.625+0000] {standard_task_runner.py:87} INFO - Running: ['***', 'tasks', 'run', 'weather_ETL_incremental', 'load', 'scheduled__2026-03-18T03:30:00+00:00', '--job-id', '176', '--raw', '--subdir', 'DAGS_FOLDER/weather_ETL_incremental.py', '--cfg-path', '/tmp/tmpmbsin8yq']
[2026-03-19T06:23:12.629+0000] {standard_task_runner.py:88} INFO - Job 176: Subtask load
[2026-03-19T06:23:12.676+0000] {task_command.py:423} INFO - Running <TaskInstance: weather_ETL_incremental.load scheduled__2026-03-18T03:30:00+00:00 [running]> on host 90de11b0f153
[2026-03-19T06:23:12.734+0000] {taskinstance.py:2480} INFO - Exporting env vars: AIRFLOW_CTX_DAG_OWNER='***' AIRFLOW_CTX_DAG_ID='weather_ETL_incremental' AIRFLOW_CTX_TASK_ID='load' AIRFLOW_CTX_EXECUTION_DATE='2026-03-18T03:30:00+00:00' AIRFLOW_CTX_TRY_NUMBER='1' AIRFLOW_CTX_DAG_RUN_ID='scheduled__2026-03-18T03:30:00+00:00'
[2026-03-19T06:23:12.736+0000] {logging_mixin.py:188} INFO - ========= Updating 2026-03-18's data ===========
[2026-03-19T06:23:12.744+0000] {base.py:83} INFO - Using connection ID 'snowflake_conn' for task execution.
[2026-03-19T06:23:12.744+0000] {connection.py:370} INFO - Snowflake Connector for Python Version: 3.6.0, Python Version: 3.8.18, Platform: Linux-6.12.68-linuxkit-aarch64-with-glibc2.34
[2026-03-19T06:23:12.745+0000] {connection.py:1171} INFO - This connection is in OCSP Fail Open Mode. TLS Certificates would be checked for validity and revocation status. Any other Certificate Revocation related exceptions or OCSP Responder failures would be disregarded in favor of connectivity.
[2026-03-19T06:23:13.918+0000] {cursor.py:1028} INFO - query: [BEGIN;]
[2026-03-19T06:23:14.322+0000] {cursor.py:1041} INFO - query execution done
[2026-03-19T06:23:14.323+0000] {cursor.py:1205} INFO - Number of results in first chunk: 1
[2026-03-19T06:23:14.323+0000] {cursor.py:1028} INFO - query: [CREATE TABLE IF NOT EXISTS WEATHER_DB.raw.weather_data ( date date, temp_max flo...]
[2026-03-19T06:23:14.937+0000] {cursor.py:1041} INFO - query execution done
[2026-03-19T06:23:14.937+0000] {cursor.py:1205} INFO - Number of results in first chunk: 1
[2026-03-19T06:23:14.937+0000] {cursor.py:1028} INFO - query: [DELETE FROM WEATHER_DB.raw.weather_data WHERE date >= '2026-03-18' AND date < '2...]
[2026-03-19T06:23:16.182+0000] {cursor.py:1041} INFO - query execution done
[2026-03-19T06:23:16.183+0000] {cursor.py:1028} INFO - query: [USE SCHEMA WEATHER_DB.raw]
[2026-03-19T06:23:16.451+0000] {cursor.py:1041} INFO - query execution done
[2026-03-19T06:23:16.452+0000] {cursor.py:1205} INFO - Number of results in first chunk: 1
[2026-03-19T06:23:16.452+0000] {cursor.py:1028} INFO - query: [CREATE TEMPORARY STAGE TEMP_STAGE_weather_data]
[2026-03-19T06:23:17.499+0000] {cursor.py:1041} INFO - query execution done
[2026-03-19T06:23:17.500+0000] {cursor.py:1205} INFO - Number of results in first chunk: 1
[2026-03-19T06:23:17.501+0000] {cursor.py:1028} INFO - query: [PUT file:///tmp/SanJose_2026-03-18.csv @TEMP_STAGE_weather_data]
[2026-03-19T06:23:17.906+0000] {cursor.py:1041} INFO - query execution done
[2026-03-19T06:23:18.937+0000] {cursor.py:1028} INFO - query: [COPY INTO raw.weather_data FROM @TEMP_STAGE_weather_data/SanJose_2026-03-18.csv ...]
[2026-03-19T06:23:20.387+0000] {cursor.py:1041} INFO - query execution done
[2026-03-19T06:23:20.388+0000] {cursor.py:1205} INFO - Number of results in first chunk: 1
[2026-03-19T06:23:20.389+0000] {cursor.py:1028} INFO - query: [COMMIT;]
[2026-03-19T06:23:20.877+0000] {cursor.py:1041} INFO - query execution done
[2026-03-19T06:23:20.878+0000] {cursor.py:1205} INFO - Number of results in first chunk: 1
[2026-03-19T06:23:20.878+0000] {python.py:201} INFO - Done. Returned value was: None
[2026-03-19T06:23:20.890+0000] {taskinstance.py:1138} INFO - Marking task as SUCCESS. dag_id=weather_ETL_incremental, task_id=load, execution_date=20260318T033000, start_date=20260319T062312, end_date=20260319T062320
[2026-03-19T06:23:20.942+0000] {local_task_job_runner.py:234} INFO - Task exited with return code 0
[2026-03-19T06:23:20.951+0000] {taskinstance.py:3280} INFO - 0 downstream tasks scheduled from follow-on schedule check
