[2026-04-20T05:18:46.336+0000] {taskinstance.py:1956} INFO - Dependencies all met for dep_context=non-requeueable deps ti=<TaskInstance: weather_ETL_incremental.extract scheduled__2026-04-19T03:30:00+00:00 [queued]>
[2026-04-20T05:18:46.340+0000] {taskinstance.py:1956} INFO - Dependencies all met for dep_context=requeueable deps ti=<TaskInstance: weather_ETL_incremental.extract scheduled__2026-04-19T03:30:00+00:00 [queued]>
[2026-04-20T05:18:46.340+0000] {taskinstance.py:2170} INFO - Starting attempt 1 of 1
[2026-04-20T05:18:46.348+0000] {taskinstance.py:2191} INFO - Executing <Task(_PythonDecoratedOperator): extract> on 2026-04-19 03:30:00+00:00
[2026-04-20T05:18:46.352+0000] {standard_task_runner.py:60} INFO - Started process 1075 to run task
[2026-04-20T05:18:46.354+0000] {standard_task_runner.py:87} INFO - Running: ['***', 'tasks', 'run', 'weather_ETL_incremental', 'extract', 'scheduled__2026-04-19T03:30:00+00:00', '--job-id', '341', '--raw', '--subdir', 'DAGS_FOLDER/weather_ETL_incremental.py', '--cfg-path', '/tmp/tmp42i7_eob']
[2026-04-20T05:18:46.356+0000] {standard_task_runner.py:88} INFO - Job 341: Subtask extract
[2026-04-20T05:18:46.382+0000] {task_command.py:423} INFO - Running <TaskInstance: weather_ETL_incremental.extract scheduled__2026-04-19T03:30:00+00:00 [running]> on host 200fc1c16217
[2026-04-20T05:18:46.428+0000] {taskinstance.py:2480} INFO - Exporting env vars: AIRFLOW_CTX_DAG_OWNER='***' AIRFLOW_CTX_DAG_ID='weather_ETL_incremental' AIRFLOW_CTX_TASK_ID='extract' AIRFLOW_CTX_EXECUTION_DATE='2026-04-19T03:30:00+00:00' AIRFLOW_CTX_TRY_NUMBER='1' AIRFLOW_CTX_DAG_RUN_ID='scheduled__2026-04-19T03:30:00+00:00'
[2026-04-20T05:19:03.756+0000] {taskinstance.py:2698} ERROR - Task failed with exception
Traceback (most recent call last):
  File "/home/airflow/.local/lib/python3.8/site-packages/urllib3/connectionpool.py", line 715, in urlopen
    httplib_response = self._make_request(
  File "/home/airflow/.local/lib/python3.8/site-packages/urllib3/connectionpool.py", line 404, in _make_request
    self._validate_conn(conn)
  File "/home/airflow/.local/lib/python3.8/site-packages/urllib3/connectionpool.py", line 1058, in _validate_conn
    conn.connect()
  File "/home/airflow/.local/lib/python3.8/site-packages/urllib3/connection.py", line 419, in connect
    self.sock = ssl_wrap_socket(
  File "/home/airflow/.local/lib/python3.8/site-packages/urllib3/util/ssl_.py", line 449, in ssl_wrap_socket
    ssl_sock = _ssl_wrap_socket_impl(
  File "/home/airflow/.local/lib/python3.8/site-packages/urllib3/util/ssl_.py", line 493, in _ssl_wrap_socket_impl
    return ssl_context.wrap_socket(sock, server_hostname=server_hostname)
  File "/usr/local/lib/python3.8/ssl.py", line 500, in wrap_socket
    return self.sslsocket_class._create(
  File "/usr/local/lib/python3.8/ssl.py", line 1073, in _create
    self.do_handshake()
  File "/usr/local/lib/python3.8/ssl.py", line 1342, in do_handshake
    self._sslobj.do_handshake()
ssl.SSLZeroReturnError: TLS/SSL connection has been closed (EOF) (_ssl.c:1131)

During handling of the above exception, another exception occurred:

Traceback (most recent call last):
  File "/home/airflow/.local/lib/python3.8/site-packages/requests/adapters.py", line 486, in send
    resp = conn.urlopen(
  File "/home/airflow/.local/lib/python3.8/site-packages/urllib3/connectionpool.py", line 799, in urlopen
    retries = retries.increment(
  File "/home/airflow/.local/lib/python3.8/site-packages/urllib3/util/retry.py", line 592, in increment
    raise MaxRetryError(_pool, url, error or ResponseError(cause))
urllib3.exceptions.MaxRetryError: HTTPSConnectionPool(host='api.open-meteo.com', port=443): Max retries exceeded with url: /v1/forecast?latitude=37.3382&longitude=-121.8863&start_date=2026-04-19&end_date=2026-04-20&daily=temperature_2m_max&daily=temperature_2m_min&daily=precipitation_sum&daily=weather_code&timezone=America%2FLos_Angeles (Caused by SSLError(SSLZeroReturnError(6, 'TLS/SSL connection has been closed (EOF) (_ssl.c:1131)')))

During handling of the above exception, another exception occurred:

Traceback (most recent call last):
  File "/home/airflow/.local/lib/python3.8/site-packages/airflow/models/taskinstance.py", line 433, in _execute_task
    result = execute_callable(context=context, **execute_callable_kwargs)
  File "/home/airflow/.local/lib/python3.8/site-packages/airflow/decorators/base.py", line 241, in execute
    return_value = super().execute(context)
  File "/home/airflow/.local/lib/python3.8/site-packages/airflow/operators/python.py", line 199, in execute
    return_value = self.execute_callable()
  File "/home/airflow/.local/lib/python3.8/site-packages/airflow/operators/python.py", line 216, in execute_callable
    return self.python_callable(*self.op_args, **self.op_kwargs)
  File "/opt/airflow/dags/weather_ETL_incremental.py", line 125, in extract
    save_weather_data(city, latitude, longitude, date_to_fetch, next_day_of_date_to_fetch, file_path)
  File "/opt/airflow/dags/weather_ETL_incremental.py", line 81, in save_weather_data
    data = get_past_weather(start_date, end_date, latitude, longitude)
  File "/opt/airflow/dags/weather_ETL_incremental.py", line 63, in get_past_weather
    response = requests.get(url, params=params)
  File "/home/airflow/.local/lib/python3.8/site-packages/requests/api.py", line 73, in get
    return request("get", url, params=params, **kwargs)
  File "/home/airflow/.local/lib/python3.8/site-packages/requests/api.py", line 59, in request
    return session.request(method=method, url=url, **kwargs)
  File "/home/airflow/.local/lib/python3.8/site-packages/requests/sessions.py", line 589, in request
    resp = self.send(prep, **send_kwargs)
  File "/home/airflow/.local/lib/python3.8/site-packages/requests/sessions.py", line 703, in send
    r = adapter.send(request, **kwargs)
  File "/home/airflow/.local/lib/python3.8/site-packages/requests/adapters.py", line 517, in send
    raise SSLError(e, request=request)
requests.exceptions.SSLError: HTTPSConnectionPool(host='api.open-meteo.com', port=443): Max retries exceeded with url: /v1/forecast?latitude=37.3382&longitude=-121.8863&start_date=2026-04-19&end_date=2026-04-20&daily=temperature_2m_max&daily=temperature_2m_min&daily=precipitation_sum&daily=weather_code&timezone=America%2FLos_Angeles (Caused by SSLError(SSLZeroReturnError(6, 'TLS/SSL connection has been closed (EOF) (_ssl.c:1131)')))
[2026-04-20T05:19:03.772+0000] {taskinstance.py:1138} INFO - Marking task as FAILED. dag_id=weather_ETL_incremental, task_id=extract, execution_date=20260419T033000, start_date=20260420T051846, end_date=20260420T051903
[2026-04-20T05:19:03.786+0000] {standard_task_runner.py:107} ERROR - Failed to execute job 341 for task extract (HTTPSConnectionPool(host='api.open-meteo.com', port=443): Max retries exceeded with url: /v1/forecast?latitude=37.3382&longitude=-121.8863&start_date=2026-04-19&end_date=2026-04-20&daily=temperature_2m_max&daily=temperature_2m_min&daily=precipitation_sum&daily=weather_code&timezone=America%2FLos_Angeles (Caused by SSLError(SSLZeroReturnError(6, 'TLS/SSL connection has been closed (EOF) (_ssl.c:1131)'))); 1075)
[2026-04-20T05:19:03.822+0000] {local_task_job_runner.py:234} INFO - Task exited with return code 1
[2026-04-20T05:19:03.840+0000] {taskinstance.py:3280} INFO - 0 downstream tasks scheduled from follow-on schedule check
