[2026-04-18T06:33:05.952+0000] {taskinstance.py:1956} INFO - Dependencies all met for dep_context=non-requeueable deps ti=<TaskInstance: country_capital_pipeline.load scheduled__2026-03-19T00:00:00+00:00 [queued]>
[2026-04-18T06:33:05.958+0000] {taskinstance.py:1956} INFO - Dependencies all met for dep_context=requeueable deps ti=<TaskInstance: country_capital_pipeline.load scheduled__2026-03-19T00:00:00+00:00 [queued]>
[2026-04-18T06:33:05.959+0000] {taskinstance.py:2170} INFO - Starting attempt 1 of 1
[2026-04-18T06:33:05.970+0000] {taskinstance.py:2191} INFO - Executing <Task(_PythonDecoratedOperator): load> on 2026-03-19 00:00:00+00:00
[2026-04-18T06:33:05.973+0000] {standard_task_runner.py:60} INFO - Started process 75 to run task
[2026-04-18T06:33:05.975+0000] {standard_task_runner.py:87} INFO - Running: ['***', 'tasks', 'run', 'country_capital_pipeline', 'load', 'scheduled__2026-03-19T00:00:00+00:00', '--job-id', '201', '--raw', '--subdir', 'DAGS_FOLDER/country_capital_etl.py', '--cfg-path', '/tmp/tmpve5v3fqa']
[2026-04-18T06:33:05.977+0000] {standard_task_runner.py:88} INFO - Job 201: Subtask load
[2026-04-18T06:33:06.006+0000] {task_command.py:423} INFO - Running <TaskInstance: country_capital_pipeline.load scheduled__2026-03-19T00:00:00+00:00 [running]> on host 4589d7dcd571
[2026-04-18T06:33:06.060+0000] {taskinstance.py:2480} INFO - Exporting env vars: AIRFLOW_CTX_DAG_OWNER='***' AIRFLOW_CTX_DAG_ID='country_capital_pipeline' AIRFLOW_CTX_TASK_ID='load' AIRFLOW_CTX_EXECUTION_DATE='2026-03-19T00:00:00+00:00' AIRFLOW_CTX_TRY_NUMBER='1' AIRFLOW_CTX_DAG_RUN_ID='scheduled__2026-03-19T00:00:00+00:00'
[2026-04-18T06:33:06.069+0000] {base.py:83} INFO - Using connection ID 'snowflake_conn' for task execution.
[2026-04-18T06:33:06.070+0000] {connection.py:370} INFO - Snowflake Connector for Python Version: 3.6.0, Python Version: 3.8.18, Platform: Linux-6.12.68-linuxkit-aarch64-with-glibc2.34
[2026-04-18T06:33:06.071+0000] {connection.py:1171} INFO - This connection is in OCSP Fail Open Mode. TLS Certificates would be checked for validity and revocation status. Any other Certificate Revocation related exceptions or OCSP Responder failures would be disregarded in favor of connectivity.
[2026-04-18T06:33:06.884+0000] {cursor.py:1028} INFO - query: [BEGIN]
[2026-04-18T06:33:07.195+0000] {cursor.py:1041} INFO - query execution done
[2026-04-18T06:33:07.197+0000] {cursor.py:1205} INFO - Number of results in first chunk: 1
[2026-04-18T06:33:07.198+0000] {cursor.py:1028} INFO - query: [CREATE TABLE IF NOT EXISTS COUNTRY_CAPITALS ( COUNTRY STRING, CAPITAL STRING )]
[2026-04-18T06:33:07.494+0000] {cursor.py:1041} INFO - query execution done
[2026-04-18T06:33:07.496+0000] {cursor.py:1205} INFO - Number of results in first chunk: 1
[2026-04-18T06:33:07.497+0000] {cursor.py:1028} INFO - query: [TRUNCATE TABLE COUNTRY_CAPITALS]
[2026-04-18T06:36:26.032+0000] {cursor.py:1041} INFO - query execution done
[2026-04-18T06:36:26.033+0000] {cursor.py:1205} INFO - Number of results in first chunk: 1
[2026-04-18T06:36:26.033+0000] {cursor.py:1028} INFO - query: [INSERT INTO COUNTRY_CAPITALS (COUNTRY, CAPITAL) VALUES ('Ivory Coast', 'Yamousso...]
[2026-04-18T06:36:26.952+0000] {cursor.py:1041} INFO - query execution done
[2026-04-18T06:36:26.953+0000] {cursor.py:1028} INFO - query: [INSERT INTO COUNTRY_CAPITALS (COUNTRY, CAPITAL) VALUES ('Italy', 'Rome')]
[2026-04-18T06:36:27.660+0000] {cursor.py:1041} INFO - query execution done
[2026-04-18T06:36:27.661+0000] {cursor.py:1028} INFO - query: [INSERT INTO COUNTRY_CAPITALS (COUNTRY, CAPITAL) VALUES ('Kyrgyzstan', 'Bishkek')...]
[2026-04-18T06:36:28.122+0000] {cursor.py:1041} INFO - query execution done
[2026-04-18T06:36:28.123+0000] {cursor.py:1028} INFO - query: [INSERT INTO COUNTRY_CAPITALS (COUNTRY, CAPITAL) VALUES ('Papua New Guinea', 'Por...]
[2026-04-18T06:36:28.703+0000] {cursor.py:1041} INFO - query execution done
[2026-04-18T06:36:28.704+0000] {cursor.py:1028} INFO - query: [INSERT INTO COUNTRY_CAPITALS (COUNTRY, CAPITAL) VALUES ('Fiji', 'Suva')]
[2026-04-18T06:36:29.339+0000] {cursor.py:1041} INFO - query execution done
[2026-04-18T06:36:29.341+0000] {cursor.py:1028} INFO - query: [INSERT INTO COUNTRY_CAPITALS (COUNTRY, CAPITAL) VALUES ('United Arab Emirates', ...]
[2026-04-18T06:36:29.776+0000] {cursor.py:1041} INFO - query execution done
[2026-04-18T06:36:29.777+0000] {cursor.py:1028} INFO - query: [INSERT INTO COUNTRY_CAPITALS (COUNTRY, CAPITAL) VALUES ('Saint Kitts and Nevis',...]
[2026-04-18T06:36:30.346+0000] {cursor.py:1041} INFO - query execution done
[2026-04-18T06:36:30.347+0000] {cursor.py:1028} INFO - query: [INSERT INTO COUNTRY_CAPITALS (COUNTRY, CAPITAL) VALUES ('French Guiana', 'Cayenn...]
[2026-04-18T06:36:31.142+0000] {cursor.py:1041} INFO - query execution done
[2026-04-18T06:36:31.144+0000] {cursor.py:1028} INFO - query: [INSERT INTO COUNTRY_CAPITALS (COUNTRY, CAPITAL) VALUES ('Tanzania', 'Dodoma')]
[2026-04-18T06:36:31.547+0000] {cursor.py:1041} INFO - query execution done
[2026-04-18T06:36:31.547+0000] {cursor.py:1028} INFO - query: [INSERT INTO COUNTRY_CAPITALS (COUNTRY, CAPITAL) VALUES ('Angola', 'Luanda')]
[2026-04-18T06:36:32.065+0000] {cursor.py:1041} INFO - query execution done
[2026-04-18T06:36:32.067+0000] {cursor.py:1028} INFO - query: [INSERT INTO COUNTRY_CAPITALS (COUNTRY, CAPITAL) VALUES ('Togo', 'Lomé')]
[2026-04-18T06:36:32.571+0000] {cursor.py:1041} INFO - query execution done
[2026-04-18T06:36:32.572+0000] {cursor.py:1028} INFO - query: [INSERT INTO COUNTRY_CAPITALS (COUNTRY, CAPITAL) VALUES ('Finland', 'Helsinki')]
[2026-04-18T06:36:33.086+0000] {cursor.py:1041} INFO - query execution done
[2026-04-18T06:36:33.089+0000] {cursor.py:1028} INFO - query: [INSERT INTO COUNTRY_CAPITALS (COUNTRY, CAPITAL) VALUES ('Malawi', 'Lilongwe')]
[2026-04-18T06:36:33.542+0000] {cursor.py:1041} INFO - query execution done
[2026-04-18T06:36:33.544+0000] {cursor.py:1028} INFO - query: [INSERT INTO COUNTRY_CAPITALS (COUNTRY, CAPITAL) VALUES ('Mali', 'Bamako')]
[2026-04-18T06:36:33.878+0000] {cursor.py:1041} INFO - query execution done
[2026-04-18T06:36:33.879+0000] {cursor.py:1028} INFO - query: [INSERT INTO COUNTRY_CAPITALS (COUNTRY, CAPITAL) VALUES ('Uzbekistan', 'Tashkent'...]
[2026-04-18T06:36:34.316+0000] {cursor.py:1041} INFO - query execution done
[2026-04-18T06:36:34.317+0000] {cursor.py:1028} INFO - query: [INSERT INTO COUNTRY_CAPITALS (COUNTRY, CAPITAL) VALUES ('Senegal', 'Dakar')]
[2026-04-18T06:36:34.812+0000] {cursor.py:1041} INFO - query execution done
[2026-04-18T06:36:34.813+0000] {cursor.py:1028} INFO - query: [INSERT INTO COUNTRY_CAPITALS (COUNTRY, CAPITAL) VALUES ('Uganda', 'Kampala')]
[2026-04-18T06:36:35.180+0000] {cursor.py:1041} INFO - query execution done
[2026-04-18T06:36:35.181+0000] {cursor.py:1028} INFO - query: [INSERT INTO COUNTRY_CAPITALS (COUNTRY, CAPITAL) VALUES ('Djibouti', 'Djibouti')]
[2026-04-18T06:36:35.726+0000] {cursor.py:1041} INFO - query execution done
[2026-04-18T06:36:35.728+0000] {cursor.py:1028} INFO - query: [INSERT INTO COUNTRY_CAPITALS (COUNTRY, CAPITAL) VALUES ('South Sudan', 'Juba')]
[2026-04-18T06:36:37.591+0000] {cursor.py:1041} INFO - query execution done
[2026-04-18T06:36:37.592+0000] {cursor.py:1028} INFO - query: [INSERT INTO COUNTRY_CAPITALS (COUNTRY, CAPITAL) VALUES ('Jersey', 'Saint Helier'...]
[2026-04-18T06:36:38.026+0000] {cursor.py:1041} INFO - query execution done
[2026-04-18T06:36:38.027+0000] {cursor.py:1028} INFO - query: [INSERT INTO COUNTRY_CAPITALS (COUNTRY, CAPITAL) VALUES ('Tuvalu', 'Funafuti')]
[2026-04-18T06:36:38.557+0000] {cursor.py:1041} INFO - query execution done
[2026-04-18T06:36:38.558+0000] {cursor.py:1028} INFO - query: [INSERT INTO COUNTRY_CAPITALS (COUNTRY, CAPITAL) VALUES ('Japan', 'Tokyo')]
[2026-04-18T06:36:39.366+0000] {cursor.py:1041} INFO - query execution done
[2026-04-18T06:36:39.367+0000] {cursor.py:1028} INFO - query: [INSERT INTO COUNTRY_CAPITALS (COUNTRY, CAPITAL) VALUES ('Oman', 'Muscat')]
[2026-04-18T06:36:40.155+0000] {cursor.py:1041} INFO - query execution done
[2026-04-18T06:36:40.156+0000] {cursor.py:1028} INFO - query: [INSERT INTO COUNTRY_CAPITALS (COUNTRY, CAPITAL) VALUES ('Belgium', 'Brussels')]
[2026-04-18T06:36:40.782+0000] {cursor.py:1041} INFO - query execution done
[2026-04-18T06:36:40.784+0000] {cursor.py:1028} INFO - query: [INSERT INTO COUNTRY_CAPITALS (COUNTRY, CAPITAL) VALUES ('Saint Martin', 'Marigot...]
[2026-04-18T06:36:41.233+0000] {cursor.py:1041} INFO - query execution done
[2026-04-18T06:36:41.235+0000] {cursor.py:1028} INFO - query: [INSERT INTO COUNTRY_CAPITALS (COUNTRY, CAPITAL) VALUES ('Mayotte', 'Mamoudzou')]
[2026-04-18T06:36:42.177+0000] {cursor.py:1041} INFO - query execution done
[2026-04-18T06:36:42.177+0000] {cursor.py:1028} INFO - query: [INSERT INTO COUNTRY_CAPITALS (COUNTRY, CAPITAL) VALUES ('France', 'Paris')]
[2026-04-18T06:36:42.815+0000] {cursor.py:1041} INFO - query execution done
[2026-04-18T06:36:42.817+0000] {cursor.py:1028} INFO - query: [INSERT INTO COUNTRY_CAPITALS (COUNTRY, CAPITAL) VALUES ('Bulgaria', 'Sofia')]
[2026-04-18T06:36:43.427+0000] {cursor.py:1041} INFO - query execution done
[2026-04-18T06:36:43.428+0000] {cursor.py:1028} INFO - query: [INSERT INTO COUNTRY_CAPITALS (COUNTRY, CAPITAL) VALUES ('Cyprus', 'Nicosia')]
[2026-04-18T06:36:43.848+0000] {cursor.py:1041} INFO - query execution done
[2026-04-18T06:36:43.849+0000] {cursor.py:1028} INFO - query: [INSERT INTO COUNTRY_CAPITALS (COUNTRY, CAPITAL) VALUES ('South Korea', 'Seoul')]
[2026-04-18T06:36:44.558+0000] {cursor.py:1041} INFO - query execution done
[2026-04-18T06:36:44.559+0000] {cursor.py:1028} INFO - query: [INSERT INTO COUNTRY_CAPITALS (COUNTRY, CAPITAL) VALUES ('Mexico', 'Mexico City')...]
[2026-04-18T06:36:46.414+0000] {cursor.py:1041} INFO - query execution done
[2026-04-18T06:36:46.415+0000] {cursor.py:1028} INFO - query: [INSERT INTO COUNTRY_CAPITALS (COUNTRY, CAPITAL) VALUES ('North Macedonia', 'Skop...]
[2026-04-18T06:36:46.751+0000] {cursor.py:1041} INFO - query execution done
[2026-04-18T06:36:46.752+0000] {cursor.py:1028} INFO - query: [INSERT INTO COUNTRY_CAPITALS (COUNTRY, CAPITAL) VALUES ('Guyana', 'Georgetown')]
[2026-04-18T06:36:47.423+0000] {cursor.py:1041} INFO - query execution done
[2026-04-18T06:36:47.425+0000] {cursor.py:1028} INFO - query: [INSERT INTO COUNTRY_CAPITALS (COUNTRY, CAPITAL) VALUES ('Kosovo', 'Pristina')]
[2026-04-18T06:36:47.829+0000] {cursor.py:1041} INFO - query execution done
[2026-04-18T06:36:47.830+0000] {cursor.py:1028} INFO - query: [INSERT INTO COUNTRY_CAPITALS (COUNTRY, CAPITAL) VALUES ('Morocco', 'Rabat')]
[2026-04-18T06:36:48.345+0000] {cursor.py:1041} INFO - query execution done
[2026-04-18T06:36:48.347+0000] {cursor.py:1028} INFO - query: [INSERT INTO COUNTRY_CAPITALS (COUNTRY, CAPITAL) VALUES ('Gibraltar', 'Gibraltar'...]
[2026-04-18T06:36:48.792+0000] {cursor.py:1041} INFO - query execution done
[2026-04-18T06:36:48.793+0000] {cursor.py:1028} INFO - query: [INSERT INTO COUNTRY_CAPITALS (COUNTRY, CAPITAL) VALUES ('Western Sahara', 'El Aa...]
[2026-04-18T06:36:49.163+0000] {cursor.py:1041} INFO - query execution done
[2026-04-18T06:36:49.164+0000] {cursor.py:1028} INFO - query: [INSERT INTO COUNTRY_CAPITALS (COUNTRY, CAPITAL) VALUES ('Andorra', 'Andorra la V...]
[2026-04-18T06:36:49.704+0000] {cursor.py:1041} INFO - query execution done
[2026-04-18T06:36:49.705+0000] {cursor.py:1028} INFO - query: [INSERT INTO COUNTRY_CAPITALS (COUNTRY, CAPITAL) VALUES ('Palau', 'Ngerulmud')]
[2026-04-18T06:36:50.024+0000] {cursor.py:1041} INFO - query execution done
[2026-04-18T06:36:50.026+0000] {cursor.py:1028} INFO - query: [INSERT INTO COUNTRY_CAPITALS (COUNTRY, CAPITAL) VALUES ('Guinea', 'Conakry')]
[2026-04-18T06:36:50.328+0000] {cursor.py:1041} INFO - query execution done
[2026-04-18T06:36:50.330+0000] {cursor.py:1028} INFO - query: [INSERT INTO COUNTRY_CAPITALS (COUNTRY, CAPITAL) VALUES ('Turks and Caicos Island...]
[2026-04-18T06:36:51.072+0000] {cursor.py:1041} INFO - query execution done
[2026-04-18T06:36:51.073+0000] {cursor.py:1028} INFO - query: [INSERT INTO COUNTRY_CAPITALS (COUNTRY, CAPITAL) VALUES ('Saudi Arabia', 'Riyadh'...]
[2026-04-18T06:36:51.724+0000] {cursor.py:1041} INFO - query execution done
[2026-04-18T06:36:51.725+0000] {cursor.py:1028} INFO - query: [INSERT INTO COUNTRY_CAPITALS (COUNTRY, CAPITAL) VALUES ('Botswana', 'Gaborone')]
[2026-04-18T06:36:52.115+0000] {cursor.py:1041} INFO - query execution done
[2026-04-18T06:36:52.116+0000] {cursor.py:1028} INFO - query: [INSERT INTO COUNTRY_CAPITALS (COUNTRY, CAPITAL) VALUES ('Comoros', 'Moroni')]
[2026-04-18T06:36:53.017+0000] {cursor.py:1041} INFO - query execution done
[2026-04-18T06:36:53.018+0000] {cursor.py:1028} INFO - query: [INSERT INTO COUNTRY_CAPITALS (COUNTRY, CAPITAL) VALUES ('Belize', 'Belmopan')]
[2026-04-18T06:36:53.459+0000] {cursor.py:1041} INFO - query execution done
[2026-04-18T06:36:53.460+0000] {cursor.py:1028} INFO - query: [INSERT INTO COUNTRY_CAPITALS (COUNTRY, CAPITAL) VALUES ('Cambodia', 'Phnom Penh'...]
[2026-04-18T06:36:54.282+0000] {cursor.py:1041} INFO - query execution done
[2026-04-18T06:36:54.283+0000] {cursor.py:1028} INFO - query: [INSERT INTO COUNTRY_CAPITALS (COUNTRY, CAPITAL) VALUES ('Saint Lucia', 'Castries...]
[2026-04-18T06:36:55.576+0000] {cursor.py:1041} INFO - query execution done
[2026-04-18T06:36:55.578+0000] {cursor.py:1028} INFO - query: [INSERT INTO COUNTRY_CAPITALS (COUNTRY, CAPITAL) VALUES ('Mauritania', 'Nouakchot...]
[2026-04-18T06:36:56.126+0000] {cursor.py:1041} INFO - query execution done
[2026-04-18T06:36:56.127+0000] {cursor.py:1028} INFO - query: [INSERT INTO COUNTRY_CAPITALS (COUNTRY, CAPITAL) VALUES ('Jamaica', 'Kingston')]
[2026-04-18T06:36:56.540+0000] {cursor.py:1041} INFO - query execution done
[2026-04-18T06:36:56.541+0000] {cursor.py:1028} INFO - query: [INSERT INTO COUNTRY_CAPITALS (COUNTRY, CAPITAL) VALUES ('Cape Verde', 'Praia')]
[2026-04-18T06:36:57.044+0000] {cursor.py:1041} INFO - query execution done
[2026-04-18T06:36:57.045+0000] {cursor.py:1028} INFO - query: [INSERT INTO COUNTRY_CAPITALS (COUNTRY, CAPITAL) VALUES ('Marshall Islands', 'Maj...]
[2026-04-18T06:36:57.459+0000] {cursor.py:1041} INFO - query execution done
[2026-04-18T06:36:57.460+0000] {cursor.py:1028} INFO - query: [INSERT INTO COUNTRY_CAPITALS (COUNTRY, CAPITAL) VALUES ('Namibia', 'Windhoek')]
[2026-04-18T06:36:57.967+0000] {cursor.py:1041} INFO - query execution done
[2026-04-18T06:36:57.969+0000] {cursor.py:1028} INFO - query: [INSERT INTO COUNTRY_CAPITALS (COUNTRY, CAPITAL) VALUES ('Iran', 'Tehran')]
[2026-04-18T06:36:58.587+0000] {cursor.py:1041} INFO - query execution done
[2026-04-18T06:36:58.589+0000] {cursor.py:1028} INFO - query: [INSERT INTO COUNTRY_CAPITALS (COUNTRY, CAPITAL) VALUES ('Wallis and Futuna', 'Ma...]
[2026-04-18T06:36:59.302+0000] {cursor.py:1041} INFO - query execution done
[2026-04-18T06:36:59.303+0000] {cursor.py:1028} INFO - query: [INSERT INTO COUNTRY_CAPITALS (COUNTRY, CAPITAL) VALUES ('Azerbaijan', 'Baku')]
[2026-04-18T06:36:59.987+0000] {cursor.py:1041} INFO - query execution done
[2026-04-18T06:36:59.989+0000] {cursor.py:1028} INFO - query: [INSERT INTO COUNTRY_CAPITALS (COUNTRY, CAPITAL) VALUES ('Niger', 'Niamey')]
[2026-04-18T06:37:00.339+0000] {cursor.py:1041} INFO - query execution done
[2026-04-18T06:37:00.340+0000] {cursor.py:1028} INFO - query: [INSERT INTO COUNTRY_CAPITALS (COUNTRY, CAPITAL) VALUES ('Laos', 'Vientiane')]
[2026-04-18T06:37:00.711+0000] {cursor.py:1041} INFO - query execution done
[2026-04-18T06:37:00.713+0000] {cursor.py:1028} INFO - query: [INSERT INTO COUNTRY_CAPITALS (COUNTRY, CAPITAL) VALUES ('Burkina Faso', 'Ouagado...]
[2026-04-18T06:37:01.329+0000] {cursor.py:1041} INFO - query execution done
[2026-04-18T06:37:01.330+0000] {cursor.py:1028} INFO - query: [INSERT INTO COUNTRY_CAPITALS (COUNTRY, CAPITAL) VALUES ('Cocos (Keeling) Islands...]
[2026-04-18T06:37:01.958+0000] {cursor.py:1041} INFO - query execution done
[2026-04-18T06:37:01.959+0000] {cursor.py:1028} INFO - query: [INSERT INTO COUNTRY_CAPITALS (COUNTRY, CAPITAL) VALUES ('Luxembourg', 'Luxembour...]
[2026-04-18T06:37:03.149+0000] {cursor.py:1041} INFO - query execution done
[2026-04-18T06:37:03.150+0000] {cursor.py:1028} INFO - query: [INSERT INTO COUNTRY_CAPITALS (COUNTRY, CAPITAL) VALUES ('Indonesia', 'Jakarta')]
[2026-04-18T06:37:04.193+0000] {cursor.py:1041} INFO - query execution done
[2026-04-18T06:37:04.195+0000] {cursor.py:1028} INFO - query: [INSERT INTO COUNTRY_CAPITALS (COUNTRY, CAPITAL) VALUES ('Lebanon', 'Beirut')]
[2026-04-18T06:37:04.826+0000] {cursor.py:1041} INFO - query execution done
[2026-04-18T06:37:04.826+0000] {cursor.py:1028} INFO - query: [INSERT INTO COUNTRY_CAPITALS (COUNTRY, CAPITAL) VALUES ('Turkey', 'Ankara')]
[2026-04-18T06:37:05.386+0000] {cursor.py:1041} INFO - query execution done
[2026-04-18T06:37:05.387+0000] {cursor.py:1028} INFO - query: [INSERT INTO COUNTRY_CAPITALS (COUNTRY, CAPITAL) VALUES ('Timor-Leste', 'Dili')]
[2026-04-18T06:37:05.901+0000] {cursor.py:1041} INFO - query execution done
[2026-04-18T06:37:05.901+0000] {cursor.py:1028} INFO - query: [INSERT INTO COUNTRY_CAPITALS (COUNTRY, CAPITAL) VALUES ('Zimbabwe', 'Harare')]
[2026-04-18T06:37:06.382+0000] {cursor.py:1041} INFO - query execution done
[2026-04-18T06:37:06.383+0000] {cursor.py:1028} INFO - query: [INSERT INTO COUNTRY_CAPITALS (COUNTRY, CAPITAL) VALUES ('South Africa', 'Pretori...]
[2026-04-18T06:37:07.183+0000] {cursor.py:1041} INFO - query execution done
[2026-04-18T06:37:07.183+0000] {cursor.py:1028} INFO - query: [INSERT INTO COUNTRY_CAPITALS (COUNTRY, CAPITAL) VALUES ('Armenia', 'Yerevan')]
[2026-04-18T06:37:07.703+0000] {cursor.py:1041} INFO - query execution done
[2026-04-18T06:37:07.705+0000] {cursor.py:1028} INFO - query: [INSERT INTO COUNTRY_CAPITALS (COUNTRY, CAPITAL) VALUES ('Ireland', 'Dublin')]
[2026-04-18T06:37:08.212+0000] {cursor.py:1041} INFO - query execution done
[2026-04-18T06:37:08.213+0000] {cursor.py:1028} INFO - query: [INSERT INTO COUNTRY_CAPITALS (COUNTRY, CAPITAL) VALUES ('Norway', 'Oslo')]
[2026-04-18T06:37:08.533+0000] {cursor.py:1041} INFO - query execution done
[2026-04-18T06:37:08.535+0000] {cursor.py:1028} INFO - query: [INSERT INTO COUNTRY_CAPITALS (COUNTRY, CAPITAL) VALUES ('Kenya', 'Nairobi')]
[2026-04-18T06:37:09.430+0000] {cursor.py:1041} INFO - query execution done
[2026-04-18T06:37:09.431+0000] {cursor.py:1028} INFO - query: [INSERT INTO COUNTRY_CAPITALS (COUNTRY, CAPITAL) VALUES ('North Korea', 'Pyongyan...]
[2026-04-18T06:37:09.850+0000] {cursor.py:1041} INFO - query execution done
[2026-04-18T06:37:09.851+0000] {cursor.py:1028} INFO - query: [INSERT INTO COUNTRY_CAPITALS (COUNTRY, CAPITAL) VALUES ('Afghanistan', 'Kabul')]
[2026-04-18T06:37:10.566+0000] {cursor.py:1041} INFO - query execution done
[2026-04-18T06:37:10.567+0000] {cursor.py:1028} INFO - query: [INSERT INTO COUNTRY_CAPITALS (COUNTRY, CAPITAL) VALUES ('Bermuda', 'Hamilton')]
[2026-04-18T06:37:10.879+0000] {cursor.py:1041} INFO - query execution done
[2026-04-18T06:37:10.881+0000] {cursor.py:1028} INFO - query: [INSERT INTO COUNTRY_CAPITALS (COUNTRY, CAPITAL) VALUES ('Spain', 'Madrid')]
[2026-04-18T06:37:11.428+0000] {cursor.py:1041} INFO - query execution done
[2026-04-18T06:37:11.429+0000] {cursor.py:1028} INFO - query: [INSERT INTO COUNTRY_CAPITALS (COUNTRY, CAPITAL) VALUES ('Netherlands', 'Amsterda...]
[2026-04-18T06:37:11.794+0000] {cursor.py:1041} INFO - query execution done
[2026-04-18T06:37:11.794+0000] {cursor.py:1028} INFO - query: [INSERT INTO COUNTRY_CAPITALS (COUNTRY, CAPITAL) VALUES ('Nicaragua', 'Managua')]
[2026-04-18T06:37:12.922+0000] {cursor.py:1041} INFO - query execution done
[2026-04-18T06:37:12.923+0000] {cursor.py:1028} INFO - query: [INSERT INTO COUNTRY_CAPITALS (COUNTRY, CAPITAL) VALUES ('Lesotho', 'Maseru')]
[2026-04-18T06:37:13.472+0000] {cursor.py:1041} INFO - query execution done
[2026-04-18T06:37:13.473+0000] {cursor.py:1028} INFO - query: [INSERT INTO COUNTRY_CAPITALS (COUNTRY, CAPITAL) VALUES ('Egypt', 'Cairo')]
[2026-04-18T06:37:13.940+0000] {cursor.py:1041} INFO - query execution done
[2026-04-18T06:37:13.940+0000] {cursor.py:1028} INFO - query: [INSERT INTO COUNTRY_CAPITALS (COUNTRY, CAPITAL) VALUES ('Gambia', 'Banjul')]
[2026-04-18T06:37:14.228+0000] {cursor.py:1041} INFO - query execution done
[2026-04-18T06:37:14.228+0000] {cursor.py:1028} INFO - query: [INSERT INTO COUNTRY_CAPITALS (COUNTRY, CAPITAL) VALUES ('Brazil', 'Brasília')]
[2026-04-18T06:37:14.768+0000] {cursor.py:1041} INFO - query execution done
[2026-04-18T06:37:14.770+0000] {cursor.py:1028} INFO - query: [INSERT INTO COUNTRY_CAPITALS (COUNTRY, CAPITAL) VALUES ('Australia', 'Canberra')...]
[2026-04-18T06:37:15.219+0000] {cursor.py:1041} INFO - query execution done
[2026-04-18T06:37:15.220+0000] {cursor.py:1028} INFO - query: [INSERT INTO COUNTRY_CAPITALS (COUNTRY, CAPITAL) VALUES ('Pitcairn Islands', 'Ada...]
[2026-04-18T06:37:16.537+0000] {cursor.py:1041} INFO - query execution done
[2026-04-18T06:37:16.538+0000] {cursor.py:1028} INFO - query: [INSERT INTO COUNTRY_CAPITALS (COUNTRY, CAPITAL) VALUES ('Barbados', 'Bridgetown'...]
[2026-04-18T06:37:17.394+0000] {cursor.py:1041} INFO - query execution done
[2026-04-18T06:37:17.395+0000] {cursor.py:1028} INFO - query: [INSERT INTO COUNTRY_CAPITALS (COUNTRY, CAPITAL) VALUES ('Madagascar', 'Antananar...]
[2026-04-18T06:37:18.594+0000] {cursor.py:1041} INFO - query execution done
[2026-04-18T06:37:18.596+0000] {cursor.py:1028} INFO - query: [INSERT INTO COUNTRY_CAPITALS (COUNTRY, CAPITAL) VALUES ('United Kingdom', 'Londo...]
[2026-04-18T06:37:19.163+0000] {cursor.py:1041} INFO - query execution done
[2026-04-18T06:37:19.163+0000] {cursor.py:1028} INFO - query: [INSERT INTO COUNTRY_CAPITALS (COUNTRY, CAPITAL) VALUES ('Portugal', 'Lisbon')]
[2026-04-18T06:37:19.572+0000] {cursor.py:1041} INFO - query execution done
[2026-04-18T06:37:19.573+0000] {cursor.py:1028} INFO - query: [INSERT INTO COUNTRY_CAPITALS (COUNTRY, CAPITAL) VALUES ('Greenland', 'Nuuk')]
[2026-04-18T06:37:20.187+0000] {cursor.py:1041} INFO - query execution done
[2026-04-18T06:37:20.188+0000] {cursor.py:1028} INFO - query: [INSERT INTO COUNTRY_CAPITALS (COUNTRY, CAPITAL) VALUES ('American Samoa', 'Pago ...]
[2026-04-18T06:37:21.889+0000] {cursor.py:1041} INFO - query execution done
[2026-04-18T06:37:21.891+0000] {cursor.py:1028} INFO - query: [INSERT INTO COUNTRY_CAPITALS (COUNTRY, CAPITAL) VALUES ('South Georgia', 'King E...]
[2026-04-18T06:37:22.957+0000] {cursor.py:1041} INFO - query execution done
[2026-04-18T06:37:22.958+0000] {cursor.py:1028} INFO - query: [INSERT INTO COUNTRY_CAPITALS (COUNTRY, CAPITAL) VALUES ('Turkmenistan', 'Ashgaba...]
[2026-04-18T06:37:23.877+0000] {cursor.py:1041} INFO - query execution done
[2026-04-18T06:37:23.879+0000] {cursor.py:1028} INFO - query: [INSERT INTO COUNTRY_CAPITALS (COUNTRY, CAPITAL) VALUES ('Guadeloupe', 'Basse-Ter...]
[2026-04-18T06:37:24.184+0000] {cursor.py:1041} INFO - query execution done
[2026-04-18T06:37:24.185+0000] {cursor.py:1028} INFO - query: [INSERT INTO COUNTRY_CAPITALS (COUNTRY, CAPITAL) VALUES ('Dominica', 'Roseau')]
[2026-04-18T06:37:24.800+0000] {cursor.py:1041} INFO - query execution done
[2026-04-18T06:37:24.802+0000] {cursor.py:1028} INFO - query: [INSERT INTO COUNTRY_CAPITALS (COUNTRY, CAPITAL) VALUES ('Solomon Islands', 'Honi...]
[2026-04-18T06:37:25.308+0000] {cursor.py:1041} INFO - query execution done
[2026-04-18T06:37:25.309+0000] {cursor.py:1028} INFO - query: [INSERT INTO COUNTRY_CAPITALS (COUNTRY, CAPITAL) VALUES ('Saint Pierre and Miquel...]
[2026-04-18T06:37:25.926+0000] {cursor.py:1041} INFO - query execution done
[2026-04-18T06:37:25.927+0000] {cursor.py:1028} INFO - query: [INSERT INTO COUNTRY_CAPITALS (COUNTRY, CAPITAL) VALUES ('Rwanda', 'Kigali')]
[2026-04-18T06:37:26.300+0000] {cursor.py:1041} INFO - query execution done
[2026-04-18T06:37:26.302+0000] {cursor.py:1028} INFO - query: [INSERT INTO COUNTRY_CAPITALS (COUNTRY, CAPITAL) VALUES ('Norfolk Island', 'Kings...]
[2026-04-18T06:37:26.849+0000] {cursor.py:1041} INFO - query execution done
[2026-04-18T06:37:26.917+0000] {cursor.py:1028} INFO - query: [INSERT INTO COUNTRY_CAPITALS (COUNTRY, CAPITAL) VALUES ('Panama', 'Panama City')...]
[2026-04-18T06:37:27.323+0000] {cursor.py:1041} INFO - query execution done
[2026-04-18T06:37:27.325+0000] {cursor.py:1028} INFO - query: [INSERT INTO COUNTRY_CAPITALS (COUNTRY, CAPITAL) VALUES ('Bahamas', 'Nassau')]
[2026-04-18T06:37:27.905+0000] {cursor.py:1041} INFO - query execution done
[2026-04-18T06:37:27.906+0000] {cursor.py:1028} INFO - query: [INSERT INTO COUNTRY_CAPITALS (COUNTRY, CAPITAL) VALUES ('Tokelau', 'Fakaofo')]
[2026-04-18T06:37:28.485+0000] {cursor.py:1041} INFO - query execution done
[2026-04-18T06:37:28.487+0000] {cursor.py:1028} INFO - query: [INSERT INTO COUNTRY_CAPITALS (COUNTRY, CAPITAL) VALUES ('Montenegro', 'Podgorica...]
[2026-04-18T06:37:28.939+0000] {cursor.py:1041} INFO - query execution done
[2026-04-18T06:37:28.941+0000] {cursor.py:1028} INFO - query: [INSERT INTO COUNTRY_CAPITALS (COUNTRY, CAPITAL) VALUES ('Åland Islands', 'Marieh...]
[2026-04-18T06:37:29.440+0000] {cursor.py:1041} INFO - query execution done
[2026-04-18T06:37:29.441+0000] {cursor.py:1028} INFO - query: [INSERT INTO COUNTRY_CAPITALS (COUNTRY, CAPITAL) VALUES ('Niue', 'Alofi')]
[2026-04-18T06:37:30.973+0000] {cursor.py:1041} INFO - query execution done
[2026-04-18T06:37:30.974+0000] {cursor.py:1028} INFO - query: [INSERT INTO COUNTRY_CAPITALS (COUNTRY, CAPITAL) VALUES ('Argentina', 'Buenos Air...]
[2026-04-18T06:37:31.445+0000] {cursor.py:1041} INFO - query execution done
[2026-04-18T06:37:31.446+0000] {cursor.py:1028} INFO - query: [INSERT INTO COUNTRY_CAPITALS (COUNTRY, CAPITAL) VALUES ('Cuba', 'Havana')]
[2026-04-18T06:37:31.968+0000] {cursor.py:1041} INFO - query execution done
[2026-04-18T06:37:31.969+0000] {cursor.py:1028} INFO - query: [INSERT INTO COUNTRY_CAPITALS (COUNTRY, CAPITAL) VALUES ('Cayman Islands', 'Georg...]
[2026-04-18T06:37:32.576+0000] {cursor.py:1041} INFO - query execution done
[2026-04-18T06:37:32.577+0000] {cursor.py:1028} INFO - query: [INSERT INTO COUNTRY_CAPITALS (COUNTRY, CAPITAL) VALUES ('Kazakhstan', 'Astana')]
[2026-04-18T06:37:33.099+0000] {cursor.py:1041} INFO - query execution done
[2026-04-18T06:37:33.101+0000] {cursor.py:1028} INFO - query: [INSERT INTO COUNTRY_CAPITALS (COUNTRY, CAPITAL) VALUES ('Russia', 'Moscow')]
[2026-04-18T06:37:33.603+0000] {cursor.py:1041} INFO - query execution done
[2026-04-18T06:37:33.603+0000] {cursor.py:1028} INFO - query: [INSERT INTO COUNTRY_CAPITALS (COUNTRY, CAPITAL) VALUES ('India', 'New Delhi')]
[2026-04-18T06:37:34.111+0000] {cursor.py:1041} INFO - query execution done
[2026-04-18T06:37:34.112+0000] {cursor.py:1028} INFO - query: [INSERT INTO COUNTRY_CAPITALS (COUNTRY, CAPITAL) VALUES ('British Virgin Islands'...]
[2026-04-18T06:37:35.142+0000] {cursor.py:1041} INFO - query execution done
[2026-04-18T06:37:35.143+0000] {cursor.py:1028} INFO - query: [INSERT INTO COUNTRY_CAPITALS (COUNTRY, CAPITAL) VALUES ('Guam', 'Hagåtña')]
[2026-04-18T06:37:35.643+0000] {cursor.py:1041} INFO - query execution done
[2026-04-18T06:37:35.646+0000] {cursor.py:1028} INFO - query: [INSERT INTO COUNTRY_CAPITALS (COUNTRY, CAPITAL) VALUES ('Myanmar', 'Naypyidaw')]
[2026-04-18T06:37:36.006+0000] {cursor.py:1041} INFO - query execution done
[2026-04-18T06:37:36.007+0000] {cursor.py:1028} INFO - query: [INSERT INTO COUNTRY_CAPITALS (COUNTRY, CAPITAL) VALUES ('DR Congo', 'Kinshasa')]
[2026-04-18T06:37:36.781+0000] {cursor.py:1041} INFO - query execution done
[2026-04-18T06:37:36.782+0000] {cursor.py:1028} INFO - query: [INSERT INTO COUNTRY_CAPITALS (COUNTRY, CAPITAL) VALUES ('Mauritius', 'Port Louis...]
[2026-04-18T06:37:37.287+0000] {cursor.py:1041} INFO - query execution done
[2026-04-18T06:37:37.289+0000] {cursor.py:1028} INFO - query: [INSERT INTO COUNTRY_CAPITALS (COUNTRY, CAPITAL) VALUES ('Falkland Islands', 'Sta...]
[2026-04-18T06:37:38.008+0000] {cursor.py:1041} INFO - query execution done
[2026-04-18T06:37:38.009+0000] {cursor.py:1028} INFO - query: [INSERT INTO COUNTRY_CAPITALS (COUNTRY, CAPITAL) VALUES ('Northern Mariana Island...]
[2026-04-18T06:37:38.517+0000] {cursor.py:1041} INFO - query execution done
[2026-04-18T06:37:38.517+0000] {cursor.py:1028} INFO - query: [INSERT INTO COUNTRY_CAPITALS (COUNTRY, CAPITAL) VALUES ('Ukraine', 'Kyiv')]
[2026-04-18T06:37:39.183+0000] {cursor.py:1041} INFO - query execution done
[2026-04-18T06:37:39.184+0000] {cursor.py:1028} INFO - query: [INSERT INTO COUNTRY_CAPITALS (COUNTRY, CAPITAL) VALUES ('Monaco', 'Monaco')]
[2026-04-18T06:37:39.550+0000] {cursor.py:1041} INFO - query execution done
[2026-04-18T06:37:39.550+0000] {cursor.py:1028} INFO - query: [INSERT INTO COUNTRY_CAPITALS (COUNTRY, CAPITAL) VALUES ('Tajikistan', 'Dushanbe'...]
[2026-04-18T06:37:39.914+0000] {cursor.py:1041} INFO - query execution done
[2026-04-18T06:37:39.915+0000] {cursor.py:1028} INFO - query: [INSERT INTO COUNTRY_CAPITALS (COUNTRY, CAPITAL) VALUES ('Malaysia', 'Kuala Lumpu...]
[2026-04-18T06:37:40.382+0000] {cursor.py:1041} INFO - query execution done
[2026-04-18T06:37:40.383+0000] {cursor.py:1028} INFO - query: [INSERT INTO COUNTRY_CAPITALS (COUNTRY, CAPITAL) VALUES ('Somalia', 'Mogadishu')]
[2026-04-18T06:37:41.121+0000] {cursor.py:1041} INFO - query execution done
[2026-04-18T06:37:41.123+0000] {cursor.py:1028} INFO - query: [INSERT INTO COUNTRY_CAPITALS (COUNTRY, CAPITAL) VALUES ('Antigua and Barbuda', '...]
[2026-04-18T06:37:41.489+0000] {cursor.py:1041} INFO - query execution done
[2026-04-18T06:37:41.490+0000] {cursor.py:1028} INFO - query: [INSERT INTO COUNTRY_CAPITALS (COUNTRY, CAPITAL) VALUES ('Central African Republi...]
[2026-04-18T06:37:42.207+0000] {cursor.py:1041} INFO - query execution done
[2026-04-18T06:37:42.208+0000] {cursor.py:1028} INFO - query: [INSERT INTO COUNTRY_CAPITALS (COUNTRY, CAPITAL) VALUES ('Israel', 'Jerusalem')]
[2026-04-18T06:37:42.558+0000] {cursor.py:1041} INFO - query execution done
[2026-04-18T06:37:42.559+0000] {cursor.py:1028} INFO - query: [INSERT INTO COUNTRY_CAPITALS (COUNTRY, CAPITAL) VALUES ('Nigeria', 'Abuja')]
[2026-04-18T06:37:43.332+0000] {cursor.py:1041} INFO - query execution done
[2026-04-18T06:37:43.333+0000] {cursor.py:1028} INFO - query: [INSERT INTO COUNTRY_CAPITALS (COUNTRY, CAPITAL) VALUES ('Honduras', 'Tegucigalpa...]
[2026-04-18T06:37:43.845+0000] {cursor.py:1041} INFO - query execution done
[2026-04-18T06:37:43.846+0000] {cursor.py:1028} INFO - query: [INSERT INTO COUNTRY_CAPITALS (COUNTRY, CAPITAL) VALUES ('Sierra Leone', 'Freetow...]
[2026-04-18T06:37:44.563+0000] {cursor.py:1041} INFO - query execution done
[2026-04-18T06:37:44.565+0000] {cursor.py:1028} INFO - query: [INSERT INTO COUNTRY_CAPITALS (COUNTRY, CAPITAL) VALUES ('Tunisia', 'Tunis')]
[2026-04-18T06:37:44.938+0000] {cursor.py:1041} INFO - query execution done
[2026-04-18T06:37:44.940+0000] {cursor.py:1028} INFO - query: [INSERT INTO COUNTRY_CAPITALS (COUNTRY, CAPITAL) VALUES ('Lithuania', 'Vilnius')]
[2026-04-18T06:37:45.999+0000] {cursor.py:1041} INFO - query execution done
[2026-04-18T06:37:46.000+0000] {cursor.py:1028} INFO - query: [INSERT INTO COUNTRY_CAPITALS (COUNTRY, CAPITAL) VALUES ('Iraq', 'Baghdad')]
[2026-04-18T06:37:46.401+0000] {cursor.py:1041} INFO - query execution done
[2026-04-18T06:37:46.402+0000] {cursor.py:1028} INFO - query: [INSERT INTO COUNTRY_CAPITALS (COUNTRY, CAPITAL) VALUES ('Switzerland', 'Bern')]
[2026-04-18T06:37:47.018+0000] {cursor.py:1041} INFO - query execution done
[2026-04-18T06:37:47.019+0000] {cursor.py:1028} INFO - query: [INSERT INTO COUNTRY_CAPITALS (COUNTRY, CAPITAL) VALUES ('Chile', 'Santiago')]
[2026-04-18T06:37:47.556+0000] {cursor.py:1041} INFO - query execution done
[2026-04-18T06:37:47.557+0000] {cursor.py:1028} INFO - query: [INSERT INTO COUNTRY_CAPITALS (COUNTRY, CAPITAL) VALUES ('Taiwan', 'Taipei')]
[2026-04-18T06:37:48.249+0000] {cursor.py:1041} INFO - query execution done
[2026-04-18T06:37:48.251+0000] {cursor.py:1028} INFO - query: [INSERT INTO COUNTRY_CAPITALS (COUNTRY, CAPITAL) VALUES ('Vietnam', 'Hanoi')]
[2026-04-18T06:37:49.071+0000] {cursor.py:1041} INFO - query execution done
[2026-04-18T06:37:49.073+0000] {cursor.py:1028} INFO - query: [INSERT INTO COUNTRY_CAPITALS (COUNTRY, CAPITAL) VALUES ('Bangladesh', 'Dhaka')]
[2026-04-18T06:37:49.500+0000] {cursor.py:1041} INFO - query execution done
[2026-04-18T06:37:49.501+0000] {cursor.py:1028} INFO - query: [INSERT INTO COUNTRY_CAPITALS (COUNTRY, CAPITAL) VALUES ('Vanuatu', 'Port Vila')]
[2026-04-18T06:37:50.495+0000] {cursor.py:1041} INFO - query execution done
[2026-04-18T06:37:50.496+0000] {cursor.py:1028} INFO - query: [INSERT INTO COUNTRY_CAPITALS (COUNTRY, CAPITAL) VALUES ('Pakistan', 'Islamabad')...]
[2026-04-18T06:37:50.890+0000] {cursor.py:1041} INFO - query execution done
[2026-04-18T06:37:50.891+0000] {cursor.py:1028} INFO - query: [INSERT INTO COUNTRY_CAPITALS (COUNTRY, CAPITAL) VALUES ('Latvia', 'Riga')]
[2026-04-18T06:37:51.931+0000] {cursor.py:1041} INFO - query execution done
[2026-04-18T06:37:51.932+0000] {cursor.py:1028} INFO - query: [INSERT INTO COUNTRY_CAPITALS (COUNTRY, CAPITAL) VALUES ('Malta', 'Valletta')]
[2026-04-18T06:37:52.449+0000] {cursor.py:1041} INFO - query execution done
[2026-04-18T06:37:52.451+0000] {cursor.py:1028} INFO - query: [INSERT INTO COUNTRY_CAPITALS (COUNTRY, CAPITAL) VALUES ('Seychelles', 'Victoria'...]
[2026-04-18T06:37:52.942+0000] {cursor.py:1041} INFO - query execution done
[2026-04-18T06:37:52.943+0000] {cursor.py:1028} INFO - query: [INSERT INTO COUNTRY_CAPITALS (COUNTRY, CAPITAL) VALUES ('Montserrat', 'Plymouth'...]
[2026-04-18T06:37:53.460+0000] {cursor.py:1041} INFO - query execution done
[2026-04-18T06:37:53.461+0000] {cursor.py:1028} INFO - query: [INSERT INTO COUNTRY_CAPITALS (COUNTRY, CAPITAL) VALUES ('Anguilla', 'The Valley'...]
[2026-04-18T06:37:54.160+0000] {cursor.py:1041} INFO - query execution done
[2026-04-18T06:37:54.161+0000] {cursor.py:1028} INFO - query: [INSERT INTO COUNTRY_CAPITALS (COUNTRY, CAPITAL) VALUES ('Greece', 'Athens')]
[2026-04-18T06:37:55.028+0000] {cursor.py:1041} INFO - query execution done
[2026-04-18T06:37:55.028+0000] {cursor.py:1028} INFO - query: [INSERT INTO COUNTRY_CAPITALS (COUNTRY, CAPITAL) VALUES ('Czechia', 'Prague')]
[2026-04-18T06:37:55.864+0000] {cursor.py:1041} INFO - query execution done
[2026-04-18T06:37:55.866+0000] {cursor.py:1028} INFO - query: [INSERT INTO COUNTRY_CAPITALS (COUNTRY, CAPITAL) VALUES ('Zambia', 'Lusaka')]
[2026-04-18T06:37:56.442+0000] {cursor.py:1041} INFO - query execution done
[2026-04-18T06:37:56.443+0000] {cursor.py:1028} INFO - query: [INSERT INTO COUNTRY_CAPITALS (COUNTRY, CAPITAL) VALUES ('Hong Kong', 'City of Vi...]
[2026-04-18T06:37:56.885+0000] {cursor.py:1041} INFO - query execution done
[2026-04-18T06:37:56.886+0000] {cursor.py:1028} INFO - query: [INSERT INTO COUNTRY_CAPITALS (COUNTRY, CAPITAL) VALUES ('United States', 'Washin...]
[2026-04-18T06:37:57.467+0000] {cursor.py:1041} INFO - query execution done
[2026-04-18T06:37:57.468+0000] {cursor.py:1028} INFO - query: [INSERT INTO COUNTRY_CAPITALS (COUNTRY, CAPITAL) VALUES ('Eswatini', 'Mbabane')]
[2026-04-18T06:37:57.870+0000] {cursor.py:1041} INFO - query execution done
[2026-04-18T06:37:57.870+0000] {cursor.py:1028} INFO - query: [INSERT INTO COUNTRY_CAPITALS (COUNTRY, CAPITAL) VALUES ('Slovenia', 'Ljubljana')...]
[2026-04-18T06:37:58.284+0000] {cursor.py:1041} INFO - query execution done
[2026-04-18T06:37:58.286+0000] {cursor.py:1028} INFO - query: [INSERT INTO COUNTRY_CAPITALS (COUNTRY, CAPITAL) VALUES ('Caribbean Netherlands',...]
[2026-04-18T06:37:58.805+0000] {cursor.py:1041} INFO - query execution done
[2026-04-18T06:37:58.806+0000] {cursor.py:1028} INFO - query: [INSERT INTO COUNTRY_CAPITALS (COUNTRY, CAPITAL) VALUES ('Maldives', 'Malé')]
[2026-04-18T06:37:59.303+0000] {cursor.py:1041} INFO - query execution done
[2026-04-18T06:37:59.304+0000] {cursor.py:1028} INFO - query: [INSERT INTO COUNTRY_CAPITALS (COUNTRY, CAPITAL) VALUES ('Ghana', 'Accra')]
[2026-04-18T06:38:00.021+0000] {cursor.py:1041} INFO - query execution done
[2026-04-18T06:38:00.022+0000] {cursor.py:1028} INFO - query: [INSERT INTO COUNTRY_CAPITALS (COUNTRY, CAPITAL) VALUES ('Paraguay', 'Asunción')]
[2026-04-18T06:38:00.862+0000] {cursor.py:1041} INFO - query execution done
[2026-04-18T06:38:00.863+0000] {cursor.py:1028} INFO - query: [INSERT INTO COUNTRY_CAPITALS (COUNTRY, CAPITAL) VALUES ('Mozambique', 'Maputo')]
[2026-04-18T06:38:01.856+0000] {cursor.py:1041} INFO - query execution done
[2026-04-18T06:38:01.858+0000] {cursor.py:1028} INFO - query: [INSERT INTO COUNTRY_CAPITALS (COUNTRY, CAPITAL) VALUES ('Palestine', 'Ramallah')...]
[2026-04-18T06:38:02.288+0000] {cursor.py:1041} INFO - query execution done
[2026-04-18T06:38:02.290+0000] {cursor.py:1028} INFO - query: [INSERT INTO COUNTRY_CAPITALS (COUNTRY, CAPITAL) VALUES ('Moldova', 'Chișinău')]
[2026-04-18T06:38:02.783+0000] {cursor.py:1041} INFO - query execution done
[2026-04-18T06:38:02.783+0000] {cursor.py:1028} INFO - query: [INSERT INTO COUNTRY_CAPITALS (COUNTRY, CAPITAL) VALUES ('Liberia', 'Monrovia')]
[2026-04-18T06:38:03.506+0000] {cursor.py:1041} INFO - query execution done
[2026-04-18T06:38:03.507+0000] {cursor.py:1028} INFO - query: [INSERT INTO COUNTRY_CAPITALS (COUNTRY, CAPITAL) VALUES ('Liechtenstein', 'Vaduz'...]
[2026-04-18T06:38:04.361+0000] {cursor.py:1041} INFO - query execution done
[2026-04-18T06:38:04.363+0000] {cursor.py:1028} INFO - query: [INSERT INTO COUNTRY_CAPITALS (COUNTRY, CAPITAL) VALUES ('Peru', 'Lima')]
[2026-04-18T06:38:04.833+0000] {cursor.py:1041} INFO - query execution done
[2026-04-18T06:38:04.833+0000] {cursor.py:1028} INFO - query: [INSERT INTO COUNTRY_CAPITALS (COUNTRY, CAPITAL) VALUES ('Qatar', 'Doha')]
[2026-04-18T06:38:05.550+0000] {cursor.py:1041} INFO - query execution done
[2026-04-18T06:38:05.552+0000] {cursor.py:1028} INFO - query: [INSERT INTO COUNTRY_CAPITALS (COUNTRY, CAPITAL) VALUES ('Christmas Island', 'Fly...]
[2026-04-18T06:38:06.269+0000] {cursor.py:1041} INFO - query execution done
[2026-04-18T06:38:06.272+0000] {cursor.py:1028} INFO - query: [INSERT INTO COUNTRY_CAPITALS (COUNTRY, CAPITAL) VALUES ('Georgia', 'Tbilisi')]
[2026-04-18T06:38:06.796+0000] {cursor.py:1041} INFO - query execution done
[2026-04-18T06:38:06.797+0000] {cursor.py:1028} INFO - query: [INSERT INTO COUNTRY_CAPITALS (COUNTRY, CAPITAL) VALUES ('Ecuador', 'Quito')]
[2026-04-18T06:38:07.144+0000] {cursor.py:1041} INFO - query execution done
[2026-04-18T06:38:07.146+0000] {cursor.py:1028} INFO - query: [INSERT INTO COUNTRY_CAPITALS (COUNTRY, CAPITAL) VALUES ('Philippines', 'Manila')...]
[2026-04-18T06:38:07.622+0000] {cursor.py:1041} INFO - query execution done
[2026-04-18T06:38:07.624+0000] {cursor.py:1028} INFO - query: [INSERT INTO COUNTRY_CAPITALS (COUNTRY, CAPITAL) VALUES ('Ethiopia', 'Addis Ababa...]
[2026-04-18T06:38:08.217+0000] {cursor.py:1041} INFO - query execution done
[2026-04-18T06:38:08.218+0000] {cursor.py:1028} INFO - query: [INSERT INTO COUNTRY_CAPITALS (COUNTRY, CAPITAL) VALUES ('United States Virgin Is...]
[2026-04-18T06:38:08.728+0000] {cursor.py:1041} INFO - query execution done
[2026-04-18T06:38:08.729+0000] {cursor.py:1028} INFO - query: [INSERT INTO COUNTRY_CAPITALS (COUNTRY, CAPITAL) VALUES ('Syria', 'Damascus')]
[2026-04-18T06:38:09.195+0000] {cursor.py:1041} INFO - query execution done
[2026-04-18T06:38:09.196+0000] {cursor.py:1028} INFO - query: [INSERT INTO COUNTRY_CAPITALS (COUNTRY, CAPITAL) VALUES ('Romania', 'Bucharest')]
[2026-04-18T06:38:10.667+0000] {cursor.py:1041} INFO - query execution done
[2026-04-18T06:38:10.668+0000] {cursor.py:1028} INFO - query: [INSERT INTO COUNTRY_CAPITALS (COUNTRY, CAPITAL) VALUES ('Guatemala', 'Guatemala ...]
[2026-04-18T06:38:11.597+0000] {cursor.py:1041} INFO - query execution done
[2026-04-18T06:38:11.599+0000] {cursor.py:1028} INFO - query: [INSERT INTO COUNTRY_CAPITALS (COUNTRY, CAPITAL) VALUES ('Nepal', 'Kathmandu')]
[2026-04-18T06:38:12.111+0000] {cursor.py:1041} INFO - query execution done
[2026-04-18T06:38:12.112+0000] {cursor.py:1028} INFO - query: [INSERT INTO COUNTRY_CAPITALS (COUNTRY, CAPITAL) VALUES ('Réunion', 'Saint-Denis'...]
[2026-04-18T06:38:12.621+0000] {cursor.py:1041} INFO - query execution done
[2026-04-18T06:38:12.623+0000] {cursor.py:1028} INFO - query: [INSERT INTO COUNTRY_CAPITALS (COUNTRY, CAPITAL) VALUES ('Benin', 'Porto-Novo')]
[2026-04-18T06:38:13.391+0000] {cursor.py:1041} INFO - query execution done
[2026-04-18T06:38:13.393+0000] {cursor.py:1028} INFO - query: [INSERT INTO COUNTRY_CAPITALS (COUNTRY, CAPITAL) VALUES ('Kuwait', 'Kuwait City')...]
[2026-04-18T06:38:13.946+0000] {cursor.py:1041} INFO - query execution done
[2026-04-18T06:38:13.947+0000] {cursor.py:1028} INFO - query: [INSERT INTO COUNTRY_CAPITALS (COUNTRY, CAPITAL) VALUES ('Suriname', 'Paramaribo'...]
[2026-04-18T06:38:14.517+0000] {cursor.py:1041} INFO - query execution done
[2026-04-18T06:38:14.518+0000] {cursor.py:1028} INFO - query: [INSERT INTO COUNTRY_CAPITALS (COUNTRY, CAPITAL) VALUES ('New Caledonia', 'Nouméa...]
[2026-04-18T06:38:14.970+0000] {cursor.py:1041} INFO - query execution done
[2026-04-18T06:38:14.971+0000] {cursor.py:1028} INFO - query: [INSERT INTO COUNTRY_CAPITALS (COUNTRY, CAPITAL) VALUES ('Sudan', 'Khartoum')]
[2026-04-18T06:38:15.573+0000] {cursor.py:1041} INFO - query execution done
[2026-04-18T06:38:15.574+0000] {cursor.py:1028} INFO - query: [INSERT INTO COUNTRY_CAPITALS (COUNTRY, CAPITAL) VALUES ('United States Minor Out...]
[2026-04-18T06:38:16.102+0000] {cursor.py:1041} INFO - query execution done
[2026-04-18T06:38:16.104+0000] {cursor.py:1028} INFO - query: [INSERT INTO COUNTRY_CAPITALS (COUNTRY, CAPITAL) VALUES ('Chad', 'N\'Djamena')]
[2026-04-18T06:38:16.844+0000] {cursor.py:1041} INFO - query execution done
[2026-04-18T06:38:16.844+0000] {cursor.py:1028} INFO - query: [INSERT INTO COUNTRY_CAPITALS (COUNTRY, CAPITAL) VALUES ('Uruguay', 'Montevideo')...]
[2026-04-18T06:38:17.467+0000] {cursor.py:1041} INFO - query execution done
[2026-04-18T06:38:17.469+0000] {cursor.py:1028} INFO - query: [INSERT INTO COUNTRY_CAPITALS (COUNTRY, CAPITAL) VALUES ('Bosnia and Herzegovina'...]
[2026-04-18T06:38:17.940+0000] {cursor.py:1041} INFO - query execution done
[2026-04-18T06:38:17.941+0000] {cursor.py:1028} INFO - query: [INSERT INTO COUNTRY_CAPITALS (COUNTRY, CAPITAL) VALUES ('Trinidad and Tobago', '...]
[2026-04-18T06:38:18.400+0000] {cursor.py:1041} INFO - query execution done
[2026-04-18T06:38:18.402+0000] {cursor.py:1028} INFO - query: [INSERT INTO COUNTRY_CAPITALS (COUNTRY, CAPITAL) VALUES ('Sweden', 'Stockholm')]
[2026-04-18T06:38:18.823+0000] {cursor.py:1041} INFO - query execution done
[2026-04-18T06:38:18.824+0000] {cursor.py:1028} INFO - query: [INSERT INTO COUNTRY_CAPITALS (COUNTRY, CAPITAL) VALUES ('Iceland', 'Reykjavik')]
[2026-04-18T06:38:19.381+0000] {cursor.py:1041} INFO - query execution done
[2026-04-18T06:38:19.382+0000] {cursor.py:1028} INFO - query: [INSERT INTO COUNTRY_CAPITALS (COUNTRY, CAPITAL) VALUES ('Haiti', 'Port-au-Prince...]
[2026-04-18T06:38:19.855+0000] {cursor.py:1041} INFO - query execution done
[2026-04-18T06:38:19.855+0000] {cursor.py:1028} INFO - query: [INSERT INTO COUNTRY_CAPITALS (COUNTRY, CAPITAL) VALUES ('Brunei', 'Bandar Seri B...]
[2026-04-18T06:38:20.727+0000] {cursor.py:1041} INFO - query execution done
[2026-04-18T06:38:20.730+0000] {cursor.py:1028} INFO - query: [INSERT INTO COUNTRY_CAPITALS (COUNTRY, CAPITAL) VALUES ('French Southern and Ant...]
[2026-04-18T06:38:21.810+0000] {cursor.py:1041} INFO - query execution done
[2026-04-18T06:38:21.811+0000] {cursor.py:1028} INFO - query: [INSERT INTO COUNTRY_CAPITALS (COUNTRY, CAPITAL) VALUES ('Guernsey', 'St. Peter P...]
[2026-04-18T06:38:24.394+0000] {cursor.py:1041} INFO - query execution done
[2026-04-18T06:38:24.395+0000] {cursor.py:1028} INFO - query: [INSERT INTO COUNTRY_CAPITALS (COUNTRY, CAPITAL) VALUES ('Croatia', 'Zagreb')]
[2026-04-18T06:38:24.921+0000] {cursor.py:1041} INFO - query execution done
[2026-04-18T06:38:24.922+0000] {cursor.py:1028} INFO - query: [INSERT INTO COUNTRY_CAPITALS (COUNTRY, CAPITAL) VALUES ('Saint Barthélemy', 'Gus...]
[2026-04-18T06:38:25.448+0000] {cursor.py:1041} INFO - query execution done
[2026-04-18T06:38:25.449+0000] {cursor.py:1028} INFO - query: [INSERT INTO COUNTRY_CAPITALS (COUNTRY, CAPITAL) VALUES ('Mongolia', 'Ulan Bator'...]
[2026-04-18T06:38:26.030+0000] {cursor.py:1041} INFO - query execution done
[2026-04-18T06:38:26.031+0000] {cursor.py:1028} INFO - query: [INSERT INTO COUNTRY_CAPITALS (COUNTRY, CAPITAL) VALUES ('Aruba', 'Oranjestad')]
[2026-04-18T06:38:26.545+0000] {cursor.py:1041} INFO - query execution done
[2026-04-18T06:38:26.546+0000] {cursor.py:1028} INFO - query: [INSERT INTO COUNTRY_CAPITALS (COUNTRY, CAPITAL) VALUES ('Republic of the Congo',...]
[2026-04-18T06:38:27.568+0000] {cursor.py:1041} INFO - query execution done
[2026-04-18T06:38:27.570+0000] {cursor.py:1028} INFO - query: [INSERT INTO COUNTRY_CAPITALS (COUNTRY, CAPITAL) VALUES ('São Tomé and Príncipe',...]
[2026-04-18T06:38:28.062+0000] {cursor.py:1041} INFO - query execution done
[2026-04-18T06:38:28.063+0000] {cursor.py:1028} INFO - query: [INSERT INTO COUNTRY_CAPITALS (COUNTRY, CAPITAL) VALUES ('Yemen', 'Sana\'a')]
[2026-04-18T06:38:28.486+0000] {cursor.py:1041} INFO - query execution done
[2026-04-18T06:38:28.487+0000] {cursor.py:1028} INFO - query: [INSERT INTO COUNTRY_CAPITALS (COUNTRY, CAPITAL) VALUES ('Equatorial Guinea', 'Ci...]
[2026-04-18T06:38:29.822+0000] {cursor.py:1041} INFO - query execution done
[2026-04-18T06:38:29.824+0000] {cursor.py:1028} INFO - query: [INSERT INTO COUNTRY_CAPITALS (COUNTRY, CAPITAL) VALUES ('Svalbard and Jan Mayen'...]
[2026-04-18T06:38:30.231+0000] {cursor.py:1041} INFO - query execution done
[2026-04-18T06:38:30.233+0000] {cursor.py:1028} INFO - query: [INSERT INTO COUNTRY_CAPITALS (COUNTRY, CAPITAL) VALUES ('Colombia', 'Bogotá')]
[2026-04-18T06:38:31.031+0000] {cursor.py:1041} INFO - query execution done
[2026-04-18T06:38:31.078+0000] {cursor.py:1028} INFO - query: [INSERT INTO COUNTRY_CAPITALS (COUNTRY, CAPITAL) VALUES ('Guinea-Bissau', 'Bissau...]
[2026-04-18T06:38:31.560+0000] {cursor.py:1041} INFO - query execution done
[2026-04-18T06:38:31.562+0000] {cursor.py:1028} INFO - query: [INSERT INTO COUNTRY_CAPITALS (COUNTRY, CAPITAL) VALUES ('Kiribati', 'South Taraw...]
[2026-04-18T06:38:32.796+0000] {cursor.py:1041} INFO - query execution done
[2026-04-18T06:38:32.797+0000] {cursor.py:1028} INFO - query: [INSERT INTO COUNTRY_CAPITALS (COUNTRY, CAPITAL) VALUES ('Germany', 'Berlin')]
[2026-04-18T06:38:33.309+0000] {cursor.py:1041} INFO - query execution done
[2026-04-18T06:38:33.310+0000] {cursor.py:1028} INFO - query: [INSERT INTO COUNTRY_CAPITALS (COUNTRY, CAPITAL) VALUES ('Thailand', 'Bangkok')]
[2026-04-18T06:38:33.914+0000] {cursor.py:1041} INFO - query execution done
[2026-04-18T06:38:33.915+0000] {cursor.py:1028} INFO - query: [INSERT INTO COUNTRY_CAPITALS (COUNTRY, CAPITAL) VALUES ('Isle of Man', 'Douglas'...]
[2026-04-18T06:38:34.391+0000] {cursor.py:1041} INFO - query execution done
[2026-04-18T06:38:34.392+0000] {cursor.py:1028} INFO - query: [INSERT INTO COUNTRY_CAPITALS (COUNTRY, CAPITAL) VALUES ('Bhutan', 'Thimphu')]
[2026-04-18T06:38:35.142+0000] {cursor.py:1041} INFO - query execution done
[2026-04-18T06:38:35.143+0000] {cursor.py:1028} INFO - query: [INSERT INTO COUNTRY_CAPITALS (COUNTRY, CAPITAL) VALUES ('Gabon', 'Libreville')]
[2026-04-18T06:38:35.543+0000] {cursor.py:1041} INFO - query execution done
[2026-04-18T06:38:35.544+0000] {cursor.py:1028} INFO - query: [INSERT INTO COUNTRY_CAPITALS (COUNTRY, CAPITAL) VALUES ('Sint Maarten', 'Philips...]
[2026-04-18T06:38:36.478+0000] {cursor.py:1041} INFO - query execution done
[2026-04-18T06:38:36.480+0000] {cursor.py:1028} INFO - query: [INSERT INTO COUNTRY_CAPITALS (COUNTRY, CAPITAL) VALUES ('Sri Lanka', 'Sri Jayawa...]
[2026-04-18T06:38:37.302+0000] {cursor.py:1041} INFO - query execution done
[2026-04-18T06:38:37.303+0000] {cursor.py:1028} INFO - query: [INSERT INTO COUNTRY_CAPITALS (COUNTRY, CAPITAL) VALUES ('Albania', 'Tirana')]
[2026-04-18T06:38:37.811+0000] {cursor.py:1041} INFO - query execution done
[2026-04-18T06:38:37.813+0000] {cursor.py:1028} INFO - query: [INSERT INTO COUNTRY_CAPITALS (COUNTRY, CAPITAL) VALUES ('New Zealand', 'Wellingt...]
[2026-04-18T06:38:38.324+0000] {cursor.py:1041} INFO - query execution done
[2026-04-18T06:38:38.325+0000] {cursor.py:1028} INFO - query: [INSERT INTO COUNTRY_CAPITALS (COUNTRY, CAPITAL) VALUES ('Algeria', 'Algiers')]
[2026-04-18T06:38:38.723+0000] {cursor.py:1041} INFO - query execution done
[2026-04-18T06:38:38.725+0000] {cursor.py:1028} INFO - query: [INSERT INTO COUNTRY_CAPITALS (COUNTRY, CAPITAL) VALUES ('San Marino', 'City of S...]
[2026-04-18T06:38:39.681+0000] {cursor.py:1041} INFO - query execution done
[2026-04-18T06:38:39.682+0000] {cursor.py:1028} INFO - query: [INSERT INTO COUNTRY_CAPITALS (COUNTRY, CAPITAL) VALUES ('Micronesia', 'Palikir')...]
[2026-04-18T06:38:40.166+0000] {cursor.py:1041} INFO - query execution done
[2026-04-18T06:38:40.168+0000] {cursor.py:1028} INFO - query: [INSERT INTO COUNTRY_CAPITALS (COUNTRY, CAPITAL) VALUES ('Saint Helena, Ascension...]
[2026-04-18T06:38:40.679+0000] {cursor.py:1041} INFO - query execution done
[2026-04-18T06:38:40.680+0000] {cursor.py:1028} INFO - query: [INSERT INTO COUNTRY_CAPITALS (COUNTRY, CAPITAL) VALUES ('Curaçao', 'Willemstad')...]
[2026-04-18T06:38:41.890+0000] {cursor.py:1041} INFO - query execution done
[2026-04-18T06:38:41.891+0000] {cursor.py:1028} INFO - query: [INSERT INTO COUNTRY_CAPITALS (COUNTRY, CAPITAL) VALUES ('El Salvador', 'San Salv...]
[2026-04-18T06:38:42.323+0000] {cursor.py:1041} INFO - query execution done
[2026-04-18T06:38:42.325+0000] {cursor.py:1028} INFO - query: [INSERT INTO COUNTRY_CAPITALS (COUNTRY, CAPITAL) VALUES ('Martinique', 'Fort-de-F...]
[2026-04-18T06:38:42.827+0000] {cursor.py:1041} INFO - query execution done
[2026-04-18T06:38:42.829+0000] {cursor.py:1028} INFO - query: [INSERT INTO COUNTRY_CAPITALS (COUNTRY, CAPITAL) VALUES ('Nauru', 'Yaren')]
[2026-04-18T06:38:43.639+0000] {cursor.py:1041} INFO - query execution done
[2026-04-18T06:38:43.640+0000] {cursor.py:1028} INFO - query: [INSERT INTO COUNTRY_CAPITALS (COUNTRY, CAPITAL) VALUES ('Vatican City', 'Vatican...]
[2026-04-18T06:38:44.463+0000] {cursor.py:1041} INFO - query execution done
[2026-04-18T06:38:44.464+0000] {cursor.py:1028} INFO - query: [INSERT INTO COUNTRY_CAPITALS (COUNTRY, CAPITAL) VALUES ('Grenada', 'St. George\'...]
[2026-04-18T06:38:44.980+0000] {cursor.py:1041} INFO - query execution done
[2026-04-18T06:38:44.982+0000] {cursor.py:1028} INFO - query: [INSERT INTO COUNTRY_CAPITALS (COUNTRY, CAPITAL) VALUES ('Tonga', 'Nuku\'alofa')]
[2026-04-18T06:38:45.416+0000] {cursor.py:1041} INFO - query execution done
[2026-04-18T06:38:45.418+0000] {cursor.py:1028} INFO - query: [INSERT INTO COUNTRY_CAPITALS (COUNTRY, CAPITAL) VALUES ('Burundi', 'Gitega')]
[2026-04-18T06:38:45.901+0000] {cursor.py:1041} INFO - query execution done
[2026-04-18T06:38:45.903+0000] {cursor.py:1028} INFO - query: [INSERT INTO COUNTRY_CAPITALS (COUNTRY, CAPITAL) VALUES ('Samoa', 'Apia')]
[2026-04-18T06:38:46.509+0000] {cursor.py:1041} INFO - query execution done
[2026-04-18T06:38:46.510+0000] {cursor.py:1028} INFO - query: [INSERT INTO COUNTRY_CAPITALS (COUNTRY, CAPITAL) VALUES ('Denmark', 'Copenhagen')...]
[2026-04-18T06:38:47.028+0000] {cursor.py:1041} INFO - query execution done
[2026-04-18T06:38:47.030+0000] {cursor.py:1028} INFO - query: [INSERT INTO COUNTRY_CAPITALS (COUNTRY, CAPITAL) VALUES ('Venezuela', 'Caracas')]
[2026-04-18T06:38:47.611+0000] {cursor.py:1041} INFO - query execution done
[2026-04-18T06:38:47.613+0000] {cursor.py:1028} INFO - query: [INSERT INTO COUNTRY_CAPITALS (COUNTRY, CAPITAL) VALUES ('Austria', 'Vienna')]
[2026-04-18T06:38:48.126+0000] {cursor.py:1041} INFO - query execution done
[2026-04-18T06:38:48.127+0000] {cursor.py:1028} INFO - query: [INSERT INTO COUNTRY_CAPITALS (COUNTRY, CAPITAL) VALUES ('Slovakia', 'Bratislava'...]
[2026-04-18T06:38:48.937+0000] {cursor.py:1041} INFO - query execution done
[2026-04-18T06:38:48.939+0000] {cursor.py:1028} INFO - query: [INSERT INTO COUNTRY_CAPITALS (COUNTRY, CAPITAL) VALUES ('China', 'Beijing')]
[2026-04-18T06:38:49.302+0000] {cursor.py:1041} INFO - query execution done
[2026-04-18T06:38:49.302+0000] {cursor.py:1028} INFO - query: [INSERT INTO COUNTRY_CAPITALS (COUNTRY, CAPITAL) VALUES ('British Indian Ocean Te...]
[2026-04-18T06:38:49.893+0000] {cursor.py:1041} INFO - query execution done
[2026-04-18T06:38:49.894+0000] {cursor.py:1028} INFO - query: [INSERT INTO COUNTRY_CAPITALS (COUNTRY, CAPITAL) VALUES ('French Polynesia', 'Pap...]
[2026-04-18T06:38:51.035+0000] {cursor.py:1041} INFO - query execution done
[2026-04-18T06:38:51.036+0000] {cursor.py:1028} INFO - query: [INSERT INTO COUNTRY_CAPITALS (COUNTRY, CAPITAL) VALUES ('Bolivia', 'Sucre')]
[2026-04-18T06:38:51.740+0000] {cursor.py:1041} INFO - query execution done
[2026-04-18T06:38:51.741+0000] {cursor.py:1028} INFO - query: [INSERT INTO COUNTRY_CAPITALS (COUNTRY, CAPITAL) VALUES ('Libya', 'Tripoli')]
[2026-04-18T06:38:52.346+0000] {cursor.py:1041} INFO - query execution done
[2026-04-18T06:38:52.346+0000] {cursor.py:1028} INFO - query: [INSERT INTO COUNTRY_CAPITALS (COUNTRY, CAPITAL) VALUES ('Estonia', 'Tallinn')]
[2026-04-18T06:38:52.964+0000] {cursor.py:1041} INFO - query execution done
[2026-04-18T06:38:52.966+0000] {cursor.py:1028} INFO - query: [INSERT INTO COUNTRY_CAPITALS (COUNTRY, CAPITAL) VALUES ('Cook Islands', 'Avarua'...]
[2026-04-18T06:38:53.578+0000] {cursor.py:1041} INFO - query execution done
[2026-04-18T06:38:53.580+0000] {cursor.py:1028} INFO - query: [INSERT INTO COUNTRY_CAPITALS (COUNTRY, CAPITAL) VALUES ('Puerto Rico', 'San Juan...]
[2026-04-18T06:38:54.002+0000] {cursor.py:1041} INFO - query execution done
[2026-04-18T06:38:54.002+0000] {cursor.py:1028} INFO - query: [INSERT INTO COUNTRY_CAPITALS (COUNTRY, CAPITAL) VALUES ('Belarus', 'Minsk')]
[2026-04-18T06:38:54.808+0000] {cursor.py:1041} INFO - query execution done
[2026-04-18T06:38:54.810+0000] {cursor.py:1028} INFO - query: [INSERT INTO COUNTRY_CAPITALS (COUNTRY, CAPITAL) VALUES ('Faroe Islands', 'Tórsha...]
[2026-04-18T06:38:55.397+0000] {cursor.py:1041} INFO - query execution done
[2026-04-18T06:38:55.398+0000] {cursor.py:1028} INFO - query: [INSERT INTO COUNTRY_CAPITALS (COUNTRY, CAPITAL) VALUES ('Saint Vincent and the G...]
[2026-04-18T06:38:56.034+0000] {cursor.py:1041} INFO - query execution done
[2026-04-18T06:38:56.035+0000] {cursor.py:1028} INFO - query: [INSERT INTO COUNTRY_CAPITALS (COUNTRY, CAPITAL) VALUES ('Dominican Republic', 'S...]
[2026-04-18T06:38:56.899+0000] {cursor.py:1041} INFO - query execution done
[2026-04-18T06:38:56.900+0000] {cursor.py:1028} INFO - query: [INSERT INTO COUNTRY_CAPITALS (COUNTRY, CAPITAL) VALUES ('Hungary', 'Budapest')]
[2026-04-18T06:38:57.258+0000] {cursor.py:1041} INFO - query execution done
[2026-04-18T06:38:57.259+0000] {cursor.py:1028} INFO - query: [INSERT INTO COUNTRY_CAPITALS (COUNTRY, CAPITAL) VALUES ('Bahrain', 'Manama')]
[2026-04-18T06:38:57.780+0000] {cursor.py:1041} INFO - query execution done
[2026-04-18T06:38:57.781+0000] {cursor.py:1028} INFO - query: [INSERT INTO COUNTRY_CAPITALS (COUNTRY, CAPITAL) VALUES ('Cameroon', 'Yaoundé')]
[2026-04-18T06:38:58.489+0000] {cursor.py:1041} INFO - query execution done
[2026-04-18T06:38:58.490+0000] {cursor.py:1028} INFO - query: [INSERT INTO COUNTRY_CAPITALS (COUNTRY, CAPITAL) VALUES ('Canada', 'Ottawa')]
[2026-04-18T06:38:59.420+0000] {cursor.py:1041} INFO - query execution done
[2026-04-18T06:38:59.422+0000] {cursor.py:1028} INFO - query: [INSERT INTO COUNTRY_CAPITALS (COUNTRY, CAPITAL) VALUES ('Eritrea', 'Asmara')]
[2026-04-18T06:39:00.166+0000] {cursor.py:1041} INFO - query execution done
[2026-04-18T06:39:00.167+0000] {cursor.py:1028} INFO - query: [INSERT INTO COUNTRY_CAPITALS (COUNTRY, CAPITAL) VALUES ('Singapore', 'Singapore'...]
[2026-04-18T06:39:00.760+0000] {cursor.py:1041} INFO - query execution done
[2026-04-18T06:39:00.762+0000] {cursor.py:1028} INFO - query: [INSERT INTO COUNTRY_CAPITALS (COUNTRY, CAPITAL) VALUES ('Costa Rica', 'San José'...]
[2026-04-18T06:39:01.671+0000] {cursor.py:1041} INFO - query execution done
[2026-04-18T06:39:01.672+0000] {cursor.py:1028} INFO - query: [INSERT INTO COUNTRY_CAPITALS (COUNTRY, CAPITAL) VALUES ('Serbia', 'Belgrade')]
[2026-04-18T06:39:02.379+0000] {cursor.py:1041} INFO - query execution done
[2026-04-18T06:39:02.380+0000] {cursor.py:1028} INFO - query: [INSERT INTO COUNTRY_CAPITALS (COUNTRY, CAPITAL) VALUES ('Poland', 'Warsaw')]
[2026-04-18T06:39:03.036+0000] {cursor.py:1041} INFO - query execution done
[2026-04-18T06:39:03.036+0000] {cursor.py:1028} INFO - query: [INSERT INTO COUNTRY_CAPITALS (COUNTRY, CAPITAL) VALUES ('Jordan', 'Amman')]
[2026-04-18T06:39:03.824+0000] {cursor.py:1041} INFO - query execution done
[2026-04-18T06:39:03.825+0000] {cursor.py:1028} INFO - query: [COMMIT]
[2026-04-18T06:39:35.099+0000] {cursor.py:1041} INFO - query execution done
[2026-04-18T06:39:35.100+0000] {cursor.py:1205} INFO - Number of results in first chunk: 1
[2026-04-18T06:39:35.101+0000] {logging_mixin.py:188} INFO - Full refresh completed
[2026-04-18T06:39:35.101+0000] {python.py:201} INFO - Done. Returned value was: DONE
[2026-04-18T06:39:35.116+0000] {taskinstance.py:1138} INFO - Marking task as SUCCESS. dag_id=country_capital_pipeline, task_id=load, execution_date=20260319T000000, start_date=20260418T063305, end_date=20260418T063935
[2026-04-18T06:39:35.170+0000] {local_task_job_runner.py:234} INFO - Task exited with return code 0
[2026-04-18T06:39:35.180+0000] {taskinstance.py:3280} INFO - 0 downstream tasks scheduled from follow-on schedule check
