[2026-03-10T22:14:12.596+0000] {taskinstance.py:1956} INFO - Dependencies all met for dep_context=non-requeueable deps ti=<TaskInstance: weather_ETL_incremental.load manual__2026-03-10T22:13:42.981658+00:00 [queued]>
[2026-03-10T22:14:12.601+0000] {taskinstance.py:1956} INFO - Dependencies all met for dep_context=requeueable deps ti=<TaskInstance: weather_ETL_incremental.load manual__2026-03-10T22:13:42.981658+00:00 [queued]>
[2026-03-10T22:14:12.601+0000] {taskinstance.py:2170} INFO - Starting attempt 1 of 1
[2026-03-10T22:14:12.607+0000] {taskinstance.py:2191} INFO - Executing <Task(_PythonDecoratedOperator): load> on 2026-03-10 22:13:42.981658+00:00
[2026-03-10T22:14:12.611+0000] {standard_task_runner.py:60} INFO - Started process 144 to run task
[2026-03-10T22:14:12.613+0000] {standard_task_runner.py:87} INFO - Running: ['***', 'tasks', 'run', 'weather_ETL_incremental', 'load', 'manual__2026-03-10T22:13:42.981658+00:00', '--job-id', '147', '--raw', '--subdir', 'DAGS_FOLDER/weather_ETL_incremental.py', '--cfg-path', '/tmp/tmpme25nuay']
[2026-03-10T22:14:12.614+0000] {standard_task_runner.py:88} INFO - Job 147: Subtask load
[2026-03-10T22:14:12.640+0000] {task_command.py:423} INFO - Running <TaskInstance: weather_ETL_incremental.load manual__2026-03-10T22:13:42.981658+00:00 [running]> on host e2cac078df6c
[2026-03-10T22:14:12.683+0000] {taskinstance.py:2480} INFO - Exporting env vars: AIRFLOW_CTX_DAG_OWNER='***' AIRFLOW_CTX_DAG_ID='weather_ETL_incremental' AIRFLOW_CTX_TASK_ID='load' AIRFLOW_CTX_EXECUTION_DATE='2026-03-10T22:13:42.981658+00:00' AIRFLOW_CTX_TRY_NUMBER='1' AIRFLOW_CTX_DAG_RUN_ID='manual__2026-03-10T22:13:42.981658+00:00'
[2026-03-10T22:14:12.685+0000] {logging_mixin.py:188} INFO - ========= Updating 2026-03-10's data ===========
[2026-03-10T22:14:12.690+0000] {base.py:83} INFO - Using connection ID 'snowflake_conn' for task execution.
[2026-03-10T22:14:12.690+0000] {connection.py:370} INFO - Snowflake Connector for Python Version: 3.6.0, Python Version: 3.8.18, Platform: Linux-6.12.68-linuxkit-aarch64-with-glibc2.34
[2026-03-10T22:14:12.691+0000] {connection.py:1171} INFO - This connection is in OCSP Fail Open Mode. TLS Certificates would be checked for validity and revocation status. Any other Certificate Revocation related exceptions or OCSP Responder failures would be disregarded in favor of connectivity.
[2026-03-10T22:14:13.420+0000] {cursor.py:1028} INFO - query: [BEGIN;]
[2026-03-10T22:14:13.623+0000] {cursor.py:1041} INFO - query execution done
[2026-03-10T22:14:13.624+0000] {cursor.py:1205} INFO - Number of results in first chunk: 1
[2026-03-10T22:14:13.625+0000] {cursor.py:1028} INFO - query: [CREATE TABLE IF NOT EXISTS WEATHER_DB.raw.weather_data ( date date, temp_max flo...]
[2026-03-10T22:14:13.736+0000] {cursor.py:1041} INFO - query execution done
[2026-03-10T22:14:13.737+0000] {cursor.py:1205} INFO - Number of results in first chunk: 1
[2026-03-10T22:14:13.737+0000] {cursor.py:1028} INFO - query: [DELETE FROM WEATHER_DB.raw.weather_data WHERE date >= '2026-03-10' AND date < '2...]
[2026-03-10T22:14:13.987+0000] {cursor.py:1041} INFO - query execution done
[2026-03-10T22:14:13.989+0000] {cursor.py:1028} INFO - query: [USE SCHEMA WEATHER_DB.raw]
[2026-03-10T22:14:14.171+0000] {cursor.py:1041} INFO - query execution done
[2026-03-10T22:14:14.172+0000] {cursor.py:1205} INFO - Number of results in first chunk: 1
[2026-03-10T22:14:14.172+0000] {cursor.py:1028} INFO - query: [CREATE TEMPORARY STAGE TEMP_STAGE_weather_data]
[2026-03-10T22:14:15.046+0000] {cursor.py:1041} INFO - query execution done
[2026-03-10T22:14:15.047+0000] {cursor.py:1205} INFO - Number of results in first chunk: 1
[2026-03-10T22:14:15.047+0000] {cursor.py:1028} INFO - query: [PUT file:///tmp/SanJose_2026-03-10.csv @TEMP_STAGE_weather_data]
[2026-03-10T22:14:15.279+0000] {cursor.py:1041} INFO - query execution done
[2026-03-10T22:14:15.640+0000] {cursor.py:1028} INFO - query: [COPY INTO raw.weather_data FROM @TEMP_STAGE_weather_data/SanJose_2026-03-10.csv ...]
[2026-03-10T22:14:17.300+0000] {cursor.py:1041} INFO - query execution done
[2026-03-10T22:14:17.310+0000] {cursor.py:1028} INFO - query: [ROLLBACK;]
[2026-03-10T22:14:17.575+0000] {cursor.py:1041} INFO - query execution done
[2026-03-10T22:14:17.576+0000] {cursor.py:1205} INFO - Number of results in first chunk: 1
[2026-03-10T22:14:17.576+0000] {logging_mixin.py:188} INFO - 100080 (22000): 01c2f176-0308-0bca-001b-e5430033d876: Number of columns in file (6) does not match that of the corresponding table (7), use file format option error_on_column_count_mismatch=false to ignore this error
  File 'SanJose_2026-03-10.csv.gz', line 3, character 1
  Row 1 starts at line 2, column "WEATHER_DATA"["PRECIPITATION":6]
  If you would like to continue loading when an error is encountered, use other values such as 'SKIP_FILE' or 'CONTINUE' for the ON_ERROR option. For more information on loading options, please run 'info loading_data' in a SQL client.
[2026-03-10T22:14:17.577+0000] {taskinstance.py:2698} ERROR - Task failed with exception
Traceback (most recent call last):
  File "/home/airflow/.local/lib/python3.8/site-packages/airflow/models/taskinstance.py", line 433, in _execute_task
    result = execute_callable(context=context, **execute_callable_kwargs)
  File "/home/airflow/.local/lib/python3.8/site-packages/airflow/decorators/base.py", line 241, in execute
    return_value = super().execute(context)
  File "/home/airflow/.local/lib/python3.8/site-packages/airflow/operators/python.py", line 199, in execute
    return_value = self.execute_callable()
  File "/home/airflow/.local/lib/python3.8/site-packages/airflow/operators/python.py", line 216, in execute_callable
    return self.python_callable(*self.op_args, **self.op_kwargs)
  File "/opt/airflow/dags/weather_ETL_incremental.py", line 161, in load
    raise e
  File "/opt/airflow/dags/weather_ETL_incremental.py", line 156, in load
    populate_table_via_stage(cur, database, schema, target_table, file_path)
  File "/opt/airflow/dags/weather_ETL_incremental.py", line 114, in populate_table_via_stage
    cur.execute(copy_query)
  File "/home/airflow/.local/lib/python3.8/site-packages/snowflake/connector/cursor.py", line 1132, in execute
    Error.errorhandler_wrapper(self.connection, self, error_class, errvalue)
  File "/home/airflow/.local/lib/python3.8/site-packages/snowflake/connector/errors.py", line 290, in errorhandler_wrapper
    handed_over = Error.hand_to_other_handler(
  File "/home/airflow/.local/lib/python3.8/site-packages/snowflake/connector/errors.py", line 345, in hand_to_other_handler
    cursor.errorhandler(connection, cursor, error_class, error_value)
  File "/home/airflow/.local/lib/python3.8/site-packages/snowflake/connector/errors.py", line 221, in default_errorhandler
    raise error_class(
snowflake.connector.errors.ProgrammingError: 100080 (22000): 01c2f176-0308-0bca-001b-e5430033d876: Number of columns in file (6) does not match that of the corresponding table (7), use file format option error_on_column_count_mismatch=false to ignore this error
  File 'SanJose_2026-03-10.csv.gz', line 3, character 1
  Row 1 starts at line 2, column "WEATHER_DATA"["PRECIPITATION":6]
  If you would like to continue loading when an error is encountered, use other values such as 'SKIP_FILE' or 'CONTINUE' for the ON_ERROR option. For more information on loading options, please run 'info loading_data' in a SQL client.
[2026-03-10T22:14:17.587+0000] {taskinstance.py:1138} INFO - Marking task as FAILED. dag_id=weather_ETL_incremental, task_id=load, execution_date=20260310T221342, start_date=20260310T221412, end_date=20260310T221417
[2026-03-10T22:14:17.600+0000] {standard_task_runner.py:107} ERROR - Failed to execute job 147 for task load (100080 (22000): 01c2f176-0308-0bca-001b-e5430033d876: Number of columns in file (6) does not match that of the corresponding table (7), use file format option error_on_column_count_mismatch=false to ignore this error
  File 'SanJose_2026-03-10.csv.gz', line 3, character 1
  Row 1 starts at line 2, column "WEATHER_DATA"["PRECIPITATION":6]
  If you would like to continue loading when an error is encountered, use other values such as 'SKIP_FILE' or 'CONTINUE' for the ON_ERROR option. For more information on loading options, please run 'info loading_data' in a SQL client.; 144)
[2026-03-10T22:14:17.639+0000] {local_task_job_runner.py:234} INFO - Task exited with return code 1
[2026-03-10T22:14:17.654+0000] {taskinstance.py:3280} INFO - 0 downstream tasks scheduled from follow-on schedule check
