[2026-03-10T22:07:59.114+0000] {taskinstance.py:1956} INFO - Dependencies all met for dep_context=non-requeueable deps ti=<TaskInstance: weather_ETL_incremental.load manual__2026-03-10T22:07:53.567796+00:00 [queued]>
[2026-03-10T22:07:59.120+0000] {taskinstance.py:1956} INFO - Dependencies all met for dep_context=requeueable deps ti=<TaskInstance: weather_ETL_incremental.load manual__2026-03-10T22:07:53.567796+00:00 [queued]>
[2026-03-10T22:07:59.120+0000] {taskinstance.py:2170} INFO - Starting attempt 1 of 1
[2026-03-10T22:07:59.127+0000] {taskinstance.py:2191} INFO - Executing <Task(_PythonDecoratedOperator): load> on 2026-03-10 22:07:53.567796+00:00
[2026-03-10T22:07:59.131+0000] {standard_task_runner.py:60} INFO - Started process 84 to run task
[2026-03-10T22:07:59.133+0000] {standard_task_runner.py:87} INFO - Running: ['***', 'tasks', 'run', 'weather_ETL_incremental', 'load', 'manual__2026-03-10T22:07:53.567796+00:00', '--job-id', '131', '--raw', '--subdir', 'DAGS_FOLDER/weather_ETL_incremental.py', '--cfg-path', '/tmp/tmp4vmwl2xk']
[2026-03-10T22:07:59.135+0000] {standard_task_runner.py:88} INFO - Job 131: Subtask load
[2026-03-10T22:07:59.163+0000] {task_command.py:423} INFO - Running <TaskInstance: weather_ETL_incremental.load manual__2026-03-10T22:07:53.567796+00:00 [running]> on host e2cac078df6c
[2026-03-10T22:07:59.212+0000] {taskinstance.py:2480} INFO - Exporting env vars: AIRFLOW_CTX_DAG_OWNER='***' AIRFLOW_CTX_DAG_ID='weather_ETL_incremental' AIRFLOW_CTX_TASK_ID='load' AIRFLOW_CTX_EXECUTION_DATE='2026-03-10T22:07:53.567796+00:00' AIRFLOW_CTX_TRY_NUMBER='1' AIRFLOW_CTX_DAG_RUN_ID='manual__2026-03-10T22:07:53.567796+00:00'
[2026-03-10T22:07:59.213+0000] {logging_mixin.py:188} INFO - ========= Updating 2026-03-10's data ===========
[2026-03-10T22:07:59.223+0000] {taskinstance.py:2698} ERROR - Task failed with exception
Traceback (most recent call last):
  File "/home/airflow/.local/lib/python3.8/site-packages/airflow/models/taskinstance.py", line 433, in _execute_task
    result = execute_callable(context=context, **execute_callable_kwargs)
  File "/home/airflow/.local/lib/python3.8/site-packages/airflow/decorators/base.py", line 241, in execute
    return_value = super().execute(context)
  File "/home/airflow/.local/lib/python3.8/site-packages/airflow/operators/python.py", line 199, in execute
    return_value = self.execute_callable()
  File "/home/airflow/.local/lib/python3.8/site-packages/airflow/operators/python.py", line 216, in execute_callable
    return self.python_callable(*self.op_args, **self.op_kwargs)
  File "/opt/airflow/dags/weather_ETL_incremental.py", line 135, in load
    cur = return_snowflake_conn("snowflake_con")
  File "/opt/airflow/dags/weather_ETL_incremental.py", line 39, in return_snowflake_conn
    conn = hook.get_conn()
  File "/home/airflow/.local/lib/python3.8/site-packages/airflow/providers/snowflake/hooks/snowflake.py", line 275, in get_conn
    conn_config = self._get_conn_params()
  File "/home/airflow/.local/lib/python3.8/site-packages/airflow/providers/snowflake/hooks/snowflake.py", line 183, in _get_conn_params
    conn = self.get_connection(self.snowflake_conn_id)  # type: ignore[attr-defined]
  File "/home/airflow/.local/lib/python3.8/site-packages/airflow/hooks/base.py", line 82, in get_connection
    conn = Connection.get_connection_from_secrets(conn_id)
  File "/home/airflow/.local/lib/python3.8/site-packages/airflow/models/connection.py", line 479, in get_connection_from_secrets
    raise AirflowNotFoundException(f"The conn_id `{conn_id}` isn't defined")
airflow.exceptions.AirflowNotFoundException: The conn_id `snowflake_con` isn't defined
[2026-03-10T22:07:59.225+0000] {taskinstance.py:1138} INFO - Marking task as FAILED. dag_id=weather_ETL_incremental, task_id=load, execution_date=20260310T220753, start_date=20260310T220759, end_date=20260310T220759
[2026-03-10T22:07:59.231+0000] {standard_task_runner.py:107} ERROR - Failed to execute job 131 for task load (The conn_id `snowflake_con` isn't defined; 84)
[2026-03-10T22:07:59.276+0000] {local_task_job_runner.py:234} INFO - Task exited with return code 1
[2026-03-10T22:07:59.287+0000] {taskinstance.py:3280} INFO - 0 downstream tasks scheduled from follow-on schedule check
