[2026-04-19T20:12:50.479+0000] {taskinstance.py:1956} INFO - Dependencies all met for dep_context=non-requeueable deps ti=<TaskInstance: dbt_spam_pipeline.dbt_run manual__2026-04-19T07:00:17.400138+00:00 [queued]>
[2026-04-19T20:12:50.485+0000] {taskinstance.py:1956} INFO - Dependencies all met for dep_context=requeueable deps ti=<TaskInstance: dbt_spam_pipeline.dbt_run manual__2026-04-19T07:00:17.400138+00:00 [queued]>
[2026-04-19T20:12:50.485+0000] {taskinstance.py:2170} INFO - Starting attempt 10 of 11
[2026-04-19T20:12:50.493+0000] {taskinstance.py:2191} INFO - Executing <Task(BashOperator): dbt_run> on 2026-04-19 07:00:17.400138+00:00
[2026-04-19T20:12:50.496+0000] {standard_task_runner.py:60} INFO - Started process 525 to run task
[2026-04-19T20:12:50.499+0000] {standard_task_runner.py:87} INFO - Running: ['***', 'tasks', 'run', 'dbt_spam_pipeline', 'dbt_run', 'manual__2026-04-19T07:00:17.400138+00:00', '--job-id', '313', '--raw', '--subdir', 'DAGS_FOLDER/dbt_dag.py', '--cfg-path', '/tmp/tmpbr2cocrh']
[2026-04-19T20:12:50.500+0000] {standard_task_runner.py:88} INFO - Job 313: Subtask dbt_run
[2026-04-19T20:12:50.535+0000] {task_command.py:423} INFO - Running <TaskInstance: dbt_spam_pipeline.dbt_run manual__2026-04-19T07:00:17.400138+00:00 [running]> on host 200fc1c16217
[2026-04-19T20:12:50.580+0000] {taskinstance.py:2480} INFO - Exporting env vars: AIRFLOW_CTX_DAG_OWNER='***' AIRFLOW_CTX_DAG_ID='dbt_spam_pipeline' AIRFLOW_CTX_TASK_ID='dbt_run' AIRFLOW_CTX_EXECUTION_DATE='2026-04-19T07:00:17.400138+00:00' AIRFLOW_CTX_TRY_NUMBER='10' AIRFLOW_CTX_DAG_RUN_ID='manual__2026-04-19T07:00:17.400138+00:00'
[2026-04-19T20:12:50.582+0000] {subprocess.py:63} INFO - Tmp dir root location: /tmp
[2026-04-19T20:12:50.582+0000] {subprocess.py:75} INFO - Running command: ['/usr/bin/bash', '-c', '/usr/local/bin/dbt run --project-dir /opt/***/dags/spam_detection_dbt --profiles-dir /opt/***/dags/dbt_profiles']
[2026-04-19T20:12:50.588+0000] {subprocess.py:86} INFO - Output:
[2026-04-19T20:12:52.446+0000] {subprocess.py:93} INFO - [0m20:12:52  Running with dbt=1.8.7
[2026-04-19T20:12:53.235+0000] {subprocess.py:93} INFO - [0m20:12:53  Registered adapter: snowflake=1.8.4
[2026-04-19T20:12:53.399+0000] {subprocess.py:93} INFO - [0m20:12:53  [[33mWARNING[0m]: Configuration paths exist in your dbt_project.yml file which do not apply to any resources.
[2026-04-19T20:12:53.399+0000] {subprocess.py:93} INFO - There are 1 unused configuration paths:
[2026-04-19T20:12:53.399+0000] {subprocess.py:93} INFO - - models.spam_detection_dbt.example
[2026-04-19T20:12:53.668+0000] {subprocess.py:93} INFO - [0m20:12:53  Found 2 models, 1 snapshot, 1 operation, 5 data tests, 1 source, 454 macros
[2026-04-19T20:12:53.670+0000] {subprocess.py:93} INFO - [0m20:12:53
[2026-04-19T20:12:55.380+0000] {subprocess.py:93} INFO - [0m20:12:55
[2026-04-19T20:12:55.380+0000] {subprocess.py:93} INFO - [0m20:12:55  Running 1 on-run-start hook
[2026-04-19T20:12:55.390+0000] {subprocess.py:93} INFO - [0m20:12:55  1 of 1 START hook: spam_detection_dbt.on-run-start.0 ........................... [RUN]
[2026-04-19T20:12:56.294+0000] {subprocess.py:93} INFO - [0m20:12:56  1 of 1 OK hook: spam_detection_dbt.on-run-start.0 .............................. [[32mSUCCESS 1[0m in 0.90s]
[2026-04-19T20:12:56.294+0000] {subprocess.py:93} INFO - [0m20:12:56
[2026-04-19T20:12:56.418+0000] {subprocess.py:93} INFO - [0m20:12:56  Concurrency: 1 threads (target='dev')
[2026-04-19T20:12:56.419+0000] {subprocess.py:93} INFO - [0m20:12:56
[2026-04-19T20:12:56.426+0000] {subprocess.py:93} INFO - [0m20:12:56  1 of 2 START sql table model PUBLIC.spam_summary ............................... [RUN]
[2026-04-19T20:12:58.534+0000] {subprocess.py:93} INFO - [0m20:12:58  1 of 2 OK created sql table model PUBLIC.spam_summary .......................... [[32mSUCCESS 1[0m in 2.11s]
[2026-04-19T20:12:58.535+0000] {subprocess.py:93} INFO - [0m20:12:58  2 of 2 START sql view model PUBLIC.stg_spam_emails ............................. [RUN]
[2026-04-19T20:12:59.727+0000] {subprocess.py:93} INFO - [0m20:12:59  2 of 2 OK created sql view model PUBLIC.stg_spam_emails ........................ [[32mSUCCESS 1[0m in 1.19s]
[2026-04-19T20:12:59.730+0000] {subprocess.py:93} INFO - [0m20:12:59
[2026-04-19T20:12:59.730+0000] {subprocess.py:93} INFO - [0m20:12:59  Finished running 1 table model, 1 view model, 1 project hook in 0 hours 0 minutes and 6.06 seconds (6.06s).
[2026-04-19T20:12:59.765+0000] {subprocess.py:93} INFO - [0m20:12:59
[2026-04-19T20:12:59.765+0000] {subprocess.py:93} INFO - [0m20:12:59  [32mCompleted successfully[0m
[2026-04-19T20:12:59.765+0000] {subprocess.py:93} INFO - [0m20:12:59
[2026-04-19T20:12:59.766+0000] {subprocess.py:93} INFO - [0m20:12:59  Done. PASS=2 WARN=0 ERROR=0 SKIP=0 TOTAL=2
[2026-04-19T20:13:00.486+0000] {subprocess.py:97} INFO - Command exited with return code 0
[2026-04-19T20:13:00.505+0000] {taskinstance.py:1138} INFO - Marking task as SUCCESS. dag_id=dbt_spam_pipeline, task_id=dbt_run, execution_date=20260419T070017, start_date=20260419T201250, end_date=20260419T201300
[2026-04-19T20:13:00.517+0000] {local_task_job_runner.py:234} INFO - Task exited with return code 0
[2026-04-19T20:13:00.535+0000] {taskinstance.py:3280} INFO - 1 downstream tasks scheduled from follow-on schedule check
