[2026-04-21T06:23:41.170+0000] {taskinstance.py:1956} INFO - Dependencies all met for dep_context=non-requeueable deps ti=<TaskInstance: imdb_sentiment.train_logistic manual__2026-04-21T06:23:38.747708+00:00 [queued]>
[2026-04-21T06:23:41.270+0000] {taskinstance.py:1956} INFO - Dependencies all met for dep_context=requeueable deps ti=<TaskInstance: imdb_sentiment.train_logistic manual__2026-04-21T06:23:38.747708+00:00 [queued]>
[2026-04-21T06:23:41.271+0000] {taskinstance.py:2170} INFO - Starting attempt 1 of 2
[2026-04-21T06:23:41.279+0000] {taskinstance.py:2191} INFO - Executing <Task(_PythonDecoratedOperator): train_logistic> on 2026-04-21 06:23:38.747708+00:00
[2026-04-21T06:23:41.283+0000] {standard_task_runner.py:60} INFO - Started process 880 to run task
[2026-04-21T06:23:41.285+0000] {standard_task_runner.py:87} INFO - Running: ['***', 'tasks', 'run', 'imdb_sentiment', 'train_logistic', 'manual__2026-04-21T06:23:38.747708+00:00', '--job-id', '13', '--raw', '--subdir', 'DAGS_FOLDER/imdb_sentiment.py', '--cfg-path', '/tmp/tmp37k217mh']
[2026-04-21T06:23:41.287+0000] {standard_task_runner.py:88} INFO - Job 13: Subtask train_logistic
[2026-04-21T06:23:41.318+0000] {task_command.py:423} INFO - Running <TaskInstance: imdb_sentiment.train_logistic manual__2026-04-21T06:23:38.747708+00:00 [running]> on host 5b6a09e353a9
[2026-04-21T06:23:41.364+0000] {taskinstance.py:2480} INFO - Exporting env vars: AIRFLOW_CTX_DAG_OWNER='ml-team' AIRFLOW_CTX_DAG_ID='imdb_sentiment' AIRFLOW_CTX_TASK_ID='train_logistic' AIRFLOW_CTX_EXECUTION_DATE='2026-04-21T06:23:38.747708+00:00' AIRFLOW_CTX_TRY_NUMBER='1' AIRFLOW_CTX_DAG_RUN_ID='manual__2026-04-21T06:23:38.747708+00:00'
[2026-04-21T06:23:41.674+0000] {logging_mixin.py:188} WARNING - 2026/04/21 06:23:41 WARNING mlflow.utils.git_utils: Failed to import Git (the Git executable is probably not on your PATH), so Git SHA is not available. Error: Failed to initialize: Bad git executable.
The git executable must be specified in one of the following ways:
    - be included in your $PATH
    - be set via $GIT_PYTHON_GIT_EXECUTABLE
    - explicitly set via git.refresh(<full-path-to-git-executable>)

All git commands will error until this is rectified.

This initial message can be silenced or aggravated in the future by setting the
$GIT_PYTHON_REFRESH environment variable. Use one of the following values:
    - quiet|q|silence|s|silent|none|n|0: for no message or exception
    - warn|w|warning|log|l|1: for a warning message (logging level CRITICAL, displayed by default)
    - error|e|exception|raise|r|2: for a raised exception

Example:
    export GIT_PYTHON_REFRESH=quiet
[2026-04-21T06:23:41.982+0000] {logging_mixin.py:188} WARNING - 2026/04/21 06:23:41 INFO mlflow.tracking._tracking_service.client: 🏃 View run tfidf-logistic at: http://mlflow:5001/#/experiments/1/runs/edc2377d709943728e34fbdd1eca72e6.
[2026-04-21T06:23:41.983+0000] {logging_mixin.py:188} WARNING - 2026/04/21 06:23:41 INFO mlflow.tracking._tracking_service.client: 🧪 View experiment at: http://mlflow:5001/#/experiments/1.
[2026-04-21T06:23:41.991+0000] {taskinstance.py:2698} ERROR - Task failed with exception
Traceback (most recent call last):
  File "/home/airflow/.local/lib/python3.8/site-packages/airflow/models/taskinstance.py", line 433, in _execute_task
    result = execute_callable(context=context, **execute_callable_kwargs)
  File "/home/airflow/.local/lib/python3.8/site-packages/airflow/decorators/base.py", line 241, in execute
    return_value = super().execute(context)
  File "/home/airflow/.local/lib/python3.8/site-packages/airflow/operators/python.py", line 199, in execute
    return_value = self.execute_callable()
  File "/home/airflow/.local/lib/python3.8/site-packages/airflow/operators/python.py", line 216, in execute_callable
    return self.python_callable(*self.op_args, **self.op_kwargs)
  File "/opt/airflow/dags/imdb_sentiment.py", line 131, in train_logistic
    return _run_candidate(
  File "/opt/airflow/dags/imdb_sentiment.py", line 116, in _run_candidate
    mlflow.sklearn.log_model(
TypeError: log_model() got an unexpected keyword argument 'artifact_uri'
[2026-04-21T06:23:41.997+0000] {taskinstance.py:1138} INFO - Marking task as UP_FOR_RETRY. dag_id=imdb_sentiment, task_id=train_logistic, execution_date=20260421T062338, start_date=20260421T062341, end_date=20260421T062341
[2026-04-21T06:23:42.004+0000] {standard_task_runner.py:107} ERROR - Failed to execute job 13 for task train_logistic (log_model() got an unexpected keyword argument 'artifact_uri'; 880)
[2026-04-21T06:23:42.014+0000] {local_task_job_runner.py:234} INFO - Task exited with return code 1
[2026-04-21T06:23:42.030+0000] {taskinstance.py:3280} INFO - 0 downstream tasks scheduled from follow-on schedule check
