[2026-04-26T00:07:55.428+0000] {processor.py:161} INFO - Started process (PID=597) to work on /opt/airflow/dags/build_elt_with_dbt.py
[2026-04-26T00:07:55.430+0000] {processor.py:830} INFO - Processing file /opt/airflow/dags/build_elt_with_dbt.py for tasks to queue
[2026-04-26T00:07:55.436+0000] {logging_mixin.py:188} INFO - [2026-04-26T00:07:55.435+0000] {dagbag.py:538} INFO - Filling up the DagBag from /opt/airflow/dags/build_elt_with_dbt.py
[2026-04-26T00:07:55.474+0000] {logging_mixin.py:188} INFO - [2026-04-26T00:07:55.474+0000] {base.py:83} INFO - Using connection ID 'snowflake_conn' for task execution.
[2026-04-26T00:07:55.488+0000] {processor.py:840} INFO - DAG(s) 'BuildELT_dbt' retrieved from /opt/airflow/dags/build_elt_with_dbt.py
[2026-04-26T00:07:55.523+0000] {logging_mixin.py:188} INFO - [2026-04-26T00:07:55.523+0000] {dag.py:3036} INFO - Sync 1 DAGs
[2026-04-26T00:07:55.547+0000] {logging_mixin.py:188} INFO - [2026-04-26T00:07:55.547+0000] {dag.py:3823} INFO - Setting next_dagrun for BuildELT_dbt to None, run_after=None
[2026-04-26T00:07:55.578+0000] {processor.py:183} INFO - Processing /opt/airflow/dags/build_elt_with_dbt.py took 0.157 seconds
[2026-04-26T00:08:25.812+0000] {processor.py:161} INFO - Started process (PID=604) to work on /opt/airflow/dags/build_elt_with_dbt.py
[2026-04-26T00:08:25.813+0000] {processor.py:830} INFO - Processing file /opt/airflow/dags/build_elt_with_dbt.py for tasks to queue
[2026-04-26T00:08:25.816+0000] {logging_mixin.py:188} INFO - [2026-04-26T00:08:25.816+0000] {dagbag.py:538} INFO - Filling up the DagBag from /opt/airflow/dags/build_elt_with_dbt.py
[2026-04-26T00:08:25.836+0000] {logging_mixin.py:188} INFO - [2026-04-26T00:08:25.836+0000] {base.py:83} INFO - Using connection ID 'snowflake_conn' for task execution.
[2026-04-26T00:08:25.840+0000] {processor.py:840} INFO - DAG(s) 'BuildELT_dbt' retrieved from /opt/airflow/dags/build_elt_with_dbt.py
[2026-04-26T00:08:25.853+0000] {logging_mixin.py:188} INFO - [2026-04-26T00:08:25.853+0000] {dag.py:3036} INFO - Sync 1 DAGs
[2026-04-26T00:08:25.860+0000] {logging_mixin.py:188} INFO - [2026-04-26T00:08:25.860+0000] {dag.py:3823} INFO - Setting next_dagrun for BuildELT_dbt to None, run_after=None
[2026-04-26T00:08:25.879+0000] {processor.py:183} INFO - Processing /opt/airflow/dags/build_elt_with_dbt.py took 0.071 seconds
[2026-04-26T00:59:09.405+0000] {processor.py:161} INFO - Started process (PID=611) to work on /opt/airflow/dags/build_elt_with_dbt.py
[2026-04-26T00:59:09.407+0000] {processor.py:830} INFO - Processing file /opt/airflow/dags/build_elt_with_dbt.py for tasks to queue
[2026-04-26T00:59:09.409+0000] {logging_mixin.py:188} INFO - [2026-04-26T00:59:09.409+0000] {dagbag.py:538} INFO - Filling up the DagBag from /opt/airflow/dags/build_elt_with_dbt.py
[2026-04-26T00:59:09.445+0000] {logging_mixin.py:188} INFO - [2026-04-26T00:59:09.445+0000] {base.py:83} INFO - Using connection ID 'snowflake_conn' for task execution.
[2026-04-26T00:59:09.452+0000] {processor.py:840} INFO - DAG(s) 'BuildELT_dbt' retrieved from /opt/airflow/dags/build_elt_with_dbt.py
[2026-04-26T00:59:09.471+0000] {logging_mixin.py:188} INFO - [2026-04-26T00:59:09.471+0000] {dag.py:3036} INFO - Sync 1 DAGs
[2026-04-26T00:59:09.480+0000] {logging_mixin.py:188} INFO - [2026-04-26T00:59:09.480+0000] {dag.py:3823} INFO - Setting next_dagrun for BuildELT_dbt to None, run_after=None
[2026-04-26T00:59:09.503+0000] {processor.py:183} INFO - Processing /opt/airflow/dags/build_elt_with_dbt.py took 0.103 seconds
[2026-04-26T01:25:50.590+0000] {processor.py:161} INFO - Started process (PID=618) to work on /opt/airflow/dags/build_elt_with_dbt.py
[2026-04-26T01:25:50.591+0000] {processor.py:830} INFO - Processing file /opt/airflow/dags/build_elt_with_dbt.py for tasks to queue
[2026-04-26T01:25:50.593+0000] {logging_mixin.py:188} INFO - [2026-04-26T01:25:50.593+0000] {dagbag.py:538} INFO - Filling up the DagBag from /opt/airflow/dags/build_elt_with_dbt.py
[2026-04-26T01:25:50.619+0000] {logging_mixin.py:188} INFO - [2026-04-26T01:25:50.619+0000] {base.py:83} INFO - Using connection ID 'snowflake_conn' for task execution.
[2026-04-26T01:25:50.626+0000] {processor.py:840} INFO - DAG(s) 'BuildELT_dbt' retrieved from /opt/airflow/dags/build_elt_with_dbt.py
[2026-04-26T01:25:50.643+0000] {logging_mixin.py:188} INFO - [2026-04-26T01:25:50.643+0000] {dag.py:3036} INFO - Sync 1 DAGs
[2026-04-26T01:25:50.651+0000] {logging_mixin.py:188} INFO - [2026-04-26T01:25:50.651+0000] {dag.py:3823} INFO - Setting next_dagrun for BuildELT_dbt to None, run_after=None
[2026-04-26T01:25:50.671+0000] {processor.py:183} INFO - Processing /opt/airflow/dags/build_elt_with_dbt.py took 0.084 seconds
[2026-04-26T01:36:56.267+0000] {processor.py:161} INFO - Started process (PID=625) to work on /opt/airflow/dags/build_elt_with_dbt.py
[2026-04-26T01:36:56.267+0000] {processor.py:830} INFO - Processing file /opt/airflow/dags/build_elt_with_dbt.py for tasks to queue
[2026-04-26T01:36:56.270+0000] {logging_mixin.py:188} INFO - [2026-04-26T01:36:56.269+0000] {dagbag.py:538} INFO - Filling up the DagBag from /opt/airflow/dags/build_elt_with_dbt.py
[2026-04-26T01:36:56.286+0000] {logging_mixin.py:188} INFO - [2026-04-26T01:36:56.286+0000] {base.py:83} INFO - Using connection ID 'snowflake_conn' for task execution.
[2026-04-26T01:36:56.290+0000] {processor.py:840} INFO - DAG(s) 'BuildELT_dbt' retrieved from /opt/airflow/dags/build_elt_with_dbt.py
[2026-04-26T01:36:56.301+0000] {logging_mixin.py:188} INFO - [2026-04-26T01:36:56.301+0000] {dag.py:3036} INFO - Sync 1 DAGs
[2026-04-26T01:36:56.308+0000] {logging_mixin.py:188} INFO - [2026-04-26T01:36:56.308+0000] {dag.py:3823} INFO - Setting next_dagrun for BuildELT_dbt to None, run_after=None
[2026-04-26T01:36:56.323+0000] {processor.py:183} INFO - Processing /opt/airflow/dags/build_elt_with_dbt.py took 0.059 seconds
[2026-04-26T02:10:06.992+0000] {processor.py:161} INFO - Started process (PID=632) to work on /opt/airflow/dags/build_elt_with_dbt.py
[2026-04-26T02:10:06.993+0000] {processor.py:830} INFO - Processing file /opt/airflow/dags/build_elt_with_dbt.py for tasks to queue
[2026-04-26T02:10:06.997+0000] {logging_mixin.py:188} INFO - [2026-04-26T02:10:06.997+0000] {dagbag.py:538} INFO - Filling up the DagBag from /opt/airflow/dags/build_elt_with_dbt.py
[2026-04-26T02:10:07.021+0000] {logging_mixin.py:188} INFO - [2026-04-26T02:10:07.021+0000] {base.py:83} INFO - Using connection ID 'snowflake_conn' for task execution.
[2026-04-26T02:10:07.026+0000] {processor.py:840} INFO - DAG(s) 'BuildELT_dbt' retrieved from /opt/airflow/dags/build_elt_with_dbt.py
[2026-04-26T02:10:07.051+0000] {logging_mixin.py:188} INFO - [2026-04-26T02:10:07.050+0000] {dag.py:3036} INFO - Sync 1 DAGs
[2026-04-26T02:10:07.060+0000] {logging_mixin.py:188} INFO - [2026-04-26T02:10:07.060+0000] {dag.py:3823} INFO - Setting next_dagrun for BuildELT_dbt to None, run_after=None
[2026-04-26T02:10:07.084+0000] {processor.py:183} INFO - Processing /opt/airflow/dags/build_elt_with_dbt.py took 0.095 seconds
[2026-04-26T02:26:58.355+0000] {processor.py:161} INFO - Started process (PID=639) to work on /opt/airflow/dags/build_elt_with_dbt.py
[2026-04-26T02:26:58.356+0000] {processor.py:830} INFO - Processing file /opt/airflow/dags/build_elt_with_dbt.py for tasks to queue
[2026-04-26T02:26:58.358+0000] {logging_mixin.py:188} INFO - [2026-04-26T02:26:58.357+0000] {dagbag.py:538} INFO - Filling up the DagBag from /opt/airflow/dags/build_elt_with_dbt.py
[2026-04-26T02:26:58.373+0000] {logging_mixin.py:188} INFO - [2026-04-26T02:26:58.372+0000] {base.py:83} INFO - Using connection ID 'snowflake_conn' for task execution.
[2026-04-26T02:26:58.377+0000] {processor.py:840} INFO - DAG(s) 'BuildELT_dbt' retrieved from /opt/airflow/dags/build_elt_with_dbt.py
[2026-04-26T02:26:58.390+0000] {logging_mixin.py:188} INFO - [2026-04-26T02:26:58.389+0000] {dag.py:3036} INFO - Sync 1 DAGs
[2026-04-26T02:26:58.399+0000] {logging_mixin.py:188} INFO - [2026-04-26T02:26:58.399+0000] {dag.py:3823} INFO - Setting next_dagrun for BuildELT_dbt to None, run_after=None
[2026-04-26T02:26:58.417+0000] {processor.py:183} INFO - Processing /opt/airflow/dags/build_elt_with_dbt.py took 0.064 seconds
[2026-04-26T02:32:10.943+0000] {processor.py:161} INFO - Started process (PID=646) to work on /opt/airflow/dags/build_elt_with_dbt.py
[2026-04-26T02:32:10.944+0000] {processor.py:830} INFO - Processing file /opt/airflow/dags/build_elt_with_dbt.py for tasks to queue
[2026-04-26T02:32:10.948+0000] {logging_mixin.py:188} INFO - [2026-04-26T02:32:10.947+0000] {dagbag.py:538} INFO - Filling up the DagBag from /opt/airflow/dags/build_elt_with_dbt.py
[2026-04-26T02:32:10.964+0000] {logging_mixin.py:188} INFO - [2026-04-26T02:32:10.964+0000] {base.py:83} INFO - Using connection ID 'snowflake_conn' for task execution.
[2026-04-26T02:32:10.971+0000] {processor.py:840} INFO - DAG(s) 'BuildELT_dbt' retrieved from /opt/airflow/dags/build_elt_with_dbt.py
[2026-04-26T02:32:10.992+0000] {logging_mixin.py:188} INFO - [2026-04-26T02:32:10.991+0000] {dag.py:3036} INFO - Sync 1 DAGs
[2026-04-26T02:32:11.006+0000] {logging_mixin.py:188} INFO - [2026-04-26T02:32:11.006+0000] {dag.py:3823} INFO - Setting next_dagrun for BuildELT_dbt to None, run_after=None
[2026-04-26T02:32:11.032+0000] {processor.py:183} INFO - Processing /opt/airflow/dags/build_elt_with_dbt.py took 0.092 seconds
[2026-04-26T03:03:18.717+0000] {processor.py:161} INFO - Started process (PID=653) to work on /opt/airflow/dags/build_elt_with_dbt.py
[2026-04-26T03:03:18.718+0000] {processor.py:830} INFO - Processing file /opt/airflow/dags/build_elt_with_dbt.py for tasks to queue
[2026-04-26T03:03:18.721+0000] {logging_mixin.py:188} INFO - [2026-04-26T03:03:18.721+0000] {dagbag.py:538} INFO - Filling up the DagBag from /opt/airflow/dags/build_elt_with_dbt.py
[2026-04-26T03:03:18.741+0000] {logging_mixin.py:188} INFO - [2026-04-26T03:03:18.741+0000] {base.py:83} INFO - Using connection ID 'snowflake_conn' for task execution.
[2026-04-26T03:03:18.749+0000] {processor.py:840} INFO - DAG(s) 'BuildELT_dbt' retrieved from /opt/airflow/dags/build_elt_with_dbt.py
[2026-04-26T03:03:18.773+0000] {logging_mixin.py:188} INFO - [2026-04-26T03:03:18.772+0000] {dag.py:3036} INFO - Sync 1 DAGs
[2026-04-26T03:03:18.784+0000] {logging_mixin.py:188} INFO - [2026-04-26T03:03:18.784+0000] {dag.py:3823} INFO - Setting next_dagrun for BuildELT_dbt to None, run_after=None
[2026-04-26T03:03:18.808+0000] {processor.py:183} INFO - Processing /opt/airflow/dags/build_elt_with_dbt.py took 0.093 seconds
[2026-04-26T03:03:49.508+0000] {processor.py:161} INFO - Started process (PID=660) to work on /opt/airflow/dags/build_elt_with_dbt.py
[2026-04-26T03:03:49.509+0000] {processor.py:830} INFO - Processing file /opt/airflow/dags/build_elt_with_dbt.py for tasks to queue
[2026-04-26T03:03:49.511+0000] {logging_mixin.py:188} INFO - [2026-04-26T03:03:49.510+0000] {dagbag.py:538} INFO - Filling up the DagBag from /opt/airflow/dags/build_elt_with_dbt.py
[2026-04-26T03:03:49.530+0000] {logging_mixin.py:188} INFO - [2026-04-26T03:03:49.530+0000] {base.py:83} INFO - Using connection ID 'snowflake_conn' for task execution.
[2026-04-26T03:03:49.540+0000] {processor.py:840} INFO - DAG(s) 'BuildELT_dbt' retrieved from /opt/airflow/dags/build_elt_with_dbt.py
[2026-04-26T03:03:49.555+0000] {logging_mixin.py:188} INFO - [2026-04-26T03:03:49.555+0000] {dag.py:3036} INFO - Sync 1 DAGs
[2026-04-26T03:03:49.563+0000] {logging_mixin.py:188} INFO - [2026-04-26T03:03:49.563+0000] {dag.py:3823} INFO - Setting next_dagrun for BuildELT_dbt to None, run_after=None
[2026-04-26T03:03:49.605+0000] {processor.py:183} INFO - Processing /opt/airflow/dags/build_elt_with_dbt.py took 0.099 seconds
[2026-04-26T03:27:34.248+0000] {processor.py:161} INFO - Started process (PID=667) to work on /opt/airflow/dags/build_elt_with_dbt.py
[2026-04-26T03:27:34.248+0000] {processor.py:830} INFO - Processing file /opt/airflow/dags/build_elt_with_dbt.py for tasks to queue
[2026-04-26T03:27:34.251+0000] {logging_mixin.py:188} INFO - [2026-04-26T03:27:34.251+0000] {dagbag.py:538} INFO - Filling up the DagBag from /opt/airflow/dags/build_elt_with_dbt.py
[2026-04-26T03:27:34.264+0000] {logging_mixin.py:188} INFO - [2026-04-26T03:27:34.264+0000] {base.py:83} INFO - Using connection ID 'snowflake_conn' for task execution.
[2026-04-26T03:27:34.269+0000] {processor.py:840} INFO - DAG(s) 'BuildELT_dbt' retrieved from /opt/airflow/dags/build_elt_with_dbt.py
[2026-04-26T03:27:34.284+0000] {logging_mixin.py:188} INFO - [2026-04-26T03:27:34.284+0000] {dag.py:3036} INFO - Sync 1 DAGs
[2026-04-26T03:27:34.292+0000] {logging_mixin.py:188} INFO - [2026-04-26T03:27:34.292+0000] {dag.py:3823} INFO - Setting next_dagrun for BuildELT_dbt to None, run_after=None
[2026-04-26T03:27:34.311+0000] {processor.py:183} INFO - Processing /opt/airflow/dags/build_elt_with_dbt.py took 0.066 seconds
[2026-04-26T04:16:54.081+0000] {processor.py:161} INFO - Started process (PID=674) to work on /opt/airflow/dags/build_elt_with_dbt.py
[2026-04-26T04:16:54.082+0000] {processor.py:830} INFO - Processing file /opt/airflow/dags/build_elt_with_dbt.py for tasks to queue
[2026-04-26T04:16:54.084+0000] {logging_mixin.py:188} INFO - [2026-04-26T04:16:54.084+0000] {dagbag.py:538} INFO - Filling up the DagBag from /opt/airflow/dags/build_elt_with_dbt.py
[2026-04-26T04:16:54.110+0000] {logging_mixin.py:188} INFO - [2026-04-26T04:16:54.110+0000] {base.py:83} INFO - Using connection ID 'snowflake_conn' for task execution.
[2026-04-26T04:16:54.116+0000] {processor.py:840} INFO - DAG(s) 'BuildELT_dbt' retrieved from /opt/airflow/dags/build_elt_with_dbt.py
[2026-04-26T04:16:54.136+0000] {logging_mixin.py:188} INFO - [2026-04-26T04:16:54.136+0000] {dag.py:3036} INFO - Sync 1 DAGs
[2026-04-26T04:16:54.145+0000] {logging_mixin.py:188} INFO - [2026-04-26T04:16:54.145+0000] {dag.py:3823} INFO - Setting next_dagrun for BuildELT_dbt to None, run_after=None
[2026-04-26T04:16:54.170+0000] {processor.py:183} INFO - Processing /opt/airflow/dags/build_elt_with_dbt.py took 0.091 seconds
[2026-04-26T04:28:58.347+0000] {processor.py:161} INFO - Started process (PID=681) to work on /opt/airflow/dags/build_elt_with_dbt.py
[2026-04-26T04:28:58.348+0000] {processor.py:830} INFO - Processing file /opt/airflow/dags/build_elt_with_dbt.py for tasks to queue
[2026-04-26T04:28:58.350+0000] {logging_mixin.py:188} INFO - [2026-04-26T04:28:58.350+0000] {dagbag.py:538} INFO - Filling up the DagBag from /opt/airflow/dags/build_elt_with_dbt.py
[2026-04-26T04:28:58.367+0000] {logging_mixin.py:188} INFO - [2026-04-26T04:28:58.367+0000] {base.py:83} INFO - Using connection ID 'snowflake_conn' for task execution.
[2026-04-26T04:28:58.372+0000] {processor.py:840} INFO - DAG(s) 'BuildELT_dbt' retrieved from /opt/airflow/dags/build_elt_with_dbt.py
[2026-04-26T04:28:58.388+0000] {logging_mixin.py:188} INFO - [2026-04-26T04:28:58.387+0000] {dag.py:3036} INFO - Sync 1 DAGs
[2026-04-26T04:28:58.396+0000] {logging_mixin.py:188} INFO - [2026-04-26T04:28:58.396+0000] {dag.py:3823} INFO - Setting next_dagrun for BuildELT_dbt to None, run_after=None
[2026-04-26T04:28:58.412+0000] {processor.py:183} INFO - Processing /opt/airflow/dags/build_elt_with_dbt.py took 0.067 seconds
[2026-04-26T04:47:33.215+0000] {processor.py:161} INFO - Started process (PID=688) to work on /opt/airflow/dags/build_elt_with_dbt.py
[2026-04-26T04:47:33.215+0000] {processor.py:830} INFO - Processing file /opt/airflow/dags/build_elt_with_dbt.py for tasks to queue
[2026-04-26T04:47:33.218+0000] {logging_mixin.py:188} INFO - [2026-04-26T04:47:33.217+0000] {dagbag.py:538} INFO - Filling up the DagBag from /opt/airflow/dags/build_elt_with_dbt.py
[2026-04-26T04:47:33.233+0000] {logging_mixin.py:188} INFO - [2026-04-26T04:47:33.232+0000] {base.py:83} INFO - Using connection ID 'snowflake_conn' for task execution.
[2026-04-26T04:47:33.238+0000] {processor.py:840} INFO - DAG(s) 'BuildELT_dbt' retrieved from /opt/airflow/dags/build_elt_with_dbt.py
[2026-04-26T04:47:33.252+0000] {logging_mixin.py:188} INFO - [2026-04-26T04:47:33.252+0000] {dag.py:3036} INFO - Sync 1 DAGs
[2026-04-26T04:47:33.262+0000] {logging_mixin.py:188} INFO - [2026-04-26T04:47:33.262+0000] {dag.py:3823} INFO - Setting next_dagrun for BuildELT_dbt to None, run_after=None
[2026-04-26T04:47:33.280+0000] {processor.py:183} INFO - Processing /opt/airflow/dags/build_elt_with_dbt.py took 0.067 seconds
[2026-04-26T05:05:19.780+0000] {processor.py:161} INFO - Started process (PID=695) to work on /opt/airflow/dags/build_elt_with_dbt.py
[2026-04-26T05:05:19.782+0000] {processor.py:830} INFO - Processing file /opt/airflow/dags/build_elt_with_dbt.py for tasks to queue
[2026-04-26T05:05:19.788+0000] {logging_mixin.py:188} INFO - [2026-04-26T05:05:19.787+0000] {dagbag.py:538} INFO - Filling up the DagBag from /opt/airflow/dags/build_elt_with_dbt.py
[2026-04-26T05:05:19.808+0000] {logging_mixin.py:188} INFO - [2026-04-26T05:05:19.808+0000] {base.py:83} INFO - Using connection ID 'snowflake_conn' for task execution.
[2026-04-26T05:05:19.813+0000] {processor.py:840} INFO - DAG(s) 'BuildELT_dbt' retrieved from /opt/airflow/dags/build_elt_with_dbt.py
[2026-04-26T05:05:19.828+0000] {logging_mixin.py:188} INFO - [2026-04-26T05:05:19.828+0000] {dag.py:3036} INFO - Sync 1 DAGs
[2026-04-26T05:05:19.836+0000] {logging_mixin.py:188} INFO - [2026-04-26T05:05:19.835+0000] {dag.py:3823} INFO - Setting next_dagrun for BuildELT_dbt to None, run_after=None
[2026-04-26T05:05:20.010+0000] {processor.py:183} INFO - Processing /opt/airflow/dags/build_elt_with_dbt.py took 0.233 seconds
[2026-04-26T05:09:07.524+0000] {processor.py:161} INFO - Started process (PID=702) to work on /opt/airflow/dags/build_elt_with_dbt.py
[2026-04-26T05:09:07.525+0000] {processor.py:830} INFO - Processing file /opt/airflow/dags/build_elt_with_dbt.py for tasks to queue
[2026-04-26T05:09:07.529+0000] {logging_mixin.py:188} INFO - [2026-04-26T05:09:07.528+0000] {dagbag.py:538} INFO - Filling up the DagBag from /opt/airflow/dags/build_elt_with_dbt.py
[2026-04-26T05:09:07.547+0000] {logging_mixin.py:188} INFO - [2026-04-26T05:09:07.547+0000] {base.py:83} INFO - Using connection ID 'snowflake_conn' for task execution.
[2026-04-26T05:09:07.553+0000] {processor.py:840} INFO - DAG(s) 'BuildELT_dbt' retrieved from /opt/airflow/dags/build_elt_with_dbt.py
[2026-04-26T05:09:07.567+0000] {logging_mixin.py:188} INFO - [2026-04-26T05:09:07.567+0000] {dag.py:3036} INFO - Sync 1 DAGs
[2026-04-26T05:09:07.574+0000] {logging_mixin.py:188} INFO - [2026-04-26T05:09:07.574+0000] {dag.py:3823} INFO - Setting next_dagrun for BuildELT_dbt to None, run_after=None
[2026-04-26T05:09:07.588+0000] {processor.py:183} INFO - Processing /opt/airflow/dags/build_elt_with_dbt.py took 0.067 seconds
[2026-04-26T05:37:29.870+0000] {processor.py:161} INFO - Started process (PID=709) to work on /opt/airflow/dags/build_elt_with_dbt.py
[2026-04-26T05:37:29.871+0000] {processor.py:830} INFO - Processing file /opt/airflow/dags/build_elt_with_dbt.py for tasks to queue
[2026-04-26T05:37:29.874+0000] {logging_mixin.py:188} INFO - [2026-04-26T05:37:29.874+0000] {dagbag.py:538} INFO - Filling up the DagBag from /opt/airflow/dags/build_elt_with_dbt.py
[2026-04-26T05:37:29.895+0000] {logging_mixin.py:188} INFO - [2026-04-26T05:37:29.895+0000] {base.py:83} INFO - Using connection ID 'snowflake_conn' for task execution.
[2026-04-26T05:37:29.903+0000] {processor.py:840} INFO - DAG(s) 'BuildELT_dbt' retrieved from /opt/airflow/dags/build_elt_with_dbt.py
[2026-04-26T05:37:29.924+0000] {logging_mixin.py:188} INFO - [2026-04-26T05:37:29.924+0000] {dag.py:3036} INFO - Sync 1 DAGs
[2026-04-26T05:37:29.933+0000] {logging_mixin.py:188} INFO - [2026-04-26T05:37:29.933+0000] {dag.py:3823} INFO - Setting next_dagrun for BuildELT_dbt to None, run_after=None
[2026-04-26T05:37:29.950+0000] {processor.py:183} INFO - Processing /opt/airflow/dags/build_elt_with_dbt.py took 0.083 seconds
[2026-04-26T05:38:00.520+0000] {processor.py:161} INFO - Started process (PID=716) to work on /opt/airflow/dags/build_elt_with_dbt.py
[2026-04-26T05:38:00.521+0000] {processor.py:830} INFO - Processing file /opt/airflow/dags/build_elt_with_dbt.py for tasks to queue
[2026-04-26T05:38:00.525+0000] {logging_mixin.py:188} INFO - [2026-04-26T05:38:00.525+0000] {dagbag.py:538} INFO - Filling up the DagBag from /opt/airflow/dags/build_elt_with_dbt.py
[2026-04-26T05:38:00.545+0000] {logging_mixin.py:188} INFO - [2026-04-26T05:38:00.544+0000] {base.py:83} INFO - Using connection ID 'snowflake_conn' for task execution.
[2026-04-26T05:38:00.551+0000] {processor.py:840} INFO - DAG(s) 'BuildELT_dbt' retrieved from /opt/airflow/dags/build_elt_with_dbt.py
[2026-04-26T05:38:00.564+0000] {logging_mixin.py:188} INFO - [2026-04-26T05:38:00.564+0000] {dag.py:3036} INFO - Sync 1 DAGs
[2026-04-26T05:38:00.571+0000] {logging_mixin.py:188} INFO - [2026-04-26T05:38:00.571+0000] {dag.py:3823} INFO - Setting next_dagrun for BuildELT_dbt to None, run_after=None
[2026-04-26T05:38:00.588+0000] {processor.py:183} INFO - Processing /opt/airflow/dags/build_elt_with_dbt.py took 0.072 seconds
[2026-04-26T05:50:01.290+0000] {processor.py:161} INFO - Started process (PID=723) to work on /opt/airflow/dags/build_elt_with_dbt.py
[2026-04-26T05:50:01.291+0000] {processor.py:830} INFO - Processing file /opt/airflow/dags/build_elt_with_dbt.py for tasks to queue
[2026-04-26T05:50:01.292+0000] {logging_mixin.py:188} INFO - [2026-04-26T05:50:01.292+0000] {dagbag.py:538} INFO - Filling up the DagBag from /opt/airflow/dags/build_elt_with_dbt.py
[2026-04-26T05:50:01.311+0000] {logging_mixin.py:188} INFO - [2026-04-26T05:50:01.311+0000] {base.py:83} INFO - Using connection ID 'snowflake_conn' for task execution.
[2026-04-26T05:50:01.316+0000] {processor.py:840} INFO - DAG(s) 'BuildELT_dbt' retrieved from /opt/airflow/dags/build_elt_with_dbt.py
[2026-04-26T05:50:01.335+0000] {logging_mixin.py:188} INFO - [2026-04-26T05:50:01.335+0000] {dag.py:3036} INFO - Sync 1 DAGs
[2026-04-26T05:50:01.343+0000] {logging_mixin.py:188} INFO - [2026-04-26T05:50:01.342+0000] {dag.py:3823} INFO - Setting next_dagrun for BuildELT_dbt to None, run_after=None
[2026-04-26T05:50:01.361+0000] {processor.py:183} INFO - Processing /opt/airflow/dags/build_elt_with_dbt.py took 0.073 seconds
[2026-04-26T05:50:34.523+0000] {processor.py:161} INFO - Started process (PID=730) to work on /opt/airflow/dags/build_elt_with_dbt.py
[2026-04-26T05:50:34.525+0000] {processor.py:830} INFO - Processing file /opt/airflow/dags/build_elt_with_dbt.py for tasks to queue
[2026-04-26T05:50:34.526+0000] {logging_mixin.py:188} INFO - [2026-04-26T05:50:34.526+0000] {dagbag.py:538} INFO - Filling up the DagBag from /opt/airflow/dags/build_elt_with_dbt.py
[2026-04-26T05:50:34.545+0000] {logging_mixin.py:188} INFO - [2026-04-26T05:50:34.545+0000] {base.py:83} INFO - Using connection ID 'snowflake_conn' for task execution.
[2026-04-26T05:50:34.551+0000] {processor.py:840} INFO - DAG(s) 'BuildELT_dbt' retrieved from /opt/airflow/dags/build_elt_with_dbt.py
[2026-04-26T05:50:34.568+0000] {logging_mixin.py:188} INFO - [2026-04-26T05:50:34.568+0000] {dag.py:3036} INFO - Sync 1 DAGs
[2026-04-26T05:50:34.574+0000] {logging_mixin.py:188} INFO - [2026-04-26T05:50:34.574+0000] {dag.py:3823} INFO - Setting next_dagrun for BuildELT_dbt to None, run_after=None
[2026-04-26T05:50:34.592+0000] {processor.py:183} INFO - Processing /opt/airflow/dags/build_elt_with_dbt.py took 0.071 seconds
[2026-04-26T05:52:54.407+0000] {processor.py:161} INFO - Started process (PID=737) to work on /opt/airflow/dags/build_elt_with_dbt.py
[2026-04-26T05:52:54.408+0000] {processor.py:830} INFO - Processing file /opt/airflow/dags/build_elt_with_dbt.py for tasks to queue
[2026-04-26T05:52:54.412+0000] {logging_mixin.py:188} INFO - [2026-04-26T05:52:54.412+0000] {dagbag.py:538} INFO - Filling up the DagBag from /opt/airflow/dags/build_elt_with_dbt.py
[2026-04-26T05:52:54.439+0000] {logging_mixin.py:188} INFO - [2026-04-26T05:52:54.439+0000] {base.py:83} INFO - Using connection ID 'snowflake_conn' for task execution.
[2026-04-26T05:52:54.446+0000] {processor.py:840} INFO - DAG(s) 'BuildELT_dbt' retrieved from /opt/airflow/dags/build_elt_with_dbt.py
[2026-04-26T05:52:54.463+0000] {logging_mixin.py:188} INFO - [2026-04-26T05:52:54.463+0000] {dag.py:3036} INFO - Sync 1 DAGs
[2026-04-26T05:52:54.472+0000] {logging_mixin.py:188} INFO - [2026-04-26T05:52:54.472+0000] {dag.py:3823} INFO - Setting next_dagrun for BuildELT_dbt to None, run_after=None
[2026-04-26T05:52:54.491+0000] {processor.py:183} INFO - Processing /opt/airflow/dags/build_elt_with_dbt.py took 0.088 seconds
[2026-04-26T06:25:24.968+0000] {processor.py:161} INFO - Started process (PID=744) to work on /opt/airflow/dags/build_elt_with_dbt.py
[2026-04-26T06:25:24.969+0000] {processor.py:830} INFO - Processing file /opt/airflow/dags/build_elt_with_dbt.py for tasks to queue
[2026-04-26T06:25:24.970+0000] {logging_mixin.py:188} INFO - [2026-04-26T06:25:24.970+0000] {dagbag.py:538} INFO - Filling up the DagBag from /opt/airflow/dags/build_elt_with_dbt.py
[2026-04-26T06:25:24.987+0000] {logging_mixin.py:188} INFO - [2026-04-26T06:25:24.987+0000] {base.py:83} INFO - Using connection ID 'snowflake_conn' for task execution.
[2026-04-26T06:25:24.992+0000] {processor.py:840} INFO - DAG(s) 'BuildELT_dbt' retrieved from /opt/airflow/dags/build_elt_with_dbt.py
[2026-04-26T06:25:25.005+0000] {logging_mixin.py:188} INFO - [2026-04-26T06:25:25.005+0000] {dag.py:3036} INFO - Sync 1 DAGs
[2026-04-26T06:25:25.014+0000] {logging_mixin.py:188} INFO - [2026-04-26T06:25:25.014+0000] {dag.py:3823} INFO - Setting next_dagrun for BuildELT_dbt to None, run_after=None
[2026-04-26T06:25:25.028+0000] {processor.py:183} INFO - Processing /opt/airflow/dags/build_elt_with_dbt.py took 0.062 seconds
[2026-04-26T06:53:48.616+0000] {processor.py:161} INFO - Started process (PID=751) to work on /opt/airflow/dags/build_elt_with_dbt.py
[2026-04-26T06:53:48.618+0000] {processor.py:830} INFO - Processing file /opt/airflow/dags/build_elt_with_dbt.py for tasks to queue
[2026-04-26T06:53:48.620+0000] {logging_mixin.py:188} INFO - [2026-04-26T06:53:48.620+0000] {dagbag.py:538} INFO - Filling up the DagBag from /opt/airflow/dags/build_elt_with_dbt.py
[2026-04-26T06:53:48.641+0000] {logging_mixin.py:188} INFO - [2026-04-26T06:53:48.641+0000] {base.py:83} INFO - Using connection ID 'snowflake_conn' for task execution.
[2026-04-26T06:53:48.646+0000] {processor.py:840} INFO - DAG(s) 'BuildELT_dbt' retrieved from /opt/airflow/dags/build_elt_with_dbt.py
[2026-04-26T06:53:48.663+0000] {logging_mixin.py:188} INFO - [2026-04-26T06:53:48.663+0000] {dag.py:3036} INFO - Sync 1 DAGs
[2026-04-26T06:53:48.673+0000] {logging_mixin.py:188} INFO - [2026-04-26T06:53:48.673+0000] {dag.py:3823} INFO - Setting next_dagrun for BuildELT_dbt to None, run_after=None
[2026-04-26T06:53:48.694+0000] {processor.py:183} INFO - Processing /opt/airflow/dags/build_elt_with_dbt.py took 0.082 seconds
[2026-04-26T07:07:42.024+0000] {processor.py:161} INFO - Started process (PID=758) to work on /opt/airflow/dags/build_elt_with_dbt.py
[2026-04-26T07:07:42.027+0000] {processor.py:830} INFO - Processing file /opt/airflow/dags/build_elt_with_dbt.py for tasks to queue
[2026-04-26T07:07:42.036+0000] {logging_mixin.py:188} INFO - [2026-04-26T07:07:42.035+0000] {dagbag.py:538} INFO - Filling up the DagBag from /opt/airflow/dags/build_elt_with_dbt.py
[2026-04-26T07:07:42.188+0000] {logging_mixin.py:188} INFO - [2026-04-26T07:07:42.187+0000] {base.py:83} INFO - Using connection ID 'snowflake_conn' for task execution.
[2026-04-26T07:07:42.354+0000] {processor.py:840} INFO - DAG(s) 'BuildELT_dbt' retrieved from /opt/airflow/dags/build_elt_with_dbt.py
[2026-04-26T07:07:42.496+0000] {logging_mixin.py:188} INFO - [2026-04-26T07:07:42.496+0000] {dag.py:3036} INFO - Sync 1 DAGs
[2026-04-26T07:07:42.547+0000] {logging_mixin.py:188} INFO - [2026-04-26T07:07:42.546+0000] {dag.py:3823} INFO - Setting next_dagrun for BuildELT_dbt to None, run_after=None
[2026-04-26T07:07:42.657+0000] {processor.py:183} INFO - Processing /opt/airflow/dags/build_elt_with_dbt.py took 0.639 seconds
[2026-04-26T07:08:13.537+0000] {processor.py:161} INFO - Started process (PID=765) to work on /opt/airflow/dags/build_elt_with_dbt.py
[2026-04-26T07:08:13.539+0000] {processor.py:830} INFO - Processing file /opt/airflow/dags/build_elt_with_dbt.py for tasks to queue
[2026-04-26T07:08:13.540+0000] {logging_mixin.py:188} INFO - [2026-04-26T07:08:13.540+0000] {dagbag.py:538} INFO - Filling up the DagBag from /opt/airflow/dags/build_elt_with_dbt.py
[2026-04-26T07:08:13.558+0000] {logging_mixin.py:188} INFO - [2026-04-26T07:08:13.557+0000] {base.py:83} INFO - Using connection ID 'snowflake_conn' for task execution.
[2026-04-26T07:08:13.562+0000] {processor.py:840} INFO - DAG(s) 'BuildELT_dbt' retrieved from /opt/airflow/dags/build_elt_with_dbt.py
[2026-04-26T07:08:13.575+0000] {logging_mixin.py:188} INFO - [2026-04-26T07:08:13.574+0000] {dag.py:3036} INFO - Sync 1 DAGs
[2026-04-26T07:08:13.582+0000] {logging_mixin.py:188} INFO - [2026-04-26T07:08:13.582+0000] {dag.py:3823} INFO - Setting next_dagrun for BuildELT_dbt to None, run_after=None
[2026-04-26T07:08:13.599+0000] {processor.py:183} INFO - Processing /opt/airflow/dags/build_elt_with_dbt.py took 0.069 seconds
[2026-04-26T07:10:13.600+0000] {processor.py:161} INFO - Started process (PID=772) to work on /opt/airflow/dags/build_elt_with_dbt.py
[2026-04-26T07:10:13.601+0000] {processor.py:830} INFO - Processing file /opt/airflow/dags/build_elt_with_dbt.py for tasks to queue
[2026-04-26T07:10:13.604+0000] {logging_mixin.py:188} INFO - [2026-04-26T07:10:13.603+0000] {dagbag.py:538} INFO - Filling up the DagBag from /opt/airflow/dags/build_elt_with_dbt.py
[2026-04-26T07:10:13.619+0000] {logging_mixin.py:188} INFO - [2026-04-26T07:10:13.619+0000] {base.py:83} INFO - Using connection ID 'snowflake_conn' for task execution.
[2026-04-26T07:10:13.627+0000] {processor.py:840} INFO - DAG(s) 'BuildELT_dbt' retrieved from /opt/airflow/dags/build_elt_with_dbt.py
[2026-04-26T07:10:13.639+0000] {logging_mixin.py:188} INFO - [2026-04-26T07:10:13.638+0000] {dag.py:3036} INFO - Sync 1 DAGs
[2026-04-26T07:10:13.651+0000] {logging_mixin.py:188} INFO - [2026-04-26T07:10:13.651+0000] {dag.py:3823} INFO - Setting next_dagrun for BuildELT_dbt to None, run_after=None
[2026-04-26T07:10:13.665+0000] {processor.py:183} INFO - Processing /opt/airflow/dags/build_elt_with_dbt.py took 0.067 seconds
[2026-04-26T08:48:54.537+0000] {processor.py:161} INFO - Started process (PID=779) to work on /opt/airflow/dags/build_elt_with_dbt.py
[2026-04-26T08:48:54.539+0000] {processor.py:830} INFO - Processing file /opt/airflow/dags/build_elt_with_dbt.py for tasks to queue
[2026-04-26T08:48:54.541+0000] {logging_mixin.py:188} INFO - [2026-04-26T08:48:54.541+0000] {dagbag.py:538} INFO - Filling up the DagBag from /opt/airflow/dags/build_elt_with_dbt.py
[2026-04-26T08:48:54.565+0000] {logging_mixin.py:188} INFO - [2026-04-26T08:48:54.564+0000] {base.py:83} INFO - Using connection ID 'snowflake_conn' for task execution.
[2026-04-26T08:48:54.571+0000] {processor.py:840} INFO - DAG(s) 'BuildELT_dbt' retrieved from /opt/airflow/dags/build_elt_with_dbt.py
[2026-04-26T08:48:54.585+0000] {logging_mixin.py:188} INFO - [2026-04-26T08:48:54.585+0000] {dag.py:3036} INFO - Sync 1 DAGs
[2026-04-26T08:48:54.594+0000] {logging_mixin.py:188} INFO - [2026-04-26T08:48:54.594+0000] {dag.py:3823} INFO - Setting next_dagrun for BuildELT_dbt to None, run_after=None
[2026-04-26T08:48:54.616+0000] {processor.py:183} INFO - Processing /opt/airflow/dags/build_elt_with_dbt.py took 0.081 seconds
[2026-04-26T10:11:22.285+0000] {processor.py:161} INFO - Started process (PID=786) to work on /opt/airflow/dags/build_elt_with_dbt.py
[2026-04-26T10:11:22.286+0000] {processor.py:830} INFO - Processing file /opt/airflow/dags/build_elt_with_dbt.py for tasks to queue
[2026-04-26T10:11:22.288+0000] {logging_mixin.py:188} INFO - [2026-04-26T10:11:22.288+0000] {dagbag.py:538} INFO - Filling up the DagBag from /opt/airflow/dags/build_elt_with_dbt.py
[2026-04-26T10:11:22.308+0000] {logging_mixin.py:188} INFO - [2026-04-26T10:11:22.307+0000] {base.py:83} INFO - Using connection ID 'snowflake_conn' for task execution.
[2026-04-26T10:11:22.312+0000] {processor.py:840} INFO - DAG(s) 'BuildELT_dbt' retrieved from /opt/airflow/dags/build_elt_with_dbt.py
[2026-04-26T10:11:22.327+0000] {logging_mixin.py:188} INFO - [2026-04-26T10:11:22.327+0000] {dag.py:3036} INFO - Sync 1 DAGs
[2026-04-26T10:11:22.336+0000] {logging_mixin.py:188} INFO - [2026-04-26T10:11:22.336+0000] {dag.py:3823} INFO - Setting next_dagrun for BuildELT_dbt to None, run_after=None
[2026-04-26T10:11:22.352+0000] {processor.py:183} INFO - Processing /opt/airflow/dags/build_elt_with_dbt.py took 0.070 seconds
[2026-04-26T11:39:45.229+0000] {processor.py:161} INFO - Started process (PID=793) to work on /opt/airflow/dags/build_elt_with_dbt.py
[2026-04-26T11:39:45.230+0000] {processor.py:830} INFO - Processing file /opt/airflow/dags/build_elt_with_dbt.py for tasks to queue
[2026-04-26T11:39:45.234+0000] {logging_mixin.py:188} INFO - [2026-04-26T11:39:45.234+0000] {dagbag.py:538} INFO - Filling up the DagBag from /opt/airflow/dags/build_elt_with_dbt.py
[2026-04-26T11:39:45.250+0000] {logging_mixin.py:188} INFO - [2026-04-26T11:39:45.250+0000] {base.py:83} INFO - Using connection ID 'snowflake_conn' for task execution.
[2026-04-26T11:39:45.256+0000] {processor.py:840} INFO - DAG(s) 'BuildELT_dbt' retrieved from /opt/airflow/dags/build_elt_with_dbt.py
[2026-04-26T11:39:45.274+0000] {logging_mixin.py:188} INFO - [2026-04-26T11:39:45.274+0000] {dag.py:3036} INFO - Sync 1 DAGs
[2026-04-26T11:39:45.289+0000] {logging_mixin.py:188} INFO - [2026-04-26T11:39:45.289+0000] {dag.py:3823} INFO - Setting next_dagrun for BuildELT_dbt to None, run_after=None
[2026-04-26T11:39:45.310+0000] {processor.py:183} INFO - Processing /opt/airflow/dags/build_elt_with_dbt.py took 0.084 seconds
[2026-04-26T12:57:07.526+0000] {processor.py:161} INFO - Started process (PID=800) to work on /opt/airflow/dags/build_elt_with_dbt.py
[2026-04-26T12:57:07.527+0000] {processor.py:830} INFO - Processing file /opt/airflow/dags/build_elt_with_dbt.py for tasks to queue
[2026-04-26T12:57:07.529+0000] {logging_mixin.py:188} INFO - [2026-04-26T12:57:07.529+0000] {dagbag.py:538} INFO - Filling up the DagBag from /opt/airflow/dags/build_elt_with_dbt.py
[2026-04-26T12:57:07.546+0000] {logging_mixin.py:188} INFO - [2026-04-26T12:57:07.546+0000] {base.py:83} INFO - Using connection ID 'snowflake_conn' for task execution.
[2026-04-26T12:57:07.551+0000] {processor.py:840} INFO - DAG(s) 'BuildELT_dbt' retrieved from /opt/airflow/dags/build_elt_with_dbt.py
[2026-04-26T12:57:07.562+0000] {logging_mixin.py:188} INFO - [2026-04-26T12:57:07.562+0000] {dag.py:3036} INFO - Sync 1 DAGs
[2026-04-26T12:57:07.575+0000] {logging_mixin.py:188} INFO - [2026-04-26T12:57:07.574+0000] {dag.py:3823} INFO - Setting next_dagrun for BuildELT_dbt to None, run_after=None
[2026-04-26T12:57:07.588+0000] {processor.py:183} INFO - Processing /opt/airflow/dags/build_elt_with_dbt.py took 0.064 seconds
[2026-04-26T12:57:38.139+0000] {processor.py:161} INFO - Started process (PID=807) to work on /opt/airflow/dags/build_elt_with_dbt.py
[2026-04-26T12:57:38.140+0000] {processor.py:830} INFO - Processing file /opt/airflow/dags/build_elt_with_dbt.py for tasks to queue
[2026-04-26T12:57:38.143+0000] {logging_mixin.py:188} INFO - [2026-04-26T12:57:38.142+0000] {dagbag.py:538} INFO - Filling up the DagBag from /opt/airflow/dags/build_elt_with_dbt.py
[2026-04-26T12:57:38.160+0000] {logging_mixin.py:188} INFO - [2026-04-26T12:57:38.159+0000] {base.py:83} INFO - Using connection ID 'snowflake_conn' for task execution.
[2026-04-26T12:57:38.165+0000] {processor.py:840} INFO - DAG(s) 'BuildELT_dbt' retrieved from /opt/airflow/dags/build_elt_with_dbt.py
[2026-04-26T12:57:38.179+0000] {logging_mixin.py:188} INFO - [2026-04-26T12:57:38.179+0000] {dag.py:3036} INFO - Sync 1 DAGs
[2026-04-26T12:57:38.188+0000] {logging_mixin.py:188} INFO - [2026-04-26T12:57:38.187+0000] {dag.py:3823} INFO - Setting next_dagrun for BuildELT_dbt to None, run_after=None
[2026-04-26T12:57:38.204+0000] {processor.py:183} INFO - Processing /opt/airflow/dags/build_elt_with_dbt.py took 0.069 seconds
[2026-04-26T14:05:22.493+0000] {processor.py:161} INFO - Started process (PID=814) to work on /opt/airflow/dags/build_elt_with_dbt.py
[2026-04-26T14:05:22.494+0000] {processor.py:830} INFO - Processing file /opt/airflow/dags/build_elt_with_dbt.py for tasks to queue
[2026-04-26T14:05:22.496+0000] {logging_mixin.py:188} INFO - [2026-04-26T14:05:22.496+0000] {dagbag.py:538} INFO - Filling up the DagBag from /opt/airflow/dags/build_elt_with_dbt.py
[2026-04-26T14:05:22.512+0000] {logging_mixin.py:188} INFO - [2026-04-26T14:05:22.512+0000] {base.py:83} INFO - Using connection ID 'snowflake_conn' for task execution.
[2026-04-26T14:05:22.519+0000] {processor.py:840} INFO - DAG(s) 'BuildELT_dbt' retrieved from /opt/airflow/dags/build_elt_with_dbt.py
[2026-04-26T14:05:22.534+0000] {logging_mixin.py:188} INFO - [2026-04-26T14:05:22.534+0000] {dag.py:3036} INFO - Sync 1 DAGs
[2026-04-26T14:05:22.543+0000] {logging_mixin.py:188} INFO - [2026-04-26T14:05:22.542+0000] {dag.py:3823} INFO - Setting next_dagrun for BuildELT_dbt to None, run_after=None
[2026-04-26T14:05:22.558+0000] {processor.py:183} INFO - Processing /opt/airflow/dags/build_elt_with_dbt.py took 0.067 seconds
[2026-04-26T14:54:30.031+0000] {processor.py:161} INFO - Started process (PID=821) to work on /opt/airflow/dags/build_elt_with_dbt.py
[2026-04-26T14:54:30.032+0000] {processor.py:830} INFO - Processing file /opt/airflow/dags/build_elt_with_dbt.py for tasks to queue
[2026-04-26T14:54:30.034+0000] {logging_mixin.py:188} INFO - [2026-04-26T14:54:30.034+0000] {dagbag.py:538} INFO - Filling up the DagBag from /opt/airflow/dags/build_elt_with_dbt.py
[2026-04-26T14:54:30.050+0000] {logging_mixin.py:188} INFO - [2026-04-26T14:54:30.050+0000] {base.py:83} INFO - Using connection ID 'snowflake_conn' for task execution.
[2026-04-26T14:54:30.056+0000] {processor.py:840} INFO - DAG(s) 'BuildELT_dbt' retrieved from /opt/airflow/dags/build_elt_with_dbt.py
[2026-04-26T14:54:30.073+0000] {logging_mixin.py:188} INFO - [2026-04-26T14:54:30.072+0000] {dag.py:3036} INFO - Sync 1 DAGs
[2026-04-26T14:54:30.079+0000] {logging_mixin.py:188} INFO - [2026-04-26T14:54:30.079+0000] {dag.py:3823} INFO - Setting next_dagrun for BuildELT_dbt to None, run_after=None
[2026-04-26T14:54:30.092+0000] {processor.py:183} INFO - Processing /opt/airflow/dags/build_elt_with_dbt.py took 0.063 seconds
[2026-04-26T16:01:23.758+0000] {processor.py:161} INFO - Started process (PID=828) to work on /opt/airflow/dags/build_elt_with_dbt.py
[2026-04-26T16:01:23.758+0000] {processor.py:830} INFO - Processing file /opt/airflow/dags/build_elt_with_dbt.py for tasks to queue
[2026-04-26T16:01:23.761+0000] {logging_mixin.py:188} INFO - [2026-04-26T16:01:23.761+0000] {dagbag.py:538} INFO - Filling up the DagBag from /opt/airflow/dags/build_elt_with_dbt.py
[2026-04-26T16:01:23.776+0000] {logging_mixin.py:188} INFO - [2026-04-26T16:01:23.775+0000] {base.py:83} INFO - Using connection ID 'snowflake_conn' for task execution.
[2026-04-26T16:01:23.780+0000] {processor.py:840} INFO - DAG(s) 'BuildELT_dbt' retrieved from /opt/airflow/dags/build_elt_with_dbt.py
[2026-04-26T16:01:23.795+0000] {logging_mixin.py:188} INFO - [2026-04-26T16:01:23.795+0000] {dag.py:3036} INFO - Sync 1 DAGs
[2026-04-26T16:01:23.804+0000] {logging_mixin.py:188} INFO - [2026-04-26T16:01:23.804+0000] {dag.py:3823} INFO - Setting next_dagrun for BuildELT_dbt to None, run_after=None
[2026-04-26T16:01:23.818+0000] {processor.py:183} INFO - Processing /opt/airflow/dags/build_elt_with_dbt.py took 0.063 seconds
[2026-04-26T16:38:00.783+0000] {processor.py:161} INFO - Started process (PID=835) to work on /opt/airflow/dags/build_elt_with_dbt.py
[2026-04-26T16:38:00.785+0000] {processor.py:830} INFO - Processing file /opt/airflow/dags/build_elt_with_dbt.py for tasks to queue
[2026-04-26T16:38:00.788+0000] {logging_mixin.py:188} INFO - [2026-04-26T16:38:00.788+0000] {dagbag.py:538} INFO - Filling up the DagBag from /opt/airflow/dags/build_elt_with_dbt.py
[2026-04-26T16:38:00.808+0000] {logging_mixin.py:188} INFO - [2026-04-26T16:38:00.808+0000] {base.py:83} INFO - Using connection ID 'snowflake_conn' for task execution.
[2026-04-26T16:38:00.816+0000] {processor.py:840} INFO - DAG(s) 'BuildELT_dbt' retrieved from /opt/airflow/dags/build_elt_with_dbt.py
[2026-04-26T16:38:00.839+0000] {logging_mixin.py:188} INFO - [2026-04-26T16:38:00.839+0000] {dag.py:3036} INFO - Sync 1 DAGs
[2026-04-26T16:38:00.850+0000] {logging_mixin.py:188} INFO - [2026-04-26T16:38:00.850+0000] {dag.py:3823} INFO - Setting next_dagrun for BuildELT_dbt to None, run_after=None
[2026-04-26T16:38:00.877+0000] {processor.py:183} INFO - Processing /opt/airflow/dags/build_elt_with_dbt.py took 0.099 seconds
[2026-04-26T16:38:31.487+0000] {processor.py:161} INFO - Started process (PID=842) to work on /opt/airflow/dags/build_elt_with_dbt.py
[2026-04-26T16:38:31.489+0000] {processor.py:830} INFO - Processing file /opt/airflow/dags/build_elt_with_dbt.py for tasks to queue
[2026-04-26T16:38:31.491+0000] {logging_mixin.py:188} INFO - [2026-04-26T16:38:31.490+0000] {dagbag.py:538} INFO - Filling up the DagBag from /opt/airflow/dags/build_elt_with_dbt.py
[2026-04-26T16:38:31.506+0000] {logging_mixin.py:188} INFO - [2026-04-26T16:38:31.506+0000] {base.py:83} INFO - Using connection ID 'snowflake_conn' for task execution.
[2026-04-26T16:38:31.513+0000] {processor.py:840} INFO - DAG(s) 'BuildELT_dbt' retrieved from /opt/airflow/dags/build_elt_with_dbt.py
[2026-04-26T16:38:31.526+0000] {logging_mixin.py:188} INFO - [2026-04-26T16:38:31.525+0000] {dag.py:3036} INFO - Sync 1 DAGs
[2026-04-26T16:38:31.533+0000] {logging_mixin.py:188} INFO - [2026-04-26T16:38:31.533+0000] {dag.py:3823} INFO - Setting next_dagrun for BuildELT_dbt to None, run_after=None
[2026-04-26T16:38:31.552+0000] {processor.py:183} INFO - Processing /opt/airflow/dags/build_elt_with_dbt.py took 0.067 seconds
[2026-04-26T16:44:18.331+0000] {processor.py:161} INFO - Started process (PID=849) to work on /opt/airflow/dags/build_elt_with_dbt.py
[2026-04-26T16:44:18.333+0000] {processor.py:830} INFO - Processing file /opt/airflow/dags/build_elt_with_dbt.py for tasks to queue
[2026-04-26T16:44:18.335+0000] {logging_mixin.py:188} INFO - [2026-04-26T16:44:18.335+0000] {dagbag.py:538} INFO - Filling up the DagBag from /opt/airflow/dags/build_elt_with_dbt.py
[2026-04-26T16:44:18.355+0000] {logging_mixin.py:188} INFO - [2026-04-26T16:44:18.355+0000] {base.py:83} INFO - Using connection ID 'snowflake_conn' for task execution.
[2026-04-26T16:44:18.363+0000] {processor.py:840} INFO - DAG(s) 'BuildELT_dbt' retrieved from /opt/airflow/dags/build_elt_with_dbt.py
[2026-04-26T16:44:18.386+0000] {logging_mixin.py:188} INFO - [2026-04-26T16:44:18.385+0000] {dag.py:3036} INFO - Sync 1 DAGs
[2026-04-26T16:44:18.396+0000] {logging_mixin.py:188} INFO - [2026-04-26T16:44:18.395+0000] {dag.py:3823} INFO - Setting next_dagrun for BuildELT_dbt to None, run_after=None
[2026-04-26T16:44:18.416+0000] {processor.py:183} INFO - Processing /opt/airflow/dags/build_elt_with_dbt.py took 0.098 seconds
[2026-04-26T16:55:26.157+0000] {processor.py:161} INFO - Started process (PID=856) to work on /opt/airflow/dags/build_elt_with_dbt.py
[2026-04-26T16:55:26.157+0000] {processor.py:830} INFO - Processing file /opt/airflow/dags/build_elt_with_dbt.py for tasks to queue
[2026-04-26T16:55:26.160+0000] {logging_mixin.py:188} INFO - [2026-04-26T16:55:26.159+0000] {dagbag.py:538} INFO - Filling up the DagBag from /opt/airflow/dags/build_elt_with_dbt.py
[2026-04-26T16:55:26.176+0000] {logging_mixin.py:188} INFO - [2026-04-26T16:55:26.176+0000] {base.py:83} INFO - Using connection ID 'snowflake_conn' for task execution.
[2026-04-26T16:55:26.181+0000] {processor.py:840} INFO - DAG(s) 'BuildELT_dbt' retrieved from /opt/airflow/dags/build_elt_with_dbt.py
[2026-04-26T16:55:26.196+0000] {logging_mixin.py:188} INFO - [2026-04-26T16:55:26.195+0000] {dag.py:3036} INFO - Sync 1 DAGs
[2026-04-26T16:55:26.208+0000] {logging_mixin.py:188} INFO - [2026-04-26T16:55:26.208+0000] {dag.py:3823} INFO - Setting next_dagrun for BuildELT_dbt to None, run_after=None
[2026-04-26T16:55:26.224+0000] {processor.py:183} INFO - Processing /opt/airflow/dags/build_elt_with_dbt.py took 0.070 seconds
[2026-04-26T16:55:57.603+0000] {processor.py:161} INFO - Started process (PID=863) to work on /opt/airflow/dags/build_elt_with_dbt.py
[2026-04-26T16:55:57.604+0000] {processor.py:830} INFO - Processing file /opt/airflow/dags/build_elt_with_dbt.py for tasks to queue
[2026-04-26T16:55:57.606+0000] {logging_mixin.py:188} INFO - [2026-04-26T16:55:57.606+0000] {dagbag.py:538} INFO - Filling up the DagBag from /opt/airflow/dags/build_elt_with_dbt.py
[2026-04-26T16:55:57.625+0000] {logging_mixin.py:188} INFO - [2026-04-26T16:55:57.624+0000] {base.py:83} INFO - Using connection ID 'snowflake_conn' for task execution.
[2026-04-26T16:55:57.631+0000] {processor.py:840} INFO - DAG(s) 'BuildELT_dbt' retrieved from /opt/airflow/dags/build_elt_with_dbt.py
[2026-04-26T16:55:57.643+0000] {logging_mixin.py:188} INFO - [2026-04-26T16:55:57.642+0000] {dag.py:3036} INFO - Sync 1 DAGs
[2026-04-26T16:55:57.650+0000] {logging_mixin.py:188} INFO - [2026-04-26T16:55:57.650+0000] {dag.py:3823} INFO - Setting next_dagrun for BuildELT_dbt to None, run_after=None
[2026-04-26T16:55:57.666+0000] {processor.py:183} INFO - Processing /opt/airflow/dags/build_elt_with_dbt.py took 0.066 seconds
[2026-04-26T17:09:48.321+0000] {processor.py:161} INFO - Started process (PID=870) to work on /opt/airflow/dags/build_elt_with_dbt.py
[2026-04-26T17:09:48.323+0000] {processor.py:830} INFO - Processing file /opt/airflow/dags/build_elt_with_dbt.py for tasks to queue
[2026-04-26T17:09:48.326+0000] {logging_mixin.py:188} INFO - [2026-04-26T17:09:48.326+0000] {dagbag.py:538} INFO - Filling up the DagBag from /opt/airflow/dags/build_elt_with_dbt.py
[2026-04-26T17:09:48.353+0000] {logging_mixin.py:188} INFO - [2026-04-26T17:09:48.352+0000] {base.py:83} INFO - Using connection ID 'snowflake_conn' for task execution.
[2026-04-26T17:09:48.359+0000] {processor.py:840} INFO - DAG(s) 'BuildELT_dbt' retrieved from /opt/airflow/dags/build_elt_with_dbt.py
[2026-04-26T17:09:48.383+0000] {logging_mixin.py:188} INFO - [2026-04-26T17:09:48.383+0000] {dag.py:3036} INFO - Sync 1 DAGs
[2026-04-26T17:09:48.396+0000] {logging_mixin.py:188} INFO - [2026-04-26T17:09:48.396+0000] {dag.py:3823} INFO - Setting next_dagrun for BuildELT_dbt to None, run_after=None
[2026-04-26T17:09:48.417+0000] {processor.py:183} INFO - Processing /opt/airflow/dags/build_elt_with_dbt.py took 0.099 seconds
[2026-04-26T17:56:19.436+0000] {processor.py:161} INFO - Started process (PID=877) to work on /opt/airflow/dags/build_elt_with_dbt.py
[2026-04-26T17:56:19.437+0000] {processor.py:830} INFO - Processing file /opt/airflow/dags/build_elt_with_dbt.py for tasks to queue
[2026-04-26T17:56:19.439+0000] {logging_mixin.py:188} INFO - [2026-04-26T17:56:19.439+0000] {dagbag.py:538} INFO - Filling up the DagBag from /opt/airflow/dags/build_elt_with_dbt.py
[2026-04-26T17:56:19.454+0000] {logging_mixin.py:188} INFO - [2026-04-26T17:56:19.454+0000] {base.py:83} INFO - Using connection ID 'snowflake_conn' for task execution.
[2026-04-26T17:56:19.462+0000] {processor.py:840} INFO - DAG(s) 'BuildELT_dbt' retrieved from /opt/airflow/dags/build_elt_with_dbt.py
[2026-04-26T17:56:19.476+0000] {logging_mixin.py:188} INFO - [2026-04-26T17:56:19.476+0000] {dag.py:3036} INFO - Sync 1 DAGs
[2026-04-26T17:56:19.484+0000] {logging_mixin.py:188} INFO - [2026-04-26T17:56:19.484+0000] {dag.py:3823} INFO - Setting next_dagrun for BuildELT_dbt to None, run_after=None
[2026-04-26T17:56:19.502+0000] {processor.py:183} INFO - Processing /opt/airflow/dags/build_elt_with_dbt.py took 0.068 seconds
[2026-04-26T17:56:50.309+0000] {processor.py:161} INFO - Started process (PID=884) to work on /opt/airflow/dags/build_elt_with_dbt.py
[2026-04-26T17:56:50.312+0000] {processor.py:830} INFO - Processing file /opt/airflow/dags/build_elt_with_dbt.py for tasks to queue
[2026-04-26T17:56:50.315+0000] {logging_mixin.py:188} INFO - [2026-04-26T17:56:50.315+0000] {dagbag.py:538} INFO - Filling up the DagBag from /opt/airflow/dags/build_elt_with_dbt.py
[2026-04-26T17:56:50.335+0000] {logging_mixin.py:188} INFO - [2026-04-26T17:56:50.334+0000] {base.py:83} INFO - Using connection ID 'snowflake_conn' for task execution.
[2026-04-26T17:56:50.340+0000] {processor.py:840} INFO - DAG(s) 'BuildELT_dbt' retrieved from /opt/airflow/dags/build_elt_with_dbt.py
[2026-04-26T17:56:50.359+0000] {logging_mixin.py:188} INFO - [2026-04-26T17:56:50.358+0000] {dag.py:3036} INFO - Sync 1 DAGs
[2026-04-26T17:56:50.367+0000] {logging_mixin.py:188} INFO - [2026-04-26T17:56:50.367+0000] {dag.py:3823} INFO - Setting next_dagrun for BuildELT_dbt to None, run_after=None
[2026-04-26T17:56:50.381+0000] {processor.py:183} INFO - Processing /opt/airflow/dags/build_elt_with_dbt.py took 0.076 seconds
[2026-04-26T18:13:33.507+0000] {processor.py:161} INFO - Started process (PID=891) to work on /opt/airflow/dags/build_elt_with_dbt.py
[2026-04-26T18:13:33.508+0000] {processor.py:830} INFO - Processing file /opt/airflow/dags/build_elt_with_dbt.py for tasks to queue
[2026-04-26T18:13:33.510+0000] {logging_mixin.py:188} INFO - [2026-04-26T18:13:33.510+0000] {dagbag.py:538} INFO - Filling up the DagBag from /opt/airflow/dags/build_elt_with_dbt.py
[2026-04-26T18:13:33.526+0000] {logging_mixin.py:188} INFO - [2026-04-26T18:13:33.526+0000] {base.py:83} INFO - Using connection ID 'snowflake_conn' for task execution.
[2026-04-26T18:13:33.531+0000] {processor.py:840} INFO - DAG(s) 'BuildELT_dbt' retrieved from /opt/airflow/dags/build_elt_with_dbt.py
[2026-04-26T18:13:33.547+0000] {logging_mixin.py:188} INFO - [2026-04-26T18:13:33.547+0000] {dag.py:3036} INFO - Sync 1 DAGs
[2026-04-26T18:13:33.556+0000] {logging_mixin.py:188} INFO - [2026-04-26T18:13:33.556+0000] {dag.py:3823} INFO - Setting next_dagrun for BuildELT_dbt to None, run_after=None
[2026-04-26T18:13:33.572+0000] {processor.py:183} INFO - Processing /opt/airflow/dags/build_elt_with_dbt.py took 0.067 seconds
[2026-04-26T18:57:21.498+0000] {processor.py:161} INFO - Started process (PID=898) to work on /opt/airflow/dags/build_elt_with_dbt.py
[2026-04-26T18:57:21.502+0000] {processor.py:830} INFO - Processing file /opt/airflow/dags/build_elt_with_dbt.py for tasks to queue
[2026-04-26T18:57:21.509+0000] {logging_mixin.py:188} INFO - [2026-04-26T18:57:21.508+0000] {dagbag.py:538} INFO - Filling up the DagBag from /opt/airflow/dags/build_elt_with_dbt.py
[2026-04-26T18:57:21.564+0000] {logging_mixin.py:188} INFO - [2026-04-26T18:57:21.564+0000] {base.py:83} INFO - Using connection ID 'snowflake_conn' for task execution.
[2026-04-26T18:57:21.590+0000] {processor.py:840} INFO - DAG(s) 'BuildELT_dbt' retrieved from /opt/airflow/dags/build_elt_with_dbt.py
[2026-04-26T18:57:21.654+0000] {logging_mixin.py:188} INFO - [2026-04-26T18:57:21.653+0000] {dag.py:3036} INFO - Sync 1 DAGs
[2026-04-26T18:57:21.693+0000] {logging_mixin.py:188} INFO - [2026-04-26T18:57:21.692+0000] {dag.py:3823} INFO - Setting next_dagrun for BuildELT_dbt to None, run_after=None
[2026-04-26T18:57:21.781+0000] {processor.py:183} INFO - Processing /opt/airflow/dags/build_elt_with_dbt.py took 0.290 seconds
[2026-04-26T18:57:52.762+0000] {processor.py:161} INFO - Started process (PID=905) to work on /opt/airflow/dags/build_elt_with_dbt.py
[2026-04-26T18:57:52.764+0000] {processor.py:830} INFO - Processing file /opt/airflow/dags/build_elt_with_dbt.py for tasks to queue
[2026-04-26T18:57:52.766+0000] {logging_mixin.py:188} INFO - [2026-04-26T18:57:52.766+0000] {dagbag.py:538} INFO - Filling up the DagBag from /opt/airflow/dags/build_elt_with_dbt.py
[2026-04-26T18:57:52.792+0000] {logging_mixin.py:188} INFO - [2026-04-26T18:57:52.792+0000] {base.py:83} INFO - Using connection ID 'snowflake_conn' for task execution.
[2026-04-26T18:57:52.796+0000] {processor.py:840} INFO - DAG(s) 'BuildELT_dbt' retrieved from /opt/airflow/dags/build_elt_with_dbt.py
[2026-04-26T18:57:52.809+0000] {logging_mixin.py:188} INFO - [2026-04-26T18:57:52.808+0000] {dag.py:3036} INFO - Sync 1 DAGs
[2026-04-26T18:57:52.820+0000] {logging_mixin.py:188} INFO - [2026-04-26T18:57:52.820+0000] {dag.py:3823} INFO - Setting next_dagrun for BuildELT_dbt to None, run_after=None
[2026-04-26T18:57:52.838+0000] {processor.py:183} INFO - Processing /opt/airflow/dags/build_elt_with_dbt.py took 0.081 seconds
[2026-04-26T19:12:07.034+0000] {processor.py:161} INFO - Started process (PID=912) to work on /opt/airflow/dags/build_elt_with_dbt.py
[2026-04-26T19:12:07.035+0000] {processor.py:830} INFO - Processing file /opt/airflow/dags/build_elt_with_dbt.py for tasks to queue
[2026-04-26T19:12:07.037+0000] {logging_mixin.py:188} INFO - [2026-04-26T19:12:07.036+0000] {dagbag.py:538} INFO - Filling up the DagBag from /opt/airflow/dags/build_elt_with_dbt.py
[2026-04-26T19:12:07.059+0000] {logging_mixin.py:188} INFO - [2026-04-26T19:12:07.059+0000] {base.py:83} INFO - Using connection ID 'snowflake_conn' for task execution.
[2026-04-26T19:12:07.067+0000] {processor.py:840} INFO - DAG(s) 'BuildELT_dbt' retrieved from /opt/airflow/dags/build_elt_with_dbt.py
[2026-04-26T19:12:07.086+0000] {logging_mixin.py:188} INFO - [2026-04-26T19:12:07.086+0000] {dag.py:3036} INFO - Sync 1 DAGs
[2026-04-26T19:12:07.098+0000] {logging_mixin.py:188} INFO - [2026-04-26T19:12:07.098+0000] {dag.py:3823} INFO - Setting next_dagrun for BuildELT_dbt to None, run_after=None
[2026-04-26T19:12:07.122+0000] {processor.py:183} INFO - Processing /opt/airflow/dags/build_elt_with_dbt.py took 0.091 seconds
[2026-04-26T19:36:12.992+0000] {processor.py:161} INFO - Started process (PID=919) to work on /opt/airflow/dags/build_elt_with_dbt.py
[2026-04-26T19:36:12.993+0000] {processor.py:830} INFO - Processing file /opt/airflow/dags/build_elt_with_dbt.py for tasks to queue
[2026-04-26T19:36:12.995+0000] {logging_mixin.py:188} INFO - [2026-04-26T19:36:12.994+0000] {dagbag.py:538} INFO - Filling up the DagBag from /opt/airflow/dags/build_elt_with_dbt.py
[2026-04-26T19:36:13.012+0000] {logging_mixin.py:188} INFO - [2026-04-26T19:36:13.012+0000] {base.py:83} INFO - Using connection ID 'snowflake_conn' for task execution.
[2026-04-26T19:36:13.016+0000] {processor.py:840} INFO - DAG(s) 'BuildELT_dbt' retrieved from /opt/airflow/dags/build_elt_with_dbt.py
[2026-04-26T19:36:13.027+0000] {logging_mixin.py:188} INFO - [2026-04-26T19:36:13.027+0000] {dag.py:3036} INFO - Sync 1 DAGs
[2026-04-26T19:36:13.035+0000] {logging_mixin.py:188} INFO - [2026-04-26T19:36:13.035+0000] {dag.py:3823} INFO - Setting next_dagrun for BuildELT_dbt to None, run_after=None
[2026-04-26T19:36:13.055+0000] {processor.py:183} INFO - Processing /opt/airflow/dags/build_elt_with_dbt.py took 0.065 seconds
[2026-04-26T19:36:50.666+0000] {processor.py:161} INFO - Started process (PID=926) to work on /opt/airflow/dags/build_elt_with_dbt.py
[2026-04-26T19:36:50.668+0000] {processor.py:830} INFO - Processing file /opt/airflow/dags/build_elt_with_dbt.py for tasks to queue
[2026-04-26T19:36:50.672+0000] {logging_mixin.py:188} INFO - [2026-04-26T19:36:50.671+0000] {dagbag.py:538} INFO - Filling up the DagBag from /opt/airflow/dags/build_elt_with_dbt.py
[2026-04-26T19:36:50.697+0000] {logging_mixin.py:188} INFO - [2026-04-26T19:36:50.696+0000] {base.py:83} INFO - Using connection ID 'snowflake_conn' for task execution.
[2026-04-26T19:36:50.704+0000] {processor.py:840} INFO - DAG(s) 'BuildELT_dbt' retrieved from /opt/airflow/dags/build_elt_with_dbt.py
[2026-04-26T19:36:50.717+0000] {logging_mixin.py:188} INFO - [2026-04-26T19:36:50.717+0000] {dag.py:3036} INFO - Sync 1 DAGs
[2026-04-26T19:36:50.725+0000] {logging_mixin.py:188} INFO - [2026-04-26T19:36:50.725+0000] {dag.py:3823} INFO - Setting next_dagrun for BuildELT_dbt to None, run_after=None
[2026-04-26T19:36:50.742+0000] {processor.py:183} INFO - Processing /opt/airflow/dags/build_elt_with_dbt.py took 0.079 seconds
[2026-04-26T19:54:45.586+0000] {processor.py:161} INFO - Started process (PID=933) to work on /opt/airflow/dags/build_elt_with_dbt.py
[2026-04-26T19:54:45.587+0000] {processor.py:830} INFO - Processing file /opt/airflow/dags/build_elt_with_dbt.py for tasks to queue
[2026-04-26T19:54:45.589+0000] {logging_mixin.py:188} INFO - [2026-04-26T19:54:45.589+0000] {dagbag.py:538} INFO - Filling up the DagBag from /opt/airflow/dags/build_elt_with_dbt.py
[2026-04-26T19:54:45.611+0000] {logging_mixin.py:188} INFO - [2026-04-26T19:54:45.611+0000] {base.py:83} INFO - Using connection ID 'snowflake_conn' for task execution.
[2026-04-26T19:54:45.618+0000] {processor.py:840} INFO - DAG(s) 'BuildELT_dbt' retrieved from /opt/airflow/dags/build_elt_with_dbt.py
[2026-04-26T19:54:45.643+0000] {logging_mixin.py:188} INFO - [2026-04-26T19:54:45.643+0000] {dag.py:3036} INFO - Sync 1 DAGs
[2026-04-26T19:54:45.654+0000] {logging_mixin.py:188} INFO - [2026-04-26T19:54:45.653+0000] {dag.py:3823} INFO - Setting next_dagrun for BuildELT_dbt to None, run_after=None
[2026-04-26T19:54:45.675+0000] {processor.py:183} INFO - Processing /opt/airflow/dags/build_elt_with_dbt.py took 0.092 seconds
[2026-04-26T19:55:16.276+0000] {processor.py:161} INFO - Started process (PID=940) to work on /opt/airflow/dags/build_elt_with_dbt.py
[2026-04-26T19:55:16.278+0000] {processor.py:830} INFO - Processing file /opt/airflow/dags/build_elt_with_dbt.py for tasks to queue
[2026-04-26T19:55:16.279+0000] {logging_mixin.py:188} INFO - [2026-04-26T19:55:16.279+0000] {dagbag.py:538} INFO - Filling up the DagBag from /opt/airflow/dags/build_elt_with_dbt.py
[2026-04-26T19:55:16.294+0000] {logging_mixin.py:188} INFO - [2026-04-26T19:55:16.294+0000] {base.py:83} INFO - Using connection ID 'snowflake_conn' for task execution.
[2026-04-26T19:55:16.299+0000] {processor.py:840} INFO - DAG(s) 'BuildELT_dbt' retrieved from /opt/airflow/dags/build_elt_with_dbt.py
[2026-04-26T19:55:16.314+0000] {logging_mixin.py:188} INFO - [2026-04-26T19:55:16.314+0000] {dag.py:3036} INFO - Sync 1 DAGs
[2026-04-26T19:55:16.325+0000] {logging_mixin.py:188} INFO - [2026-04-26T19:55:16.325+0000] {dag.py:3823} INFO - Setting next_dagrun for BuildELT_dbt to None, run_after=None
[2026-04-26T19:55:16.343+0000] {processor.py:183} INFO - Processing /opt/airflow/dags/build_elt_with_dbt.py took 0.069 seconds
[2026-04-26T19:58:21.427+0000] {processor.py:161} INFO - Started process (PID=947) to work on /opt/airflow/dags/build_elt_with_dbt.py
[2026-04-26T19:58:21.428+0000] {processor.py:830} INFO - Processing file /opt/airflow/dags/build_elt_with_dbt.py for tasks to queue
[2026-04-26T19:58:21.430+0000] {logging_mixin.py:188} INFO - [2026-04-26T19:58:21.430+0000] {dagbag.py:538} INFO - Filling up the DagBag from /opt/airflow/dags/build_elt_with_dbt.py
[2026-04-26T19:58:21.446+0000] {logging_mixin.py:188} INFO - [2026-04-26T19:58:21.446+0000] {base.py:83} INFO - Using connection ID 'snowflake_conn' for task execution.
[2026-04-26T19:58:21.451+0000] {processor.py:840} INFO - DAG(s) 'BuildELT_dbt' retrieved from /opt/airflow/dags/build_elt_with_dbt.py
[2026-04-26T19:58:21.463+0000] {logging_mixin.py:188} INFO - [2026-04-26T19:58:21.463+0000] {dag.py:3036} INFO - Sync 1 DAGs
[2026-04-26T19:58:21.470+0000] {logging_mixin.py:188} INFO - [2026-04-26T19:58:21.470+0000] {dag.py:3823} INFO - Setting next_dagrun for BuildELT_dbt to None, run_after=None
[2026-04-26T19:58:21.489+0000] {processor.py:183} INFO - Processing /opt/airflow/dags/build_elt_with_dbt.py took 0.064 seconds
[2026-04-26T19:58:52.021+0000] {processor.py:161} INFO - Started process (PID=954) to work on /opt/airflow/dags/build_elt_with_dbt.py
[2026-04-26T19:58:52.023+0000] {processor.py:830} INFO - Processing file /opt/airflow/dags/build_elt_with_dbt.py for tasks to queue
[2026-04-26T19:58:52.025+0000] {logging_mixin.py:188} INFO - [2026-04-26T19:58:52.025+0000] {dagbag.py:538} INFO - Filling up the DagBag from /opt/airflow/dags/build_elt_with_dbt.py
[2026-04-26T19:58:52.046+0000] {logging_mixin.py:188} INFO - [2026-04-26T19:58:52.046+0000] {base.py:83} INFO - Using connection ID 'snowflake_conn' for task execution.
[2026-04-26T19:58:52.054+0000] {processor.py:840} INFO - DAG(s) 'BuildELT_dbt' retrieved from /opt/airflow/dags/build_elt_with_dbt.py
[2026-04-26T19:58:52.067+0000] {logging_mixin.py:188} INFO - [2026-04-26T19:58:52.066+0000] {dag.py:3036} INFO - Sync 1 DAGs
[2026-04-26T19:58:52.074+0000] {logging_mixin.py:188} INFO - [2026-04-26T19:58:52.074+0000] {dag.py:3823} INFO - Setting next_dagrun for BuildELT_dbt to None, run_after=None
[2026-04-26T19:58:52.093+0000] {processor.py:183} INFO - Processing /opt/airflow/dags/build_elt_with_dbt.py took 0.075 seconds
[2026-04-26T20:59:29.612+0000] {processor.py:161} INFO - Started process (PID=961) to work on /opt/airflow/dags/build_elt_with_dbt.py
[2026-04-26T20:59:29.615+0000] {processor.py:830} INFO - Processing file /opt/airflow/dags/build_elt_with_dbt.py for tasks to queue
[2026-04-26T20:59:29.621+0000] {logging_mixin.py:188} INFO - [2026-04-26T20:59:29.621+0000] {dagbag.py:538} INFO - Filling up the DagBag from /opt/airflow/dags/build_elt_with_dbt.py
[2026-04-26T20:59:29.652+0000] {logging_mixin.py:188} INFO - [2026-04-26T20:59:29.652+0000] {base.py:83} INFO - Using connection ID 'snowflake_conn' for task execution.
[2026-04-26T20:59:29.663+0000] {processor.py:840} INFO - DAG(s) 'BuildELT_dbt' retrieved from /opt/airflow/dags/build_elt_with_dbt.py
[2026-04-26T20:59:29.683+0000] {logging_mixin.py:188} INFO - [2026-04-26T20:59:29.683+0000] {dag.py:3036} INFO - Sync 1 DAGs
[2026-04-26T20:59:29.699+0000] {logging_mixin.py:188} INFO - [2026-04-26T20:59:29.698+0000] {dag.py:3823} INFO - Setting next_dagrun for BuildELT_dbt to None, run_after=None
[2026-04-26T20:59:29.722+0000] {processor.py:183} INFO - Processing /opt/airflow/dags/build_elt_with_dbt.py took 0.118 seconds
[2026-04-26T21:16:33.519+0000] {processor.py:161} INFO - Started process (PID=968) to work on /opt/airflow/dags/build_elt_with_dbt.py
[2026-04-26T21:16:33.520+0000] {processor.py:830} INFO - Processing file /opt/airflow/dags/build_elt_with_dbt.py for tasks to queue
[2026-04-26T21:16:33.522+0000] {logging_mixin.py:188} INFO - [2026-04-26T21:16:33.522+0000] {dagbag.py:538} INFO - Filling up the DagBag from /opt/airflow/dags/build_elt_with_dbt.py
[2026-04-26T21:16:33.535+0000] {logging_mixin.py:188} INFO - [2026-04-26T21:16:33.535+0000] {base.py:83} INFO - Using connection ID 'snowflake_conn' for task execution.
[2026-04-26T21:16:33.540+0000] {processor.py:840} INFO - DAG(s) 'BuildELT_dbt' retrieved from /opt/airflow/dags/build_elt_with_dbt.py
[2026-04-26T21:16:33.553+0000] {logging_mixin.py:188} INFO - [2026-04-26T21:16:33.553+0000] {dag.py:3036} INFO - Sync 1 DAGs
[2026-04-26T21:16:33.563+0000] {logging_mixin.py:188} INFO - [2026-04-26T21:16:33.563+0000] {dag.py:3823} INFO - Setting next_dagrun for BuildELT_dbt to None, run_after=None
[2026-04-26T21:16:33.577+0000] {processor.py:183} INFO - Processing /opt/airflow/dags/build_elt_with_dbt.py took 0.061 seconds
[2026-04-26T21:55:51.615+0000] {processor.py:161} INFO - Started process (PID=975) to work on /opt/airflow/dags/build_elt_with_dbt.py
[2026-04-26T21:55:51.616+0000] {processor.py:830} INFO - Processing file /opt/airflow/dags/build_elt_with_dbt.py for tasks to queue
[2026-04-26T21:55:51.618+0000] {logging_mixin.py:188} INFO - [2026-04-26T21:55:51.618+0000] {dagbag.py:538} INFO - Filling up the DagBag from /opt/airflow/dags/build_elt_with_dbt.py
[2026-04-26T21:55:51.636+0000] {logging_mixin.py:188} INFO - [2026-04-26T21:55:51.636+0000] {base.py:83} INFO - Using connection ID 'snowflake_conn' for task execution.
[2026-04-26T21:55:51.641+0000] {processor.py:840} INFO - DAG(s) 'BuildELT_dbt' retrieved from /opt/airflow/dags/build_elt_with_dbt.py
[2026-04-26T21:55:51.656+0000] {logging_mixin.py:188} INFO - [2026-04-26T21:55:51.656+0000] {dag.py:3036} INFO - Sync 1 DAGs
[2026-04-26T21:55:51.666+0000] {logging_mixin.py:188} INFO - [2026-04-26T21:55:51.665+0000] {dag.py:3823} INFO - Setting next_dagrun for BuildELT_dbt to None, run_after=None
[2026-04-26T21:55:51.688+0000] {processor.py:183} INFO - Processing /opt/airflow/dags/build_elt_with_dbt.py took 0.076 seconds
[2026-04-26T22:00:17.858+0000] {processor.py:161} INFO - Started process (PID=982) to work on /opt/airflow/dags/build_elt_with_dbt.py
[2026-04-26T22:00:17.859+0000] {processor.py:830} INFO - Processing file /opt/airflow/dags/build_elt_with_dbt.py for tasks to queue
[2026-04-26T22:00:17.861+0000] {logging_mixin.py:188} INFO - [2026-04-26T22:00:17.860+0000] {dagbag.py:538} INFO - Filling up the DagBag from /opt/airflow/dags/build_elt_with_dbt.py
[2026-04-26T22:00:17.877+0000] {logging_mixin.py:188} INFO - [2026-04-26T22:00:17.877+0000] {base.py:83} INFO - Using connection ID 'snowflake_conn' for task execution.
[2026-04-26T22:00:17.884+0000] {processor.py:840} INFO - DAG(s) 'BuildELT_dbt' retrieved from /opt/airflow/dags/build_elt_with_dbt.py
[2026-04-26T22:00:17.896+0000] {logging_mixin.py:188} INFO - [2026-04-26T22:00:17.896+0000] {dag.py:3036} INFO - Sync 1 DAGs
[2026-04-26T22:00:17.903+0000] {logging_mixin.py:188} INFO - [2026-04-26T22:00:17.903+0000] {dag.py:3823} INFO - Setting next_dagrun for BuildELT_dbt to None, run_after=None
[2026-04-26T22:00:17.923+0000] {processor.py:183} INFO - Processing /opt/airflow/dags/build_elt_with_dbt.py took 0.068 seconds
[2026-04-26T22:08:47.036+0000] {processor.py:161} INFO - Started process (PID=989) to work on /opt/airflow/dags/build_elt_with_dbt.py
[2026-04-26T22:08:47.037+0000] {processor.py:830} INFO - Processing file /opt/airflow/dags/build_elt_with_dbt.py for tasks to queue
[2026-04-26T22:08:47.039+0000] {logging_mixin.py:188} INFO - [2026-04-26T22:08:47.039+0000] {dagbag.py:538} INFO - Filling up the DagBag from /opt/airflow/dags/build_elt_with_dbt.py
[2026-04-26T22:08:47.055+0000] {logging_mixin.py:188} INFO - [2026-04-26T22:08:47.055+0000] {base.py:83} INFO - Using connection ID 'snowflake_conn' for task execution.
[2026-04-26T22:08:47.060+0000] {processor.py:840} INFO - DAG(s) 'BuildELT_dbt' retrieved from /opt/airflow/dags/build_elt_with_dbt.py
[2026-04-26T22:08:47.072+0000] {logging_mixin.py:188} INFO - [2026-04-26T22:08:47.072+0000] {dag.py:3036} INFO - Sync 1 DAGs
[2026-04-26T22:08:47.080+0000] {logging_mixin.py:188} INFO - [2026-04-26T22:08:47.080+0000] {dag.py:3823} INFO - Setting next_dagrun for BuildELT_dbt to None, run_after=None
[2026-04-26T22:08:47.095+0000] {processor.py:183} INFO - Processing /opt/airflow/dags/build_elt_with_dbt.py took 0.061 seconds
[2026-04-26T22:27:21.581+0000] {processor.py:161} INFO - Started process (PID=996) to work on /opt/airflow/dags/build_elt_with_dbt.py
[2026-04-26T22:27:21.582+0000] {processor.py:830} INFO - Processing file /opt/airflow/dags/build_elt_with_dbt.py for tasks to queue
[2026-04-26T22:27:21.585+0000] {logging_mixin.py:188} INFO - [2026-04-26T22:27:21.584+0000] {dagbag.py:538} INFO - Filling up the DagBag from /opt/airflow/dags/build_elt_with_dbt.py
[2026-04-26T22:27:21.616+0000] {logging_mixin.py:188} INFO - [2026-04-26T22:27:21.616+0000] {base.py:83} INFO - Using connection ID 'snowflake_conn' for task execution.
[2026-04-26T22:27:21.623+0000] {processor.py:840} INFO - DAG(s) 'BuildELT_dbt' retrieved from /opt/airflow/dags/build_elt_with_dbt.py
[2026-04-26T22:27:21.641+0000] {logging_mixin.py:188} INFO - [2026-04-26T22:27:21.640+0000] {dag.py:3036} INFO - Sync 1 DAGs
[2026-04-26T22:27:21.655+0000] {logging_mixin.py:188} INFO - [2026-04-26T22:27:21.654+0000] {dag.py:3823} INFO - Setting next_dagrun for BuildELT_dbt to None, run_after=None
[2026-04-26T22:27:21.704+0000] {processor.py:183} INFO - Processing /opt/airflow/dags/build_elt_with_dbt.py took 0.127 seconds
[2026-04-26T22:27:52.324+0000] {processor.py:161} INFO - Started process (PID=1003) to work on /opt/airflow/dags/build_elt_with_dbt.py
[2026-04-26T22:27:52.326+0000] {processor.py:830} INFO - Processing file /opt/airflow/dags/build_elt_with_dbt.py for tasks to queue
[2026-04-26T22:27:52.328+0000] {logging_mixin.py:188} INFO - [2026-04-26T22:27:52.328+0000] {dagbag.py:538} INFO - Filling up the DagBag from /opt/airflow/dags/build_elt_with_dbt.py
[2026-04-26T22:27:52.352+0000] {logging_mixin.py:188} INFO - [2026-04-26T22:27:52.352+0000] {base.py:83} INFO - Using connection ID 'snowflake_conn' for task execution.
[2026-04-26T22:27:52.358+0000] {processor.py:840} INFO - DAG(s) 'BuildELT_dbt' retrieved from /opt/airflow/dags/build_elt_with_dbt.py
[2026-04-26T22:27:52.373+0000] {logging_mixin.py:188} INFO - [2026-04-26T22:27:52.373+0000] {dag.py:3036} INFO - Sync 1 DAGs
[2026-04-26T22:27:52.381+0000] {logging_mixin.py:188} INFO - [2026-04-26T22:27:52.381+0000] {dag.py:3823} INFO - Setting next_dagrun for BuildELT_dbt to None, run_after=None
[2026-04-26T22:27:52.404+0000] {processor.py:183} INFO - Processing /opt/airflow/dags/build_elt_with_dbt.py took 0.083 seconds
[2026-04-26T22:28:22.932+0000] {processor.py:161} INFO - Started process (PID=1010) to work on /opt/airflow/dags/build_elt_with_dbt.py
[2026-04-26T22:28:22.934+0000] {processor.py:830} INFO - Processing file /opt/airflow/dags/build_elt_with_dbt.py for tasks to queue
[2026-04-26T22:28:22.935+0000] {logging_mixin.py:188} INFO - [2026-04-26T22:28:22.935+0000] {dagbag.py:538} INFO - Filling up the DagBag from /opt/airflow/dags/build_elt_with_dbt.py
[2026-04-26T22:28:22.953+0000] {logging_mixin.py:188} INFO - [2026-04-26T22:28:22.953+0000] {base.py:83} INFO - Using connection ID 'snowflake_conn' for task execution.
[2026-04-26T22:28:22.957+0000] {processor.py:840} INFO - DAG(s) 'BuildELT_dbt' retrieved from /opt/airflow/dags/build_elt_with_dbt.py
[2026-04-26T22:28:22.972+0000] {logging_mixin.py:188} INFO - [2026-04-26T22:28:22.971+0000] {dag.py:3036} INFO - Sync 1 DAGs
[2026-04-26T22:28:22.979+0000] {logging_mixin.py:188} INFO - [2026-04-26T22:28:22.978+0000] {dag.py:3823} INFO - Setting next_dagrun for BuildELT_dbt to None, run_after=None
[2026-04-26T22:28:22.996+0000] {processor.py:183} INFO - Processing /opt/airflow/dags/build_elt_with_dbt.py took 0.066 seconds
[2026-04-26T22:28:53.502+0000] {processor.py:161} INFO - Started process (PID=1017) to work on /opt/airflow/dags/build_elt_with_dbt.py
[2026-04-26T22:28:53.503+0000] {processor.py:830} INFO - Processing file /opt/airflow/dags/build_elt_with_dbt.py for tasks to queue
[2026-04-26T22:28:53.506+0000] {logging_mixin.py:188} INFO - [2026-04-26T22:28:53.505+0000] {dagbag.py:538} INFO - Filling up the DagBag from /opt/airflow/dags/build_elt_with_dbt.py
[2026-04-26T22:28:53.524+0000] {logging_mixin.py:188} INFO - [2026-04-26T22:28:53.524+0000] {base.py:83} INFO - Using connection ID 'snowflake_conn' for task execution.
[2026-04-26T22:28:53.528+0000] {processor.py:840} INFO - DAG(s) 'BuildELT_dbt' retrieved from /opt/airflow/dags/build_elt_with_dbt.py
[2026-04-26T22:28:53.543+0000] {logging_mixin.py:188} INFO - [2026-04-26T22:28:53.543+0000] {dag.py:3036} INFO - Sync 1 DAGs
[2026-04-26T22:28:53.553+0000] {logging_mixin.py:188} INFO - [2026-04-26T22:28:53.553+0000] {dag.py:3823} INFO - Setting next_dagrun for BuildELT_dbt to None, run_after=None
[2026-04-26T22:28:53.577+0000] {processor.py:183} INFO - Processing /opt/airflow/dags/build_elt_with_dbt.py took 0.078 seconds
[2026-04-26T22:29:24.103+0000] {processor.py:161} INFO - Started process (PID=1024) to work on /opt/airflow/dags/build_elt_with_dbt.py
[2026-04-26T22:29:24.105+0000] {processor.py:830} INFO - Processing file /opt/airflow/dags/build_elt_with_dbt.py for tasks to queue
[2026-04-26T22:29:24.107+0000] {logging_mixin.py:188} INFO - [2026-04-26T22:29:24.106+0000] {dagbag.py:538} INFO - Filling up the DagBag from /opt/airflow/dags/build_elt_with_dbt.py
[2026-04-26T22:29:24.126+0000] {logging_mixin.py:188} INFO - [2026-04-26T22:29:24.126+0000] {base.py:83} INFO - Using connection ID 'snowflake_conn' for task execution.
[2026-04-26T22:29:24.133+0000] {processor.py:840} INFO - DAG(s) 'BuildELT_dbt' retrieved from /opt/airflow/dags/build_elt_with_dbt.py
[2026-04-26T22:29:24.145+0000] {logging_mixin.py:188} INFO - [2026-04-26T22:29:24.145+0000] {dag.py:3036} INFO - Sync 1 DAGs
[2026-04-26T22:29:24.156+0000] {logging_mixin.py:188} INFO - [2026-04-26T22:29:24.156+0000] {dag.py:3823} INFO - Setting next_dagrun for BuildELT_dbt to None, run_after=None
[2026-04-26T22:29:24.175+0000] {processor.py:183} INFO - Processing /opt/airflow/dags/build_elt_with_dbt.py took 0.076 seconds
[2026-04-26T22:29:54.708+0000] {processor.py:161} INFO - Started process (PID=1031) to work on /opt/airflow/dags/build_elt_with_dbt.py
[2026-04-26T22:29:54.709+0000] {processor.py:830} INFO - Processing file /opt/airflow/dags/build_elt_with_dbt.py for tasks to queue
[2026-04-26T22:29:54.713+0000] {logging_mixin.py:188} INFO - [2026-04-26T22:29:54.713+0000] {dagbag.py:538} INFO - Filling up the DagBag from /opt/airflow/dags/build_elt_with_dbt.py
[2026-04-26T22:29:54.742+0000] {logging_mixin.py:188} INFO - [2026-04-26T22:29:54.741+0000] {base.py:83} INFO - Using connection ID 'snowflake_conn' for task execution.
[2026-04-26T22:29:54.747+0000] {processor.py:840} INFO - DAG(s) 'BuildELT_dbt' retrieved from /opt/airflow/dags/build_elt_with_dbt.py
[2026-04-26T22:29:54.763+0000] {logging_mixin.py:188} INFO - [2026-04-26T22:29:54.762+0000] {dag.py:3036} INFO - Sync 1 DAGs
[2026-04-26T22:29:54.773+0000] {logging_mixin.py:188} INFO - [2026-04-26T22:29:54.773+0000] {dag.py:3823} INFO - Setting next_dagrun for BuildELT_dbt to None, run_after=None
[2026-04-26T22:29:54.788+0000] {processor.py:183} INFO - Processing /opt/airflow/dags/build_elt_with_dbt.py took 0.084 seconds
[2026-04-26T22:30:25.264+0000] {processor.py:161} INFO - Started process (PID=1038) to work on /opt/airflow/dags/build_elt_with_dbt.py
[2026-04-26T22:30:25.265+0000] {processor.py:830} INFO - Processing file /opt/airflow/dags/build_elt_with_dbt.py for tasks to queue
[2026-04-26T22:30:25.268+0000] {logging_mixin.py:188} INFO - [2026-04-26T22:30:25.267+0000] {dagbag.py:538} INFO - Filling up the DagBag from /opt/airflow/dags/build_elt_with_dbt.py
[2026-04-26T22:30:25.288+0000] {logging_mixin.py:188} INFO - [2026-04-26T22:30:25.288+0000] {base.py:83} INFO - Using connection ID 'snowflake_conn' for task execution.
[2026-04-26T22:30:25.293+0000] {processor.py:840} INFO - DAG(s) 'BuildELT_dbt' retrieved from /opt/airflow/dags/build_elt_with_dbt.py
[2026-04-26T22:30:25.305+0000] {logging_mixin.py:188} INFO - [2026-04-26T22:30:25.305+0000] {dag.py:3036} INFO - Sync 1 DAGs
[2026-04-26T22:30:25.313+0000] {logging_mixin.py:188} INFO - [2026-04-26T22:30:25.312+0000] {dag.py:3823} INFO - Setting next_dagrun for BuildELT_dbt to None, run_after=None
[2026-04-26T22:30:25.334+0000] {processor.py:183} INFO - Processing /opt/airflow/dags/build_elt_with_dbt.py took 0.073 seconds
[2026-04-26T22:30:55.833+0000] {processor.py:161} INFO - Started process (PID=1045) to work on /opt/airflow/dags/build_elt_with_dbt.py
[2026-04-26T22:30:55.834+0000] {processor.py:830} INFO - Processing file /opt/airflow/dags/build_elt_with_dbt.py for tasks to queue
[2026-04-26T22:30:55.837+0000] {logging_mixin.py:188} INFO - [2026-04-26T22:30:55.837+0000] {dagbag.py:538} INFO - Filling up the DagBag from /opt/airflow/dags/build_elt_with_dbt.py
[2026-04-26T22:30:55.854+0000] {logging_mixin.py:188} INFO - [2026-04-26T22:30:55.853+0000] {base.py:83} INFO - Using connection ID 'snowflake_conn' for task execution.
[2026-04-26T22:30:55.859+0000] {processor.py:840} INFO - DAG(s) 'BuildELT_dbt' retrieved from /opt/airflow/dags/build_elt_with_dbt.py
[2026-04-26T22:30:55.875+0000] {logging_mixin.py:188} INFO - [2026-04-26T22:30:55.874+0000] {dag.py:3036} INFO - Sync 1 DAGs
[2026-04-26T22:30:55.882+0000] {logging_mixin.py:188} INFO - [2026-04-26T22:30:55.882+0000] {dag.py:3823} INFO - Setting next_dagrun for BuildELT_dbt to None, run_after=None
[2026-04-26T22:30:55.901+0000] {processor.py:183} INFO - Processing /opt/airflow/dags/build_elt_with_dbt.py took 0.070 seconds
[2026-04-26T22:31:26.412+0000] {processor.py:161} INFO - Started process (PID=1052) to work on /opt/airflow/dags/build_elt_with_dbt.py
[2026-04-26T22:31:26.413+0000] {processor.py:830} INFO - Processing file /opt/airflow/dags/build_elt_with_dbt.py for tasks to queue
[2026-04-26T22:31:26.415+0000] {logging_mixin.py:188} INFO - [2026-04-26T22:31:26.415+0000] {dagbag.py:538} INFO - Filling up the DagBag from /opt/airflow/dags/build_elt_with_dbt.py
[2026-04-26T22:31:26.436+0000] {logging_mixin.py:188} INFO - [2026-04-26T22:31:26.435+0000] {base.py:83} INFO - Using connection ID 'snowflake_conn' for task execution.
[2026-04-26T22:31:26.444+0000] {processor.py:840} INFO - DAG(s) 'BuildELT_dbt' retrieved from /opt/airflow/dags/build_elt_with_dbt.py
[2026-04-26T22:31:26.457+0000] {logging_mixin.py:188} INFO - [2026-04-26T22:31:26.457+0000] {dag.py:3036} INFO - Sync 1 DAGs
[2026-04-26T22:31:26.469+0000] {logging_mixin.py:188} INFO - [2026-04-26T22:31:26.469+0000] {dag.py:3823} INFO - Setting next_dagrun for BuildELT_dbt to None, run_after=None
[2026-04-26T22:31:26.488+0000] {processor.py:183} INFO - Processing /opt/airflow/dags/build_elt_with_dbt.py took 0.079 seconds
[2026-04-26T22:33:29.091+0000] {processor.py:161} INFO - Started process (PID=1059) to work on /opt/airflow/dags/build_elt_with_dbt.py
[2026-04-26T22:33:29.092+0000] {processor.py:830} INFO - Processing file /opt/airflow/dags/build_elt_with_dbt.py for tasks to queue
[2026-04-26T22:33:29.095+0000] {logging_mixin.py:188} INFO - [2026-04-26T22:33:29.095+0000] {dagbag.py:538} INFO - Filling up the DagBag from /opt/airflow/dags/build_elt_with_dbt.py
[2026-04-26T22:33:29.114+0000] {logging_mixin.py:188} INFO - [2026-04-26T22:33:29.114+0000] {base.py:83} INFO - Using connection ID 'snowflake_conn' for task execution.
[2026-04-26T22:33:29.118+0000] {processor.py:840} INFO - DAG(s) 'BuildELT_dbt' retrieved from /opt/airflow/dags/build_elt_with_dbt.py
[2026-04-26T22:33:29.138+0000] {logging_mixin.py:188} INFO - [2026-04-26T22:33:29.135+0000] {dag.py:3036} INFO - Sync 1 DAGs
[2026-04-26T22:33:29.147+0000] {logging_mixin.py:188} INFO - [2026-04-26T22:33:29.147+0000] {dag.py:3823} INFO - Setting next_dagrun for BuildELT_dbt to None, run_after=None
[2026-04-26T22:33:29.161+0000] {processor.py:183} INFO - Processing /opt/airflow/dags/build_elt_with_dbt.py took 0.072 seconds
[2026-04-26T22:34:11.290+0000] {processor.py:161} INFO - Started process (PID=1066) to work on /opt/airflow/dags/build_elt_with_dbt.py
[2026-04-26T22:34:11.291+0000] {processor.py:830} INFO - Processing file /opt/airflow/dags/build_elt_with_dbt.py for tasks to queue
[2026-04-26T22:34:11.293+0000] {logging_mixin.py:188} INFO - [2026-04-26T22:34:11.293+0000] {dagbag.py:538} INFO - Filling up the DagBag from /opt/airflow/dags/build_elt_with_dbt.py
[2026-04-26T22:34:11.311+0000] {logging_mixin.py:188} INFO - [2026-04-26T22:34:11.311+0000] {base.py:83} INFO - Using connection ID 'snowflake_conn' for task execution.
[2026-04-26T22:34:11.316+0000] {processor.py:840} INFO - DAG(s) 'BuildELT_dbt' retrieved from /opt/airflow/dags/build_elt_with_dbt.py
[2026-04-26T22:34:11.330+0000] {logging_mixin.py:188} INFO - [2026-04-26T22:34:11.330+0000] {dag.py:3036} INFO - Sync 1 DAGs
[2026-04-26T22:34:11.340+0000] {logging_mixin.py:188} INFO - [2026-04-26T22:34:11.340+0000] {dag.py:3823} INFO - Setting next_dagrun for BuildELT_dbt to None, run_after=None
[2026-04-26T22:34:11.354+0000] {processor.py:183} INFO - Processing /opt/airflow/dags/build_elt_with_dbt.py took 0.066 seconds
[2026-04-26T23:05:14.812+0000] {processor.py:161} INFO - Started process (PID=1073) to work on /opt/airflow/dags/build_elt_with_dbt.py
[2026-04-26T23:05:14.815+0000] {processor.py:830} INFO - Processing file /opt/airflow/dags/build_elt_with_dbt.py for tasks to queue
[2026-04-26T23:05:14.819+0000] {logging_mixin.py:188} INFO - [2026-04-26T23:05:14.819+0000] {dagbag.py:538} INFO - Filling up the DagBag from /opt/airflow/dags/build_elt_with_dbt.py
[2026-04-26T23:05:14.843+0000] {logging_mixin.py:188} INFO - [2026-04-26T23:05:14.842+0000] {base.py:83} INFO - Using connection ID 'snowflake_conn' for task execution.
[2026-04-26T23:05:14.855+0000] {processor.py:840} INFO - DAG(s) 'BuildELT_dbt' retrieved from /opt/airflow/dags/build_elt_with_dbt.py
[2026-04-26T23:05:14.879+0000] {logging_mixin.py:188} INFO - [2026-04-26T23:05:14.879+0000] {dag.py:3036} INFO - Sync 1 DAGs
[2026-04-26T23:05:14.892+0000] {logging_mixin.py:188} INFO - [2026-04-26T23:05:14.892+0000] {dag.py:3823} INFO - Setting next_dagrun for BuildELT_dbt to None, run_after=None
[2026-04-26T23:05:14.920+0000] {processor.py:183} INFO - Processing /opt/airflow/dags/build_elt_with_dbt.py took 0.113 seconds
[2026-04-26T23:59:33.822+0000] {processor.py:161} INFO - Started process (PID=1080) to work on /opt/airflow/dags/build_elt_with_dbt.py
[2026-04-26T23:59:33.823+0000] {processor.py:830} INFO - Processing file /opt/airflow/dags/build_elt_with_dbt.py for tasks to queue
[2026-04-26T23:59:33.825+0000] {logging_mixin.py:188} INFO - [2026-04-26T23:59:33.825+0000] {dagbag.py:538} INFO - Filling up the DagBag from /opt/airflow/dags/build_elt_with_dbt.py
[2026-04-26T23:59:33.843+0000] {logging_mixin.py:188} INFO - [2026-04-26T23:59:33.843+0000] {base.py:83} INFO - Using connection ID 'snowflake_conn' for task execution.
[2026-04-26T23:59:33.847+0000] {processor.py:840} INFO - DAG(s) 'BuildELT_dbt' retrieved from /opt/airflow/dags/build_elt_with_dbt.py
[2026-04-26T23:59:33.860+0000] {logging_mixin.py:188} INFO - [2026-04-26T23:59:33.859+0000] {dag.py:3036} INFO - Sync 1 DAGs
[2026-04-26T23:59:33.867+0000] {logging_mixin.py:188} INFO - [2026-04-26T23:59:33.867+0000] {dag.py:3823} INFO - Setting next_dagrun for BuildELT_dbt to None, run_after=None
[2026-04-26T23:59:33.884+0000] {processor.py:183} INFO - Processing /opt/airflow/dags/build_elt_with_dbt.py took 0.065 seconds
