[2026-04-26T00:07:56.326+0000] {processor.py:161} INFO - Started process (PID=602) to work on /opt/airflow/dags/country_capital_etl.py
[2026-04-26T00:07:56.331+0000] {processor.py:830} INFO - Processing file /opt/airflow/dags/country_capital_etl.py for tasks to queue
[2026-04-26T00:07:56.336+0000] {logging_mixin.py:188} INFO - [2026-04-26T00:07:56.335+0000] {dagbag.py:538} INFO - Filling up the DagBag from /opt/airflow/dags/country_capital_etl.py
[2026-04-26T00:07:56.373+0000] {processor.py:840} INFO - DAG(s) 'country_capital_pipeline' retrieved from /opt/airflow/dags/country_capital_etl.py
[2026-04-26T00:07:56.616+0000] {logging_mixin.py:188} INFO - [2026-04-26T00:07:56.615+0000] {dag.py:3036} INFO - Sync 1 DAGs
[2026-04-26T00:07:56.659+0000] {logging_mixin.py:188} INFO - [2026-04-26T00:07:56.658+0000] {dag.py:3823} INFO - Setting next_dagrun for country_capital_pipeline to 2026-04-25 00:00:00+00:00, run_after=2026-04-26 00:00:00+00:00
[2026-04-26T00:07:56.710+0000] {processor.py:183} INFO - Processing /opt/airflow/dags/country_capital_etl.py took 0.391 seconds
[2026-04-26T00:08:27.015+0000] {processor.py:161} INFO - Started process (PID=609) to work on /opt/airflow/dags/country_capital_etl.py
[2026-04-26T00:08:27.016+0000] {processor.py:830} INFO - Processing file /opt/airflow/dags/country_capital_etl.py for tasks to queue
[2026-04-26T00:08:27.017+0000] {logging_mixin.py:188} INFO - [2026-04-26T00:08:27.017+0000] {dagbag.py:538} INFO - Filling up the DagBag from /opt/airflow/dags/country_capital_etl.py
[2026-04-26T00:08:27.026+0000] {processor.py:840} INFO - DAG(s) 'country_capital_pipeline' retrieved from /opt/airflow/dags/country_capital_etl.py
[2026-04-26T00:08:27.047+0000] {logging_mixin.py:188} INFO - [2026-04-26T00:08:27.047+0000] {dag.py:3036} INFO - Sync 1 DAGs
[2026-04-26T00:08:27.060+0000] {logging_mixin.py:188} INFO - [2026-04-26T00:08:27.059+0000] {dag.py:3823} INFO - Setting next_dagrun for country_capital_pipeline to 2026-04-25 00:00:00+00:00, run_after=2026-04-26 00:00:00+00:00
[2026-04-26T00:08:27.069+0000] {processor.py:183} INFO - Processing /opt/airflow/dags/country_capital_etl.py took 0.057 seconds
[2026-04-26T00:59:09.753+0000] {processor.py:161} INFO - Started process (PID=616) to work on /opt/airflow/dags/country_capital_etl.py
[2026-04-26T00:59:09.754+0000] {processor.py:830} INFO - Processing file /opt/airflow/dags/country_capital_etl.py for tasks to queue
[2026-04-26T00:59:09.756+0000] {logging_mixin.py:188} INFO - [2026-04-26T00:59:09.755+0000] {dagbag.py:538} INFO - Filling up the DagBag from /opt/airflow/dags/country_capital_etl.py
[2026-04-26T00:59:09.767+0000] {processor.py:840} INFO - DAG(s) 'country_capital_pipeline' retrieved from /opt/airflow/dags/country_capital_etl.py
[2026-04-26T00:59:09.796+0000] {logging_mixin.py:188} INFO - [2026-04-26T00:59:09.795+0000] {dag.py:3036} INFO - Sync 1 DAGs
[2026-04-26T00:59:09.822+0000] {logging_mixin.py:188} INFO - [2026-04-26T00:59:09.822+0000] {dag.py:3823} INFO - Setting next_dagrun for country_capital_pipeline to 2026-04-25 00:00:00+00:00, run_after=2026-04-26 00:00:00+00:00
[2026-04-26T00:59:09.841+0000] {processor.py:183} INFO - Processing /opt/airflow/dags/country_capital_etl.py took 0.091 seconds
[2026-04-26T01:25:50.850+0000] {processor.py:161} INFO - Started process (PID=623) to work on /opt/airflow/dags/country_capital_etl.py
[2026-04-26T01:25:50.852+0000] {processor.py:830} INFO - Processing file /opt/airflow/dags/country_capital_etl.py for tasks to queue
[2026-04-26T01:25:50.853+0000] {logging_mixin.py:188} INFO - [2026-04-26T01:25:50.853+0000] {dagbag.py:538} INFO - Filling up the DagBag from /opt/airflow/dags/country_capital_etl.py
[2026-04-26T01:25:50.863+0000] {processor.py:840} INFO - DAG(s) 'country_capital_pipeline' retrieved from /opt/airflow/dags/country_capital_etl.py
[2026-04-26T01:25:50.882+0000] {logging_mixin.py:188} INFO - [2026-04-26T01:25:50.882+0000] {dag.py:3036} INFO - Sync 1 DAGs
[2026-04-26T01:25:50.896+0000] {logging_mixin.py:188} INFO - [2026-04-26T01:25:50.896+0000] {dag.py:3823} INFO - Setting next_dagrun for country_capital_pipeline to 2026-04-25 00:00:00+00:00, run_after=2026-04-26 00:00:00+00:00
[2026-04-26T01:25:50.908+0000] {processor.py:183} INFO - Processing /opt/airflow/dags/country_capital_etl.py took 0.061 seconds
[2026-04-26T01:36:56.502+0000] {processor.py:161} INFO - Started process (PID=630) to work on /opt/airflow/dags/country_capital_etl.py
[2026-04-26T01:36:56.503+0000] {processor.py:830} INFO - Processing file /opt/airflow/dags/country_capital_etl.py for tasks to queue
[2026-04-26T01:36:56.504+0000] {logging_mixin.py:188} INFO - [2026-04-26T01:36:56.504+0000] {dagbag.py:538} INFO - Filling up the DagBag from /opt/airflow/dags/country_capital_etl.py
[2026-04-26T01:36:56.514+0000] {processor.py:840} INFO - DAG(s) 'country_capital_pipeline' retrieved from /opt/airflow/dags/country_capital_etl.py
[2026-04-26T01:36:56.533+0000] {logging_mixin.py:188} INFO - [2026-04-26T01:36:56.533+0000] {dag.py:3036} INFO - Sync 1 DAGs
[2026-04-26T01:36:56.551+0000] {logging_mixin.py:188} INFO - [2026-04-26T01:36:56.551+0000] {dag.py:3823} INFO - Setting next_dagrun for country_capital_pipeline to 2026-04-25 00:00:00+00:00, run_after=2026-04-26 00:00:00+00:00
[2026-04-26T01:36:56.568+0000] {processor.py:183} INFO - Processing /opt/airflow/dags/country_capital_etl.py took 0.069 seconds
[2026-04-26T02:10:07.297+0000] {processor.py:161} INFO - Started process (PID=637) to work on /opt/airflow/dags/country_capital_etl.py
[2026-04-26T02:10:07.298+0000] {processor.py:830} INFO - Processing file /opt/airflow/dags/country_capital_etl.py for tasks to queue
[2026-04-26T02:10:07.300+0000] {logging_mixin.py:188} INFO - [2026-04-26T02:10:07.300+0000] {dagbag.py:538} INFO - Filling up the DagBag from /opt/airflow/dags/country_capital_etl.py
[2026-04-26T02:10:07.314+0000] {processor.py:840} INFO - DAG(s) 'country_capital_pipeline' retrieved from /opt/airflow/dags/country_capital_etl.py
[2026-04-26T02:10:07.335+0000] {logging_mixin.py:188} INFO - [2026-04-26T02:10:07.335+0000] {dag.py:3036} INFO - Sync 1 DAGs
[2026-04-26T02:10:07.350+0000] {logging_mixin.py:188} INFO - [2026-04-26T02:10:07.350+0000] {dag.py:3823} INFO - Setting next_dagrun for country_capital_pipeline to 2026-04-25 00:00:00+00:00, run_after=2026-04-26 00:00:00+00:00
[2026-04-26T02:10:07.363+0000] {processor.py:183} INFO - Processing /opt/airflow/dags/country_capital_etl.py took 0.071 seconds
[2026-04-26T02:26:58.550+0000] {processor.py:161} INFO - Started process (PID=644) to work on /opt/airflow/dags/country_capital_etl.py
[2026-04-26T02:26:58.552+0000] {processor.py:830} INFO - Processing file /opt/airflow/dags/country_capital_etl.py for tasks to queue
[2026-04-26T02:26:58.553+0000] {logging_mixin.py:188} INFO - [2026-04-26T02:26:58.553+0000] {dagbag.py:538} INFO - Filling up the DagBag from /opt/airflow/dags/country_capital_etl.py
[2026-04-26T02:26:58.561+0000] {processor.py:840} INFO - DAG(s) 'country_capital_pipeline' retrieved from /opt/airflow/dags/country_capital_etl.py
[2026-04-26T02:26:58.576+0000] {logging_mixin.py:188} INFO - [2026-04-26T02:26:58.576+0000] {dag.py:3036} INFO - Sync 1 DAGs
[2026-04-26T02:26:58.589+0000] {logging_mixin.py:188} INFO - [2026-04-26T02:26:58.588+0000] {dag.py:3823} INFO - Setting next_dagrun for country_capital_pipeline to 2026-04-25 00:00:00+00:00, run_after=2026-04-26 00:00:00+00:00
[2026-04-26T02:26:58.598+0000] {processor.py:183} INFO - Processing /opt/airflow/dags/country_capital_etl.py took 0.050 seconds
[2026-04-26T02:32:11.286+0000] {processor.py:161} INFO - Started process (PID=651) to work on /opt/airflow/dags/country_capital_etl.py
[2026-04-26T02:32:11.288+0000] {processor.py:830} INFO - Processing file /opt/airflow/dags/country_capital_etl.py for tasks to queue
[2026-04-26T02:32:11.291+0000] {logging_mixin.py:188} INFO - [2026-04-26T02:32:11.291+0000] {dagbag.py:538} INFO - Filling up the DagBag from /opt/airflow/dags/country_capital_etl.py
[2026-04-26T02:32:11.312+0000] {processor.py:840} INFO - DAG(s) 'country_capital_pipeline' retrieved from /opt/airflow/dags/country_capital_etl.py
[2026-04-26T02:32:11.360+0000] {logging_mixin.py:188} INFO - [2026-04-26T02:32:11.360+0000] {dag.py:3036} INFO - Sync 1 DAGs
[2026-04-26T02:32:11.393+0000] {logging_mixin.py:188} INFO - [2026-04-26T02:32:11.393+0000] {dag.py:3823} INFO - Setting next_dagrun for country_capital_pipeline to 2026-04-25 00:00:00+00:00, run_after=2026-04-26 00:00:00+00:00
[2026-04-26T02:32:11.421+0000] {processor.py:183} INFO - Processing /opt/airflow/dags/country_capital_etl.py took 0.140 seconds
[2026-04-26T03:03:19.072+0000] {processor.py:161} INFO - Started process (PID=658) to work on /opt/airflow/dags/country_capital_etl.py
[2026-04-26T03:03:19.073+0000] {processor.py:830} INFO - Processing file /opt/airflow/dags/country_capital_etl.py for tasks to queue
[2026-04-26T03:03:19.077+0000] {logging_mixin.py:188} INFO - [2026-04-26T03:03:19.077+0000] {dagbag.py:538} INFO - Filling up the DagBag from /opt/airflow/dags/country_capital_etl.py
[2026-04-26T03:03:19.095+0000] {processor.py:840} INFO - DAG(s) 'country_capital_pipeline' retrieved from /opt/airflow/dags/country_capital_etl.py
[2026-04-26T03:03:19.128+0000] {logging_mixin.py:188} INFO - [2026-04-26T03:03:19.128+0000] {dag.py:3036} INFO - Sync 1 DAGs
[2026-04-26T03:03:19.156+0000] {logging_mixin.py:188} INFO - [2026-04-26T03:03:19.156+0000] {dag.py:3823} INFO - Setting next_dagrun for country_capital_pipeline to 2026-04-25 00:00:00+00:00, run_after=2026-04-26 00:00:00+00:00
[2026-04-26T03:03:19.184+0000] {processor.py:183} INFO - Processing /opt/airflow/dags/country_capital_etl.py took 0.116 seconds
[2026-04-26T03:03:49.822+0000] {processor.py:161} INFO - Started process (PID=665) to work on /opt/airflow/dags/country_capital_etl.py
[2026-04-26T03:03:49.822+0000] {processor.py:830} INFO - Processing file /opt/airflow/dags/country_capital_etl.py for tasks to queue
[2026-04-26T03:03:49.824+0000] {logging_mixin.py:188} INFO - [2026-04-26T03:03:49.824+0000] {dagbag.py:538} INFO - Filling up the DagBag from /opt/airflow/dags/country_capital_etl.py
[2026-04-26T03:03:49.832+0000] {processor.py:840} INFO - DAG(s) 'country_capital_pipeline' retrieved from /opt/airflow/dags/country_capital_etl.py
[2026-04-26T03:03:49.850+0000] {logging_mixin.py:188} INFO - [2026-04-26T03:03:49.849+0000] {dag.py:3036} INFO - Sync 1 DAGs
[2026-04-26T03:03:49.863+0000] {logging_mixin.py:188} INFO - [2026-04-26T03:03:49.862+0000] {dag.py:3823} INFO - Setting next_dagrun for country_capital_pipeline to 2026-04-25 00:00:00+00:00, run_after=2026-04-26 00:00:00+00:00
[2026-04-26T03:03:49.876+0000] {processor.py:183} INFO - Processing /opt/airflow/dags/country_capital_etl.py took 0.056 seconds
[2026-04-26T03:27:34.444+0000] {processor.py:161} INFO - Started process (PID=672) to work on /opt/airflow/dags/country_capital_etl.py
[2026-04-26T03:27:34.445+0000] {processor.py:830} INFO - Processing file /opt/airflow/dags/country_capital_etl.py for tasks to queue
[2026-04-26T03:27:34.448+0000] {logging_mixin.py:188} INFO - [2026-04-26T03:27:34.448+0000] {dagbag.py:538} INFO - Filling up the DagBag from /opt/airflow/dags/country_capital_etl.py
[2026-04-26T03:27:34.459+0000] {processor.py:840} INFO - DAG(s) 'country_capital_pipeline' retrieved from /opt/airflow/dags/country_capital_etl.py
[2026-04-26T03:27:34.475+0000] {logging_mixin.py:188} INFO - [2026-04-26T03:27:34.475+0000] {dag.py:3036} INFO - Sync 1 DAGs
[2026-04-26T03:27:34.488+0000] {logging_mixin.py:188} INFO - [2026-04-26T03:27:34.488+0000] {dag.py:3823} INFO - Setting next_dagrun for country_capital_pipeline to 2026-04-25 00:00:00+00:00, run_after=2026-04-26 00:00:00+00:00
[2026-04-26T03:27:34.499+0000] {processor.py:183} INFO - Processing /opt/airflow/dags/country_capital_etl.py took 0.057 seconds
[2026-04-26T04:16:54.400+0000] {processor.py:161} INFO - Started process (PID=679) to work on /opt/airflow/dags/country_capital_etl.py
[2026-04-26T04:16:54.401+0000] {processor.py:830} INFO - Processing file /opt/airflow/dags/country_capital_etl.py for tasks to queue
[2026-04-26T04:16:54.403+0000] {logging_mixin.py:188} INFO - [2026-04-26T04:16:54.403+0000] {dagbag.py:538} INFO - Filling up the DagBag from /opt/airflow/dags/country_capital_etl.py
[2026-04-26T04:16:54.415+0000] {processor.py:840} INFO - DAG(s) 'country_capital_pipeline' retrieved from /opt/airflow/dags/country_capital_etl.py
[2026-04-26T04:16:54.434+0000] {logging_mixin.py:188} INFO - [2026-04-26T04:16:54.434+0000] {dag.py:3036} INFO - Sync 1 DAGs
[2026-04-26T04:16:54.447+0000] {logging_mixin.py:188} INFO - [2026-04-26T04:16:54.447+0000] {dag.py:3823} INFO - Setting next_dagrun for country_capital_pipeline to 2026-04-25 00:00:00+00:00, run_after=2026-04-26 00:00:00+00:00
[2026-04-26T04:16:54.462+0000] {processor.py:183} INFO - Processing /opt/airflow/dags/country_capital_etl.py took 0.067 seconds
[2026-04-26T04:28:58.556+0000] {processor.py:161} INFO - Started process (PID=686) to work on /opt/airflow/dags/country_capital_etl.py
[2026-04-26T04:28:58.557+0000] {processor.py:830} INFO - Processing file /opt/airflow/dags/country_capital_etl.py for tasks to queue
[2026-04-26T04:28:58.559+0000] {logging_mixin.py:188} INFO - [2026-04-26T04:28:58.558+0000] {dagbag.py:538} INFO - Filling up the DagBag from /opt/airflow/dags/country_capital_etl.py
[2026-04-26T04:28:58.566+0000] {processor.py:840} INFO - DAG(s) 'country_capital_pipeline' retrieved from /opt/airflow/dags/country_capital_etl.py
[2026-04-26T04:28:58.581+0000] {logging_mixin.py:188} INFO - [2026-04-26T04:28:58.581+0000] {dag.py:3036} INFO - Sync 1 DAGs
[2026-04-26T04:28:58.594+0000] {logging_mixin.py:188} INFO - [2026-04-26T04:28:58.594+0000] {dag.py:3823} INFO - Setting next_dagrun for country_capital_pipeline to 2026-04-25 00:00:00+00:00, run_after=2026-04-26 00:00:00+00:00
[2026-04-26T04:28:58.604+0000] {processor.py:183} INFO - Processing /opt/airflow/dags/country_capital_etl.py took 0.050 seconds
[2026-04-26T04:47:33.415+0000] {processor.py:161} INFO - Started process (PID=693) to work on /opt/airflow/dags/country_capital_etl.py
[2026-04-26T04:47:33.415+0000] {processor.py:830} INFO - Processing file /opt/airflow/dags/country_capital_etl.py for tasks to queue
[2026-04-26T04:47:33.418+0000] {logging_mixin.py:188} INFO - [2026-04-26T04:47:33.418+0000] {dagbag.py:538} INFO - Filling up the DagBag from /opt/airflow/dags/country_capital_etl.py
[2026-04-26T04:47:33.427+0000] {processor.py:840} INFO - DAG(s) 'country_capital_pipeline' retrieved from /opt/airflow/dags/country_capital_etl.py
[2026-04-26T04:47:33.442+0000] {logging_mixin.py:188} INFO - [2026-04-26T04:47:33.442+0000] {dag.py:3036} INFO - Sync 1 DAGs
[2026-04-26T04:47:33.454+0000] {logging_mixin.py:188} INFO - [2026-04-26T04:47:33.454+0000] {dag.py:3823} INFO - Setting next_dagrun for country_capital_pipeline to 2026-04-25 00:00:00+00:00, run_after=2026-04-26 00:00:00+00:00
[2026-04-26T04:47:33.464+0000] {processor.py:183} INFO - Processing /opt/airflow/dags/country_capital_etl.py took 0.052 seconds
[2026-04-26T05:05:20.648+0000] {processor.py:161} INFO - Started process (PID=700) to work on /opt/airflow/dags/country_capital_etl.py
[2026-04-26T05:05:20.650+0000] {processor.py:830} INFO - Processing file /opt/airflow/dags/country_capital_etl.py for tasks to queue
[2026-04-26T05:05:20.653+0000] {logging_mixin.py:188} INFO - [2026-04-26T05:05:20.653+0000] {dagbag.py:538} INFO - Filling up the DagBag from /opt/airflow/dags/country_capital_etl.py
[2026-04-26T05:05:20.667+0000] {processor.py:840} INFO - DAG(s) 'country_capital_pipeline' retrieved from /opt/airflow/dags/country_capital_etl.py
[2026-04-26T05:05:20.817+0000] {logging_mixin.py:188} INFO - [2026-04-26T05:05:20.817+0000] {dag.py:3036} INFO - Sync 1 DAGs
[2026-04-26T05:05:20.862+0000] {logging_mixin.py:188} INFO - [2026-04-26T05:05:20.860+0000] {dag.py:3823} INFO - Setting next_dagrun for country_capital_pipeline to 2026-04-25 00:00:00+00:00, run_after=2026-04-26 00:00:00+00:00
[2026-04-26T05:05:20.947+0000] {processor.py:183} INFO - Processing /opt/airflow/dags/country_capital_etl.py took 0.303 seconds
[2026-04-26T05:09:07.722+0000] {processor.py:161} INFO - Started process (PID=707) to work on /opt/airflow/dags/country_capital_etl.py
[2026-04-26T05:09:07.723+0000] {processor.py:830} INFO - Processing file /opt/airflow/dags/country_capital_etl.py for tasks to queue
[2026-04-26T05:09:07.725+0000] {logging_mixin.py:188} INFO - [2026-04-26T05:09:07.724+0000] {dagbag.py:538} INFO - Filling up the DagBag from /opt/airflow/dags/country_capital_etl.py
[2026-04-26T05:09:07.740+0000] {processor.py:840} INFO - DAG(s) 'country_capital_pipeline' retrieved from /opt/airflow/dags/country_capital_etl.py
[2026-04-26T05:09:07.765+0000] {logging_mixin.py:188} INFO - [2026-04-26T05:09:07.765+0000] {dag.py:3036} INFO - Sync 1 DAGs
[2026-04-26T05:09:07.779+0000] {logging_mixin.py:188} INFO - [2026-04-26T05:09:07.778+0000] {dag.py:3823} INFO - Setting next_dagrun for country_capital_pipeline to 2026-04-25 00:00:00+00:00, run_after=2026-04-26 00:00:00+00:00
[2026-04-26T05:09:07.788+0000] {processor.py:183} INFO - Processing /opt/airflow/dags/country_capital_etl.py took 0.069 seconds
[2026-04-26T05:37:30.137+0000] {processor.py:161} INFO - Started process (PID=714) to work on /opt/airflow/dags/country_capital_etl.py
[2026-04-26T05:37:30.138+0000] {processor.py:830} INFO - Processing file /opt/airflow/dags/country_capital_etl.py for tasks to queue
[2026-04-26T05:37:30.142+0000] {logging_mixin.py:188} INFO - [2026-04-26T05:37:30.142+0000] {dagbag.py:538} INFO - Filling up the DagBag from /opt/airflow/dags/country_capital_etl.py
[2026-04-26T05:37:30.160+0000] {processor.py:840} INFO - DAG(s) 'country_capital_pipeline' retrieved from /opt/airflow/dags/country_capital_etl.py
[2026-04-26T05:37:30.189+0000] {logging_mixin.py:188} INFO - [2026-04-26T05:37:30.189+0000] {dag.py:3036} INFO - Sync 1 DAGs
[2026-04-26T05:37:30.209+0000] {logging_mixin.py:188} INFO - [2026-04-26T05:37:30.208+0000] {dag.py:3823} INFO - Setting next_dagrun for country_capital_pipeline to 2026-04-25 00:00:00+00:00, run_after=2026-04-26 00:00:00+00:00
[2026-04-26T05:37:30.225+0000] {processor.py:183} INFO - Processing /opt/airflow/dags/country_capital_etl.py took 0.093 seconds
[2026-04-26T05:38:00.727+0000] {processor.py:161} INFO - Started process (PID=721) to work on /opt/airflow/dags/country_capital_etl.py
[2026-04-26T05:38:00.728+0000] {processor.py:830} INFO - Processing file /opt/airflow/dags/country_capital_etl.py for tasks to queue
[2026-04-26T05:38:00.730+0000] {logging_mixin.py:188} INFO - [2026-04-26T05:38:00.730+0000] {dagbag.py:538} INFO - Filling up the DagBag from /opt/airflow/dags/country_capital_etl.py
[2026-04-26T05:38:00.741+0000] {processor.py:840} INFO - DAG(s) 'country_capital_pipeline' retrieved from /opt/airflow/dags/country_capital_etl.py
[2026-04-26T05:38:00.756+0000] {logging_mixin.py:188} INFO - [2026-04-26T05:38:00.756+0000] {dag.py:3036} INFO - Sync 1 DAGs
[2026-04-26T05:38:00.769+0000] {logging_mixin.py:188} INFO - [2026-04-26T05:38:00.769+0000] {dag.py:3823} INFO - Setting next_dagrun for country_capital_pipeline to 2026-04-25 00:00:00+00:00, run_after=2026-04-26 00:00:00+00:00
[2026-04-26T05:38:00.778+0000] {processor.py:183} INFO - Processing /opt/airflow/dags/country_capital_etl.py took 0.053 seconds
[2026-04-26T05:50:01.514+0000] {processor.py:161} INFO - Started process (PID=728) to work on /opt/airflow/dags/country_capital_etl.py
[2026-04-26T05:50:01.515+0000] {processor.py:830} INFO - Processing file /opt/airflow/dags/country_capital_etl.py for tasks to queue
[2026-04-26T05:50:01.517+0000] {logging_mixin.py:188} INFO - [2026-04-26T05:50:01.517+0000] {dagbag.py:538} INFO - Filling up the DagBag from /opt/airflow/dags/country_capital_etl.py
[2026-04-26T05:50:01.524+0000] {processor.py:840} INFO - DAG(s) 'country_capital_pipeline' retrieved from /opt/airflow/dags/country_capital_etl.py
[2026-04-26T05:50:01.540+0000] {logging_mixin.py:188} INFO - [2026-04-26T05:50:01.540+0000] {dag.py:3036} INFO - Sync 1 DAGs
[2026-04-26T05:50:01.553+0000] {logging_mixin.py:188} INFO - [2026-04-26T05:50:01.553+0000] {dag.py:3823} INFO - Setting next_dagrun for country_capital_pipeline to 2026-04-25 00:00:00+00:00, run_after=2026-04-26 00:00:00+00:00
[2026-04-26T05:50:01.563+0000] {processor.py:183} INFO - Processing /opt/airflow/dags/country_capital_etl.py took 0.051 seconds
[2026-04-26T05:50:34.710+0000] {processor.py:161} INFO - Started process (PID=735) to work on /opt/airflow/dags/country_capital_etl.py
[2026-04-26T05:50:34.711+0000] {processor.py:830} INFO - Processing file /opt/airflow/dags/country_capital_etl.py for tasks to queue
[2026-04-26T05:50:34.713+0000] {logging_mixin.py:188} INFO - [2026-04-26T05:50:34.713+0000] {dagbag.py:538} INFO - Filling up the DagBag from /opt/airflow/dags/country_capital_etl.py
[2026-04-26T05:50:34.723+0000] {processor.py:840} INFO - DAG(s) 'country_capital_pipeline' retrieved from /opt/airflow/dags/country_capital_etl.py
[2026-04-26T05:50:34.739+0000] {logging_mixin.py:188} INFO - [2026-04-26T05:50:34.739+0000] {dag.py:3036} INFO - Sync 1 DAGs
[2026-04-26T05:50:34.752+0000] {logging_mixin.py:188} INFO - [2026-04-26T05:50:34.752+0000] {dag.py:3823} INFO - Setting next_dagrun for country_capital_pipeline to 2026-04-25 00:00:00+00:00, run_after=2026-04-26 00:00:00+00:00
[2026-04-26T05:50:34.762+0000] {processor.py:183} INFO - Processing /opt/airflow/dags/country_capital_etl.py took 0.054 seconds
[2026-04-26T05:52:54.682+0000] {processor.py:161} INFO - Started process (PID=742) to work on /opt/airflow/dags/country_capital_etl.py
[2026-04-26T05:52:54.683+0000] {processor.py:830} INFO - Processing file /opt/airflow/dags/country_capital_etl.py for tasks to queue
[2026-04-26T05:52:54.686+0000] {logging_mixin.py:188} INFO - [2026-04-26T05:52:54.686+0000] {dagbag.py:538} INFO - Filling up the DagBag from /opt/airflow/dags/country_capital_etl.py
[2026-04-26T05:52:54.702+0000] {processor.py:840} INFO - DAG(s) 'country_capital_pipeline' retrieved from /opt/airflow/dags/country_capital_etl.py
[2026-04-26T05:52:54.727+0000] {logging_mixin.py:188} INFO - [2026-04-26T05:52:54.726+0000] {dag.py:3036} INFO - Sync 1 DAGs
[2026-04-26T05:52:54.742+0000] {logging_mixin.py:188} INFO - [2026-04-26T05:52:54.742+0000] {dag.py:3823} INFO - Setting next_dagrun for country_capital_pipeline to 2026-04-25 00:00:00+00:00, run_after=2026-04-26 00:00:00+00:00
[2026-04-26T05:52:54.755+0000] {processor.py:183} INFO - Processing /opt/airflow/dags/country_capital_etl.py took 0.078 seconds
[2026-04-26T06:25:25.167+0000] {processor.py:161} INFO - Started process (PID=749) to work on /opt/airflow/dags/country_capital_etl.py
[2026-04-26T06:25:25.168+0000] {processor.py:830} INFO - Processing file /opt/airflow/dags/country_capital_etl.py for tasks to queue
[2026-04-26T06:25:25.169+0000] {logging_mixin.py:188} INFO - [2026-04-26T06:25:25.169+0000] {dagbag.py:538} INFO - Filling up the DagBag from /opt/airflow/dags/country_capital_etl.py
[2026-04-26T06:25:25.177+0000] {processor.py:840} INFO - DAG(s) 'country_capital_pipeline' retrieved from /opt/airflow/dags/country_capital_etl.py
[2026-04-26T06:25:25.193+0000] {logging_mixin.py:188} INFO - [2026-04-26T06:25:25.193+0000] {dag.py:3036} INFO - Sync 1 DAGs
[2026-04-26T06:25:25.205+0000] {logging_mixin.py:188} INFO - [2026-04-26T06:25:25.205+0000] {dag.py:3823} INFO - Setting next_dagrun for country_capital_pipeline to 2026-04-25 00:00:00+00:00, run_after=2026-04-26 00:00:00+00:00
[2026-04-26T06:25:25.215+0000] {processor.py:183} INFO - Processing /opt/airflow/dags/country_capital_etl.py took 0.050 seconds
[2026-04-26T06:53:48.909+0000] {processor.py:161} INFO - Started process (PID=756) to work on /opt/airflow/dags/country_capital_etl.py
[2026-04-26T06:53:48.910+0000] {processor.py:830} INFO - Processing file /opt/airflow/dags/country_capital_etl.py for tasks to queue
[2026-04-26T06:53:48.914+0000] {logging_mixin.py:188} INFO - [2026-04-26T06:53:48.913+0000] {dagbag.py:538} INFO - Filling up the DagBag from /opt/airflow/dags/country_capital_etl.py
[2026-04-26T06:53:48.924+0000] {processor.py:840} INFO - DAG(s) 'country_capital_pipeline' retrieved from /opt/airflow/dags/country_capital_etl.py
[2026-04-26T06:53:48.945+0000] {logging_mixin.py:188} INFO - [2026-04-26T06:53:48.944+0000] {dag.py:3036} INFO - Sync 1 DAGs
[2026-04-26T06:53:48.961+0000] {logging_mixin.py:188} INFO - [2026-04-26T06:53:48.961+0000] {dag.py:3823} INFO - Setting next_dagrun for country_capital_pipeline to 2026-04-25 00:00:00+00:00, run_after=2026-04-26 00:00:00+00:00
[2026-04-26T06:53:48.977+0000] {processor.py:183} INFO - Processing /opt/airflow/dags/country_capital_etl.py took 0.072 seconds
[2026-04-26T07:07:43.004+0000] {processor.py:161} INFO - Started process (PID=763) to work on /opt/airflow/dags/country_capital_etl.py
[2026-04-26T07:07:43.006+0000] {processor.py:830} INFO - Processing file /opt/airflow/dags/country_capital_etl.py for tasks to queue
[2026-04-26T07:07:43.010+0000] {logging_mixin.py:188} INFO - [2026-04-26T07:07:43.010+0000] {dagbag.py:538} INFO - Filling up the DagBag from /opt/airflow/dags/country_capital_etl.py
[2026-04-26T07:07:43.037+0000] {processor.py:840} INFO - DAG(s) 'country_capital_pipeline' retrieved from /opt/airflow/dags/country_capital_etl.py
[2026-04-26T07:07:43.087+0000] {logging_mixin.py:188} INFO - [2026-04-26T07:07:43.086+0000] {dag.py:3036} INFO - Sync 1 DAGs
[2026-04-26T07:07:43.120+0000] {logging_mixin.py:188} INFO - [2026-04-26T07:07:43.119+0000] {dag.py:3823} INFO - Setting next_dagrun for country_capital_pipeline to 2026-04-25 00:00:00+00:00, run_after=2026-04-26 00:00:00+00:00
[2026-04-26T07:07:43.144+0000] {processor.py:183} INFO - Processing /opt/airflow/dags/country_capital_etl.py took 0.147 seconds
[2026-04-26T07:08:13.697+0000] {processor.py:161} INFO - Started process (PID=770) to work on /opt/airflow/dags/country_capital_etl.py
[2026-04-26T07:08:13.698+0000] {processor.py:830} INFO - Processing file /opt/airflow/dags/country_capital_etl.py for tasks to queue
[2026-04-26T07:08:13.701+0000] {logging_mixin.py:188} INFO - [2026-04-26T07:08:13.700+0000] {dagbag.py:538} INFO - Filling up the DagBag from /opt/airflow/dags/country_capital_etl.py
[2026-04-26T07:08:13.711+0000] {processor.py:840} INFO - DAG(s) 'country_capital_pipeline' retrieved from /opt/airflow/dags/country_capital_etl.py
[2026-04-26T07:08:13.730+0000] {logging_mixin.py:188} INFO - [2026-04-26T07:08:13.730+0000] {dag.py:3036} INFO - Sync 1 DAGs
[2026-04-26T07:08:13.743+0000] {logging_mixin.py:188} INFO - [2026-04-26T07:08:13.743+0000] {dag.py:3823} INFO - Setting next_dagrun for country_capital_pipeline to 2026-04-25 00:00:00+00:00, run_after=2026-04-26 00:00:00+00:00
[2026-04-26T07:08:13.753+0000] {processor.py:183} INFO - Processing /opt/airflow/dags/country_capital_etl.py took 0.058 seconds
[2026-04-26T07:10:13.800+0000] {processor.py:161} INFO - Started process (PID=777) to work on /opt/airflow/dags/country_capital_etl.py
[2026-04-26T07:10:13.800+0000] {processor.py:830} INFO - Processing file /opt/airflow/dags/country_capital_etl.py for tasks to queue
[2026-04-26T07:10:13.802+0000] {logging_mixin.py:188} INFO - [2026-04-26T07:10:13.802+0000] {dagbag.py:538} INFO - Filling up the DagBag from /opt/airflow/dags/country_capital_etl.py
[2026-04-26T07:10:13.810+0000] {processor.py:840} INFO - DAG(s) 'country_capital_pipeline' retrieved from /opt/airflow/dags/country_capital_etl.py
[2026-04-26T07:10:13.826+0000] {logging_mixin.py:188} INFO - [2026-04-26T07:10:13.826+0000] {dag.py:3036} INFO - Sync 1 DAGs
[2026-04-26T07:10:13.839+0000] {logging_mixin.py:188} INFO - [2026-04-26T07:10:13.839+0000] {dag.py:3823} INFO - Setting next_dagrun for country_capital_pipeline to 2026-04-25 00:00:00+00:00, run_after=2026-04-26 00:00:00+00:00
[2026-04-26T07:10:13.848+0000] {processor.py:183} INFO - Processing /opt/airflow/dags/country_capital_etl.py took 0.051 seconds
[2026-04-26T08:48:54.796+0000] {processor.py:161} INFO - Started process (PID=784) to work on /opt/airflow/dags/country_capital_etl.py
[2026-04-26T08:48:54.798+0000] {processor.py:830} INFO - Processing file /opt/airflow/dags/country_capital_etl.py for tasks to queue
[2026-04-26T08:48:54.799+0000] {logging_mixin.py:188} INFO - [2026-04-26T08:48:54.799+0000] {dagbag.py:538} INFO - Filling up the DagBag from /opt/airflow/dags/country_capital_etl.py
[2026-04-26T08:48:54.810+0000] {processor.py:840} INFO - DAG(s) 'country_capital_pipeline' retrieved from /opt/airflow/dags/country_capital_etl.py
[2026-04-26T08:48:54.826+0000] {logging_mixin.py:188} INFO - [2026-04-26T08:48:54.825+0000] {dag.py:3036} INFO - Sync 1 DAGs
[2026-04-26T08:48:54.838+0000] {logging_mixin.py:188} INFO - [2026-04-26T08:48:54.838+0000] {dag.py:3823} INFO - Setting next_dagrun for country_capital_pipeline to 2026-04-25 00:00:00+00:00, run_after=2026-04-26 00:00:00+00:00
[2026-04-26T08:48:54.848+0000] {processor.py:183} INFO - Processing /opt/airflow/dags/country_capital_etl.py took 0.054 seconds
[2026-04-26T10:11:22.515+0000] {processor.py:161} INFO - Started process (PID=791) to work on /opt/airflow/dags/country_capital_etl.py
[2026-04-26T10:11:22.517+0000] {processor.py:830} INFO - Processing file /opt/airflow/dags/country_capital_etl.py for tasks to queue
[2026-04-26T10:11:22.519+0000] {logging_mixin.py:188} INFO - [2026-04-26T10:11:22.519+0000] {dagbag.py:538} INFO - Filling up the DagBag from /opt/airflow/dags/country_capital_etl.py
[2026-04-26T10:11:22.530+0000] {processor.py:840} INFO - DAG(s) 'country_capital_pipeline' retrieved from /opt/airflow/dags/country_capital_etl.py
[2026-04-26T10:11:22.562+0000] {logging_mixin.py:188} INFO - [2026-04-26T10:11:22.561+0000] {dag.py:3036} INFO - Sync 1 DAGs
[2026-04-26T10:11:22.588+0000] {logging_mixin.py:188} INFO - [2026-04-26T10:11:22.588+0000] {dag.py:3823} INFO - Setting next_dagrun for country_capital_pipeline to 2026-04-25 00:00:00+00:00, run_after=2026-04-26 00:00:00+00:00
[2026-04-26T10:11:22.660+0000] {processor.py:183} INFO - Processing /opt/airflow/dags/country_capital_etl.py took 0.148 seconds
[2026-04-26T11:39:45.719+0000] {processor.py:161} INFO - Started process (PID=798) to work on /opt/airflow/dags/country_capital_etl.py
[2026-04-26T11:39:45.725+0000] {processor.py:830} INFO - Processing file /opt/airflow/dags/country_capital_etl.py for tasks to queue
[2026-04-26T11:39:45.733+0000] {logging_mixin.py:188} INFO - [2026-04-26T11:39:45.733+0000] {dagbag.py:538} INFO - Filling up the DagBag from /opt/airflow/dags/country_capital_etl.py
[2026-04-26T11:39:45.762+0000] {processor.py:840} INFO - DAG(s) 'country_capital_pipeline' retrieved from /opt/airflow/dags/country_capital_etl.py
[2026-04-26T11:39:45.841+0000] {logging_mixin.py:188} INFO - [2026-04-26T11:39:45.840+0000] {dag.py:3036} INFO - Sync 1 DAGs
[2026-04-26T11:39:45.862+0000] {logging_mixin.py:188} INFO - [2026-04-26T11:39:45.861+0000] {dag.py:3823} INFO - Setting next_dagrun for country_capital_pipeline to 2026-04-25 00:00:00+00:00, run_after=2026-04-26 00:00:00+00:00
[2026-04-26T11:39:45.879+0000] {processor.py:183} INFO - Processing /opt/airflow/dags/country_capital_etl.py took 0.166 seconds
[2026-04-26T12:57:07.723+0000] {processor.py:161} INFO - Started process (PID=805) to work on /opt/airflow/dags/country_capital_etl.py
[2026-04-26T12:57:07.724+0000] {processor.py:830} INFO - Processing file /opt/airflow/dags/country_capital_etl.py for tasks to queue
[2026-04-26T12:57:07.726+0000] {logging_mixin.py:188} INFO - [2026-04-26T12:57:07.726+0000] {dagbag.py:538} INFO - Filling up the DagBag from /opt/airflow/dags/country_capital_etl.py
[2026-04-26T12:57:07.736+0000] {processor.py:840} INFO - DAG(s) 'country_capital_pipeline' retrieved from /opt/airflow/dags/country_capital_etl.py
[2026-04-26T12:57:07.752+0000] {logging_mixin.py:188} INFO - [2026-04-26T12:57:07.752+0000] {dag.py:3036} INFO - Sync 1 DAGs
[2026-04-26T12:57:07.765+0000] {logging_mixin.py:188} INFO - [2026-04-26T12:57:07.764+0000] {dag.py:3823} INFO - Setting next_dagrun for country_capital_pipeline to 2026-04-25 00:00:00+00:00, run_after=2026-04-26 00:00:00+00:00
[2026-04-26T12:57:07.775+0000] {processor.py:183} INFO - Processing /opt/airflow/dags/country_capital_etl.py took 0.054 seconds
[2026-04-26T12:57:38.333+0000] {processor.py:161} INFO - Started process (PID=812) to work on /opt/airflow/dags/country_capital_etl.py
[2026-04-26T12:57:38.334+0000] {processor.py:830} INFO - Processing file /opt/airflow/dags/country_capital_etl.py for tasks to queue
[2026-04-26T12:57:38.338+0000] {logging_mixin.py:188} INFO - [2026-04-26T12:57:38.338+0000] {dagbag.py:538} INFO - Filling up the DagBag from /opt/airflow/dags/country_capital_etl.py
[2026-04-26T12:57:38.345+0000] {processor.py:840} INFO - DAG(s) 'country_capital_pipeline' retrieved from /opt/airflow/dags/country_capital_etl.py
[2026-04-26T12:57:38.360+0000] {logging_mixin.py:188} INFO - [2026-04-26T12:57:38.360+0000] {dag.py:3036} INFO - Sync 1 DAGs
[2026-04-26T12:57:38.373+0000] {logging_mixin.py:188} INFO - [2026-04-26T12:57:38.373+0000] {dag.py:3823} INFO - Setting next_dagrun for country_capital_pipeline to 2026-04-25 00:00:00+00:00, run_after=2026-04-26 00:00:00+00:00
[2026-04-26T12:57:38.382+0000] {processor.py:183} INFO - Processing /opt/airflow/dags/country_capital_etl.py took 0.051 seconds
[2026-04-26T14:05:22.694+0000] {processor.py:161} INFO - Started process (PID=819) to work on /opt/airflow/dags/country_capital_etl.py
[2026-04-26T14:05:22.695+0000] {processor.py:830} INFO - Processing file /opt/airflow/dags/country_capital_etl.py for tasks to queue
[2026-04-26T14:05:22.697+0000] {logging_mixin.py:188} INFO - [2026-04-26T14:05:22.697+0000] {dagbag.py:538} INFO - Filling up the DagBag from /opt/airflow/dags/country_capital_etl.py
[2026-04-26T14:05:22.708+0000] {processor.py:840} INFO - DAG(s) 'country_capital_pipeline' retrieved from /opt/airflow/dags/country_capital_etl.py
[2026-04-26T14:05:22.724+0000] {logging_mixin.py:188} INFO - [2026-04-26T14:05:22.724+0000] {dag.py:3036} INFO - Sync 1 DAGs
[2026-04-26T14:05:22.737+0000] {logging_mixin.py:188} INFO - [2026-04-26T14:05:22.737+0000] {dag.py:3823} INFO - Setting next_dagrun for country_capital_pipeline to 2026-04-25 00:00:00+00:00, run_after=2026-04-26 00:00:00+00:00
[2026-04-26T14:05:22.755+0000] {processor.py:183} INFO - Processing /opt/airflow/dags/country_capital_etl.py took 0.064 seconds
[2026-04-26T14:54:30.291+0000] {processor.py:161} INFO - Started process (PID=826) to work on /opt/airflow/dags/country_capital_etl.py
[2026-04-26T14:54:30.292+0000] {processor.py:830} INFO - Processing file /opt/airflow/dags/country_capital_etl.py for tasks to queue
[2026-04-26T14:54:30.296+0000] {logging_mixin.py:188} INFO - [2026-04-26T14:54:30.296+0000] {dagbag.py:538} INFO - Filling up the DagBag from /opt/airflow/dags/country_capital_etl.py
[2026-04-26T14:54:30.306+0000] {processor.py:840} INFO - DAG(s) 'country_capital_pipeline' retrieved from /opt/airflow/dags/country_capital_etl.py
[2026-04-26T14:54:30.322+0000] {logging_mixin.py:188} INFO - [2026-04-26T14:54:30.322+0000] {dag.py:3036} INFO - Sync 1 DAGs
[2026-04-26T14:54:30.337+0000] {logging_mixin.py:188} INFO - [2026-04-26T14:54:30.336+0000] {dag.py:3823} INFO - Setting next_dagrun for country_capital_pipeline to 2026-04-25 00:00:00+00:00, run_after=2026-04-26 00:00:00+00:00
[2026-04-26T14:54:30.350+0000] {processor.py:183} INFO - Processing /opt/airflow/dags/country_capital_etl.py took 0.062 seconds
[2026-04-26T16:01:24.027+0000] {processor.py:161} INFO - Started process (PID=833) to work on /opt/airflow/dags/country_capital_etl.py
[2026-04-26T16:01:24.029+0000] {processor.py:830} INFO - Processing file /opt/airflow/dags/country_capital_etl.py for tasks to queue
[2026-04-26T16:01:24.032+0000] {logging_mixin.py:188} INFO - [2026-04-26T16:01:24.032+0000] {dagbag.py:538} INFO - Filling up the DagBag from /opt/airflow/dags/country_capital_etl.py
[2026-04-26T16:01:24.044+0000] {processor.py:840} INFO - DAG(s) 'country_capital_pipeline' retrieved from /opt/airflow/dags/country_capital_etl.py
[2026-04-26T16:01:24.065+0000] {logging_mixin.py:188} INFO - [2026-04-26T16:01:24.064+0000] {dag.py:3036} INFO - Sync 1 DAGs
[2026-04-26T16:01:24.080+0000] {logging_mixin.py:188} INFO - [2026-04-26T16:01:24.080+0000] {dag.py:3823} INFO - Setting next_dagrun for country_capital_pipeline to 2026-04-25 00:00:00+00:00, run_after=2026-04-26 00:00:00+00:00
[2026-04-26T16:01:24.096+0000] {processor.py:183} INFO - Processing /opt/airflow/dags/country_capital_etl.py took 0.073 seconds
[2026-04-26T16:38:01.071+0000] {processor.py:161} INFO - Started process (PID=840) to work on /opt/airflow/dags/country_capital_etl.py
[2026-04-26T16:38:01.072+0000] {processor.py:830} INFO - Processing file /opt/airflow/dags/country_capital_etl.py for tasks to queue
[2026-04-26T16:38:01.075+0000] {logging_mixin.py:188} INFO - [2026-04-26T16:38:01.075+0000] {dagbag.py:538} INFO - Filling up the DagBag from /opt/airflow/dags/country_capital_etl.py
[2026-04-26T16:38:01.089+0000] {processor.py:840} INFO - DAG(s) 'country_capital_pipeline' retrieved from /opt/airflow/dags/country_capital_etl.py
[2026-04-26T16:38:01.111+0000] {logging_mixin.py:188} INFO - [2026-04-26T16:38:01.111+0000] {dag.py:3036} INFO - Sync 1 DAGs
[2026-04-26T16:38:01.126+0000] {logging_mixin.py:188} INFO - [2026-04-26T16:38:01.126+0000] {dag.py:3823} INFO - Setting next_dagrun for country_capital_pipeline to 2026-04-25 00:00:00+00:00, run_after=2026-04-26 00:00:00+00:00
[2026-04-26T16:38:01.141+0000] {processor.py:183} INFO - Processing /opt/airflow/dags/country_capital_etl.py took 0.075 seconds
[2026-04-26T16:38:31.691+0000] {processor.py:161} INFO - Started process (PID=847) to work on /opt/airflow/dags/country_capital_etl.py
[2026-04-26T16:38:31.692+0000] {processor.py:830} INFO - Processing file /opt/airflow/dags/country_capital_etl.py for tasks to queue
[2026-04-26T16:38:31.693+0000] {logging_mixin.py:188} INFO - [2026-04-26T16:38:31.693+0000] {dagbag.py:538} INFO - Filling up the DagBag from /opt/airflow/dags/country_capital_etl.py
[2026-04-26T16:38:31.701+0000] {processor.py:840} INFO - DAG(s) 'country_capital_pipeline' retrieved from /opt/airflow/dags/country_capital_etl.py
[2026-04-26T16:38:31.716+0000] {logging_mixin.py:188} INFO - [2026-04-26T16:38:31.716+0000] {dag.py:3036} INFO - Sync 1 DAGs
[2026-04-26T16:38:31.729+0000] {logging_mixin.py:188} INFO - [2026-04-26T16:38:31.729+0000] {dag.py:3823} INFO - Setting next_dagrun for country_capital_pipeline to 2026-04-25 00:00:00+00:00, run_after=2026-04-26 00:00:00+00:00
[2026-04-26T16:38:31.739+0000] {processor.py:183} INFO - Processing /opt/airflow/dags/country_capital_etl.py took 0.050 seconds
[2026-04-26T16:44:18.593+0000] {processor.py:161} INFO - Started process (PID=854) to work on /opt/airflow/dags/country_capital_etl.py
[2026-04-26T16:44:18.594+0000] {processor.py:830} INFO - Processing file /opt/airflow/dags/country_capital_etl.py for tasks to queue
[2026-04-26T16:44:18.597+0000] {logging_mixin.py:188} INFO - [2026-04-26T16:44:18.597+0000] {dagbag.py:538} INFO - Filling up the DagBag from /opt/airflow/dags/country_capital_etl.py
[2026-04-26T16:44:18.614+0000] {processor.py:840} INFO - DAG(s) 'country_capital_pipeline' retrieved from /opt/airflow/dags/country_capital_etl.py
[2026-04-26T16:44:18.640+0000] {logging_mixin.py:188} INFO - [2026-04-26T16:44:18.639+0000] {dag.py:3036} INFO - Sync 1 DAGs
[2026-04-26T16:44:18.654+0000] {logging_mixin.py:188} INFO - [2026-04-26T16:44:18.654+0000] {dag.py:3823} INFO - Setting next_dagrun for country_capital_pipeline to 2026-04-25 00:00:00+00:00, run_after=2026-04-26 00:00:00+00:00
[2026-04-26T16:44:18.665+0000] {processor.py:183} INFO - Processing /opt/airflow/dags/country_capital_etl.py took 0.076 seconds
[2026-04-26T16:55:26.366+0000] {processor.py:161} INFO - Started process (PID=861) to work on /opt/airflow/dags/country_capital_etl.py
[2026-04-26T16:55:26.367+0000] {processor.py:830} INFO - Processing file /opt/airflow/dags/country_capital_etl.py for tasks to queue
[2026-04-26T16:55:26.369+0000] {logging_mixin.py:188} INFO - [2026-04-26T16:55:26.369+0000] {dagbag.py:538} INFO - Filling up the DagBag from /opt/airflow/dags/country_capital_etl.py
[2026-04-26T16:55:26.380+0000] {processor.py:840} INFO - DAG(s) 'country_capital_pipeline' retrieved from /opt/airflow/dags/country_capital_etl.py
[2026-04-26T16:55:26.400+0000] {logging_mixin.py:188} INFO - [2026-04-26T16:55:26.400+0000] {dag.py:3036} INFO - Sync 1 DAGs
[2026-04-26T16:55:26.417+0000] {logging_mixin.py:188} INFO - [2026-04-26T16:55:26.417+0000] {dag.py:3823} INFO - Setting next_dagrun for country_capital_pipeline to 2026-04-25 00:00:00+00:00, run_after=2026-04-26 00:00:00+00:00
[2026-04-26T16:55:26.431+0000] {processor.py:183} INFO - Processing /opt/airflow/dags/country_capital_etl.py took 0.068 seconds
[2026-04-26T16:55:57.807+0000] {processor.py:161} INFO - Started process (PID=868) to work on /opt/airflow/dags/country_capital_etl.py
[2026-04-26T16:55:57.808+0000] {processor.py:830} INFO - Processing file /opt/airflow/dags/country_capital_etl.py for tasks to queue
[2026-04-26T16:55:57.809+0000] {logging_mixin.py:188} INFO - [2026-04-26T16:55:57.809+0000] {dagbag.py:538} INFO - Filling up the DagBag from /opt/airflow/dags/country_capital_etl.py
[2026-04-26T16:55:57.820+0000] {processor.py:840} INFO - DAG(s) 'country_capital_pipeline' retrieved from /opt/airflow/dags/country_capital_etl.py
[2026-04-26T16:55:57.835+0000] {logging_mixin.py:188} INFO - [2026-04-26T16:55:57.835+0000] {dag.py:3036} INFO - Sync 1 DAGs
[2026-04-26T16:55:57.847+0000] {logging_mixin.py:188} INFO - [2026-04-26T16:55:57.847+0000] {dag.py:3823} INFO - Setting next_dagrun for country_capital_pipeline to 2026-04-25 00:00:00+00:00, run_after=2026-04-26 00:00:00+00:00
[2026-04-26T16:55:57.857+0000] {processor.py:183} INFO - Processing /opt/airflow/dags/country_capital_etl.py took 0.052 seconds
[2026-04-26T17:09:48.687+0000] {processor.py:161} INFO - Started process (PID=875) to work on /opt/airflow/dags/country_capital_etl.py
[2026-04-26T17:09:48.690+0000] {processor.py:830} INFO - Processing file /opt/airflow/dags/country_capital_etl.py for tasks to queue
[2026-04-26T17:09:48.695+0000] {logging_mixin.py:188} INFO - [2026-04-26T17:09:48.694+0000] {dagbag.py:538} INFO - Filling up the DagBag from /opt/airflow/dags/country_capital_etl.py
[2026-04-26T17:09:48.712+0000] {processor.py:840} INFO - DAG(s) 'country_capital_pipeline' retrieved from /opt/airflow/dags/country_capital_etl.py
[2026-04-26T17:09:48.743+0000] {logging_mixin.py:188} INFO - [2026-04-26T17:09:48.743+0000] {dag.py:3036} INFO - Sync 1 DAGs
[2026-04-26T17:09:48.771+0000] {logging_mixin.py:188} INFO - [2026-04-26T17:09:48.771+0000] {dag.py:3823} INFO - Setting next_dagrun for country_capital_pipeline to 2026-04-25 00:00:00+00:00, run_after=2026-04-26 00:00:00+00:00
[2026-04-26T17:09:48.795+0000] {processor.py:183} INFO - Processing /opt/airflow/dags/country_capital_etl.py took 0.113 seconds
[2026-04-26T17:56:19.778+0000] {processor.py:161} INFO - Started process (PID=882) to work on /opt/airflow/dags/country_capital_etl.py
[2026-04-26T17:56:19.780+0000] {processor.py:830} INFO - Processing file /opt/airflow/dags/country_capital_etl.py for tasks to queue
[2026-04-26T17:56:19.785+0000] {logging_mixin.py:188} INFO - [2026-04-26T17:56:19.783+0000] {dagbag.py:538} INFO - Filling up the DagBag from /opt/airflow/dags/country_capital_etl.py
[2026-04-26T17:56:19.833+0000] {processor.py:840} INFO - DAG(s) 'country_capital_pipeline' retrieved from /opt/airflow/dags/country_capital_etl.py
[2026-04-26T17:56:19.899+0000] {logging_mixin.py:188} INFO - [2026-04-26T17:56:19.898+0000] {dag.py:3036} INFO - Sync 1 DAGs
[2026-04-26T17:56:19.969+0000] {logging_mixin.py:188} INFO - [2026-04-26T17:56:19.968+0000] {dag.py:3823} INFO - Setting next_dagrun for country_capital_pipeline to 2026-04-25 00:00:00+00:00, run_after=2026-04-26 00:00:00+00:00
[2026-04-26T17:56:21.374+0000] {processor.py:183} INFO - Processing /opt/airflow/dags/country_capital_etl.py took 1.599 seconds
[2026-04-26T17:56:52.570+0000] {processor.py:161} INFO - Started process (PID=889) to work on /opt/airflow/dags/country_capital_etl.py
[2026-04-26T17:56:52.572+0000] {processor.py:830} INFO - Processing file /opt/airflow/dags/country_capital_etl.py for tasks to queue
[2026-04-26T17:56:52.574+0000] {logging_mixin.py:188} INFO - [2026-04-26T17:56:52.574+0000] {dagbag.py:538} INFO - Filling up the DagBag from /opt/airflow/dags/country_capital_etl.py
[2026-04-26T17:56:52.586+0000] {processor.py:840} INFO - DAG(s) 'country_capital_pipeline' retrieved from /opt/airflow/dags/country_capital_etl.py
[2026-04-26T17:56:52.608+0000] {logging_mixin.py:188} INFO - [2026-04-26T17:56:52.608+0000] {dag.py:3036} INFO - Sync 1 DAGs
[2026-04-26T17:56:52.620+0000] {logging_mixin.py:188} INFO - [2026-04-26T17:56:52.620+0000] {dag.py:3823} INFO - Setting next_dagrun for country_capital_pipeline to 2026-04-25 00:00:00+00:00, run_after=2026-04-26 00:00:00+00:00
[2026-04-26T17:56:52.631+0000] {processor.py:183} INFO - Processing /opt/airflow/dags/country_capital_etl.py took 0.067 seconds
[2026-04-26T18:13:33.745+0000] {processor.py:161} INFO - Started process (PID=896) to work on /opt/airflow/dags/country_capital_etl.py
[2026-04-26T18:13:33.745+0000] {processor.py:830} INFO - Processing file /opt/airflow/dags/country_capital_etl.py for tasks to queue
[2026-04-26T18:13:33.747+0000] {logging_mixin.py:188} INFO - [2026-04-26T18:13:33.747+0000] {dagbag.py:538} INFO - Filling up the DagBag from /opt/airflow/dags/country_capital_etl.py
[2026-04-26T18:13:33.762+0000] {processor.py:840} INFO - DAG(s) 'country_capital_pipeline' retrieved from /opt/airflow/dags/country_capital_etl.py
[2026-04-26T18:13:33.779+0000] {logging_mixin.py:188} INFO - [2026-04-26T18:13:33.779+0000] {dag.py:3036} INFO - Sync 1 DAGs
[2026-04-26T18:13:33.792+0000] {logging_mixin.py:188} INFO - [2026-04-26T18:13:33.792+0000] {dag.py:3823} INFO - Setting next_dagrun for country_capital_pipeline to 2026-04-25 00:00:00+00:00, run_after=2026-04-26 00:00:00+00:00
[2026-04-26T18:13:33.805+0000] {processor.py:183} INFO - Processing /opt/airflow/dags/country_capital_etl.py took 0.063 seconds
[2026-04-26T18:57:22.288+0000] {processor.py:161} INFO - Started process (PID=903) to work on /opt/airflow/dags/country_capital_etl.py
[2026-04-26T18:57:22.292+0000] {processor.py:830} INFO - Processing file /opt/airflow/dags/country_capital_etl.py for tasks to queue
[2026-04-26T18:57:22.297+0000] {logging_mixin.py:188} INFO - [2026-04-26T18:57:22.295+0000] {dagbag.py:538} INFO - Filling up the DagBag from /opt/airflow/dags/country_capital_etl.py
[2026-04-26T18:57:22.319+0000] {processor.py:840} INFO - DAG(s) 'country_capital_pipeline' retrieved from /opt/airflow/dags/country_capital_etl.py
[2026-04-26T18:57:22.365+0000] {logging_mixin.py:188} INFO - [2026-04-26T18:57:22.364+0000] {dag.py:3036} INFO - Sync 1 DAGs
[2026-04-26T18:57:22.397+0000] {logging_mixin.py:188} INFO - [2026-04-26T18:57:22.397+0000] {dag.py:3823} INFO - Setting next_dagrun for country_capital_pipeline to 2026-04-25 00:00:00+00:00, run_after=2026-04-26 00:00:00+00:00
[2026-04-26T18:57:22.427+0000] {processor.py:183} INFO - Processing /opt/airflow/dags/country_capital_etl.py took 0.145 seconds
[2026-04-26T18:57:52.967+0000] {processor.py:161} INFO - Started process (PID=910) to work on /opt/airflow/dags/country_capital_etl.py
[2026-04-26T18:57:52.969+0000] {processor.py:830} INFO - Processing file /opt/airflow/dags/country_capital_etl.py for tasks to queue
[2026-04-26T18:57:52.970+0000] {logging_mixin.py:188} INFO - [2026-04-26T18:57:52.970+0000] {dagbag.py:538} INFO - Filling up the DagBag from /opt/airflow/dags/country_capital_etl.py
[2026-04-26T18:57:52.980+0000] {processor.py:840} INFO - DAG(s) 'country_capital_pipeline' retrieved from /opt/airflow/dags/country_capital_etl.py
[2026-04-26T18:57:52.996+0000] {logging_mixin.py:188} INFO - [2026-04-26T18:57:52.995+0000] {dag.py:3036} INFO - Sync 1 DAGs
[2026-04-26T18:57:53.008+0000] {logging_mixin.py:188} INFO - [2026-04-26T18:57:53.008+0000] {dag.py:3823} INFO - Setting next_dagrun for country_capital_pipeline to 2026-04-25 00:00:00+00:00, run_after=2026-04-26 00:00:00+00:00
[2026-04-26T18:57:53.017+0000] {processor.py:183} INFO - Processing /opt/airflow/dags/country_capital_etl.py took 0.052 seconds
[2026-04-26T19:12:07.348+0000] {processor.py:161} INFO - Started process (PID=917) to work on /opt/airflow/dags/country_capital_etl.py
[2026-04-26T19:12:07.350+0000] {processor.py:830} INFO - Processing file /opt/airflow/dags/country_capital_etl.py for tasks to queue
[2026-04-26T19:12:07.357+0000] {logging_mixin.py:188} INFO - [2026-04-26T19:12:07.357+0000] {dagbag.py:538} INFO - Filling up the DagBag from /opt/airflow/dags/country_capital_etl.py
[2026-04-26T19:12:07.375+0000] {processor.py:840} INFO - DAG(s) 'country_capital_pipeline' retrieved from /opt/airflow/dags/country_capital_etl.py
[2026-04-26T19:12:07.413+0000] {logging_mixin.py:188} INFO - [2026-04-26T19:12:07.412+0000] {dag.py:3036} INFO - Sync 1 DAGs
[2026-04-26T19:12:07.437+0000] {logging_mixin.py:188} INFO - [2026-04-26T19:12:07.437+0000] {dag.py:3823} INFO - Setting next_dagrun for country_capital_pipeline to 2026-04-25 00:00:00+00:00, run_after=2026-04-26 00:00:00+00:00
[2026-04-26T19:12:07.457+0000] {processor.py:183} INFO - Processing /opt/airflow/dags/country_capital_etl.py took 0.113 seconds
[2026-04-26T19:36:13.183+0000] {processor.py:161} INFO - Started process (PID=924) to work on /opt/airflow/dags/country_capital_etl.py
[2026-04-26T19:36:13.184+0000] {processor.py:830} INFO - Processing file /opt/airflow/dags/country_capital_etl.py for tasks to queue
[2026-04-26T19:36:13.187+0000] {logging_mixin.py:188} INFO - [2026-04-26T19:36:13.187+0000] {dagbag.py:538} INFO - Filling up the DagBag from /opt/airflow/dags/country_capital_etl.py
[2026-04-26T19:36:13.195+0000] {processor.py:840} INFO - DAG(s) 'country_capital_pipeline' retrieved from /opt/airflow/dags/country_capital_etl.py
[2026-04-26T19:36:13.210+0000] {logging_mixin.py:188} INFO - [2026-04-26T19:36:13.210+0000] {dag.py:3036} INFO - Sync 1 DAGs
[2026-04-26T19:36:13.222+0000] {logging_mixin.py:188} INFO - [2026-04-26T19:36:13.222+0000] {dag.py:3823} INFO - Setting next_dagrun for country_capital_pipeline to 2026-04-25 00:00:00+00:00, run_after=2026-04-26 00:00:00+00:00
[2026-04-26T19:36:13.232+0000] {processor.py:183} INFO - Processing /opt/airflow/dags/country_capital_etl.py took 0.051 seconds
[2026-04-26T19:36:50.891+0000] {processor.py:161} INFO - Started process (PID=931) to work on /opt/airflow/dags/country_capital_etl.py
[2026-04-26T19:36:50.892+0000] {processor.py:830} INFO - Processing file /opt/airflow/dags/country_capital_etl.py for tasks to queue
[2026-04-26T19:36:50.893+0000] {logging_mixin.py:188} INFO - [2026-04-26T19:36:50.893+0000] {dagbag.py:538} INFO - Filling up the DagBag from /opt/airflow/dags/country_capital_etl.py
[2026-04-26T19:36:50.901+0000] {processor.py:840} INFO - DAG(s) 'country_capital_pipeline' retrieved from /opt/airflow/dags/country_capital_etl.py
[2026-04-26T19:36:50.916+0000] {logging_mixin.py:188} INFO - [2026-04-26T19:36:50.916+0000] {dag.py:3036} INFO - Sync 1 DAGs
[2026-04-26T19:36:50.928+0000] {logging_mixin.py:188} INFO - [2026-04-26T19:36:50.928+0000] {dag.py:3823} INFO - Setting next_dagrun for country_capital_pipeline to 2026-04-25 00:00:00+00:00, run_after=2026-04-26 00:00:00+00:00
[2026-04-26T19:36:50.938+0000] {processor.py:183} INFO - Processing /opt/airflow/dags/country_capital_etl.py took 0.050 seconds
[2026-04-26T19:54:45.876+0000] {processor.py:161} INFO - Started process (PID=938) to work on /opt/airflow/dags/country_capital_etl.py
[2026-04-26T19:54:45.877+0000] {processor.py:830} INFO - Processing file /opt/airflow/dags/country_capital_etl.py for tasks to queue
[2026-04-26T19:54:45.882+0000] {logging_mixin.py:188} INFO - [2026-04-26T19:54:45.881+0000] {dagbag.py:538} INFO - Filling up the DagBag from /opt/airflow/dags/country_capital_etl.py
[2026-04-26T19:54:45.896+0000] {processor.py:840} INFO - DAG(s) 'country_capital_pipeline' retrieved from /opt/airflow/dags/country_capital_etl.py
[2026-04-26T19:54:45.927+0000] {logging_mixin.py:188} INFO - [2026-04-26T19:54:45.927+0000] {dag.py:3036} INFO - Sync 1 DAGs
[2026-04-26T19:54:45.948+0000] {logging_mixin.py:188} INFO - [2026-04-26T19:54:45.948+0000] {dag.py:3823} INFO - Setting next_dagrun for country_capital_pipeline to 2026-04-25 00:00:00+00:00, run_after=2026-04-26 00:00:00+00:00
[2026-04-26T19:54:45.964+0000] {processor.py:183} INFO - Processing /opt/airflow/dags/country_capital_etl.py took 0.092 seconds
[2026-04-26T19:55:16.474+0000] {processor.py:161} INFO - Started process (PID=945) to work on /opt/airflow/dags/country_capital_etl.py
[2026-04-26T19:55:16.475+0000] {processor.py:830} INFO - Processing file /opt/airflow/dags/country_capital_etl.py for tasks to queue
[2026-04-26T19:55:16.478+0000] {logging_mixin.py:188} INFO - [2026-04-26T19:55:16.477+0000] {dagbag.py:538} INFO - Filling up the DagBag from /opt/airflow/dags/country_capital_etl.py
[2026-04-26T19:55:16.488+0000] {processor.py:840} INFO - DAG(s) 'country_capital_pipeline' retrieved from /opt/airflow/dags/country_capital_etl.py
[2026-04-26T19:55:16.503+0000] {logging_mixin.py:188} INFO - [2026-04-26T19:55:16.503+0000] {dag.py:3036} INFO - Sync 1 DAGs
[2026-04-26T19:55:16.515+0000] {logging_mixin.py:188} INFO - [2026-04-26T19:55:16.515+0000] {dag.py:3823} INFO - Setting next_dagrun for country_capital_pipeline to 2026-04-25 00:00:00+00:00, run_after=2026-04-26 00:00:00+00:00
[2026-04-26T19:55:16.525+0000] {processor.py:183} INFO - Processing /opt/airflow/dags/country_capital_etl.py took 0.053 seconds
[2026-04-26T19:58:21.625+0000] {processor.py:161} INFO - Started process (PID=952) to work on /opt/airflow/dags/country_capital_etl.py
[2026-04-26T19:58:21.626+0000] {processor.py:830} INFO - Processing file /opt/airflow/dags/country_capital_etl.py for tasks to queue
[2026-04-26T19:58:21.628+0000] {logging_mixin.py:188} INFO - [2026-04-26T19:58:21.628+0000] {dagbag.py:538} INFO - Filling up the DagBag from /opt/airflow/dags/country_capital_etl.py
[2026-04-26T19:58:21.639+0000] {processor.py:840} INFO - DAG(s) 'country_capital_pipeline' retrieved from /opt/airflow/dags/country_capital_etl.py
[2026-04-26T19:58:21.655+0000] {logging_mixin.py:188} INFO - [2026-04-26T19:58:21.654+0000] {dag.py:3036} INFO - Sync 1 DAGs
[2026-04-26T19:58:21.668+0000] {logging_mixin.py:188} INFO - [2026-04-26T19:58:21.668+0000] {dag.py:3823} INFO - Setting next_dagrun for country_capital_pipeline to 2026-04-25 00:00:00+00:00, run_after=2026-04-26 00:00:00+00:00
[2026-04-26T19:58:21.678+0000] {processor.py:183} INFO - Processing /opt/airflow/dags/country_capital_etl.py took 0.056 seconds
[2026-04-26T19:58:52.250+0000] {processor.py:161} INFO - Started process (PID=959) to work on /opt/airflow/dags/country_capital_etl.py
[2026-04-26T19:58:52.251+0000] {processor.py:830} INFO - Processing file /opt/airflow/dags/country_capital_etl.py for tasks to queue
[2026-04-26T19:58:52.252+0000] {logging_mixin.py:188} INFO - [2026-04-26T19:58:52.252+0000] {dagbag.py:538} INFO - Filling up the DagBag from /opt/airflow/dags/country_capital_etl.py
[2026-04-26T19:58:52.266+0000] {processor.py:840} INFO - DAG(s) 'country_capital_pipeline' retrieved from /opt/airflow/dags/country_capital_etl.py
[2026-04-26T19:58:52.289+0000] {logging_mixin.py:188} INFO - [2026-04-26T19:58:52.289+0000] {dag.py:3036} INFO - Sync 1 DAGs
[2026-04-26T19:58:52.304+0000] {logging_mixin.py:188} INFO - [2026-04-26T19:58:52.303+0000] {dag.py:3823} INFO - Setting next_dagrun for country_capital_pipeline to 2026-04-25 00:00:00+00:00, run_after=2026-04-26 00:00:00+00:00
[2026-04-26T19:58:52.316+0000] {processor.py:183} INFO - Processing /opt/airflow/dags/country_capital_etl.py took 0.069 seconds
[2026-04-26T20:59:29.923+0000] {processor.py:161} INFO - Started process (PID=966) to work on /opt/airflow/dags/country_capital_etl.py
[2026-04-26T20:59:29.926+0000] {processor.py:830} INFO - Processing file /opt/airflow/dags/country_capital_etl.py for tasks to queue
[2026-04-26T20:59:29.933+0000] {logging_mixin.py:188} INFO - [2026-04-26T20:59:29.933+0000] {dagbag.py:538} INFO - Filling up the DagBag from /opt/airflow/dags/country_capital_etl.py
[2026-04-26T20:59:29.954+0000] {processor.py:840} INFO - DAG(s) 'country_capital_pipeline' retrieved from /opt/airflow/dags/country_capital_etl.py
[2026-04-26T20:59:29.997+0000] {logging_mixin.py:188} INFO - [2026-04-26T20:59:29.997+0000] {dag.py:3036} INFO - Sync 1 DAGs
[2026-04-26T20:59:30.029+0000] {logging_mixin.py:188} INFO - [2026-04-26T20:59:30.029+0000] {dag.py:3823} INFO - Setting next_dagrun for country_capital_pipeline to 2026-04-25 00:00:00+00:00, run_after=2026-04-26 00:00:00+00:00
[2026-04-26T20:59:30.058+0000] {processor.py:183} INFO - Processing /opt/airflow/dags/country_capital_etl.py took 0.142 seconds
[2026-04-26T21:16:33.724+0000] {processor.py:161} INFO - Started process (PID=973) to work on /opt/airflow/dags/country_capital_etl.py
[2026-04-26T21:16:33.724+0000] {processor.py:830} INFO - Processing file /opt/airflow/dags/country_capital_etl.py for tasks to queue
[2026-04-26T21:16:33.727+0000] {logging_mixin.py:188} INFO - [2026-04-26T21:16:33.726+0000] {dagbag.py:538} INFO - Filling up the DagBag from /opt/airflow/dags/country_capital_etl.py
[2026-04-26T21:16:33.734+0000] {processor.py:840} INFO - DAG(s) 'country_capital_pipeline' retrieved from /opt/airflow/dags/country_capital_etl.py
[2026-04-26T21:16:33.750+0000] {logging_mixin.py:188} INFO - [2026-04-26T21:16:33.750+0000] {dag.py:3036} INFO - Sync 1 DAGs
[2026-04-26T21:16:33.763+0000] {logging_mixin.py:188} INFO - [2026-04-26T21:16:33.763+0000] {dag.py:3823} INFO - Setting next_dagrun for country_capital_pipeline to 2026-04-25 00:00:00+00:00, run_after=2026-04-26 00:00:00+00:00
[2026-04-26T21:16:33.773+0000] {processor.py:183} INFO - Processing /opt/airflow/dags/country_capital_etl.py took 0.052 seconds
[2026-04-26T21:55:51.906+0000] {processor.py:161} INFO - Started process (PID=980) to work on /opt/airflow/dags/country_capital_etl.py
[2026-04-26T21:55:51.907+0000] {processor.py:830} INFO - Processing file /opt/airflow/dags/country_capital_etl.py for tasks to queue
[2026-04-26T21:55:51.910+0000] {logging_mixin.py:188} INFO - [2026-04-26T21:55:51.910+0000] {dagbag.py:538} INFO - Filling up the DagBag from /opt/airflow/dags/country_capital_etl.py
[2026-04-26T21:55:51.920+0000] {processor.py:840} INFO - DAG(s) 'country_capital_pipeline' retrieved from /opt/airflow/dags/country_capital_etl.py
[2026-04-26T21:55:51.938+0000] {logging_mixin.py:188} INFO - [2026-04-26T21:55:51.938+0000] {dag.py:3036} INFO - Sync 1 DAGs
[2026-04-26T21:55:51.952+0000] {logging_mixin.py:188} INFO - [2026-04-26T21:55:51.952+0000] {dag.py:3823} INFO - Setting next_dagrun for country_capital_pipeline to 2026-04-25 00:00:00+00:00, run_after=2026-04-26 00:00:00+00:00
[2026-04-26T21:55:51.965+0000] {processor.py:183} INFO - Processing /opt/airflow/dags/country_capital_etl.py took 0.063 seconds
[2026-04-26T22:00:18.063+0000] {processor.py:161} INFO - Started process (PID=987) to work on /opt/airflow/dags/country_capital_etl.py
[2026-04-26T22:00:18.064+0000] {processor.py:830} INFO - Processing file /opt/airflow/dags/country_capital_etl.py for tasks to queue
[2026-04-26T22:00:18.066+0000] {logging_mixin.py:188} INFO - [2026-04-26T22:00:18.066+0000] {dagbag.py:538} INFO - Filling up the DagBag from /opt/airflow/dags/country_capital_etl.py
[2026-04-26T22:00:18.073+0000] {processor.py:840} INFO - DAG(s) 'country_capital_pipeline' retrieved from /opt/airflow/dags/country_capital_etl.py
[2026-04-26T22:00:18.088+0000] {logging_mixin.py:188} INFO - [2026-04-26T22:00:18.088+0000] {dag.py:3036} INFO - Sync 1 DAGs
[2026-04-26T22:00:18.100+0000] {logging_mixin.py:188} INFO - [2026-04-26T22:00:18.100+0000] {dag.py:3823} INFO - Setting next_dagrun for country_capital_pipeline to 2026-04-25 00:00:00+00:00, run_after=2026-04-26 00:00:00+00:00
[2026-04-26T22:00:18.111+0000] {processor.py:183} INFO - Processing /opt/airflow/dags/country_capital_etl.py took 0.050 seconds
[2026-04-26T22:08:47.230+0000] {processor.py:161} INFO - Started process (PID=994) to work on /opt/airflow/dags/country_capital_etl.py
[2026-04-26T22:08:47.231+0000] {processor.py:830} INFO - Processing file /opt/airflow/dags/country_capital_etl.py for tasks to queue
[2026-04-26T22:08:47.234+0000] {logging_mixin.py:188} INFO - [2026-04-26T22:08:47.233+0000] {dagbag.py:538} INFO - Filling up the DagBag from /opt/airflow/dags/country_capital_etl.py
[2026-04-26T22:08:47.245+0000] {processor.py:840} INFO - DAG(s) 'country_capital_pipeline' retrieved from /opt/airflow/dags/country_capital_etl.py
[2026-04-26T22:08:47.262+0000] {logging_mixin.py:188} INFO - [2026-04-26T22:08:47.261+0000] {dag.py:3036} INFO - Sync 1 DAGs
[2026-04-26T22:08:47.274+0000] {logging_mixin.py:188} INFO - [2026-04-26T22:08:47.274+0000] {dag.py:3823} INFO - Setting next_dagrun for country_capital_pipeline to 2026-04-25 00:00:00+00:00, run_after=2026-04-26 00:00:00+00:00
[2026-04-26T22:08:47.285+0000] {processor.py:183} INFO - Processing /opt/airflow/dags/country_capital_etl.py took 0.058 seconds
[2026-04-26T22:27:21.949+0000] {processor.py:161} INFO - Started process (PID=1001) to work on /opt/airflow/dags/country_capital_etl.py
[2026-04-26T22:27:21.954+0000] {processor.py:830} INFO - Processing file /opt/airflow/dags/country_capital_etl.py for tasks to queue
[2026-04-26T22:27:21.959+0000] {logging_mixin.py:188} INFO - [2026-04-26T22:27:21.958+0000] {dagbag.py:538} INFO - Filling up the DagBag from /opt/airflow/dags/country_capital_etl.py
[2026-04-26T22:27:21.992+0000] {processor.py:840} INFO - DAG(s) 'country_capital_pipeline' retrieved from /opt/airflow/dags/country_capital_etl.py
[2026-04-26T22:27:22.030+0000] {logging_mixin.py:188} INFO - [2026-04-26T22:27:22.029+0000] {dag.py:3036} INFO - Sync 1 DAGs
[2026-04-26T22:27:22.052+0000] {logging_mixin.py:188} INFO - [2026-04-26T22:27:22.052+0000] {dag.py:3823} INFO - Setting next_dagrun for country_capital_pipeline to 2026-04-25 00:00:00+00:00, run_after=2026-04-26 00:00:00+00:00
[2026-04-26T22:27:22.076+0000] {processor.py:183} INFO - Processing /opt/airflow/dags/country_capital_etl.py took 0.132 seconds
[2026-04-26T22:27:52.550+0000] {processor.py:161} INFO - Started process (PID=1008) to work on /opt/airflow/dags/country_capital_etl.py
[2026-04-26T22:27:52.552+0000] {processor.py:830} INFO - Processing file /opt/airflow/dags/country_capital_etl.py for tasks to queue
[2026-04-26T22:27:52.553+0000] {logging_mixin.py:188} INFO - [2026-04-26T22:27:52.553+0000] {dagbag.py:538} INFO - Filling up the DagBag from /opt/airflow/dags/country_capital_etl.py
[2026-04-26T22:27:52.561+0000] {processor.py:840} INFO - DAG(s) 'country_capital_pipeline' retrieved from /opt/airflow/dags/country_capital_etl.py
[2026-04-26T22:27:52.577+0000] {logging_mixin.py:188} INFO - [2026-04-26T22:27:52.577+0000] {dag.py:3036} INFO - Sync 1 DAGs
[2026-04-26T22:27:52.591+0000] {logging_mixin.py:188} INFO - [2026-04-26T22:27:52.590+0000] {dag.py:3823} INFO - Setting next_dagrun for country_capital_pipeline to 2026-04-25 00:00:00+00:00, run_after=2026-04-26 00:00:00+00:00
[2026-04-26T22:27:52.600+0000] {processor.py:183} INFO - Processing /opt/airflow/dags/country_capital_etl.py took 0.052 seconds
[2026-04-26T22:28:23.142+0000] {processor.py:161} INFO - Started process (PID=1015) to work on /opt/airflow/dags/country_capital_etl.py
[2026-04-26T22:28:23.143+0000] {processor.py:830} INFO - Processing file /opt/airflow/dags/country_capital_etl.py for tasks to queue
[2026-04-26T22:28:23.144+0000] {logging_mixin.py:188} INFO - [2026-04-26T22:28:23.144+0000] {dagbag.py:538} INFO - Filling up the DagBag from /opt/airflow/dags/country_capital_etl.py
[2026-04-26T22:28:23.152+0000] {processor.py:840} INFO - DAG(s) 'country_capital_pipeline' retrieved from /opt/airflow/dags/country_capital_etl.py
[2026-04-26T22:28:23.167+0000] {logging_mixin.py:188} INFO - [2026-04-26T22:28:23.167+0000] {dag.py:3036} INFO - Sync 1 DAGs
[2026-04-26T22:28:23.179+0000] {logging_mixin.py:188} INFO - [2026-04-26T22:28:23.179+0000] {dag.py:3823} INFO - Setting next_dagrun for country_capital_pipeline to 2026-04-25 00:00:00+00:00, run_after=2026-04-26 00:00:00+00:00
[2026-04-26T22:28:23.189+0000] {processor.py:183} INFO - Processing /opt/airflow/dags/country_capital_etl.py took 0.049 seconds
[2026-04-26T22:28:53.717+0000] {processor.py:161} INFO - Started process (PID=1022) to work on /opt/airflow/dags/country_capital_etl.py
[2026-04-26T22:28:53.718+0000] {processor.py:830} INFO - Processing file /opt/airflow/dags/country_capital_etl.py for tasks to queue
[2026-04-26T22:28:53.720+0000] {logging_mixin.py:188} INFO - [2026-04-26T22:28:53.720+0000] {dagbag.py:538} INFO - Filling up the DagBag from /opt/airflow/dags/country_capital_etl.py
[2026-04-26T22:28:53.728+0000] {processor.py:840} INFO - DAG(s) 'country_capital_pipeline' retrieved from /opt/airflow/dags/country_capital_etl.py
[2026-04-26T22:28:53.744+0000] {logging_mixin.py:188} INFO - [2026-04-26T22:28:53.744+0000] {dag.py:3036} INFO - Sync 1 DAGs
[2026-04-26T22:28:53.757+0000] {logging_mixin.py:188} INFO - [2026-04-26T22:28:53.756+0000] {dag.py:3823} INFO - Setting next_dagrun for country_capital_pipeline to 2026-04-25 00:00:00+00:00, run_after=2026-04-26 00:00:00+00:00
[2026-04-26T22:28:53.767+0000] {processor.py:183} INFO - Processing /opt/airflow/dags/country_capital_etl.py took 0.052 seconds
[2026-04-26T22:29:24.317+0000] {processor.py:161} INFO - Started process (PID=1029) to work on /opt/airflow/dags/country_capital_etl.py
[2026-04-26T22:29:24.319+0000] {processor.py:830} INFO - Processing file /opt/airflow/dags/country_capital_etl.py for tasks to queue
[2026-04-26T22:29:24.321+0000] {logging_mixin.py:188} INFO - [2026-04-26T22:29:24.320+0000] {dagbag.py:538} INFO - Filling up the DagBag from /opt/airflow/dags/country_capital_etl.py
[2026-04-26T22:29:24.332+0000] {processor.py:840} INFO - DAG(s) 'country_capital_pipeline' retrieved from /opt/airflow/dags/country_capital_etl.py
[2026-04-26T22:29:24.348+0000] {logging_mixin.py:188} INFO - [2026-04-26T22:29:24.348+0000] {dag.py:3036} INFO - Sync 1 DAGs
[2026-04-26T22:29:24.362+0000] {logging_mixin.py:188} INFO - [2026-04-26T22:29:24.362+0000] {dag.py:3823} INFO - Setting next_dagrun for country_capital_pipeline to 2026-04-25 00:00:00+00:00, run_after=2026-04-26 00:00:00+00:00
[2026-04-26T22:29:24.372+0000] {processor.py:183} INFO - Processing /opt/airflow/dags/country_capital_etl.py took 0.058 seconds
[2026-04-26T22:29:54.922+0000] {processor.py:161} INFO - Started process (PID=1036) to work on /opt/airflow/dags/country_capital_etl.py
[2026-04-26T22:29:54.923+0000] {processor.py:830} INFO - Processing file /opt/airflow/dags/country_capital_etl.py for tasks to queue
[2026-04-26T22:29:54.926+0000] {logging_mixin.py:188} INFO - [2026-04-26T22:29:54.926+0000] {dagbag.py:538} INFO - Filling up the DagBag from /opt/airflow/dags/country_capital_etl.py
[2026-04-26T22:29:54.936+0000] {processor.py:840} INFO - DAG(s) 'country_capital_pipeline' retrieved from /opt/airflow/dags/country_capital_etl.py
[2026-04-26T22:29:54.953+0000] {logging_mixin.py:188} INFO - [2026-04-26T22:29:54.952+0000] {dag.py:3036} INFO - Sync 1 DAGs
[2026-04-26T22:29:54.965+0000] {logging_mixin.py:188} INFO - [2026-04-26T22:29:54.965+0000] {dag.py:3823} INFO - Setting next_dagrun for country_capital_pipeline to 2026-04-25 00:00:00+00:00, run_after=2026-04-26 00:00:00+00:00
[2026-04-26T22:29:54.975+0000] {processor.py:183} INFO - Processing /opt/airflow/dags/country_capital_etl.py took 0.055 seconds
[2026-04-26T22:30:25.469+0000] {processor.py:161} INFO - Started process (PID=1043) to work on /opt/airflow/dags/country_capital_etl.py
[2026-04-26T22:30:25.470+0000] {processor.py:830} INFO - Processing file /opt/airflow/dags/country_capital_etl.py for tasks to queue
[2026-04-26T22:30:25.472+0000] {logging_mixin.py:188} INFO - [2026-04-26T22:30:25.472+0000] {dagbag.py:538} INFO - Filling up the DagBag from /opt/airflow/dags/country_capital_etl.py
[2026-04-26T22:30:25.481+0000] {processor.py:840} INFO - DAG(s) 'country_capital_pipeline' retrieved from /opt/airflow/dags/country_capital_etl.py
[2026-04-26T22:30:25.499+0000] {logging_mixin.py:188} INFO - [2026-04-26T22:30:25.499+0000] {dag.py:3036} INFO - Sync 1 DAGs
[2026-04-26T22:30:25.514+0000] {logging_mixin.py:188} INFO - [2026-04-26T22:30:25.513+0000] {dag.py:3823} INFO - Setting next_dagrun for country_capital_pipeline to 2026-04-25 00:00:00+00:00, run_after=2026-04-26 00:00:00+00:00
[2026-04-26T22:30:25.525+0000] {processor.py:183} INFO - Processing /opt/airflow/dags/country_capital_etl.py took 0.059 seconds
[2026-04-26T22:30:56.039+0000] {processor.py:161} INFO - Started process (PID=1050) to work on /opt/airflow/dags/country_capital_etl.py
[2026-04-26T22:30:56.040+0000] {processor.py:830} INFO - Processing file /opt/airflow/dags/country_capital_etl.py for tasks to queue
[2026-04-26T22:30:56.042+0000] {logging_mixin.py:188} INFO - [2026-04-26T22:30:56.042+0000] {dagbag.py:538} INFO - Filling up the DagBag from /opt/airflow/dags/country_capital_etl.py
[2026-04-26T22:30:56.049+0000] {processor.py:840} INFO - DAG(s) 'country_capital_pipeline' retrieved from /opt/airflow/dags/country_capital_etl.py
[2026-04-26T22:30:56.064+0000] {logging_mixin.py:188} INFO - [2026-04-26T22:30:56.064+0000] {dag.py:3036} INFO - Sync 1 DAGs
[2026-04-26T22:30:56.077+0000] {logging_mixin.py:188} INFO - [2026-04-26T22:30:56.077+0000] {dag.py:3823} INFO - Setting next_dagrun for country_capital_pipeline to 2026-04-25 00:00:00+00:00, run_after=2026-04-26 00:00:00+00:00
[2026-04-26T22:30:56.086+0000] {processor.py:183} INFO - Processing /opt/airflow/dags/country_capital_etl.py took 0.050 seconds
[2026-04-26T22:31:26.620+0000] {processor.py:161} INFO - Started process (PID=1057) to work on /opt/airflow/dags/country_capital_etl.py
[2026-04-26T22:31:26.621+0000] {processor.py:830} INFO - Processing file /opt/airflow/dags/country_capital_etl.py for tasks to queue
[2026-04-26T22:31:26.623+0000] {logging_mixin.py:188} INFO - [2026-04-26T22:31:26.623+0000] {dagbag.py:538} INFO - Filling up the DagBag from /opt/airflow/dags/country_capital_etl.py
[2026-04-26T22:31:26.634+0000] {processor.py:840} INFO - DAG(s) 'country_capital_pipeline' retrieved from /opt/airflow/dags/country_capital_etl.py
[2026-04-26T22:31:26.659+0000] {logging_mixin.py:188} INFO - [2026-04-26T22:31:26.659+0000] {dag.py:3036} INFO - Sync 1 DAGs
[2026-04-26T22:31:26.673+0000] {logging_mixin.py:188} INFO - [2026-04-26T22:31:26.673+0000] {dag.py:3823} INFO - Setting next_dagrun for country_capital_pipeline to 2026-04-25 00:00:00+00:00, run_after=2026-04-26 00:00:00+00:00
[2026-04-26T22:31:26.685+0000] {processor.py:183} INFO - Processing /opt/airflow/dags/country_capital_etl.py took 0.067 seconds
[2026-04-26T22:33:29.297+0000] {processor.py:161} INFO - Started process (PID=1064) to work on /opt/airflow/dags/country_capital_etl.py
[2026-04-26T22:33:29.298+0000] {processor.py:830} INFO - Processing file /opt/airflow/dags/country_capital_etl.py for tasks to queue
[2026-04-26T22:33:29.300+0000] {logging_mixin.py:188} INFO - [2026-04-26T22:33:29.299+0000] {dagbag.py:538} INFO - Filling up the DagBag from /opt/airflow/dags/country_capital_etl.py
[2026-04-26T22:33:29.307+0000] {processor.py:840} INFO - DAG(s) 'country_capital_pipeline' retrieved from /opt/airflow/dags/country_capital_etl.py
[2026-04-26T22:33:29.324+0000] {logging_mixin.py:188} INFO - [2026-04-26T22:33:29.323+0000] {dag.py:3036} INFO - Sync 1 DAGs
[2026-04-26T22:33:29.336+0000] {logging_mixin.py:188} INFO - [2026-04-26T22:33:29.336+0000] {dag.py:3823} INFO - Setting next_dagrun for country_capital_pipeline to 2026-04-25 00:00:00+00:00, run_after=2026-04-26 00:00:00+00:00
[2026-04-26T22:33:29.345+0000] {processor.py:183} INFO - Processing /opt/airflow/dags/country_capital_etl.py took 0.051 seconds
[2026-04-26T22:34:11.728+0000] {processor.py:161} INFO - Started process (PID=1071) to work on /opt/airflow/dags/country_capital_etl.py
[2026-04-26T22:34:11.729+0000] {processor.py:830} INFO - Processing file /opt/airflow/dags/country_capital_etl.py for tasks to queue
[2026-04-26T22:34:11.730+0000] {logging_mixin.py:188} INFO - [2026-04-26T22:34:11.730+0000] {dagbag.py:538} INFO - Filling up the DagBag from /opt/airflow/dags/country_capital_etl.py
[2026-04-26T22:34:11.738+0000] {processor.py:840} INFO - DAG(s) 'country_capital_pipeline' retrieved from /opt/airflow/dags/country_capital_etl.py
[2026-04-26T22:34:11.756+0000] {logging_mixin.py:188} INFO - [2026-04-26T22:34:11.756+0000] {dag.py:3036} INFO - Sync 1 DAGs
[2026-04-26T22:34:11.772+0000] {logging_mixin.py:188} INFO - [2026-04-26T22:34:11.772+0000] {dag.py:3823} INFO - Setting next_dagrun for country_capital_pipeline to 2026-04-25 00:00:00+00:00, run_after=2026-04-26 00:00:00+00:00
[2026-04-26T22:34:11.785+0000] {processor.py:183} INFO - Processing /opt/airflow/dags/country_capital_etl.py took 0.060 seconds
[2026-04-26T23:05:15.102+0000] {processor.py:161} INFO - Started process (PID=1078) to work on /opt/airflow/dags/country_capital_etl.py
[2026-04-26T23:05:15.103+0000] {processor.py:830} INFO - Processing file /opt/airflow/dags/country_capital_etl.py for tasks to queue
[2026-04-26T23:05:15.105+0000] {logging_mixin.py:188} INFO - [2026-04-26T23:05:15.105+0000] {dagbag.py:538} INFO - Filling up the DagBag from /opt/airflow/dags/country_capital_etl.py
[2026-04-26T23:05:15.117+0000] {processor.py:840} INFO - DAG(s) 'country_capital_pipeline' retrieved from /opt/airflow/dags/country_capital_etl.py
[2026-04-26T23:05:15.145+0000] {logging_mixin.py:188} INFO - [2026-04-26T23:05:15.145+0000] {dag.py:3036} INFO - Sync 1 DAGs
[2026-04-26T23:05:15.161+0000] {logging_mixin.py:188} INFO - [2026-04-26T23:05:15.160+0000] {dag.py:3823} INFO - Setting next_dagrun for country_capital_pipeline to 2026-04-25 00:00:00+00:00, run_after=2026-04-26 00:00:00+00:00
[2026-04-26T23:05:15.173+0000] {processor.py:183} INFO - Processing /opt/airflow/dags/country_capital_etl.py took 0.074 seconds
[2026-04-26T23:59:34.022+0000] {processor.py:161} INFO - Started process (PID=1085) to work on /opt/airflow/dags/country_capital_etl.py
[2026-04-26T23:59:34.022+0000] {processor.py:830} INFO - Processing file /opt/airflow/dags/country_capital_etl.py for tasks to queue
[2026-04-26T23:59:34.024+0000] {logging_mixin.py:188} INFO - [2026-04-26T23:59:34.024+0000] {dagbag.py:538} INFO - Filling up the DagBag from /opt/airflow/dags/country_capital_etl.py
[2026-04-26T23:59:34.031+0000] {processor.py:840} INFO - DAG(s) 'country_capital_pipeline' retrieved from /opt/airflow/dags/country_capital_etl.py
[2026-04-26T23:59:34.046+0000] {logging_mixin.py:188} INFO - [2026-04-26T23:59:34.046+0000] {dag.py:3036} INFO - Sync 1 DAGs
[2026-04-26T23:59:34.059+0000] {logging_mixin.py:188} INFO - [2026-04-26T23:59:34.058+0000] {dag.py:3823} INFO - Setting next_dagrun for country_capital_pipeline to 2026-04-25 00:00:00+00:00, run_after=2026-04-26 00:00:00+00:00
[2026-04-26T23:59:34.073+0000] {processor.py:183} INFO - Processing /opt/airflow/dags/country_capital_etl.py took 0.054 seconds
