[2026-04-26T00:07:55.540+0000] {processor.py:161} INFO - Started process (PID=598) to work on /opt/airflow/dags/dbt_dag.py
[2026-04-26T00:07:55.544+0000] {processor.py:830} INFO - Processing file /opt/airflow/dags/dbt_dag.py for tasks to queue
[2026-04-26T00:07:55.552+0000] {logging_mixin.py:188} INFO - [2026-04-26T00:07:55.552+0000] {dagbag.py:538} INFO - Filling up the DagBag from /opt/airflow/dags/dbt_dag.py
[2026-04-26T00:07:55.575+0000] {processor.py:840} INFO - DAG(s) 'dbt_spam_pipeline' retrieved from /opt/airflow/dags/dbt_dag.py
[2026-04-26T00:07:55.615+0000] {logging_mixin.py:188} INFO - [2026-04-26T00:07:55.615+0000] {dag.py:3036} INFO - Sync 1 DAGs
[2026-04-26T00:07:55.653+0000] {logging_mixin.py:188} INFO - [2026-04-26T00:07:55.653+0000] {dag.py:3823} INFO - Setting next_dagrun for dbt_spam_pipeline to 2026-04-25 00:00:00+00:00, run_after=2026-04-26 00:00:00+00:00
[2026-04-26T00:07:55.700+0000] {processor.py:183} INFO - Processing /opt/airflow/dags/dbt_dag.py took 0.173 seconds
[2026-04-26T00:08:25.855+0000] {processor.py:161} INFO - Started process (PID=605) to work on /opt/airflow/dags/dbt_dag.py
[2026-04-26T00:08:25.856+0000] {processor.py:830} INFO - Processing file /opt/airflow/dags/dbt_dag.py for tasks to queue
[2026-04-26T00:08:25.858+0000] {logging_mixin.py:188} INFO - [2026-04-26T00:08:25.858+0000] {dagbag.py:538} INFO - Filling up the DagBag from /opt/airflow/dags/dbt_dag.py
[2026-04-26T00:08:25.867+0000] {processor.py:840} INFO - DAG(s) 'dbt_spam_pipeline' retrieved from /opt/airflow/dags/dbt_dag.py
[2026-04-26T00:08:25.887+0000] {logging_mixin.py:188} INFO - [2026-04-26T00:08:25.887+0000] {dag.py:3036} INFO - Sync 1 DAGs
[2026-04-26T00:08:25.899+0000] {logging_mixin.py:188} INFO - [2026-04-26T00:08:25.899+0000] {dag.py:3823} INFO - Setting next_dagrun for dbt_spam_pipeline to 2026-04-25 00:00:00+00:00, run_after=2026-04-26 00:00:00+00:00
[2026-04-26T00:08:25.910+0000] {processor.py:183} INFO - Processing /opt/airflow/dags/dbt_dag.py took 0.057 seconds
[2026-04-26T00:59:09.477+0000] {processor.py:161} INFO - Started process (PID=612) to work on /opt/airflow/dags/dbt_dag.py
[2026-04-26T00:59:09.478+0000] {processor.py:830} INFO - Processing file /opt/airflow/dags/dbt_dag.py for tasks to queue
[2026-04-26T00:59:09.480+0000] {logging_mixin.py:188} INFO - [2026-04-26T00:59:09.480+0000] {dagbag.py:538} INFO - Filling up the DagBag from /opt/airflow/dags/dbt_dag.py
[2026-04-26T00:59:09.501+0000] {processor.py:840} INFO - DAG(s) 'dbt_spam_pipeline' retrieved from /opt/airflow/dags/dbt_dag.py
[2026-04-26T00:59:09.530+0000] {logging_mixin.py:188} INFO - [2026-04-26T00:59:09.530+0000] {dag.py:3036} INFO - Sync 1 DAGs
[2026-04-26T00:59:09.559+0000] {logging_mixin.py:188} INFO - [2026-04-26T00:59:09.559+0000] {dag.py:3823} INFO - Setting next_dagrun for dbt_spam_pipeline to 2026-04-25 00:00:00+00:00, run_after=2026-04-26 00:00:00+00:00
[2026-04-26T00:59:09.581+0000] {processor.py:183} INFO - Processing /opt/airflow/dags/dbt_dag.py took 0.106 seconds
[2026-04-26T01:25:50.643+0000] {processor.py:161} INFO - Started process (PID=619) to work on /opt/airflow/dags/dbt_dag.py
[2026-04-26T01:25:50.645+0000] {processor.py:830} INFO - Processing file /opt/airflow/dags/dbt_dag.py for tasks to queue
[2026-04-26T01:25:50.649+0000] {logging_mixin.py:188} INFO - [2026-04-26T01:25:50.649+0000] {dagbag.py:538} INFO - Filling up the DagBag from /opt/airflow/dags/dbt_dag.py
[2026-04-26T01:25:50.660+0000] {processor.py:840} INFO - DAG(s) 'dbt_spam_pipeline' retrieved from /opt/airflow/dags/dbt_dag.py
[2026-04-26T01:25:50.686+0000] {logging_mixin.py:188} INFO - [2026-04-26T01:25:50.686+0000] {dag.py:3036} INFO - Sync 1 DAGs
[2026-04-26T01:25:50.705+0000] {logging_mixin.py:188} INFO - [2026-04-26T01:25:50.705+0000] {dag.py:3823} INFO - Setting next_dagrun for dbt_spam_pipeline to 2026-04-25 00:00:00+00:00, run_after=2026-04-26 00:00:00+00:00
[2026-04-26T01:25:50.724+0000] {processor.py:183} INFO - Processing /opt/airflow/dags/dbt_dag.py took 0.086 seconds
[2026-04-26T01:36:56.307+0000] {processor.py:161} INFO - Started process (PID=626) to work on /opt/airflow/dags/dbt_dag.py
[2026-04-26T01:36:56.309+0000] {processor.py:830} INFO - Processing file /opt/airflow/dags/dbt_dag.py for tasks to queue
[2026-04-26T01:36:56.311+0000] {logging_mixin.py:188} INFO - [2026-04-26T01:36:56.311+0000] {dagbag.py:538} INFO - Filling up the DagBag from /opt/airflow/dags/dbt_dag.py
[2026-04-26T01:36:56.324+0000] {processor.py:840} INFO - DAG(s) 'dbt_spam_pipeline' retrieved from /opt/airflow/dags/dbt_dag.py
[2026-04-26T01:36:56.341+0000] {logging_mixin.py:188} INFO - [2026-04-26T01:36:56.341+0000] {dag.py:3036} INFO - Sync 1 DAGs
[2026-04-26T01:36:56.357+0000] {logging_mixin.py:188} INFO - [2026-04-26T01:36:56.357+0000] {dag.py:3823} INFO - Setting next_dagrun for dbt_spam_pipeline to 2026-04-25 00:00:00+00:00, run_after=2026-04-26 00:00:00+00:00
[2026-04-26T01:36:56.373+0000] {processor.py:183} INFO - Processing /opt/airflow/dags/dbt_dag.py took 0.068 seconds
[2026-04-26T02:10:07.038+0000] {processor.py:161} INFO - Started process (PID=633) to work on /opt/airflow/dags/dbt_dag.py
[2026-04-26T02:10:07.039+0000] {processor.py:830} INFO - Processing file /opt/airflow/dags/dbt_dag.py for tasks to queue
[2026-04-26T02:10:07.042+0000] {logging_mixin.py:188} INFO - [2026-04-26T02:10:07.041+0000] {dagbag.py:538} INFO - Filling up the DagBag from /opt/airflow/dags/dbt_dag.py
[2026-04-26T02:10:07.055+0000] {processor.py:840} INFO - DAG(s) 'dbt_spam_pipeline' retrieved from /opt/airflow/dags/dbt_dag.py
[2026-04-26T02:10:07.085+0000] {logging_mixin.py:188} INFO - [2026-04-26T02:10:07.085+0000] {dag.py:3036} INFO - Sync 1 DAGs
[2026-04-26T02:10:07.103+0000] {logging_mixin.py:188} INFO - [2026-04-26T02:10:07.103+0000] {dag.py:3823} INFO - Setting next_dagrun for dbt_spam_pipeline to 2026-04-25 00:00:00+00:00, run_after=2026-04-26 00:00:00+00:00
[2026-04-26T02:10:07.125+0000] {processor.py:183} INFO - Processing /opt/airflow/dags/dbt_dag.py took 0.090 seconds
[2026-04-26T02:26:58.390+0000] {processor.py:161} INFO - Started process (PID=640) to work on /opt/airflow/dags/dbt_dag.py
[2026-04-26T02:26:58.393+0000] {processor.py:830} INFO - Processing file /opt/airflow/dags/dbt_dag.py for tasks to queue
[2026-04-26T02:26:58.394+0000] {logging_mixin.py:188} INFO - [2026-04-26T02:26:58.394+0000] {dagbag.py:538} INFO - Filling up the DagBag from /opt/airflow/dags/dbt_dag.py
[2026-04-26T02:26:58.401+0000] {processor.py:840} INFO - DAG(s) 'dbt_spam_pipeline' retrieved from /opt/airflow/dags/dbt_dag.py
[2026-04-26T02:26:58.423+0000] {logging_mixin.py:188} INFO - [2026-04-26T02:26:58.423+0000] {dag.py:3036} INFO - Sync 1 DAGs
[2026-04-26T02:26:58.438+0000] {logging_mixin.py:188} INFO - [2026-04-26T02:26:58.438+0000] {dag.py:3823} INFO - Setting next_dagrun for dbt_spam_pipeline to 2026-04-25 00:00:00+00:00, run_after=2026-04-26 00:00:00+00:00
[2026-04-26T02:26:58.453+0000] {processor.py:183} INFO - Processing /opt/airflow/dags/dbt_dag.py took 0.065 seconds
[2026-04-26T02:32:10.992+0000] {processor.py:161} INFO - Started process (PID=647) to work on /opt/airflow/dags/dbt_dag.py
[2026-04-26T02:32:10.995+0000] {processor.py:830} INFO - Processing file /opt/airflow/dags/dbt_dag.py for tasks to queue
[2026-04-26T02:32:10.999+0000] {logging_mixin.py:188} INFO - [2026-04-26T02:32:10.999+0000] {dagbag.py:538} INFO - Filling up the DagBag from /opt/airflow/dags/dbt_dag.py
[2026-04-26T02:32:11.012+0000] {processor.py:840} INFO - DAG(s) 'dbt_spam_pipeline' retrieved from /opt/airflow/dags/dbt_dag.py
[2026-04-26T02:32:11.045+0000] {logging_mixin.py:188} INFO - [2026-04-26T02:32:11.045+0000] {dag.py:3036} INFO - Sync 1 DAGs
[2026-04-26T02:32:11.073+0000] {logging_mixin.py:188} INFO - [2026-04-26T02:32:11.073+0000] {dag.py:3823} INFO - Setting next_dagrun for dbt_spam_pipeline to 2026-04-25 00:00:00+00:00, run_after=2026-04-26 00:00:00+00:00
[2026-04-26T02:32:11.098+0000] {processor.py:183} INFO - Processing /opt/airflow/dags/dbt_dag.py took 0.109 seconds
[2026-04-26T03:03:18.784+0000] {processor.py:161} INFO - Started process (PID=654) to work on /opt/airflow/dags/dbt_dag.py
[2026-04-26T03:03:18.785+0000] {processor.py:830} INFO - Processing file /opt/airflow/dags/dbt_dag.py for tasks to queue
[2026-04-26T03:03:18.791+0000] {logging_mixin.py:188} INFO - [2026-04-26T03:03:18.789+0000] {dagbag.py:538} INFO - Filling up the DagBag from /opt/airflow/dags/dbt_dag.py
[2026-04-26T03:03:18.812+0000] {processor.py:840} INFO - DAG(s) 'dbt_spam_pipeline' retrieved from /opt/airflow/dags/dbt_dag.py
[2026-04-26T03:03:18.842+0000] {logging_mixin.py:188} INFO - [2026-04-26T03:03:18.841+0000] {dag.py:3036} INFO - Sync 1 DAGs
[2026-04-26T03:03:18.873+0000] {logging_mixin.py:188} INFO - [2026-04-26T03:03:18.872+0000] {dag.py:3823} INFO - Setting next_dagrun for dbt_spam_pipeline to 2026-04-25 00:00:00+00:00, run_after=2026-04-26 00:00:00+00:00
[2026-04-26T03:03:18.897+0000] {processor.py:183} INFO - Processing /opt/airflow/dags/dbt_dag.py took 0.118 seconds
[2026-04-26T03:03:49.623+0000] {processor.py:161} INFO - Started process (PID=661) to work on /opt/airflow/dags/dbt_dag.py
[2026-04-26T03:03:49.624+0000] {processor.py:830} INFO - Processing file /opt/airflow/dags/dbt_dag.py for tasks to queue
[2026-04-26T03:03:49.626+0000] {logging_mixin.py:188} INFO - [2026-04-26T03:03:49.626+0000] {dagbag.py:538} INFO - Filling up the DagBag from /opt/airflow/dags/dbt_dag.py
[2026-04-26T03:03:49.634+0000] {processor.py:840} INFO - DAG(s) 'dbt_spam_pipeline' retrieved from /opt/airflow/dags/dbt_dag.py
[2026-04-26T03:03:49.654+0000] {logging_mixin.py:188} INFO - [2026-04-26T03:03:49.654+0000] {dag.py:3036} INFO - Sync 1 DAGs
[2026-04-26T03:03:49.669+0000] {logging_mixin.py:188} INFO - [2026-04-26T03:03:49.669+0000] {dag.py:3823} INFO - Setting next_dagrun for dbt_spam_pipeline to 2026-04-25 00:00:00+00:00, run_after=2026-04-26 00:00:00+00:00
[2026-04-26T03:03:49.682+0000] {processor.py:183} INFO - Processing /opt/airflow/dags/dbt_dag.py took 0.064 seconds
[2026-04-26T03:27:34.285+0000] {processor.py:161} INFO - Started process (PID=668) to work on /opt/airflow/dags/dbt_dag.py
[2026-04-26T03:27:34.287+0000] {processor.py:830} INFO - Processing file /opt/airflow/dags/dbt_dag.py for tasks to queue
[2026-04-26T03:27:34.289+0000] {logging_mixin.py:188} INFO - [2026-04-26T03:27:34.288+0000] {dagbag.py:538} INFO - Filling up the DagBag from /opt/airflow/dags/dbt_dag.py
[2026-04-26T03:27:34.297+0000] {processor.py:840} INFO - DAG(s) 'dbt_spam_pipeline' retrieved from /opt/airflow/dags/dbt_dag.py
[2026-04-26T03:27:34.318+0000] {logging_mixin.py:188} INFO - [2026-04-26T03:27:34.317+0000] {dag.py:3036} INFO - Sync 1 DAGs
[2026-04-26T03:27:34.335+0000] {logging_mixin.py:188} INFO - [2026-04-26T03:27:34.335+0000] {dag.py:3823} INFO - Setting next_dagrun for dbt_spam_pipeline to 2026-04-25 00:00:00+00:00, run_after=2026-04-26 00:00:00+00:00
[2026-04-26T03:27:34.352+0000] {processor.py:183} INFO - Processing /opt/airflow/dags/dbt_dag.py took 0.069 seconds
[2026-04-26T04:16:54.146+0000] {processor.py:161} INFO - Started process (PID=675) to work on /opt/airflow/dags/dbt_dag.py
[2026-04-26T04:16:54.148+0000] {processor.py:830} INFO - Processing file /opt/airflow/dags/dbt_dag.py for tasks to queue
[2026-04-26T04:16:54.150+0000] {logging_mixin.py:188} INFO - [2026-04-26T04:16:54.150+0000] {dagbag.py:538} INFO - Filling up the DagBag from /opt/airflow/dags/dbt_dag.py
[2026-04-26T04:16:54.171+0000] {processor.py:840} INFO - DAG(s) 'dbt_spam_pipeline' retrieved from /opt/airflow/dags/dbt_dag.py
[2026-04-26T04:16:54.200+0000] {logging_mixin.py:188} INFO - [2026-04-26T04:16:54.200+0000] {dag.py:3036} INFO - Sync 1 DAGs
[2026-04-26T04:16:54.219+0000] {logging_mixin.py:188} INFO - [2026-04-26T04:16:54.218+0000] {dag.py:3823} INFO - Setting next_dagrun for dbt_spam_pipeline to 2026-04-25 00:00:00+00:00, run_after=2026-04-26 00:00:00+00:00
[2026-04-26T04:16:54.238+0000] {processor.py:183} INFO - Processing /opt/airflow/dags/dbt_dag.py took 0.097 seconds
[2026-04-26T04:28:58.387+0000] {processor.py:161} INFO - Started process (PID=682) to work on /opt/airflow/dags/dbt_dag.py
[2026-04-26T04:28:58.387+0000] {processor.py:830} INFO - Processing file /opt/airflow/dags/dbt_dag.py for tasks to queue
[2026-04-26T04:28:58.390+0000] {logging_mixin.py:188} INFO - [2026-04-26T04:28:58.390+0000] {dagbag.py:538} INFO - Filling up the DagBag from /opt/airflow/dags/dbt_dag.py
[2026-04-26T04:28:58.403+0000] {processor.py:840} INFO - DAG(s) 'dbt_spam_pipeline' retrieved from /opt/airflow/dags/dbt_dag.py
[2026-04-26T04:28:58.422+0000] {logging_mixin.py:188} INFO - [2026-04-26T04:28:58.422+0000] {dag.py:3036} INFO - Sync 1 DAGs
[2026-04-26T04:28:58.438+0000] {logging_mixin.py:188} INFO - [2026-04-26T04:28:58.438+0000] {dag.py:3823} INFO - Setting next_dagrun for dbt_spam_pipeline to 2026-04-25 00:00:00+00:00, run_after=2026-04-26 00:00:00+00:00
[2026-04-26T04:28:58.452+0000] {processor.py:183} INFO - Processing /opt/airflow/dags/dbt_dag.py took 0.068 seconds
[2026-04-26T04:47:33.250+0000] {processor.py:161} INFO - Started process (PID=689) to work on /opt/airflow/dags/dbt_dag.py
[2026-04-26T04:47:33.251+0000] {processor.py:830} INFO - Processing file /opt/airflow/dags/dbt_dag.py for tasks to queue
[2026-04-26T04:47:33.252+0000] {logging_mixin.py:188} INFO - [2026-04-26T04:47:33.252+0000] {dagbag.py:538} INFO - Filling up the DagBag from /opt/airflow/dags/dbt_dag.py
[2026-04-26T04:47:33.266+0000] {processor.py:840} INFO - DAG(s) 'dbt_spam_pipeline' retrieved from /opt/airflow/dags/dbt_dag.py
[2026-04-26T04:47:33.287+0000] {logging_mixin.py:188} INFO - [2026-04-26T04:47:33.287+0000] {dag.py:3036} INFO - Sync 1 DAGs
[2026-04-26T04:47:33.303+0000] {logging_mixin.py:188} INFO - [2026-04-26T04:47:33.303+0000] {dag.py:3823} INFO - Setting next_dagrun for dbt_spam_pipeline to 2026-04-25 00:00:00+00:00, run_after=2026-04-26 00:00:00+00:00
[2026-04-26T04:47:33.321+0000] {processor.py:183} INFO - Processing /opt/airflow/dags/dbt_dag.py took 0.072 seconds
[2026-04-26T05:05:19.828+0000] {processor.py:161} INFO - Started process (PID=696) to work on /opt/airflow/dags/dbt_dag.py
[2026-04-26T05:05:19.829+0000] {processor.py:830} INFO - Processing file /opt/airflow/dags/dbt_dag.py for tasks to queue
[2026-04-26T05:05:19.832+0000] {logging_mixin.py:188} INFO - [2026-04-26T05:05:19.831+0000] {dagbag.py:538} INFO - Filling up the DagBag from /opt/airflow/dags/dbt_dag.py
[2026-04-26T05:05:19.843+0000] {processor.py:840} INFO - DAG(s) 'dbt_spam_pipeline' retrieved from /opt/airflow/dags/dbt_dag.py
[2026-04-26T05:05:20.031+0000] {logging_mixin.py:188} INFO - [2026-04-26T05:05:20.030+0000] {dag.py:3036} INFO - Sync 1 DAGs
[2026-04-26T05:05:20.105+0000] {logging_mixin.py:188} INFO - [2026-04-26T05:05:20.105+0000] {dag.py:3823} INFO - Setting next_dagrun for dbt_spam_pipeline to 2026-04-25 00:00:00+00:00, run_after=2026-04-26 00:00:00+00:00
[2026-04-26T05:05:20.347+0000] {processor.py:183} INFO - Processing /opt/airflow/dags/dbt_dag.py took 0.521 seconds
[2026-04-26T05:09:07.562+0000] {processor.py:161} INFO - Started process (PID=703) to work on /opt/airflow/dags/dbt_dag.py
[2026-04-26T05:09:07.563+0000] {processor.py:830} INFO - Processing file /opt/airflow/dags/dbt_dag.py for tasks to queue
[2026-04-26T05:09:07.566+0000] {logging_mixin.py:188} INFO - [2026-04-26T05:09:07.566+0000] {dagbag.py:538} INFO - Filling up the DagBag from /opt/airflow/dags/dbt_dag.py
[2026-04-26T05:09:07.580+0000] {processor.py:840} INFO - DAG(s) 'dbt_spam_pipeline' retrieved from /opt/airflow/dags/dbt_dag.py
[2026-04-26T05:09:07.598+0000] {logging_mixin.py:188} INFO - [2026-04-26T05:09:07.598+0000] {dag.py:3036} INFO - Sync 1 DAGs
[2026-04-26T05:09:07.613+0000] {logging_mixin.py:188} INFO - [2026-04-26T05:09:07.613+0000] {dag.py:3823} INFO - Setting next_dagrun for dbt_spam_pipeline to 2026-04-25 00:00:00+00:00, run_after=2026-04-26 00:00:00+00:00
[2026-04-26T05:09:07.631+0000] {processor.py:183} INFO - Processing /opt/airflow/dags/dbt_dag.py took 0.071 seconds
[2026-04-26T05:37:29.925+0000] {processor.py:161} INFO - Started process (PID=710) to work on /opt/airflow/dags/dbt_dag.py
[2026-04-26T05:37:29.927+0000] {processor.py:830} INFO - Processing file /opt/airflow/dags/dbt_dag.py for tasks to queue
[2026-04-26T05:37:29.929+0000] {logging_mixin.py:188} INFO - [2026-04-26T05:37:29.929+0000] {dagbag.py:538} INFO - Filling up the DagBag from /opt/airflow/dags/dbt_dag.py
[2026-04-26T05:37:29.944+0000] {processor.py:840} INFO - DAG(s) 'dbt_spam_pipeline' retrieved from /opt/airflow/dags/dbt_dag.py
[2026-04-26T05:37:29.970+0000] {logging_mixin.py:188} INFO - [2026-04-26T05:37:29.970+0000] {dag.py:3036} INFO - Sync 1 DAGs
[2026-04-26T05:37:29.987+0000] {logging_mixin.py:188} INFO - [2026-04-26T05:37:29.987+0000] {dag.py:3823} INFO - Setting next_dagrun for dbt_spam_pipeline to 2026-04-25 00:00:00+00:00, run_after=2026-04-26 00:00:00+00:00
[2026-04-26T05:37:30.013+0000] {processor.py:183} INFO - Processing /opt/airflow/dags/dbt_dag.py took 0.092 seconds
[2026-04-26T05:38:00.565+0000] {processor.py:161} INFO - Started process (PID=717) to work on /opt/airflow/dags/dbt_dag.py
[2026-04-26T05:38:00.567+0000] {processor.py:830} INFO - Processing file /opt/airflow/dags/dbt_dag.py for tasks to queue
[2026-04-26T05:38:00.570+0000] {logging_mixin.py:188} INFO - [2026-04-26T05:38:00.569+0000] {dagbag.py:538} INFO - Filling up the DagBag from /opt/airflow/dags/dbt_dag.py
[2026-04-26T05:38:00.580+0000] {processor.py:840} INFO - DAG(s) 'dbt_spam_pipeline' retrieved from /opt/airflow/dags/dbt_dag.py
[2026-04-26T05:38:00.603+0000] {logging_mixin.py:188} INFO - [2026-04-26T05:38:00.603+0000] {dag.py:3036} INFO - Sync 1 DAGs
[2026-04-26T05:38:00.618+0000] {logging_mixin.py:188} INFO - [2026-04-26T05:38:00.617+0000] {dag.py:3823} INFO - Setting next_dagrun for dbt_spam_pipeline to 2026-04-25 00:00:00+00:00, run_after=2026-04-26 00:00:00+00:00
[2026-04-26T05:38:00.634+0000] {processor.py:183} INFO - Processing /opt/airflow/dags/dbt_dag.py took 0.071 seconds
[2026-04-26T05:50:01.325+0000] {processor.py:161} INFO - Started process (PID=724) to work on /opt/airflow/dags/dbt_dag.py
[2026-04-26T05:50:01.326+0000] {processor.py:830} INFO - Processing file /opt/airflow/dags/dbt_dag.py for tasks to queue
[2026-04-26T05:50:01.328+0000] {logging_mixin.py:188} INFO - [2026-04-26T05:50:01.328+0000] {dagbag.py:538} INFO - Filling up the DagBag from /opt/airflow/dags/dbt_dag.py
[2026-04-26T05:50:01.341+0000] {processor.py:840} INFO - DAG(s) 'dbt_spam_pipeline' retrieved from /opt/airflow/dags/dbt_dag.py
[2026-04-26T05:50:01.365+0000] {logging_mixin.py:188} INFO - [2026-04-26T05:50:01.365+0000] {dag.py:3036} INFO - Sync 1 DAGs
[2026-04-26T05:50:01.381+0000] {logging_mixin.py:188} INFO - [2026-04-26T05:50:01.381+0000] {dag.py:3823} INFO - Setting next_dagrun for dbt_spam_pipeline to 2026-04-25 00:00:00+00:00, run_after=2026-04-26 00:00:00+00:00
[2026-04-26T05:50:01.403+0000] {processor.py:183} INFO - Processing /opt/airflow/dags/dbt_dag.py took 0.080 seconds
[2026-04-26T05:50:34.555+0000] {processor.py:161} INFO - Started process (PID=731) to work on /opt/airflow/dags/dbt_dag.py
[2026-04-26T05:50:34.557+0000] {processor.py:830} INFO - Processing file /opt/airflow/dags/dbt_dag.py for tasks to queue
[2026-04-26T05:50:34.561+0000] {logging_mixin.py:188} INFO - [2026-04-26T05:50:34.561+0000] {dagbag.py:538} INFO - Filling up the DagBag from /opt/airflow/dags/dbt_dag.py
[2026-04-26T05:50:34.571+0000] {processor.py:840} INFO - DAG(s) 'dbt_spam_pipeline' retrieved from /opt/airflow/dags/dbt_dag.py
[2026-04-26T05:50:34.596+0000] {logging_mixin.py:188} INFO - [2026-04-26T05:50:34.596+0000] {dag.py:3036} INFO - Sync 1 DAGs
[2026-04-26T05:50:34.611+0000] {logging_mixin.py:188} INFO - [2026-04-26T05:50:34.611+0000] {dag.py:3823} INFO - Setting next_dagrun for dbt_spam_pipeline to 2026-04-25 00:00:00+00:00, run_after=2026-04-26 00:00:00+00:00
[2026-04-26T05:50:34.624+0000] {processor.py:183} INFO - Processing /opt/airflow/dags/dbt_dag.py took 0.071 seconds
[2026-04-26T05:52:54.454+0000] {processor.py:161} INFO - Started process (PID=738) to work on /opt/airflow/dags/dbt_dag.py
[2026-04-26T05:52:54.456+0000] {processor.py:830} INFO - Processing file /opt/airflow/dags/dbt_dag.py for tasks to queue
[2026-04-26T05:52:54.458+0000] {logging_mixin.py:188} INFO - [2026-04-26T05:52:54.457+0000] {dagbag.py:538} INFO - Filling up the DagBag from /opt/airflow/dags/dbt_dag.py
[2026-04-26T05:52:54.472+0000] {processor.py:840} INFO - DAG(s) 'dbt_spam_pipeline' retrieved from /opt/airflow/dags/dbt_dag.py
[2026-04-26T05:52:54.496+0000] {logging_mixin.py:188} INFO - [2026-04-26T05:52:54.496+0000] {dag.py:3036} INFO - Sync 1 DAGs
[2026-04-26T05:52:54.517+0000] {logging_mixin.py:188} INFO - [2026-04-26T05:52:54.516+0000] {dag.py:3823} INFO - Setting next_dagrun for dbt_spam_pipeline to 2026-04-25 00:00:00+00:00, run_after=2026-04-26 00:00:00+00:00
[2026-04-26T05:52:54.541+0000] {processor.py:183} INFO - Processing /opt/airflow/dags/dbt_dag.py took 0.091 seconds
[2026-04-26T06:25:25.009+0000] {processor.py:161} INFO - Started process (PID=745) to work on /opt/airflow/dags/dbt_dag.py
[2026-04-26T06:25:25.011+0000] {processor.py:830} INFO - Processing file /opt/airflow/dags/dbt_dag.py for tasks to queue
[2026-04-26T06:25:25.012+0000] {logging_mixin.py:188} INFO - [2026-04-26T06:25:25.012+0000] {dagbag.py:538} INFO - Filling up the DagBag from /opt/airflow/dags/dbt_dag.py
[2026-04-26T06:25:25.022+0000] {processor.py:840} INFO - DAG(s) 'dbt_spam_pipeline' retrieved from /opt/airflow/dags/dbt_dag.py
[2026-04-26T06:25:25.041+0000] {logging_mixin.py:188} INFO - [2026-04-26T06:25:25.041+0000] {dag.py:3036} INFO - Sync 1 DAGs
[2026-04-26T06:25:25.059+0000] {logging_mixin.py:188} INFO - [2026-04-26T06:25:25.058+0000] {dag.py:3823} INFO - Setting next_dagrun for dbt_spam_pipeline to 2026-04-25 00:00:00+00:00, run_after=2026-04-26 00:00:00+00:00
[2026-04-26T06:25:25.073+0000] {processor.py:183} INFO - Processing /opt/airflow/dags/dbt_dag.py took 0.066 seconds
[2026-04-26T06:53:48.663+0000] {processor.py:161} INFO - Started process (PID=752) to work on /opt/airflow/dags/dbt_dag.py
[2026-04-26T06:53:48.664+0000] {processor.py:830} INFO - Processing file /opt/airflow/dags/dbt_dag.py for tasks to queue
[2026-04-26T06:53:48.667+0000] {logging_mixin.py:188} INFO - [2026-04-26T06:53:48.667+0000] {dagbag.py:538} INFO - Filling up the DagBag from /opt/airflow/dags/dbt_dag.py
[2026-04-26T06:53:48.682+0000] {processor.py:840} INFO - DAG(s) 'dbt_spam_pipeline' retrieved from /opt/airflow/dags/dbt_dag.py
[2026-04-26T06:53:48.706+0000] {logging_mixin.py:188} INFO - [2026-04-26T06:53:48.706+0000] {dag.py:3036} INFO - Sync 1 DAGs
[2026-04-26T06:53:48.726+0000] {logging_mixin.py:188} INFO - [2026-04-26T06:53:48.726+0000] {dag.py:3823} INFO - Setting next_dagrun for dbt_spam_pipeline to 2026-04-25 00:00:00+00:00, run_after=2026-04-26 00:00:00+00:00
[2026-04-26T06:53:48.751+0000] {processor.py:183} INFO - Processing /opt/airflow/dags/dbt_dag.py took 0.092 seconds
[2026-04-26T07:07:42.512+0000] {processor.py:161} INFO - Started process (PID=759) to work on /opt/airflow/dags/dbt_dag.py
[2026-04-26T07:07:42.515+0000] {processor.py:830} INFO - Processing file /opt/airflow/dags/dbt_dag.py for tasks to queue
[2026-04-26T07:07:42.521+0000] {logging_mixin.py:188} INFO - [2026-04-26T07:07:42.520+0000] {dagbag.py:538} INFO - Filling up the DagBag from /opt/airflow/dags/dbt_dag.py
[2026-04-26T07:07:42.561+0000] {processor.py:840} INFO - DAG(s) 'dbt_spam_pipeline' retrieved from /opt/airflow/dags/dbt_dag.py
[2026-04-26T07:07:42.667+0000] {logging_mixin.py:188} INFO - [2026-04-26T07:07:42.666+0000] {dag.py:3036} INFO - Sync 1 DAGs
[2026-04-26T07:07:42.714+0000] {logging_mixin.py:188} INFO - [2026-04-26T07:07:42.713+0000] {dag.py:3823} INFO - Setting next_dagrun for dbt_spam_pipeline to 2026-04-25 00:00:00+00:00, run_after=2026-04-26 00:00:00+00:00
[2026-04-26T07:07:42.773+0000] {processor.py:183} INFO - Processing /opt/airflow/dags/dbt_dag.py took 0.271 seconds
[2026-04-26T07:08:13.540+0000] {processor.py:161} INFO - Started process (PID=766) to work on /opt/airflow/dags/dbt_dag.py
[2026-04-26T07:08:13.541+0000] {processor.py:830} INFO - Processing file /opt/airflow/dags/dbt_dag.py for tasks to queue
[2026-04-26T07:08:13.543+0000] {logging_mixin.py:188} INFO - [2026-04-26T07:08:13.543+0000] {dagbag.py:538} INFO - Filling up the DagBag from /opt/airflow/dags/dbt_dag.py
[2026-04-26T07:08:13.556+0000] {processor.py:840} INFO - DAG(s) 'dbt_spam_pipeline' retrieved from /opt/airflow/dags/dbt_dag.py
[2026-04-26T07:08:13.580+0000] {logging_mixin.py:188} INFO - [2026-04-26T07:08:13.580+0000] {dag.py:3036} INFO - Sync 1 DAGs
[2026-04-26T07:08:13.595+0000] {logging_mixin.py:188} INFO - [2026-04-26T07:08:13.595+0000] {dag.py:3823} INFO - Setting next_dagrun for dbt_spam_pipeline to 2026-04-25 00:00:00+00:00, run_after=2026-04-26 00:00:00+00:00
[2026-04-26T07:08:13.612+0000] {processor.py:183} INFO - Processing /opt/airflow/dags/dbt_dag.py took 0.076 seconds
[2026-04-26T07:10:13.637+0000] {processor.py:161} INFO - Started process (PID=773) to work on /opt/airflow/dags/dbt_dag.py
[2026-04-26T07:10:13.638+0000] {processor.py:830} INFO - Processing file /opt/airflow/dags/dbt_dag.py for tasks to queue
[2026-04-26T07:10:13.639+0000] {logging_mixin.py:188} INFO - [2026-04-26T07:10:13.639+0000] {dagbag.py:538} INFO - Filling up the DagBag from /opt/airflow/dags/dbt_dag.py
[2026-04-26T07:10:13.651+0000] {processor.py:840} INFO - DAG(s) 'dbt_spam_pipeline' retrieved from /opt/airflow/dags/dbt_dag.py
[2026-04-26T07:10:13.670+0000] {logging_mixin.py:188} INFO - [2026-04-26T07:10:13.670+0000] {dag.py:3036} INFO - Sync 1 DAGs
[2026-04-26T07:10:13.689+0000] {logging_mixin.py:188} INFO - [2026-04-26T07:10:13.689+0000] {dag.py:3823} INFO - Setting next_dagrun for dbt_spam_pipeline to 2026-04-25 00:00:00+00:00, run_after=2026-04-26 00:00:00+00:00
[2026-04-26T07:10:13.703+0000] {processor.py:183} INFO - Processing /opt/airflow/dags/dbt_dag.py took 0.068 seconds
[2026-04-26T08:48:54.584+0000] {processor.py:161} INFO - Started process (PID=780) to work on /opt/airflow/dags/dbt_dag.py
[2026-04-26T08:48:54.585+0000] {processor.py:830} INFO - Processing file /opt/airflow/dags/dbt_dag.py for tasks to queue
[2026-04-26T08:48:54.587+0000] {logging_mixin.py:188} INFO - [2026-04-26T08:48:54.587+0000] {dagbag.py:538} INFO - Filling up the DagBag from /opt/airflow/dags/dbt_dag.py
[2026-04-26T08:48:54.601+0000] {processor.py:840} INFO - DAG(s) 'dbt_spam_pipeline' retrieved from /opt/airflow/dags/dbt_dag.py
[2026-04-26T08:48:54.627+0000] {logging_mixin.py:188} INFO - [2026-04-26T08:48:54.627+0000] {dag.py:3036} INFO - Sync 1 DAGs
[2026-04-26T08:48:54.650+0000] {logging_mixin.py:188} INFO - [2026-04-26T08:48:54.650+0000] {dag.py:3823} INFO - Setting next_dagrun for dbt_spam_pipeline to 2026-04-25 00:00:00+00:00, run_after=2026-04-26 00:00:00+00:00
[2026-04-26T08:48:54.670+0000] {processor.py:183} INFO - Processing /opt/airflow/dags/dbt_dag.py took 0.089 seconds
[2026-04-26T10:11:22.320+0000] {processor.py:161} INFO - Started process (PID=787) to work on /opt/airflow/dags/dbt_dag.py
[2026-04-26T10:11:22.322+0000] {processor.py:830} INFO - Processing file /opt/airflow/dags/dbt_dag.py for tasks to queue
[2026-04-26T10:11:22.324+0000] {logging_mixin.py:188} INFO - [2026-04-26T10:11:22.324+0000] {dagbag.py:538} INFO - Filling up the DagBag from /opt/airflow/dags/dbt_dag.py
[2026-04-26T10:11:22.336+0000] {processor.py:840} INFO - DAG(s) 'dbt_spam_pipeline' retrieved from /opt/airflow/dags/dbt_dag.py
[2026-04-26T10:11:22.358+0000] {logging_mixin.py:188} INFO - [2026-04-26T10:11:22.357+0000] {dag.py:3036} INFO - Sync 1 DAGs
[2026-04-26T10:11:22.378+0000] {logging_mixin.py:188} INFO - [2026-04-26T10:11:22.378+0000] {dag.py:3823} INFO - Setting next_dagrun for dbt_spam_pipeline to 2026-04-25 00:00:00+00:00, run_after=2026-04-26 00:00:00+00:00
[2026-04-26T10:11:22.395+0000] {processor.py:183} INFO - Processing /opt/airflow/dags/dbt_dag.py took 0.077 seconds
[2026-04-26T11:39:45.271+0000] {processor.py:161} INFO - Started process (PID=794) to work on /opt/airflow/dags/dbt_dag.py
[2026-04-26T11:39:45.272+0000] {processor.py:830} INFO - Processing file /opt/airflow/dags/dbt_dag.py for tasks to queue
[2026-04-26T11:39:45.274+0000] {logging_mixin.py:188} INFO - [2026-04-26T11:39:45.273+0000] {dagbag.py:538} INFO - Filling up the DagBag from /opt/airflow/dags/dbt_dag.py
[2026-04-26T11:39:45.287+0000] {processor.py:840} INFO - DAG(s) 'dbt_spam_pipeline' retrieved from /opt/airflow/dags/dbt_dag.py
[2026-04-26T11:39:45.313+0000] {logging_mixin.py:188} INFO - [2026-04-26T11:39:45.313+0000] {dag.py:3036} INFO - Sync 1 DAGs
[2026-04-26T11:39:45.329+0000] {logging_mixin.py:188} INFO - [2026-04-26T11:39:45.329+0000] {dag.py:3823} INFO - Setting next_dagrun for dbt_spam_pipeline to 2026-04-25 00:00:00+00:00, run_after=2026-04-26 00:00:00+00:00
[2026-04-26T11:39:45.349+0000] {processor.py:183} INFO - Processing /opt/airflow/dags/dbt_dag.py took 0.080 seconds
[2026-04-26T12:57:07.562+0000] {processor.py:161} INFO - Started process (PID=801) to work on /opt/airflow/dags/dbt_dag.py
[2026-04-26T12:57:07.566+0000] {processor.py:830} INFO - Processing file /opt/airflow/dags/dbt_dag.py for tasks to queue
[2026-04-26T12:57:07.567+0000] {logging_mixin.py:188} INFO - [2026-04-26T12:57:07.567+0000] {dagbag.py:538} INFO - Filling up the DagBag from /opt/airflow/dags/dbt_dag.py
[2026-04-26T12:57:07.578+0000] {processor.py:840} INFO - DAG(s) 'dbt_spam_pipeline' retrieved from /opt/airflow/dags/dbt_dag.py
[2026-04-26T12:57:07.599+0000] {logging_mixin.py:188} INFO - [2026-04-26T12:57:07.599+0000] {dag.py:3036} INFO - Sync 1 DAGs
[2026-04-26T12:57:07.618+0000] {logging_mixin.py:188} INFO - [2026-04-26T12:57:07.618+0000] {dag.py:3823} INFO - Setting next_dagrun for dbt_spam_pipeline to 2026-04-25 00:00:00+00:00, run_after=2026-04-26 00:00:00+00:00
[2026-04-26T12:57:07.636+0000] {processor.py:183} INFO - Processing /opt/airflow/dags/dbt_dag.py took 0.076 seconds
[2026-04-26T12:57:38.174+0000] {processor.py:161} INFO - Started process (PID=808) to work on /opt/airflow/dags/dbt_dag.py
[2026-04-26T12:57:38.177+0000] {processor.py:830} INFO - Processing file /opt/airflow/dags/dbt_dag.py for tasks to queue
[2026-04-26T12:57:38.178+0000] {logging_mixin.py:188} INFO - [2026-04-26T12:57:38.178+0000] {dagbag.py:538} INFO - Filling up the DagBag from /opt/airflow/dags/dbt_dag.py
[2026-04-26T12:57:38.190+0000] {processor.py:840} INFO - DAG(s) 'dbt_spam_pipeline' retrieved from /opt/airflow/dags/dbt_dag.py
[2026-04-26T12:57:38.210+0000] {logging_mixin.py:188} INFO - [2026-04-26T12:57:38.210+0000] {dag.py:3036} INFO - Sync 1 DAGs
[2026-04-26T12:57:38.226+0000] {logging_mixin.py:188} INFO - [2026-04-26T12:57:38.225+0000] {dag.py:3823} INFO - Setting next_dagrun for dbt_spam_pipeline to 2026-04-25 00:00:00+00:00, run_after=2026-04-26 00:00:00+00:00
[2026-04-26T12:57:38.240+0000] {processor.py:183} INFO - Processing /opt/airflow/dags/dbt_dag.py took 0.069 seconds
[2026-04-26T14:05:22.533+0000] {processor.py:161} INFO - Started process (PID=815) to work on /opt/airflow/dags/dbt_dag.py
[2026-04-26T14:05:22.534+0000] {processor.py:830} INFO - Processing file /opt/airflow/dags/dbt_dag.py for tasks to queue
[2026-04-26T14:05:22.536+0000] {logging_mixin.py:188} INFO - [2026-04-26T14:05:22.536+0000] {dagbag.py:538} INFO - Filling up the DagBag from /opt/airflow/dags/dbt_dag.py
[2026-04-26T14:05:22.548+0000] {processor.py:840} INFO - DAG(s) 'dbt_spam_pipeline' retrieved from /opt/airflow/dags/dbt_dag.py
[2026-04-26T14:05:22.566+0000] {logging_mixin.py:188} INFO - [2026-04-26T14:05:22.566+0000] {dag.py:3036} INFO - Sync 1 DAGs
[2026-04-26T14:05:22.583+0000] {logging_mixin.py:188} INFO - [2026-04-26T14:05:22.583+0000] {dag.py:3823} INFO - Setting next_dagrun for dbt_spam_pipeline to 2026-04-25 00:00:00+00:00, run_after=2026-04-26 00:00:00+00:00
[2026-04-26T14:05:22.599+0000] {processor.py:183} INFO - Processing /opt/airflow/dags/dbt_dag.py took 0.069 seconds
[2026-04-26T14:54:30.062+0000] {processor.py:161} INFO - Started process (PID=822) to work on /opt/airflow/dags/dbt_dag.py
[2026-04-26T14:54:30.063+0000] {processor.py:830} INFO - Processing file /opt/airflow/dags/dbt_dag.py for tasks to queue
[2026-04-26T14:54:30.066+0000] {logging_mixin.py:188} INFO - [2026-04-26T14:54:30.066+0000] {dagbag.py:538} INFO - Filling up the DagBag from /opt/airflow/dags/dbt_dag.py
[2026-04-26T14:54:30.076+0000] {processor.py:840} INFO - DAG(s) 'dbt_spam_pipeline' retrieved from /opt/airflow/dags/dbt_dag.py
[2026-04-26T14:54:30.096+0000] {logging_mixin.py:188} INFO - [2026-04-26T14:54:30.096+0000] {dag.py:3036} INFO - Sync 1 DAGs
[2026-04-26T14:54:30.114+0000] {logging_mixin.py:188} INFO - [2026-04-26T14:54:30.114+0000] {dag.py:3823} INFO - Setting next_dagrun for dbt_spam_pipeline to 2026-04-25 00:00:00+00:00, run_after=2026-04-26 00:00:00+00:00
[2026-04-26T14:54:30.140+0000] {processor.py:183} INFO - Processing /opt/airflow/dags/dbt_dag.py took 0.080 seconds
[2026-04-26T16:01:23.796+0000] {processor.py:161} INFO - Started process (PID=829) to work on /opt/airflow/dags/dbt_dag.py
[2026-04-26T16:01:23.797+0000] {processor.py:830} INFO - Processing file /opt/airflow/dags/dbt_dag.py for tasks to queue
[2026-04-26T16:01:23.799+0000] {logging_mixin.py:188} INFO - [2026-04-26T16:01:23.799+0000] {dagbag.py:538} INFO - Filling up the DagBag from /opt/airflow/dags/dbt_dag.py
[2026-04-26T16:01:23.811+0000] {processor.py:840} INFO - DAG(s) 'dbt_spam_pipeline' retrieved from /opt/airflow/dags/dbt_dag.py
[2026-04-26T16:01:23.836+0000] {logging_mixin.py:188} INFO - [2026-04-26T16:01:23.836+0000] {dag.py:3036} INFO - Sync 1 DAGs
[2026-04-26T16:01:23.855+0000] {logging_mixin.py:188} INFO - [2026-04-26T16:01:23.855+0000] {dag.py:3823} INFO - Setting next_dagrun for dbt_spam_pipeline to 2026-04-25 00:00:00+00:00, run_after=2026-04-26 00:00:00+00:00
[2026-04-26T16:01:23.873+0000] {processor.py:183} INFO - Processing /opt/airflow/dags/dbt_dag.py took 0.080 seconds
[2026-04-26T16:38:00.848+0000] {processor.py:161} INFO - Started process (PID=836) to work on /opt/airflow/dags/dbt_dag.py
[2026-04-26T16:38:00.851+0000] {processor.py:830} INFO - Processing file /opt/airflow/dags/dbt_dag.py for tasks to queue
[2026-04-26T16:38:00.861+0000] {logging_mixin.py:188} INFO - [2026-04-26T16:38:00.857+0000] {dagbag.py:538} INFO - Filling up the DagBag from /opt/airflow/dags/dbt_dag.py
[2026-04-26T16:38:00.878+0000] {processor.py:840} INFO - DAG(s) 'dbt_spam_pipeline' retrieved from /opt/airflow/dags/dbt_dag.py
[2026-04-26T16:38:00.904+0000] {logging_mixin.py:188} INFO - [2026-04-26T16:38:00.903+0000] {dag.py:3036} INFO - Sync 1 DAGs
[2026-04-26T16:38:00.923+0000] {logging_mixin.py:188} INFO - [2026-04-26T16:38:00.923+0000] {dag.py:3823} INFO - Setting next_dagrun for dbt_spam_pipeline to 2026-04-25 00:00:00+00:00, run_after=2026-04-26 00:00:00+00:00
[2026-04-26T16:38:00.943+0000] {processor.py:183} INFO - Processing /opt/airflow/dags/dbt_dag.py took 0.103 seconds
[2026-04-26T16:38:31.527+0000] {processor.py:161} INFO - Started process (PID=843) to work on /opt/airflow/dags/dbt_dag.py
[2026-04-26T16:38:31.528+0000] {processor.py:830} INFO - Processing file /opt/airflow/dags/dbt_dag.py for tasks to queue
[2026-04-26T16:38:31.531+0000] {logging_mixin.py:188} INFO - [2026-04-26T16:38:31.531+0000] {dagbag.py:538} INFO - Filling up the DagBag from /opt/airflow/dags/dbt_dag.py
[2026-04-26T16:38:31.540+0000] {processor.py:840} INFO - DAG(s) 'dbt_spam_pipeline' retrieved from /opt/airflow/dags/dbt_dag.py
[2026-04-26T16:38:31.560+0000] {logging_mixin.py:188} INFO - [2026-04-26T16:38:31.560+0000] {dag.py:3036} INFO - Sync 1 DAGs
[2026-04-26T16:38:31.579+0000] {logging_mixin.py:188} INFO - [2026-04-26T16:38:31.579+0000] {dag.py:3823} INFO - Setting next_dagrun for dbt_spam_pipeline to 2026-04-25 00:00:00+00:00, run_after=2026-04-26 00:00:00+00:00
[2026-04-26T16:38:31.598+0000] {processor.py:183} INFO - Processing /opt/airflow/dags/dbt_dag.py took 0.074 seconds
[2026-04-26T16:44:18.375+0000] {processor.py:161} INFO - Started process (PID=850) to work on /opt/airflow/dags/dbt_dag.py
[2026-04-26T16:44:18.376+0000] {processor.py:830} INFO - Processing file /opt/airflow/dags/dbt_dag.py for tasks to queue
[2026-04-26T16:44:18.378+0000] {logging_mixin.py:188} INFO - [2026-04-26T16:44:18.378+0000] {dagbag.py:538} INFO - Filling up the DagBag from /opt/airflow/dags/dbt_dag.py
[2026-04-26T16:44:18.393+0000] {processor.py:840} INFO - DAG(s) 'dbt_spam_pipeline' retrieved from /opt/airflow/dags/dbt_dag.py
[2026-04-26T16:44:18.424+0000] {logging_mixin.py:188} INFO - [2026-04-26T16:44:18.424+0000] {dag.py:3036} INFO - Sync 1 DAGs
[2026-04-26T16:44:18.445+0000] {logging_mixin.py:188} INFO - [2026-04-26T16:44:18.445+0000] {dag.py:3823} INFO - Setting next_dagrun for dbt_spam_pipeline to 2026-04-25 00:00:00+00:00, run_after=2026-04-26 00:00:00+00:00
[2026-04-26T16:44:18.470+0000] {processor.py:183} INFO - Processing /opt/airflow/dags/dbt_dag.py took 0.098 seconds
[2026-04-26T16:55:26.195+0000] {processor.py:161} INFO - Started process (PID=857) to work on /opt/airflow/dags/dbt_dag.py
[2026-04-26T16:55:26.196+0000] {processor.py:830} INFO - Processing file /opt/airflow/dags/dbt_dag.py for tasks to queue
[2026-04-26T16:55:26.198+0000] {logging_mixin.py:188} INFO - [2026-04-26T16:55:26.198+0000] {dagbag.py:538} INFO - Filling up the DagBag from /opt/airflow/dags/dbt_dag.py
[2026-04-26T16:55:26.209+0000] {processor.py:840} INFO - DAG(s) 'dbt_spam_pipeline' retrieved from /opt/airflow/dags/dbt_dag.py
[2026-04-26T16:55:26.229+0000] {logging_mixin.py:188} INFO - [2026-04-26T16:55:26.228+0000] {dag.py:3036} INFO - Sync 1 DAGs
[2026-04-26T16:55:26.243+0000] {logging_mixin.py:188} INFO - [2026-04-26T16:55:26.243+0000] {dag.py:3823} INFO - Setting next_dagrun for dbt_spam_pipeline to 2026-04-25 00:00:00+00:00, run_after=2026-04-26 00:00:00+00:00
[2026-04-26T16:55:26.261+0000] {processor.py:183} INFO - Processing /opt/airflow/dags/dbt_dag.py took 0.069 seconds
[2026-04-26T16:55:57.648+0000] {processor.py:161} INFO - Started process (PID=864) to work on /opt/airflow/dags/dbt_dag.py
[2026-04-26T16:55:57.650+0000] {processor.py:830} INFO - Processing file /opt/airflow/dags/dbt_dag.py for tasks to queue
[2026-04-26T16:55:57.652+0000] {logging_mixin.py:188} INFO - [2026-04-26T16:55:57.652+0000] {dagbag.py:538} INFO - Filling up the DagBag from /opt/airflow/dags/dbt_dag.py
[2026-04-26T16:55:57.663+0000] {processor.py:840} INFO - DAG(s) 'dbt_spam_pipeline' retrieved from /opt/airflow/dags/dbt_dag.py
[2026-04-26T16:55:57.683+0000] {logging_mixin.py:188} INFO - [2026-04-26T16:55:57.683+0000] {dag.py:3036} INFO - Sync 1 DAGs
[2026-04-26T16:55:57.699+0000] {logging_mixin.py:188} INFO - [2026-04-26T16:55:57.699+0000] {dag.py:3823} INFO - Setting next_dagrun for dbt_spam_pipeline to 2026-04-25 00:00:00+00:00, run_after=2026-04-26 00:00:00+00:00
[2026-04-26T16:55:57.715+0000] {processor.py:183} INFO - Processing /opt/airflow/dags/dbt_dag.py took 0.068 seconds
[2026-04-26T17:09:48.382+0000] {processor.py:161} INFO - Started process (PID=871) to work on /opt/airflow/dags/dbt_dag.py
[2026-04-26T17:09:48.384+0000] {processor.py:830} INFO - Processing file /opt/airflow/dags/dbt_dag.py for tasks to queue
[2026-04-26T17:09:48.387+0000] {logging_mixin.py:188} INFO - [2026-04-26T17:09:48.386+0000] {dagbag.py:538} INFO - Filling up the DagBag from /opt/airflow/dags/dbt_dag.py
[2026-04-26T17:09:48.402+0000] {processor.py:840} INFO - DAG(s) 'dbt_spam_pipeline' retrieved from /opt/airflow/dags/dbt_dag.py
[2026-04-26T17:09:48.436+0000] {logging_mixin.py:188} INFO - [2026-04-26T17:09:48.436+0000] {dag.py:3036} INFO - Sync 1 DAGs
[2026-04-26T17:09:48.465+0000] {logging_mixin.py:188} INFO - [2026-04-26T17:09:48.464+0000] {dag.py:3823} INFO - Setting next_dagrun for dbt_spam_pipeline to 2026-04-25 00:00:00+00:00, run_after=2026-04-26 00:00:00+00:00
[2026-04-26T17:09:48.489+0000] {processor.py:183} INFO - Processing /opt/airflow/dags/dbt_dag.py took 0.112 seconds
[2026-04-26T17:56:19.480+0000] {processor.py:161} INFO - Started process (PID=878) to work on /opt/airflow/dags/dbt_dag.py
[2026-04-26T17:56:19.482+0000] {processor.py:830} INFO - Processing file /opt/airflow/dags/dbt_dag.py for tasks to queue
[2026-04-26T17:56:19.484+0000] {logging_mixin.py:188} INFO - [2026-04-26T17:56:19.484+0000] {dagbag.py:538} INFO - Filling up the DagBag from /opt/airflow/dags/dbt_dag.py
[2026-04-26T17:56:19.496+0000] {processor.py:840} INFO - DAG(s) 'dbt_spam_pipeline' retrieved from /opt/airflow/dags/dbt_dag.py
[2026-04-26T17:56:19.518+0000] {logging_mixin.py:188} INFO - [2026-04-26T17:56:19.518+0000] {dag.py:3036} INFO - Sync 1 DAGs
[2026-04-26T17:56:19.536+0000] {logging_mixin.py:188} INFO - [2026-04-26T17:56:19.535+0000] {dag.py:3823} INFO - Setting next_dagrun for dbt_spam_pipeline to 2026-04-25 00:00:00+00:00, run_after=2026-04-26 00:00:00+00:00
[2026-04-26T17:56:19.552+0000] {processor.py:183} INFO - Processing /opt/airflow/dags/dbt_dag.py took 0.074 seconds
[2026-04-26T17:56:50.355+0000] {processor.py:161} INFO - Started process (PID=885) to work on /opt/airflow/dags/dbt_dag.py
[2026-04-26T17:56:50.357+0000] {processor.py:830} INFO - Processing file /opt/airflow/dags/dbt_dag.py for tasks to queue
[2026-04-26T17:56:50.359+0000] {logging_mixin.py:188} INFO - [2026-04-26T17:56:50.359+0000] {dagbag.py:538} INFO - Filling up the DagBag from /opt/airflow/dags/dbt_dag.py
[2026-04-26T17:56:50.372+0000] {processor.py:840} INFO - DAG(s) 'dbt_spam_pipeline' retrieved from /opt/airflow/dags/dbt_dag.py
[2026-04-26T17:56:50.391+0000] {logging_mixin.py:188} INFO - [2026-04-26T17:56:50.391+0000] {dag.py:3036} INFO - Sync 1 DAGs
[2026-04-26T17:56:50.407+0000] {logging_mixin.py:188} INFO - [2026-04-26T17:56:50.407+0000] {dag.py:3823} INFO - Setting next_dagrun for dbt_spam_pipeline to 2026-04-25 00:00:00+00:00, run_after=2026-04-26 00:00:00+00:00
[2026-04-26T17:56:50.423+0000] {processor.py:183} INFO - Processing /opt/airflow/dags/dbt_dag.py took 0.070 seconds
[2026-04-26T18:13:33.549+0000] {processor.py:161} INFO - Started process (PID=892) to work on /opt/airflow/dags/dbt_dag.py
[2026-04-26T18:13:33.551+0000] {processor.py:830} INFO - Processing file /opt/airflow/dags/dbt_dag.py for tasks to queue
[2026-04-26T18:13:33.552+0000] {logging_mixin.py:188} INFO - [2026-04-26T18:13:33.552+0000] {dagbag.py:538} INFO - Filling up the DagBag from /opt/airflow/dags/dbt_dag.py
[2026-04-26T18:13:33.561+0000] {processor.py:840} INFO - DAG(s) 'dbt_spam_pipeline' retrieved from /opt/airflow/dags/dbt_dag.py
[2026-04-26T18:13:33.582+0000] {logging_mixin.py:188} INFO - [2026-04-26T18:13:33.581+0000] {dag.py:3036} INFO - Sync 1 DAGs
[2026-04-26T18:13:33.600+0000] {logging_mixin.py:188} INFO - [2026-04-26T18:13:33.600+0000] {dag.py:3823} INFO - Setting next_dagrun for dbt_spam_pipeline to 2026-04-25 00:00:00+00:00, run_after=2026-04-26 00:00:00+00:00
[2026-04-26T18:13:33.625+0000] {processor.py:183} INFO - Processing /opt/airflow/dags/dbt_dag.py took 0.078 seconds
[2026-04-26T18:57:21.673+0000] {processor.py:161} INFO - Started process (PID=899) to work on /opt/airflow/dags/dbt_dag.py
[2026-04-26T18:57:21.678+0000] {processor.py:830} INFO - Processing file /opt/airflow/dags/dbt_dag.py for tasks to queue
[2026-04-26T18:57:21.691+0000] {logging_mixin.py:188} INFO - [2026-04-26T18:57:21.688+0000] {dagbag.py:538} INFO - Filling up the DagBag from /opt/airflow/dags/dbt_dag.py
[2026-04-26T18:57:21.754+0000] {processor.py:840} INFO - DAG(s) 'dbt_spam_pipeline' retrieved from /opt/airflow/dags/dbt_dag.py
[2026-04-26T18:57:21.837+0000] {logging_mixin.py:188} INFO - [2026-04-26T18:57:21.837+0000] {dag.py:3036} INFO - Sync 1 DAGs
[2026-04-26T18:57:21.917+0000] {logging_mixin.py:188} INFO - [2026-04-26T18:57:21.917+0000] {dag.py:3823} INFO - Setting next_dagrun for dbt_spam_pipeline to 2026-04-25 00:00:00+00:00, run_after=2026-04-26 00:00:00+00:00
[2026-04-26T18:57:21.992+0000] {processor.py:183} INFO - Processing /opt/airflow/dags/dbt_dag.py took 0.333 seconds
[2026-04-26T18:57:52.768+0000] {processor.py:161} INFO - Started process (PID=906) to work on /opt/airflow/dags/dbt_dag.py
[2026-04-26T18:57:52.770+0000] {processor.py:830} INFO - Processing file /opt/airflow/dags/dbt_dag.py for tasks to queue
[2026-04-26T18:57:52.773+0000] {logging_mixin.py:188} INFO - [2026-04-26T18:57:52.773+0000] {dagbag.py:538} INFO - Filling up the DagBag from /opt/airflow/dags/dbt_dag.py
[2026-04-26T18:57:52.790+0000] {processor.py:840} INFO - DAG(s) 'dbt_spam_pipeline' retrieved from /opt/airflow/dags/dbt_dag.py
[2026-04-26T18:57:52.810+0000] {logging_mixin.py:188} INFO - [2026-04-26T18:57:52.810+0000] {dag.py:3036} INFO - Sync 1 DAGs
[2026-04-26T18:57:52.828+0000] {logging_mixin.py:188} INFO - [2026-04-26T18:57:52.828+0000] {dag.py:3823} INFO - Setting next_dagrun for dbt_spam_pipeline to 2026-04-25 00:00:00+00:00, run_after=2026-04-26 00:00:00+00:00
[2026-04-26T18:57:52.844+0000] {processor.py:183} INFO - Processing /opt/airflow/dags/dbt_dag.py took 0.080 seconds
[2026-04-26T19:12:07.092+0000] {processor.py:161} INFO - Started process (PID=913) to work on /opt/airflow/dags/dbt_dag.py
[2026-04-26T19:12:07.095+0000] {processor.py:830} INFO - Processing file /opt/airflow/dags/dbt_dag.py for tasks to queue
[2026-04-26T19:12:07.099+0000] {logging_mixin.py:188} INFO - [2026-04-26T19:12:07.098+0000] {dagbag.py:538} INFO - Filling up the DagBag from /opt/airflow/dags/dbt_dag.py
[2026-04-26T19:12:07.115+0000] {processor.py:840} INFO - DAG(s) 'dbt_spam_pipeline' retrieved from /opt/airflow/dags/dbt_dag.py
[2026-04-26T19:12:07.150+0000] {logging_mixin.py:188} INFO - [2026-04-26T19:12:07.150+0000] {dag.py:3036} INFO - Sync 1 DAGs
[2026-04-26T19:12:07.178+0000] {logging_mixin.py:188} INFO - [2026-04-26T19:12:07.178+0000] {dag.py:3823} INFO - Setting next_dagrun for dbt_spam_pipeline to 2026-04-25 00:00:00+00:00, run_after=2026-04-26 00:00:00+00:00
[2026-04-26T19:12:07.200+0000] {processor.py:183} INFO - Processing /opt/airflow/dags/dbt_dag.py took 0.113 seconds
[2026-04-26T19:36:13.027+0000] {processor.py:161} INFO - Started process (PID=920) to work on /opt/airflow/dags/dbt_dag.py
[2026-04-26T19:36:13.028+0000] {processor.py:830} INFO - Processing file /opt/airflow/dags/dbt_dag.py for tasks to queue
[2026-04-26T19:36:13.029+0000] {logging_mixin.py:188} INFO - [2026-04-26T19:36:13.029+0000] {dagbag.py:538} INFO - Filling up the DagBag from /opt/airflow/dags/dbt_dag.py
[2026-04-26T19:36:13.038+0000] {processor.py:840} INFO - DAG(s) 'dbt_spam_pipeline' retrieved from /opt/airflow/dags/dbt_dag.py
[2026-04-26T19:36:13.060+0000] {logging_mixin.py:188} INFO - [2026-04-26T19:36:13.060+0000] {dag.py:3036} INFO - Sync 1 DAGs
[2026-04-26T19:36:13.075+0000] {logging_mixin.py:188} INFO - [2026-04-26T19:36:13.075+0000] {dag.py:3823} INFO - Setting next_dagrun for dbt_spam_pipeline to 2026-04-25 00:00:00+00:00, run_after=2026-04-26 00:00:00+00:00
[2026-04-26T19:36:13.090+0000] {processor.py:183} INFO - Processing /opt/airflow/dags/dbt_dag.py took 0.066 seconds
[2026-04-26T19:36:50.719+0000] {processor.py:161} INFO - Started process (PID=927) to work on /opt/airflow/dags/dbt_dag.py
[2026-04-26T19:36:50.720+0000] {processor.py:830} INFO - Processing file /opt/airflow/dags/dbt_dag.py for tasks to queue
[2026-04-26T19:36:50.723+0000] {logging_mixin.py:188} INFO - [2026-04-26T19:36:50.723+0000] {dagbag.py:538} INFO - Filling up the DagBag from /opt/airflow/dags/dbt_dag.py
[2026-04-26T19:36:50.736+0000] {processor.py:840} INFO - DAG(s) 'dbt_spam_pipeline' retrieved from /opt/airflow/dags/dbt_dag.py
[2026-04-26T19:36:50.760+0000] {logging_mixin.py:188} INFO - [2026-04-26T19:36:50.760+0000] {dag.py:3036} INFO - Sync 1 DAGs
[2026-04-26T19:36:50.774+0000] {logging_mixin.py:188} INFO - [2026-04-26T19:36:50.773+0000] {dag.py:3823} INFO - Setting next_dagrun for dbt_spam_pipeline to 2026-04-25 00:00:00+00:00, run_after=2026-04-26 00:00:00+00:00
[2026-04-26T19:36:50.792+0000] {processor.py:183} INFO - Processing /opt/airflow/dags/dbt_dag.py took 0.075 seconds
[2026-04-26T19:54:45.627+0000] {processor.py:161} INFO - Started process (PID=934) to work on /opt/airflow/dags/dbt_dag.py
[2026-04-26T19:54:45.629+0000] {processor.py:830} INFO - Processing file /opt/airflow/dags/dbt_dag.py for tasks to queue
[2026-04-26T19:54:45.633+0000] {logging_mixin.py:188} INFO - [2026-04-26T19:54:45.632+0000] {dagbag.py:538} INFO - Filling up the DagBag from /opt/airflow/dags/dbt_dag.py
[2026-04-26T19:54:45.650+0000] {processor.py:840} INFO - DAG(s) 'dbt_spam_pipeline' retrieved from /opt/airflow/dags/dbt_dag.py
[2026-04-26T19:54:45.687+0000] {logging_mixin.py:188} INFO - [2026-04-26T19:54:45.687+0000] {dag.py:3036} INFO - Sync 1 DAGs
[2026-04-26T19:54:45.713+0000] {logging_mixin.py:188} INFO - [2026-04-26T19:54:45.713+0000] {dag.py:3823} INFO - Setting next_dagrun for dbt_spam_pipeline to 2026-04-25 00:00:00+00:00, run_after=2026-04-26 00:00:00+00:00
[2026-04-26T19:54:45.732+0000] {processor.py:183} INFO - Processing /opt/airflow/dags/dbt_dag.py took 0.109 seconds
[2026-04-26T19:55:16.314+0000] {processor.py:161} INFO - Started process (PID=941) to work on /opt/airflow/dags/dbt_dag.py
[2026-04-26T19:55:16.315+0000] {processor.py:830} INFO - Processing file /opt/airflow/dags/dbt_dag.py for tasks to queue
[2026-04-26T19:55:16.318+0000] {logging_mixin.py:188} INFO - [2026-04-26T19:55:16.318+0000] {dagbag.py:538} INFO - Filling up the DagBag from /opt/airflow/dags/dbt_dag.py
[2026-04-26T19:55:16.328+0000] {processor.py:840} INFO - DAG(s) 'dbt_spam_pipeline' retrieved from /opt/airflow/dags/dbt_dag.py
[2026-04-26T19:55:16.348+0000] {logging_mixin.py:188} INFO - [2026-04-26T19:55:16.348+0000] {dag.py:3036} INFO - Sync 1 DAGs
[2026-04-26T19:55:16.364+0000] {logging_mixin.py:188} INFO - [2026-04-26T19:55:16.364+0000] {dag.py:3823} INFO - Setting next_dagrun for dbt_spam_pipeline to 2026-04-25 00:00:00+00:00, run_after=2026-04-26 00:00:00+00:00
[2026-04-26T19:55:16.381+0000] {processor.py:183} INFO - Processing /opt/airflow/dags/dbt_dag.py took 0.069 seconds
[2026-04-26T19:58:21.465+0000] {processor.py:161} INFO - Started process (PID=948) to work on /opt/airflow/dags/dbt_dag.py
[2026-04-26T19:58:21.467+0000] {processor.py:830} INFO - Processing file /opt/airflow/dags/dbt_dag.py for tasks to queue
[2026-04-26T19:58:21.469+0000] {logging_mixin.py:188} INFO - [2026-04-26T19:58:21.469+0000] {dagbag.py:538} INFO - Filling up the DagBag from /opt/airflow/dags/dbt_dag.py
[2026-04-26T19:58:21.478+0000] {processor.py:840} INFO - DAG(s) 'dbt_spam_pipeline' retrieved from /opt/airflow/dags/dbt_dag.py
[2026-04-26T19:58:21.496+0000] {logging_mixin.py:188} INFO - [2026-04-26T19:58:21.496+0000] {dag.py:3036} INFO - Sync 1 DAGs
[2026-04-26T19:58:21.510+0000] {logging_mixin.py:188} INFO - [2026-04-26T19:58:21.510+0000] {dag.py:3823} INFO - Setting next_dagrun for dbt_spam_pipeline to 2026-04-25 00:00:00+00:00, run_after=2026-04-26 00:00:00+00:00
[2026-04-26T19:58:21.527+0000] {processor.py:183} INFO - Processing /opt/airflow/dags/dbt_dag.py took 0.064 seconds
[2026-04-26T19:58:52.058+0000] {processor.py:161} INFO - Started process (PID=955) to work on /opt/airflow/dags/dbt_dag.py
[2026-04-26T19:58:52.060+0000] {processor.py:830} INFO - Processing file /opt/airflow/dags/dbt_dag.py for tasks to queue
[2026-04-26T19:58:52.063+0000] {logging_mixin.py:188} INFO - [2026-04-26T19:58:52.063+0000] {dagbag.py:538} INFO - Filling up the DagBag from /opt/airflow/dags/dbt_dag.py
[2026-04-26T19:58:52.075+0000] {processor.py:840} INFO - DAG(s) 'dbt_spam_pipeline' retrieved from /opt/airflow/dags/dbt_dag.py
[2026-04-26T19:58:52.098+0000] {logging_mixin.py:188} INFO - [2026-04-26T19:58:52.098+0000] {dag.py:3036} INFO - Sync 1 DAGs
[2026-04-26T19:58:52.113+0000] {logging_mixin.py:188} INFO - [2026-04-26T19:58:52.113+0000] {dag.py:3823} INFO - Setting next_dagrun for dbt_spam_pipeline to 2026-04-25 00:00:00+00:00, run_after=2026-04-26 00:00:00+00:00
[2026-04-26T19:58:52.130+0000] {processor.py:183} INFO - Processing /opt/airflow/dags/dbt_dag.py took 0.075 seconds
[2026-04-26T20:59:29.678+0000] {processor.py:161} INFO - Started process (PID=962) to work on /opt/airflow/dags/dbt_dag.py
[2026-04-26T20:59:29.681+0000] {processor.py:830} INFO - Processing file /opt/airflow/dags/dbt_dag.py for tasks to queue
[2026-04-26T20:59:29.684+0000] {logging_mixin.py:188} INFO - [2026-04-26T20:59:29.683+0000] {dagbag.py:538} INFO - Filling up the DagBag from /opt/airflow/dags/dbt_dag.py
[2026-04-26T20:59:29.703+0000] {processor.py:840} INFO - DAG(s) 'dbt_spam_pipeline' retrieved from /opt/airflow/dags/dbt_dag.py
[2026-04-26T20:59:29.733+0000] {logging_mixin.py:188} INFO - [2026-04-26T20:59:29.733+0000] {dag.py:3036} INFO - Sync 1 DAGs
[2026-04-26T20:59:29.755+0000] {logging_mixin.py:188} INFO - [2026-04-26T20:59:29.755+0000] {dag.py:3823} INFO - Setting next_dagrun for dbt_spam_pipeline to 2026-04-25 00:00:00+00:00, run_after=2026-04-26 00:00:00+00:00
[2026-04-26T20:59:29.775+0000] {processor.py:183} INFO - Processing /opt/airflow/dags/dbt_dag.py took 0.102 seconds
[2026-04-26T21:16:33.554+0000] {processor.py:161} INFO - Started process (PID=969) to work on /opt/airflow/dags/dbt_dag.py
[2026-04-26T21:16:33.557+0000] {processor.py:830} INFO - Processing file /opt/airflow/dags/dbt_dag.py for tasks to queue
[2026-04-26T21:16:33.558+0000] {logging_mixin.py:188} INFO - [2026-04-26T21:16:33.558+0000] {dagbag.py:538} INFO - Filling up the DagBag from /opt/airflow/dags/dbt_dag.py
[2026-04-26T21:16:33.569+0000] {processor.py:840} INFO - DAG(s) 'dbt_spam_pipeline' retrieved from /opt/airflow/dags/dbt_dag.py
[2026-04-26T21:16:33.590+0000] {logging_mixin.py:188} INFO - [2026-04-26T21:16:33.590+0000] {dag.py:3036} INFO - Sync 1 DAGs
[2026-04-26T21:16:33.607+0000] {logging_mixin.py:188} INFO - [2026-04-26T21:16:33.607+0000] {dag.py:3823} INFO - Setting next_dagrun for dbt_spam_pipeline to 2026-04-25 00:00:00+00:00, run_after=2026-04-26 00:00:00+00:00
[2026-04-26T21:16:33.629+0000] {processor.py:183} INFO - Processing /opt/airflow/dags/dbt_dag.py took 0.077 seconds
[2026-04-26T21:55:51.661+0000] {processor.py:161} INFO - Started process (PID=976) to work on /opt/airflow/dags/dbt_dag.py
[2026-04-26T21:55:51.663+0000] {processor.py:830} INFO - Processing file /opt/airflow/dags/dbt_dag.py for tasks to queue
[2026-04-26T21:55:51.666+0000] {logging_mixin.py:188} INFO - [2026-04-26T21:55:51.666+0000] {dagbag.py:538} INFO - Filling up the DagBag from /opt/airflow/dags/dbt_dag.py
[2026-04-26T21:55:51.679+0000] {processor.py:840} INFO - DAG(s) 'dbt_spam_pipeline' retrieved from /opt/airflow/dags/dbt_dag.py
[2026-04-26T21:55:51.706+0000] {logging_mixin.py:188} INFO - [2026-04-26T21:55:51.705+0000] {dag.py:3036} INFO - Sync 1 DAGs
[2026-04-26T21:55:51.726+0000] {logging_mixin.py:188} INFO - [2026-04-26T21:55:51.726+0000] {dag.py:3823} INFO - Setting next_dagrun for dbt_spam_pipeline to 2026-04-25 00:00:00+00:00, run_after=2026-04-26 00:00:00+00:00
[2026-04-26T21:55:51.750+0000] {processor.py:183} INFO - Processing /opt/airflow/dags/dbt_dag.py took 0.093 seconds
[2026-04-26T22:00:17.900+0000] {processor.py:161} INFO - Started process (PID=983) to work on /opt/airflow/dags/dbt_dag.py
[2026-04-26T22:00:17.901+0000] {processor.py:830} INFO - Processing file /opt/airflow/dags/dbt_dag.py for tasks to queue
[2026-04-26T22:00:17.904+0000] {logging_mixin.py:188} INFO - [2026-04-26T22:00:17.904+0000] {dagbag.py:538} INFO - Filling up the DagBag from /opt/airflow/dags/dbt_dag.py
[2026-04-26T22:00:17.917+0000] {processor.py:840} INFO - DAG(s) 'dbt_spam_pipeline' retrieved from /opt/airflow/dags/dbt_dag.py
[2026-04-26T22:00:17.942+0000] {logging_mixin.py:188} INFO - [2026-04-26T22:00:17.942+0000] {dag.py:3036} INFO - Sync 1 DAGs
[2026-04-26T22:00:17.963+0000] {logging_mixin.py:188} INFO - [2026-04-26T22:00:17.963+0000] {dag.py:3823} INFO - Setting next_dagrun for dbt_spam_pipeline to 2026-04-25 00:00:00+00:00, run_after=2026-04-26 00:00:00+00:00
[2026-04-26T22:00:17.983+0000] {processor.py:183} INFO - Processing /opt/airflow/dags/dbt_dag.py took 0.085 seconds
[2026-04-26T22:08:47.070+0000] {processor.py:161} INFO - Started process (PID=990) to work on /opt/airflow/dags/dbt_dag.py
[2026-04-26T22:08:47.071+0000] {processor.py:830} INFO - Processing file /opt/airflow/dags/dbt_dag.py for tasks to queue
[2026-04-26T22:08:47.073+0000] {logging_mixin.py:188} INFO - [2026-04-26T22:08:47.073+0000] {dagbag.py:538} INFO - Filling up the DagBag from /opt/airflow/dags/dbt_dag.py
[2026-04-26T22:08:47.083+0000] {processor.py:840} INFO - DAG(s) 'dbt_spam_pipeline' retrieved from /opt/airflow/dags/dbt_dag.py
[2026-04-26T22:08:47.101+0000] {logging_mixin.py:188} INFO - [2026-04-26T22:08:47.101+0000] {dag.py:3036} INFO - Sync 1 DAGs
[2026-04-26T22:08:47.117+0000] {logging_mixin.py:188} INFO - [2026-04-26T22:08:47.117+0000] {dag.py:3823} INFO - Setting next_dagrun for dbt_spam_pipeline to 2026-04-25 00:00:00+00:00, run_after=2026-04-26 00:00:00+00:00
[2026-04-26T22:08:47.132+0000] {processor.py:183} INFO - Processing /opt/airflow/dags/dbt_dag.py took 0.065 seconds
[2026-04-26T22:27:21.642+0000] {processor.py:161} INFO - Started process (PID=997) to work on /opt/airflow/dags/dbt_dag.py
[2026-04-26T22:27:21.645+0000] {processor.py:830} INFO - Processing file /opt/airflow/dags/dbt_dag.py for tasks to queue
[2026-04-26T22:27:21.648+0000] {logging_mixin.py:188} INFO - [2026-04-26T22:27:21.648+0000] {dagbag.py:538} INFO - Filling up the DagBag from /opt/airflow/dags/dbt_dag.py
[2026-04-26T22:27:21.669+0000] {processor.py:840} INFO - DAG(s) 'dbt_spam_pipeline' retrieved from /opt/airflow/dags/dbt_dag.py
[2026-04-26T22:27:21.715+0000] {logging_mixin.py:188} INFO - [2026-04-26T22:27:21.714+0000] {dag.py:3036} INFO - Sync 1 DAGs
[2026-04-26T22:27:21.740+0000] {logging_mixin.py:188} INFO - [2026-04-26T22:27:21.740+0000] {dag.py:3823} INFO - Setting next_dagrun for dbt_spam_pipeline to 2026-04-25 00:00:00+00:00, run_after=2026-04-26 00:00:00+00:00
[2026-04-26T22:27:21.773+0000] {processor.py:183} INFO - Processing /opt/airflow/dags/dbt_dag.py took 0.135 seconds
[2026-04-26T22:27:52.377+0000] {processor.py:161} INFO - Started process (PID=1004) to work on /opt/airflow/dags/dbt_dag.py
[2026-04-26T22:27:52.379+0000] {processor.py:830} INFO - Processing file /opt/airflow/dags/dbt_dag.py for tasks to queue
[2026-04-26T22:27:52.380+0000] {logging_mixin.py:188} INFO - [2026-04-26T22:27:52.380+0000] {dagbag.py:538} INFO - Filling up the DagBag from /opt/airflow/dags/dbt_dag.py
[2026-04-26T22:27:52.393+0000] {processor.py:840} INFO - DAG(s) 'dbt_spam_pipeline' retrieved from /opt/airflow/dags/dbt_dag.py
[2026-04-26T22:27:52.414+0000] {logging_mixin.py:188} INFO - [2026-04-26T22:27:52.414+0000] {dag.py:3036} INFO - Sync 1 DAGs
[2026-04-26T22:27:52.438+0000] {logging_mixin.py:188} INFO - [2026-04-26T22:27:52.438+0000] {dag.py:3823} INFO - Setting next_dagrun for dbt_spam_pipeline to 2026-04-25 00:00:00+00:00, run_after=2026-04-26 00:00:00+00:00
[2026-04-26T22:27:52.452+0000] {processor.py:183} INFO - Processing /opt/airflow/dags/dbt_dag.py took 0.077 seconds
[2026-04-26T22:28:22.972+0000] {processor.py:161} INFO - Started process (PID=1011) to work on /opt/airflow/dags/dbt_dag.py
[2026-04-26T22:28:22.974+0000] {processor.py:830} INFO - Processing file /opt/airflow/dags/dbt_dag.py for tasks to queue
[2026-04-26T22:28:22.976+0000] {logging_mixin.py:188} INFO - [2026-04-26T22:28:22.976+0000] {dagbag.py:538} INFO - Filling up the DagBag from /opt/airflow/dags/dbt_dag.py
[2026-04-26T22:28:22.988+0000] {processor.py:840} INFO - DAG(s) 'dbt_spam_pipeline' retrieved from /opt/airflow/dags/dbt_dag.py
[2026-04-26T22:28:23.007+0000] {logging_mixin.py:188} INFO - [2026-04-26T22:28:23.006+0000] {dag.py:3036} INFO - Sync 1 DAGs
[2026-04-26T22:28:23.026+0000] {logging_mixin.py:188} INFO - [2026-04-26T22:28:23.025+0000] {dag.py:3823} INFO - Setting next_dagrun for dbt_spam_pipeline to 2026-04-25 00:00:00+00:00, run_after=2026-04-26 00:00:00+00:00
[2026-04-26T22:28:23.044+0000] {processor.py:183} INFO - Processing /opt/airflow/dags/dbt_dag.py took 0.074 seconds
[2026-04-26T22:28:53.541+0000] {processor.py:161} INFO - Started process (PID=1018) to work on /opt/airflow/dags/dbt_dag.py
[2026-04-26T22:28:53.542+0000] {processor.py:830} INFO - Processing file /opt/airflow/dags/dbt_dag.py for tasks to queue
[2026-04-26T22:28:53.543+0000] {logging_mixin.py:188} INFO - [2026-04-26T22:28:53.543+0000] {dagbag.py:538} INFO - Filling up the DagBag from /opt/airflow/dags/dbt_dag.py
[2026-04-26T22:28:53.556+0000] {processor.py:840} INFO - DAG(s) 'dbt_spam_pipeline' retrieved from /opt/airflow/dags/dbt_dag.py
[2026-04-26T22:28:53.577+0000] {logging_mixin.py:188} INFO - [2026-04-26T22:28:53.577+0000] {dag.py:3036} INFO - Sync 1 DAGs
[2026-04-26T22:28:53.594+0000] {logging_mixin.py:188} INFO - [2026-04-26T22:28:53.594+0000] {dag.py:3823} INFO - Setting next_dagrun for dbt_spam_pipeline to 2026-04-25 00:00:00+00:00, run_after=2026-04-26 00:00:00+00:00
[2026-04-26T22:28:53.614+0000] {processor.py:183} INFO - Processing /opt/airflow/dags/dbt_dag.py took 0.075 seconds
[2026-04-26T22:29:24.143+0000] {processor.py:161} INFO - Started process (PID=1025) to work on /opt/airflow/dags/dbt_dag.py
[2026-04-26T22:29:24.144+0000] {processor.py:830} INFO - Processing file /opt/airflow/dags/dbt_dag.py for tasks to queue
[2026-04-26T22:29:24.145+0000] {logging_mixin.py:188} INFO - [2026-04-26T22:29:24.145+0000] {dagbag.py:538} INFO - Filling up the DagBag from /opt/airflow/dags/dbt_dag.py
[2026-04-26T22:29:24.156+0000] {processor.py:840} INFO - DAG(s) 'dbt_spam_pipeline' retrieved from /opt/airflow/dags/dbt_dag.py
[2026-04-26T22:29:24.180+0000] {logging_mixin.py:188} INFO - [2026-04-26T22:29:24.180+0000] {dag.py:3036} INFO - Sync 1 DAGs
[2026-04-26T22:29:24.198+0000] {logging_mixin.py:188} INFO - [2026-04-26T22:29:24.198+0000] {dag.py:3823} INFO - Setting next_dagrun for dbt_spam_pipeline to 2026-04-25 00:00:00+00:00, run_after=2026-04-26 00:00:00+00:00
[2026-04-26T22:29:24.216+0000] {processor.py:183} INFO - Processing /opt/airflow/dags/dbt_dag.py took 0.075 seconds
[2026-04-26T22:29:54.761+0000] {processor.py:161} INFO - Started process (PID=1032) to work on /opt/airflow/dags/dbt_dag.py
[2026-04-26T22:29:54.762+0000] {processor.py:830} INFO - Processing file /opt/airflow/dags/dbt_dag.py for tasks to queue
[2026-04-26T22:29:54.764+0000] {logging_mixin.py:188} INFO - [2026-04-26T22:29:54.763+0000] {dagbag.py:538} INFO - Filling up the DagBag from /opt/airflow/dags/dbt_dag.py
[2026-04-26T22:29:54.774+0000] {processor.py:840} INFO - DAG(s) 'dbt_spam_pipeline' retrieved from /opt/airflow/dags/dbt_dag.py
[2026-04-26T22:29:54.795+0000] {logging_mixin.py:188} INFO - [2026-04-26T22:29:54.795+0000] {dag.py:3036} INFO - Sync 1 DAGs
[2026-04-26T22:29:54.812+0000] {logging_mixin.py:188} INFO - [2026-04-26T22:29:54.812+0000] {dag.py:3823} INFO - Setting next_dagrun for dbt_spam_pipeline to 2026-04-25 00:00:00+00:00, run_after=2026-04-26 00:00:00+00:00
[2026-04-26T22:29:54.829+0000] {processor.py:183} INFO - Processing /opt/airflow/dags/dbt_dag.py took 0.070 seconds
[2026-04-26T22:30:25.306+0000] {processor.py:161} INFO - Started process (PID=1039) to work on /opt/airflow/dags/dbt_dag.py
[2026-04-26T22:30:25.307+0000] {processor.py:830} INFO - Processing file /opt/airflow/dags/dbt_dag.py for tasks to queue
[2026-04-26T22:30:25.310+0000] {logging_mixin.py:188} INFO - [2026-04-26T22:30:25.310+0000] {dagbag.py:538} INFO - Filling up the DagBag from /opt/airflow/dags/dbt_dag.py
[2026-04-26T22:30:25.321+0000] {processor.py:840} INFO - DAG(s) 'dbt_spam_pipeline' retrieved from /opt/airflow/dags/dbt_dag.py
[2026-04-26T22:30:25.341+0000] {logging_mixin.py:188} INFO - [2026-04-26T22:30:25.341+0000] {dag.py:3036} INFO - Sync 1 DAGs
[2026-04-26T22:30:25.356+0000] {logging_mixin.py:188} INFO - [2026-04-26T22:30:25.356+0000] {dag.py:3823} INFO - Setting next_dagrun for dbt_spam_pipeline to 2026-04-25 00:00:00+00:00, run_after=2026-04-26 00:00:00+00:00
[2026-04-26T22:30:25.376+0000] {processor.py:183} INFO - Processing /opt/airflow/dags/dbt_dag.py took 0.073 seconds
[2026-04-26T22:30:55.877+0000] {processor.py:161} INFO - Started process (PID=1046) to work on /opt/airflow/dags/dbt_dag.py
[2026-04-26T22:30:55.879+0000] {processor.py:830} INFO - Processing file /opt/airflow/dags/dbt_dag.py for tasks to queue
[2026-04-26T22:30:55.880+0000] {logging_mixin.py:188} INFO - [2026-04-26T22:30:55.880+0000] {dagbag.py:538} INFO - Filling up the DagBag from /opt/airflow/dags/dbt_dag.py
[2026-04-26T22:30:55.891+0000] {processor.py:840} INFO - DAG(s) 'dbt_spam_pipeline' retrieved from /opt/airflow/dags/dbt_dag.py
[2026-04-26T22:30:55.910+0000] {logging_mixin.py:188} INFO - [2026-04-26T22:30:55.910+0000] {dag.py:3036} INFO - Sync 1 DAGs
[2026-04-26T22:30:55.928+0000] {logging_mixin.py:188} INFO - [2026-04-26T22:30:55.927+0000] {dag.py:3823} INFO - Setting next_dagrun for dbt_spam_pipeline to 2026-04-25 00:00:00+00:00, run_after=2026-04-26 00:00:00+00:00
[2026-04-26T22:30:55.946+0000] {processor.py:183} INFO - Processing /opt/airflow/dags/dbt_dag.py took 0.072 seconds
[2026-04-26T22:31:26.455+0000] {processor.py:161} INFO - Started process (PID=1053) to work on /opt/airflow/dags/dbt_dag.py
[2026-04-26T22:31:26.456+0000] {processor.py:830} INFO - Processing file /opt/airflow/dags/dbt_dag.py for tasks to queue
[2026-04-26T22:31:26.458+0000] {logging_mixin.py:188} INFO - [2026-04-26T22:31:26.458+0000] {dagbag.py:538} INFO - Filling up the DagBag from /opt/airflow/dags/dbt_dag.py
[2026-04-26T22:31:26.470+0000] {processor.py:840} INFO - DAG(s) 'dbt_spam_pipeline' retrieved from /opt/airflow/dags/dbt_dag.py
[2026-04-26T22:31:26.494+0000] {logging_mixin.py:188} INFO - [2026-04-26T22:31:26.494+0000] {dag.py:3036} INFO - Sync 1 DAGs
[2026-04-26T22:31:26.511+0000] {logging_mixin.py:188} INFO - [2026-04-26T22:31:26.510+0000] {dag.py:3823} INFO - Setting next_dagrun for dbt_spam_pipeline to 2026-04-25 00:00:00+00:00, run_after=2026-04-26 00:00:00+00:00
[2026-04-26T22:31:26.528+0000] {processor.py:183} INFO - Processing /opt/airflow/dags/dbt_dag.py took 0.075 seconds
[2026-04-26T22:33:29.127+0000] {processor.py:161} INFO - Started process (PID=1060) to work on /opt/airflow/dags/dbt_dag.py
[2026-04-26T22:33:29.129+0000] {processor.py:830} INFO - Processing file /opt/airflow/dags/dbt_dag.py for tasks to queue
[2026-04-26T22:33:29.131+0000] {logging_mixin.py:188} INFO - [2026-04-26T22:33:29.130+0000] {dagbag.py:538} INFO - Filling up the DagBag from /opt/airflow/dags/dbt_dag.py
[2026-04-26T22:33:29.145+0000] {processor.py:840} INFO - DAG(s) 'dbt_spam_pipeline' retrieved from /opt/airflow/dags/dbt_dag.py
[2026-04-26T22:33:29.166+0000] {logging_mixin.py:188} INFO - [2026-04-26T22:33:29.166+0000] {dag.py:3036} INFO - Sync 1 DAGs
[2026-04-26T22:33:29.184+0000] {logging_mixin.py:188} INFO - [2026-04-26T22:33:29.183+0000] {dag.py:3823} INFO - Setting next_dagrun for dbt_spam_pipeline to 2026-04-25 00:00:00+00:00, run_after=2026-04-26 00:00:00+00:00
[2026-04-26T22:33:29.202+0000] {processor.py:183} INFO - Processing /opt/airflow/dags/dbt_dag.py took 0.078 seconds
[2026-04-26T22:34:11.324+0000] {processor.py:161} INFO - Started process (PID=1067) to work on /opt/airflow/dags/dbt_dag.py
[2026-04-26T22:34:11.327+0000] {processor.py:830} INFO - Processing file /opt/airflow/dags/dbt_dag.py for tasks to queue
[2026-04-26T22:34:11.328+0000] {logging_mixin.py:188} INFO - [2026-04-26T22:34:11.328+0000] {dagbag.py:538} INFO - Filling up the DagBag from /opt/airflow/dags/dbt_dag.py
[2026-04-26T22:34:11.341+0000] {processor.py:840} INFO - DAG(s) 'dbt_spam_pipeline' retrieved from /opt/airflow/dags/dbt_dag.py
[2026-04-26T22:34:11.360+0000] {logging_mixin.py:188} INFO - [2026-04-26T22:34:11.360+0000] {dag.py:3036} INFO - Sync 1 DAGs
[2026-04-26T22:34:11.377+0000] {logging_mixin.py:188} INFO - [2026-04-26T22:34:11.377+0000] {dag.py:3823} INFO - Setting next_dagrun for dbt_spam_pipeline to 2026-04-25 00:00:00+00:00, run_after=2026-04-26 00:00:00+00:00
[2026-04-26T22:34:11.501+0000] {processor.py:183} INFO - Processing /opt/airflow/dags/dbt_dag.py took 0.179 seconds
[2026-04-26T23:05:14.894+0000] {processor.py:161} INFO - Started process (PID=1074) to work on /opt/airflow/dags/dbt_dag.py
[2026-04-26T23:05:14.896+0000] {processor.py:830} INFO - Processing file /opt/airflow/dags/dbt_dag.py for tasks to queue
[2026-04-26T23:05:14.902+0000] {logging_mixin.py:188} INFO - [2026-04-26T23:05:14.902+0000] {dagbag.py:538} INFO - Filling up the DagBag from /opt/airflow/dags/dbt_dag.py
[2026-04-26T23:05:14.915+0000] {processor.py:840} INFO - DAG(s) 'dbt_spam_pipeline' retrieved from /opt/airflow/dags/dbt_dag.py
[2026-04-26T23:05:14.940+0000] {logging_mixin.py:188} INFO - [2026-04-26T23:05:14.940+0000] {dag.py:3036} INFO - Sync 1 DAGs
[2026-04-26T23:05:14.963+0000] {logging_mixin.py:188} INFO - [2026-04-26T23:05:14.962+0000] {dag.py:3823} INFO - Setting next_dagrun for dbt_spam_pipeline to 2026-04-25 00:00:00+00:00, run_after=2026-04-26 00:00:00+00:00
[2026-04-26T23:05:14.979+0000] {processor.py:183} INFO - Processing /opt/airflow/dags/dbt_dag.py took 0.093 seconds
[2026-04-26T23:59:33.862+0000] {processor.py:161} INFO - Started process (PID=1081) to work on /opt/airflow/dags/dbt_dag.py
[2026-04-26T23:59:33.863+0000] {processor.py:830} INFO - Processing file /opt/airflow/dags/dbt_dag.py for tasks to queue
[2026-04-26T23:59:33.865+0000] {logging_mixin.py:188} INFO - [2026-04-26T23:59:33.864+0000] {dagbag.py:538} INFO - Filling up the DagBag from /opt/airflow/dags/dbt_dag.py
[2026-04-26T23:59:33.876+0000] {processor.py:840} INFO - DAG(s) 'dbt_spam_pipeline' retrieved from /opt/airflow/dags/dbt_dag.py
[2026-04-26T23:59:33.893+0000] {logging_mixin.py:188} INFO - [2026-04-26T23:59:33.892+0000] {dag.py:3036} INFO - Sync 1 DAGs
[2026-04-26T23:59:33.913+0000] {logging_mixin.py:188} INFO - [2026-04-26T23:59:33.913+0000] {dag.py:3823} INFO - Setting next_dagrun for dbt_spam_pipeline to 2026-04-25 00:00:00+00:00, run_after=2026-04-26 00:00:00+00:00
[2026-04-26T23:59:33.932+0000] {processor.py:183} INFO - Processing /opt/airflow/dags/dbt_dag.py took 0.072 seconds
