[2026-04-26T00:07:55.757+0000] {processor.py:161} INFO - Started process (PID=600) to work on /opt/airflow/dags/hello_goodbye_dag.py
[2026-04-26T00:07:55.762+0000] {processor.py:830} INFO - Processing file /opt/airflow/dags/hello_goodbye_dag.py for tasks to queue
[2026-04-26T00:07:55.767+0000] {logging_mixin.py:188} INFO - [2026-04-26T00:07:55.766+0000] {dagbag.py:538} INFO - Filling up the DagBag from /opt/airflow/dags/hello_goodbye_dag.py
[2026-04-26T00:07:55.811+0000] {processor.py:840} INFO - DAG(s) 'hello_goodbye_dag' retrieved from /opt/airflow/dags/hello_goodbye_dag.py
[2026-04-26T00:07:56.110+0000] {logging_mixin.py:188} INFO - [2026-04-26T00:07:56.108+0000] {dag.py:3036} INFO - Sync 1 DAGs
[2026-04-26T00:07:56.155+0000] {logging_mixin.py:188} INFO - [2026-04-26T00:07:56.154+0000] {dag.py:3823} INFO - Setting next_dagrun for hello_goodbye_dag to None, run_after=None
[2026-04-26T00:07:56.245+0000] {processor.py:183} INFO - Processing /opt/airflow/dags/hello_goodbye_dag.py took 0.495 seconds
[2026-04-26T00:08:26.931+0000] {processor.py:161} INFO - Started process (PID=607) to work on /opt/airflow/dags/hello_goodbye_dag.py
[2026-04-26T00:08:26.933+0000] {processor.py:830} INFO - Processing file /opt/airflow/dags/hello_goodbye_dag.py for tasks to queue
[2026-04-26T00:08:26.937+0000] {logging_mixin.py:188} INFO - [2026-04-26T00:08:26.937+0000] {dagbag.py:538} INFO - Filling up the DagBag from /opt/airflow/dags/hello_goodbye_dag.py
[2026-04-26T00:08:26.942+0000] {processor.py:840} INFO - DAG(s) 'hello_goodbye_dag' retrieved from /opt/airflow/dags/hello_goodbye_dag.py
[2026-04-26T00:08:26.962+0000] {logging_mixin.py:188} INFO - [2026-04-26T00:08:26.961+0000] {dag.py:3036} INFO - Sync 1 DAGs
[2026-04-26T00:08:26.968+0000] {logging_mixin.py:188} INFO - [2026-04-26T00:08:26.968+0000] {dag.py:3823} INFO - Setting next_dagrun for hello_goodbye_dag to None, run_after=None
[2026-04-26T00:08:26.988+0000] {processor.py:183} INFO - Processing /opt/airflow/dags/hello_goodbye_dag.py took 0.060 seconds
[2026-04-26T00:59:09.613+0000] {processor.py:161} INFO - Started process (PID=614) to work on /opt/airflow/dags/hello_goodbye_dag.py
[2026-04-26T00:59:09.615+0000] {processor.py:830} INFO - Processing file /opt/airflow/dags/hello_goodbye_dag.py for tasks to queue
[2026-04-26T00:59:09.619+0000] {logging_mixin.py:188} INFO - [2026-04-26T00:59:09.618+0000] {dagbag.py:538} INFO - Filling up the DagBag from /opt/airflow/dags/hello_goodbye_dag.py
[2026-04-26T00:59:09.632+0000] {processor.py:840} INFO - DAG(s) 'hello_goodbye_dag' retrieved from /opt/airflow/dags/hello_goodbye_dag.py
[2026-04-26T00:59:09.659+0000] {logging_mixin.py:188} INFO - [2026-04-26T00:59:09.659+0000] {dag.py:3036} INFO - Sync 1 DAGs
[2026-04-26T00:59:09.672+0000] {logging_mixin.py:188} INFO - [2026-04-26T00:59:09.671+0000] {dag.py:3823} INFO - Setting next_dagrun for hello_goodbye_dag to None, run_after=None
[2026-04-26T00:59:09.703+0000] {processor.py:183} INFO - Processing /opt/airflow/dags/hello_goodbye_dag.py took 0.095 seconds
[2026-04-26T01:25:50.746+0000] {processor.py:161} INFO - Started process (PID=621) to work on /opt/airflow/dags/hello_goodbye_dag.py
[2026-04-26T01:25:50.748+0000] {processor.py:830} INFO - Processing file /opt/airflow/dags/hello_goodbye_dag.py for tasks to queue
[2026-04-26T01:25:50.751+0000] {logging_mixin.py:188} INFO - [2026-04-26T01:25:50.750+0000] {dagbag.py:538} INFO - Filling up the DagBag from /opt/airflow/dags/hello_goodbye_dag.py
[2026-04-26T01:25:50.766+0000] {processor.py:840} INFO - DAG(s) 'hello_goodbye_dag' retrieved from /opt/airflow/dags/hello_goodbye_dag.py
[2026-04-26T01:25:50.798+0000] {logging_mixin.py:188} INFO - [2026-04-26T01:25:50.797+0000] {dag.py:3036} INFO - Sync 1 DAGs
[2026-04-26T01:25:50.808+0000] {logging_mixin.py:188} INFO - [2026-04-26T01:25:50.808+0000] {dag.py:3823} INFO - Setting next_dagrun for hello_goodbye_dag to None, run_after=None
[2026-04-26T01:25:50.829+0000] {processor.py:183} INFO - Processing /opt/airflow/dags/hello_goodbye_dag.py took 0.086 seconds
[2026-04-26T01:36:56.395+0000] {processor.py:161} INFO - Started process (PID=628) to work on /opt/airflow/dags/hello_goodbye_dag.py
[2026-04-26T01:36:56.398+0000] {processor.py:830} INFO - Processing file /opt/airflow/dags/hello_goodbye_dag.py for tasks to queue
[2026-04-26T01:36:56.401+0000] {logging_mixin.py:188} INFO - [2026-04-26T01:36:56.401+0000] {dagbag.py:538} INFO - Filling up the DagBag from /opt/airflow/dags/hello_goodbye_dag.py
[2026-04-26T01:36:56.414+0000] {processor.py:840} INFO - DAG(s) 'hello_goodbye_dag' retrieved from /opt/airflow/dags/hello_goodbye_dag.py
[2026-04-26T01:36:56.445+0000] {logging_mixin.py:188} INFO - [2026-04-26T01:36:56.444+0000] {dag.py:3036} INFO - Sync 1 DAGs
[2026-04-26T01:36:56.457+0000] {logging_mixin.py:188} INFO - [2026-04-26T01:36:56.457+0000] {dag.py:3823} INFO - Setting next_dagrun for hello_goodbye_dag to None, run_after=None
[2026-04-26T01:36:56.478+0000] {processor.py:183} INFO - Processing /opt/airflow/dags/hello_goodbye_dag.py took 0.086 seconds
[2026-04-26T02:10:07.151+0000] {processor.py:161} INFO - Started process (PID=635) to work on /opt/airflow/dags/hello_goodbye_dag.py
[2026-04-26T02:10:07.153+0000] {processor.py:830} INFO - Processing file /opt/airflow/dags/hello_goodbye_dag.py for tasks to queue
[2026-04-26T02:10:07.156+0000] {logging_mixin.py:188} INFO - [2026-04-26T02:10:07.155+0000] {dagbag.py:538} INFO - Filling up the DagBag from /opt/airflow/dags/hello_goodbye_dag.py
[2026-04-26T02:10:07.173+0000] {processor.py:840} INFO - DAG(s) 'hello_goodbye_dag' retrieved from /opt/airflow/dags/hello_goodbye_dag.py
[2026-04-26T02:10:07.218+0000] {logging_mixin.py:188} INFO - [2026-04-26T02:10:07.218+0000] {dag.py:3036} INFO - Sync 1 DAGs
[2026-04-26T02:10:07.231+0000] {logging_mixin.py:188} INFO - [2026-04-26T02:10:07.231+0000] {dag.py:3823} INFO - Setting next_dagrun for hello_goodbye_dag to None, run_after=None
[2026-04-26T02:10:07.267+0000] {processor.py:183} INFO - Processing /opt/airflow/dags/hello_goodbye_dag.py took 0.120 seconds
[2026-04-26T02:26:58.472+0000] {processor.py:161} INFO - Started process (PID=642) to work on /opt/airflow/dags/hello_goodbye_dag.py
[2026-04-26T02:26:58.474+0000] {processor.py:830} INFO - Processing file /opt/airflow/dags/hello_goodbye_dag.py for tasks to queue
[2026-04-26T02:26:58.477+0000] {logging_mixin.py:188} INFO - [2026-04-26T02:26:58.477+0000] {dagbag.py:538} INFO - Filling up the DagBag from /opt/airflow/dags/hello_goodbye_dag.py
[2026-04-26T02:26:58.489+0000] {processor.py:840} INFO - DAG(s) 'hello_goodbye_dag' retrieved from /opt/airflow/dags/hello_goodbye_dag.py
[2026-04-26T02:26:58.509+0000] {logging_mixin.py:188} INFO - [2026-04-26T02:26:58.509+0000] {dag.py:3036} INFO - Sync 1 DAGs
[2026-04-26T02:26:58.519+0000] {logging_mixin.py:188} INFO - [2026-04-26T02:26:58.518+0000] {dag.py:3823} INFO - Setting next_dagrun for hello_goodbye_dag to None, run_after=None
[2026-04-26T02:26:58.535+0000] {processor.py:183} INFO - Processing /opt/airflow/dags/hello_goodbye_dag.py took 0.065 seconds
[2026-04-26T02:32:11.131+0000] {processor.py:161} INFO - Started process (PID=649) to work on /opt/airflow/dags/hello_goodbye_dag.py
[2026-04-26T02:32:11.136+0000] {processor.py:830} INFO - Processing file /opt/airflow/dags/hello_goodbye_dag.py for tasks to queue
[2026-04-26T02:32:11.139+0000] {logging_mixin.py:188} INFO - [2026-04-26T02:32:11.139+0000] {dagbag.py:538} INFO - Filling up the DagBag from /opt/airflow/dags/hello_goodbye_dag.py
[2026-04-26T02:32:11.153+0000] {processor.py:840} INFO - DAG(s) 'hello_goodbye_dag' retrieved from /opt/airflow/dags/hello_goodbye_dag.py
[2026-04-26T02:32:11.199+0000] {logging_mixin.py:188} INFO - [2026-04-26T02:32:11.198+0000] {dag.py:3036} INFO - Sync 1 DAGs
[2026-04-26T02:32:11.218+0000] {logging_mixin.py:188} INFO - [2026-04-26T02:32:11.217+0000] {dag.py:3823} INFO - Setting next_dagrun for hello_goodbye_dag to None, run_after=None
[2026-04-26T02:32:11.241+0000] {processor.py:183} INFO - Processing /opt/airflow/dags/hello_goodbye_dag.py took 0.115 seconds
[2026-04-26T03:03:18.929+0000] {processor.py:161} INFO - Started process (PID=656) to work on /opt/airflow/dags/hello_goodbye_dag.py
[2026-04-26T03:03:18.933+0000] {processor.py:830} INFO - Processing file /opt/airflow/dags/hello_goodbye_dag.py for tasks to queue
[2026-04-26T03:03:18.936+0000] {logging_mixin.py:188} INFO - [2026-04-26T03:03:18.936+0000] {dagbag.py:538} INFO - Filling up the DagBag from /opt/airflow/dags/hello_goodbye_dag.py
[2026-04-26T03:03:18.950+0000] {processor.py:840} INFO - DAG(s) 'hello_goodbye_dag' retrieved from /opt/airflow/dags/hello_goodbye_dag.py
[2026-04-26T03:03:18.994+0000] {logging_mixin.py:188} INFO - [2026-04-26T03:03:18.994+0000] {dag.py:3036} INFO - Sync 1 DAGs
[2026-04-26T03:03:19.010+0000] {logging_mixin.py:188} INFO - [2026-04-26T03:03:19.010+0000] {dag.py:3823} INFO - Setting next_dagrun for hello_goodbye_dag to None, run_after=None
[2026-04-26T03:03:19.042+0000] {processor.py:183} INFO - Processing /opt/airflow/dags/hello_goodbye_dag.py took 0.117 seconds
[2026-04-26T03:03:49.701+0000] {processor.py:161} INFO - Started process (PID=663) to work on /opt/airflow/dags/hello_goodbye_dag.py
[2026-04-26T03:03:49.701+0000] {processor.py:830} INFO - Processing file /opt/airflow/dags/hello_goodbye_dag.py for tasks to queue
[2026-04-26T03:03:49.704+0000] {logging_mixin.py:188} INFO - [2026-04-26T03:03:49.703+0000] {dagbag.py:538} INFO - Filling up the DagBag from /opt/airflow/dags/hello_goodbye_dag.py
[2026-04-26T03:03:49.714+0000] {processor.py:840} INFO - DAG(s) 'hello_goodbye_dag' retrieved from /opt/airflow/dags/hello_goodbye_dag.py
[2026-04-26T03:03:49.738+0000] {logging_mixin.py:188} INFO - [2026-04-26T03:03:49.737+0000] {dag.py:3036} INFO - Sync 1 DAGs
[2026-04-26T03:03:49.745+0000] {logging_mixin.py:188} INFO - [2026-04-26T03:03:49.745+0000] {dag.py:3823} INFO - Setting next_dagrun for hello_goodbye_dag to None, run_after=None
[2026-04-26T03:03:49.767+0000] {processor.py:183} INFO - Processing /opt/airflow/dags/hello_goodbye_dag.py took 0.069 seconds
[2026-04-26T03:27:34.373+0000] {processor.py:161} INFO - Started process (PID=670) to work on /opt/airflow/dags/hello_goodbye_dag.py
[2026-04-26T03:27:34.374+0000] {processor.py:830} INFO - Processing file /opt/airflow/dags/hello_goodbye_dag.py for tasks to queue
[2026-04-26T03:27:34.375+0000] {logging_mixin.py:188} INFO - [2026-04-26T03:27:34.375+0000] {dagbag.py:538} INFO - Filling up the DagBag from /opt/airflow/dags/hello_goodbye_dag.py
[2026-04-26T03:27:34.381+0000] {processor.py:840} INFO - DAG(s) 'hello_goodbye_dag' retrieved from /opt/airflow/dags/hello_goodbye_dag.py
[2026-04-26T03:27:34.401+0000] {logging_mixin.py:188} INFO - [2026-04-26T03:27:34.401+0000] {dag.py:3036} INFO - Sync 1 DAGs
[2026-04-26T03:27:34.413+0000] {logging_mixin.py:188} INFO - [2026-04-26T03:27:34.413+0000] {dag.py:3823} INFO - Setting next_dagrun for hello_goodbye_dag to None, run_after=None
[2026-04-26T03:27:34.429+0000] {processor.py:183} INFO - Processing /opt/airflow/dags/hello_goodbye_dag.py took 0.058 seconds
[2026-04-26T04:16:54.289+0000] {processor.py:161} INFO - Started process (PID=677) to work on /opt/airflow/dags/hello_goodbye_dag.py
[2026-04-26T04:16:54.293+0000] {processor.py:830} INFO - Processing file /opt/airflow/dags/hello_goodbye_dag.py for tasks to queue
[2026-04-26T04:16:54.298+0000] {logging_mixin.py:188} INFO - [2026-04-26T04:16:54.298+0000] {dagbag.py:538} INFO - Filling up the DagBag from /opt/airflow/dags/hello_goodbye_dag.py
[2026-04-26T04:16:54.316+0000] {processor.py:840} INFO - DAG(s) 'hello_goodbye_dag' retrieved from /opt/airflow/dags/hello_goodbye_dag.py
[2026-04-26T04:16:54.339+0000] {logging_mixin.py:188} INFO - [2026-04-26T04:16:54.338+0000] {dag.py:3036} INFO - Sync 1 DAGs
[2026-04-26T04:16:54.353+0000] {logging_mixin.py:188} INFO - [2026-04-26T04:16:54.352+0000] {dag.py:3823} INFO - Setting next_dagrun for hello_goodbye_dag to None, run_after=None
[2026-04-26T04:16:54.377+0000] {processor.py:183} INFO - Processing /opt/airflow/dags/hello_goodbye_dag.py took 0.098 seconds
[2026-04-26T04:28:58.468+0000] {processor.py:161} INFO - Started process (PID=684) to work on /opt/airflow/dags/hello_goodbye_dag.py
[2026-04-26T04:28:58.470+0000] {processor.py:830} INFO - Processing file /opt/airflow/dags/hello_goodbye_dag.py for tasks to queue
[2026-04-26T04:28:58.473+0000] {logging_mixin.py:188} INFO - [2026-04-26T04:28:58.472+0000] {dagbag.py:538} INFO - Filling up the DagBag from /opt/airflow/dags/hello_goodbye_dag.py
[2026-04-26T04:28:58.482+0000] {processor.py:840} INFO - DAG(s) 'hello_goodbye_dag' retrieved from /opt/airflow/dags/hello_goodbye_dag.py
[2026-04-26T04:28:58.510+0000] {logging_mixin.py:188} INFO - [2026-04-26T04:28:58.510+0000] {dag.py:3036} INFO - Sync 1 DAGs
[2026-04-26T04:28:58.521+0000] {logging_mixin.py:188} INFO - [2026-04-26T04:28:58.521+0000] {dag.py:3823} INFO - Setting next_dagrun for hello_goodbye_dag to None, run_after=None
[2026-04-26T04:28:58.537+0000] {processor.py:183} INFO - Processing /opt/airflow/dags/hello_goodbye_dag.py took 0.071 seconds
[2026-04-26T04:47:33.337+0000] {processor.py:161} INFO - Started process (PID=691) to work on /opt/airflow/dags/hello_goodbye_dag.py
[2026-04-26T04:47:33.339+0000] {processor.py:830} INFO - Processing file /opt/airflow/dags/hello_goodbye_dag.py for tasks to queue
[2026-04-26T04:47:33.342+0000] {logging_mixin.py:188} INFO - [2026-04-26T04:47:33.341+0000] {dagbag.py:538} INFO - Filling up the DagBag from /opt/airflow/dags/hello_goodbye_dag.py
[2026-04-26T04:47:33.349+0000] {processor.py:840} INFO - DAG(s) 'hello_goodbye_dag' retrieved from /opt/airflow/dags/hello_goodbye_dag.py
[2026-04-26T04:47:33.373+0000] {logging_mixin.py:188} INFO - [2026-04-26T04:47:33.373+0000] {dag.py:3036} INFO - Sync 1 DAGs
[2026-04-26T04:47:33.380+0000] {logging_mixin.py:188} INFO - [2026-04-26T04:47:33.380+0000] {dag.py:3823} INFO - Setting next_dagrun for hello_goodbye_dag to None, run_after=None
[2026-04-26T04:47:33.399+0000] {processor.py:183} INFO - Processing /opt/airflow/dags/hello_goodbye_dag.py took 0.064 seconds
[2026-04-26T05:05:20.472+0000] {processor.py:161} INFO - Started process (PID=698) to work on /opt/airflow/dags/hello_goodbye_dag.py
[2026-04-26T05:05:20.474+0000] {processor.py:830} INFO - Processing file /opt/airflow/dags/hello_goodbye_dag.py for tasks to queue
[2026-04-26T05:05:20.484+0000] {logging_mixin.py:188} INFO - [2026-04-26T05:05:20.483+0000] {dagbag.py:538} INFO - Filling up the DagBag from /opt/airflow/dags/hello_goodbye_dag.py
[2026-04-26T05:05:20.503+0000] {processor.py:840} INFO - DAG(s) 'hello_goodbye_dag' retrieved from /opt/airflow/dags/hello_goodbye_dag.py
[2026-04-26T05:05:20.548+0000] {logging_mixin.py:188} INFO - [2026-04-26T05:05:20.548+0000] {dag.py:3036} INFO - Sync 1 DAGs
[2026-04-26T05:05:20.564+0000] {logging_mixin.py:188} INFO - [2026-04-26T05:05:20.564+0000] {dag.py:3823} INFO - Setting next_dagrun for hello_goodbye_dag to None, run_after=None
[2026-04-26T05:05:20.608+0000] {processor.py:183} INFO - Processing /opt/airflow/dags/hello_goodbye_dag.py took 0.142 seconds
[2026-04-26T05:09:07.649+0000] {processor.py:161} INFO - Started process (PID=705) to work on /opt/airflow/dags/hello_goodbye_dag.py
[2026-04-26T05:09:07.650+0000] {processor.py:830} INFO - Processing file /opt/airflow/dags/hello_goodbye_dag.py for tasks to queue
[2026-04-26T05:09:07.651+0000] {logging_mixin.py:188} INFO - [2026-04-26T05:09:07.651+0000] {dagbag.py:538} INFO - Filling up the DagBag from /opt/airflow/dags/hello_goodbye_dag.py
[2026-04-26T05:09:07.657+0000] {processor.py:840} INFO - DAG(s) 'hello_goodbye_dag' retrieved from /opt/airflow/dags/hello_goodbye_dag.py
[2026-04-26T05:09:07.677+0000] {logging_mixin.py:188} INFO - [2026-04-26T05:09:07.677+0000] {dag.py:3036} INFO - Sync 1 DAGs
[2026-04-26T05:09:07.689+0000] {logging_mixin.py:188} INFO - [2026-04-26T05:09:07.689+0000] {dag.py:3823} INFO - Setting next_dagrun for hello_goodbye_dag to None, run_after=None
[2026-04-26T05:09:07.702+0000] {processor.py:183} INFO - Processing /opt/airflow/dags/hello_goodbye_dag.py took 0.056 seconds
[2026-04-26T05:37:30.032+0000] {processor.py:161} INFO - Started process (PID=712) to work on /opt/airflow/dags/hello_goodbye_dag.py
[2026-04-26T05:37:30.033+0000] {processor.py:830} INFO - Processing file /opt/airflow/dags/hello_goodbye_dag.py for tasks to queue
[2026-04-26T05:37:30.035+0000] {logging_mixin.py:188} INFO - [2026-04-26T05:37:30.034+0000] {dagbag.py:538} INFO - Filling up the DagBag from /opt/airflow/dags/hello_goodbye_dag.py
[2026-04-26T05:37:30.047+0000] {processor.py:840} INFO - DAG(s) 'hello_goodbye_dag' retrieved from /opt/airflow/dags/hello_goodbye_dag.py
[2026-04-26T05:37:30.079+0000] {logging_mixin.py:188} INFO - [2026-04-26T05:37:30.078+0000] {dag.py:3036} INFO - Sync 1 DAGs
[2026-04-26T05:37:30.090+0000] {logging_mixin.py:188} INFO - [2026-04-26T05:37:30.090+0000] {dag.py:3823} INFO - Setting next_dagrun for hello_goodbye_dag to None, run_after=None
[2026-04-26T05:37:30.113+0000] {processor.py:183} INFO - Processing /opt/airflow/dags/hello_goodbye_dag.py took 0.084 seconds
[2026-04-26T05:38:00.652+0000] {processor.py:161} INFO - Started process (PID=719) to work on /opt/airflow/dags/hello_goodbye_dag.py
[2026-04-26T05:38:00.653+0000] {processor.py:830} INFO - Processing file /opt/airflow/dags/hello_goodbye_dag.py for tasks to queue
[2026-04-26T05:38:00.656+0000] {logging_mixin.py:188} INFO - [2026-04-26T05:38:00.655+0000] {dagbag.py:538} INFO - Filling up the DagBag from /opt/airflow/dags/hello_goodbye_dag.py
[2026-04-26T05:38:00.664+0000] {processor.py:840} INFO - DAG(s) 'hello_goodbye_dag' retrieved from /opt/airflow/dags/hello_goodbye_dag.py
[2026-04-26T05:38:00.685+0000] {logging_mixin.py:188} INFO - [2026-04-26T05:38:00.685+0000] {dag.py:3036} INFO - Sync 1 DAGs
[2026-04-26T05:38:00.694+0000] {logging_mixin.py:188} INFO - [2026-04-26T05:38:00.694+0000] {dag.py:3823} INFO - Setting next_dagrun for hello_goodbye_dag to None, run_after=None
[2026-04-26T05:38:00.712+0000] {processor.py:183} INFO - Processing /opt/airflow/dags/hello_goodbye_dag.py took 0.062 seconds
[2026-04-26T05:50:01.421+0000] {processor.py:161} INFO - Started process (PID=726) to work on /opt/airflow/dags/hello_goodbye_dag.py
[2026-04-26T05:50:01.422+0000] {processor.py:830} INFO - Processing file /opt/airflow/dags/hello_goodbye_dag.py for tasks to queue
[2026-04-26T05:50:01.427+0000] {logging_mixin.py:188} INFO - [2026-04-26T05:50:01.427+0000] {dagbag.py:538} INFO - Filling up the DagBag from /opt/airflow/dags/hello_goodbye_dag.py
[2026-04-26T05:50:01.444+0000] {processor.py:840} INFO - DAG(s) 'hello_goodbye_dag' retrieved from /opt/airflow/dags/hello_goodbye_dag.py
[2026-04-26T05:50:01.470+0000] {logging_mixin.py:188} INFO - [2026-04-26T05:50:01.470+0000] {dag.py:3036} INFO - Sync 1 DAGs
[2026-04-26T05:50:01.479+0000] {logging_mixin.py:188} INFO - [2026-04-26T05:50:01.478+0000] {dag.py:3823} INFO - Setting next_dagrun for hello_goodbye_dag to None, run_after=None
[2026-04-26T05:50:01.495+0000] {processor.py:183} INFO - Processing /opt/airflow/dags/hello_goodbye_dag.py took 0.077 seconds
[2026-04-26T05:50:34.642+0000] {processor.py:161} INFO - Started process (PID=733) to work on /opt/airflow/dags/hello_goodbye_dag.py
[2026-04-26T05:50:34.643+0000] {processor.py:830} INFO - Processing file /opt/airflow/dags/hello_goodbye_dag.py for tasks to queue
[2026-04-26T05:50:34.645+0000] {logging_mixin.py:188} INFO - [2026-04-26T05:50:34.644+0000] {dagbag.py:538} INFO - Filling up the DagBag from /opt/airflow/dags/hello_goodbye_dag.py
[2026-04-26T05:50:34.650+0000] {processor.py:840} INFO - DAG(s) 'hello_goodbye_dag' retrieved from /opt/airflow/dags/hello_goodbye_dag.py
[2026-04-26T05:50:34.671+0000] {logging_mixin.py:188} INFO - [2026-04-26T05:50:34.670+0000] {dag.py:3036} INFO - Sync 1 DAGs
[2026-04-26T05:50:34.679+0000] {logging_mixin.py:188} INFO - [2026-04-26T05:50:34.679+0000] {dag.py:3823} INFO - Setting next_dagrun for hello_goodbye_dag to None, run_after=None
[2026-04-26T05:50:34.695+0000] {processor.py:183} INFO - Processing /opt/airflow/dags/hello_goodbye_dag.py took 0.055 seconds
[2026-04-26T05:52:54.566+0000] {processor.py:161} INFO - Started process (PID=740) to work on /opt/airflow/dags/hello_goodbye_dag.py
[2026-04-26T05:52:54.568+0000] {processor.py:830} INFO - Processing file /opt/airflow/dags/hello_goodbye_dag.py for tasks to queue
[2026-04-26T05:52:54.574+0000] {logging_mixin.py:188} INFO - [2026-04-26T05:52:54.573+0000] {dagbag.py:538} INFO - Filling up the DagBag from /opt/airflow/dags/hello_goodbye_dag.py
[2026-04-26T05:52:54.591+0000] {processor.py:840} INFO - DAG(s) 'hello_goodbye_dag' retrieved from /opt/airflow/dags/hello_goodbye_dag.py
[2026-04-26T05:52:54.616+0000] {logging_mixin.py:188} INFO - [2026-04-26T05:52:54.616+0000] {dag.py:3036} INFO - Sync 1 DAGs
[2026-04-26T05:52:54.632+0000] {logging_mixin.py:188} INFO - [2026-04-26T05:52:54.632+0000] {dag.py:3823} INFO - Setting next_dagrun for hello_goodbye_dag to None, run_after=None
[2026-04-26T05:52:54.650+0000] {processor.py:183} INFO - Processing /opt/airflow/dags/hello_goodbye_dag.py took 0.087 seconds
[2026-04-26T06:25:25.091+0000] {processor.py:161} INFO - Started process (PID=747) to work on /opt/airflow/dags/hello_goodbye_dag.py
[2026-04-26T06:25:25.091+0000] {processor.py:830} INFO - Processing file /opt/airflow/dags/hello_goodbye_dag.py for tasks to queue
[2026-04-26T06:25:25.093+0000] {logging_mixin.py:188} INFO - [2026-04-26T06:25:25.093+0000] {dagbag.py:538} INFO - Filling up the DagBag from /opt/airflow/dags/hello_goodbye_dag.py
[2026-04-26T06:25:25.101+0000] {processor.py:840} INFO - DAG(s) 'hello_goodbye_dag' retrieved from /opt/airflow/dags/hello_goodbye_dag.py
[2026-04-26T06:25:25.122+0000] {logging_mixin.py:188} INFO - [2026-04-26T06:25:25.122+0000] {dag.py:3036} INFO - Sync 1 DAGs
[2026-04-26T06:25:25.131+0000] {logging_mixin.py:188} INFO - [2026-04-26T06:25:25.131+0000] {dag.py:3823} INFO - Setting next_dagrun for hello_goodbye_dag to None, run_after=None
[2026-04-26T06:25:25.150+0000] {processor.py:183} INFO - Processing /opt/airflow/dags/hello_goodbye_dag.py took 0.062 seconds
[2026-04-26T06:53:48.784+0000] {processor.py:161} INFO - Started process (PID=754) to work on /opt/airflow/dags/hello_goodbye_dag.py
[2026-04-26T06:53:48.787+0000] {processor.py:830} INFO - Processing file /opt/airflow/dags/hello_goodbye_dag.py for tasks to queue
[2026-04-26T06:53:48.794+0000] {logging_mixin.py:188} INFO - [2026-04-26T06:53:48.793+0000] {dagbag.py:538} INFO - Filling up the DagBag from /opt/airflow/dags/hello_goodbye_dag.py
[2026-04-26T06:53:48.815+0000] {processor.py:840} INFO - DAG(s) 'hello_goodbye_dag' retrieved from /opt/airflow/dags/hello_goodbye_dag.py
[2026-04-26T06:53:48.850+0000] {logging_mixin.py:188} INFO - [2026-04-26T06:53:48.850+0000] {dag.py:3036} INFO - Sync 1 DAGs
[2026-04-26T06:53:48.861+0000] {logging_mixin.py:188} INFO - [2026-04-26T06:53:48.861+0000] {dag.py:3823} INFO - Setting next_dagrun for hello_goodbye_dag to None, run_after=None
[2026-04-26T06:53:48.885+0000] {processor.py:183} INFO - Processing /opt/airflow/dags/hello_goodbye_dag.py took 0.108 seconds
[2026-04-26T07:07:42.815+0000] {processor.py:161} INFO - Started process (PID=761) to work on /opt/airflow/dags/hello_goodbye_dag.py
[2026-04-26T07:07:42.817+0000] {processor.py:830} INFO - Processing file /opt/airflow/dags/hello_goodbye_dag.py for tasks to queue
[2026-04-26T07:07:42.821+0000] {logging_mixin.py:188} INFO - [2026-04-26T07:07:42.820+0000] {dagbag.py:538} INFO - Filling up the DagBag from /opt/airflow/dags/hello_goodbye_dag.py
[2026-04-26T07:07:42.840+0000] {processor.py:840} INFO - DAG(s) 'hello_goodbye_dag' retrieved from /opt/airflow/dags/hello_goodbye_dag.py
[2026-04-26T07:07:42.901+0000] {logging_mixin.py:188} INFO - [2026-04-26T07:07:42.901+0000] {dag.py:3036} INFO - Sync 1 DAGs
[2026-04-26T07:07:42.923+0000] {logging_mixin.py:188} INFO - [2026-04-26T07:07:42.923+0000] {dag.py:3823} INFO - Setting next_dagrun for hello_goodbye_dag to None, run_after=None
[2026-04-26T07:07:42.952+0000] {processor.py:183} INFO - Processing /opt/airflow/dags/hello_goodbye_dag.py took 0.143 seconds
[2026-04-26T07:08:13.630+0000] {processor.py:161} INFO - Started process (PID=768) to work on /opt/airflow/dags/hello_goodbye_dag.py
[2026-04-26T07:08:13.631+0000] {processor.py:830} INFO - Processing file /opt/airflow/dags/hello_goodbye_dag.py for tasks to queue
[2026-04-26T07:08:13.633+0000] {logging_mixin.py:188} INFO - [2026-04-26T07:08:13.632+0000] {dagbag.py:538} INFO - Filling up the DagBag from /opt/airflow/dags/hello_goodbye_dag.py
[2026-04-26T07:08:13.639+0000] {processor.py:840} INFO - DAG(s) 'hello_goodbye_dag' retrieved from /opt/airflow/dags/hello_goodbye_dag.py
[2026-04-26T07:08:13.655+0000] {logging_mixin.py:188} INFO - [2026-04-26T07:08:13.655+0000] {dag.py:3036} INFO - Sync 1 DAGs
[2026-04-26T07:08:13.662+0000] {logging_mixin.py:188} INFO - [2026-04-26T07:08:13.662+0000] {dag.py:3823} INFO - Setting next_dagrun for hello_goodbye_dag to None, run_after=None
[2026-04-26T07:08:13.678+0000] {processor.py:183} INFO - Processing /opt/airflow/dags/hello_goodbye_dag.py took 0.050 seconds
[2026-04-26T07:10:13.719+0000] {processor.py:161} INFO - Started process (PID=775) to work on /opt/airflow/dags/hello_goodbye_dag.py
[2026-04-26T07:10:13.722+0000] {processor.py:830} INFO - Processing file /opt/airflow/dags/hello_goodbye_dag.py for tasks to queue
[2026-04-26T07:10:13.725+0000] {logging_mixin.py:188} INFO - [2026-04-26T07:10:13.724+0000] {dagbag.py:538} INFO - Filling up the DagBag from /opt/airflow/dags/hello_goodbye_dag.py
[2026-04-26T07:10:13.733+0000] {processor.py:840} INFO - DAG(s) 'hello_goodbye_dag' retrieved from /opt/airflow/dags/hello_goodbye_dag.py
[2026-04-26T07:10:13.755+0000] {logging_mixin.py:188} INFO - [2026-04-26T07:10:13.755+0000] {dag.py:3036} INFO - Sync 1 DAGs
[2026-04-26T07:10:13.765+0000] {logging_mixin.py:188} INFO - [2026-04-26T07:10:13.764+0000] {dag.py:3823} INFO - Setting next_dagrun for hello_goodbye_dag to None, run_after=None
[2026-04-26T07:10:13.782+0000] {processor.py:183} INFO - Processing /opt/airflow/dags/hello_goodbye_dag.py took 0.065 seconds
[2026-04-26T08:48:54.695+0000] {processor.py:161} INFO - Started process (PID=782) to work on /opt/airflow/dags/hello_goodbye_dag.py
[2026-04-26T08:48:54.696+0000] {processor.py:830} INFO - Processing file /opt/airflow/dags/hello_goodbye_dag.py for tasks to queue
[2026-04-26T08:48:54.698+0000] {logging_mixin.py:188} INFO - [2026-04-26T08:48:54.698+0000] {dagbag.py:538} INFO - Filling up the DagBag from /opt/airflow/dags/hello_goodbye_dag.py
[2026-04-26T08:48:54.714+0000] {processor.py:840} INFO - DAG(s) 'hello_goodbye_dag' retrieved from /opt/airflow/dags/hello_goodbye_dag.py
[2026-04-26T08:48:54.745+0000] {logging_mixin.py:188} INFO - [2026-04-26T08:48:54.744+0000] {dag.py:3036} INFO - Sync 1 DAGs
[2026-04-26T08:48:54.759+0000] {logging_mixin.py:188} INFO - [2026-04-26T08:48:54.758+0000] {dag.py:3823} INFO - Setting next_dagrun for hello_goodbye_dag to None, run_after=None
[2026-04-26T08:48:54.777+0000] {processor.py:183} INFO - Processing /opt/airflow/dags/hello_goodbye_dag.py took 0.085 seconds
[2026-04-26T10:11:22.412+0000] {processor.py:161} INFO - Started process (PID=789) to work on /opt/airflow/dags/hello_goodbye_dag.py
[2026-04-26T10:11:22.413+0000] {processor.py:830} INFO - Processing file /opt/airflow/dags/hello_goodbye_dag.py for tasks to queue
[2026-04-26T10:11:22.414+0000] {logging_mixin.py:188} INFO - [2026-04-26T10:11:22.414+0000] {dagbag.py:538} INFO - Filling up the DagBag from /opt/airflow/dags/hello_goodbye_dag.py
[2026-04-26T10:11:22.421+0000] {processor.py:840} INFO - DAG(s) 'hello_goodbye_dag' retrieved from /opt/airflow/dags/hello_goodbye_dag.py
[2026-04-26T10:11:22.454+0000] {logging_mixin.py:188} INFO - [2026-04-26T10:11:22.454+0000] {dag.py:3036} INFO - Sync 1 DAGs
[2026-04-26T10:11:22.467+0000] {logging_mixin.py:188} INFO - [2026-04-26T10:11:22.467+0000] {dag.py:3823} INFO - Setting next_dagrun for hello_goodbye_dag to None, run_after=None
[2026-04-26T10:11:22.490+0000] {processor.py:183} INFO - Processing /opt/airflow/dags/hello_goodbye_dag.py took 0.081 seconds
[2026-04-26T11:39:45.365+0000] {processor.py:161} INFO - Started process (PID=796) to work on /opt/airflow/dags/hello_goodbye_dag.py
[2026-04-26T11:39:45.365+0000] {processor.py:830} INFO - Processing file /opt/airflow/dags/hello_goodbye_dag.py for tasks to queue
[2026-04-26T11:39:45.367+0000] {logging_mixin.py:188} INFO - [2026-04-26T11:39:45.367+0000] {dagbag.py:538} INFO - Filling up the DagBag from /opt/airflow/dags/hello_goodbye_dag.py
[2026-04-26T11:39:45.379+0000] {processor.py:840} INFO - DAG(s) 'hello_goodbye_dag' retrieved from /opt/airflow/dags/hello_goodbye_dag.py
[2026-04-26T11:39:45.434+0000] {logging_mixin.py:188} INFO - [2026-04-26T11:39:45.433+0000] {dag.py:3036} INFO - Sync 1 DAGs
[2026-04-26T11:39:45.451+0000] {logging_mixin.py:188} INFO - [2026-04-26T11:39:45.450+0000] {dag.py:3823} INFO - Setting next_dagrun for hello_goodbye_dag to None, run_after=None
[2026-04-26T11:39:45.547+0000] {processor.py:183} INFO - Processing /opt/airflow/dags/hello_goodbye_dag.py took 0.185 seconds
[2026-04-26T12:57:07.652+0000] {processor.py:161} INFO - Started process (PID=803) to work on /opt/airflow/dags/hello_goodbye_dag.py
[2026-04-26T12:57:07.653+0000] {processor.py:830} INFO - Processing file /opt/airflow/dags/hello_goodbye_dag.py for tasks to queue
[2026-04-26T12:57:07.654+0000] {logging_mixin.py:188} INFO - [2026-04-26T12:57:07.654+0000] {dagbag.py:538} INFO - Filling up the DagBag from /opt/airflow/dags/hello_goodbye_dag.py
[2026-04-26T12:57:07.663+0000] {processor.py:840} INFO - DAG(s) 'hello_goodbye_dag' retrieved from /opt/airflow/dags/hello_goodbye_dag.py
[2026-04-26T12:57:07.684+0000] {logging_mixin.py:188} INFO - [2026-04-26T12:57:07.683+0000] {dag.py:3036} INFO - Sync 1 DAGs
[2026-04-26T12:57:07.692+0000] {logging_mixin.py:188} INFO - [2026-04-26T12:57:07.692+0000] {dag.py:3823} INFO - Setting next_dagrun for hello_goodbye_dag to None, run_after=None
[2026-04-26T12:57:07.707+0000] {processor.py:183} INFO - Processing /opt/airflow/dags/hello_goodbye_dag.py took 0.058 seconds
[2026-04-26T12:57:38.259+0000] {processor.py:161} INFO - Started process (PID=810) to work on /opt/airflow/dags/hello_goodbye_dag.py
[2026-04-26T12:57:38.260+0000] {processor.py:830} INFO - Processing file /opt/airflow/dags/hello_goodbye_dag.py for tasks to queue
[2026-04-26T12:57:38.262+0000] {logging_mixin.py:188} INFO - [2026-04-26T12:57:38.262+0000] {dagbag.py:538} INFO - Filling up the DagBag from /opt/airflow/dags/hello_goodbye_dag.py
[2026-04-26T12:57:38.269+0000] {processor.py:840} INFO - DAG(s) 'hello_goodbye_dag' retrieved from /opt/airflow/dags/hello_goodbye_dag.py
[2026-04-26T12:57:38.290+0000] {logging_mixin.py:188} INFO - [2026-04-26T12:57:38.290+0000] {dag.py:3036} INFO - Sync 1 DAGs
[2026-04-26T12:57:38.301+0000] {logging_mixin.py:188} INFO - [2026-04-26T12:57:38.301+0000] {dag.py:3823} INFO - Setting next_dagrun for hello_goodbye_dag to None, run_after=None
[2026-04-26T12:57:38.316+0000] {processor.py:183} INFO - Processing /opt/airflow/dags/hello_goodbye_dag.py took 0.060 seconds
[2026-04-26T14:05:22.614+0000] {processor.py:161} INFO - Started process (PID=817) to work on /opt/airflow/dags/hello_goodbye_dag.py
[2026-04-26T14:05:22.615+0000] {processor.py:830} INFO - Processing file /opt/airflow/dags/hello_goodbye_dag.py for tasks to queue
[2026-04-26T14:05:22.619+0000] {logging_mixin.py:188} INFO - [2026-04-26T14:05:22.619+0000] {dagbag.py:538} INFO - Filling up the DagBag from /opt/airflow/dags/hello_goodbye_dag.py
[2026-04-26T14:05:22.627+0000] {processor.py:840} INFO - DAG(s) 'hello_goodbye_dag' retrieved from /opt/airflow/dags/hello_goodbye_dag.py
[2026-04-26T14:05:22.648+0000] {logging_mixin.py:188} INFO - [2026-04-26T14:05:22.648+0000] {dag.py:3036} INFO - Sync 1 DAGs
[2026-04-26T14:05:22.659+0000] {logging_mixin.py:188} INFO - [2026-04-26T14:05:22.658+0000] {dag.py:3823} INFO - Setting next_dagrun for hello_goodbye_dag to None, run_after=None
[2026-04-26T14:05:22.676+0000] {processor.py:183} INFO - Processing /opt/airflow/dags/hello_goodbye_dag.py took 0.064 seconds
[2026-04-26T14:54:30.172+0000] {processor.py:161} INFO - Started process (PID=824) to work on /opt/airflow/dags/hello_goodbye_dag.py
[2026-04-26T14:54:30.173+0000] {processor.py:830} INFO - Processing file /opt/airflow/dags/hello_goodbye_dag.py for tasks to queue
[2026-04-26T14:54:30.175+0000] {logging_mixin.py:188} INFO - [2026-04-26T14:54:30.175+0000] {dagbag.py:538} INFO - Filling up the DagBag from /opt/airflow/dags/hello_goodbye_dag.py
[2026-04-26T14:54:30.190+0000] {processor.py:840} INFO - DAG(s) 'hello_goodbye_dag' retrieved from /opt/airflow/dags/hello_goodbye_dag.py
[2026-04-26T14:54:30.228+0000] {logging_mixin.py:188} INFO - [2026-04-26T14:54:30.227+0000] {dag.py:3036} INFO - Sync 1 DAGs
[2026-04-26T14:54:30.241+0000] {logging_mixin.py:188} INFO - [2026-04-26T14:54:30.241+0000] {dag.py:3823} INFO - Setting next_dagrun for hello_goodbye_dag to None, run_after=None
[2026-04-26T14:54:30.271+0000] {processor.py:183} INFO - Processing /opt/airflow/dags/hello_goodbye_dag.py took 0.103 seconds
[2026-04-26T16:01:23.899+0000] {processor.py:161} INFO - Started process (PID=831) to work on /opt/airflow/dags/hello_goodbye_dag.py
[2026-04-26T16:01:23.900+0000] {processor.py:830} INFO - Processing file /opt/airflow/dags/hello_goodbye_dag.py for tasks to queue
[2026-04-26T16:01:23.906+0000] {logging_mixin.py:188} INFO - [2026-04-26T16:01:23.906+0000] {dagbag.py:538} INFO - Filling up the DagBag from /opt/airflow/dags/hello_goodbye_dag.py
[2026-04-26T16:01:23.927+0000] {processor.py:840} INFO - DAG(s) 'hello_goodbye_dag' retrieved from /opt/airflow/dags/hello_goodbye_dag.py
[2026-04-26T16:01:23.962+0000] {logging_mixin.py:188} INFO - [2026-04-26T16:01:23.962+0000] {dag.py:3036} INFO - Sync 1 DAGs
[2026-04-26T16:01:23.974+0000] {logging_mixin.py:188} INFO - [2026-04-26T16:01:23.974+0000] {dag.py:3823} INFO - Setting next_dagrun for hello_goodbye_dag to None, run_after=None
[2026-04-26T16:01:23.997+0000] {processor.py:183} INFO - Processing /opt/airflow/dags/hello_goodbye_dag.py took 0.100 seconds
[2026-04-26T16:38:00.966+0000] {processor.py:161} INFO - Started process (PID=838) to work on /opt/airflow/dags/hello_goodbye_dag.py
[2026-04-26T16:38:00.967+0000] {processor.py:830} INFO - Processing file /opt/airflow/dags/hello_goodbye_dag.py for tasks to queue
[2026-04-26T16:38:00.970+0000] {logging_mixin.py:188} INFO - [2026-04-26T16:38:00.969+0000] {dagbag.py:538} INFO - Filling up the DagBag from /opt/airflow/dags/hello_goodbye_dag.py
[2026-04-26T16:38:00.982+0000] {processor.py:840} INFO - DAG(s) 'hello_goodbye_dag' retrieved from /opt/airflow/dags/hello_goodbye_dag.py
[2026-04-26T16:38:01.011+0000] {logging_mixin.py:188} INFO - [2026-04-26T16:38:01.010+0000] {dag.py:3036} INFO - Sync 1 DAGs
[2026-04-26T16:38:01.025+0000] {logging_mixin.py:188} INFO - [2026-04-26T16:38:01.025+0000] {dag.py:3823} INFO - Setting next_dagrun for hello_goodbye_dag to None, run_after=None
[2026-04-26T16:38:01.050+0000] {processor.py:183} INFO - Processing /opt/airflow/dags/hello_goodbye_dag.py took 0.086 seconds
[2026-04-26T16:38:31.615+0000] {processor.py:161} INFO - Started process (PID=845) to work on /opt/airflow/dags/hello_goodbye_dag.py
[2026-04-26T16:38:31.616+0000] {processor.py:830} INFO - Processing file /opt/airflow/dags/hello_goodbye_dag.py for tasks to queue
[2026-04-26T16:38:31.618+0000] {logging_mixin.py:188} INFO - [2026-04-26T16:38:31.618+0000] {dagbag.py:538} INFO - Filling up the DagBag from /opt/airflow/dags/hello_goodbye_dag.py
[2026-04-26T16:38:31.627+0000] {processor.py:840} INFO - DAG(s) 'hello_goodbye_dag' retrieved from /opt/airflow/dags/hello_goodbye_dag.py
[2026-04-26T16:38:31.651+0000] {logging_mixin.py:188} INFO - [2026-04-26T16:38:31.651+0000] {dag.py:3036} INFO - Sync 1 DAGs
[2026-04-26T16:38:31.663+0000] {logging_mixin.py:188} INFO - [2026-04-26T16:38:31.663+0000] {dag.py:3823} INFO - Setting next_dagrun for hello_goodbye_dag to None, run_after=None
[2026-04-26T16:38:31.680+0000] {processor.py:183} INFO - Processing /opt/airflow/dags/hello_goodbye_dag.py took 0.068 seconds
[2026-04-26T16:44:18.496+0000] {processor.py:161} INFO - Started process (PID=852) to work on /opt/airflow/dags/hello_goodbye_dag.py
[2026-04-26T16:44:18.498+0000] {processor.py:830} INFO - Processing file /opt/airflow/dags/hello_goodbye_dag.py for tasks to queue
[2026-04-26T16:44:18.500+0000] {logging_mixin.py:188} INFO - [2026-04-26T16:44:18.499+0000] {dagbag.py:538} INFO - Filling up the DagBag from /opt/airflow/dags/hello_goodbye_dag.py
[2026-04-26T16:44:18.510+0000] {processor.py:840} INFO - DAG(s) 'hello_goodbye_dag' retrieved from /opt/airflow/dags/hello_goodbye_dag.py
[2026-04-26T16:44:18.535+0000] {logging_mixin.py:188} INFO - [2026-04-26T16:44:18.535+0000] {dag.py:3036} INFO - Sync 1 DAGs
[2026-04-26T16:44:18.546+0000] {logging_mixin.py:188} INFO - [2026-04-26T16:44:18.546+0000] {dag.py:3823} INFO - Setting next_dagrun for hello_goodbye_dag to None, run_after=None
[2026-04-26T16:44:18.562+0000] {processor.py:183} INFO - Processing /opt/airflow/dags/hello_goodbye_dag.py took 0.069 seconds
[2026-04-26T16:55:26.278+0000] {processor.py:161} INFO - Started process (PID=859) to work on /opt/airflow/dags/hello_goodbye_dag.py
[2026-04-26T16:55:26.279+0000] {processor.py:830} INFO - Processing file /opt/airflow/dags/hello_goodbye_dag.py for tasks to queue
[2026-04-26T16:55:26.280+0000] {logging_mixin.py:188} INFO - [2026-04-26T16:55:26.280+0000] {dagbag.py:538} INFO - Filling up the DagBag from /opt/airflow/dags/hello_goodbye_dag.py
[2026-04-26T16:55:26.288+0000] {processor.py:840} INFO - DAG(s) 'hello_goodbye_dag' retrieved from /opt/airflow/dags/hello_goodbye_dag.py
[2026-04-26T16:55:26.316+0000] {logging_mixin.py:188} INFO - [2026-04-26T16:55:26.316+0000] {dag.py:3036} INFO - Sync 1 DAGs
[2026-04-26T16:55:26.326+0000] {logging_mixin.py:188} INFO - [2026-04-26T16:55:26.326+0000] {dag.py:3823} INFO - Setting next_dagrun for hello_goodbye_dag to None, run_after=None
[2026-04-26T16:55:26.346+0000] {processor.py:183} INFO - Processing /opt/airflow/dags/hello_goodbye_dag.py took 0.070 seconds
[2026-04-26T16:55:57.734+0000] {processor.py:161} INFO - Started process (PID=866) to work on /opt/airflow/dags/hello_goodbye_dag.py
[2026-04-26T16:55:57.735+0000] {processor.py:830} INFO - Processing file /opt/airflow/dags/hello_goodbye_dag.py for tasks to queue
[2026-04-26T16:55:57.737+0000] {logging_mixin.py:188} INFO - [2026-04-26T16:55:57.737+0000] {dagbag.py:538} INFO - Filling up the DagBag from /opt/airflow/dags/hello_goodbye_dag.py
[2026-04-26T16:55:57.743+0000] {processor.py:840} INFO - DAG(s) 'hello_goodbye_dag' retrieved from /opt/airflow/dags/hello_goodbye_dag.py
[2026-04-26T16:55:57.765+0000] {logging_mixin.py:188} INFO - [2026-04-26T16:55:57.765+0000] {dag.py:3036} INFO - Sync 1 DAGs
[2026-04-26T16:55:57.773+0000] {logging_mixin.py:188} INFO - [2026-04-26T16:55:57.772+0000] {dag.py:3823} INFO - Setting next_dagrun for hello_goodbye_dag to None, run_after=None
[2026-04-26T16:55:57.791+0000] {processor.py:183} INFO - Processing /opt/airflow/dags/hello_goodbye_dag.py took 0.059 seconds
[2026-04-26T17:09:48.543+0000] {processor.py:161} INFO - Started process (PID=873) to work on /opt/airflow/dags/hello_goodbye_dag.py
[2026-04-26T17:09:48.545+0000] {processor.py:830} INFO - Processing file /opt/airflow/dags/hello_goodbye_dag.py for tasks to queue
[2026-04-26T17:09:48.551+0000] {logging_mixin.py:188} INFO - [2026-04-26T17:09:48.551+0000] {dagbag.py:538} INFO - Filling up the DagBag from /opt/airflow/dags/hello_goodbye_dag.py
[2026-04-26T17:09:48.565+0000] {processor.py:840} INFO - DAG(s) 'hello_goodbye_dag' retrieved from /opt/airflow/dags/hello_goodbye_dag.py
[2026-04-26T17:09:48.601+0000] {logging_mixin.py:188} INFO - [2026-04-26T17:09:48.600+0000] {dag.py:3036} INFO - Sync 1 DAGs
[2026-04-26T17:09:48.619+0000] {logging_mixin.py:188} INFO - [2026-04-26T17:09:48.619+0000] {dag.py:3823} INFO - Setting next_dagrun for hello_goodbye_dag to None, run_after=None
[2026-04-26T17:09:48.647+0000] {processor.py:183} INFO - Processing /opt/airflow/dags/hello_goodbye_dag.py took 0.111 seconds
[2026-04-26T17:56:19.570+0000] {processor.py:161} INFO - Started process (PID=880) to work on /opt/airflow/dags/hello_goodbye_dag.py
[2026-04-26T17:56:19.571+0000] {processor.py:830} INFO - Processing file /opt/airflow/dags/hello_goodbye_dag.py for tasks to queue
[2026-04-26T17:56:19.572+0000] {logging_mixin.py:188} INFO - [2026-04-26T17:56:19.572+0000] {dagbag.py:538} INFO - Filling up the DagBag from /opt/airflow/dags/hello_goodbye_dag.py
[2026-04-26T17:56:19.582+0000] {processor.py:840} INFO - DAG(s) 'hello_goodbye_dag' retrieved from /opt/airflow/dags/hello_goodbye_dag.py
[2026-04-26T17:56:19.609+0000] {logging_mixin.py:188} INFO - [2026-04-26T17:56:19.608+0000] {dag.py:3036} INFO - Sync 1 DAGs
[2026-04-26T17:56:19.619+0000] {logging_mixin.py:188} INFO - [2026-04-26T17:56:19.619+0000] {dag.py:3823} INFO - Setting next_dagrun for hello_goodbye_dag to None, run_after=None
[2026-04-26T17:56:19.719+0000] {processor.py:183} INFO - Processing /opt/airflow/dags/hello_goodbye_dag.py took 0.152 seconds
[2026-04-26T17:56:50.440+0000] {processor.py:161} INFO - Started process (PID=887) to work on /opt/airflow/dags/hello_goodbye_dag.py
[2026-04-26T17:56:50.442+0000] {processor.py:830} INFO - Processing file /opt/airflow/dags/hello_goodbye_dag.py for tasks to queue
[2026-04-26T17:56:50.443+0000] {logging_mixin.py:188} INFO - [2026-04-26T17:56:50.443+0000] {dagbag.py:538} INFO - Filling up the DagBag from /opt/airflow/dags/hello_goodbye_dag.py
[2026-04-26T17:56:50.452+0000] {processor.py:840} INFO - DAG(s) 'hello_goodbye_dag' retrieved from /opt/airflow/dags/hello_goodbye_dag.py
[2026-04-26T17:56:50.480+0000] {logging_mixin.py:188} INFO - [2026-04-26T17:56:50.480+0000] {dag.py:3036} INFO - Sync 1 DAGs
[2026-04-26T17:56:50.488+0000] {logging_mixin.py:188} INFO - [2026-04-26T17:56:50.488+0000] {dag.py:3823} INFO - Setting next_dagrun for hello_goodbye_dag to None, run_after=None
[2026-04-26T17:56:50.505+0000] {processor.py:183} INFO - Processing /opt/airflow/dags/hello_goodbye_dag.py took 0.067 seconds
[2026-04-26T18:13:33.650+0000] {processor.py:161} INFO - Started process (PID=894) to work on /opt/airflow/dags/hello_goodbye_dag.py
[2026-04-26T18:13:33.653+0000] {processor.py:830} INFO - Processing file /opt/airflow/dags/hello_goodbye_dag.py for tasks to queue
[2026-04-26T18:13:33.656+0000] {logging_mixin.py:188} INFO - [2026-04-26T18:13:33.656+0000] {dagbag.py:538} INFO - Filling up the DagBag from /opt/airflow/dags/hello_goodbye_dag.py
[2026-04-26T18:13:33.665+0000] {processor.py:840} INFO - DAG(s) 'hello_goodbye_dag' retrieved from /opt/airflow/dags/hello_goodbye_dag.py
[2026-04-26T18:13:33.695+0000] {logging_mixin.py:188} INFO - [2026-04-26T18:13:33.694+0000] {dag.py:3036} INFO - Sync 1 DAGs
[2026-04-26T18:13:33.705+0000] {logging_mixin.py:188} INFO - [2026-04-26T18:13:33.705+0000] {dag.py:3823} INFO - Setting next_dagrun for hello_goodbye_dag to None, run_after=None
[2026-04-26T18:13:33.727+0000] {processor.py:183} INFO - Processing /opt/airflow/dags/hello_goodbye_dag.py took 0.080 seconds
[2026-04-26T18:57:22.059+0000] {processor.py:161} INFO - Started process (PID=901) to work on /opt/airflow/dags/hello_goodbye_dag.py
[2026-04-26T18:57:22.060+0000] {processor.py:830} INFO - Processing file /opt/airflow/dags/hello_goodbye_dag.py for tasks to queue
[2026-04-26T18:57:22.064+0000] {logging_mixin.py:188} INFO - [2026-04-26T18:57:22.063+0000] {dagbag.py:538} INFO - Filling up the DagBag from /opt/airflow/dags/hello_goodbye_dag.py
[2026-04-26T18:57:22.082+0000] {processor.py:840} INFO - DAG(s) 'hello_goodbye_dag' retrieved from /opt/airflow/dags/hello_goodbye_dag.py
[2026-04-26T18:57:22.133+0000] {logging_mixin.py:188} INFO - [2026-04-26T18:57:22.133+0000] {dag.py:3036} INFO - Sync 1 DAGs
[2026-04-26T18:57:22.162+0000] {logging_mixin.py:188} INFO - [2026-04-26T18:57:22.162+0000] {dag.py:3823} INFO - Setting next_dagrun for hello_goodbye_dag to None, run_after=None
[2026-04-26T18:57:22.228+0000] {processor.py:183} INFO - Processing /opt/airflow/dags/hello_goodbye_dag.py took 0.176 seconds
[2026-04-26T18:57:52.915+0000] {processor.py:161} INFO - Started process (PID=908) to work on /opt/airflow/dags/hello_goodbye_dag.py
[2026-04-26T18:57:52.915+0000] {processor.py:830} INFO - Processing file /opt/airflow/dags/hello_goodbye_dag.py for tasks to queue
[2026-04-26T18:57:52.917+0000] {logging_mixin.py:188} INFO - [2026-04-26T18:57:52.917+0000] {dagbag.py:538} INFO - Filling up the DagBag from /opt/airflow/dags/hello_goodbye_dag.py
[2026-04-26T18:57:52.923+0000] {processor.py:840} INFO - DAG(s) 'hello_goodbye_dag' retrieved from /opt/airflow/dags/hello_goodbye_dag.py
[2026-04-26T18:57:52.944+0000] {logging_mixin.py:188} INFO - [2026-04-26T18:57:52.944+0000] {dag.py:3036} INFO - Sync 1 DAGs
[2026-04-26T18:57:52.954+0000] {logging_mixin.py:188} INFO - [2026-04-26T18:57:52.954+0000] {dag.py:3823} INFO - Setting next_dagrun for hello_goodbye_dag to None, run_after=None
[2026-04-26T18:57:52.966+0000] {processor.py:183} INFO - Processing /opt/airflow/dags/hello_goodbye_dag.py took 0.054 seconds
[2026-04-26T19:12:07.231+0000] {processor.py:161} INFO - Started process (PID=915) to work on /opt/airflow/dags/hello_goodbye_dag.py
[2026-04-26T19:12:07.232+0000] {processor.py:830} INFO - Processing file /opt/airflow/dags/hello_goodbye_dag.py for tasks to queue
[2026-04-26T19:12:07.234+0000] {logging_mixin.py:188} INFO - [2026-04-26T19:12:07.234+0000] {dagbag.py:538} INFO - Filling up the DagBag from /opt/airflow/dags/hello_goodbye_dag.py
[2026-04-26T19:12:07.244+0000] {processor.py:840} INFO - DAG(s) 'hello_goodbye_dag' retrieved from /opt/airflow/dags/hello_goodbye_dag.py
[2026-04-26T19:12:07.278+0000] {logging_mixin.py:188} INFO - [2026-04-26T19:12:07.277+0000] {dag.py:3036} INFO - Sync 1 DAGs
[2026-04-26T19:12:07.294+0000] {logging_mixin.py:188} INFO - [2026-04-26T19:12:07.294+0000] {dag.py:3823} INFO - Setting next_dagrun for hello_goodbye_dag to None, run_after=None
[2026-04-26T19:12:07.313+0000] {processor.py:183} INFO - Processing /opt/airflow/dags/hello_goodbye_dag.py took 0.085 seconds
[2026-04-26T19:36:13.110+0000] {processor.py:161} INFO - Started process (PID=922) to work on /opt/airflow/dags/hello_goodbye_dag.py
[2026-04-26T19:36:13.111+0000] {processor.py:830} INFO - Processing file /opt/airflow/dags/hello_goodbye_dag.py for tasks to queue
[2026-04-26T19:36:13.112+0000] {logging_mixin.py:188} INFO - [2026-04-26T19:36:13.112+0000] {dagbag.py:538} INFO - Filling up the DagBag from /opt/airflow/dags/hello_goodbye_dag.py
[2026-04-26T19:36:13.119+0000] {processor.py:840} INFO - DAG(s) 'hello_goodbye_dag' retrieved from /opt/airflow/dags/hello_goodbye_dag.py
[2026-04-26T19:36:13.141+0000] {logging_mixin.py:188} INFO - [2026-04-26T19:36:13.141+0000] {dag.py:3036} INFO - Sync 1 DAGs
[2026-04-26T19:36:13.149+0000] {logging_mixin.py:188} INFO - [2026-04-26T19:36:13.149+0000] {dag.py:3823} INFO - Setting next_dagrun for hello_goodbye_dag to None, run_after=None
[2026-04-26T19:36:13.163+0000] {processor.py:183} INFO - Processing /opt/airflow/dags/hello_goodbye_dag.py took 0.055 seconds
[2026-04-26T19:36:50.812+0000] {processor.py:161} INFO - Started process (PID=929) to work on /opt/airflow/dags/hello_goodbye_dag.py
[2026-04-26T19:36:50.814+0000] {processor.py:830} INFO - Processing file /opt/airflow/dags/hello_goodbye_dag.py for tasks to queue
[2026-04-26T19:36:50.816+0000] {logging_mixin.py:188} INFO - [2026-04-26T19:36:50.816+0000] {dagbag.py:538} INFO - Filling up the DagBag from /opt/airflow/dags/hello_goodbye_dag.py
[2026-04-26T19:36:50.823+0000] {processor.py:840} INFO - DAG(s) 'hello_goodbye_dag' retrieved from /opt/airflow/dags/hello_goodbye_dag.py
[2026-04-26T19:36:50.847+0000] {logging_mixin.py:188} INFO - [2026-04-26T19:36:50.847+0000] {dag.py:3036} INFO - Sync 1 DAGs
[2026-04-26T19:36:50.855+0000] {logging_mixin.py:188} INFO - [2026-04-26T19:36:50.855+0000] {dag.py:3823} INFO - Setting next_dagrun for hello_goodbye_dag to None, run_after=None
[2026-04-26T19:36:50.873+0000] {processor.py:183} INFO - Processing /opt/airflow/dags/hello_goodbye_dag.py took 0.063 seconds
[2026-04-26T19:54:45.767+0000] {processor.py:161} INFO - Started process (PID=936) to work on /opt/airflow/dags/hello_goodbye_dag.py
[2026-04-26T19:54:45.768+0000] {processor.py:830} INFO - Processing file /opt/airflow/dags/hello_goodbye_dag.py for tasks to queue
[2026-04-26T19:54:45.771+0000] {logging_mixin.py:188} INFO - [2026-04-26T19:54:45.771+0000] {dagbag.py:538} INFO - Filling up the DagBag from /opt/airflow/dags/hello_goodbye_dag.py
[2026-04-26T19:54:45.782+0000] {processor.py:840} INFO - DAG(s) 'hello_goodbye_dag' retrieved from /opt/airflow/dags/hello_goodbye_dag.py
[2026-04-26T19:54:45.813+0000] {logging_mixin.py:188} INFO - [2026-04-26T19:54:45.812+0000] {dag.py:3036} INFO - Sync 1 DAGs
[2026-04-26T19:54:45.826+0000] {logging_mixin.py:188} INFO - [2026-04-26T19:54:45.826+0000] {dag.py:3823} INFO - Setting next_dagrun for hello_goodbye_dag to None, run_after=None
[2026-04-26T19:54:45.848+0000] {processor.py:183} INFO - Processing /opt/airflow/dags/hello_goodbye_dag.py took 0.086 seconds
[2026-04-26T19:55:16.397+0000] {processor.py:161} INFO - Started process (PID=943) to work on /opt/airflow/dags/hello_goodbye_dag.py
[2026-04-26T19:55:16.399+0000] {processor.py:830} INFO - Processing file /opt/airflow/dags/hello_goodbye_dag.py for tasks to queue
[2026-04-26T19:55:16.400+0000] {logging_mixin.py:188} INFO - [2026-04-26T19:55:16.400+0000] {dagbag.py:538} INFO - Filling up the DagBag from /opt/airflow/dags/hello_goodbye_dag.py
[2026-04-26T19:55:16.411+0000] {processor.py:840} INFO - DAG(s) 'hello_goodbye_dag' retrieved from /opt/airflow/dags/hello_goodbye_dag.py
[2026-04-26T19:55:16.431+0000] {logging_mixin.py:188} INFO - [2026-04-26T19:55:16.431+0000] {dag.py:3036} INFO - Sync 1 DAGs
[2026-04-26T19:55:16.439+0000] {logging_mixin.py:188} INFO - [2026-04-26T19:55:16.439+0000] {dag.py:3823} INFO - Setting next_dagrun for hello_goodbye_dag to None, run_after=None
[2026-04-26T19:55:16.456+0000] {processor.py:183} INFO - Processing /opt/airflow/dags/hello_goodbye_dag.py took 0.062 seconds
[2026-04-26T19:58:21.545+0000] {processor.py:161} INFO - Started process (PID=950) to work on /opt/airflow/dags/hello_goodbye_dag.py
[2026-04-26T19:58:21.547+0000] {processor.py:830} INFO - Processing file /opt/airflow/dags/hello_goodbye_dag.py for tasks to queue
[2026-04-26T19:58:21.548+0000] {logging_mixin.py:188} INFO - [2026-04-26T19:58:21.548+0000] {dagbag.py:538} INFO - Filling up the DagBag from /opt/airflow/dags/hello_goodbye_dag.py
[2026-04-26T19:58:21.559+0000] {processor.py:840} INFO - DAG(s) 'hello_goodbye_dag' retrieved from /opt/airflow/dags/hello_goodbye_dag.py
[2026-04-26T19:58:21.579+0000] {logging_mixin.py:188} INFO - [2026-04-26T19:58:21.579+0000] {dag.py:3036} INFO - Sync 1 DAGs
[2026-04-26T19:58:21.589+0000] {logging_mixin.py:188} INFO - [2026-04-26T19:58:21.588+0000] {dag.py:3823} INFO - Setting next_dagrun for hello_goodbye_dag to None, run_after=None
[2026-04-26T19:58:21.607+0000] {processor.py:183} INFO - Processing /opt/airflow/dags/hello_goodbye_dag.py took 0.064 seconds
[2026-04-26T19:58:52.149+0000] {processor.py:161} INFO - Started process (PID=957) to work on /opt/airflow/dags/hello_goodbye_dag.py
[2026-04-26T19:58:52.151+0000] {processor.py:830} INFO - Processing file /opt/airflow/dags/hello_goodbye_dag.py for tasks to queue
[2026-04-26T19:58:52.155+0000] {logging_mixin.py:188} INFO - [2026-04-26T19:58:52.155+0000] {dagbag.py:538} INFO - Filling up the DagBag from /opt/airflow/dags/hello_goodbye_dag.py
[2026-04-26T19:58:52.174+0000] {processor.py:840} INFO - DAG(s) 'hello_goodbye_dag' retrieved from /opt/airflow/dags/hello_goodbye_dag.py
[2026-04-26T19:58:52.202+0000] {logging_mixin.py:188} INFO - [2026-04-26T19:58:52.202+0000] {dag.py:3036} INFO - Sync 1 DAGs
[2026-04-26T19:58:52.215+0000] {logging_mixin.py:188} INFO - [2026-04-26T19:58:52.215+0000] {dag.py:3823} INFO - Setting next_dagrun for hello_goodbye_dag to None, run_after=None
[2026-04-26T19:58:52.231+0000] {processor.py:183} INFO - Processing /opt/airflow/dags/hello_goodbye_dag.py took 0.084 seconds
[2026-04-26T20:59:29.796+0000] {processor.py:161} INFO - Started process (PID=964) to work on /opt/airflow/dags/hello_goodbye_dag.py
[2026-04-26T20:59:29.797+0000] {processor.py:830} INFO - Processing file /opt/airflow/dags/hello_goodbye_dag.py for tasks to queue
[2026-04-26T20:59:29.801+0000] {logging_mixin.py:188} INFO - [2026-04-26T20:59:29.800+0000] {dagbag.py:538} INFO - Filling up the DagBag from /opt/airflow/dags/hello_goodbye_dag.py
[2026-04-26T20:59:29.812+0000] {processor.py:840} INFO - DAG(s) 'hello_goodbye_dag' retrieved from /opt/airflow/dags/hello_goodbye_dag.py
[2026-04-26T20:59:29.842+0000] {logging_mixin.py:188} INFO - [2026-04-26T20:59:29.841+0000] {dag.py:3036} INFO - Sync 1 DAGs
[2026-04-26T20:59:29.856+0000] {logging_mixin.py:188} INFO - [2026-04-26T20:59:29.856+0000] {dag.py:3823} INFO - Setting next_dagrun for hello_goodbye_dag to None, run_after=None
[2026-04-26T20:59:29.884+0000] {processor.py:183} INFO - Processing /opt/airflow/dags/hello_goodbye_dag.py took 0.091 seconds
[2026-04-26T21:16:33.650+0000] {processor.py:161} INFO - Started process (PID=971) to work on /opt/airflow/dags/hello_goodbye_dag.py
[2026-04-26T21:16:33.650+0000] {processor.py:830} INFO - Processing file /opt/airflow/dags/hello_goodbye_dag.py for tasks to queue
[2026-04-26T21:16:33.652+0000] {logging_mixin.py:188} INFO - [2026-04-26T21:16:33.652+0000] {dagbag.py:538} INFO - Filling up the DagBag from /opt/airflow/dags/hello_goodbye_dag.py
[2026-04-26T21:16:33.660+0000] {processor.py:840} INFO - DAG(s) 'hello_goodbye_dag' retrieved from /opt/airflow/dags/hello_goodbye_dag.py
[2026-04-26T21:16:33.681+0000] {logging_mixin.py:188} INFO - [2026-04-26T21:16:33.680+0000] {dag.py:3036} INFO - Sync 1 DAGs
[2026-04-26T21:16:33.689+0000] {logging_mixin.py:188} INFO - [2026-04-26T21:16:33.689+0000] {dag.py:3823} INFO - Setting next_dagrun for hello_goodbye_dag to None, run_after=None
[2026-04-26T21:16:33.707+0000] {processor.py:183} INFO - Processing /opt/airflow/dags/hello_goodbye_dag.py took 0.059 seconds
[2026-04-26T21:55:51.781+0000] {processor.py:161} INFO - Started process (PID=978) to work on /opt/airflow/dags/hello_goodbye_dag.py
[2026-04-26T21:55:51.783+0000] {processor.py:830} INFO - Processing file /opt/airflow/dags/hello_goodbye_dag.py for tasks to queue
[2026-04-26T21:55:51.788+0000] {logging_mixin.py:188} INFO - [2026-04-26T21:55:51.788+0000] {dagbag.py:538} INFO - Filling up the DagBag from /opt/airflow/dags/hello_goodbye_dag.py
[2026-04-26T21:55:51.800+0000] {processor.py:840} INFO - DAG(s) 'hello_goodbye_dag' retrieved from /opt/airflow/dags/hello_goodbye_dag.py
[2026-04-26T21:55:51.832+0000] {logging_mixin.py:188} INFO - [2026-04-26T21:55:51.831+0000] {dag.py:3036} INFO - Sync 1 DAGs
[2026-04-26T21:55:51.843+0000] {logging_mixin.py:188} INFO - [2026-04-26T21:55:51.843+0000] {dag.py:3823} INFO - Setting next_dagrun for hello_goodbye_dag to None, run_after=None
[2026-04-26T21:55:51.871+0000] {processor.py:183} INFO - Processing /opt/airflow/dags/hello_goodbye_dag.py took 0.094 seconds
[2026-04-26T22:00:18.003+0000] {processor.py:161} INFO - Started process (PID=985) to work on /opt/airflow/dags/hello_goodbye_dag.py
[2026-04-26T22:00:18.004+0000] {processor.py:830} INFO - Processing file /opt/airflow/dags/hello_goodbye_dag.py for tasks to queue
[2026-04-26T22:00:18.005+0000] {logging_mixin.py:188} INFO - [2026-04-26T22:00:18.005+0000] {dagbag.py:538} INFO - Filling up the DagBag from /opt/airflow/dags/hello_goodbye_dag.py
[2026-04-26T22:00:18.015+0000] {processor.py:840} INFO - DAG(s) 'hello_goodbye_dag' retrieved from /opt/airflow/dags/hello_goodbye_dag.py
[2026-04-26T22:00:18.032+0000] {logging_mixin.py:188} INFO - [2026-04-26T22:00:18.032+0000] {dag.py:3036} INFO - Sync 1 DAGs
[2026-04-26T22:00:18.040+0000] {logging_mixin.py:188} INFO - [2026-04-26T22:00:18.040+0000] {dag.py:3823} INFO - Setting next_dagrun for hello_goodbye_dag to None, run_after=None
[2026-04-26T22:00:18.055+0000] {processor.py:183} INFO - Processing /opt/airflow/dags/hello_goodbye_dag.py took 0.054 seconds
[2026-04-26T22:08:47.152+0000] {processor.py:161} INFO - Started process (PID=992) to work on /opt/airflow/dags/hello_goodbye_dag.py
[2026-04-26T22:08:47.153+0000] {processor.py:830} INFO - Processing file /opt/airflow/dags/hello_goodbye_dag.py for tasks to queue
[2026-04-26T22:08:47.157+0000] {logging_mixin.py:188} INFO - [2026-04-26T22:08:47.157+0000] {dagbag.py:538} INFO - Filling up the DagBag from /opt/airflow/dags/hello_goodbye_dag.py
[2026-04-26T22:08:47.169+0000] {processor.py:840} INFO - DAG(s) 'hello_goodbye_dag' retrieved from /opt/airflow/dags/hello_goodbye_dag.py
[2026-04-26T22:08:47.189+0000] {logging_mixin.py:188} INFO - [2026-04-26T22:08:47.189+0000] {dag.py:3036} INFO - Sync 1 DAGs
[2026-04-26T22:08:47.197+0000] {logging_mixin.py:188} INFO - [2026-04-26T22:08:47.197+0000] {dag.py:3823} INFO - Setting next_dagrun for hello_goodbye_dag to None, run_after=None
[2026-04-26T22:08:47.214+0000] {processor.py:183} INFO - Processing /opt/airflow/dags/hello_goodbye_dag.py took 0.065 seconds
[2026-04-26T22:27:21.798+0000] {processor.py:161} INFO - Started process (PID=999) to work on /opt/airflow/dags/hello_goodbye_dag.py
[2026-04-26T22:27:21.800+0000] {processor.py:830} INFO - Processing file /opt/airflow/dags/hello_goodbye_dag.py for tasks to queue
[2026-04-26T22:27:21.803+0000] {logging_mixin.py:188} INFO - [2026-04-26T22:27:21.802+0000] {dagbag.py:538} INFO - Filling up the DagBag from /opt/airflow/dags/hello_goodbye_dag.py
[2026-04-26T22:27:21.818+0000] {processor.py:840} INFO - DAG(s) 'hello_goodbye_dag' retrieved from /opt/airflow/dags/hello_goodbye_dag.py
[2026-04-26T22:27:21.861+0000] {logging_mixin.py:188} INFO - [2026-04-26T22:27:21.861+0000] {dag.py:3036} INFO - Sync 1 DAGs
[2026-04-26T22:27:21.877+0000] {logging_mixin.py:188} INFO - [2026-04-26T22:27:21.877+0000] {dag.py:3823} INFO - Setting next_dagrun for hello_goodbye_dag to None, run_after=None
[2026-04-26T22:27:21.907+0000] {processor.py:183} INFO - Processing /opt/airflow/dags/hello_goodbye_dag.py took 0.112 seconds
[2026-04-26T22:27:52.470+0000] {processor.py:161} INFO - Started process (PID=1006) to work on /opt/airflow/dags/hello_goodbye_dag.py
[2026-04-26T22:27:52.472+0000] {processor.py:830} INFO - Processing file /opt/airflow/dags/hello_goodbye_dag.py for tasks to queue
[2026-04-26T22:27:52.475+0000] {logging_mixin.py:188} INFO - [2026-04-26T22:27:52.475+0000] {dagbag.py:538} INFO - Filling up the DagBag from /opt/airflow/dags/hello_goodbye_dag.py
[2026-04-26T22:27:52.483+0000] {processor.py:840} INFO - DAG(s) 'hello_goodbye_dag' retrieved from /opt/airflow/dags/hello_goodbye_dag.py
[2026-04-26T22:27:52.505+0000] {logging_mixin.py:188} INFO - [2026-04-26T22:27:52.505+0000] {dag.py:3036} INFO - Sync 1 DAGs
[2026-04-26T22:27:52.513+0000] {logging_mixin.py:188} INFO - [2026-04-26T22:27:52.513+0000] {dag.py:3823} INFO - Setting next_dagrun for hello_goodbye_dag to None, run_after=None
[2026-04-26T22:27:52.532+0000] {processor.py:183} INFO - Processing /opt/airflow/dags/hello_goodbye_dag.py took 0.065 seconds
[2026-04-26T22:28:23.062+0000] {processor.py:161} INFO - Started process (PID=1013) to work on /opt/airflow/dags/hello_goodbye_dag.py
[2026-04-26T22:28:23.064+0000] {processor.py:830} INFO - Processing file /opt/airflow/dags/hello_goodbye_dag.py for tasks to queue
[2026-04-26T22:28:23.067+0000] {logging_mixin.py:188} INFO - [2026-04-26T22:28:23.066+0000] {dagbag.py:538} INFO - Filling up the DagBag from /opt/airflow/dags/hello_goodbye_dag.py
[2026-04-26T22:28:23.078+0000] {processor.py:840} INFO - DAG(s) 'hello_goodbye_dag' retrieved from /opt/airflow/dags/hello_goodbye_dag.py
[2026-04-26T22:28:23.099+0000] {logging_mixin.py:188} INFO - [2026-04-26T22:28:23.099+0000] {dag.py:3036} INFO - Sync 1 DAGs
[2026-04-26T22:28:23.108+0000] {logging_mixin.py:188} INFO - [2026-04-26T22:28:23.108+0000] {dag.py:3823} INFO - Setting next_dagrun for hello_goodbye_dag to None, run_after=None
[2026-04-26T22:28:23.125+0000] {processor.py:183} INFO - Processing /opt/airflow/dags/hello_goodbye_dag.py took 0.065 seconds
[2026-04-26T22:28:53.633+0000] {processor.py:161} INFO - Started process (PID=1020) to work on /opt/airflow/dags/hello_goodbye_dag.py
[2026-04-26T22:28:53.634+0000] {processor.py:830} INFO - Processing file /opt/airflow/dags/hello_goodbye_dag.py for tasks to queue
[2026-04-26T22:28:53.636+0000] {logging_mixin.py:188} INFO - [2026-04-26T22:28:53.636+0000] {dagbag.py:538} INFO - Filling up the DagBag from /opt/airflow/dags/hello_goodbye_dag.py
[2026-04-26T22:28:53.649+0000] {processor.py:840} INFO - DAG(s) 'hello_goodbye_dag' retrieved from /opt/airflow/dags/hello_goodbye_dag.py
[2026-04-26T22:28:53.674+0000] {logging_mixin.py:188} INFO - [2026-04-26T22:28:53.674+0000] {dag.py:3036} INFO - Sync 1 DAGs
[2026-04-26T22:28:53.685+0000] {logging_mixin.py:188} INFO - [2026-04-26T22:28:53.685+0000] {dag.py:3823} INFO - Setting next_dagrun for hello_goodbye_dag to None, run_after=None
[2026-04-26T22:28:53.700+0000] {processor.py:183} INFO - Processing /opt/airflow/dags/hello_goodbye_dag.py took 0.070 seconds
[2026-04-26T22:29:24.238+0000] {processor.py:161} INFO - Started process (PID=1027) to work on /opt/airflow/dags/hello_goodbye_dag.py
[2026-04-26T22:29:24.239+0000] {processor.py:830} INFO - Processing file /opt/airflow/dags/hello_goodbye_dag.py for tasks to queue
[2026-04-26T22:29:24.241+0000] {logging_mixin.py:188} INFO - [2026-04-26T22:29:24.241+0000] {dagbag.py:538} INFO - Filling up the DagBag from /opt/airflow/dags/hello_goodbye_dag.py
[2026-04-26T22:29:24.250+0000] {processor.py:840} INFO - DAG(s) 'hello_goodbye_dag' retrieved from /opt/airflow/dags/hello_goodbye_dag.py
[2026-04-26T22:29:24.275+0000] {logging_mixin.py:188} INFO - [2026-04-26T22:29:24.275+0000] {dag.py:3036} INFO - Sync 1 DAGs
[2026-04-26T22:29:24.284+0000] {logging_mixin.py:188} INFO - [2026-04-26T22:29:24.284+0000] {dag.py:3823} INFO - Setting next_dagrun for hello_goodbye_dag to None, run_after=None
[2026-04-26T22:29:24.301+0000] {processor.py:183} INFO - Processing /opt/airflow/dags/hello_goodbye_dag.py took 0.066 seconds
[2026-04-26T22:29:54.847+0000] {processor.py:161} INFO - Started process (PID=1034) to work on /opt/airflow/dags/hello_goodbye_dag.py
[2026-04-26T22:29:54.848+0000] {processor.py:830} INFO - Processing file /opt/airflow/dags/hello_goodbye_dag.py for tasks to queue
[2026-04-26T22:29:54.850+0000] {logging_mixin.py:188} INFO - [2026-04-26T22:29:54.849+0000] {dagbag.py:538} INFO - Filling up the DagBag from /opt/airflow/dags/hello_goodbye_dag.py
[2026-04-26T22:29:54.858+0000] {processor.py:840} INFO - DAG(s) 'hello_goodbye_dag' retrieved from /opt/airflow/dags/hello_goodbye_dag.py
[2026-04-26T22:29:54.883+0000] {logging_mixin.py:188} INFO - [2026-04-26T22:29:54.883+0000] {dag.py:3036} INFO - Sync 1 DAGs
[2026-04-26T22:29:54.893+0000] {logging_mixin.py:188} INFO - [2026-04-26T22:29:54.892+0000] {dag.py:3823} INFO - Setting next_dagrun for hello_goodbye_dag to None, run_after=None
[2026-04-26T22:29:54.904+0000] {processor.py:183} INFO - Processing /opt/airflow/dags/hello_goodbye_dag.py took 0.060 seconds
[2026-04-26T22:30:25.394+0000] {processor.py:161} INFO - Started process (PID=1041) to work on /opt/airflow/dags/hello_goodbye_dag.py
[2026-04-26T22:30:25.397+0000] {processor.py:830} INFO - Processing file /opt/airflow/dags/hello_goodbye_dag.py for tasks to queue
[2026-04-26T22:30:25.399+0000] {logging_mixin.py:188} INFO - [2026-04-26T22:30:25.399+0000] {dagbag.py:538} INFO - Filling up the DagBag from /opt/airflow/dags/hello_goodbye_dag.py
[2026-04-26T22:30:25.407+0000] {processor.py:840} INFO - DAG(s) 'hello_goodbye_dag' retrieved from /opt/airflow/dags/hello_goodbye_dag.py
[2026-04-26T22:30:25.428+0000] {logging_mixin.py:188} INFO - [2026-04-26T22:30:25.427+0000] {dag.py:3036} INFO - Sync 1 DAGs
[2026-04-26T22:30:25.435+0000] {logging_mixin.py:188} INFO - [2026-04-26T22:30:25.435+0000] {dag.py:3823} INFO - Setting next_dagrun for hello_goodbye_dag to None, run_after=None
[2026-04-26T22:30:25.452+0000] {processor.py:183} INFO - Processing /opt/airflow/dags/hello_goodbye_dag.py took 0.060 seconds
[2026-04-26T22:30:55.963+0000] {processor.py:161} INFO - Started process (PID=1048) to work on /opt/airflow/dags/hello_goodbye_dag.py
[2026-04-26T22:30:55.964+0000] {processor.py:830} INFO - Processing file /opt/airflow/dags/hello_goodbye_dag.py for tasks to queue
[2026-04-26T22:30:55.966+0000] {logging_mixin.py:188} INFO - [2026-04-26T22:30:55.965+0000] {dagbag.py:538} INFO - Filling up the DagBag from /opt/airflow/dags/hello_goodbye_dag.py
[2026-04-26T22:30:55.972+0000] {processor.py:840} INFO - DAG(s) 'hello_goodbye_dag' retrieved from /opt/airflow/dags/hello_goodbye_dag.py
[2026-04-26T22:30:55.995+0000] {logging_mixin.py:188} INFO - [2026-04-26T22:30:55.994+0000] {dag.py:3036} INFO - Sync 1 DAGs
[2026-04-26T22:30:56.005+0000] {logging_mixin.py:188} INFO - [2026-04-26T22:30:56.005+0000] {dag.py:3823} INFO - Setting next_dagrun for hello_goodbye_dag to None, run_after=None
[2026-04-26T22:30:56.021+0000] {processor.py:183} INFO - Processing /opt/airflow/dags/hello_goodbye_dag.py took 0.060 seconds
[2026-04-26T22:31:26.545+0000] {processor.py:161} INFO - Started process (PID=1055) to work on /opt/airflow/dags/hello_goodbye_dag.py
[2026-04-26T22:31:26.545+0000] {processor.py:830} INFO - Processing file /opt/airflow/dags/hello_goodbye_dag.py for tasks to queue
[2026-04-26T22:31:26.547+0000] {logging_mixin.py:188} INFO - [2026-04-26T22:31:26.547+0000] {dagbag.py:538} INFO - Filling up the DagBag from /opt/airflow/dags/hello_goodbye_dag.py
[2026-04-26T22:31:26.553+0000] {processor.py:840} INFO - DAG(s) 'hello_goodbye_dag' retrieved from /opt/airflow/dags/hello_goodbye_dag.py
[2026-04-26T22:31:26.575+0000] {logging_mixin.py:188} INFO - [2026-04-26T22:31:26.575+0000] {dag.py:3036} INFO - Sync 1 DAGs
[2026-04-26T22:31:26.585+0000] {logging_mixin.py:188} INFO - [2026-04-26T22:31:26.585+0000] {dag.py:3823} INFO - Setting next_dagrun for hello_goodbye_dag to None, run_after=None
[2026-04-26T22:31:26.601+0000] {processor.py:183} INFO - Processing /opt/airflow/dags/hello_goodbye_dag.py took 0.058 seconds
[2026-04-26T22:33:29.219+0000] {processor.py:161} INFO - Started process (PID=1062) to work on /opt/airflow/dags/hello_goodbye_dag.py
[2026-04-26T22:33:29.221+0000] {processor.py:830} INFO - Processing file /opt/airflow/dags/hello_goodbye_dag.py for tasks to queue
[2026-04-26T22:33:29.223+0000] {logging_mixin.py:188} INFO - [2026-04-26T22:33:29.223+0000] {dagbag.py:538} INFO - Filling up the DagBag from /opt/airflow/dags/hello_goodbye_dag.py
[2026-04-26T22:33:29.230+0000] {processor.py:840} INFO - DAG(s) 'hello_goodbye_dag' retrieved from /opt/airflow/dags/hello_goodbye_dag.py
[2026-04-26T22:33:29.251+0000] {logging_mixin.py:188} INFO - [2026-04-26T22:33:29.251+0000] {dag.py:3036} INFO - Sync 1 DAGs
[2026-04-26T22:33:29.262+0000] {logging_mixin.py:188} INFO - [2026-04-26T22:33:29.262+0000] {dag.py:3823} INFO - Setting next_dagrun for hello_goodbye_dag to None, run_after=None
[2026-04-26T22:33:29.279+0000] {processor.py:183} INFO - Processing /opt/airflow/dags/hello_goodbye_dag.py took 0.062 seconds
[2026-04-26T22:34:11.638+0000] {processor.py:161} INFO - Started process (PID=1069) to work on /opt/airflow/dags/hello_goodbye_dag.py
[2026-04-26T22:34:11.639+0000] {processor.py:830} INFO - Processing file /opt/airflow/dags/hello_goodbye_dag.py for tasks to queue
[2026-04-26T22:34:11.642+0000] {logging_mixin.py:188} INFO - [2026-04-26T22:34:11.642+0000] {dagbag.py:538} INFO - Filling up the DagBag from /opt/airflow/dags/hello_goodbye_dag.py
[2026-04-26T22:34:11.655+0000] {processor.py:840} INFO - DAG(s) 'hello_goodbye_dag' retrieved from /opt/airflow/dags/hello_goodbye_dag.py
[2026-04-26T22:34:11.679+0000] {logging_mixin.py:188} INFO - [2026-04-26T22:34:11.678+0000] {dag.py:3036} INFO - Sync 1 DAGs
[2026-04-26T22:34:11.687+0000] {logging_mixin.py:188} INFO - [2026-04-26T22:34:11.687+0000] {dag.py:3823} INFO - Setting next_dagrun for hello_goodbye_dag to None, run_after=None
[2026-04-26T22:34:11.708+0000] {processor.py:183} INFO - Processing /opt/airflow/dags/hello_goodbye_dag.py took 0.074 seconds
[2026-04-26T23:05:15.005+0000] {processor.py:161} INFO - Started process (PID=1076) to work on /opt/airflow/dags/hello_goodbye_dag.py
[2026-04-26T23:05:15.009+0000] {processor.py:830} INFO - Processing file /opt/airflow/dags/hello_goodbye_dag.py for tasks to queue
[2026-04-26T23:05:15.012+0000] {logging_mixin.py:188} INFO - [2026-04-26T23:05:15.011+0000] {dagbag.py:538} INFO - Filling up the DagBag from /opt/airflow/dags/hello_goodbye_dag.py
[2026-04-26T23:05:15.024+0000] {processor.py:840} INFO - DAG(s) 'hello_goodbye_dag' retrieved from /opt/airflow/dags/hello_goodbye_dag.py
[2026-04-26T23:05:15.050+0000] {logging_mixin.py:188} INFO - [2026-04-26T23:05:15.050+0000] {dag.py:3036} INFO - Sync 1 DAGs
[2026-04-26T23:05:15.059+0000] {logging_mixin.py:188} INFO - [2026-04-26T23:05:15.058+0000] {dag.py:3823} INFO - Setting next_dagrun for hello_goodbye_dag to None, run_after=None
[2026-04-26T23:05:15.082+0000] {processor.py:183} INFO - Processing /opt/airflow/dags/hello_goodbye_dag.py took 0.081 seconds
[2026-04-26T23:59:33.948+0000] {processor.py:161} INFO - Started process (PID=1083) to work on /opt/airflow/dags/hello_goodbye_dag.py
[2026-04-26T23:59:33.948+0000] {processor.py:830} INFO - Processing file /opt/airflow/dags/hello_goodbye_dag.py for tasks to queue
[2026-04-26T23:59:33.950+0000] {logging_mixin.py:188} INFO - [2026-04-26T23:59:33.949+0000] {dagbag.py:538} INFO - Filling up the DagBag from /opt/airflow/dags/hello_goodbye_dag.py
[2026-04-26T23:59:33.959+0000] {processor.py:840} INFO - DAG(s) 'hello_goodbye_dag' retrieved from /opt/airflow/dags/hello_goodbye_dag.py
[2026-04-26T23:59:33.978+0000] {logging_mixin.py:188} INFO - [2026-04-26T23:59:33.978+0000] {dag.py:3036} INFO - Sync 1 DAGs
[2026-04-26T23:59:33.986+0000] {logging_mixin.py:188} INFO - [2026-04-26T23:59:33.986+0000] {dag.py:3823} INFO - Setting next_dagrun for hello_goodbye_dag to None, run_after=None
[2026-04-26T23:59:34.005+0000] {processor.py:183} INFO - Processing /opt/airflow/dags/hello_goodbye_dag.py took 0.060 seconds
