[2026-04-26T00:07:55.414+0000] {processor.py:161} INFO - Started process (PID=596) to work on /opt/airflow/dags/imdb_sentiment.py
[2026-04-26T00:07:55.417+0000] {processor.py:830} INFO - Processing file /opt/airflow/dags/imdb_sentiment.py for tasks to queue
[2026-04-26T00:07:55.422+0000] {logging_mixin.py:188} INFO - [2026-04-26T00:07:55.422+0000] {dagbag.py:538} INFO - Filling up the DagBag from /opt/airflow/dags/imdb_sentiment.py
[2026-04-26T00:07:55.437+0000] {logging_mixin.py:188} INFO - [2026-04-26T00:07:55.434+0000] {dagbag.py:348} ERROR - Failed to import: /opt/airflow/dags/imdb_sentiment.py
Traceback (most recent call last):
  File "/home/airflow/.local/lib/python3.8/site-packages/airflow/models/dagbag.py", line 344, in parse
    loader.exec_module(new_module)
  File "<frozen importlib._bootstrap_external>", line 843, in exec_module
  File "<frozen importlib._bootstrap>", line 219, in _call_with_frames_removed
  File "/opt/airflow/dags/imdb_sentiment.py", line 20, in <module>
    import mlflow
ModuleNotFoundError: No module named 'mlflow'
[2026-04-26T00:07:55.438+0000] {processor.py:842} WARNING - No viable dags retrieved from /opt/airflow/dags/imdb_sentiment.py
[2026-04-26T00:07:55.478+0000] {processor.py:183} INFO - Processing /opt/airflow/dags/imdb_sentiment.py took 0.073 seconds
[2026-04-26T00:08:25.807+0000] {processor.py:161} INFO - Started process (PID=603) to work on /opt/airflow/dags/imdb_sentiment.py
[2026-04-26T00:08:25.808+0000] {processor.py:830} INFO - Processing file /opt/airflow/dags/imdb_sentiment.py for tasks to queue
[2026-04-26T00:08:25.810+0000] {logging_mixin.py:188} INFO - [2026-04-26T00:08:25.810+0000] {dagbag.py:538} INFO - Filling up the DagBag from /opt/airflow/dags/imdb_sentiment.py
[2026-04-26T00:08:25.816+0000] {logging_mixin.py:188} INFO - [2026-04-26T00:08:25.815+0000] {dagbag.py:348} ERROR - Failed to import: /opt/airflow/dags/imdb_sentiment.py
Traceback (most recent call last):
  File "/home/airflow/.local/lib/python3.8/site-packages/airflow/models/dagbag.py", line 344, in parse
    loader.exec_module(new_module)
  File "<frozen importlib._bootstrap_external>", line 843, in exec_module
  File "<frozen importlib._bootstrap>", line 219, in _call_with_frames_removed
  File "/opt/airflow/dags/imdb_sentiment.py", line 20, in <module>
    import mlflow
ModuleNotFoundError: No module named 'mlflow'
[2026-04-26T00:08:25.816+0000] {processor.py:842} WARNING - No viable dags retrieved from /opt/airflow/dags/imdb_sentiment.py
[2026-04-26T00:08:25.836+0000] {processor.py:183} INFO - Processing /opt/airflow/dags/imdb_sentiment.py took 0.035 seconds
[2026-04-26T00:59:09.401+0000] {processor.py:161} INFO - Started process (PID=610) to work on /opt/airflow/dags/imdb_sentiment.py
[2026-04-26T00:59:09.402+0000] {processor.py:830} INFO - Processing file /opt/airflow/dags/imdb_sentiment.py for tasks to queue
[2026-04-26T00:59:09.409+0000] {logging_mixin.py:188} INFO - [2026-04-26T00:59:09.408+0000] {dagbag.py:538} INFO - Filling up the DagBag from /opt/airflow/dags/imdb_sentiment.py
[2026-04-26T00:59:09.421+0000] {logging_mixin.py:188} INFO - [2026-04-26T00:59:09.417+0000] {dagbag.py:348} ERROR - Failed to import: /opt/airflow/dags/imdb_sentiment.py
Traceback (most recent call last):
  File "/home/airflow/.local/lib/python3.8/site-packages/airflow/models/dagbag.py", line 344, in parse
    loader.exec_module(new_module)
  File "<frozen importlib._bootstrap_external>", line 843, in exec_module
  File "<frozen importlib._bootstrap>", line 219, in _call_with_frames_removed
  File "/opt/airflow/dags/imdb_sentiment.py", line 20, in <module>
    import mlflow
ModuleNotFoundError: No module named 'mlflow'
[2026-04-26T00:59:09.422+0000] {processor.py:842} WARNING - No viable dags retrieved from /opt/airflow/dags/imdb_sentiment.py
[2026-04-26T00:59:09.455+0000] {processor.py:183} INFO - Processing /opt/airflow/dags/imdb_sentiment.py took 0.061 seconds
[2026-04-26T01:25:50.586+0000] {processor.py:161} INFO - Started process (PID=617) to work on /opt/airflow/dags/imdb_sentiment.py
[2026-04-26T01:25:50.587+0000] {processor.py:830} INFO - Processing file /opt/airflow/dags/imdb_sentiment.py for tasks to queue
[2026-04-26T01:25:50.590+0000] {logging_mixin.py:188} INFO - [2026-04-26T01:25:50.590+0000] {dagbag.py:538} INFO - Filling up the DagBag from /opt/airflow/dags/imdb_sentiment.py
[2026-04-26T01:25:50.597+0000] {logging_mixin.py:188} INFO - [2026-04-26T01:25:50.595+0000] {dagbag.py:348} ERROR - Failed to import: /opt/airflow/dags/imdb_sentiment.py
Traceback (most recent call last):
  File "/home/airflow/.local/lib/python3.8/site-packages/airflow/models/dagbag.py", line 344, in parse
    loader.exec_module(new_module)
  File "<frozen importlib._bootstrap_external>", line 843, in exec_module
  File "<frozen importlib._bootstrap>", line 219, in _call_with_frames_removed
  File "/opt/airflow/dags/imdb_sentiment.py", line 20, in <module>
    import mlflow
ModuleNotFoundError: No module named 'mlflow'
[2026-04-26T01:25:50.598+0000] {processor.py:842} WARNING - No viable dags retrieved from /opt/airflow/dags/imdb_sentiment.py
[2026-04-26T01:25:50.620+0000] {processor.py:183} INFO - Processing /opt/airflow/dags/imdb_sentiment.py took 0.038 seconds
[2026-04-26T01:36:56.263+0000] {processor.py:161} INFO - Started process (PID=624) to work on /opt/airflow/dags/imdb_sentiment.py
[2026-04-26T01:36:56.264+0000] {processor.py:830} INFO - Processing file /opt/airflow/dags/imdb_sentiment.py for tasks to queue
[2026-04-26T01:36:56.267+0000] {logging_mixin.py:188} INFO - [2026-04-26T01:36:56.267+0000] {dagbag.py:538} INFO - Filling up the DagBag from /opt/airflow/dags/imdb_sentiment.py
[2026-04-26T01:36:56.272+0000] {logging_mixin.py:188} INFO - [2026-04-26T01:36:56.271+0000] {dagbag.py:348} ERROR - Failed to import: /opt/airflow/dags/imdb_sentiment.py
Traceback (most recent call last):
  File "/home/airflow/.local/lib/python3.8/site-packages/airflow/models/dagbag.py", line 344, in parse
    loader.exec_module(new_module)
  File "<frozen importlib._bootstrap_external>", line 843, in exec_module
  File "<frozen importlib._bootstrap>", line 219, in _call_with_frames_removed
  File "/opt/airflow/dags/imdb_sentiment.py", line 20, in <module>
    import mlflow
ModuleNotFoundError: No module named 'mlflow'
[2026-04-26T01:36:56.272+0000] {processor.py:842} WARNING - No viable dags retrieved from /opt/airflow/dags/imdb_sentiment.py
[2026-04-26T01:36:56.288+0000] {processor.py:183} INFO - Processing /opt/airflow/dags/imdb_sentiment.py took 0.027 seconds
[2026-04-26T02:10:06.986+0000] {processor.py:161} INFO - Started process (PID=631) to work on /opt/airflow/dags/imdb_sentiment.py
[2026-04-26T02:10:06.987+0000] {processor.py:830} INFO - Processing file /opt/airflow/dags/imdb_sentiment.py for tasks to queue
[2026-04-26T02:10:06.991+0000] {logging_mixin.py:188} INFO - [2026-04-26T02:10:06.990+0000] {dagbag.py:538} INFO - Filling up the DagBag from /opt/airflow/dags/imdb_sentiment.py
[2026-04-26T02:10:06.997+0000] {logging_mixin.py:188} INFO - [2026-04-26T02:10:06.997+0000] {dagbag.py:348} ERROR - Failed to import: /opt/airflow/dags/imdb_sentiment.py
Traceback (most recent call last):
  File "/home/airflow/.local/lib/python3.8/site-packages/airflow/models/dagbag.py", line 344, in parse
    loader.exec_module(new_module)
  File "<frozen importlib._bootstrap_external>", line 843, in exec_module
  File "<frozen importlib._bootstrap>", line 219, in _call_with_frames_removed
  File "/opt/airflow/dags/imdb_sentiment.py", line 20, in <module>
    import mlflow
ModuleNotFoundError: No module named 'mlflow'
[2026-04-26T02:10:06.999+0000] {processor.py:842} WARNING - No viable dags retrieved from /opt/airflow/dags/imdb_sentiment.py
[2026-04-26T02:10:07.019+0000] {processor.py:183} INFO - Processing /opt/airflow/dags/imdb_sentiment.py took 0.036 seconds
[2026-04-26T02:26:58.351+0000] {processor.py:161} INFO - Started process (PID=638) to work on /opt/airflow/dags/imdb_sentiment.py
[2026-04-26T02:26:58.352+0000] {processor.py:830} INFO - Processing file /opt/airflow/dags/imdb_sentiment.py for tasks to queue
[2026-04-26T02:26:58.354+0000] {logging_mixin.py:188} INFO - [2026-04-26T02:26:58.354+0000] {dagbag.py:538} INFO - Filling up the DagBag from /opt/airflow/dags/imdb_sentiment.py
[2026-04-26T02:26:58.360+0000] {logging_mixin.py:188} INFO - [2026-04-26T02:26:58.358+0000] {dagbag.py:348} ERROR - Failed to import: /opt/airflow/dags/imdb_sentiment.py
Traceback (most recent call last):
  File "/home/airflow/.local/lib/python3.8/site-packages/airflow/models/dagbag.py", line 344, in parse
    loader.exec_module(new_module)
  File "<frozen importlib._bootstrap_external>", line 843, in exec_module
  File "<frozen importlib._bootstrap>", line 219, in _call_with_frames_removed
  File "/opt/airflow/dags/imdb_sentiment.py", line 20, in <module>
    import mlflow
ModuleNotFoundError: No module named 'mlflow'
[2026-04-26T02:26:58.360+0000] {processor.py:842} WARNING - No viable dags retrieved from /opt/airflow/dags/imdb_sentiment.py
[2026-04-26T02:26:58.375+0000] {processor.py:183} INFO - Processing /opt/airflow/dags/imdb_sentiment.py took 0.028 seconds
[2026-04-26T02:32:10.938+0000] {processor.py:161} INFO - Started process (PID=645) to work on /opt/airflow/dags/imdb_sentiment.py
[2026-04-26T02:32:10.940+0000] {processor.py:830} INFO - Processing file /opt/airflow/dags/imdb_sentiment.py for tasks to queue
[2026-04-26T02:32:10.943+0000] {logging_mixin.py:188} INFO - [2026-04-26T02:32:10.942+0000] {dagbag.py:538} INFO - Filling up the DagBag from /opt/airflow/dags/imdb_sentiment.py
[2026-04-26T02:32:10.949+0000] {logging_mixin.py:188} INFO - [2026-04-26T02:32:10.947+0000] {dagbag.py:348} ERROR - Failed to import: /opt/airflow/dags/imdb_sentiment.py
Traceback (most recent call last):
  File "/home/airflow/.local/lib/python3.8/site-packages/airflow/models/dagbag.py", line 344, in parse
    loader.exec_module(new_module)
  File "<frozen importlib._bootstrap_external>", line 843, in exec_module
  File "<frozen importlib._bootstrap>", line 219, in _call_with_frames_removed
  File "/opt/airflow/dags/imdb_sentiment.py", line 20, in <module>
    import mlflow
ModuleNotFoundError: No module named 'mlflow'
[2026-04-26T02:32:10.949+0000] {processor.py:842} WARNING - No viable dags retrieved from /opt/airflow/dags/imdb_sentiment.py
[2026-04-26T02:32:10.971+0000] {processor.py:183} INFO - Processing /opt/airflow/dags/imdb_sentiment.py took 0.038 seconds
[2026-04-26T03:03:18.716+0000] {processor.py:161} INFO - Started process (PID=652) to work on /opt/airflow/dags/imdb_sentiment.py
[2026-04-26T03:03:18.720+0000] {processor.py:830} INFO - Processing file /opt/airflow/dags/imdb_sentiment.py for tasks to queue
[2026-04-26T03:03:18.722+0000] {logging_mixin.py:188} INFO - [2026-04-26T03:03:18.722+0000] {dagbag.py:538} INFO - Filling up the DagBag from /opt/airflow/dags/imdb_sentiment.py
[2026-04-26T03:03:18.728+0000] {logging_mixin.py:188} INFO - [2026-04-26T03:03:18.727+0000] {dagbag.py:348} ERROR - Failed to import: /opt/airflow/dags/imdb_sentiment.py
Traceback (most recent call last):
  File "/home/airflow/.local/lib/python3.8/site-packages/airflow/models/dagbag.py", line 344, in parse
    loader.exec_module(new_module)
  File "<frozen importlib._bootstrap_external>", line 843, in exec_module
  File "<frozen importlib._bootstrap>", line 219, in _call_with_frames_removed
  File "/opt/airflow/dags/imdb_sentiment.py", line 20, in <module>
    import mlflow
ModuleNotFoundError: No module named 'mlflow'
[2026-04-26T03:03:18.729+0000] {processor.py:842} WARNING - No viable dags retrieved from /opt/airflow/dags/imdb_sentiment.py
[2026-04-26T03:03:18.754+0000] {processor.py:183} INFO - Processing /opt/airflow/dags/imdb_sentiment.py took 0.041 seconds
[2026-04-26T03:03:49.504+0000] {processor.py:161} INFO - Started process (PID=659) to work on /opt/airflow/dags/imdb_sentiment.py
[2026-04-26T03:03:49.506+0000] {processor.py:830} INFO - Processing file /opt/airflow/dags/imdb_sentiment.py for tasks to queue
[2026-04-26T03:03:49.509+0000] {logging_mixin.py:188} INFO - [2026-04-26T03:03:49.508+0000] {dagbag.py:538} INFO - Filling up the DagBag from /opt/airflow/dags/imdb_sentiment.py
[2026-04-26T03:03:49.517+0000] {logging_mixin.py:188} INFO - [2026-04-26T03:03:49.513+0000] {dagbag.py:348} ERROR - Failed to import: /opt/airflow/dags/imdb_sentiment.py
Traceback (most recent call last):
  File "/home/airflow/.local/lib/python3.8/site-packages/airflow/models/dagbag.py", line 344, in parse
    loader.exec_module(new_module)
  File "<frozen importlib._bootstrap_external>", line 843, in exec_module
  File "<frozen importlib._bootstrap>", line 219, in _call_with_frames_removed
  File "/opt/airflow/dags/imdb_sentiment.py", line 20, in <module>
    import mlflow
ModuleNotFoundError: No module named 'mlflow'
[2026-04-26T03:03:49.518+0000] {processor.py:842} WARNING - No viable dags retrieved from /opt/airflow/dags/imdb_sentiment.py
[2026-04-26T03:03:49.594+0000] {processor.py:183} INFO - Processing /opt/airflow/dags/imdb_sentiment.py took 0.092 seconds
[2026-04-26T03:27:34.244+0000] {processor.py:161} INFO - Started process (PID=666) to work on /opt/airflow/dags/imdb_sentiment.py
[2026-04-26T03:27:34.245+0000] {processor.py:830} INFO - Processing file /opt/airflow/dags/imdb_sentiment.py for tasks to queue
[2026-04-26T03:27:34.248+0000] {logging_mixin.py:188} INFO - [2026-04-26T03:27:34.248+0000] {dagbag.py:538} INFO - Filling up the DagBag from /opt/airflow/dags/imdb_sentiment.py
[2026-04-26T03:27:34.253+0000] {logging_mixin.py:188} INFO - [2026-04-26T03:27:34.252+0000] {dagbag.py:348} ERROR - Failed to import: /opt/airflow/dags/imdb_sentiment.py
Traceback (most recent call last):
  File "/home/airflow/.local/lib/python3.8/site-packages/airflow/models/dagbag.py", line 344, in parse
    loader.exec_module(new_module)
  File "<frozen importlib._bootstrap_external>", line 843, in exec_module
  File "<frozen importlib._bootstrap>", line 219, in _call_with_frames_removed
  File "/opt/airflow/dags/imdb_sentiment.py", line 20, in <module>
    import mlflow
ModuleNotFoundError: No module named 'mlflow'
[2026-04-26T03:27:34.253+0000] {processor.py:842} WARNING - No viable dags retrieved from /opt/airflow/dags/imdb_sentiment.py
[2026-04-26T03:27:34.270+0000] {processor.py:183} INFO - Processing /opt/airflow/dags/imdb_sentiment.py took 0.029 seconds
[2026-04-26T04:16:54.076+0000] {processor.py:161} INFO - Started process (PID=673) to work on /opt/airflow/dags/imdb_sentiment.py
[2026-04-26T04:16:54.077+0000] {processor.py:830} INFO - Processing file /opt/airflow/dags/imdb_sentiment.py for tasks to queue
[2026-04-26T04:16:54.081+0000] {logging_mixin.py:188} INFO - [2026-04-26T04:16:54.081+0000] {dagbag.py:538} INFO - Filling up the DagBag from /opt/airflow/dags/imdb_sentiment.py
[2026-04-26T04:16:54.089+0000] {logging_mixin.py:188} INFO - [2026-04-26T04:16:54.087+0000] {dagbag.py:348} ERROR - Failed to import: /opt/airflow/dags/imdb_sentiment.py
Traceback (most recent call last):
  File "/home/airflow/.local/lib/python3.8/site-packages/airflow/models/dagbag.py", line 344, in parse
    loader.exec_module(new_module)
  File "<frozen importlib._bootstrap_external>", line 843, in exec_module
  File "<frozen importlib._bootstrap>", line 219, in _call_with_frames_removed
  File "/opt/airflow/dags/imdb_sentiment.py", line 20, in <module>
    import mlflow
ModuleNotFoundError: No module named 'mlflow'
[2026-04-26T04:16:54.090+0000] {processor.py:842} WARNING - No viable dags retrieved from /opt/airflow/dags/imdb_sentiment.py
[2026-04-26T04:16:54.117+0000] {processor.py:183} INFO - Processing /opt/airflow/dags/imdb_sentiment.py took 0.045 seconds
[2026-04-26T04:28:58.343+0000] {processor.py:161} INFO - Started process (PID=680) to work on /opt/airflow/dags/imdb_sentiment.py
[2026-04-26T04:28:58.344+0000] {processor.py:830} INFO - Processing file /opt/airflow/dags/imdb_sentiment.py for tasks to queue
[2026-04-26T04:28:58.347+0000] {logging_mixin.py:188} INFO - [2026-04-26T04:28:58.347+0000] {dagbag.py:538} INFO - Filling up the DagBag from /opt/airflow/dags/imdb_sentiment.py
[2026-04-26T04:28:58.352+0000] {logging_mixin.py:188} INFO - [2026-04-26T04:28:58.351+0000] {dagbag.py:348} ERROR - Failed to import: /opt/airflow/dags/imdb_sentiment.py
Traceback (most recent call last):
  File "/home/airflow/.local/lib/python3.8/site-packages/airflow/models/dagbag.py", line 344, in parse
    loader.exec_module(new_module)
  File "<frozen importlib._bootstrap_external>", line 843, in exec_module
  File "<frozen importlib._bootstrap>", line 219, in _call_with_frames_removed
  File "/opt/airflow/dags/imdb_sentiment.py", line 20, in <module>
    import mlflow
ModuleNotFoundError: No module named 'mlflow'
[2026-04-26T04:28:58.353+0000] {processor.py:842} WARNING - No viable dags retrieved from /opt/airflow/dags/imdb_sentiment.py
[2026-04-26T04:28:58.372+0000] {processor.py:183} INFO - Processing /opt/airflow/dags/imdb_sentiment.py took 0.031 seconds
[2026-04-26T04:47:33.211+0000] {processor.py:161} INFO - Started process (PID=687) to work on /opt/airflow/dags/imdb_sentiment.py
[2026-04-26T04:47:33.212+0000] {processor.py:830} INFO - Processing file /opt/airflow/dags/imdb_sentiment.py for tasks to queue
[2026-04-26T04:47:33.215+0000] {logging_mixin.py:188} INFO - [2026-04-26T04:47:33.215+0000] {dagbag.py:538} INFO - Filling up the DagBag from /opt/airflow/dags/imdb_sentiment.py
[2026-04-26T04:47:33.220+0000] {logging_mixin.py:188} INFO - [2026-04-26T04:47:33.219+0000] {dagbag.py:348} ERROR - Failed to import: /opt/airflow/dags/imdb_sentiment.py
Traceback (most recent call last):
  File "/home/airflow/.local/lib/python3.8/site-packages/airflow/models/dagbag.py", line 344, in parse
    loader.exec_module(new_module)
  File "<frozen importlib._bootstrap_external>", line 843, in exec_module
  File "<frozen importlib._bootstrap>", line 219, in _call_with_frames_removed
  File "/opt/airflow/dags/imdb_sentiment.py", line 20, in <module>
    import mlflow
ModuleNotFoundError: No module named 'mlflow'
[2026-04-26T04:47:33.220+0000] {processor.py:842} WARNING - No viable dags retrieved from /opt/airflow/dags/imdb_sentiment.py
[2026-04-26T04:47:33.238+0000] {processor.py:183} INFO - Processing /opt/airflow/dags/imdb_sentiment.py took 0.029 seconds
[2026-04-26T05:05:19.773+0000] {processor.py:161} INFO - Started process (PID=694) to work on /opt/airflow/dags/imdb_sentiment.py
[2026-04-26T05:05:19.775+0000] {processor.py:830} INFO - Processing file /opt/airflow/dags/imdb_sentiment.py for tasks to queue
[2026-04-26T05:05:19.779+0000] {logging_mixin.py:188} INFO - [2026-04-26T05:05:19.778+0000] {dagbag.py:538} INFO - Filling up the DagBag from /opt/airflow/dags/imdb_sentiment.py
[2026-04-26T05:05:19.789+0000] {logging_mixin.py:188} INFO - [2026-04-26T05:05:19.788+0000] {dagbag.py:348} ERROR - Failed to import: /opt/airflow/dags/imdb_sentiment.py
Traceback (most recent call last):
  File "/home/airflow/.local/lib/python3.8/site-packages/airflow/models/dagbag.py", line 344, in parse
    loader.exec_module(new_module)
  File "<frozen importlib._bootstrap_external>", line 843, in exec_module
  File "<frozen importlib._bootstrap>", line 219, in _call_with_frames_removed
  File "/opt/airflow/dags/imdb_sentiment.py", line 20, in <module>
    import mlflow
ModuleNotFoundError: No module named 'mlflow'
[2026-04-26T05:05:19.791+0000] {processor.py:842} WARNING - No viable dags retrieved from /opt/airflow/dags/imdb_sentiment.py
[2026-04-26T05:05:19.812+0000] {processor.py:183} INFO - Processing /opt/airflow/dags/imdb_sentiment.py took 0.044 seconds
[2026-04-26T05:09:07.519+0000] {processor.py:161} INFO - Started process (PID=701) to work on /opt/airflow/dags/imdb_sentiment.py
[2026-04-26T05:09:07.521+0000] {processor.py:830} INFO - Processing file /opt/airflow/dags/imdb_sentiment.py for tasks to queue
[2026-04-26T05:09:07.523+0000] {logging_mixin.py:188} INFO - [2026-04-26T05:09:07.522+0000] {dagbag.py:538} INFO - Filling up the DagBag from /opt/airflow/dags/imdb_sentiment.py
[2026-04-26T05:09:07.530+0000] {logging_mixin.py:188} INFO - [2026-04-26T05:09:07.528+0000] {dagbag.py:348} ERROR - Failed to import: /opt/airflow/dags/imdb_sentiment.py
Traceback (most recent call last):
  File "/home/airflow/.local/lib/python3.8/site-packages/airflow/models/dagbag.py", line 344, in parse
    loader.exec_module(new_module)
  File "<frozen importlib._bootstrap_external>", line 843, in exec_module
  File "<frozen importlib._bootstrap>", line 219, in _call_with_frames_removed
  File "/opt/airflow/dags/imdb_sentiment.py", line 20, in <module>
    import mlflow
ModuleNotFoundError: No module named 'mlflow'
[2026-04-26T05:09:07.530+0000] {processor.py:842} WARNING - No viable dags retrieved from /opt/airflow/dags/imdb_sentiment.py
[2026-04-26T05:09:07.546+0000] {processor.py:183} INFO - Processing /opt/airflow/dags/imdb_sentiment.py took 0.031 seconds
[2026-04-26T05:37:29.865+0000] {processor.py:161} INFO - Started process (PID=708) to work on /opt/airflow/dags/imdb_sentiment.py
[2026-04-26T05:37:29.867+0000] {processor.py:830} INFO - Processing file /opt/airflow/dags/imdb_sentiment.py for tasks to queue
[2026-04-26T05:37:29.870+0000] {logging_mixin.py:188} INFO - [2026-04-26T05:37:29.870+0000] {dagbag.py:538} INFO - Filling up the DagBag from /opt/airflow/dags/imdb_sentiment.py
[2026-04-26T05:37:29.877+0000] {logging_mixin.py:188} INFO - [2026-04-26T05:37:29.875+0000] {dagbag.py:348} ERROR - Failed to import: /opt/airflow/dags/imdb_sentiment.py
Traceback (most recent call last):
  File "/home/airflow/.local/lib/python3.8/site-packages/airflow/models/dagbag.py", line 344, in parse
    loader.exec_module(new_module)
  File "<frozen importlib._bootstrap_external>", line 843, in exec_module
  File "<frozen importlib._bootstrap>", line 219, in _call_with_frames_removed
  File "/opt/airflow/dags/imdb_sentiment.py", line 20, in <module>
    import mlflow
ModuleNotFoundError: No module named 'mlflow'
[2026-04-26T05:37:29.878+0000] {processor.py:842} WARNING - No viable dags retrieved from /opt/airflow/dags/imdb_sentiment.py
[2026-04-26T05:37:29.901+0000] {processor.py:183} INFO - Processing /opt/airflow/dags/imdb_sentiment.py took 0.038 seconds
[2026-04-26T05:38:00.514+0000] {processor.py:161} INFO - Started process (PID=715) to work on /opt/airflow/dags/imdb_sentiment.py
[2026-04-26T05:38:00.515+0000] {processor.py:830} INFO - Processing file /opt/airflow/dags/imdb_sentiment.py for tasks to queue
[2026-04-26T05:38:00.518+0000] {logging_mixin.py:188} INFO - [2026-04-26T05:38:00.518+0000] {dagbag.py:538} INFO - Filling up the DagBag from /opt/airflow/dags/imdb_sentiment.py
[2026-04-26T05:38:00.526+0000] {logging_mixin.py:188} INFO - [2026-04-26T05:38:00.524+0000] {dagbag.py:348} ERROR - Failed to import: /opt/airflow/dags/imdb_sentiment.py
Traceback (most recent call last):
  File "/home/airflow/.local/lib/python3.8/site-packages/airflow/models/dagbag.py", line 344, in parse
    loader.exec_module(new_module)
  File "<frozen importlib._bootstrap_external>", line 843, in exec_module
  File "<frozen importlib._bootstrap>", line 219, in _call_with_frames_removed
  File "/opt/airflow/dags/imdb_sentiment.py", line 20, in <module>
    import mlflow
ModuleNotFoundError: No module named 'mlflow'
[2026-04-26T05:38:00.526+0000] {processor.py:842} WARNING - No viable dags retrieved from /opt/airflow/dags/imdb_sentiment.py
[2026-04-26T05:38:00.549+0000] {processor.py:183} INFO - Processing /opt/airflow/dags/imdb_sentiment.py took 0.040 seconds
[2026-04-26T05:50:01.286+0000] {processor.py:161} INFO - Started process (PID=722) to work on /opt/airflow/dags/imdb_sentiment.py
[2026-04-26T05:50:01.287+0000] {processor.py:830} INFO - Processing file /opt/airflow/dags/imdb_sentiment.py for tasks to queue
[2026-04-26T05:50:01.288+0000] {logging_mixin.py:188} INFO - [2026-04-26T05:50:01.288+0000] {dagbag.py:538} INFO - Filling up the DagBag from /opt/airflow/dags/imdb_sentiment.py
[2026-04-26T05:50:01.292+0000] {logging_mixin.py:188} INFO - [2026-04-26T05:50:01.291+0000] {dagbag.py:348} ERROR - Failed to import: /opt/airflow/dags/imdb_sentiment.py
Traceback (most recent call last):
  File "/home/airflow/.local/lib/python3.8/site-packages/airflow/models/dagbag.py", line 344, in parse
    loader.exec_module(new_module)
  File "<frozen importlib._bootstrap_external>", line 843, in exec_module
  File "<frozen importlib._bootstrap>", line 219, in _call_with_frames_removed
  File "/opt/airflow/dags/imdb_sentiment.py", line 20, in <module>
    import mlflow
ModuleNotFoundError: No module named 'mlflow'
[2026-04-26T05:50:01.292+0000] {processor.py:842} WARNING - No viable dags retrieved from /opt/airflow/dags/imdb_sentiment.py
[2026-04-26T05:50:01.308+0000] {processor.py:183} INFO - Processing /opt/airflow/dags/imdb_sentiment.py took 0.026 seconds
[2026-04-26T05:50:34.517+0000] {processor.py:161} INFO - Started process (PID=729) to work on /opt/airflow/dags/imdb_sentiment.py
[2026-04-26T05:50:34.518+0000] {processor.py:830} INFO - Processing file /opt/airflow/dags/imdb_sentiment.py for tasks to queue
[2026-04-26T05:50:34.521+0000] {logging_mixin.py:188} INFO - [2026-04-26T05:50:34.520+0000] {dagbag.py:538} INFO - Filling up the DagBag from /opt/airflow/dags/imdb_sentiment.py
[2026-04-26T05:50:34.525+0000] {logging_mixin.py:188} INFO - [2026-04-26T05:50:34.524+0000] {dagbag.py:348} ERROR - Failed to import: /opt/airflow/dags/imdb_sentiment.py
Traceback (most recent call last):
  File "/home/airflow/.local/lib/python3.8/site-packages/airflow/models/dagbag.py", line 344, in parse
    loader.exec_module(new_module)
  File "<frozen importlib._bootstrap_external>", line 843, in exec_module
  File "<frozen importlib._bootstrap>", line 219, in _call_with_frames_removed
  File "/opt/airflow/dags/imdb_sentiment.py", line 20, in <module>
    import mlflow
ModuleNotFoundError: No module named 'mlflow'
[2026-04-26T05:50:34.526+0000] {processor.py:842} WARNING - No viable dags retrieved from /opt/airflow/dags/imdb_sentiment.py
[2026-04-26T05:50:34.539+0000] {processor.py:183} INFO - Processing /opt/airflow/dags/imdb_sentiment.py took 0.026 seconds
[2026-04-26T05:52:54.401+0000] {processor.py:161} INFO - Started process (PID=736) to work on /opt/airflow/dags/imdb_sentiment.py
[2026-04-26T05:52:54.403+0000] {processor.py:830} INFO - Processing file /opt/airflow/dags/imdb_sentiment.py for tasks to queue
[2026-04-26T05:52:54.405+0000] {logging_mixin.py:188} INFO - [2026-04-26T05:52:54.405+0000] {dagbag.py:538} INFO - Filling up the DagBag from /opt/airflow/dags/imdb_sentiment.py
[2026-04-26T05:52:54.413+0000] {logging_mixin.py:188} INFO - [2026-04-26T05:52:54.411+0000] {dagbag.py:348} ERROR - Failed to import: /opt/airflow/dags/imdb_sentiment.py
Traceback (most recent call last):
  File "/home/airflow/.local/lib/python3.8/site-packages/airflow/models/dagbag.py", line 344, in parse
    loader.exec_module(new_module)
  File "<frozen importlib._bootstrap_external>", line 843, in exec_module
  File "<frozen importlib._bootstrap>", line 219, in _call_with_frames_removed
  File "/opt/airflow/dags/imdb_sentiment.py", line 20, in <module>
    import mlflow
ModuleNotFoundError: No module named 'mlflow'
[2026-04-26T05:52:54.414+0000] {processor.py:842} WARNING - No viable dags retrieved from /opt/airflow/dags/imdb_sentiment.py
[2026-04-26T05:52:54.434+0000] {processor.py:183} INFO - Processing /opt/airflow/dags/imdb_sentiment.py took 0.037 seconds
[2026-04-26T06:25:24.964+0000] {processor.py:161} INFO - Started process (PID=743) to work on /opt/airflow/dags/imdb_sentiment.py
[2026-04-26T06:25:24.965+0000] {processor.py:830} INFO - Processing file /opt/airflow/dags/imdb_sentiment.py for tasks to queue
[2026-04-26T06:25:24.967+0000] {logging_mixin.py:188} INFO - [2026-04-26T06:25:24.967+0000] {dagbag.py:538} INFO - Filling up the DagBag from /opt/airflow/dags/imdb_sentiment.py
[2026-04-26T06:25:24.971+0000] {logging_mixin.py:188} INFO - [2026-04-26T06:25:24.971+0000] {dagbag.py:348} ERROR - Failed to import: /opt/airflow/dags/imdb_sentiment.py
Traceback (most recent call last):
  File "/home/airflow/.local/lib/python3.8/site-packages/airflow/models/dagbag.py", line 344, in parse
    loader.exec_module(new_module)
  File "<frozen importlib._bootstrap_external>", line 843, in exec_module
  File "<frozen importlib._bootstrap>", line 219, in _call_with_frames_removed
  File "/opt/airflow/dags/imdb_sentiment.py", line 20, in <module>
    import mlflow
ModuleNotFoundError: No module named 'mlflow'
[2026-04-26T06:25:24.972+0000] {processor.py:842} WARNING - No viable dags retrieved from /opt/airflow/dags/imdb_sentiment.py
[2026-04-26T06:25:24.990+0000] {processor.py:183} INFO - Processing /opt/airflow/dags/imdb_sentiment.py took 0.029 seconds
[2026-04-26T06:53:48.608+0000] {processor.py:161} INFO - Started process (PID=750) to work on /opt/airflow/dags/imdb_sentiment.py
[2026-04-26T06:53:48.609+0000] {processor.py:830} INFO - Processing file /opt/airflow/dags/imdb_sentiment.py for tasks to queue
[2026-04-26T06:53:48.612+0000] {logging_mixin.py:188} INFO - [2026-04-26T06:53:48.612+0000] {dagbag.py:538} INFO - Filling up the DagBag from /opt/airflow/dags/imdb_sentiment.py
[2026-04-26T06:53:48.618+0000] {logging_mixin.py:188} INFO - [2026-04-26T06:53:48.617+0000] {dagbag.py:348} ERROR - Failed to import: /opt/airflow/dags/imdb_sentiment.py
Traceback (most recent call last):
  File "/home/airflow/.local/lib/python3.8/site-packages/airflow/models/dagbag.py", line 344, in parse
    loader.exec_module(new_module)
  File "<frozen importlib._bootstrap_external>", line 843, in exec_module
  File "<frozen importlib._bootstrap>", line 219, in _call_with_frames_removed
  File "/opt/airflow/dags/imdb_sentiment.py", line 20, in <module>
    import mlflow
ModuleNotFoundError: No module named 'mlflow'
[2026-04-26T06:53:48.618+0000] {processor.py:842} WARNING - No viable dags retrieved from /opt/airflow/dags/imdb_sentiment.py
[2026-04-26T06:53:48.640+0000] {processor.py:183} INFO - Processing /opt/airflow/dags/imdb_sentiment.py took 0.035 seconds
[2026-04-26T07:07:41.833+0000] {processor.py:161} INFO - Started process (PID=757) to work on /opt/airflow/dags/imdb_sentiment.py
[2026-04-26T07:07:41.842+0000] {processor.py:830} INFO - Processing file /opt/airflow/dags/imdb_sentiment.py for tasks to queue
[2026-04-26T07:07:41.936+0000] {logging_mixin.py:188} INFO - [2026-04-26T07:07:41.935+0000] {dagbag.py:538} INFO - Filling up the DagBag from /opt/airflow/dags/imdb_sentiment.py
[2026-04-26T07:07:42.024+0000] {logging_mixin.py:188} INFO - [2026-04-26T07:07:42.021+0000] {dagbag.py:348} ERROR - Failed to import: /opt/airflow/dags/imdb_sentiment.py
Traceback (most recent call last):
  File "/home/airflow/.local/lib/python3.8/site-packages/airflow/models/dagbag.py", line 344, in parse
    loader.exec_module(new_module)
  File "<frozen importlib._bootstrap_external>", line 843, in exec_module
  File "<frozen importlib._bootstrap>", line 219, in _call_with_frames_removed
  File "/opt/airflow/dags/imdb_sentiment.py", line 20, in <module>
    import mlflow
ModuleNotFoundError: No module named 'mlflow'
[2026-04-26T07:07:42.025+0000] {processor.py:842} WARNING - No viable dags retrieved from /opt/airflow/dags/imdb_sentiment.py
[2026-04-26T07:07:42.163+0000] {processor.py:183} INFO - Processing /opt/airflow/dags/imdb_sentiment.py took 0.337 seconds
[2026-04-26T07:08:12.504+0000] {processor.py:161} INFO - Started process (PID=764) to work on /opt/airflow/dags/imdb_sentiment.py
[2026-04-26T07:08:12.505+0000] {processor.py:830} INFO - Processing file /opt/airflow/dags/imdb_sentiment.py for tasks to queue
[2026-04-26T07:08:12.507+0000] {logging_mixin.py:188} INFO - [2026-04-26T07:08:12.507+0000] {dagbag.py:538} INFO - Filling up the DagBag from /opt/airflow/dags/imdb_sentiment.py
[2026-04-26T07:08:12.512+0000] {logging_mixin.py:188} INFO - [2026-04-26T07:08:12.512+0000] {dagbag.py:348} ERROR - Failed to import: /opt/airflow/dags/imdb_sentiment.py
Traceback (most recent call last):
  File "/home/airflow/.local/lib/python3.8/site-packages/airflow/models/dagbag.py", line 344, in parse
    loader.exec_module(new_module)
  File "<frozen importlib._bootstrap_external>", line 843, in exec_module
  File "<frozen importlib._bootstrap>", line 219, in _call_with_frames_removed
  File "/opt/airflow/dags/imdb_sentiment.py", line 20, in <module>
    import mlflow
ModuleNotFoundError: No module named 'mlflow'
[2026-04-26T07:08:12.513+0000] {processor.py:842} WARNING - No viable dags retrieved from /opt/airflow/dags/imdb_sentiment.py
[2026-04-26T07:08:12.532+0000] {processor.py:183} INFO - Processing /opt/airflow/dags/imdb_sentiment.py took 0.032 seconds
[2026-04-26T07:10:13.596+0000] {processor.py:161} INFO - Started process (PID=771) to work on /opt/airflow/dags/imdb_sentiment.py
[2026-04-26T07:10:13.597+0000] {processor.py:830} INFO - Processing file /opt/airflow/dags/imdb_sentiment.py for tasks to queue
[2026-04-26T07:10:13.600+0000] {logging_mixin.py:188} INFO - [2026-04-26T07:10:13.600+0000] {dagbag.py:538} INFO - Filling up the DagBag from /opt/airflow/dags/imdb_sentiment.py
[2026-04-26T07:10:13.606+0000] {logging_mixin.py:188} INFO - [2026-04-26T07:10:13.605+0000] {dagbag.py:348} ERROR - Failed to import: /opt/airflow/dags/imdb_sentiment.py
Traceback (most recent call last):
  File "/home/airflow/.local/lib/python3.8/site-packages/airflow/models/dagbag.py", line 344, in parse
    loader.exec_module(new_module)
  File "<frozen importlib._bootstrap_external>", line 843, in exec_module
  File "<frozen importlib._bootstrap>", line 219, in _call_with_frames_removed
  File "/opt/airflow/dags/imdb_sentiment.py", line 20, in <module>
    import mlflow
ModuleNotFoundError: No module named 'mlflow'
[2026-04-26T07:10:13.607+0000] {processor.py:842} WARNING - No viable dags retrieved from /opt/airflow/dags/imdb_sentiment.py
[2026-04-26T07:10:13.623+0000] {processor.py:183} INFO - Processing /opt/airflow/dags/imdb_sentiment.py took 0.031 seconds
[2026-04-26T08:48:54.532+0000] {processor.py:161} INFO - Started process (PID=778) to work on /opt/airflow/dags/imdb_sentiment.py
[2026-04-26T08:48:54.534+0000] {processor.py:830} INFO - Processing file /opt/airflow/dags/imdb_sentiment.py for tasks to queue
[2026-04-26T08:48:54.536+0000] {logging_mixin.py:188} INFO - [2026-04-26T08:48:54.535+0000] {dagbag.py:538} INFO - Filling up the DagBag from /opt/airflow/dags/imdb_sentiment.py
[2026-04-26T08:48:54.542+0000] {logging_mixin.py:188} INFO - [2026-04-26T08:48:54.541+0000] {dagbag.py:348} ERROR - Failed to import: /opt/airflow/dags/imdb_sentiment.py
Traceback (most recent call last):
  File "/home/airflow/.local/lib/python3.8/site-packages/airflow/models/dagbag.py", line 344, in parse
    loader.exec_module(new_module)
  File "<frozen importlib._bootstrap_external>", line 843, in exec_module
  File "<frozen importlib._bootstrap>", line 219, in _call_with_frames_removed
  File "/opt/airflow/dags/imdb_sentiment.py", line 20, in <module>
    import mlflow
ModuleNotFoundError: No module named 'mlflow'
[2026-04-26T08:48:54.543+0000] {processor.py:842} WARNING - No viable dags retrieved from /opt/airflow/dags/imdb_sentiment.py
[2026-04-26T08:48:54.565+0000] {processor.py:183} INFO - Processing /opt/airflow/dags/imdb_sentiment.py took 0.035 seconds
[2026-04-26T10:11:22.281+0000] {processor.py:161} INFO - Started process (PID=785) to work on /opt/airflow/dags/imdb_sentiment.py
[2026-04-26T10:11:22.282+0000] {processor.py:830} INFO - Processing file /opt/airflow/dags/imdb_sentiment.py for tasks to queue
[2026-04-26T10:11:22.285+0000] {logging_mixin.py:188} INFO - [2026-04-26T10:11:22.284+0000] {dagbag.py:538} INFO - Filling up the DagBag from /opt/airflow/dags/imdb_sentiment.py
[2026-04-26T10:11:22.289+0000] {logging_mixin.py:188} INFO - [2026-04-26T10:11:22.289+0000] {dagbag.py:348} ERROR - Failed to import: /opt/airflow/dags/imdb_sentiment.py
Traceback (most recent call last):
  File "/home/airflow/.local/lib/python3.8/site-packages/airflow/models/dagbag.py", line 344, in parse
    loader.exec_module(new_module)
  File "<frozen importlib._bootstrap_external>", line 843, in exec_module
  File "<frozen importlib._bootstrap>", line 219, in _call_with_frames_removed
  File "/opt/airflow/dags/imdb_sentiment.py", line 20, in <module>
    import mlflow
ModuleNotFoundError: No module named 'mlflow'
[2026-04-26T10:11:22.290+0000] {processor.py:842} WARNING - No viable dags retrieved from /opt/airflow/dags/imdb_sentiment.py
[2026-04-26T10:11:22.305+0000] {processor.py:183} INFO - Processing /opt/airflow/dags/imdb_sentiment.py took 0.027 seconds
[2026-04-26T11:39:45.223+0000] {processor.py:161} INFO - Started process (PID=792) to work on /opt/airflow/dags/imdb_sentiment.py
[2026-04-26T11:39:45.226+0000] {processor.py:830} INFO - Processing file /opt/airflow/dags/imdb_sentiment.py for tasks to queue
[2026-04-26T11:39:45.228+0000] {logging_mixin.py:188} INFO - [2026-04-26T11:39:45.228+0000] {dagbag.py:538} INFO - Filling up the DagBag from /opt/airflow/dags/imdb_sentiment.py
[2026-04-26T11:39:45.234+0000] {logging_mixin.py:188} INFO - [2026-04-26T11:39:45.233+0000] {dagbag.py:348} ERROR - Failed to import: /opt/airflow/dags/imdb_sentiment.py
Traceback (most recent call last):
  File "/home/airflow/.local/lib/python3.8/site-packages/airflow/models/dagbag.py", line 344, in parse
    loader.exec_module(new_module)
  File "<frozen importlib._bootstrap_external>", line 843, in exec_module
  File "<frozen importlib._bootstrap>", line 219, in _call_with_frames_removed
  File "/opt/airflow/dags/imdb_sentiment.py", line 20, in <module>
    import mlflow
ModuleNotFoundError: No module named 'mlflow'
[2026-04-26T11:39:45.235+0000] {processor.py:842} WARNING - No viable dags retrieved from /opt/airflow/dags/imdb_sentiment.py
[2026-04-26T11:39:45.253+0000] {processor.py:183} INFO - Processing /opt/airflow/dags/imdb_sentiment.py took 0.040 seconds
[2026-04-26T12:57:07.523+0000] {processor.py:161} INFO - Started process (PID=799) to work on /opt/airflow/dags/imdb_sentiment.py
[2026-04-26T12:57:07.523+0000] {processor.py:830} INFO - Processing file /opt/airflow/dags/imdb_sentiment.py for tasks to queue
[2026-04-26T12:57:07.525+0000] {logging_mixin.py:188} INFO - [2026-04-26T12:57:07.525+0000] {dagbag.py:538} INFO - Filling up the DagBag from /opt/airflow/dags/imdb_sentiment.py
[2026-04-26T12:57:07.529+0000] {logging_mixin.py:188} INFO - [2026-04-26T12:57:07.528+0000] {dagbag.py:348} ERROR - Failed to import: /opt/airflow/dags/imdb_sentiment.py
Traceback (most recent call last):
  File "/home/airflow/.local/lib/python3.8/site-packages/airflow/models/dagbag.py", line 344, in parse
    loader.exec_module(new_module)
  File "<frozen importlib._bootstrap_external>", line 843, in exec_module
  File "<frozen importlib._bootstrap>", line 219, in _call_with_frames_removed
  File "/opt/airflow/dags/imdb_sentiment.py", line 20, in <module>
    import mlflow
ModuleNotFoundError: No module named 'mlflow'
[2026-04-26T12:57:07.529+0000] {processor.py:842} WARNING - No viable dags retrieved from /opt/airflow/dags/imdb_sentiment.py
[2026-04-26T12:57:07.546+0000] {processor.py:183} INFO - Processing /opt/airflow/dags/imdb_sentiment.py took 0.026 seconds
[2026-04-26T12:57:38.133+0000] {processor.py:161} INFO - Started process (PID=806) to work on /opt/airflow/dags/imdb_sentiment.py
[2026-04-26T12:57:38.135+0000] {processor.py:830} INFO - Processing file /opt/airflow/dags/imdb_sentiment.py for tasks to queue
[2026-04-26T12:57:38.139+0000] {logging_mixin.py:188} INFO - [2026-04-26T12:57:38.137+0000] {dagbag.py:538} INFO - Filling up the DagBag from /opt/airflow/dags/imdb_sentiment.py
[2026-04-26T12:57:38.144+0000] {logging_mixin.py:188} INFO - [2026-04-26T12:57:38.143+0000] {dagbag.py:348} ERROR - Failed to import: /opt/airflow/dags/imdb_sentiment.py
Traceback (most recent call last):
  File "/home/airflow/.local/lib/python3.8/site-packages/airflow/models/dagbag.py", line 344, in parse
    loader.exec_module(new_module)
  File "<frozen importlib._bootstrap_external>", line 843, in exec_module
  File "<frozen importlib._bootstrap>", line 219, in _call_with_frames_removed
  File "/opt/airflow/dags/imdb_sentiment.py", line 20, in <module>
    import mlflow
ModuleNotFoundError: No module named 'mlflow'
[2026-04-26T12:57:38.145+0000] {processor.py:842} WARNING - No viable dags retrieved from /opt/airflow/dags/imdb_sentiment.py
[2026-04-26T12:57:38.160+0000] {processor.py:183} INFO - Processing /opt/airflow/dags/imdb_sentiment.py took 0.032 seconds
[2026-04-26T14:05:22.487+0000] {processor.py:161} INFO - Started process (PID=813) to work on /opt/airflow/dags/imdb_sentiment.py
[2026-04-26T14:05:22.488+0000] {processor.py:830} INFO - Processing file /opt/airflow/dags/imdb_sentiment.py for tasks to queue
[2026-04-26T14:05:22.490+0000] {logging_mixin.py:188} INFO - [2026-04-26T14:05:22.490+0000] {dagbag.py:538} INFO - Filling up the DagBag from /opt/airflow/dags/imdb_sentiment.py
[2026-04-26T14:05:22.495+0000] {logging_mixin.py:188} INFO - [2026-04-26T14:05:22.494+0000] {dagbag.py:348} ERROR - Failed to import: /opt/airflow/dags/imdb_sentiment.py
Traceback (most recent call last):
  File "/home/airflow/.local/lib/python3.8/site-packages/airflow/models/dagbag.py", line 344, in parse
    loader.exec_module(new_module)
  File "<frozen importlib._bootstrap_external>", line 843, in exec_module
  File "<frozen importlib._bootstrap>", line 219, in _call_with_frames_removed
  File "/opt/airflow/dags/imdb_sentiment.py", line 20, in <module>
    import mlflow
ModuleNotFoundError: No module named 'mlflow'
[2026-04-26T14:05:22.496+0000] {processor.py:842} WARNING - No viable dags retrieved from /opt/airflow/dags/imdb_sentiment.py
[2026-04-26T14:05:22.515+0000] {processor.py:183} INFO - Processing /opt/airflow/dags/imdb_sentiment.py took 0.030 seconds
[2026-04-26T14:54:30.026+0000] {processor.py:161} INFO - Started process (PID=820) to work on /opt/airflow/dags/imdb_sentiment.py
[2026-04-26T14:54:30.028+0000] {processor.py:830} INFO - Processing file /opt/airflow/dags/imdb_sentiment.py for tasks to queue
[2026-04-26T14:54:30.030+0000] {logging_mixin.py:188} INFO - [2026-04-26T14:54:30.030+0000] {dagbag.py:538} INFO - Filling up the DagBag from /opt/airflow/dags/imdb_sentiment.py
[2026-04-26T14:54:30.036+0000] {logging_mixin.py:188} INFO - [2026-04-26T14:54:30.035+0000] {dagbag.py:348} ERROR - Failed to import: /opt/airflow/dags/imdb_sentiment.py
Traceback (most recent call last):
  File "/home/airflow/.local/lib/python3.8/site-packages/airflow/models/dagbag.py", line 344, in parse
    loader.exec_module(new_module)
  File "<frozen importlib._bootstrap_external>", line 843, in exec_module
  File "<frozen importlib._bootstrap>", line 219, in _call_with_frames_removed
  File "/opt/airflow/dags/imdb_sentiment.py", line 20, in <module>
    import mlflow
ModuleNotFoundError: No module named 'mlflow'
[2026-04-26T14:54:30.037+0000] {processor.py:842} WARNING - No viable dags retrieved from /opt/airflow/dags/imdb_sentiment.py
[2026-04-26T14:54:30.050+0000] {processor.py:183} INFO - Processing /opt/airflow/dags/imdb_sentiment.py took 0.026 seconds
[2026-04-26T16:01:23.754+0000] {processor.py:161} INFO - Started process (PID=827) to work on /opt/airflow/dags/imdb_sentiment.py
[2026-04-26T16:01:23.755+0000] {processor.py:830} INFO - Processing file /opt/airflow/dags/imdb_sentiment.py for tasks to queue
[2026-04-26T16:01:23.757+0000] {logging_mixin.py:188} INFO - [2026-04-26T16:01:23.757+0000] {dagbag.py:538} INFO - Filling up the DagBag from /opt/airflow/dags/imdb_sentiment.py
[2026-04-26T16:01:23.762+0000] {logging_mixin.py:188} INFO - [2026-04-26T16:01:23.760+0000] {dagbag.py:348} ERROR - Failed to import: /opt/airflow/dags/imdb_sentiment.py
Traceback (most recent call last):
  File "/home/airflow/.local/lib/python3.8/site-packages/airflow/models/dagbag.py", line 344, in parse
    loader.exec_module(new_module)
  File "<frozen importlib._bootstrap_external>", line 843, in exec_module
  File "<frozen importlib._bootstrap>", line 219, in _call_with_frames_removed
  File "/opt/airflow/dags/imdb_sentiment.py", line 20, in <module>
    import mlflow
ModuleNotFoundError: No module named 'mlflow'
[2026-04-26T16:01:23.762+0000] {processor.py:842} WARNING - No viable dags retrieved from /opt/airflow/dags/imdb_sentiment.py
[2026-04-26T16:01:23.781+0000] {processor.py:183} INFO - Processing /opt/airflow/dags/imdb_sentiment.py took 0.030 seconds
[2026-04-26T16:38:00.776+0000] {processor.py:161} INFO - Started process (PID=834) to work on /opt/airflow/dags/imdb_sentiment.py
[2026-04-26T16:38:00.777+0000] {processor.py:830} INFO - Processing file /opt/airflow/dags/imdb_sentiment.py for tasks to queue
[2026-04-26T16:38:00.783+0000] {logging_mixin.py:188} INFO - [2026-04-26T16:38:00.782+0000] {dagbag.py:538} INFO - Filling up the DagBag from /opt/airflow/dags/imdb_sentiment.py
[2026-04-26T16:38:00.792+0000] {logging_mixin.py:188} INFO - [2026-04-26T16:38:00.790+0000] {dagbag.py:348} ERROR - Failed to import: /opt/airflow/dags/imdb_sentiment.py
Traceback (most recent call last):
  File "/home/airflow/.local/lib/python3.8/site-packages/airflow/models/dagbag.py", line 344, in parse
    loader.exec_module(new_module)
  File "<frozen importlib._bootstrap_external>", line 843, in exec_module
  File "<frozen importlib._bootstrap>", line 219, in _call_with_frames_removed
  File "/opt/airflow/dags/imdb_sentiment.py", line 20, in <module>
    import mlflow
ModuleNotFoundError: No module named 'mlflow'
[2026-04-26T16:38:00.795+0000] {processor.py:842} WARNING - No viable dags retrieved from /opt/airflow/dags/imdb_sentiment.py
[2026-04-26T16:38:00.815+0000] {processor.py:183} INFO - Processing /opt/airflow/dags/imdb_sentiment.py took 0.044 seconds
[2026-04-26T16:38:31.484+0000] {processor.py:161} INFO - Started process (PID=841) to work on /opt/airflow/dags/imdb_sentiment.py
[2026-04-26T16:38:31.486+0000] {processor.py:830} INFO - Processing file /opt/airflow/dags/imdb_sentiment.py for tasks to queue
[2026-04-26T16:38:31.487+0000] {logging_mixin.py:188} INFO - [2026-04-26T16:38:31.487+0000] {dagbag.py:538} INFO - Filling up the DagBag from /opt/airflow/dags/imdb_sentiment.py
[2026-04-26T16:38:31.493+0000] {logging_mixin.py:188} INFO - [2026-04-26T16:38:31.492+0000] {dagbag.py:348} ERROR - Failed to import: /opt/airflow/dags/imdb_sentiment.py
Traceback (most recent call last):
  File "/home/airflow/.local/lib/python3.8/site-packages/airflow/models/dagbag.py", line 344, in parse
    loader.exec_module(new_module)
  File "<frozen importlib._bootstrap_external>", line 843, in exec_module
  File "<frozen importlib._bootstrap>", line 219, in _call_with_frames_removed
  File "/opt/airflow/dags/imdb_sentiment.py", line 20, in <module>
    import mlflow
ModuleNotFoundError: No module named 'mlflow'
[2026-04-26T16:38:31.494+0000] {processor.py:842} WARNING - No viable dags retrieved from /opt/airflow/dags/imdb_sentiment.py
[2026-04-26T16:38:31.510+0000] {processor.py:183} INFO - Processing /opt/airflow/dags/imdb_sentiment.py took 0.030 seconds
[2026-04-26T16:44:18.310+0000] {processor.py:161} INFO - Started process (PID=848) to work on /opt/airflow/dags/imdb_sentiment.py
[2026-04-26T16:44:18.314+0000] {processor.py:830} INFO - Processing file /opt/airflow/dags/imdb_sentiment.py for tasks to queue
[2026-04-26T16:44:18.324+0000] {logging_mixin.py:188} INFO - [2026-04-26T16:44:18.324+0000] {dagbag.py:538} INFO - Filling up the DagBag from /opt/airflow/dags/imdb_sentiment.py
[2026-04-26T16:44:18.336+0000] {logging_mixin.py:188} INFO - [2026-04-26T16:44:18.335+0000] {dagbag.py:348} ERROR - Failed to import: /opt/airflow/dags/imdb_sentiment.py
Traceback (most recent call last):
  File "/home/airflow/.local/lib/python3.8/site-packages/airflow/models/dagbag.py", line 344, in parse
    loader.exec_module(new_module)
  File "<frozen importlib._bootstrap_external>", line 843, in exec_module
  File "<frozen importlib._bootstrap>", line 219, in _call_with_frames_removed
  File "/opt/airflow/dags/imdb_sentiment.py", line 20, in <module>
    import mlflow
ModuleNotFoundError: No module named 'mlflow'
[2026-04-26T16:44:18.337+0000] {processor.py:842} WARNING - No viable dags retrieved from /opt/airflow/dags/imdb_sentiment.py
[2026-04-26T16:44:18.357+0000] {processor.py:183} INFO - Processing /opt/airflow/dags/imdb_sentiment.py took 0.061 seconds
[2026-04-26T16:55:26.153+0000] {processor.py:161} INFO - Started process (PID=855) to work on /opt/airflow/dags/imdb_sentiment.py
[2026-04-26T16:55:26.154+0000] {processor.py:830} INFO - Processing file /opt/airflow/dags/imdb_sentiment.py for tasks to queue
[2026-04-26T16:55:26.157+0000] {logging_mixin.py:188} INFO - [2026-04-26T16:55:26.157+0000] {dagbag.py:538} INFO - Filling up the DagBag from /opt/airflow/dags/imdb_sentiment.py
[2026-04-26T16:55:26.161+0000] {logging_mixin.py:188} INFO - [2026-04-26T16:55:26.160+0000] {dagbag.py:348} ERROR - Failed to import: /opt/airflow/dags/imdb_sentiment.py
Traceback (most recent call last):
  File "/home/airflow/.local/lib/python3.8/site-packages/airflow/models/dagbag.py", line 344, in parse
    loader.exec_module(new_module)
  File "<frozen importlib._bootstrap_external>", line 843, in exec_module
  File "<frozen importlib._bootstrap>", line 219, in _call_with_frames_removed
  File "/opt/airflow/dags/imdb_sentiment.py", line 20, in <module>
    import mlflow
ModuleNotFoundError: No module named 'mlflow'
[2026-04-26T16:55:26.162+0000] {processor.py:842} WARNING - No viable dags retrieved from /opt/airflow/dags/imdb_sentiment.py
[2026-04-26T16:55:26.181+0000] {processor.py:183} INFO - Processing /opt/airflow/dags/imdb_sentiment.py took 0.031 seconds
[2026-04-26T16:55:57.597+0000] {processor.py:161} INFO - Started process (PID=862) to work on /opt/airflow/dags/imdb_sentiment.py
[2026-04-26T16:55:57.599+0000] {processor.py:830} INFO - Processing file /opt/airflow/dags/imdb_sentiment.py for tasks to queue
[2026-04-26T16:55:57.603+0000] {logging_mixin.py:188} INFO - [2026-04-26T16:55:57.602+0000] {dagbag.py:538} INFO - Filling up the DagBag from /opt/airflow/dags/imdb_sentiment.py
[2026-04-26T16:55:57.612+0000] {logging_mixin.py:188} INFO - [2026-04-26T16:55:57.609+0000] {dagbag.py:348} ERROR - Failed to import: /opt/airflow/dags/imdb_sentiment.py
Traceback (most recent call last):
  File "/home/airflow/.local/lib/python3.8/site-packages/airflow/models/dagbag.py", line 344, in parse
    loader.exec_module(new_module)
  File "<frozen importlib._bootstrap_external>", line 843, in exec_module
  File "<frozen importlib._bootstrap>", line 219, in _call_with_frames_removed
  File "/opt/airflow/dags/imdb_sentiment.py", line 20, in <module>
    import mlflow
ModuleNotFoundError: No module named 'mlflow'
[2026-04-26T16:55:57.612+0000] {processor.py:842} WARNING - No viable dags retrieved from /opt/airflow/dags/imdb_sentiment.py
[2026-04-26T16:55:57.630+0000] {processor.py:183} INFO - Processing /opt/airflow/dags/imdb_sentiment.py took 0.037 seconds
[2026-04-26T17:09:48.315+0000] {processor.py:161} INFO - Started process (PID=869) to work on /opt/airflow/dags/imdb_sentiment.py
[2026-04-26T17:09:48.317+0000] {processor.py:830} INFO - Processing file /opt/airflow/dags/imdb_sentiment.py for tasks to queue
[2026-04-26T17:09:48.321+0000] {logging_mixin.py:188} INFO - [2026-04-26T17:09:48.321+0000] {dagbag.py:538} INFO - Filling up the DagBag from /opt/airflow/dags/imdb_sentiment.py
[2026-04-26T17:09:48.330+0000] {logging_mixin.py:188} INFO - [2026-04-26T17:09:48.327+0000] {dagbag.py:348} ERROR - Failed to import: /opt/airflow/dags/imdb_sentiment.py
Traceback (most recent call last):
  File "/home/airflow/.local/lib/python3.8/site-packages/airflow/models/dagbag.py", line 344, in parse
    loader.exec_module(new_module)
  File "<frozen importlib._bootstrap_external>", line 843, in exec_module
  File "<frozen importlib._bootstrap>", line 219, in _call_with_frames_removed
  File "/opt/airflow/dags/imdb_sentiment.py", line 20, in <module>
    import mlflow
ModuleNotFoundError: No module named 'mlflow'
[2026-04-26T17:09:48.331+0000] {processor.py:842} WARNING - No viable dags retrieved from /opt/airflow/dags/imdb_sentiment.py
[2026-04-26T17:09:48.353+0000] {processor.py:183} INFO - Processing /opt/airflow/dags/imdb_sentiment.py took 0.041 seconds
[2026-04-26T17:56:19.432+0000] {processor.py:161} INFO - Started process (PID=876) to work on /opt/airflow/dags/imdb_sentiment.py
[2026-04-26T17:56:19.433+0000] {processor.py:830} INFO - Processing file /opt/airflow/dags/imdb_sentiment.py for tasks to queue
[2026-04-26T17:56:19.436+0000] {logging_mixin.py:188} INFO - [2026-04-26T17:56:19.435+0000] {dagbag.py:538} INFO - Filling up the DagBag from /opt/airflow/dags/imdb_sentiment.py
[2026-04-26T17:56:19.443+0000] {logging_mixin.py:188} INFO - [2026-04-26T17:56:19.441+0000] {dagbag.py:348} ERROR - Failed to import: /opt/airflow/dags/imdb_sentiment.py
Traceback (most recent call last):
  File "/home/airflow/.local/lib/python3.8/site-packages/airflow/models/dagbag.py", line 344, in parse
    loader.exec_module(new_module)
  File "<frozen importlib._bootstrap_external>", line 843, in exec_module
  File "<frozen importlib._bootstrap>", line 219, in _call_with_frames_removed
  File "/opt/airflow/dags/imdb_sentiment.py", line 20, in <module>
    import mlflow
ModuleNotFoundError: No module named 'mlflow'
[2026-04-26T17:56:19.444+0000] {processor.py:842} WARNING - No viable dags retrieved from /opt/airflow/dags/imdb_sentiment.py
[2026-04-26T17:56:19.463+0000] {processor.py:183} INFO - Processing /opt/airflow/dags/imdb_sentiment.py took 0.034 seconds
[2026-04-26T17:56:50.304+0000] {processor.py:161} INFO - Started process (PID=883) to work on /opt/airflow/dags/imdb_sentiment.py
[2026-04-26T17:56:50.305+0000] {processor.py:830} INFO - Processing file /opt/airflow/dags/imdb_sentiment.py for tasks to queue
[2026-04-26T17:56:50.311+0000] {logging_mixin.py:188} INFO - [2026-04-26T17:56:50.311+0000] {dagbag.py:538} INFO - Filling up the DagBag from /opt/airflow/dags/imdb_sentiment.py
[2026-04-26T17:56:50.320+0000] {logging_mixin.py:188} INFO - [2026-04-26T17:56:50.318+0000] {dagbag.py:348} ERROR - Failed to import: /opt/airflow/dags/imdb_sentiment.py
Traceback (most recent call last):
  File "/home/airflow/.local/lib/python3.8/site-packages/airflow/models/dagbag.py", line 344, in parse
    loader.exec_module(new_module)
  File "<frozen importlib._bootstrap_external>", line 843, in exec_module
  File "<frozen importlib._bootstrap>", line 219, in _call_with_frames_removed
  File "/opt/airflow/dags/imdb_sentiment.py", line 20, in <module>
    import mlflow
ModuleNotFoundError: No module named 'mlflow'
[2026-04-26T17:56:50.320+0000] {processor.py:842} WARNING - No viable dags retrieved from /opt/airflow/dags/imdb_sentiment.py
[2026-04-26T17:56:50.341+0000] {processor.py:183} INFO - Processing /opt/airflow/dags/imdb_sentiment.py took 0.043 seconds
[2026-04-26T18:13:33.503+0000] {processor.py:161} INFO - Started process (PID=890) to work on /opt/airflow/dags/imdb_sentiment.py
[2026-04-26T18:13:33.505+0000] {processor.py:830} INFO - Processing file /opt/airflow/dags/imdb_sentiment.py for tasks to queue
[2026-04-26T18:13:33.507+0000] {logging_mixin.py:188} INFO - [2026-04-26T18:13:33.507+0000] {dagbag.py:538} INFO - Filling up the DagBag from /opt/airflow/dags/imdb_sentiment.py
[2026-04-26T18:13:33.512+0000] {logging_mixin.py:188} INFO - [2026-04-26T18:13:33.511+0000] {dagbag.py:348} ERROR - Failed to import: /opt/airflow/dags/imdb_sentiment.py
Traceback (most recent call last):
  File "/home/airflow/.local/lib/python3.8/site-packages/airflow/models/dagbag.py", line 344, in parse
    loader.exec_module(new_module)
  File "<frozen importlib._bootstrap_external>", line 843, in exec_module
  File "<frozen importlib._bootstrap>", line 219, in _call_with_frames_removed
  File "/opt/airflow/dags/imdb_sentiment.py", line 20, in <module>
    import mlflow
ModuleNotFoundError: No module named 'mlflow'
[2026-04-26T18:13:33.513+0000] {processor.py:842} WARNING - No viable dags retrieved from /opt/airflow/dags/imdb_sentiment.py
[2026-04-26T18:13:33.531+0000] {processor.py:183} INFO - Processing /opt/airflow/dags/imdb_sentiment.py took 0.031 seconds
[2026-04-26T18:57:21.480+0000] {processor.py:161} INFO - Started process (PID=897) to work on /opt/airflow/dags/imdb_sentiment.py
[2026-04-26T18:57:21.483+0000] {processor.py:830} INFO - Processing file /opt/airflow/dags/imdb_sentiment.py for tasks to queue
[2026-04-26T18:57:21.491+0000] {logging_mixin.py:188} INFO - [2026-04-26T18:57:21.490+0000] {dagbag.py:538} INFO - Filling up the DagBag from /opt/airflow/dags/imdb_sentiment.py
[2026-04-26T18:57:21.510+0000] {logging_mixin.py:188} INFO - [2026-04-26T18:57:21.507+0000] {dagbag.py:348} ERROR - Failed to import: /opt/airflow/dags/imdb_sentiment.py
Traceback (most recent call last):
  File "/home/airflow/.local/lib/python3.8/site-packages/airflow/models/dagbag.py", line 344, in parse
    loader.exec_module(new_module)
  File "<frozen importlib._bootstrap_external>", line 843, in exec_module
  File "<frozen importlib._bootstrap>", line 219, in _call_with_frames_removed
  File "/opt/airflow/dags/imdb_sentiment.py", line 20, in <module>
    import mlflow
ModuleNotFoundError: No module named 'mlflow'
[2026-04-26T18:57:21.516+0000] {processor.py:842} WARNING - No viable dags retrieved from /opt/airflow/dags/imdb_sentiment.py
[2026-04-26T18:57:21.577+0000] {processor.py:183} INFO - Processing /opt/airflow/dags/imdb_sentiment.py took 0.105 seconds
[2026-04-26T18:57:51.732+0000] {processor.py:161} INFO - Started process (PID=904) to work on /opt/airflow/dags/imdb_sentiment.py
[2026-04-26T18:57:51.733+0000] {processor.py:830} INFO - Processing file /opt/airflow/dags/imdb_sentiment.py for tasks to queue
[2026-04-26T18:57:51.736+0000] {logging_mixin.py:188} INFO - [2026-04-26T18:57:51.736+0000] {dagbag.py:538} INFO - Filling up the DagBag from /opt/airflow/dags/imdb_sentiment.py
[2026-04-26T18:57:51.742+0000] {logging_mixin.py:188} INFO - [2026-04-26T18:57:51.741+0000] {dagbag.py:348} ERROR - Failed to import: /opt/airflow/dags/imdb_sentiment.py
Traceback (most recent call last):
  File "/home/airflow/.local/lib/python3.8/site-packages/airflow/models/dagbag.py", line 344, in parse
    loader.exec_module(new_module)
  File "<frozen importlib._bootstrap_external>", line 843, in exec_module
  File "<frozen importlib._bootstrap>", line 219, in _call_with_frames_removed
  File "/opt/airflow/dags/imdb_sentiment.py", line 20, in <module>
    import mlflow
ModuleNotFoundError: No module named 'mlflow'
[2026-04-26T18:57:51.742+0000] {processor.py:842} WARNING - No viable dags retrieved from /opt/airflow/dags/imdb_sentiment.py
[2026-04-26T18:57:51.761+0000] {processor.py:183} INFO - Processing /opt/airflow/dags/imdb_sentiment.py took 0.032 seconds
[2026-04-26T19:12:07.029+0000] {processor.py:161} INFO - Started process (PID=911) to work on /opt/airflow/dags/imdb_sentiment.py
[2026-04-26T19:12:07.030+0000] {processor.py:830} INFO - Processing file /opt/airflow/dags/imdb_sentiment.py for tasks to queue
[2026-04-26T19:12:07.033+0000] {logging_mixin.py:188} INFO - [2026-04-26T19:12:07.033+0000] {dagbag.py:538} INFO - Filling up the DagBag from /opt/airflow/dags/imdb_sentiment.py
[2026-04-26T19:12:07.039+0000] {logging_mixin.py:188} INFO - [2026-04-26T19:12:07.038+0000] {dagbag.py:348} ERROR - Failed to import: /opt/airflow/dags/imdb_sentiment.py
Traceback (most recent call last):
  File "/home/airflow/.local/lib/python3.8/site-packages/airflow/models/dagbag.py", line 344, in parse
    loader.exec_module(new_module)
  File "<frozen importlib._bootstrap_external>", line 843, in exec_module
  File "<frozen importlib._bootstrap>", line 219, in _call_with_frames_removed
  File "/opt/airflow/dags/imdb_sentiment.py", line 20, in <module>
    import mlflow
ModuleNotFoundError: No module named 'mlflow'
[2026-04-26T19:12:07.040+0000] {processor.py:842} WARNING - No viable dags retrieved from /opt/airflow/dags/imdb_sentiment.py
[2026-04-26T19:12:07.064+0000] {processor.py:183} INFO - Processing /opt/airflow/dags/imdb_sentiment.py took 0.038 seconds
[2026-04-26T19:36:12.988+0000] {processor.py:161} INFO - Started process (PID=918) to work on /opt/airflow/dags/imdb_sentiment.py
[2026-04-26T19:36:12.989+0000] {processor.py:830} INFO - Processing file /opt/airflow/dags/imdb_sentiment.py for tasks to queue
[2026-04-26T19:36:12.992+0000] {logging_mixin.py:188} INFO - [2026-04-26T19:36:12.991+0000] {dagbag.py:538} INFO - Filling up the DagBag from /opt/airflow/dags/imdb_sentiment.py
[2026-04-26T19:36:12.997+0000] {logging_mixin.py:188} INFO - [2026-04-26T19:36:12.996+0000] {dagbag.py:348} ERROR - Failed to import: /opt/airflow/dags/imdb_sentiment.py
Traceback (most recent call last):
  File "/home/airflow/.local/lib/python3.8/site-packages/airflow/models/dagbag.py", line 344, in parse
    loader.exec_module(new_module)
  File "<frozen importlib._bootstrap_external>", line 843, in exec_module
  File "<frozen importlib._bootstrap>", line 219, in _call_with_frames_removed
  File "/opt/airflow/dags/imdb_sentiment.py", line 20, in <module>
    import mlflow
ModuleNotFoundError: No module named 'mlflow'
[2026-04-26T19:36:12.997+0000] {processor.py:842} WARNING - No viable dags retrieved from /opt/airflow/dags/imdb_sentiment.py
[2026-04-26T19:36:13.013+0000] {processor.py:183} INFO - Processing /opt/airflow/dags/imdb_sentiment.py took 0.027 seconds
[2026-04-26T19:36:50.660+0000] {processor.py:161} INFO - Started process (PID=925) to work on /opt/airflow/dags/imdb_sentiment.py
[2026-04-26T19:36:50.662+0000] {processor.py:830} INFO - Processing file /opt/airflow/dags/imdb_sentiment.py for tasks to queue
[2026-04-26T19:36:50.666+0000] {logging_mixin.py:188} INFO - [2026-04-26T19:36:50.665+0000] {dagbag.py:538} INFO - Filling up the DagBag from /opt/airflow/dags/imdb_sentiment.py
[2026-04-26T19:36:50.676+0000] {logging_mixin.py:188} INFO - [2026-04-26T19:36:50.674+0000] {dagbag.py:348} ERROR - Failed to import: /opt/airflow/dags/imdb_sentiment.py
Traceback (most recent call last):
  File "/home/airflow/.local/lib/python3.8/site-packages/airflow/models/dagbag.py", line 344, in parse
    loader.exec_module(new_module)
  File "<frozen importlib._bootstrap_external>", line 843, in exec_module
  File "<frozen importlib._bootstrap>", line 219, in _call_with_frames_removed
  File "/opt/airflow/dags/imdb_sentiment.py", line 20, in <module>
    import mlflow
ModuleNotFoundError: No module named 'mlflow'
[2026-04-26T19:36:50.677+0000] {processor.py:842} WARNING - No viable dags retrieved from /opt/airflow/dags/imdb_sentiment.py
[2026-04-26T19:36:50.706+0000] {processor.py:183} INFO - Processing /opt/airflow/dags/imdb_sentiment.py took 0.051 seconds
[2026-04-26T19:54:45.580+0000] {processor.py:161} INFO - Started process (PID=932) to work on /opt/airflow/dags/imdb_sentiment.py
[2026-04-26T19:54:45.582+0000] {processor.py:830} INFO - Processing file /opt/airflow/dags/imdb_sentiment.py for tasks to queue
[2026-04-26T19:54:45.584+0000] {logging_mixin.py:188} INFO - [2026-04-26T19:54:45.584+0000] {dagbag.py:538} INFO - Filling up the DagBag from /opt/airflow/dags/imdb_sentiment.py
[2026-04-26T19:54:45.590+0000] {logging_mixin.py:188} INFO - [2026-04-26T19:54:45.589+0000] {dagbag.py:348} ERROR - Failed to import: /opt/airflow/dags/imdb_sentiment.py
Traceback (most recent call last):
  File "/home/airflow/.local/lib/python3.8/site-packages/airflow/models/dagbag.py", line 344, in parse
    loader.exec_module(new_module)
  File "<frozen importlib._bootstrap_external>", line 843, in exec_module
  File "<frozen importlib._bootstrap>", line 219, in _call_with_frames_removed
  File "/opt/airflow/dags/imdb_sentiment.py", line 20, in <module>
    import mlflow
ModuleNotFoundError: No module named 'mlflow'
[2026-04-26T19:54:45.591+0000] {processor.py:842} WARNING - No viable dags retrieved from /opt/airflow/dags/imdb_sentiment.py
[2026-04-26T19:54:45.609+0000] {processor.py:183} INFO - Processing /opt/airflow/dags/imdb_sentiment.py took 0.031 seconds
[2026-04-26T19:55:16.273+0000] {processor.py:161} INFO - Started process (PID=939) to work on /opt/airflow/dags/imdb_sentiment.py
[2026-04-26T19:55:16.274+0000] {processor.py:830} INFO - Processing file /opt/airflow/dags/imdb_sentiment.py for tasks to queue
[2026-04-26T19:55:16.276+0000] {logging_mixin.py:188} INFO - [2026-04-26T19:55:16.276+0000] {dagbag.py:538} INFO - Filling up the DagBag from /opt/airflow/dags/imdb_sentiment.py
[2026-04-26T19:55:16.281+0000] {logging_mixin.py:188} INFO - [2026-04-26T19:55:16.280+0000] {dagbag.py:348} ERROR - Failed to import: /opt/airflow/dags/imdb_sentiment.py
Traceback (most recent call last):
  File "/home/airflow/.local/lib/python3.8/site-packages/airflow/models/dagbag.py", line 344, in parse
    loader.exec_module(new_module)
  File "<frozen importlib._bootstrap_external>", line 843, in exec_module
  File "<frozen importlib._bootstrap>", line 219, in _call_with_frames_removed
  File "/opt/airflow/dags/imdb_sentiment.py", line 20, in <module>
    import mlflow
ModuleNotFoundError: No module named 'mlflow'
[2026-04-26T19:55:16.282+0000] {processor.py:842} WARNING - No viable dags retrieved from /opt/airflow/dags/imdb_sentiment.py
[2026-04-26T19:55:16.299+0000] {processor.py:183} INFO - Processing /opt/airflow/dags/imdb_sentiment.py took 0.031 seconds
[2026-04-26T19:58:21.423+0000] {processor.py:161} INFO - Started process (PID=946) to work on /opt/airflow/dags/imdb_sentiment.py
[2026-04-26T19:58:21.424+0000] {processor.py:830} INFO - Processing file /opt/airflow/dags/imdb_sentiment.py for tasks to queue
[2026-04-26T19:58:21.427+0000] {logging_mixin.py:188} INFO - [2026-04-26T19:58:21.426+0000] {dagbag.py:538} INFO - Filling up the DagBag from /opt/airflow/dags/imdb_sentiment.py
[2026-04-26T19:58:21.432+0000] {logging_mixin.py:188} INFO - [2026-04-26T19:58:21.431+0000] {dagbag.py:348} ERROR - Failed to import: /opt/airflow/dags/imdb_sentiment.py
Traceback (most recent call last):
  File "/home/airflow/.local/lib/python3.8/site-packages/airflow/models/dagbag.py", line 344, in parse
    loader.exec_module(new_module)
  File "<frozen importlib._bootstrap_external>", line 843, in exec_module
  File "<frozen importlib._bootstrap>", line 219, in _call_with_frames_removed
  File "/opt/airflow/dags/imdb_sentiment.py", line 20, in <module>
    import mlflow
ModuleNotFoundError: No module named 'mlflow'
[2026-04-26T19:58:21.432+0000] {processor.py:842} WARNING - No viable dags retrieved from /opt/airflow/dags/imdb_sentiment.py
[2026-04-26T19:58:21.453+0000] {processor.py:183} INFO - Processing /opt/airflow/dags/imdb_sentiment.py took 0.033 seconds
[2026-04-26T19:58:52.016+0000] {processor.py:161} INFO - Started process (PID=953) to work on /opt/airflow/dags/imdb_sentiment.py
[2026-04-26T19:58:52.017+0000] {processor.py:830} INFO - Processing file /opt/airflow/dags/imdb_sentiment.py for tasks to queue
[2026-04-26T19:58:52.020+0000] {logging_mixin.py:188} INFO - [2026-04-26T19:58:52.019+0000] {dagbag.py:538} INFO - Filling up the DagBag from /opt/airflow/dags/imdb_sentiment.py
[2026-04-26T19:58:52.026+0000] {logging_mixin.py:188} INFO - [2026-04-26T19:58:52.025+0000] {dagbag.py:348} ERROR - Failed to import: /opt/airflow/dags/imdb_sentiment.py
Traceback (most recent call last):
  File "/home/airflow/.local/lib/python3.8/site-packages/airflow/models/dagbag.py", line 344, in parse
    loader.exec_module(new_module)
  File "<frozen importlib._bootstrap_external>", line 843, in exec_module
  File "<frozen importlib._bootstrap>", line 219, in _call_with_frames_removed
  File "/opt/airflow/dags/imdb_sentiment.py", line 20, in <module>
    import mlflow
ModuleNotFoundError: No module named 'mlflow'
[2026-04-26T19:58:52.027+0000] {processor.py:842} WARNING - No viable dags retrieved from /opt/airflow/dags/imdb_sentiment.py
[2026-04-26T19:58:52.042+0000] {processor.py:183} INFO - Processing /opt/airflow/dags/imdb_sentiment.py took 0.030 seconds
[2026-04-26T20:59:29.591+0000] {processor.py:161} INFO - Started process (PID=960) to work on /opt/airflow/dags/imdb_sentiment.py
[2026-04-26T20:59:29.594+0000] {processor.py:830} INFO - Processing file /opt/airflow/dags/imdb_sentiment.py for tasks to queue
[2026-04-26T20:59:29.601+0000] {logging_mixin.py:188} INFO - [2026-04-26T20:59:29.600+0000] {dagbag.py:538} INFO - Filling up the DagBag from /opt/airflow/dags/imdb_sentiment.py
[2026-04-26T20:59:29.614+0000] {logging_mixin.py:188} INFO - [2026-04-26T20:59:29.611+0000] {dagbag.py:348} ERROR - Failed to import: /opt/airflow/dags/imdb_sentiment.py
Traceback (most recent call last):
  File "/home/airflow/.local/lib/python3.8/site-packages/airflow/models/dagbag.py", line 344, in parse
    loader.exec_module(new_module)
  File "<frozen importlib._bootstrap_external>", line 843, in exec_module
  File "<frozen importlib._bootstrap>", line 219, in _call_with_frames_removed
  File "/opt/airflow/dags/imdb_sentiment.py", line 20, in <module>
    import mlflow
ModuleNotFoundError: No module named 'mlflow'
[2026-04-26T20:59:29.615+0000] {processor.py:842} WARNING - No viable dags retrieved from /opt/airflow/dags/imdb_sentiment.py
[2026-04-26T20:59:29.650+0000] {processor.py:183} INFO - Processing /opt/airflow/dags/imdb_sentiment.py took 0.063 seconds
[2026-04-26T21:16:33.515+0000] {processor.py:161} INFO - Started process (PID=967) to work on /opt/airflow/dags/imdb_sentiment.py
[2026-04-26T21:16:33.516+0000] {processor.py:830} INFO - Processing file /opt/airflow/dags/imdb_sentiment.py for tasks to queue
[2026-04-26T21:16:33.517+0000] {logging_mixin.py:188} INFO - [2026-04-26T21:16:33.517+0000] {dagbag.py:538} INFO - Filling up the DagBag from /opt/airflow/dags/imdb_sentiment.py
[2026-04-26T21:16:33.520+0000] {logging_mixin.py:188} INFO - [2026-04-26T21:16:33.520+0000] {dagbag.py:348} ERROR - Failed to import: /opt/airflow/dags/imdb_sentiment.py
Traceback (most recent call last):
  File "/home/airflow/.local/lib/python3.8/site-packages/airflow/models/dagbag.py", line 344, in parse
    loader.exec_module(new_module)
  File "<frozen importlib._bootstrap_external>", line 843, in exec_module
  File "<frozen importlib._bootstrap>", line 219, in _call_with_frames_removed
  File "/opt/airflow/dags/imdb_sentiment.py", line 20, in <module>
    import mlflow
ModuleNotFoundError: No module named 'mlflow'
[2026-04-26T21:16:33.521+0000] {processor.py:842} WARNING - No viable dags retrieved from /opt/airflow/dags/imdb_sentiment.py
[2026-04-26T21:16:33.538+0000] {processor.py:183} INFO - Processing /opt/airflow/dags/imdb_sentiment.py took 0.026 seconds
[2026-04-26T21:55:51.610+0000] {processor.py:161} INFO - Started process (PID=974) to work on /opt/airflow/dags/imdb_sentiment.py
[2026-04-26T21:55:51.611+0000] {processor.py:830} INFO - Processing file /opt/airflow/dags/imdb_sentiment.py for tasks to queue
[2026-04-26T21:55:51.613+0000] {logging_mixin.py:188} INFO - [2026-04-26T21:55:51.613+0000] {dagbag.py:538} INFO - Filling up the DagBag from /opt/airflow/dags/imdb_sentiment.py
[2026-04-26T21:55:51.619+0000] {logging_mixin.py:188} INFO - [2026-04-26T21:55:51.617+0000] {dagbag.py:348} ERROR - Failed to import: /opt/airflow/dags/imdb_sentiment.py
Traceback (most recent call last):
  File "/home/airflow/.local/lib/python3.8/site-packages/airflow/models/dagbag.py", line 344, in parse
    loader.exec_module(new_module)
  File "<frozen importlib._bootstrap_external>", line 843, in exec_module
  File "<frozen importlib._bootstrap>", line 219, in _call_with_frames_removed
  File "/opt/airflow/dags/imdb_sentiment.py", line 20, in <module>
    import mlflow
ModuleNotFoundError: No module named 'mlflow'
[2026-04-26T21:55:51.619+0000] {processor.py:842} WARNING - No viable dags retrieved from /opt/airflow/dags/imdb_sentiment.py
[2026-04-26T21:55:51.639+0000] {processor.py:183} INFO - Processing /opt/airflow/dags/imdb_sentiment.py took 0.031 seconds
[2026-04-26T22:00:17.853+0000] {processor.py:161} INFO - Started process (PID=981) to work on /opt/airflow/dags/imdb_sentiment.py
[2026-04-26T22:00:17.855+0000] {processor.py:830} INFO - Processing file /opt/airflow/dags/imdb_sentiment.py for tasks to queue
[2026-04-26T22:00:17.857+0000] {logging_mixin.py:188} INFO - [2026-04-26T22:00:17.857+0000] {dagbag.py:538} INFO - Filling up the DagBag from /opt/airflow/dags/imdb_sentiment.py
[2026-04-26T22:00:17.864+0000] {logging_mixin.py:188} INFO - [2026-04-26T22:00:17.862+0000] {dagbag.py:348} ERROR - Failed to import: /opt/airflow/dags/imdb_sentiment.py
Traceback (most recent call last):
  File "/home/airflow/.local/lib/python3.8/site-packages/airflow/models/dagbag.py", line 344, in parse
    loader.exec_module(new_module)
  File "<frozen importlib._bootstrap_external>", line 843, in exec_module
  File "<frozen importlib._bootstrap>", line 219, in _call_with_frames_removed
  File "/opt/airflow/dags/imdb_sentiment.py", line 20, in <module>
    import mlflow
ModuleNotFoundError: No module named 'mlflow'
[2026-04-26T22:00:17.864+0000] {processor.py:842} WARNING - No viable dags retrieved from /opt/airflow/dags/imdb_sentiment.py
[2026-04-26T22:00:17.882+0000] {processor.py:183} INFO - Processing /opt/airflow/dags/imdb_sentiment.py took 0.034 seconds
[2026-04-26T22:08:47.033+0000] {processor.py:161} INFO - Started process (PID=988) to work on /opt/airflow/dags/imdb_sentiment.py
[2026-04-26T22:08:47.034+0000] {processor.py:830} INFO - Processing file /opt/airflow/dags/imdb_sentiment.py for tasks to queue
[2026-04-26T22:08:47.037+0000] {logging_mixin.py:188} INFO - [2026-04-26T22:08:47.037+0000] {dagbag.py:538} INFO - Filling up the DagBag from /opt/airflow/dags/imdb_sentiment.py
[2026-04-26T22:08:47.042+0000] {logging_mixin.py:188} INFO - [2026-04-26T22:08:47.040+0000] {dagbag.py:348} ERROR - Failed to import: /opt/airflow/dags/imdb_sentiment.py
Traceback (most recent call last):
  File "/home/airflow/.local/lib/python3.8/site-packages/airflow/models/dagbag.py", line 344, in parse
    loader.exec_module(new_module)
  File "<frozen importlib._bootstrap_external>", line 843, in exec_module
  File "<frozen importlib._bootstrap>", line 219, in _call_with_frames_removed
  File "/opt/airflow/dags/imdb_sentiment.py", line 20, in <module>
    import mlflow
ModuleNotFoundError: No module named 'mlflow'
[2026-04-26T22:08:47.042+0000] {processor.py:842} WARNING - No viable dags retrieved from /opt/airflow/dags/imdb_sentiment.py
[2026-04-26T22:08:47.057+0000] {processor.py:183} INFO - Processing /opt/airflow/dags/imdb_sentiment.py took 0.026 seconds
[2026-04-26T22:27:21.574+0000] {processor.py:161} INFO - Started process (PID=995) to work on /opt/airflow/dags/imdb_sentiment.py
[2026-04-26T22:27:21.576+0000] {processor.py:830} INFO - Processing file /opt/airflow/dags/imdb_sentiment.py for tasks to queue
[2026-04-26T22:27:21.580+0000] {logging_mixin.py:188} INFO - [2026-04-26T22:27:21.579+0000] {dagbag.py:538} INFO - Filling up the DagBag from /opt/airflow/dags/imdb_sentiment.py
[2026-04-26T22:27:21.589+0000] {logging_mixin.py:188} INFO - [2026-04-26T22:27:21.586+0000] {dagbag.py:348} ERROR - Failed to import: /opt/airflow/dags/imdb_sentiment.py
Traceback (most recent call last):
  File "/home/airflow/.local/lib/python3.8/site-packages/airflow/models/dagbag.py", line 344, in parse
    loader.exec_module(new_module)
  File "<frozen importlib._bootstrap_external>", line 843, in exec_module
  File "<frozen importlib._bootstrap>", line 219, in _call_with_frames_removed
  File "/opt/airflow/dags/imdb_sentiment.py", line 20, in <module>
    import mlflow
ModuleNotFoundError: No module named 'mlflow'
[2026-04-26T22:27:21.590+0000] {processor.py:842} WARNING - No viable dags retrieved from /opt/airflow/dags/imdb_sentiment.py
[2026-04-26T22:27:21.617+0000] {processor.py:183} INFO - Processing /opt/airflow/dags/imdb_sentiment.py took 0.046 seconds
[2026-04-26T22:27:52.317+0000] {processor.py:161} INFO - Started process (PID=1002) to work on /opt/airflow/dags/imdb_sentiment.py
[2026-04-26T22:27:52.319+0000] {processor.py:830} INFO - Processing file /opt/airflow/dags/imdb_sentiment.py for tasks to queue
[2026-04-26T22:27:52.323+0000] {logging_mixin.py:188} INFO - [2026-04-26T22:27:52.322+0000] {dagbag.py:538} INFO - Filling up the DagBag from /opt/airflow/dags/imdb_sentiment.py
[2026-04-26T22:27:52.336+0000] {logging_mixin.py:188} INFO - [2026-04-26T22:27:52.333+0000] {dagbag.py:348} ERROR - Failed to import: /opt/airflow/dags/imdb_sentiment.py
Traceback (most recent call last):
  File "/home/airflow/.local/lib/python3.8/site-packages/airflow/models/dagbag.py", line 344, in parse
    loader.exec_module(new_module)
  File "<frozen importlib._bootstrap_external>", line 843, in exec_module
  File "<frozen importlib._bootstrap>", line 219, in _call_with_frames_removed
  File "/opt/airflow/dags/imdb_sentiment.py", line 20, in <module>
    import mlflow
ModuleNotFoundError: No module named 'mlflow'
[2026-04-26T22:27:52.336+0000] {processor.py:842} WARNING - No viable dags retrieved from /opt/airflow/dags/imdb_sentiment.py
[2026-04-26T22:27:52.357+0000] {processor.py:183} INFO - Processing /opt/airflow/dags/imdb_sentiment.py took 0.044 seconds
[2026-04-26T22:28:22.927+0000] {processor.py:161} INFO - Started process (PID=1009) to work on /opt/airflow/dags/imdb_sentiment.py
[2026-04-26T22:28:22.929+0000] {processor.py:830} INFO - Processing file /opt/airflow/dags/imdb_sentiment.py for tasks to queue
[2026-04-26T22:28:22.932+0000] {logging_mixin.py:188} INFO - [2026-04-26T22:28:22.932+0000] {dagbag.py:538} INFO - Filling up the DagBag from /opt/airflow/dags/imdb_sentiment.py
[2026-04-26T22:28:22.939+0000] {logging_mixin.py:188} INFO - [2026-04-26T22:28:22.938+0000] {dagbag.py:348} ERROR - Failed to import: /opt/airflow/dags/imdb_sentiment.py
Traceback (most recent call last):
  File "/home/airflow/.local/lib/python3.8/site-packages/airflow/models/dagbag.py", line 344, in parse
    loader.exec_module(new_module)
  File "<frozen importlib._bootstrap_external>", line 843, in exec_module
  File "<frozen importlib._bootstrap>", line 219, in _call_with_frames_removed
  File "/opt/airflow/dags/imdb_sentiment.py", line 20, in <module>
    import mlflow
ModuleNotFoundError: No module named 'mlflow'
[2026-04-26T22:28:22.939+0000] {processor.py:842} WARNING - No viable dags retrieved from /opt/airflow/dags/imdb_sentiment.py
[2026-04-26T22:28:22.956+0000] {processor.py:183} INFO - Processing /opt/airflow/dags/imdb_sentiment.py took 0.034 seconds
[2026-04-26T22:28:53.496+0000] {processor.py:161} INFO - Started process (PID=1016) to work on /opt/airflow/dags/imdb_sentiment.py
[2026-04-26T22:28:53.498+0000] {processor.py:830} INFO - Processing file /opt/airflow/dags/imdb_sentiment.py for tasks to queue
[2026-04-26T22:28:53.500+0000] {logging_mixin.py:188} INFO - [2026-04-26T22:28:53.500+0000] {dagbag.py:538} INFO - Filling up the DagBag from /opt/airflow/dags/imdb_sentiment.py
[2026-04-26T22:28:53.507+0000] {logging_mixin.py:188} INFO - [2026-04-26T22:28:53.506+0000] {dagbag.py:348} ERROR - Failed to import: /opt/airflow/dags/imdb_sentiment.py
Traceback (most recent call last):
  File "/home/airflow/.local/lib/python3.8/site-packages/airflow/models/dagbag.py", line 344, in parse
    loader.exec_module(new_module)
  File "<frozen importlib._bootstrap_external>", line 843, in exec_module
  File "<frozen importlib._bootstrap>", line 219, in _call_with_frames_removed
  File "/opt/airflow/dags/imdb_sentiment.py", line 20, in <module>
    import mlflow
ModuleNotFoundError: No module named 'mlflow'
[2026-04-26T22:28:53.507+0000] {processor.py:842} WARNING - No viable dags retrieved from /opt/airflow/dags/imdb_sentiment.py
[2026-04-26T22:28:53.527+0000] {processor.py:183} INFO - Processing /opt/airflow/dags/imdb_sentiment.py took 0.036 seconds
[2026-04-26T22:29:24.098+0000] {processor.py:161} INFO - Started process (PID=1023) to work on /opt/airflow/dags/imdb_sentiment.py
[2026-04-26T22:29:24.099+0000] {processor.py:830} INFO - Processing file /opt/airflow/dags/imdb_sentiment.py for tasks to queue
[2026-04-26T22:29:24.103+0000] {logging_mixin.py:188} INFO - [2026-04-26T22:29:24.103+0000] {dagbag.py:538} INFO - Filling up the DagBag from /opt/airflow/dags/imdb_sentiment.py
[2026-04-26T22:29:24.110+0000] {logging_mixin.py:188} INFO - [2026-04-26T22:29:24.108+0000] {dagbag.py:348} ERROR - Failed to import: /opt/airflow/dags/imdb_sentiment.py
Traceback (most recent call last):
  File "/home/airflow/.local/lib/python3.8/site-packages/airflow/models/dagbag.py", line 344, in parse
    loader.exec_module(new_module)
  File "<frozen importlib._bootstrap_external>", line 843, in exec_module
  File "<frozen importlib._bootstrap>", line 219, in _call_with_frames_removed
  File "/opt/airflow/dags/imdb_sentiment.py", line 20, in <module>
    import mlflow
ModuleNotFoundError: No module named 'mlflow'
[2026-04-26T22:29:24.111+0000] {processor.py:842} WARNING - No viable dags retrieved from /opt/airflow/dags/imdb_sentiment.py
[2026-04-26T22:29:24.129+0000] {processor.py:183} INFO - Processing /opt/airflow/dags/imdb_sentiment.py took 0.035 seconds
[2026-04-26T22:29:54.700+0000] {processor.py:161} INFO - Started process (PID=1030) to work on /opt/airflow/dags/imdb_sentiment.py
[2026-04-26T22:29:54.703+0000] {processor.py:830} INFO - Processing file /opt/airflow/dags/imdb_sentiment.py for tasks to queue
[2026-04-26T22:29:54.707+0000] {logging_mixin.py:188} INFO - [2026-04-26T22:29:54.706+0000] {dagbag.py:538} INFO - Filling up the DagBag from /opt/airflow/dags/imdb_sentiment.py
[2026-04-26T22:29:54.717+0000] {logging_mixin.py:188} INFO - [2026-04-26T22:29:54.714+0000] {dagbag.py:348} ERROR - Failed to import: /opt/airflow/dags/imdb_sentiment.py
Traceback (most recent call last):
  File "/home/airflow/.local/lib/python3.8/site-packages/airflow/models/dagbag.py", line 344, in parse
    loader.exec_module(new_module)
  File "<frozen importlib._bootstrap_external>", line 843, in exec_module
  File "<frozen importlib._bootstrap>", line 219, in _call_with_frames_removed
  File "/opt/airflow/dags/imdb_sentiment.py", line 20, in <module>
    import mlflow
ModuleNotFoundError: No module named 'mlflow'
[2026-04-26T22:29:54.718+0000] {processor.py:842} WARNING - No viable dags retrieved from /opt/airflow/dags/imdb_sentiment.py
[2026-04-26T22:29:54.746+0000] {processor.py:183} INFO - Processing /opt/airflow/dags/imdb_sentiment.py took 0.051 seconds
[2026-04-26T22:30:25.259+0000] {processor.py:161} INFO - Started process (PID=1037) to work on /opt/airflow/dags/imdb_sentiment.py
[2026-04-26T22:30:25.260+0000] {processor.py:830} INFO - Processing file /opt/airflow/dags/imdb_sentiment.py for tasks to queue
[2026-04-26T22:30:25.264+0000] {logging_mixin.py:188} INFO - [2026-04-26T22:30:25.264+0000] {dagbag.py:538} INFO - Filling up the DagBag from /opt/airflow/dags/imdb_sentiment.py
[2026-04-26T22:30:25.270+0000] {logging_mixin.py:188} INFO - [2026-04-26T22:30:25.269+0000] {dagbag.py:348} ERROR - Failed to import: /opt/airflow/dags/imdb_sentiment.py
Traceback (most recent call last):
  File "/home/airflow/.local/lib/python3.8/site-packages/airflow/models/dagbag.py", line 344, in parse
    loader.exec_module(new_module)
  File "<frozen importlib._bootstrap_external>", line 843, in exec_module
  File "<frozen importlib._bootstrap>", line 219, in _call_with_frames_removed
  File "/opt/airflow/dags/imdb_sentiment.py", line 20, in <module>
    import mlflow
ModuleNotFoundError: No module named 'mlflow'
[2026-04-26T22:30:25.271+0000] {processor.py:842} WARNING - No viable dags retrieved from /opt/airflow/dags/imdb_sentiment.py
[2026-04-26T22:30:25.290+0000] {processor.py:183} INFO - Processing /opt/airflow/dags/imdb_sentiment.py took 0.035 seconds
[2026-04-26T22:30:55.829+0000] {processor.py:161} INFO - Started process (PID=1044) to work on /opt/airflow/dags/imdb_sentiment.py
[2026-04-26T22:30:55.830+0000] {processor.py:830} INFO - Processing file /opt/airflow/dags/imdb_sentiment.py for tasks to queue
[2026-04-26T22:30:55.832+0000] {logging_mixin.py:188} INFO - [2026-04-26T22:30:55.831+0000] {dagbag.py:538} INFO - Filling up the DagBag from /opt/airflow/dags/imdb_sentiment.py
[2026-04-26T22:30:55.839+0000] {logging_mixin.py:188} INFO - [2026-04-26T22:30:55.838+0000] {dagbag.py:348} ERROR - Failed to import: /opt/airflow/dags/imdb_sentiment.py
Traceback (most recent call last):
  File "/home/airflow/.local/lib/python3.8/site-packages/airflow/models/dagbag.py", line 344, in parse
    loader.exec_module(new_module)
  File "<frozen importlib._bootstrap_external>", line 843, in exec_module
  File "<frozen importlib._bootstrap>", line 219, in _call_with_frames_removed
  File "/opt/airflow/dags/imdb_sentiment.py", line 20, in <module>
    import mlflow
ModuleNotFoundError: No module named 'mlflow'
[2026-04-26T22:30:55.840+0000] {processor.py:842} WARNING - No viable dags retrieved from /opt/airflow/dags/imdb_sentiment.py
[2026-04-26T22:30:55.858+0000] {processor.py:183} INFO - Processing /opt/airflow/dags/imdb_sentiment.py took 0.033 seconds
[2026-04-26T22:31:26.406+0000] {processor.py:161} INFO - Started process (PID=1051) to work on /opt/airflow/dags/imdb_sentiment.py
[2026-04-26T22:31:26.407+0000] {processor.py:830} INFO - Processing file /opt/airflow/dags/imdb_sentiment.py for tasks to queue
[2026-04-26T22:31:26.409+0000] {logging_mixin.py:188} INFO - [2026-04-26T22:31:26.409+0000] {dagbag.py:538} INFO - Filling up the DagBag from /opt/airflow/dags/imdb_sentiment.py
[2026-04-26T22:31:26.414+0000] {logging_mixin.py:188} INFO - [2026-04-26T22:31:26.413+0000] {dagbag.py:348} ERROR - Failed to import: /opt/airflow/dags/imdb_sentiment.py
Traceback (most recent call last):
  File "/home/airflow/.local/lib/python3.8/site-packages/airflow/models/dagbag.py", line 344, in parse
    loader.exec_module(new_module)
  File "<frozen importlib._bootstrap_external>", line 843, in exec_module
  File "<frozen importlib._bootstrap>", line 219, in _call_with_frames_removed
  File "/opt/airflow/dags/imdb_sentiment.py", line 20, in <module>
    import mlflow
ModuleNotFoundError: No module named 'mlflow'
[2026-04-26T22:31:26.415+0000] {processor.py:842} WARNING - No viable dags retrieved from /opt/airflow/dags/imdb_sentiment.py
[2026-04-26T22:31:26.438+0000] {processor.py:183} INFO - Processing /opt/airflow/dags/imdb_sentiment.py took 0.034 seconds
[2026-04-26T22:33:29.087+0000] {processor.py:161} INFO - Started process (PID=1058) to work on /opt/airflow/dags/imdb_sentiment.py
[2026-04-26T22:33:29.088+0000] {processor.py:830} INFO - Processing file /opt/airflow/dags/imdb_sentiment.py for tasks to queue
[2026-04-26T22:33:29.090+0000] {logging_mixin.py:188} INFO - [2026-04-26T22:33:29.090+0000] {dagbag.py:538} INFO - Filling up the DagBag from /opt/airflow/dags/imdb_sentiment.py
[2026-04-26T22:33:29.096+0000] {logging_mixin.py:188} INFO - [2026-04-26T22:33:29.094+0000] {dagbag.py:348} ERROR - Failed to import: /opt/airflow/dags/imdb_sentiment.py
Traceback (most recent call last):
  File "/home/airflow/.local/lib/python3.8/site-packages/airflow/models/dagbag.py", line 344, in parse
    loader.exec_module(new_module)
  File "<frozen importlib._bootstrap_external>", line 843, in exec_module
  File "<frozen importlib._bootstrap>", line 219, in _call_with_frames_removed
  File "/opt/airflow/dags/imdb_sentiment.py", line 20, in <module>
    import mlflow
ModuleNotFoundError: No module named 'mlflow'
[2026-04-26T22:33:29.096+0000] {processor.py:842} WARNING - No viable dags retrieved from /opt/airflow/dags/imdb_sentiment.py
[2026-04-26T22:33:29.112+0000] {processor.py:183} INFO - Processing /opt/airflow/dags/imdb_sentiment.py took 0.028 seconds
[2026-04-26T22:34:11.284+0000] {processor.py:161} INFO - Started process (PID=1065) to work on /opt/airflow/dags/imdb_sentiment.py
[2026-04-26T22:34:11.287+0000] {processor.py:830} INFO - Processing file /opt/airflow/dags/imdb_sentiment.py for tasks to queue
[2026-04-26T22:34:11.288+0000] {logging_mixin.py:188} INFO - [2026-04-26T22:34:11.288+0000] {dagbag.py:538} INFO - Filling up the DagBag from /opt/airflow/dags/imdb_sentiment.py
[2026-04-26T22:34:11.293+0000] {logging_mixin.py:188} INFO - [2026-04-26T22:34:11.293+0000] {dagbag.py:348} ERROR - Failed to import: /opt/airflow/dags/imdb_sentiment.py
Traceback (most recent call last):
  File "/home/airflow/.local/lib/python3.8/site-packages/airflow/models/dagbag.py", line 344, in parse
    loader.exec_module(new_module)
  File "<frozen importlib._bootstrap_external>", line 843, in exec_module
  File "<frozen importlib._bootstrap>", line 219, in _call_with_frames_removed
  File "/opt/airflow/dags/imdb_sentiment.py", line 20, in <module>
    import mlflow
ModuleNotFoundError: No module named 'mlflow'
[2026-04-26T22:34:11.293+0000] {processor.py:842} WARNING - No viable dags retrieved from /opt/airflow/dags/imdb_sentiment.py
[2026-04-26T22:34:11.309+0000] {processor.py:183} INFO - Processing /opt/airflow/dags/imdb_sentiment.py took 0.028 seconds
[2026-04-26T23:05:14.804+0000] {processor.py:161} INFO - Started process (PID=1072) to work on /opt/airflow/dags/imdb_sentiment.py
[2026-04-26T23:05:14.806+0000] {processor.py:830} INFO - Processing file /opt/airflow/dags/imdb_sentiment.py for tasks to queue
[2026-04-26T23:05:14.812+0000] {logging_mixin.py:188} INFO - [2026-04-26T23:05:14.810+0000] {dagbag.py:538} INFO - Filling up the DagBag from /opt/airflow/dags/imdb_sentiment.py
[2026-04-26T23:05:14.824+0000] {logging_mixin.py:188} INFO - [2026-04-26T23:05:14.822+0000] {dagbag.py:348} ERROR - Failed to import: /opt/airflow/dags/imdb_sentiment.py
Traceback (most recent call last):
  File "/home/airflow/.local/lib/python3.8/site-packages/airflow/models/dagbag.py", line 344, in parse
    loader.exec_module(new_module)
  File "<frozen importlib._bootstrap_external>", line 843, in exec_module
  File "<frozen importlib._bootstrap>", line 219, in _call_with_frames_removed
  File "/opt/airflow/dags/imdb_sentiment.py", line 20, in <module>
    import mlflow
ModuleNotFoundError: No module named 'mlflow'
[2026-04-26T23:05:14.824+0000] {processor.py:842} WARNING - No viable dags retrieved from /opt/airflow/dags/imdb_sentiment.py
[2026-04-26T23:05:14.853+0000] {processor.py:183} INFO - Processing /opt/airflow/dags/imdb_sentiment.py took 0.055 seconds
[2026-04-26T23:59:33.821+0000] {processor.py:161} INFO - Started process (PID=1079) to work on /opt/airflow/dags/imdb_sentiment.py
[2026-04-26T23:59:33.822+0000] {processor.py:830} INFO - Processing file /opt/airflow/dags/imdb_sentiment.py for tasks to queue
[2026-04-26T23:59:33.825+0000] {logging_mixin.py:188} INFO - [2026-04-26T23:59:33.825+0000] {dagbag.py:538} INFO - Filling up the DagBag from /opt/airflow/dags/imdb_sentiment.py
[2026-04-26T23:59:33.831+0000] {logging_mixin.py:188} INFO - [2026-04-26T23:59:33.830+0000] {dagbag.py:348} ERROR - Failed to import: /opt/airflow/dags/imdb_sentiment.py
Traceback (most recent call last):
  File "/home/airflow/.local/lib/python3.8/site-packages/airflow/models/dagbag.py", line 344, in parse
    loader.exec_module(new_module)
  File "<frozen importlib._bootstrap_external>", line 843, in exec_module
  File "<frozen importlib._bootstrap>", line 219, in _call_with_frames_removed
  File "/opt/airflow/dags/imdb_sentiment.py", line 20, in <module>
    import mlflow
ModuleNotFoundError: No module named 'mlflow'
[2026-04-26T23:59:33.831+0000] {processor.py:842} WARNING - No viable dags retrieved from /opt/airflow/dags/imdb_sentiment.py
[2026-04-26T23:59:33.849+0000] {processor.py:183} INFO - Processing /opt/airflow/dags/imdb_sentiment.py took 0.030 seconds
