[2026-04-26T00:07:55.626+0000] {processor.py:161} INFO - Started process (PID=599) to work on /opt/airflow/dags/spam_email_etl.py
[2026-04-26T00:07:55.629+0000] {processor.py:830} INFO - Processing file /opt/airflow/dags/spam_email_etl.py for tasks to queue
[2026-04-26T00:07:55.633+0000] {logging_mixin.py:188} INFO - [2026-04-26T00:07:55.632+0000] {dagbag.py:538} INFO - Filling up the DagBag from /opt/airflow/dags/spam_email_etl.py
[2026-04-26T00:07:55.655+0000] {processor.py:840} INFO - DAG(s) 'spam_email_etl' retrieved from /opt/airflow/dags/spam_email_etl.py
[2026-04-26T00:07:55.728+0000] {logging_mixin.py:188} INFO - [2026-04-26T00:07:55.727+0000] {dag.py:3036} INFO - Sync 1 DAGs
[2026-04-26T00:07:55.785+0000] {logging_mixin.py:188} INFO - [2026-04-26T00:07:55.784+0000] {dag.py:3823} INFO - Setting next_dagrun for spam_email_etl to 2026-04-26 00:00:00+00:00, run_after=2026-04-27 00:00:00+00:00
[2026-04-26T00:07:56.096+0000] {processor.py:183} INFO - Processing /opt/airflow/dags/spam_email_etl.py took 0.475 seconds
[2026-04-26T00:08:26.925+0000] {processor.py:161} INFO - Started process (PID=606) to work on /opt/airflow/dags/spam_email_etl.py
[2026-04-26T00:08:26.927+0000] {processor.py:830} INFO - Processing file /opt/airflow/dags/spam_email_etl.py for tasks to queue
[2026-04-26T00:08:26.930+0000] {logging_mixin.py:188} INFO - [2026-04-26T00:08:26.929+0000] {dagbag.py:538} INFO - Filling up the DagBag from /opt/airflow/dags/spam_email_etl.py
[2026-04-26T00:08:26.942+0000] {processor.py:840} INFO - DAG(s) 'spam_email_etl' retrieved from /opt/airflow/dags/spam_email_etl.py
[2026-04-26T00:08:26.961+0000] {logging_mixin.py:188} INFO - [2026-04-26T00:08:26.961+0000] {dag.py:3036} INFO - Sync 1 DAGs
[2026-04-26T00:08:26.978+0000] {logging_mixin.py:188} INFO - [2026-04-26T00:08:26.978+0000] {dag.py:3823} INFO - Setting next_dagrun for spam_email_etl to 2026-04-26 00:00:00+00:00, run_after=2026-04-27 00:00:00+00:00
[2026-04-26T00:08:26.998+0000] {processor.py:183} INFO - Processing /opt/airflow/dags/spam_email_etl.py took 0.078 seconds
[2026-04-26T00:59:09.529+0000] {processor.py:161} INFO - Started process (PID=613) to work on /opt/airflow/dags/spam_email_etl.py
[2026-04-26T00:59:09.530+0000] {processor.py:830} INFO - Processing file /opt/airflow/dags/spam_email_etl.py for tasks to queue
[2026-04-26T00:59:09.534+0000] {logging_mixin.py:188} INFO - [2026-04-26T00:59:09.534+0000] {dagbag.py:538} INFO - Filling up the DagBag from /opt/airflow/dags/spam_email_etl.py
[2026-04-26T00:59:09.550+0000] {processor.py:840} INFO - DAG(s) 'spam_email_etl' retrieved from /opt/airflow/dags/spam_email_etl.py
[2026-04-26T00:59:09.587+0000] {logging_mixin.py:188} INFO - [2026-04-26T00:59:09.587+0000] {dag.py:3036} INFO - Sync 1 DAGs
[2026-04-26T00:59:09.608+0000] {logging_mixin.py:188} INFO - [2026-04-26T00:59:09.608+0000] {dag.py:3823} INFO - Setting next_dagrun for spam_email_etl to 2026-04-26 00:00:00+00:00, run_after=2026-04-27 00:00:00+00:00
[2026-04-26T00:59:09.629+0000] {processor.py:183} INFO - Processing /opt/airflow/dags/spam_email_etl.py took 0.104 seconds
[2026-04-26T01:25:50.695+0000] {processor.py:161} INFO - Started process (PID=620) to work on /opt/airflow/dags/spam_email_etl.py
[2026-04-26T01:25:50.696+0000] {processor.py:830} INFO - Processing file /opt/airflow/dags/spam_email_etl.py for tasks to queue
[2026-04-26T01:25:50.700+0000] {logging_mixin.py:188} INFO - [2026-04-26T01:25:50.700+0000] {dagbag.py:538} INFO - Filling up the DagBag from /opt/airflow/dags/spam_email_etl.py
[2026-04-26T01:25:50.713+0000] {processor.py:840} INFO - DAG(s) 'spam_email_etl' retrieved from /opt/airflow/dags/spam_email_etl.py
[2026-04-26T01:25:50.737+0000] {logging_mixin.py:188} INFO - [2026-04-26T01:25:50.736+0000] {dag.py:3036} INFO - Sync 1 DAGs
[2026-04-26T01:25:50.756+0000] {logging_mixin.py:188} INFO - [2026-04-26T01:25:50.756+0000] {dag.py:3823} INFO - Setting next_dagrun for spam_email_etl to 2026-04-26 00:00:00+00:00, run_after=2026-04-27 00:00:00+00:00
[2026-04-26T01:25:50.775+0000] {processor.py:183} INFO - Processing /opt/airflow/dags/spam_email_etl.py took 0.084 seconds
[2026-04-26T01:36:56.339+0000] {processor.py:161} INFO - Started process (PID=627) to work on /opt/airflow/dags/spam_email_etl.py
[2026-04-26T01:36:56.340+0000] {processor.py:830} INFO - Processing file /opt/airflow/dags/spam_email_etl.py for tasks to queue
[2026-04-26T01:36:56.342+0000] {logging_mixin.py:188} INFO - [2026-04-26T01:36:56.342+0000] {dagbag.py:538} INFO - Filling up the DagBag from /opt/airflow/dags/spam_email_etl.py
[2026-04-26T01:36:56.354+0000] {processor.py:840} INFO - DAG(s) 'spam_email_etl' retrieved from /opt/airflow/dags/spam_email_etl.py
[2026-04-26T01:36:56.379+0000] {logging_mixin.py:188} INFO - [2026-04-26T01:36:56.379+0000] {dag.py:3036} INFO - Sync 1 DAGs
[2026-04-26T01:36:56.401+0000] {logging_mixin.py:188} INFO - [2026-04-26T01:36:56.401+0000] {dag.py:3823} INFO - Setting next_dagrun for spam_email_etl to 2026-04-26 00:00:00+00:00, run_after=2026-04-27 00:00:00+00:00
[2026-04-26T01:36:56.426+0000] {processor.py:183} INFO - Processing /opt/airflow/dags/spam_email_etl.py took 0.089 seconds
[2026-04-26T02:10:07.110+0000] {processor.py:161} INFO - Started process (PID=634) to work on /opt/airflow/dags/spam_email_etl.py
[2026-04-26T02:10:07.111+0000] {processor.py:830} INFO - Processing file /opt/airflow/dags/spam_email_etl.py for tasks to queue
[2026-04-26T02:10:07.114+0000] {logging_mixin.py:188} INFO - [2026-04-26T02:10:07.114+0000] {dagbag.py:538} INFO - Filling up the DagBag from /opt/airflow/dags/spam_email_etl.py
[2026-04-26T02:10:07.132+0000] {processor.py:840} INFO - DAG(s) 'spam_email_etl' retrieved from /opt/airflow/dags/spam_email_etl.py
[2026-04-26T02:10:07.156+0000] {logging_mixin.py:188} INFO - [2026-04-26T02:10:07.156+0000] {dag.py:3036} INFO - Sync 1 DAGs
[2026-04-26T02:10:07.181+0000] {logging_mixin.py:188} INFO - [2026-04-26T02:10:07.181+0000] {dag.py:3823} INFO - Setting next_dagrun for spam_email_etl to 2026-04-26 00:00:00+00:00, run_after=2026-04-27 00:00:00+00:00
[2026-04-26T02:10:07.206+0000] {processor.py:183} INFO - Processing /opt/airflow/dags/spam_email_etl.py took 0.101 seconds
[2026-04-26T02:26:58.435+0000] {processor.py:161} INFO - Started process (PID=641) to work on /opt/airflow/dags/spam_email_etl.py
[2026-04-26T02:26:58.435+0000] {processor.py:830} INFO - Processing file /opt/airflow/dags/spam_email_etl.py for tasks to queue
[2026-04-26T02:26:58.437+0000] {logging_mixin.py:188} INFO - [2026-04-26T02:26:58.437+0000] {dagbag.py:538} INFO - Filling up the DagBag from /opt/airflow/dags/spam_email_etl.py
[2026-04-26T02:26:58.445+0000] {processor.py:840} INFO - DAG(s) 'spam_email_etl' retrieved from /opt/airflow/dags/spam_email_etl.py
[2026-04-26T02:26:58.464+0000] {logging_mixin.py:188} INFO - [2026-04-26T02:26:58.464+0000] {dag.py:3036} INFO - Sync 1 DAGs
[2026-04-26T02:26:58.481+0000] {logging_mixin.py:188} INFO - [2026-04-26T02:26:58.481+0000] {dag.py:3823} INFO - Setting next_dagrun for spam_email_etl to 2026-04-26 00:00:00+00:00, run_after=2026-04-27 00:00:00+00:00
[2026-04-26T02:26:58.498+0000] {processor.py:183} INFO - Processing /opt/airflow/dags/spam_email_etl.py took 0.066 seconds
[2026-04-26T02:32:11.068+0000] {processor.py:161} INFO - Started process (PID=648) to work on /opt/airflow/dags/spam_email_etl.py
[2026-04-26T02:32:11.070+0000] {processor.py:830} INFO - Processing file /opt/airflow/dags/spam_email_etl.py for tasks to queue
[2026-04-26T02:32:11.073+0000] {logging_mixin.py:188} INFO - [2026-04-26T02:32:11.073+0000] {dagbag.py:538} INFO - Filling up the DagBag from /opt/airflow/dags/spam_email_etl.py
[2026-04-26T02:32:11.102+0000] {processor.py:840} INFO - DAG(s) 'spam_email_etl' retrieved from /opt/airflow/dags/spam_email_etl.py
[2026-04-26T02:32:11.140+0000] {logging_mixin.py:188} INFO - [2026-04-26T02:32:11.140+0000] {dag.py:3036} INFO - Sync 1 DAGs
[2026-04-26T02:32:11.169+0000] {logging_mixin.py:188} INFO - [2026-04-26T02:32:11.169+0000] {dag.py:3823} INFO - Setting next_dagrun for spam_email_etl to 2026-04-26 00:00:00+00:00, run_after=2026-04-27 00:00:00+00:00
[2026-04-26T02:32:11.196+0000] {processor.py:183} INFO - Processing /opt/airflow/dags/spam_email_etl.py took 0.133 seconds
[2026-04-26T03:03:18.843+0000] {processor.py:161} INFO - Started process (PID=655) to work on /opt/airflow/dags/spam_email_etl.py
[2026-04-26T03:03:18.848+0000] {processor.py:830} INFO - Processing file /opt/airflow/dags/spam_email_etl.py for tasks to queue
[2026-04-26T03:03:18.854+0000] {logging_mixin.py:188} INFO - [2026-04-26T03:03:18.854+0000] {dagbag.py:538} INFO - Filling up the DagBag from /opt/airflow/dags/spam_email_etl.py
[2026-04-26T03:03:18.882+0000] {processor.py:840} INFO - DAG(s) 'spam_email_etl' retrieved from /opt/airflow/dags/spam_email_etl.py
[2026-04-26T03:03:18.927+0000] {logging_mixin.py:188} INFO - [2026-04-26T03:03:18.926+0000] {dag.py:3036} INFO - Sync 1 DAGs
[2026-04-26T03:03:18.949+0000] {logging_mixin.py:188} INFO - [2026-04-26T03:03:18.949+0000] {dag.py:3823} INFO - Setting next_dagrun for spam_email_etl to 2026-04-26 00:00:00+00:00, run_after=2026-04-27 00:00:00+00:00
[2026-04-26T03:03:18.981+0000] {processor.py:183} INFO - Processing /opt/airflow/dags/spam_email_etl.py took 0.145 seconds
[2026-04-26T03:03:49.697+0000] {processor.py:161} INFO - Started process (PID=662) to work on /opt/airflow/dags/spam_email_etl.py
[2026-04-26T03:03:49.698+0000] {processor.py:830} INFO - Processing file /opt/airflow/dags/spam_email_etl.py for tasks to queue
[2026-04-26T03:03:49.699+0000] {logging_mixin.py:188} INFO - [2026-04-26T03:03:49.699+0000] {dagbag.py:538} INFO - Filling up the DagBag from /opt/airflow/dags/spam_email_etl.py
[2026-04-26T03:03:49.708+0000] {processor.py:840} INFO - DAG(s) 'spam_email_etl' retrieved from /opt/airflow/dags/spam_email_etl.py
[2026-04-26T03:03:49.735+0000] {logging_mixin.py:188} INFO - [2026-04-26T03:03:49.734+0000] {dag.py:3036} INFO - Sync 1 DAGs
[2026-04-26T03:03:49.754+0000] {logging_mixin.py:188} INFO - [2026-04-26T03:03:49.753+0000] {dag.py:3823} INFO - Setting next_dagrun for spam_email_etl to 2026-04-26 00:00:00+00:00, run_after=2026-04-27 00:00:00+00:00
[2026-04-26T03:03:49.773+0000] {processor.py:183} INFO - Processing /opt/airflow/dags/spam_email_etl.py took 0.079 seconds
[2026-04-26T03:27:34.329+0000] {processor.py:161} INFO - Started process (PID=669) to work on /opt/airflow/dags/spam_email_etl.py
[2026-04-26T03:27:34.331+0000] {processor.py:830} INFO - Processing file /opt/airflow/dags/spam_email_etl.py for tasks to queue
[2026-04-26T03:27:34.332+0000] {logging_mixin.py:188} INFO - [2026-04-26T03:27:34.332+0000] {dagbag.py:538} INFO - Filling up the DagBag from /opt/airflow/dags/spam_email_etl.py
[2026-04-26T03:27:34.341+0000] {processor.py:840} INFO - DAG(s) 'spam_email_etl' retrieved from /opt/airflow/dags/spam_email_etl.py
[2026-04-26T03:27:34.362+0000] {logging_mixin.py:188} INFO - [2026-04-26T03:27:34.362+0000] {dag.py:3036} INFO - Sync 1 DAGs
[2026-04-26T03:27:34.377+0000] {logging_mixin.py:188} INFO - [2026-04-26T03:27:34.377+0000] {dag.py:3823} INFO - Setting next_dagrun for spam_email_etl to 2026-04-26 00:00:00+00:00, run_after=2026-04-27 00:00:00+00:00
[2026-04-26T03:27:34.397+0000] {processor.py:183} INFO - Processing /opt/airflow/dags/spam_email_etl.py took 0.071 seconds
[2026-04-26T04:16:54.203+0000] {processor.py:161} INFO - Started process (PID=676) to work on /opt/airflow/dags/spam_email_etl.py
[2026-04-26T04:16:54.204+0000] {processor.py:830} INFO - Processing file /opt/airflow/dags/spam_email_etl.py for tasks to queue
[2026-04-26T04:16:54.208+0000] {logging_mixin.py:188} INFO - [2026-04-26T04:16:54.207+0000] {dagbag.py:538} INFO - Filling up the DagBag from /opt/airflow/dags/spam_email_etl.py
[2026-04-26T04:16:54.224+0000] {processor.py:840} INFO - DAG(s) 'spam_email_etl' retrieved from /opt/airflow/dags/spam_email_etl.py
[2026-04-26T04:16:54.257+0000] {logging_mixin.py:188} INFO - [2026-04-26T04:16:54.257+0000] {dag.py:3036} INFO - Sync 1 DAGs
[2026-04-26T04:16:54.283+0000] {logging_mixin.py:188} INFO - [2026-04-26T04:16:54.282+0000] {dag.py:3823} INFO - Setting next_dagrun for spam_email_etl to 2026-04-26 00:00:00+00:00, run_after=2026-04-27 00:00:00+00:00
[2026-04-26T04:16:54.300+0000] {processor.py:183} INFO - Processing /opt/airflow/dags/spam_email_etl.py took 0.103 seconds
[2026-04-26T04:28:58.429+0000] {processor.py:161} INFO - Started process (PID=683) to work on /opt/airflow/dags/spam_email_etl.py
[2026-04-26T04:28:58.431+0000] {processor.py:830} INFO - Processing file /opt/airflow/dags/spam_email_etl.py for tasks to queue
[2026-04-26T04:28:58.434+0000] {logging_mixin.py:188} INFO - [2026-04-26T04:28:58.434+0000] {dagbag.py:538} INFO - Filling up the DagBag from /opt/airflow/dags/spam_email_etl.py
[2026-04-26T04:28:58.445+0000] {processor.py:840} INFO - DAG(s) 'spam_email_etl' retrieved from /opt/airflow/dags/spam_email_etl.py
[2026-04-26T04:28:58.467+0000] {logging_mixin.py:188} INFO - [2026-04-26T04:28:58.466+0000] {dag.py:3036} INFO - Sync 1 DAGs
[2026-04-26T04:28:58.486+0000] {logging_mixin.py:188} INFO - [2026-04-26T04:28:58.486+0000] {dag.py:3823} INFO - Setting next_dagrun for spam_email_etl to 2026-04-26 00:00:00+00:00, run_after=2026-04-27 00:00:00+00:00
[2026-04-26T04:28:58.504+0000] {processor.py:183} INFO - Processing /opt/airflow/dags/spam_email_etl.py took 0.077 seconds
[2026-04-26T04:47:33.298+0000] {processor.py:161} INFO - Started process (PID=690) to work on /opt/airflow/dags/spam_email_etl.py
[2026-04-26T04:47:33.299+0000] {processor.py:830} INFO - Processing file /opt/airflow/dags/spam_email_etl.py for tasks to queue
[2026-04-26T04:47:33.302+0000] {logging_mixin.py:188} INFO - [2026-04-26T04:47:33.301+0000] {dagbag.py:538} INFO - Filling up the DagBag from /opt/airflow/dags/spam_email_etl.py
[2026-04-26T04:47:33.313+0000] {processor.py:840} INFO - DAG(s) 'spam_email_etl' retrieved from /opt/airflow/dags/spam_email_etl.py
[2026-04-26T04:47:33.335+0000] {logging_mixin.py:188} INFO - [2026-04-26T04:47:33.335+0000] {dag.py:3036} INFO - Sync 1 DAGs
[2026-04-26T04:47:33.353+0000] {logging_mixin.py:188} INFO - [2026-04-26T04:47:33.353+0000] {dag.py:3823} INFO - Setting next_dagrun for spam_email_etl to 2026-04-26 00:00:00+00:00, run_after=2026-04-27 00:00:00+00:00
[2026-04-26T04:47:33.368+0000] {processor.py:183} INFO - Processing /opt/airflow/dags/spam_email_etl.py took 0.072 seconds
[2026-04-26T05:05:20.100+0000] {processor.py:161} INFO - Started process (PID=697) to work on /opt/airflow/dags/spam_email_etl.py
[2026-04-26T05:05:20.102+0000] {processor.py:830} INFO - Processing file /opt/airflow/dags/spam_email_etl.py for tasks to queue
[2026-04-26T05:05:20.104+0000] {logging_mixin.py:188} INFO - [2026-04-26T05:05:20.104+0000] {dagbag.py:538} INFO - Filling up the DagBag from /opt/airflow/dags/spam_email_etl.py
[2026-04-26T05:05:20.151+0000] {processor.py:840} INFO - DAG(s) 'spam_email_etl' retrieved from /opt/airflow/dags/spam_email_etl.py
[2026-04-26T05:05:20.408+0000] {logging_mixin.py:188} INFO - [2026-04-26T05:05:20.404+0000] {dag.py:3036} INFO - Sync 1 DAGs
[2026-04-26T05:05:20.478+0000] {logging_mixin.py:188} INFO - [2026-04-26T05:05:20.478+0000] {dag.py:3823} INFO - Setting next_dagrun for spam_email_etl to 2026-04-26 00:00:00+00:00, run_after=2026-04-27 00:00:00+00:00
[2026-04-26T05:05:20.513+0000] {processor.py:183} INFO - Processing /opt/airflow/dags/spam_email_etl.py took 0.417 seconds
[2026-04-26T05:09:07.603+0000] {processor.py:161} INFO - Started process (PID=704) to work on /opt/airflow/dags/spam_email_etl.py
[2026-04-26T05:09:07.604+0000] {processor.py:830} INFO - Processing file /opt/airflow/dags/spam_email_etl.py for tasks to queue
[2026-04-26T05:09:07.606+0000] {logging_mixin.py:188} INFO - [2026-04-26T05:09:07.606+0000] {dagbag.py:538} INFO - Filling up the DagBag from /opt/airflow/dags/spam_email_etl.py
[2026-04-26T05:09:07.618+0000] {processor.py:840} INFO - DAG(s) 'spam_email_etl' retrieved from /opt/airflow/dags/spam_email_etl.py
[2026-04-26T05:09:07.638+0000] {logging_mixin.py:188} INFO - [2026-04-26T05:09:07.638+0000] {dag.py:3036} INFO - Sync 1 DAGs
[2026-04-26T05:09:07.653+0000] {logging_mixin.py:188} INFO - [2026-04-26T05:09:07.653+0000] {dag.py:3823} INFO - Setting next_dagrun for spam_email_etl to 2026-04-26 00:00:00+00:00, run_after=2026-04-27 00:00:00+00:00
[2026-04-26T05:09:07.682+0000] {processor.py:183} INFO - Processing /opt/airflow/dags/spam_email_etl.py took 0.081 seconds
[2026-04-26T05:37:29.974+0000] {processor.py:161} INFO - Started process (PID=711) to work on /opt/airflow/dags/spam_email_etl.py
[2026-04-26T05:37:29.975+0000] {processor.py:830} INFO - Processing file /opt/airflow/dags/spam_email_etl.py for tasks to queue
[2026-04-26T05:37:29.978+0000] {logging_mixin.py:188} INFO - [2026-04-26T05:37:29.977+0000] {dagbag.py:538} INFO - Filling up the DagBag from /opt/airflow/dags/spam_email_etl.py
[2026-04-26T05:37:29.989+0000] {processor.py:840} INFO - DAG(s) 'spam_email_etl' retrieved from /opt/airflow/dags/spam_email_etl.py
[2026-04-26T05:37:30.016+0000] {logging_mixin.py:188} INFO - [2026-04-26T05:37:30.015+0000] {dag.py:3036} INFO - Sync 1 DAGs
[2026-04-26T05:37:30.033+0000] {logging_mixin.py:188} INFO - [2026-04-26T05:37:30.032+0000] {dag.py:3823} INFO - Setting next_dagrun for spam_email_etl to 2026-04-26 00:00:00+00:00, run_after=2026-04-27 00:00:00+00:00
[2026-04-26T05:37:30.057+0000] {processor.py:183} INFO - Processing /opt/airflow/dags/spam_email_etl.py took 0.086 seconds
[2026-04-26T05:38:00.606+0000] {processor.py:161} INFO - Started process (PID=718) to work on /opt/airflow/dags/spam_email_etl.py
[2026-04-26T05:38:00.607+0000] {processor.py:830} INFO - Processing file /opt/airflow/dags/spam_email_etl.py for tasks to queue
[2026-04-26T05:38:00.608+0000] {logging_mixin.py:188} INFO - [2026-04-26T05:38:00.608+0000] {dagbag.py:538} INFO - Filling up the DagBag from /opt/airflow/dags/spam_email_etl.py
[2026-04-26T05:38:00.619+0000] {processor.py:840} INFO - DAG(s) 'spam_email_etl' retrieved from /opt/airflow/dags/spam_email_etl.py
[2026-04-26T05:38:00.641+0000] {logging_mixin.py:188} INFO - [2026-04-26T05:38:00.641+0000] {dag.py:3036} INFO - Sync 1 DAGs
[2026-04-26T05:38:00.658+0000] {logging_mixin.py:188} INFO - [2026-04-26T05:38:00.657+0000] {dag.py:3823} INFO - Setting next_dagrun for spam_email_etl to 2026-04-26 00:00:00+00:00, run_after=2026-04-27 00:00:00+00:00
[2026-04-26T05:38:00.678+0000] {processor.py:183} INFO - Processing /opt/airflow/dags/spam_email_etl.py took 0.075 seconds
[2026-04-26T05:50:01.381+0000] {processor.py:161} INFO - Started process (PID=725) to work on /opt/airflow/dags/spam_email_etl.py
[2026-04-26T05:50:01.383+0000] {processor.py:830} INFO - Processing file /opt/airflow/dags/spam_email_etl.py for tasks to queue
[2026-04-26T05:50:01.387+0000] {logging_mixin.py:188} INFO - [2026-04-26T05:50:01.387+0000] {dagbag.py:538} INFO - Filling up the DagBag from /opt/airflow/dags/spam_email_etl.py
[2026-04-26T05:50:01.397+0000] {processor.py:840} INFO - DAG(s) 'spam_email_etl' retrieved from /opt/airflow/dags/spam_email_etl.py
[2026-04-26T05:50:01.423+0000] {logging_mixin.py:188} INFO - [2026-04-26T05:50:01.423+0000] {dag.py:3036} INFO - Sync 1 DAGs
[2026-04-26T05:50:01.441+0000] {logging_mixin.py:188} INFO - [2026-04-26T05:50:01.441+0000] {dag.py:3823} INFO - Setting next_dagrun for spam_email_etl to 2026-04-26 00:00:00+00:00, run_after=2026-04-27 00:00:00+00:00
[2026-04-26T05:50:01.465+0000] {processor.py:183} INFO - Processing /opt/airflow/dags/spam_email_etl.py took 0.086 seconds
[2026-04-26T05:50:34.608+0000] {processor.py:161} INFO - Started process (PID=732) to work on /opt/airflow/dags/spam_email_etl.py
[2026-04-26T05:50:34.609+0000] {processor.py:830} INFO - Processing file /opt/airflow/dags/spam_email_etl.py for tasks to queue
[2026-04-26T05:50:34.610+0000] {logging_mixin.py:188} INFO - [2026-04-26T05:50:34.610+0000] {dagbag.py:538} INFO - Filling up the DagBag from /opt/airflow/dags/spam_email_etl.py
[2026-04-26T05:50:34.618+0000] {processor.py:840} INFO - DAG(s) 'spam_email_etl' retrieved from /opt/airflow/dags/spam_email_etl.py
[2026-04-26T05:50:34.636+0000] {logging_mixin.py:188} INFO - [2026-04-26T05:50:34.636+0000] {dag.py:3036} INFO - Sync 1 DAGs
[2026-04-26T05:50:34.651+0000] {logging_mixin.py:188} INFO - [2026-04-26T05:50:34.651+0000] {dag.py:3823} INFO - Setting next_dagrun for spam_email_etl to 2026-04-26 00:00:00+00:00, run_after=2026-04-27 00:00:00+00:00
[2026-04-26T05:50:34.665+0000] {processor.py:183} INFO - Processing /opt/airflow/dags/spam_email_etl.py took 0.059 seconds
[2026-04-26T05:52:54.513+0000] {processor.py:161} INFO - Started process (PID=739) to work on /opt/airflow/dags/spam_email_etl.py
[2026-04-26T05:52:54.514+0000] {processor.py:830} INFO - Processing file /opt/airflow/dags/spam_email_etl.py for tasks to queue
[2026-04-26T05:52:54.516+0000] {logging_mixin.py:188} INFO - [2026-04-26T05:52:54.516+0000] {dagbag.py:538} INFO - Filling up the DagBag from /opt/airflow/dags/spam_email_etl.py
[2026-04-26T05:52:54.532+0000] {processor.py:840} INFO - DAG(s) 'spam_email_etl' retrieved from /opt/airflow/dags/spam_email_etl.py
[2026-04-26T05:52:54.561+0000] {logging_mixin.py:188} INFO - [2026-04-26T05:52:54.561+0000] {dag.py:3036} INFO - Sync 1 DAGs
[2026-04-26T05:52:54.582+0000] {logging_mixin.py:188} INFO - [2026-04-26T05:52:54.582+0000] {dag.py:3823} INFO - Setting next_dagrun for spam_email_etl to 2026-04-26 00:00:00+00:00, run_after=2026-04-27 00:00:00+00:00
[2026-04-26T05:52:54.610+0000] {processor.py:183} INFO - Processing /opt/airflow/dags/spam_email_etl.py took 0.100 seconds
[2026-04-26T06:25:25.045+0000] {processor.py:161} INFO - Started process (PID=746) to work on /opt/airflow/dags/spam_email_etl.py
[2026-04-26T06:25:25.046+0000] {processor.py:830} INFO - Processing file /opt/airflow/dags/spam_email_etl.py for tasks to queue
[2026-04-26T06:25:25.052+0000] {logging_mixin.py:188} INFO - [2026-04-26T06:25:25.051+0000] {dagbag.py:538} INFO - Filling up the DagBag from /opt/airflow/dags/spam_email_etl.py
[2026-04-26T06:25:25.061+0000] {processor.py:840} INFO - DAG(s) 'spam_email_etl' retrieved from /opt/airflow/dags/spam_email_etl.py
[2026-04-26T06:25:25.080+0000] {logging_mixin.py:188} INFO - [2026-04-26T06:25:25.079+0000] {dag.py:3036} INFO - Sync 1 DAGs
[2026-04-26T06:25:25.095+0000] {logging_mixin.py:188} INFO - [2026-04-26T06:25:25.095+0000] {dag.py:3823} INFO - Setting next_dagrun for spam_email_etl to 2026-04-26 00:00:00+00:00, run_after=2026-04-27 00:00:00+00:00
[2026-04-26T06:25:25.111+0000] {processor.py:183} INFO - Processing /opt/airflow/dags/spam_email_etl.py took 0.068 seconds
[2026-04-26T06:53:48.712+0000] {processor.py:161} INFO - Started process (PID=753) to work on /opt/airflow/dags/spam_email_etl.py
[2026-04-26T06:53:48.713+0000] {processor.py:830} INFO - Processing file /opt/airflow/dags/spam_email_etl.py for tasks to queue
[2026-04-26T06:53:48.717+0000] {logging_mixin.py:188} INFO - [2026-04-26T06:53:48.717+0000] {dagbag.py:538} INFO - Filling up the DagBag from /opt/airflow/dags/spam_email_etl.py
[2026-04-26T06:53:48.733+0000] {processor.py:840} INFO - DAG(s) 'spam_email_etl' retrieved from /opt/airflow/dags/spam_email_etl.py
[2026-04-26T06:53:48.760+0000] {logging_mixin.py:188} INFO - [2026-04-26T06:53:48.760+0000] {dag.py:3036} INFO - Sync 1 DAGs
[2026-04-26T06:53:48.789+0000] {logging_mixin.py:188} INFO - [2026-04-26T06:53:48.789+0000] {dag.py:3823} INFO - Setting next_dagrun for spam_email_etl to 2026-04-26 00:00:00+00:00, run_after=2026-04-27 00:00:00+00:00
[2026-04-26T06:53:48.815+0000] {processor.py:183} INFO - Processing /opt/airflow/dags/spam_email_etl.py took 0.107 seconds
[2026-04-26T07:07:42.733+0000] {processor.py:161} INFO - Started process (PID=760) to work on /opt/airflow/dags/spam_email_etl.py
[2026-04-26T07:07:42.736+0000] {processor.py:830} INFO - Processing file /opt/airflow/dags/spam_email_etl.py for tasks to queue
[2026-04-26T07:07:42.742+0000] {logging_mixin.py:188} INFO - [2026-04-26T07:07:42.741+0000] {dagbag.py:538} INFO - Filling up the DagBag from /opt/airflow/dags/spam_email_etl.py
[2026-04-26T07:07:42.782+0000] {processor.py:840} INFO - DAG(s) 'spam_email_etl' retrieved from /opt/airflow/dags/spam_email_etl.py
[2026-04-26T07:07:42.827+0000] {logging_mixin.py:188} INFO - [2026-04-26T07:07:42.826+0000] {dag.py:3036} INFO - Sync 1 DAGs
[2026-04-26T07:07:42.873+0000] {logging_mixin.py:188} INFO - [2026-04-26T07:07:42.873+0000] {dag.py:3823} INFO - Setting next_dagrun for spam_email_etl to 2026-04-26 00:00:00+00:00, run_after=2026-04-27 00:00:00+00:00
[2026-04-26T07:07:42.911+0000] {processor.py:183} INFO - Processing /opt/airflow/dags/spam_email_etl.py took 0.185 seconds
[2026-04-26T07:08:13.614+0000] {processor.py:161} INFO - Started process (PID=767) to work on /opt/airflow/dags/spam_email_etl.py
[2026-04-26T07:08:13.616+0000] {processor.py:830} INFO - Processing file /opt/airflow/dags/spam_email_etl.py for tasks to queue
[2026-04-26T07:08:13.617+0000] {logging_mixin.py:188} INFO - [2026-04-26T07:08:13.617+0000] {dagbag.py:538} INFO - Filling up the DagBag from /opt/airflow/dags/spam_email_etl.py
[2026-04-26T07:08:13.626+0000] {processor.py:840} INFO - DAG(s) 'spam_email_etl' retrieved from /opt/airflow/dags/spam_email_etl.py
[2026-04-26T07:08:13.644+0000] {logging_mixin.py:188} INFO - [2026-04-26T07:08:13.643+0000] {dag.py:3036} INFO - Sync 1 DAGs
[2026-04-26T07:08:13.657+0000] {logging_mixin.py:188} INFO - [2026-04-26T07:08:13.657+0000] {dag.py:3823} INFO - Setting next_dagrun for spam_email_etl to 2026-04-26 00:00:00+00:00, run_after=2026-04-27 00:00:00+00:00
[2026-04-26T07:08:13.672+0000] {processor.py:183} INFO - Processing /opt/airflow/dags/spam_email_etl.py took 0.061 seconds
[2026-04-26T07:10:13.682+0000] {processor.py:161} INFO - Started process (PID=774) to work on /opt/airflow/dags/spam_email_etl.py
[2026-04-26T07:10:13.683+0000] {processor.py:830} INFO - Processing file /opt/airflow/dags/spam_email_etl.py for tasks to queue
[2026-04-26T07:10:13.685+0000] {logging_mixin.py:188} INFO - [2026-04-26T07:10:13.685+0000] {dagbag.py:538} INFO - Filling up the DagBag from /opt/airflow/dags/spam_email_etl.py
[2026-04-26T07:10:13.693+0000] {processor.py:840} INFO - DAG(s) 'spam_email_etl' retrieved from /opt/airflow/dags/spam_email_etl.py
[2026-04-26T07:10:13.712+0000] {logging_mixin.py:188} INFO - [2026-04-26T07:10:13.712+0000] {dag.py:3036} INFO - Sync 1 DAGs
[2026-04-26T07:10:13.731+0000] {logging_mixin.py:188} INFO - [2026-04-26T07:10:13.731+0000] {dag.py:3823} INFO - Setting next_dagrun for spam_email_etl to 2026-04-26 00:00:00+00:00, run_after=2026-04-27 00:00:00+00:00
[2026-04-26T07:10:13.750+0000] {processor.py:183} INFO - Processing /opt/airflow/dags/spam_email_etl.py took 0.070 seconds
[2026-04-26T08:48:54.654+0000] {processor.py:161} INFO - Started process (PID=781) to work on /opt/airflow/dags/spam_email_etl.py
[2026-04-26T08:48:54.657+0000] {processor.py:830} INFO - Processing file /opt/airflow/dags/spam_email_etl.py for tasks to queue
[2026-04-26T08:48:54.661+0000] {logging_mixin.py:188} INFO - [2026-04-26T08:48:54.660+0000] {dagbag.py:538} INFO - Filling up the DagBag from /opt/airflow/dags/spam_email_etl.py
[2026-04-26T08:48:54.677+0000] {processor.py:840} INFO - DAG(s) 'spam_email_etl' retrieved from /opt/airflow/dags/spam_email_etl.py
[2026-04-26T08:48:54.699+0000] {logging_mixin.py:188} INFO - [2026-04-26T08:48:54.699+0000] {dag.py:3036} INFO - Sync 1 DAGs
[2026-04-26T08:48:54.719+0000] {logging_mixin.py:188} INFO - [2026-04-26T08:48:54.719+0000] {dag.py:3823} INFO - Setting next_dagrun for spam_email_etl to 2026-04-26 00:00:00+00:00, run_after=2026-04-27 00:00:00+00:00
[2026-04-26T08:48:54.739+0000] {processor.py:183} INFO - Processing /opt/airflow/dags/spam_email_etl.py took 0.089 seconds
[2026-04-26T10:11:22.373+0000] {processor.py:161} INFO - Started process (PID=788) to work on /opt/airflow/dags/spam_email_etl.py
[2026-04-26T10:11:22.374+0000] {processor.py:830} INFO - Processing file /opt/airflow/dags/spam_email_etl.py for tasks to queue
[2026-04-26T10:11:22.377+0000] {logging_mixin.py:188} INFO - [2026-04-26T10:11:22.377+0000] {dagbag.py:538} INFO - Filling up the DagBag from /opt/airflow/dags/spam_email_etl.py
[2026-04-26T10:11:22.389+0000] {processor.py:840} INFO - DAG(s) 'spam_email_etl' retrieved from /opt/airflow/dags/spam_email_etl.py
[2026-04-26T10:11:22.413+0000] {logging_mixin.py:188} INFO - [2026-04-26T10:11:22.412+0000] {dag.py:3036} INFO - Sync 1 DAGs
[2026-04-26T10:11:22.428+0000] {logging_mixin.py:188} INFO - [2026-04-26T10:11:22.428+0000] {dag.py:3823} INFO - Setting next_dagrun for spam_email_etl to 2026-04-26 00:00:00+00:00, run_after=2026-04-27 00:00:00+00:00
[2026-04-26T10:11:22.450+0000] {processor.py:183} INFO - Processing /opt/airflow/dags/spam_email_etl.py took 0.080 seconds
[2026-04-26T11:39:45.329+0000] {processor.py:161} INFO - Started process (PID=795) to work on /opt/airflow/dags/spam_email_etl.py
[2026-04-26T11:39:45.329+0000] {processor.py:830} INFO - Processing file /opt/airflow/dags/spam_email_etl.py for tasks to queue
[2026-04-26T11:39:45.332+0000] {logging_mixin.py:188} INFO - [2026-04-26T11:39:45.332+0000] {dagbag.py:538} INFO - Filling up the DagBag from /opt/airflow/dags/spam_email_etl.py
[2026-04-26T11:39:45.343+0000] {processor.py:840} INFO - DAG(s) 'spam_email_etl' retrieved from /opt/airflow/dags/spam_email_etl.py
[2026-04-26T11:39:45.367+0000] {logging_mixin.py:188} INFO - [2026-04-26T11:39:45.367+0000] {dag.py:3036} INFO - Sync 1 DAGs
[2026-04-26T11:39:45.407+0000] {logging_mixin.py:188} INFO - [2026-04-26T11:39:45.406+0000] {dag.py:3823} INFO - Setting next_dagrun for spam_email_etl to 2026-04-26 00:00:00+00:00, run_after=2026-04-27 00:00:00+00:00
[2026-04-26T11:39:45.482+0000] {processor.py:183} INFO - Processing /opt/airflow/dags/spam_email_etl.py took 0.156 seconds
[2026-04-26T12:57:07.604+0000] {processor.py:161} INFO - Started process (PID=802) to work on /opt/airflow/dags/spam_email_etl.py
[2026-04-26T12:57:07.606+0000] {processor.py:830} INFO - Processing file /opt/airflow/dags/spam_email_etl.py for tasks to queue
[2026-04-26T12:57:07.607+0000] {logging_mixin.py:188} INFO - [2026-04-26T12:57:07.607+0000] {dagbag.py:538} INFO - Filling up the DagBag from /opt/airflow/dags/spam_email_etl.py
[2026-04-26T12:57:07.618+0000] {processor.py:840} INFO - DAG(s) 'spam_email_etl' retrieved from /opt/airflow/dags/spam_email_etl.py
[2026-04-26T12:57:07.641+0000] {logging_mixin.py:188} INFO - [2026-04-26T12:57:07.640+0000] {dag.py:3036} INFO - Sync 1 DAGs
[2026-04-26T12:57:07.658+0000] {logging_mixin.py:188} INFO - [2026-04-26T12:57:07.658+0000] {dag.py:3823} INFO - Setting next_dagrun for spam_email_etl to 2026-04-26 00:00:00+00:00, run_after=2026-04-27 00:00:00+00:00
[2026-04-26T12:57:07.675+0000] {processor.py:183} INFO - Processing /opt/airflow/dags/spam_email_etl.py took 0.074 seconds
[2026-04-26T12:57:38.221+0000] {processor.py:161} INFO - Started process (PID=809) to work on /opt/airflow/dags/spam_email_etl.py
[2026-04-26T12:57:38.222+0000] {processor.py:830} INFO - Processing file /opt/airflow/dags/spam_email_etl.py for tasks to queue
[2026-04-26T12:57:38.224+0000] {logging_mixin.py:188} INFO - [2026-04-26T12:57:38.224+0000] {dagbag.py:538} INFO - Filling up the DagBag from /opt/airflow/dags/spam_email_etl.py
[2026-04-26T12:57:38.233+0000] {processor.py:840} INFO - DAG(s) 'spam_email_etl' retrieved from /opt/airflow/dags/spam_email_etl.py
[2026-04-26T12:57:38.256+0000] {logging_mixin.py:188} INFO - [2026-04-26T12:57:38.256+0000] {dag.py:3036} INFO - Sync 1 DAGs
[2026-04-26T12:57:38.273+0000] {logging_mixin.py:188} INFO - [2026-04-26T12:57:38.273+0000] {dag.py:3823} INFO - Setting next_dagrun for spam_email_etl to 2026-04-26 00:00:00+00:00, run_after=2026-04-27 00:00:00+00:00
[2026-04-26T12:57:38.286+0000] {processor.py:183} INFO - Processing /opt/airflow/dags/spam_email_etl.py took 0.067 seconds
[2026-04-26T14:05:22.577+0000] {processor.py:161} INFO - Started process (PID=816) to work on /opt/airflow/dags/spam_email_etl.py
[2026-04-26T14:05:22.579+0000] {processor.py:830} INFO - Processing file /opt/airflow/dags/spam_email_etl.py for tasks to queue
[2026-04-26T14:05:22.580+0000] {logging_mixin.py:188} INFO - [2026-04-26T14:05:22.580+0000] {dagbag.py:538} INFO - Filling up the DagBag from /opt/airflow/dags/spam_email_etl.py
[2026-04-26T14:05:22.589+0000] {processor.py:840} INFO - DAG(s) 'spam_email_etl' retrieved from /opt/airflow/dags/spam_email_etl.py
[2026-04-26T14:05:22.608+0000] {logging_mixin.py:188} INFO - [2026-04-26T14:05:22.607+0000] {dag.py:3036} INFO - Sync 1 DAGs
[2026-04-26T14:05:22.629+0000] {logging_mixin.py:188} INFO - [2026-04-26T14:05:22.629+0000] {dag.py:3823} INFO - Setting next_dagrun for spam_email_etl to 2026-04-26 00:00:00+00:00, run_after=2026-04-27 00:00:00+00:00
[2026-04-26T14:05:22.643+0000] {processor.py:183} INFO - Processing /opt/airflow/dags/spam_email_etl.py took 0.068 seconds
[2026-04-26T14:54:30.107+0000] {processor.py:161} INFO - Started process (PID=823) to work on /opt/airflow/dags/spam_email_etl.py
[2026-04-26T14:54:30.108+0000] {processor.py:830} INFO - Processing file /opt/airflow/dags/spam_email_etl.py for tasks to queue
[2026-04-26T14:54:30.109+0000] {logging_mixin.py:188} INFO - [2026-04-26T14:54:30.109+0000] {dagbag.py:538} INFO - Filling up the DagBag from /opt/airflow/dags/spam_email_etl.py
[2026-04-26T14:54:30.121+0000] {processor.py:840} INFO - DAG(s) 'spam_email_etl' retrieved from /opt/airflow/dags/spam_email_etl.py
[2026-04-26T14:54:30.153+0000] {logging_mixin.py:188} INFO - [2026-04-26T14:54:30.152+0000] {dag.py:3036} INFO - Sync 1 DAGs
[2026-04-26T14:54:30.173+0000] {logging_mixin.py:188} INFO - [2026-04-26T14:54:30.173+0000] {dag.py:3823} INFO - Setting next_dagrun for spam_email_etl to 2026-04-26 00:00:00+00:00, run_after=2026-04-27 00:00:00+00:00
[2026-04-26T14:54:30.201+0000] {processor.py:183} INFO - Processing /opt/airflow/dags/spam_email_etl.py took 0.096 seconds
[2026-04-26T16:01:23.837+0000] {processor.py:161} INFO - Started process (PID=830) to work on /opt/airflow/dags/spam_email_etl.py
[2026-04-26T16:01:23.838+0000] {processor.py:830} INFO - Processing file /opt/airflow/dags/spam_email_etl.py for tasks to queue
[2026-04-26T16:01:23.841+0000] {logging_mixin.py:188} INFO - [2026-04-26T16:01:23.841+0000] {dagbag.py:538} INFO - Filling up the DagBag from /opt/airflow/dags/spam_email_etl.py
[2026-04-26T16:01:23.852+0000] {processor.py:840} INFO - DAG(s) 'spam_email_etl' retrieved from /opt/airflow/dags/spam_email_etl.py
[2026-04-26T16:01:23.879+0000] {logging_mixin.py:188} INFO - [2026-04-26T16:01:23.878+0000] {dag.py:3036} INFO - Sync 1 DAGs
[2026-04-26T16:01:23.900+0000] {logging_mixin.py:188} INFO - [2026-04-26T16:01:23.899+0000] {dag.py:3823} INFO - Setting next_dagrun for spam_email_etl to 2026-04-26 00:00:00+00:00, run_after=2026-04-27 00:00:00+00:00
[2026-04-26T16:01:23.948+0000] {processor.py:183} INFO - Processing /opt/airflow/dags/spam_email_etl.py took 0.113 seconds
[2026-04-26T16:38:00.905+0000] {processor.py:161} INFO - Started process (PID=837) to work on /opt/airflow/dags/spam_email_etl.py
[2026-04-26T16:38:00.908+0000] {processor.py:830} INFO - Processing file /opt/airflow/dags/spam_email_etl.py for tasks to queue
[2026-04-26T16:38:00.911+0000] {logging_mixin.py:188} INFO - [2026-04-26T16:38:00.911+0000] {dagbag.py:538} INFO - Filling up the DagBag from /opt/airflow/dags/spam_email_etl.py
[2026-04-26T16:38:00.924+0000] {processor.py:840} INFO - DAG(s) 'spam_email_etl' retrieved from /opt/airflow/dags/spam_email_etl.py
[2026-04-26T16:38:00.949+0000] {logging_mixin.py:188} INFO - [2026-04-26T16:38:00.949+0000] {dag.py:3036} INFO - Sync 1 DAGs
[2026-04-26T16:38:00.967+0000] {logging_mixin.py:188} INFO - [2026-04-26T16:38:00.966+0000] {dag.py:3823} INFO - Setting next_dagrun for spam_email_etl to 2026-04-26 00:00:00+00:00, run_after=2026-04-27 00:00:00+00:00
[2026-04-26T16:38:00.987+0000] {processor.py:183} INFO - Processing /opt/airflow/dags/spam_email_etl.py took 0.086 seconds
[2026-04-26T16:38:31.566+0000] {processor.py:161} INFO - Started process (PID=844) to work on /opt/airflow/dags/spam_email_etl.py
[2026-04-26T16:38:31.567+0000] {processor.py:830} INFO - Processing file /opt/airflow/dags/spam_email_etl.py for tasks to queue
[2026-04-26T16:38:31.569+0000] {logging_mixin.py:188} INFO - [2026-04-26T16:38:31.569+0000] {dagbag.py:538} INFO - Filling up the DagBag from /opt/airflow/dags/spam_email_etl.py
[2026-04-26T16:38:31.577+0000] {processor.py:840} INFO - DAG(s) 'spam_email_etl' retrieved from /opt/airflow/dags/spam_email_etl.py
[2026-04-26T16:38:31.600+0000] {logging_mixin.py:188} INFO - [2026-04-26T16:38:31.600+0000] {dag.py:3036} INFO - Sync 1 DAGs
[2026-04-26T16:38:31.616+0000] {logging_mixin.py:188} INFO - [2026-04-26T16:38:31.615+0000] {dag.py:3823} INFO - Setting next_dagrun for spam_email_etl to 2026-04-26 00:00:00+00:00, run_after=2026-04-27 00:00:00+00:00
[2026-04-26T16:38:31.633+0000] {processor.py:183} INFO - Processing /opt/airflow/dags/spam_email_etl.py took 0.069 seconds
[2026-04-26T16:44:18.442+0000] {processor.py:161} INFO - Started process (PID=851) to work on /opt/airflow/dags/spam_email_etl.py
[2026-04-26T16:44:18.443+0000] {processor.py:830} INFO - Processing file /opt/airflow/dags/spam_email_etl.py for tasks to queue
[2026-04-26T16:44:18.445+0000] {logging_mixin.py:188} INFO - [2026-04-26T16:44:18.445+0000] {dagbag.py:538} INFO - Filling up the DagBag from /opt/airflow/dags/spam_email_etl.py
[2026-04-26T16:44:18.462+0000] {processor.py:840} INFO - DAG(s) 'spam_email_etl' retrieved from /opt/airflow/dags/spam_email_etl.py
[2026-04-26T16:44:18.495+0000] {logging_mixin.py:188} INFO - [2026-04-26T16:44:18.494+0000] {dag.py:3036} INFO - Sync 1 DAGs
[2026-04-26T16:44:18.515+0000] {logging_mixin.py:188} INFO - [2026-04-26T16:44:18.515+0000] {dag.py:3823} INFO - Setting next_dagrun for spam_email_etl to 2026-04-26 00:00:00+00:00, run_after=2026-04-27 00:00:00+00:00
[2026-04-26T16:44:18.540+0000] {processor.py:183} INFO - Processing /opt/airflow/dags/spam_email_etl.py took 0.101 seconds
[2026-04-26T16:55:26.239+0000] {processor.py:161} INFO - Started process (PID=858) to work on /opt/airflow/dags/spam_email_etl.py
[2026-04-26T16:55:26.240+0000] {processor.py:830} INFO - Processing file /opt/airflow/dags/spam_email_etl.py for tasks to queue
[2026-04-26T16:55:26.241+0000] {logging_mixin.py:188} INFO - [2026-04-26T16:55:26.241+0000] {dagbag.py:538} INFO - Filling up the DagBag from /opt/airflow/dags/spam_email_etl.py
[2026-04-26T16:55:26.248+0000] {processor.py:840} INFO - DAG(s) 'spam_email_etl' retrieved from /opt/airflow/dags/spam_email_etl.py
[2026-04-26T16:55:26.267+0000] {logging_mixin.py:188} INFO - [2026-04-26T16:55:26.267+0000] {dag.py:3036} INFO - Sync 1 DAGs
[2026-04-26T16:55:26.284+0000] {logging_mixin.py:188} INFO - [2026-04-26T16:55:26.283+0000] {dag.py:3823} INFO - Setting next_dagrun for spam_email_etl to 2026-04-26 00:00:00+00:00, run_after=2026-04-27 00:00:00+00:00
[2026-04-26T16:55:26.309+0000] {processor.py:183} INFO - Processing /opt/airflow/dags/spam_email_etl.py took 0.072 seconds
[2026-04-26T16:55:57.683+0000] {processor.py:161} INFO - Started process (PID=865) to work on /opt/airflow/dags/spam_email_etl.py
[2026-04-26T16:55:57.684+0000] {processor.py:830} INFO - Processing file /opt/airflow/dags/spam_email_etl.py for tasks to queue
[2026-04-26T16:55:57.687+0000] {logging_mixin.py:188} INFO - [2026-04-26T16:55:57.687+0000] {dagbag.py:538} INFO - Filling up the DagBag from /opt/airflow/dags/spam_email_etl.py
[2026-04-26T16:55:57.700+0000] {processor.py:840} INFO - DAG(s) 'spam_email_etl' retrieved from /opt/airflow/dags/spam_email_etl.py
[2026-04-26T16:55:57.723+0000] {logging_mixin.py:188} INFO - [2026-04-26T16:55:57.723+0000] {dag.py:3036} INFO - Sync 1 DAGs
[2026-04-26T16:55:57.741+0000] {logging_mixin.py:188} INFO - [2026-04-26T16:55:57.740+0000] {dag.py:3823} INFO - Setting next_dagrun for spam_email_etl to 2026-04-26 00:00:00+00:00, run_after=2026-04-27 00:00:00+00:00
[2026-04-26T16:55:57.761+0000] {processor.py:183} INFO - Processing /opt/airflow/dags/spam_email_etl.py took 0.080 seconds
[2026-04-26T17:09:48.447+0000] {processor.py:161} INFO - Started process (PID=872) to work on /opt/airflow/dags/spam_email_etl.py
[2026-04-26T17:09:48.449+0000] {processor.py:830} INFO - Processing file /opt/airflow/dags/spam_email_etl.py for tasks to queue
[2026-04-26T17:09:48.453+0000] {logging_mixin.py:188} INFO - [2026-04-26T17:09:48.452+0000] {dagbag.py:538} INFO - Filling up the DagBag from /opt/airflow/dags/spam_email_etl.py
[2026-04-26T17:09:48.474+0000] {processor.py:840} INFO - DAG(s) 'spam_email_etl' retrieved from /opt/airflow/dags/spam_email_etl.py
[2026-04-26T17:09:48.531+0000] {logging_mixin.py:188} INFO - [2026-04-26T17:09:48.530+0000] {dag.py:3036} INFO - Sync 1 DAGs
[2026-04-26T17:09:48.565+0000] {logging_mixin.py:188} INFO - [2026-04-26T17:09:48.564+0000] {dag.py:3823} INFO - Setting next_dagrun for spam_email_etl to 2026-04-26 00:00:00+00:00, run_after=2026-04-27 00:00:00+00:00
[2026-04-26T17:09:48.592+0000] {processor.py:183} INFO - Processing /opt/airflow/dags/spam_email_etl.py took 0.150 seconds
[2026-04-26T17:56:19.523+0000] {processor.py:161} INFO - Started process (PID=879) to work on /opt/airflow/dags/spam_email_etl.py
[2026-04-26T17:56:19.524+0000] {processor.py:830} INFO - Processing file /opt/airflow/dags/spam_email_etl.py for tasks to queue
[2026-04-26T17:56:19.525+0000] {logging_mixin.py:188} INFO - [2026-04-26T17:56:19.525+0000] {dagbag.py:538} INFO - Filling up the DagBag from /opt/airflow/dags/spam_email_etl.py
[2026-04-26T17:56:19.536+0000] {processor.py:840} INFO - DAG(s) 'spam_email_etl' retrieved from /opt/airflow/dags/spam_email_etl.py
[2026-04-26T17:56:19.558+0000] {logging_mixin.py:188} INFO - [2026-04-26T17:56:19.558+0000] {dag.py:3036} INFO - Sync 1 DAGs
[2026-04-26T17:56:19.574+0000] {logging_mixin.py:188} INFO - [2026-04-26T17:56:19.573+0000] {dag.py:3823} INFO - Setting next_dagrun for spam_email_etl to 2026-04-26 00:00:00+00:00, run_after=2026-04-27 00:00:00+00:00
[2026-04-26T17:56:19.595+0000] {processor.py:183} INFO - Processing /opt/airflow/dags/spam_email_etl.py took 0.074 seconds
[2026-04-26T17:56:50.398+0000] {processor.py:161} INFO - Started process (PID=886) to work on /opt/airflow/dags/spam_email_etl.py
[2026-04-26T17:56:50.400+0000] {processor.py:830} INFO - Processing file /opt/airflow/dags/spam_email_etl.py for tasks to queue
[2026-04-26T17:56:50.403+0000] {logging_mixin.py:188} INFO - [2026-04-26T17:56:50.403+0000] {dagbag.py:538} INFO - Filling up the DagBag from /opt/airflow/dags/spam_email_etl.py
[2026-04-26T17:56:50.417+0000] {processor.py:840} INFO - DAG(s) 'spam_email_etl' retrieved from /opt/airflow/dags/spam_email_etl.py
[2026-04-26T17:56:50.440+0000] {logging_mixin.py:188} INFO - [2026-04-26T17:56:50.440+0000] {dag.py:3036} INFO - Sync 1 DAGs
[2026-04-26T17:56:50.459+0000] {logging_mixin.py:188} INFO - [2026-04-26T17:56:50.458+0000] {dag.py:3823} INFO - Setting next_dagrun for spam_email_etl to 2026-04-26 00:00:00+00:00, run_after=2026-04-27 00:00:00+00:00
[2026-04-26T17:56:50.476+0000] {processor.py:183} INFO - Processing /opt/airflow/dags/spam_email_etl.py took 0.081 seconds
[2026-04-26T18:13:33.597+0000] {processor.py:161} INFO - Started process (PID=893) to work on /opt/airflow/dags/spam_email_etl.py
[2026-04-26T18:13:33.599+0000] {processor.py:830} INFO - Processing file /opt/airflow/dags/spam_email_etl.py for tasks to queue
[2026-04-26T18:13:33.602+0000] {logging_mixin.py:188} INFO - [2026-04-26T18:13:33.601+0000] {dagbag.py:538} INFO - Filling up the DagBag from /opt/airflow/dags/spam_email_etl.py
[2026-04-26T18:13:33.619+0000] {processor.py:840} INFO - DAG(s) 'spam_email_etl' retrieved from /opt/airflow/dags/spam_email_etl.py
[2026-04-26T18:13:33.646+0000] {logging_mixin.py:188} INFO - [2026-04-26T18:13:33.646+0000] {dag.py:3036} INFO - Sync 1 DAGs
[2026-04-26T18:13:33.667+0000] {logging_mixin.py:188} INFO - [2026-04-26T18:13:33.666+0000] {dag.py:3823} INFO - Setting next_dagrun for spam_email_etl to 2026-04-26 00:00:00+00:00, run_after=2026-04-27 00:00:00+00:00
[2026-04-26T18:13:33.694+0000] {processor.py:183} INFO - Processing /opt/airflow/dags/spam_email_etl.py took 0.100 seconds
[2026-04-26T18:57:21.886+0000] {processor.py:161} INFO - Started process (PID=900) to work on /opt/airflow/dags/spam_email_etl.py
[2026-04-26T18:57:21.890+0000] {processor.py:830} INFO - Processing file /opt/airflow/dags/spam_email_etl.py for tasks to queue
[2026-04-26T18:57:21.899+0000] {logging_mixin.py:188} INFO - [2026-04-26T18:57:21.898+0000] {dagbag.py:538} INFO - Filling up the DagBag from /opt/airflow/dags/spam_email_etl.py
[2026-04-26T18:57:21.953+0000] {processor.py:840} INFO - DAG(s) 'spam_email_etl' retrieved from /opt/airflow/dags/spam_email_etl.py
[2026-04-26T18:57:22.024+0000] {logging_mixin.py:188} INFO - [2026-04-26T18:57:22.023+0000] {dag.py:3036} INFO - Sync 1 DAGs
[2026-04-26T18:57:22.073+0000] {logging_mixin.py:188} INFO - [2026-04-26T18:57:22.073+0000] {dag.py:3823} INFO - Setting next_dagrun for spam_email_etl to 2026-04-26 00:00:00+00:00, run_after=2026-04-27 00:00:00+00:00
[2026-04-26T18:57:22.117+0000] {processor.py:183} INFO - Processing /opt/airflow/dags/spam_email_etl.py took 0.237 seconds
[2026-04-26T18:57:52.853+0000] {processor.py:161} INFO - Started process (PID=907) to work on /opt/airflow/dags/spam_email_etl.py
[2026-04-26T18:57:52.854+0000] {processor.py:830} INFO - Processing file /opt/airflow/dags/spam_email_etl.py for tasks to queue
[2026-04-26T18:57:52.855+0000] {logging_mixin.py:188} INFO - [2026-04-26T18:57:52.855+0000] {dagbag.py:538} INFO - Filling up the DagBag from /opt/airflow/dags/spam_email_etl.py
[2026-04-26T18:57:52.862+0000] {processor.py:840} INFO - DAG(s) 'spam_email_etl' retrieved from /opt/airflow/dags/spam_email_etl.py
[2026-04-26T18:57:52.878+0000] {logging_mixin.py:188} INFO - [2026-04-26T18:57:52.878+0000] {dag.py:3036} INFO - Sync 1 DAGs
[2026-04-26T18:57:52.891+0000] {logging_mixin.py:188} INFO - [2026-04-26T18:57:52.891+0000] {dag.py:3823} INFO - Setting next_dagrun for spam_email_etl to 2026-04-26 00:00:00+00:00, run_after=2026-04-27 00:00:00+00:00
[2026-04-26T18:57:52.901+0000] {processor.py:183} INFO - Processing /opt/airflow/dags/spam_email_etl.py took 0.050 seconds
[2026-04-26T19:12:07.163+0000] {processor.py:161} INFO - Started process (PID=914) to work on /opt/airflow/dags/spam_email_etl.py
[2026-04-26T19:12:07.167+0000] {processor.py:830} INFO - Processing file /opt/airflow/dags/spam_email_etl.py for tasks to queue
[2026-04-26T19:12:07.172+0000] {logging_mixin.py:188} INFO - [2026-04-26T19:12:07.171+0000] {dagbag.py:538} INFO - Filling up the DagBag from /opt/airflow/dags/spam_email_etl.py
[2026-04-26T19:12:07.198+0000] {processor.py:840} INFO - DAG(s) 'spam_email_etl' retrieved from /opt/airflow/dags/spam_email_etl.py
[2026-04-26T19:12:07.233+0000] {logging_mixin.py:188} INFO - [2026-04-26T19:12:07.232+0000] {dag.py:3036} INFO - Sync 1 DAGs
[2026-04-26T19:12:07.260+0000] {logging_mixin.py:188} INFO - [2026-04-26T19:12:07.260+0000] {dag.py:3823} INFO - Setting next_dagrun for spam_email_etl to 2026-04-26 00:00:00+00:00, run_after=2026-04-27 00:00:00+00:00
[2026-04-26T19:12:07.291+0000] {processor.py:183} INFO - Processing /opt/airflow/dags/spam_email_etl.py took 0.137 seconds
[2026-04-26T19:36:13.071+0000] {processor.py:161} INFO - Started process (PID=921) to work on /opt/airflow/dags/spam_email_etl.py
[2026-04-26T19:36:13.072+0000] {processor.py:830} INFO - Processing file /opt/airflow/dags/spam_email_etl.py for tasks to queue
[2026-04-26T19:36:13.073+0000] {logging_mixin.py:188} INFO - [2026-04-26T19:36:13.073+0000] {dagbag.py:538} INFO - Filling up the DagBag from /opt/airflow/dags/spam_email_etl.py
[2026-04-26T19:36:13.081+0000] {processor.py:840} INFO - DAG(s) 'spam_email_etl' retrieved from /opt/airflow/dags/spam_email_etl.py
[2026-04-26T19:36:13.100+0000] {logging_mixin.py:188} INFO - [2026-04-26T19:36:13.099+0000] {dag.py:3036} INFO - Sync 1 DAGs
[2026-04-26T19:36:13.114+0000] {logging_mixin.py:188} INFO - [2026-04-26T19:36:13.114+0000] {dag.py:3823} INFO - Setting next_dagrun for spam_email_etl to 2026-04-26 00:00:00+00:00, run_after=2026-04-27 00:00:00+00:00
[2026-04-26T19:36:13.138+0000] {processor.py:183} INFO - Processing /opt/airflow/dags/spam_email_etl.py took 0.069 seconds
[2026-04-26T19:36:50.763+0000] {processor.py:161} INFO - Started process (PID=928) to work on /opt/airflow/dags/spam_email_etl.py
[2026-04-26T19:36:50.764+0000] {processor.py:830} INFO - Processing file /opt/airflow/dags/spam_email_etl.py for tasks to queue
[2026-04-26T19:36:50.766+0000] {logging_mixin.py:188} INFO - [2026-04-26T19:36:50.766+0000] {dagbag.py:538} INFO - Filling up the DagBag from /opt/airflow/dags/spam_email_etl.py
[2026-04-26T19:36:50.774+0000] {processor.py:840} INFO - DAG(s) 'spam_email_etl' retrieved from /opt/airflow/dags/spam_email_etl.py
[2026-04-26T19:36:50.800+0000] {logging_mixin.py:188} INFO - [2026-04-26T19:36:50.800+0000] {dag.py:3036} INFO - Sync 1 DAGs
[2026-04-26T19:36:50.816+0000] {logging_mixin.py:188} INFO - [2026-04-26T19:36:50.816+0000] {dag.py:3823} INFO - Setting next_dagrun for spam_email_etl to 2026-04-26 00:00:00+00:00, run_after=2026-04-27 00:00:00+00:00
[2026-04-26T19:36:50.839+0000] {processor.py:183} INFO - Processing /opt/airflow/dags/spam_email_etl.py took 0.079 seconds
[2026-04-26T19:54:45.719+0000] {processor.py:161} INFO - Started process (PID=935) to work on /opt/airflow/dags/spam_email_etl.py
[2026-04-26T19:54:45.722+0000] {processor.py:830} INFO - Processing file /opt/airflow/dags/spam_email_etl.py for tasks to queue
[2026-04-26T19:54:45.726+0000] {logging_mixin.py:188} INFO - [2026-04-26T19:54:45.726+0000] {dagbag.py:538} INFO - Filling up the DagBag from /opt/airflow/dags/spam_email_etl.py
[2026-04-26T19:54:45.746+0000] {processor.py:840} INFO - DAG(s) 'spam_email_etl' retrieved from /opt/airflow/dags/spam_email_etl.py
[2026-04-26T19:54:45.775+0000] {logging_mixin.py:188} INFO - [2026-04-26T19:54:45.774+0000] {dag.py:3036} INFO - Sync 1 DAGs
[2026-04-26T19:54:45.801+0000] {logging_mixin.py:188} INFO - [2026-04-26T19:54:45.800+0000] {dag.py:3823} INFO - Setting next_dagrun for spam_email_etl to 2026-04-26 00:00:00+00:00, run_after=2026-04-27 00:00:00+00:00
[2026-04-26T19:54:45.823+0000] {processor.py:183} INFO - Processing /opt/airflow/dags/spam_email_etl.py took 0.111 seconds
[2026-04-26T19:55:16.360+0000] {processor.py:161} INFO - Started process (PID=942) to work on /opt/airflow/dags/spam_email_etl.py
[2026-04-26T19:55:16.361+0000] {processor.py:830} INFO - Processing file /opt/airflow/dags/spam_email_etl.py for tasks to queue
[2026-04-26T19:55:16.362+0000] {logging_mixin.py:188} INFO - [2026-04-26T19:55:16.362+0000] {dagbag.py:538} INFO - Filling up the DagBag from /opt/airflow/dags/spam_email_etl.py
[2026-04-26T19:55:16.370+0000] {processor.py:840} INFO - DAG(s) 'spam_email_etl' retrieved from /opt/airflow/dags/spam_email_etl.py
[2026-04-26T19:55:16.393+0000] {logging_mixin.py:188} INFO - [2026-04-26T19:55:16.392+0000] {dag.py:3036} INFO - Sync 1 DAGs
[2026-04-26T19:55:16.410+0000] {logging_mixin.py:188} INFO - [2026-04-26T19:55:16.410+0000] {dag.py:3823} INFO - Setting next_dagrun for spam_email_etl to 2026-04-26 00:00:00+00:00, run_after=2026-04-27 00:00:00+00:00
[2026-04-26T19:55:16.426+0000] {processor.py:183} INFO - Processing /opt/airflow/dags/spam_email_etl.py took 0.068 seconds
[2026-04-26T19:58:21.509+0000] {processor.py:161} INFO - Started process (PID=949) to work on /opt/airflow/dags/spam_email_etl.py
[2026-04-26T19:58:21.510+0000] {processor.py:830} INFO - Processing file /opt/airflow/dags/spam_email_etl.py for tasks to queue
[2026-04-26T19:58:21.511+0000] {logging_mixin.py:188} INFO - [2026-04-26T19:58:21.511+0000] {dagbag.py:538} INFO - Filling up the DagBag from /opt/airflow/dags/spam_email_etl.py
[2026-04-26T19:58:21.521+0000] {processor.py:840} INFO - DAG(s) 'spam_email_etl' retrieved from /opt/airflow/dags/spam_email_etl.py
[2026-04-26T19:58:21.543+0000] {logging_mixin.py:188} INFO - [2026-04-26T19:58:21.543+0000] {dag.py:3036} INFO - Sync 1 DAGs
[2026-04-26T19:58:21.561+0000] {logging_mixin.py:188} INFO - [2026-04-26T19:58:21.560+0000] {dag.py:3823} INFO - Setting next_dagrun for spam_email_etl to 2026-04-26 00:00:00+00:00, run_after=2026-04-27 00:00:00+00:00
[2026-04-26T19:58:21.577+0000] {processor.py:183} INFO - Processing /opt/airflow/dags/spam_email_etl.py took 0.070 seconds
[2026-04-26T19:58:52.112+0000] {processor.py:161} INFO - Started process (PID=956) to work on /opt/airflow/dags/spam_email_etl.py
[2026-04-26T19:58:52.113+0000] {processor.py:830} INFO - Processing file /opt/airflow/dags/spam_email_etl.py for tasks to queue
[2026-04-26T19:58:52.115+0000] {logging_mixin.py:188} INFO - [2026-04-26T19:58:52.115+0000] {dagbag.py:538} INFO - Filling up the DagBag from /opt/airflow/dags/spam_email_etl.py
[2026-04-26T19:58:52.125+0000] {processor.py:840} INFO - DAG(s) 'spam_email_etl' retrieved from /opt/airflow/dags/spam_email_etl.py
[2026-04-26T19:58:52.148+0000] {logging_mixin.py:188} INFO - [2026-04-26T19:58:52.147+0000] {dag.py:3036} INFO - Sync 1 DAGs
[2026-04-26T19:58:52.179+0000] {logging_mixin.py:188} INFO - [2026-04-26T19:58:52.179+0000] {dag.py:3823} INFO - Setting next_dagrun for spam_email_etl to 2026-04-26 00:00:00+00:00, run_after=2026-04-27 00:00:00+00:00
[2026-04-26T19:58:52.204+0000] {processor.py:183} INFO - Processing /opt/airflow/dags/spam_email_etl.py took 0.094 seconds
[2026-04-26T20:59:29.743+0000] {processor.py:161} INFO - Started process (PID=963) to work on /opt/airflow/dags/spam_email_etl.py
[2026-04-26T20:59:29.746+0000] {processor.py:830} INFO - Processing file /opt/airflow/dags/spam_email_etl.py for tasks to queue
[2026-04-26T20:59:29.749+0000] {logging_mixin.py:188} INFO - [2026-04-26T20:59:29.748+0000] {dagbag.py:538} INFO - Filling up the DagBag from /opt/airflow/dags/spam_email_etl.py
[2026-04-26T20:59:29.760+0000] {processor.py:840} INFO - DAG(s) 'spam_email_etl' retrieved from /opt/airflow/dags/spam_email_etl.py
[2026-04-26T20:59:29.787+0000] {logging_mixin.py:188} INFO - [2026-04-26T20:59:29.787+0000] {dag.py:3036} INFO - Sync 1 DAGs
[2026-04-26T20:59:29.810+0000] {logging_mixin.py:188} INFO - [2026-04-26T20:59:29.810+0000] {dag.py:3823} INFO - Setting next_dagrun for spam_email_etl to 2026-04-26 00:00:00+00:00, run_after=2026-04-27 00:00:00+00:00
[2026-04-26T20:59:29.832+0000] {processor.py:183} INFO - Processing /opt/airflow/dags/spam_email_etl.py took 0.092 seconds
[2026-04-26T21:16:33.598+0000] {processor.py:161} INFO - Started process (PID=970) to work on /opt/airflow/dags/spam_email_etl.py
[2026-04-26T21:16:33.600+0000] {processor.py:830} INFO - Processing file /opt/airflow/dags/spam_email_etl.py for tasks to queue
[2026-04-26T21:16:33.601+0000] {logging_mixin.py:188} INFO - [2026-04-26T21:16:33.601+0000] {dagbag.py:538} INFO - Filling up the DagBag from /opt/airflow/dags/spam_email_etl.py
[2026-04-26T21:16:33.610+0000] {processor.py:840} INFO - DAG(s) 'spam_email_etl' retrieved from /opt/airflow/dags/spam_email_etl.py
[2026-04-26T21:16:33.635+0000] {logging_mixin.py:188} INFO - [2026-04-26T21:16:33.635+0000] {dag.py:3036} INFO - Sync 1 DAGs
[2026-04-26T21:16:33.652+0000] {logging_mixin.py:188} INFO - [2026-04-26T21:16:33.651+0000] {dag.py:3823} INFO - Setting next_dagrun for spam_email_etl to 2026-04-26 00:00:00+00:00, run_after=2026-04-27 00:00:00+00:00
[2026-04-26T21:16:33.668+0000] {processor.py:183} INFO - Processing /opt/airflow/dags/spam_email_etl.py took 0.073 seconds
[2026-04-26T21:55:51.709+0000] {processor.py:161} INFO - Started process (PID=977) to work on /opt/airflow/dags/spam_email_etl.py
[2026-04-26T21:55:51.710+0000] {processor.py:830} INFO - Processing file /opt/airflow/dags/spam_email_etl.py for tasks to queue
[2026-04-26T21:55:51.711+0000] {logging_mixin.py:188} INFO - [2026-04-26T21:55:51.711+0000] {dagbag.py:538} INFO - Filling up the DagBag from /opt/airflow/dags/spam_email_etl.py
[2026-04-26T21:55:51.725+0000] {processor.py:840} INFO - DAG(s) 'spam_email_etl' retrieved from /opt/airflow/dags/spam_email_etl.py
[2026-04-26T21:55:51.759+0000] {logging_mixin.py:188} INFO - [2026-04-26T21:55:51.758+0000] {dag.py:3036} INFO - Sync 1 DAGs
[2026-04-26T21:55:51.781+0000] {logging_mixin.py:188} INFO - [2026-04-26T21:55:51.780+0000] {dag.py:3823} INFO - Setting next_dagrun for spam_email_etl to 2026-04-26 00:00:00+00:00, run_after=2026-04-27 00:00:00+00:00
[2026-04-26T21:55:51.804+0000] {processor.py:183} INFO - Processing /opt/airflow/dags/spam_email_etl.py took 0.098 seconds
[2026-04-26T22:00:17.940+0000] {processor.py:161} INFO - Started process (PID=984) to work on /opt/airflow/dags/spam_email_etl.py
[2026-04-26T22:00:17.941+0000] {processor.py:830} INFO - Processing file /opt/airflow/dags/spam_email_etl.py for tasks to queue
[2026-04-26T22:00:17.946+0000] {logging_mixin.py:188} INFO - [2026-04-26T22:00:17.946+0000] {dagbag.py:538} INFO - Filling up the DagBag from /opt/airflow/dags/spam_email_etl.py
[2026-04-26T22:00:17.953+0000] {processor.py:840} INFO - DAG(s) 'spam_email_etl' retrieved from /opt/airflow/dags/spam_email_etl.py
[2026-04-26T22:00:17.976+0000] {logging_mixin.py:188} INFO - [2026-04-26T22:00:17.976+0000] {dag.py:3036} INFO - Sync 1 DAGs
[2026-04-26T22:00:17.993+0000] {logging_mixin.py:188} INFO - [2026-04-26T22:00:17.992+0000] {dag.py:3823} INFO - Setting next_dagrun for spam_email_etl to 2026-04-26 00:00:00+00:00, run_after=2026-04-27 00:00:00+00:00
[2026-04-26T22:00:18.006+0000] {processor.py:183} INFO - Processing /opt/airflow/dags/spam_email_etl.py took 0.068 seconds
[2026-04-26T22:08:47.113+0000] {processor.py:161} INFO - Started process (PID=991) to work on /opt/airflow/dags/spam_email_etl.py
[2026-04-26T22:08:47.114+0000] {processor.py:830} INFO - Processing file /opt/airflow/dags/spam_email_etl.py for tasks to queue
[2026-04-26T22:08:47.116+0000] {logging_mixin.py:188} INFO - [2026-04-26T22:08:47.115+0000] {dagbag.py:538} INFO - Filling up the DagBag from /opt/airflow/dags/spam_email_etl.py
[2026-04-26T22:08:47.126+0000] {processor.py:840} INFO - DAG(s) 'spam_email_etl' retrieved from /opt/airflow/dags/spam_email_etl.py
[2026-04-26T22:08:47.149+0000] {logging_mixin.py:188} INFO - [2026-04-26T22:08:47.149+0000] {dag.py:3036} INFO - Sync 1 DAGs
[2026-04-26T22:08:47.166+0000] {logging_mixin.py:188} INFO - [2026-04-26T22:08:47.166+0000] {dag.py:3823} INFO - Setting next_dagrun for spam_email_etl to 2026-04-26 00:00:00+00:00, run_after=2026-04-27 00:00:00+00:00
[2026-04-26T22:08:47.185+0000] {processor.py:183} INFO - Processing /opt/airflow/dags/spam_email_etl.py took 0.074 seconds
[2026-04-26T22:27:21.739+0000] {processor.py:161} INFO - Started process (PID=998) to work on /opt/airflow/dags/spam_email_etl.py
[2026-04-26T22:27:21.740+0000] {processor.py:830} INFO - Processing file /opt/airflow/dags/spam_email_etl.py for tasks to queue
[2026-04-26T22:27:21.744+0000] {logging_mixin.py:188} INFO - [2026-04-26T22:27:21.743+0000] {dagbag.py:538} INFO - Filling up the DagBag from /opt/airflow/dags/spam_email_etl.py
[2026-04-26T22:27:21.764+0000] {processor.py:840} INFO - DAG(s) 'spam_email_etl' retrieved from /opt/airflow/dags/spam_email_etl.py
[2026-04-26T22:27:21.802+0000] {logging_mixin.py:188} INFO - [2026-04-26T22:27:21.802+0000] {dag.py:3036} INFO - Sync 1 DAGs
[2026-04-26T22:27:21.827+0000] {logging_mixin.py:188} INFO - [2026-04-26T22:27:21.827+0000] {dag.py:3823} INFO - Setting next_dagrun for spam_email_etl to 2026-04-26 00:00:00+00:00, run_after=2026-04-27 00:00:00+00:00
[2026-04-26T22:27:21.852+0000] {processor.py:183} INFO - Processing /opt/airflow/dags/spam_email_etl.py took 0.117 seconds
[2026-04-26T22:27:52.420+0000] {processor.py:161} INFO - Started process (PID=1005) to work on /opt/airflow/dags/spam_email_etl.py
[2026-04-26T22:27:52.421+0000] {processor.py:830} INFO - Processing file /opt/airflow/dags/spam_email_etl.py for tasks to queue
[2026-04-26T22:27:52.426+0000] {logging_mixin.py:188} INFO - [2026-04-26T22:27:52.426+0000] {dagbag.py:538} INFO - Filling up the DagBag from /opt/airflow/dags/spam_email_etl.py
[2026-04-26T22:27:52.435+0000] {processor.py:840} INFO - DAG(s) 'spam_email_etl' retrieved from /opt/airflow/dags/spam_email_etl.py
[2026-04-26T22:27:52.458+0000] {logging_mixin.py:188} INFO - [2026-04-26T22:27:52.458+0000] {dag.py:3036} INFO - Sync 1 DAGs
[2026-04-26T22:27:52.479+0000] {logging_mixin.py:188} INFO - [2026-04-26T22:27:52.479+0000] {dag.py:3823} INFO - Setting next_dagrun for spam_email_etl to 2026-04-26 00:00:00+00:00, run_after=2026-04-27 00:00:00+00:00
[2026-04-26T22:27:52.501+0000] {processor.py:183} INFO - Processing /opt/airflow/dags/spam_email_etl.py took 0.083 seconds
[2026-04-26T22:28:23.011+0000] {processor.py:161} INFO - Started process (PID=1012) to work on /opt/airflow/dags/spam_email_etl.py
[2026-04-26T22:28:23.012+0000] {processor.py:830} INFO - Processing file /opt/airflow/dags/spam_email_etl.py for tasks to queue
[2026-04-26T22:28:23.014+0000] {logging_mixin.py:188} INFO - [2026-04-26T22:28:23.014+0000] {dagbag.py:538} INFO - Filling up the DagBag from /opt/airflow/dags/spam_email_etl.py
[2026-04-26T22:28:23.027+0000] {processor.py:840} INFO - DAG(s) 'spam_email_etl' retrieved from /opt/airflow/dags/spam_email_etl.py
[2026-04-26T22:28:23.049+0000] {logging_mixin.py:188} INFO - [2026-04-26T22:28:23.049+0000] {dag.py:3036} INFO - Sync 1 DAGs
[2026-04-26T22:28:23.063+0000] {logging_mixin.py:188} INFO - [2026-04-26T22:28:23.063+0000] {dag.py:3823} INFO - Setting next_dagrun for spam_email_etl to 2026-04-26 00:00:00+00:00, run_after=2026-04-27 00:00:00+00:00
[2026-04-26T22:28:23.082+0000] {processor.py:183} INFO - Processing /opt/airflow/dags/spam_email_etl.py took 0.073 seconds
[2026-04-26T22:28:53.593+0000] {processor.py:161} INFO - Started process (PID=1019) to work on /opt/airflow/dags/spam_email_etl.py
[2026-04-26T22:28:53.594+0000] {processor.py:830} INFO - Processing file /opt/airflow/dags/spam_email_etl.py for tasks to queue
[2026-04-26T22:28:53.596+0000] {logging_mixin.py:188} INFO - [2026-04-26T22:28:53.596+0000] {dagbag.py:538} INFO - Filling up the DagBag from /opt/airflow/dags/spam_email_etl.py
[2026-04-26T22:28:53.608+0000] {processor.py:840} INFO - DAG(s) 'spam_email_etl' retrieved from /opt/airflow/dags/spam_email_etl.py
[2026-04-26T22:28:53.633+0000] {logging_mixin.py:188} INFO - [2026-04-26T22:28:53.633+0000] {dag.py:3036} INFO - Sync 1 DAGs
[2026-04-26T22:28:53.650+0000] {logging_mixin.py:188} INFO - [2026-04-26T22:28:53.650+0000] {dag.py:3823} INFO - Setting next_dagrun for spam_email_etl to 2026-04-26 00:00:00+00:00, run_after=2026-04-27 00:00:00+00:00
[2026-04-26T22:28:53.668+0000] {processor.py:183} INFO - Processing /opt/airflow/dags/spam_email_etl.py took 0.078 seconds
[2026-04-26T22:29:24.193+0000] {processor.py:161} INFO - Started process (PID=1026) to work on /opt/airflow/dags/spam_email_etl.py
[2026-04-26T22:29:24.194+0000] {processor.py:830} INFO - Processing file /opt/airflow/dags/spam_email_etl.py for tasks to queue
[2026-04-26T22:29:24.196+0000] {logging_mixin.py:188} INFO - [2026-04-26T22:29:24.196+0000] {dagbag.py:538} INFO - Filling up the DagBag from /opt/airflow/dags/spam_email_etl.py
[2026-04-26T22:29:24.211+0000] {processor.py:840} INFO - DAG(s) 'spam_email_etl' retrieved from /opt/airflow/dags/spam_email_etl.py
[2026-04-26T22:29:24.235+0000] {logging_mixin.py:188} INFO - [2026-04-26T22:29:24.234+0000] {dag.py:3036} INFO - Sync 1 DAGs
[2026-04-26T22:29:24.254+0000] {logging_mixin.py:188} INFO - [2026-04-26T22:29:24.253+0000] {dag.py:3823} INFO - Setting next_dagrun for spam_email_etl to 2026-04-26 00:00:00+00:00, run_after=2026-04-27 00:00:00+00:00
[2026-04-26T22:29:24.272+0000] {processor.py:183} INFO - Processing /opt/airflow/dags/spam_email_etl.py took 0.081 seconds
[2026-04-26T22:29:54.809+0000] {processor.py:161} INFO - Started process (PID=1033) to work on /opt/airflow/dags/spam_email_etl.py
[2026-04-26T22:29:54.810+0000] {processor.py:830} INFO - Processing file /opt/airflow/dags/spam_email_etl.py for tasks to queue
[2026-04-26T22:29:54.813+0000] {logging_mixin.py:188} INFO - [2026-04-26T22:29:54.812+0000] {dagbag.py:538} INFO - Filling up the DagBag from /opt/airflow/dags/spam_email_etl.py
[2026-04-26T22:29:54.825+0000] {processor.py:840} INFO - DAG(s) 'spam_email_etl' retrieved from /opt/airflow/dags/spam_email_etl.py
[2026-04-26T22:29:54.847+0000] {logging_mixin.py:188} INFO - [2026-04-26T22:29:54.846+0000] {dag.py:3036} INFO - Sync 1 DAGs
[2026-04-26T22:29:54.863+0000] {logging_mixin.py:188} INFO - [2026-04-26T22:29:54.863+0000] {dag.py:3823} INFO - Setting next_dagrun for spam_email_etl to 2026-04-26 00:00:00+00:00, run_after=2026-04-27 00:00:00+00:00
[2026-04-26T22:29:54.885+0000] {processor.py:183} INFO - Processing /opt/airflow/dags/spam_email_etl.py took 0.078 seconds
[2026-04-26T22:30:25.356+0000] {processor.py:161} INFO - Started process (PID=1040) to work on /opt/airflow/dags/spam_email_etl.py
[2026-04-26T22:30:25.356+0000] {processor.py:830} INFO - Processing file /opt/airflow/dags/spam_email_etl.py for tasks to queue
[2026-04-26T22:30:25.358+0000] {logging_mixin.py:188} INFO - [2026-04-26T22:30:25.358+0000] {dagbag.py:538} INFO - Filling up the DagBag from /opt/airflow/dags/spam_email_etl.py
[2026-04-26T22:30:25.373+0000] {processor.py:840} INFO - DAG(s) 'spam_email_etl' retrieved from /opt/airflow/dags/spam_email_etl.py
[2026-04-26T22:30:25.394+0000] {logging_mixin.py:188} INFO - [2026-04-26T22:30:25.394+0000] {dag.py:3036} INFO - Sync 1 DAGs
[2026-04-26T22:30:25.410+0000] {logging_mixin.py:188} INFO - [2026-04-26T22:30:25.409+0000] {dag.py:3823} INFO - Setting next_dagrun for spam_email_etl to 2026-04-26 00:00:00+00:00, run_after=2026-04-27 00:00:00+00:00
[2026-04-26T22:30:25.423+0000] {processor.py:183} INFO - Processing /opt/airflow/dags/spam_email_etl.py took 0.070 seconds
[2026-04-26T22:30:55.919+0000] {processor.py:161} INFO - Started process (PID=1047) to work on /opt/airflow/dags/spam_email_etl.py
[2026-04-26T22:30:55.920+0000] {processor.py:830} INFO - Processing file /opt/airflow/dags/spam_email_etl.py for tasks to queue
[2026-04-26T22:30:55.922+0000] {logging_mixin.py:188} INFO - [2026-04-26T22:30:55.921+0000] {dagbag.py:538} INFO - Filling up the DagBag from /opt/airflow/dags/spam_email_etl.py
[2026-04-26T22:30:55.933+0000] {processor.py:840} INFO - DAG(s) 'spam_email_etl' retrieved from /opt/airflow/dags/spam_email_etl.py
[2026-04-26T22:30:55.952+0000] {logging_mixin.py:188} INFO - [2026-04-26T22:30:55.952+0000] {dag.py:3036} INFO - Sync 1 DAGs
[2026-04-26T22:30:55.970+0000] {logging_mixin.py:188} INFO - [2026-04-26T22:30:55.969+0000] {dag.py:3823} INFO - Setting next_dagrun for spam_email_etl to 2026-04-26 00:00:00+00:00, run_after=2026-04-27 00:00:00+00:00
[2026-04-26T22:30:55.986+0000] {processor.py:183} INFO - Processing /opt/airflow/dags/spam_email_etl.py took 0.070 seconds
[2026-04-26T22:31:26.513+0000] {processor.py:161} INFO - Started process (PID=1054) to work on /opt/airflow/dags/spam_email_etl.py
[2026-04-26T22:31:26.514+0000] {processor.py:830} INFO - Processing file /opt/airflow/dags/spam_email_etl.py for tasks to queue
[2026-04-26T22:31:26.517+0000] {logging_mixin.py:188} INFO - [2026-04-26T22:31:26.517+0000] {dagbag.py:538} INFO - Filling up the DagBag from /opt/airflow/dags/spam_email_etl.py
[2026-04-26T22:31:26.532+0000] {processor.py:840} INFO - DAG(s) 'spam_email_etl' retrieved from /opt/airflow/dags/spam_email_etl.py
[2026-04-26T22:31:26.550+0000] {logging_mixin.py:188} INFO - [2026-04-26T22:31:26.550+0000] {dag.py:3036} INFO - Sync 1 DAGs
[2026-04-26T22:31:26.571+0000] {logging_mixin.py:188} INFO - [2026-04-26T22:31:26.571+0000] {dag.py:3823} INFO - Setting next_dagrun for spam_email_etl to 2026-04-26 00:00:00+00:00, run_after=2026-04-27 00:00:00+00:00
[2026-04-26T22:31:26.591+0000] {processor.py:183} INFO - Processing /opt/airflow/dags/spam_email_etl.py took 0.080 seconds
[2026-04-26T22:33:29.180+0000] {processor.py:161} INFO - Started process (PID=1061) to work on /opt/airflow/dags/spam_email_etl.py
[2026-04-26T22:33:29.180+0000] {processor.py:830} INFO - Processing file /opt/airflow/dags/spam_email_etl.py for tasks to queue
[2026-04-26T22:33:29.182+0000] {logging_mixin.py:188} INFO - [2026-04-26T22:33:29.182+0000] {dagbag.py:538} INFO - Filling up the DagBag from /opt/airflow/dags/spam_email_etl.py
[2026-04-26T22:33:29.193+0000] {processor.py:840} INFO - DAG(s) 'spam_email_etl' retrieved from /opt/airflow/dags/spam_email_etl.py
[2026-04-26T22:33:29.212+0000] {logging_mixin.py:188} INFO - [2026-04-26T22:33:29.212+0000] {dag.py:3036} INFO - Sync 1 DAGs
[2026-04-26T22:33:29.229+0000] {logging_mixin.py:188} INFO - [2026-04-26T22:33:29.229+0000] {dag.py:3823} INFO - Setting next_dagrun for spam_email_etl to 2026-04-26 00:00:00+00:00, run_after=2026-04-27 00:00:00+00:00
[2026-04-26T22:33:29.245+0000] {processor.py:183} INFO - Processing /opt/airflow/dags/spam_email_etl.py took 0.068 seconds
[2026-04-26T22:34:11.371+0000] {processor.py:161} INFO - Started process (PID=1068) to work on /opt/airflow/dags/spam_email_etl.py
[2026-04-26T22:34:11.372+0000] {processor.py:830} INFO - Processing file /opt/airflow/dags/spam_email_etl.py for tasks to queue
[2026-04-26T22:34:11.374+0000] {logging_mixin.py:188} INFO - [2026-04-26T22:34:11.373+0000] {dagbag.py:538} INFO - Filling up the DagBag from /opt/airflow/dags/spam_email_etl.py
[2026-04-26T22:34:11.382+0000] {processor.py:840} INFO - DAG(s) 'spam_email_etl' retrieved from /opt/airflow/dags/spam_email_etl.py
[2026-04-26T22:34:11.524+0000] {logging_mixin.py:188} INFO - [2026-04-26T22:34:11.523+0000] {dag.py:3036} INFO - Sync 1 DAGs
[2026-04-26T22:34:11.643+0000] {logging_mixin.py:188} INFO - [2026-04-26T22:34:11.643+0000] {dag.py:3823} INFO - Setting next_dagrun for spam_email_etl to 2026-04-26 00:00:00+00:00, run_after=2026-04-27 00:00:00+00:00
[2026-04-26T22:34:11.665+0000] {processor.py:183} INFO - Processing /opt/airflow/dags/spam_email_etl.py took 0.296 seconds
[2026-04-26T23:05:14.938+0000] {processor.py:161} INFO - Started process (PID=1075) to work on /opt/airflow/dags/spam_email_etl.py
[2026-04-26T23:05:14.939+0000] {processor.py:830} INFO - Processing file /opt/airflow/dags/spam_email_etl.py for tasks to queue
[2026-04-26T23:05:14.942+0000] {logging_mixin.py:188} INFO - [2026-04-26T23:05:14.941+0000] {dagbag.py:538} INFO - Filling up the DagBag from /opt/airflow/dags/spam_email_etl.py
[2026-04-26T23:05:14.954+0000] {processor.py:840} INFO - DAG(s) 'spam_email_etl' retrieved from /opt/airflow/dags/spam_email_etl.py
[2026-04-26T23:05:14.983+0000] {logging_mixin.py:188} INFO - [2026-04-26T23:05:14.983+0000] {dag.py:3036} INFO - Sync 1 DAGs
[2026-04-26T23:05:15.001+0000] {logging_mixin.py:188} INFO - [2026-04-26T23:05:15.001+0000] {dag.py:3823} INFO - Setting next_dagrun for spam_email_etl to 2026-04-26 00:00:00+00:00, run_after=2026-04-27 00:00:00+00:00
[2026-04-26T23:05:15.025+0000] {processor.py:183} INFO - Processing /opt/airflow/dags/spam_email_etl.py took 0.089 seconds
[2026-04-26T23:59:33.903+0000] {processor.py:161} INFO - Started process (PID=1082) to work on /opt/airflow/dags/spam_email_etl.py
[2026-04-26T23:59:33.903+0000] {processor.py:830} INFO - Processing file /opt/airflow/dags/spam_email_etl.py for tasks to queue
[2026-04-26T23:59:33.905+0000] {logging_mixin.py:188} INFO - [2026-04-26T23:59:33.905+0000] {dagbag.py:538} INFO - Filling up the DagBag from /opt/airflow/dags/spam_email_etl.py
[2026-04-26T23:59:33.912+0000] {processor.py:840} INFO - DAG(s) 'spam_email_etl' retrieved from /opt/airflow/dags/spam_email_etl.py
[2026-04-26T23:59:33.937+0000] {logging_mixin.py:188} INFO - [2026-04-26T23:59:33.936+0000] {dag.py:3036} INFO - Sync 1 DAGs
[2026-04-26T23:59:33.952+0000] {logging_mixin.py:188} INFO - [2026-04-26T23:59:33.951+0000] {dag.py:3823} INFO - Setting next_dagrun for spam_email_etl to 2026-04-26 00:00:00+00:00, run_after=2026-04-27 00:00:00+00:00
[2026-04-26T23:59:33.968+0000] {processor.py:183} INFO - Processing /opt/airflow/dags/spam_email_etl.py took 0.068 seconds
