[2026-04-19T06:31:16.046+0000] {taskinstance.py:1956} INFO - Dependencies all met for dep_context=non-requeueable deps ti=<TaskInstance: spam_email_etl.load_csv_to_snowflake manual__2026-04-19T06:21:06.308569+00:00 [queued]>
[2026-04-19T06:31:16.050+0000] {taskinstance.py:1956} INFO - Dependencies all met for dep_context=requeueable deps ti=<TaskInstance: spam_email_etl.load_csv_to_snowflake manual__2026-04-19T06:21:06.308569+00:00 [queued]>
[2026-04-19T06:31:16.051+0000] {taskinstance.py:2170} INFO - Starting attempt 4 of 5
[2026-04-19T06:31:16.057+0000] {taskinstance.py:2191} INFO - Executing <Task(PythonOperator): load_csv_to_snowflake> on 2026-04-19 06:21:06.308569+00:00
[2026-04-19T06:31:16.060+0000] {standard_task_runner.py:60} INFO - Started process 281 to run task
[2026-04-19T06:31:16.062+0000] {standard_task_runner.py:87} INFO - Running: ['***', 'tasks', 'run', 'spam_email_etl', 'load_csv_to_snowflake', 'manual__2026-04-19T06:21:06.308569+00:00', '--job-id', '253', '--raw', '--subdir', 'DAGS_FOLDER/spam_email_etl.py', '--cfg-path', '/tmp/tmp5bnk4gel']
[2026-04-19T06:31:16.064+0000] {standard_task_runner.py:88} INFO - Job 253: Subtask load_csv_to_snowflake
[2026-04-19T06:31:16.090+0000] {task_command.py:423} INFO - Running <TaskInstance: spam_email_etl.load_csv_to_snowflake manual__2026-04-19T06:21:06.308569+00:00 [running]> on host 4589d7dcd571
[2026-04-19T06:31:16.130+0000] {taskinstance.py:2480} INFO - Exporting env vars: AIRFLOW_CTX_DAG_OWNER='***' AIRFLOW_CTX_DAG_ID='spam_email_etl' AIRFLOW_CTX_TASK_ID='load_csv_to_snowflake' AIRFLOW_CTX_EXECUTION_DATE='2026-04-19T06:21:06.308569+00:00' AIRFLOW_CTX_TRY_NUMBER='4' AIRFLOW_CTX_DAG_RUN_ID='manual__2026-04-19T06:21:06.308569+00:00'
[2026-04-19T06:31:16.136+0000] {base.py:83} INFO - Using connection ID 'snowflake_default' for task execution.
[2026-04-19T06:31:16.136+0000] {connection.py:370} INFO - Snowflake Connector for Python Version: 3.6.0, Python Version: 3.8.18, Platform: Linux-6.12.68-linuxkit-aarch64-with-glibc2.34
[2026-04-19T06:31:16.137+0000] {connection.py:1171} INFO - This connection is in OCSP Fail Open Mode. TLS Certificates would be checked for validity and revocation status. Any other Certificate Revocation related exceptions or OCSP Responder failures would be disregarded in favor of connectivity.
[2026-04-19T06:31:16.137+0000] {connection.py:1181} INFO - THIS CONNECTION IS IN INSECURE MODE. IT MEANS THE CERTIFICATE WILL BE VALIDATED BUT THE CERTIFICATE REVOCATION STATUS WILL NOT BE CHECKED.
[2026-04-19T06:31:16.323+0000] {ssl_wrap_socket.py:100} INFO - THIS CONNECTION IS IN INSECURE MODE. IT MEANS THE CERTIFICATE WILL BE VALIDATED BUT THE CERTIFICATE REVOCATION STATUS WILL NOT BE CHECKED.
[2026-04-19T06:31:16.527+0000] {cursor.py:1028} INFO - query: [USE ROLE TRAINING_ROLE]
[2026-04-19T06:31:17.408+0000] {cursor.py:1041} INFO - query execution done
[2026-04-19T06:31:17.409+0000] {cursor.py:1205} INFO - Number of results in first chunk: 1
[2026-04-19T06:31:17.409+0000] {cursor.py:1028} INFO - query: [USE WAREHOUSE RABBIT_QUERY_WH]
[2026-04-19T06:31:17.558+0000] {cursor.py:1041} INFO - query execution done
[2026-04-19T06:31:17.559+0000] {cursor.py:1205} INFO - Number of results in first chunk: 1
[2026-04-19T06:31:17.560+0000] {cursor.py:1028} INFO - query: [USE DATABASE USER_DB_RABBIT]
[2026-04-19T06:31:17.659+0000] {cursor.py:1041} INFO - query execution done
[2026-04-19T06:31:17.660+0000] {cursor.py:1205} INFO - Number of results in first chunk: 1
[2026-04-19T06:31:17.661+0000] {cursor.py:1028} INFO - query: [USE SCHEMA PUBLIC]
[2026-04-19T06:31:17.822+0000] {cursor.py:1041} INFO - query execution done
[2026-04-19T06:31:17.823+0000] {cursor.py:1205} INFO - Number of results in first chunk: 1
[2026-04-19T06:31:17.823+0000] {cursor.py:1028} INFO - query: [BEGIN]
[2026-04-19T06:31:17.938+0000] {cursor.py:1041} INFO - query execution done
[2026-04-19T06:31:17.939+0000] {cursor.py:1205} INFO - Number of results in first chunk: 1
[2026-04-19T06:31:17.939+0000] {cursor.py:1028} INFO - query: [TRUNCATE TABLE RAW_SPAM_EMAILS]
[2026-04-19T06:31:41.685+0000] {cursor.py:1041} INFO - query execution done
[2026-04-19T06:31:41.686+0000] {cursor.py:1205} INFO - Number of results in first chunk: 1
[2026-04-19T06:31:41.697+0000] {cursor.py:1028} INFO - query: [INSERT INTO RAW_SPAM_EMAILS (LABEL, MESSAGE) VALUES ('ham', 'Go until jurong poi...]
[2026-04-19T06:31:42.183+0000] {cursor.py:1041} INFO - query execution done
[2026-04-19T06:31:42.189+0000] {cursor.py:1028} INFO - query: [INSERT INTO RAW_SPAM_EMAILS (LABEL, MESSAGE) VALUES ('ham', 'Fighting with the w...]
[2026-04-19T06:31:42.695+0000] {cursor.py:1041} INFO - query execution done
[2026-04-19T06:31:42.700+0000] {cursor.py:1028} INFO - query: [INSERT INTO RAW_SPAM_EMAILS (LABEL, MESSAGE) VALUES ('ham', 'No..but heard abt t...]
[2026-04-19T06:31:43.082+0000] {cursor.py:1041} INFO - query execution done
[2026-04-19T06:31:43.088+0000] {cursor.py:1028} INFO - query: [INSERT INTO RAW_SPAM_EMAILS (LABEL, MESSAGE) VALUES ('ham', 'Host-based IDPS for...]
[2026-04-19T06:31:43.891+0000] {cursor.py:1041} INFO - query execution done
[2026-04-19T06:31:43.897+0000] {cursor.py:1028} INFO - query: [INSERT INTO RAW_SPAM_EMAILS (LABEL, MESSAGE) VALUES ('ham', 'But i\'ll b going 2...]
[2026-04-19T06:31:44.443+0000] {cursor.py:1041} INFO - query execution done
[2026-04-19T06:31:44.454+0000] {cursor.py:1028} INFO - query: [INSERT INTO RAW_SPAM_EMAILS (LABEL, MESSAGE) VALUES ('ham', 'Remember to ask ale...]
[2026-04-19T06:31:45.619+0000] {cursor.py:1041} INFO - query execution done
[2026-04-19T06:31:45.630+0000] {cursor.py:1028} INFO - query: [INSERT INTO RAW_SPAM_EMAILS (LABEL, MESSAGE) VALUES ('spam', 'This message is fr...]
[2026-04-19T06:31:46.385+0000] {cursor.py:1041} INFO - query execution done
[2026-04-19T06:31:46.395+0000] {cursor.py:1028} INFO - query: [INSERT INTO RAW_SPAM_EMAILS (LABEL, MESSAGE) VALUES ('ham', 'says the  &lt;#&gt;...]
[2026-04-19T06:31:46.989+0000] {cursor.py:1041} INFO - query execution done
[2026-04-19T06:31:46.995+0000] {cursor.py:1028} INFO - query: [INSERT INTO RAW_SPAM_EMAILS (LABEL, MESSAGE) VALUES ('ham', 'He\'s just gonna wo...]
[2026-04-19T06:31:48.314+0000] {cursor.py:1041} INFO - query execution done
[2026-04-19T06:31:48.325+0000] {cursor.py:1028} INFO - query: [INSERT INTO RAW_SPAM_EMAILS (LABEL, MESSAGE) VALUES ('ham', 'So wat\'s da decisi...]
[2026-04-19T06:31:48.750+0000] {cursor.py:1041} INFO - query execution done
[2026-04-19T06:31:48.760+0000] {cursor.py:1028} INFO - query: [INSERT INTO RAW_SPAM_EMAILS (LABEL, MESSAGE) VALUES ('ham', 'Nope. Since ayo tra...]
[2026-04-19T06:31:49.356+0000] {cursor.py:1041} INFO - query execution done
[2026-04-19T06:31:49.360+0000] {cursor.py:1028} INFO - query: [INSERT INTO RAW_SPAM_EMAILS (LABEL, MESSAGE) VALUES ('ham', 'Love has one law; M...]
[2026-04-19T06:31:49.972+0000] {cursor.py:1041} INFO - query execution done
[2026-04-19T06:31:49.974+0000] {cursor.py:1028} INFO - query: [COMMIT]
[2026-04-19T06:31:52.219+0000] {cursor.py:1041} INFO - query execution done
[2026-04-19T06:31:52.219+0000] {cursor.py:1205} INFO - Number of results in first chunk: 1
[2026-04-19T06:31:52.220+0000] {logging_mixin.py:188} INFO - Successfully loaded spam emails to Snowflake
[2026-04-19T06:31:52.220+0000] {connection.py:718} INFO - closed
[2026-04-19T06:31:52.261+0000] {connection.py:724} INFO - No async queries seem to be running, deleting session
[2026-04-19T06:31:52.324+0000] {python.py:201} INFO - Done. Returned value was: None
[2026-04-19T06:31:52.334+0000] {taskinstance.py:1138} INFO - Marking task as SUCCESS. dag_id=spam_email_etl, task_id=load_csv_to_snowflake, execution_date=20260419T062106, start_date=20260419T063116, end_date=20260419T063152
[2026-04-19T06:31:52.384+0000] {local_task_job_runner.py:234} INFO - Task exited with return code 0
[2026-04-19T06:31:52.400+0000] {taskinstance.py:3280} INFO - 1 downstream tasks scheduled from follow-on schedule check
