[2026-04-19T06:26:11.161+0000] {taskinstance.py:1956} INFO - Dependencies all met for dep_context=non-requeueable deps ti=<TaskInstance: spam_email_etl.load_csv_to_snowflake manual__2026-04-19T06:21:06.308569+00:00 [queued]>
[2026-04-19T06:26:11.166+0000] {taskinstance.py:1956} INFO - Dependencies all met for dep_context=requeueable deps ti=<TaskInstance: spam_email_etl.load_csv_to_snowflake manual__2026-04-19T06:21:06.308569+00:00 [queued]>
[2026-04-19T06:26:11.166+0000] {taskinstance.py:2170} INFO - Starting attempt 2 of 2
[2026-04-19T06:26:11.172+0000] {taskinstance.py:2191} INFO - Executing <Task(PythonOperator): load_csv_to_snowflake> on 2026-04-19 06:21:06.308569+00:00
[2026-04-19T06:26:11.175+0000] {standard_task_runner.py:60} INFO - Started process 221 to run task
[2026-04-19T06:26:11.178+0000] {standard_task_runner.py:87} INFO - Running: ['***', 'tasks', 'run', 'spam_email_etl', 'load_csv_to_snowflake', 'manual__2026-04-19T06:21:06.308569+00:00', '--job-id', '233', '--raw', '--subdir', 'DAGS_FOLDER/spam_email_etl.py', '--cfg-path', '/tmp/tmp3qor1ztz']
[2026-04-19T06:26:11.180+0000] {standard_task_runner.py:88} INFO - Job 233: Subtask load_csv_to_snowflake
[2026-04-19T06:26:11.205+0000] {task_command.py:423} INFO - Running <TaskInstance: spam_email_etl.load_csv_to_snowflake manual__2026-04-19T06:21:06.308569+00:00 [running]> on host 4589d7dcd571
[2026-04-19T06:26:11.246+0000] {taskinstance.py:2480} INFO - Exporting env vars: AIRFLOW_CTX_DAG_OWNER='***' AIRFLOW_CTX_DAG_ID='spam_email_etl' AIRFLOW_CTX_TASK_ID='load_csv_to_snowflake' AIRFLOW_CTX_EXECUTION_DATE='2026-04-19T06:21:06.308569+00:00' AIRFLOW_CTX_TRY_NUMBER='2' AIRFLOW_CTX_DAG_RUN_ID='manual__2026-04-19T06:21:06.308569+00:00'
[2026-04-19T06:26:11.253+0000] {base.py:83} INFO - Using connection ID 'snowflake_default' for task execution.
[2026-04-19T06:26:11.253+0000] {connection.py:370} INFO - Snowflake Connector for Python Version: 3.6.0, Python Version: 3.8.18, Platform: Linux-6.12.68-linuxkit-aarch64-with-glibc2.34
[2026-04-19T06:26:11.254+0000] {connection.py:1171} INFO - This connection is in OCSP Fail Open Mode. TLS Certificates would be checked for validity and revocation status. Any other Certificate Revocation related exceptions or OCSP Responder failures would be disregarded in favor of connectivity.
[2026-04-19T06:26:11.254+0000] {connection.py:1181} INFO - THIS CONNECTION IS IN INSECURE MODE. IT MEANS THE CERTIFICATE WILL BE VALIDATED BUT THE CERTIFICATE REVOCATION STATUS WILL NOT BE CHECKED.
[2026-04-19T06:26:11.373+0000] {ssl_wrap_socket.py:100} INFO - THIS CONNECTION IS IN INSECURE MODE. IT MEANS THE CERTIFICATE WILL BE VALIDATED BUT THE CERTIFICATE REVOCATION STATUS WILL NOT BE CHECKED.
[2026-04-19T06:26:12.264+0000] {cursor.py:1028} INFO - query: [BEGIN]
[2026-04-19T06:26:12.873+0000] {cursor.py:1041} INFO - query execution done
[2026-04-19T06:26:12.874+0000] {cursor.py:1205} INFO - Number of results in first chunk: 1
[2026-04-19T06:26:12.875+0000] {cursor.py:1028} INFO - query: [USE ROLE TRAINING_ROLE;]
[2026-04-19T06:26:12.970+0000] {cursor.py:1041} INFO - query execution done
[2026-04-19T06:26:12.970+0000] {cursor.py:1205} INFO - Number of results in first chunk: 1
[2026-04-19T06:26:12.970+0000] {cursor.py:1028} INFO - query: [USE WAREHOUSE RABBIT_QUERY_WH;]
[2026-04-19T06:26:13.081+0000] {cursor.py:1041} INFO - query execution done
[2026-04-19T06:26:13.081+0000] {cursor.py:1205} INFO - Number of results in first chunk: 1
[2026-04-19T06:26:13.082+0000] {cursor.py:1028} INFO - query: [USE DATABASE USER_DB_RABBIT;]
[2026-04-19T06:26:13.236+0000] {cursor.py:1041} INFO - query execution done
[2026-04-19T06:26:13.236+0000] {cursor.py:1205} INFO - Number of results in first chunk: 1
[2026-04-19T06:26:13.236+0000] {cursor.py:1028} INFO - query: [USE SCHEMA PUBLIC;]
[2026-04-19T06:26:13.450+0000] {cursor.py:1041} INFO - query execution done
[2026-04-19T06:26:13.451+0000] {cursor.py:1205} INFO - Number of results in first chunk: 1
[2026-04-19T06:26:13.451+0000] {cursor.py:1028} INFO - query: [TRUNCATE TABLE RAW_SPAM_EMAILS]
[2026-04-19T06:26:14.507+0000] {cursor.py:1041} INFO - query execution done
[2026-04-19T06:26:14.508+0000] {cursor.py:1205} INFO - Number of results in first chunk: 1
[2026-04-19T06:26:14.508+0000] {cursor.py:1028} INFO - query: [ROLLBACK]
[2026-04-19T06:26:15.568+0000] {cursor.py:1041} INFO - query execution done
[2026-04-19T06:26:15.569+0000] {cursor.py:1205} INFO - Number of results in first chunk: 1
[2026-04-19T06:26:15.570+0000] {connection.py:718} INFO - closed
[2026-04-19T06:26:15.694+0000] {connection.py:724} INFO - No async queries seem to be running, deleting session
[2026-04-19T06:26:15.751+0000] {taskinstance.py:2698} ERROR - Task failed with exception
Traceback (most recent call last):
  File "/opt/airflow/dags/spam_email_etl.py", line 41, in load_csv_to_snowflake
    with open(csv_path, 'r', encoding='latin-1') as f:
FileNotFoundError: [Errno 2] No such file or directory: '/opt/airflow/spam mail.csv'

During handling of the above exception, another exception occurred:

Traceback (most recent call last):
  File "/home/airflow/.local/lib/python3.8/site-packages/airflow/models/taskinstance.py", line 433, in _execute_task
    result = execute_callable(context=context, **execute_callable_kwargs)
  File "/home/airflow/.local/lib/python3.8/site-packages/airflow/operators/python.py", line 199, in execute
    return_value = self.execute_callable()
  File "/home/airflow/.local/lib/python3.8/site-packages/airflow/operators/python.py", line 216, in execute_callable
    return self.python_callable(*self.op_args, **self.op_kwargs)
  File "/opt/airflow/dags/spam_email_etl.py", line 70, in load_csv_to_snowflake
    raise Exception(f"Failed to load data: {str(e)}")
Exception: Failed to load data: [Errno 2] No such file or directory: '/opt/***/spam mail.csv'
[2026-04-19T06:26:15.762+0000] {taskinstance.py:1138} INFO - Marking task as FAILED. dag_id=spam_email_etl, task_id=load_csv_to_snowflake, execution_date=20260419T062106, start_date=20260419T062611, end_date=20260419T062615
[2026-04-19T06:26:15.775+0000] {standard_task_runner.py:107} ERROR - Failed to execute job 233 for task load_csv_to_snowflake (Failed to load data: [Errno 2] No such file or directory: '/opt/***/spam mail.csv'; 221)
[2026-04-19T06:26:15.791+0000] {local_task_job_runner.py:234} INFO - Task exited with return code 1
[2026-04-19T06:26:15.807+0000] {taskinstance.py:3280} INFO - 0 downstream tasks scheduled from follow-on schedule check
