[2026-03-04T04:41:09.616+0000] {processor.py:161} INFO - Started process (PID=36) to work on /opt/airflow/dags/country_capital_to_snowflake_v2.py
[2026-03-04T04:41:09.617+0000] {processor.py:830} INFO - Processing file /opt/airflow/dags/country_capital_to_snowflake_v2.py for tasks to queue
[2026-03-04T04:41:09.619+0000] {logging_mixin.py:188} INFO - [2026-03-04T04:41:09.619+0000] {dagbag.py:538} INFO - Filling up the DagBag from /opt/airflow/dags/country_capital_to_snowflake_v2.py
[2026-03-04T04:41:09.638+0000] {processor.py:840} INFO - DAG(s) 'CountryCaptial_v2' retrieved from /opt/airflow/dags/country_capital_to_snowflake_v2.py
[2026-03-04T04:41:09.651+0000] {logging_mixin.py:188} INFO - [2026-03-04T04:41:09.650+0000] {dag.py:3036} INFO - Sync 1 DAGs
[2026-03-04T04:41:09.666+0000] {logging_mixin.py:188} INFO - [2026-03-04T04:41:09.666+0000] {dag.py:3823} INFO - Setting next_dagrun for CountryCaptial_v2 to 2026-03-04 02:30:00+00:00, run_after=2026-03-05 02:30:00+00:00
[2026-03-04T04:41:09.678+0000] {processor.py:183} INFO - Processing /opt/airflow/dags/country_capital_to_snowflake_v2.py took 0.065 seconds
[2026-03-04T04:41:39.926+0000] {processor.py:161} INFO - Started process (PID=37) to work on /opt/airflow/dags/country_capital_to_snowflake_v2.py
[2026-03-04T04:41:39.927+0000] {processor.py:830} INFO - Processing file /opt/airflow/dags/country_capital_to_snowflake_v2.py for tasks to queue
[2026-03-04T04:41:39.929+0000] {logging_mixin.py:188} INFO - [2026-03-04T04:41:39.929+0000] {dagbag.py:538} INFO - Filling up the DagBag from /opt/airflow/dags/country_capital_to_snowflake_v2.py
[2026-03-04T04:41:39.945+0000] {processor.py:840} INFO - DAG(s) 'CountryCaptial_v2' retrieved from /opt/airflow/dags/country_capital_to_snowflake_v2.py
[2026-03-04T04:41:40.009+0000] {logging_mixin.py:188} INFO - [2026-03-04T04:41:40.009+0000] {dag.py:3036} INFO - Sync 1 DAGs
[2026-03-04T04:41:40.021+0000] {logging_mixin.py:188} INFO - [2026-03-04T04:41:40.021+0000] {dag.py:3823} INFO - Setting next_dagrun for CountryCaptial_v2 to 2026-03-04 02:30:00+00:00, run_after=2026-03-05 02:30:00+00:00
[2026-03-04T04:41:40.031+0000] {processor.py:183} INFO - Processing /opt/airflow/dags/country_capital_to_snowflake_v2.py took 0.107 seconds
[2026-03-04T04:42:10.291+0000] {processor.py:161} INFO - Started process (PID=38) to work on /opt/airflow/dags/country_capital_to_snowflake_v2.py
[2026-03-04T04:42:10.292+0000] {processor.py:830} INFO - Processing file /opt/airflow/dags/country_capital_to_snowflake_v2.py for tasks to queue
[2026-03-04T04:42:10.294+0000] {logging_mixin.py:188} INFO - [2026-03-04T04:42:10.293+0000] {dagbag.py:538} INFO - Filling up the DagBag from /opt/airflow/dags/country_capital_to_snowflake_v2.py
[2026-03-04T04:42:10.318+0000] {processor.py:840} INFO - DAG(s) 'CountryCaptial_v2' retrieved from /opt/airflow/dags/country_capital_to_snowflake_v2.py
[2026-03-04T04:42:10.329+0000] {logging_mixin.py:188} INFO - [2026-03-04T04:42:10.329+0000] {dag.py:3036} INFO - Sync 1 DAGs
[2026-03-04T04:42:10.342+0000] {logging_mixin.py:188} INFO - [2026-03-04T04:42:10.342+0000] {dag.py:3823} INFO - Setting next_dagrun for CountryCaptial_v2 to 2026-03-04 02:30:00+00:00, run_after=2026-03-05 02:30:00+00:00
[2026-03-04T04:42:10.352+0000] {processor.py:183} INFO - Processing /opt/airflow/dags/country_capital_to_snowflake_v2.py took 0.065 seconds
[2026-03-04T04:42:40.600+0000] {processor.py:161} INFO - Started process (PID=39) to work on /opt/airflow/dags/country_capital_to_snowflake_v2.py
[2026-03-04T04:42:40.601+0000] {processor.py:830} INFO - Processing file /opt/airflow/dags/country_capital_to_snowflake_v2.py for tasks to queue
[2026-03-04T04:42:40.602+0000] {logging_mixin.py:188} INFO - [2026-03-04T04:42:40.602+0000] {dagbag.py:538} INFO - Filling up the DagBag from /opt/airflow/dags/country_capital_to_snowflake_v2.py
[2026-03-04T04:42:40.622+0000] {processor.py:840} INFO - DAG(s) 'CountryCaptial_v2' retrieved from /opt/airflow/dags/country_capital_to_snowflake_v2.py
[2026-03-04T04:42:40.636+0000] {logging_mixin.py:188} INFO - [2026-03-04T04:42:40.635+0000] {dag.py:3036} INFO - Sync 1 DAGs
[2026-03-04T04:42:40.653+0000] {logging_mixin.py:188} INFO - [2026-03-04T04:42:40.652+0000] {dag.py:3823} INFO - Setting next_dagrun for CountryCaptial_v2 to 2026-03-04 02:30:00+00:00, run_after=2026-03-05 02:30:00+00:00
[2026-03-04T04:42:40.667+0000] {processor.py:183} INFO - Processing /opt/airflow/dags/country_capital_to_snowflake_v2.py took 0.070 seconds
[2026-03-04T04:43:10.963+0000] {processor.py:161} INFO - Started process (PID=40) to work on /opt/airflow/dags/country_capital_to_snowflake_v2.py
[2026-03-04T04:43:10.964+0000] {processor.py:830} INFO - Processing file /opt/airflow/dags/country_capital_to_snowflake_v2.py for tasks to queue
[2026-03-04T04:43:10.966+0000] {logging_mixin.py:188} INFO - [2026-03-04T04:43:10.966+0000] {dagbag.py:538} INFO - Filling up the DagBag from /opt/airflow/dags/country_capital_to_snowflake_v2.py
[2026-03-04T04:43:10.991+0000] {processor.py:840} INFO - DAG(s) 'CountryCaptial_v2' retrieved from /opt/airflow/dags/country_capital_to_snowflake_v2.py
[2026-03-04T04:43:11.004+0000] {logging_mixin.py:188} INFO - [2026-03-04T04:43:11.003+0000] {dag.py:3036} INFO - Sync 1 DAGs
[2026-03-04T04:43:11.017+0000] {logging_mixin.py:188} INFO - [2026-03-04T04:43:11.017+0000] {dag.py:3823} INFO - Setting next_dagrun for CountryCaptial_v2 to 2026-03-04 02:30:00+00:00, run_after=2026-03-05 02:30:00+00:00
[2026-03-04T04:43:11.028+0000] {processor.py:183} INFO - Processing /opt/airflow/dags/country_capital_to_snowflake_v2.py took 0.069 seconds
[2026-03-04T04:43:41.328+0000] {processor.py:161} INFO - Started process (PID=41) to work on /opt/airflow/dags/country_capital_to_snowflake_v2.py
[2026-03-04T04:43:41.328+0000] {processor.py:830} INFO - Processing file /opt/airflow/dags/country_capital_to_snowflake_v2.py for tasks to queue
[2026-03-04T04:43:41.330+0000] {logging_mixin.py:188} INFO - [2026-03-04T04:43:41.330+0000] {dagbag.py:538} INFO - Filling up the DagBag from /opt/airflow/dags/country_capital_to_snowflake_v2.py
[2026-03-04T04:43:41.349+0000] {processor.py:840} INFO - DAG(s) 'CountryCaptial_v2' retrieved from /opt/airflow/dags/country_capital_to_snowflake_v2.py
[2026-03-04T04:43:41.361+0000] {logging_mixin.py:188} INFO - [2026-03-04T04:43:41.361+0000] {dag.py:3036} INFO - Sync 1 DAGs
[2026-03-04T04:43:41.377+0000] {logging_mixin.py:188} INFO - [2026-03-04T04:43:41.376+0000] {dag.py:3823} INFO - Setting next_dagrun for CountryCaptial_v2 to 2026-03-04 02:30:00+00:00, run_after=2026-03-05 02:30:00+00:00
[2026-03-04T04:43:41.390+0000] {processor.py:183} INFO - Processing /opt/airflow/dags/country_capital_to_snowflake_v2.py took 0.065 seconds
[2026-03-04T04:44:11.638+0000] {processor.py:161} INFO - Started process (PID=42) to work on /opt/airflow/dags/country_capital_to_snowflake_v2.py
[2026-03-04T04:44:11.639+0000] {processor.py:830} INFO - Processing file /opt/airflow/dags/country_capital_to_snowflake_v2.py for tasks to queue
[2026-03-04T04:44:11.641+0000] {logging_mixin.py:188} INFO - [2026-03-04T04:44:11.641+0000] {dagbag.py:538} INFO - Filling up the DagBag from /opt/airflow/dags/country_capital_to_snowflake_v2.py
[2026-03-04T04:44:11.668+0000] {processor.py:840} INFO - DAG(s) 'CountryCaptial_v2' retrieved from /opt/airflow/dags/country_capital_to_snowflake_v2.py
[2026-03-04T04:44:11.682+0000] {logging_mixin.py:188} INFO - [2026-03-04T04:44:11.682+0000] {dag.py:3036} INFO - Sync 1 DAGs
[2026-03-04T04:44:11.696+0000] {logging_mixin.py:188} INFO - [2026-03-04T04:44:11.696+0000] {dag.py:3823} INFO - Setting next_dagrun for CountryCaptial_v2 to 2026-03-04 02:30:00+00:00, run_after=2026-03-05 02:30:00+00:00
[2026-03-04T04:44:11.707+0000] {processor.py:183} INFO - Processing /opt/airflow/dags/country_capital_to_snowflake_v2.py took 0.074 seconds
[2026-03-04T04:44:41.942+0000] {processor.py:161} INFO - Started process (PID=43) to work on /opt/airflow/dags/country_capital_to_snowflake_v2.py
[2026-03-04T04:44:41.943+0000] {processor.py:830} INFO - Processing file /opt/airflow/dags/country_capital_to_snowflake_v2.py for tasks to queue
[2026-03-04T04:44:41.945+0000] {logging_mixin.py:188} INFO - [2026-03-04T04:44:41.945+0000] {dagbag.py:538} INFO - Filling up the DagBag from /opt/airflow/dags/country_capital_to_snowflake_v2.py
[2026-03-04T04:44:41.972+0000] {processor.py:840} INFO - DAG(s) 'CountryCaptial_v2' retrieved from /opt/airflow/dags/country_capital_to_snowflake_v2.py
[2026-03-04T04:44:41.983+0000] {logging_mixin.py:188} INFO - [2026-03-04T04:44:41.982+0000] {dag.py:3036} INFO - Sync 1 DAGs
[2026-03-04T04:44:41.998+0000] {logging_mixin.py:188} INFO - [2026-03-04T04:44:41.998+0000] {dag.py:3823} INFO - Setting next_dagrun for CountryCaptial_v2 to 2026-03-04 02:30:00+00:00, run_after=2026-03-05 02:30:00+00:00
[2026-03-04T04:44:42.008+0000] {processor.py:183} INFO - Processing /opt/airflow/dags/country_capital_to_snowflake_v2.py took 0.070 seconds
[2026-03-04T04:45:12.320+0000] {processor.py:161} INFO - Started process (PID=44) to work on /opt/airflow/dags/country_capital_to_snowflake_v2.py
[2026-03-04T04:45:12.321+0000] {processor.py:830} INFO - Processing file /opt/airflow/dags/country_capital_to_snowflake_v2.py for tasks to queue
[2026-03-04T04:45:12.323+0000] {logging_mixin.py:188} INFO - [2026-03-04T04:45:12.322+0000] {dagbag.py:538} INFO - Filling up the DagBag from /opt/airflow/dags/country_capital_to_snowflake_v2.py
[2026-03-04T04:45:12.341+0000] {processor.py:840} INFO - DAG(s) 'CountryCaptial_v2' retrieved from /opt/airflow/dags/country_capital_to_snowflake_v2.py
[2026-03-04T04:45:12.353+0000] {logging_mixin.py:188} INFO - [2026-03-04T04:45:12.353+0000] {dag.py:3036} INFO - Sync 1 DAGs
[2026-03-04T04:45:12.368+0000] {logging_mixin.py:188} INFO - [2026-03-04T04:45:12.368+0000] {dag.py:3823} INFO - Setting next_dagrun for CountryCaptial_v2 to 2026-03-04 02:30:00+00:00, run_after=2026-03-05 02:30:00+00:00
[2026-03-04T04:45:12.381+0000] {processor.py:183} INFO - Processing /opt/airflow/dags/country_capital_to_snowflake_v2.py took 0.063 seconds
[2026-03-04T04:45:42.650+0000] {processor.py:161} INFO - Started process (PID=45) to work on /opt/airflow/dags/country_capital_to_snowflake_v2.py
[2026-03-04T04:45:42.650+0000] {processor.py:830} INFO - Processing file /opt/airflow/dags/country_capital_to_snowflake_v2.py for tasks to queue
[2026-03-04T04:45:42.651+0000] {logging_mixin.py:188} INFO - [2026-03-04T04:45:42.651+0000] {dagbag.py:538} INFO - Filling up the DagBag from /opt/airflow/dags/country_capital_to_snowflake_v2.py
[2026-03-04T04:45:42.667+0000] {processor.py:840} INFO - DAG(s) 'CountryCaptial_v2' retrieved from /opt/airflow/dags/country_capital_to_snowflake_v2.py
[2026-03-04T04:45:42.678+0000] {logging_mixin.py:188} INFO - [2026-03-04T04:45:42.677+0000] {dag.py:3036} INFO - Sync 1 DAGs
[2026-03-04T04:45:42.691+0000] {logging_mixin.py:188} INFO - [2026-03-04T04:45:42.691+0000] {dag.py:3823} INFO - Setting next_dagrun for CountryCaptial_v2 to 2026-03-04 02:30:00+00:00, run_after=2026-03-05 02:30:00+00:00
[2026-03-04T04:45:42.701+0000] {processor.py:183} INFO - Processing /opt/airflow/dags/country_capital_to_snowflake_v2.py took 0.053 seconds
[2026-03-04T04:46:12.993+0000] {processor.py:161} INFO - Started process (PID=46) to work on /opt/airflow/dags/country_capital_to_snowflake_v2.py
[2026-03-04T04:46:12.994+0000] {processor.py:830} INFO - Processing file /opt/airflow/dags/country_capital_to_snowflake_v2.py for tasks to queue
[2026-03-04T04:46:12.996+0000] {logging_mixin.py:188} INFO - [2026-03-04T04:46:12.996+0000] {dagbag.py:538} INFO - Filling up the DagBag from /opt/airflow/dags/country_capital_to_snowflake_v2.py
[2026-03-04T04:46:13.012+0000] {processor.py:840} INFO - DAG(s) 'CountryCaptial_v2' retrieved from /opt/airflow/dags/country_capital_to_snowflake_v2.py
[2026-03-04T04:46:13.022+0000] {logging_mixin.py:188} INFO - [2026-03-04T04:46:13.022+0000] {dag.py:3036} INFO - Sync 1 DAGs
[2026-03-04T04:46:13.035+0000] {logging_mixin.py:188} INFO - [2026-03-04T04:46:13.035+0000] {dag.py:3823} INFO - Setting next_dagrun for CountryCaptial_v2 to 2026-03-04 02:30:00+00:00, run_after=2026-03-05 02:30:00+00:00
[2026-03-04T04:46:13.046+0000] {processor.py:183} INFO - Processing /opt/airflow/dags/country_capital_to_snowflake_v2.py took 0.055 seconds
[2026-03-04T04:46:43.321+0000] {processor.py:161} INFO - Started process (PID=47) to work on /opt/airflow/dags/country_capital_to_snowflake_v2.py
[2026-03-04T04:46:43.322+0000] {processor.py:830} INFO - Processing file /opt/airflow/dags/country_capital_to_snowflake_v2.py for tasks to queue
[2026-03-04T04:46:43.325+0000] {logging_mixin.py:188} INFO - [2026-03-04T04:46:43.324+0000] {dagbag.py:538} INFO - Filling up the DagBag from /opt/airflow/dags/country_capital_to_snowflake_v2.py
[2026-03-04T04:46:43.349+0000] {processor.py:840} INFO - DAG(s) 'CountryCaptial_v2' retrieved from /opt/airflow/dags/country_capital_to_snowflake_v2.py
[2026-03-04T04:46:43.361+0000] {logging_mixin.py:188} INFO - [2026-03-04T04:46:43.361+0000] {dag.py:3036} INFO - Sync 1 DAGs
[2026-03-04T04:46:43.375+0000] {logging_mixin.py:188} INFO - [2026-03-04T04:46:43.375+0000] {dag.py:3823} INFO - Setting next_dagrun for CountryCaptial_v2 to 2026-03-04 02:30:00+00:00, run_after=2026-03-05 02:30:00+00:00
[2026-03-04T04:46:43.386+0000] {processor.py:183} INFO - Processing /opt/airflow/dags/country_capital_to_snowflake_v2.py took 0.069 seconds
[2026-03-04T04:47:13.670+0000] {processor.py:161} INFO - Started process (PID=48) to work on /opt/airflow/dags/country_capital_to_snowflake_v2.py
[2026-03-04T04:47:13.671+0000] {processor.py:830} INFO - Processing file /opt/airflow/dags/country_capital_to_snowflake_v2.py for tasks to queue
[2026-03-04T04:47:13.673+0000] {logging_mixin.py:188} INFO - [2026-03-04T04:47:13.673+0000] {dagbag.py:538} INFO - Filling up the DagBag from /opt/airflow/dags/country_capital_to_snowflake_v2.py
[2026-03-04T04:47:13.694+0000] {processor.py:840} INFO - DAG(s) 'CountryCaptial_v2' retrieved from /opt/airflow/dags/country_capital_to_snowflake_v2.py
[2026-03-04T04:47:13.705+0000] {logging_mixin.py:188} INFO - [2026-03-04T04:47:13.705+0000] {dag.py:3036} INFO - Sync 1 DAGs
[2026-03-04T04:47:13.719+0000] {logging_mixin.py:188} INFO - [2026-03-04T04:47:13.719+0000] {dag.py:3823} INFO - Setting next_dagrun for CountryCaptial_v2 to 2026-03-04 02:30:00+00:00, run_after=2026-03-05 02:30:00+00:00
[2026-03-04T04:47:13.729+0000] {processor.py:183} INFO - Processing /opt/airflow/dags/country_capital_to_snowflake_v2.py took 0.063 seconds
[2026-03-04T04:47:43.976+0000] {processor.py:161} INFO - Started process (PID=49) to work on /opt/airflow/dags/country_capital_to_snowflake_v2.py
[2026-03-04T04:47:43.977+0000] {processor.py:830} INFO - Processing file /opt/airflow/dags/country_capital_to_snowflake_v2.py for tasks to queue
[2026-03-04T04:47:43.981+0000] {logging_mixin.py:188} INFO - [2026-03-04T04:47:43.980+0000] {dagbag.py:538} INFO - Filling up the DagBag from /opt/airflow/dags/country_capital_to_snowflake_v2.py
[2026-03-04T04:47:44.001+0000] {processor.py:840} INFO - DAG(s) 'CountryCaptial_v2' retrieved from /opt/airflow/dags/country_capital_to_snowflake_v2.py
[2026-03-04T04:47:44.013+0000] {logging_mixin.py:188} INFO - [2026-03-04T04:47:44.012+0000] {dag.py:3036} INFO - Sync 1 DAGs
[2026-03-04T04:47:44.028+0000] {logging_mixin.py:188} INFO - [2026-03-04T04:47:44.028+0000] {dag.py:3823} INFO - Setting next_dagrun for CountryCaptial_v2 to 2026-03-04 02:30:00+00:00, run_after=2026-03-05 02:30:00+00:00
[2026-03-04T04:47:44.040+0000] {processor.py:183} INFO - Processing /opt/airflow/dags/country_capital_to_snowflake_v2.py took 0.069 seconds
[2026-03-04T04:48:14.264+0000] {processor.py:161} INFO - Started process (PID=50) to work on /opt/airflow/dags/country_capital_to_snowflake_v2.py
[2026-03-04T04:48:14.265+0000] {processor.py:830} INFO - Processing file /opt/airflow/dags/country_capital_to_snowflake_v2.py for tasks to queue
[2026-03-04T04:48:14.267+0000] {logging_mixin.py:188} INFO - [2026-03-04T04:48:14.266+0000] {dagbag.py:538} INFO - Filling up the DagBag from /opt/airflow/dags/country_capital_to_snowflake_v2.py
[2026-03-04T04:48:14.284+0000] {processor.py:840} INFO - DAG(s) 'CountryCaptial_v2' retrieved from /opt/airflow/dags/country_capital_to_snowflake_v2.py
[2026-03-04T04:48:14.297+0000] {logging_mixin.py:188} INFO - [2026-03-04T04:48:14.296+0000] {dag.py:3036} INFO - Sync 1 DAGs
[2026-03-04T04:48:14.311+0000] {logging_mixin.py:188} INFO - [2026-03-04T04:48:14.311+0000] {dag.py:3823} INFO - Setting next_dagrun for CountryCaptial_v2 to 2026-03-04 02:30:00+00:00, run_after=2026-03-05 02:30:00+00:00
[2026-03-04T04:48:14.324+0000] {processor.py:183} INFO - Processing /opt/airflow/dags/country_capital_to_snowflake_v2.py took 0.062 seconds
[2026-03-04T04:48:44.522+0000] {processor.py:161} INFO - Started process (PID=51) to work on /opt/airflow/dags/country_capital_to_snowflake_v2.py
[2026-03-04T04:48:44.523+0000] {processor.py:830} INFO - Processing file /opt/airflow/dags/country_capital_to_snowflake_v2.py for tasks to queue
[2026-03-04T04:48:44.524+0000] {logging_mixin.py:188} INFO - [2026-03-04T04:48:44.524+0000] {dagbag.py:538} INFO - Filling up the DagBag from /opt/airflow/dags/country_capital_to_snowflake_v2.py
[2026-03-04T04:48:44.541+0000] {processor.py:840} INFO - DAG(s) 'CountryCaptial_v2' retrieved from /opt/airflow/dags/country_capital_to_snowflake_v2.py
[2026-03-04T04:48:44.553+0000] {logging_mixin.py:188} INFO - [2026-03-04T04:48:44.552+0000] {dag.py:3036} INFO - Sync 1 DAGs
[2026-03-04T04:48:44.567+0000] {logging_mixin.py:188} INFO - [2026-03-04T04:48:44.566+0000] {dag.py:3823} INFO - Setting next_dagrun for CountryCaptial_v2 to 2026-03-04 02:30:00+00:00, run_after=2026-03-05 02:30:00+00:00
[2026-03-04T04:48:44.578+0000] {processor.py:183} INFO - Processing /opt/airflow/dags/country_capital_to_snowflake_v2.py took 0.058 seconds
[2026-03-04T04:49:14.824+0000] {processor.py:161} INFO - Started process (PID=52) to work on /opt/airflow/dags/country_capital_to_snowflake_v2.py
[2026-03-04T04:49:14.825+0000] {processor.py:830} INFO - Processing file /opt/airflow/dags/country_capital_to_snowflake_v2.py for tasks to queue
[2026-03-04T04:49:14.827+0000] {logging_mixin.py:188} INFO - [2026-03-04T04:49:14.827+0000] {dagbag.py:538} INFO - Filling up the DagBag from /opt/airflow/dags/country_capital_to_snowflake_v2.py
[2026-03-04T04:49:14.848+0000] {processor.py:840} INFO - DAG(s) 'CountryCaptial_v2' retrieved from /opt/airflow/dags/country_capital_to_snowflake_v2.py
[2026-03-04T04:49:14.859+0000] {logging_mixin.py:188} INFO - [2026-03-04T04:49:14.858+0000] {dag.py:3036} INFO - Sync 1 DAGs
[2026-03-04T04:49:14.871+0000] {logging_mixin.py:188} INFO - [2026-03-04T04:49:14.871+0000] {dag.py:3823} INFO - Setting next_dagrun for CountryCaptial_v2 to 2026-03-04 02:30:00+00:00, run_after=2026-03-05 02:30:00+00:00
[2026-03-04T04:49:14.882+0000] {processor.py:183} INFO - Processing /opt/airflow/dags/country_capital_to_snowflake_v2.py took 0.062 seconds
[2026-03-04T04:49:45.156+0000] {processor.py:161} INFO - Started process (PID=53) to work on /opt/airflow/dags/country_capital_to_snowflake_v2.py
[2026-03-04T04:49:45.157+0000] {processor.py:830} INFO - Processing file /opt/airflow/dags/country_capital_to_snowflake_v2.py for tasks to queue
[2026-03-04T04:49:45.160+0000] {logging_mixin.py:188} INFO - [2026-03-04T04:49:45.159+0000] {dagbag.py:538} INFO - Filling up the DagBag from /opt/airflow/dags/country_capital_to_snowflake_v2.py
[2026-03-04T04:49:45.185+0000] {processor.py:840} INFO - DAG(s) 'CountryCaptial_v2' retrieved from /opt/airflow/dags/country_capital_to_snowflake_v2.py
[2026-03-04T04:49:45.198+0000] {logging_mixin.py:188} INFO - [2026-03-04T04:49:45.197+0000] {dag.py:3036} INFO - Sync 1 DAGs
[2026-03-04T04:49:45.210+0000] {logging_mixin.py:188} INFO - [2026-03-04T04:49:45.210+0000] {dag.py:3823} INFO - Setting next_dagrun for CountryCaptial_v2 to 2026-03-04 02:30:00+00:00, run_after=2026-03-05 02:30:00+00:00
[2026-03-04T04:49:45.222+0000] {processor.py:183} INFO - Processing /opt/airflow/dags/country_capital_to_snowflake_v2.py took 0.069 seconds
[2026-03-04T04:50:15.478+0000] {processor.py:161} INFO - Started process (PID=54) to work on /opt/airflow/dags/country_capital_to_snowflake_v2.py
[2026-03-04T04:50:15.479+0000] {processor.py:830} INFO - Processing file /opt/airflow/dags/country_capital_to_snowflake_v2.py for tasks to queue
[2026-03-04T04:50:15.482+0000] {logging_mixin.py:188} INFO - [2026-03-04T04:50:15.482+0000] {dagbag.py:538} INFO - Filling up the DagBag from /opt/airflow/dags/country_capital_to_snowflake_v2.py
[2026-03-04T04:50:15.505+0000] {processor.py:840} INFO - DAG(s) 'CountryCaptial_v2' retrieved from /opt/airflow/dags/country_capital_to_snowflake_v2.py
[2026-03-04T04:50:15.561+0000] {logging_mixin.py:188} INFO - [2026-03-04T04:50:15.560+0000] {dag.py:3036} INFO - Sync 1 DAGs
[2026-03-04T04:50:15.573+0000] {logging_mixin.py:188} INFO - [2026-03-04T04:50:15.573+0000] {dag.py:3823} INFO - Setting next_dagrun for CountryCaptial_v2 to 2026-03-04 02:30:00+00:00, run_after=2026-03-05 02:30:00+00:00
[2026-03-04T04:50:15.584+0000] {processor.py:183} INFO - Processing /opt/airflow/dags/country_capital_to_snowflake_v2.py took 0.110 seconds
[2026-03-04T04:50:45.769+0000] {processor.py:161} INFO - Started process (PID=55) to work on /opt/airflow/dags/country_capital_to_snowflake_v2.py
[2026-03-04T04:50:45.770+0000] {processor.py:830} INFO - Processing file /opt/airflow/dags/country_capital_to_snowflake_v2.py for tasks to queue
[2026-03-04T04:50:45.771+0000] {logging_mixin.py:188} INFO - [2026-03-04T04:50:45.771+0000] {dagbag.py:538} INFO - Filling up the DagBag from /opt/airflow/dags/country_capital_to_snowflake_v2.py
[2026-03-04T04:50:45.790+0000] {processor.py:840} INFO - DAG(s) 'CountryCaptial_v2' retrieved from /opt/airflow/dags/country_capital_to_snowflake_v2.py
[2026-03-04T04:50:45.805+0000] {logging_mixin.py:188} INFO - [2026-03-04T04:50:45.805+0000] {dag.py:3036} INFO - Sync 1 DAGs
[2026-03-04T04:50:45.821+0000] {logging_mixin.py:188} INFO - [2026-03-04T04:50:45.821+0000] {dag.py:3823} INFO - Setting next_dagrun for CountryCaptial_v2 to 2026-03-04 02:30:00+00:00, run_after=2026-03-05 02:30:00+00:00
[2026-03-04T04:50:45.833+0000] {processor.py:183} INFO - Processing /opt/airflow/dags/country_capital_to_snowflake_v2.py took 0.067 seconds
[2026-03-04T04:51:16.129+0000] {processor.py:161} INFO - Started process (PID=56) to work on /opt/airflow/dags/country_capital_to_snowflake_v2.py
[2026-03-04T04:51:16.131+0000] {processor.py:830} INFO - Processing file /opt/airflow/dags/country_capital_to_snowflake_v2.py for tasks to queue
[2026-03-04T04:51:16.134+0000] {logging_mixin.py:188} INFO - [2026-03-04T04:51:16.133+0000] {dagbag.py:538} INFO - Filling up the DagBag from /opt/airflow/dags/country_capital_to_snowflake_v2.py
[2026-03-04T04:51:16.161+0000] {processor.py:840} INFO - DAG(s) 'CountryCaptial_v2' retrieved from /opt/airflow/dags/country_capital_to_snowflake_v2.py
[2026-03-04T04:51:16.177+0000] {logging_mixin.py:188} INFO - [2026-03-04T04:51:16.177+0000] {dag.py:3036} INFO - Sync 1 DAGs
[2026-03-04T04:51:16.190+0000] {logging_mixin.py:188} INFO - [2026-03-04T04:51:16.190+0000] {dag.py:3823} INFO - Setting next_dagrun for CountryCaptial_v2 to 2026-03-04 02:30:00+00:00, run_after=2026-03-05 02:30:00+00:00
[2026-03-04T04:51:16.201+0000] {processor.py:183} INFO - Processing /opt/airflow/dags/country_capital_to_snowflake_v2.py took 0.077 seconds
[2026-03-04T04:51:46.401+0000] {processor.py:161} INFO - Started process (PID=57) to work on /opt/airflow/dags/country_capital_to_snowflake_v2.py
[2026-03-04T04:51:46.402+0000] {processor.py:830} INFO - Processing file /opt/airflow/dags/country_capital_to_snowflake_v2.py for tasks to queue
[2026-03-04T04:51:46.403+0000] {logging_mixin.py:188} INFO - [2026-03-04T04:51:46.403+0000] {dagbag.py:538} INFO - Filling up the DagBag from /opt/airflow/dags/country_capital_to_snowflake_v2.py
[2026-03-04T04:51:46.423+0000] {processor.py:840} INFO - DAG(s) 'CountryCaptial_v2' retrieved from /opt/airflow/dags/country_capital_to_snowflake_v2.py
[2026-03-04T04:51:46.435+0000] {logging_mixin.py:188} INFO - [2026-03-04T04:51:46.434+0000] {dag.py:3036} INFO - Sync 1 DAGs
[2026-03-04T04:51:46.449+0000] {logging_mixin.py:188} INFO - [2026-03-04T04:51:46.448+0000] {dag.py:3823} INFO - Setting next_dagrun for CountryCaptial_v2 to 2026-03-04 02:30:00+00:00, run_after=2026-03-05 02:30:00+00:00
[2026-03-04T04:51:46.459+0000] {processor.py:183} INFO - Processing /opt/airflow/dags/country_capital_to_snowflake_v2.py took 0.060 seconds
[2026-03-04T04:52:16.713+0000] {processor.py:161} INFO - Started process (PID=69) to work on /opt/airflow/dags/country_capital_to_snowflake_v2.py
[2026-03-04T04:52:16.714+0000] {processor.py:830} INFO - Processing file /opt/airflow/dags/country_capital_to_snowflake_v2.py for tasks to queue
[2026-03-04T04:52:16.716+0000] {logging_mixin.py:188} INFO - [2026-03-04T04:52:16.716+0000] {dagbag.py:538} INFO - Filling up the DagBag from /opt/airflow/dags/country_capital_to_snowflake_v2.py
[2026-03-04T04:52:16.740+0000] {processor.py:840} INFO - DAG(s) 'CountryCaptial_v2' retrieved from /opt/airflow/dags/country_capital_to_snowflake_v2.py
[2026-03-04T04:52:16.759+0000] {logging_mixin.py:188} INFO - [2026-03-04T04:52:16.758+0000] {dag.py:3036} INFO - Sync 1 DAGs
[2026-03-04T04:52:16.778+0000] {logging_mixin.py:188} INFO - [2026-03-04T04:52:16.778+0000] {dag.py:3823} INFO - Setting next_dagrun for CountryCaptial_v2 to 2026-03-04 02:30:00+00:00, run_after=2026-03-05 02:30:00+00:00
[2026-03-04T04:52:16.793+0000] {processor.py:183} INFO - Processing /opt/airflow/dags/country_capital_to_snowflake_v2.py took 0.084 seconds
[2026-03-04T04:52:46.996+0000] {processor.py:161} INFO - Started process (PID=70) to work on /opt/airflow/dags/country_capital_to_snowflake_v2.py
[2026-03-04T04:52:46.997+0000] {processor.py:830} INFO - Processing file /opt/airflow/dags/country_capital_to_snowflake_v2.py for tasks to queue
[2026-03-04T04:52:47.001+0000] {logging_mixin.py:188} INFO - [2026-03-04T04:52:47.001+0000] {dagbag.py:538} INFO - Filling up the DagBag from /opt/airflow/dags/country_capital_to_snowflake_v2.py
[2026-03-04T04:52:47.027+0000] {processor.py:840} INFO - DAG(s) 'CountryCaptial_v2' retrieved from /opt/airflow/dags/country_capital_to_snowflake_v2.py
[2026-03-04T04:52:47.041+0000] {logging_mixin.py:188} INFO - [2026-03-04T04:52:47.040+0000] {dag.py:3036} INFO - Sync 1 DAGs
[2026-03-04T04:52:47.054+0000] {logging_mixin.py:188} INFO - [2026-03-04T04:52:47.054+0000] {dag.py:3823} INFO - Setting next_dagrun for CountryCaptial_v2 to 2026-03-04 02:30:00+00:00, run_after=2026-03-05 02:30:00+00:00
[2026-03-04T04:52:47.065+0000] {processor.py:183} INFO - Processing /opt/airflow/dags/country_capital_to_snowflake_v2.py took 0.074 seconds
[2026-03-04T04:53:17.265+0000] {processor.py:161} INFO - Started process (PID=71) to work on /opt/airflow/dags/country_capital_to_snowflake_v2.py
[2026-03-04T04:53:17.266+0000] {processor.py:830} INFO - Processing file /opt/airflow/dags/country_capital_to_snowflake_v2.py for tasks to queue
[2026-03-04T04:53:17.268+0000] {logging_mixin.py:188} INFO - [2026-03-04T04:53:17.268+0000] {dagbag.py:538} INFO - Filling up the DagBag from /opt/airflow/dags/country_capital_to_snowflake_v2.py
[2026-03-04T04:53:17.294+0000] {processor.py:840} INFO - DAG(s) 'CountryCaptial_v2' retrieved from /opt/airflow/dags/country_capital_to_snowflake_v2.py
[2026-03-04T04:53:17.306+0000] {logging_mixin.py:188} INFO - [2026-03-04T04:53:17.306+0000] {dag.py:3036} INFO - Sync 1 DAGs
[2026-03-04T04:53:17.366+0000] {logging_mixin.py:188} INFO - [2026-03-04T04:53:17.366+0000] {dag.py:3823} INFO - Setting next_dagrun for CountryCaptial_v2 to 2026-03-04 02:30:00+00:00, run_after=2026-03-05 02:30:00+00:00
[2026-03-04T04:53:17.376+0000] {processor.py:183} INFO - Processing /opt/airflow/dags/country_capital_to_snowflake_v2.py took 0.116 seconds
[2026-03-04T04:53:47.605+0000] {processor.py:161} INFO - Started process (PID=72) to work on /opt/airflow/dags/country_capital_to_snowflake_v2.py
[2026-03-04T04:53:47.605+0000] {processor.py:830} INFO - Processing file /opt/airflow/dags/country_capital_to_snowflake_v2.py for tasks to queue
[2026-03-04T04:53:47.607+0000] {logging_mixin.py:188} INFO - [2026-03-04T04:53:47.607+0000] {dagbag.py:538} INFO - Filling up the DagBag from /opt/airflow/dags/country_capital_to_snowflake_v2.py
[2026-03-04T04:53:47.627+0000] {processor.py:840} INFO - DAG(s) 'CountryCaptial_v2' retrieved from /opt/airflow/dags/country_capital_to_snowflake_v2.py
[2026-03-04T04:53:47.637+0000] {logging_mixin.py:188} INFO - [2026-03-04T04:53:47.637+0000] {dag.py:3036} INFO - Sync 1 DAGs
[2026-03-04T04:53:47.673+0000] {logging_mixin.py:188} INFO - [2026-03-04T04:53:47.673+0000] {dag.py:3823} INFO - Setting next_dagrun for CountryCaptial_v2 to 2026-03-04 02:30:00+00:00, run_after=2026-03-05 02:30:00+00:00
[2026-03-04T04:53:47.684+0000] {processor.py:183} INFO - Processing /opt/airflow/dags/country_capital_to_snowflake_v2.py took 0.083 seconds
[2026-03-04T04:54:17.887+0000] {processor.py:161} INFO - Started process (PID=73) to work on /opt/airflow/dags/country_capital_to_snowflake_v2.py
[2026-03-04T04:54:17.888+0000] {processor.py:830} INFO - Processing file /opt/airflow/dags/country_capital_to_snowflake_v2.py for tasks to queue
[2026-03-04T04:54:17.889+0000] {logging_mixin.py:188} INFO - [2026-03-04T04:54:17.889+0000] {dagbag.py:538} INFO - Filling up the DagBag from /opt/airflow/dags/country_capital_to_snowflake_v2.py
[2026-03-04T04:54:17.904+0000] {processor.py:840} INFO - DAG(s) 'CountryCaptial_v2' retrieved from /opt/airflow/dags/country_capital_to_snowflake_v2.py
[2026-03-04T04:54:17.914+0000] {logging_mixin.py:188} INFO - [2026-03-04T04:54:17.914+0000] {dag.py:3036} INFO - Sync 1 DAGs
[2026-03-04T04:54:17.926+0000] {logging_mixin.py:188} INFO - [2026-03-04T04:54:17.926+0000] {dag.py:3823} INFO - Setting next_dagrun for CountryCaptial_v2 to 2026-03-04 02:30:00+00:00, run_after=2026-03-05 02:30:00+00:00
[2026-03-04T04:54:17.936+0000] {processor.py:183} INFO - Processing /opt/airflow/dags/country_capital_to_snowflake_v2.py took 0.051 seconds
[2026-03-04T04:54:48.126+0000] {processor.py:161} INFO - Started process (PID=74) to work on /opt/airflow/dags/country_capital_to_snowflake_v2.py
[2026-03-04T04:54:48.128+0000] {processor.py:830} INFO - Processing file /opt/airflow/dags/country_capital_to_snowflake_v2.py for tasks to queue
[2026-03-04T04:54:48.130+0000] {logging_mixin.py:188} INFO - [2026-03-04T04:54:48.130+0000] {dagbag.py:538} INFO - Filling up the DagBag from /opt/airflow/dags/country_capital_to_snowflake_v2.py
[2026-03-04T04:54:48.156+0000] {processor.py:840} INFO - DAG(s) 'CountryCaptial_v2' retrieved from /opt/airflow/dags/country_capital_to_snowflake_v2.py
[2026-03-04T04:54:48.169+0000] {logging_mixin.py:188} INFO - [2026-03-04T04:54:48.168+0000] {dag.py:3036} INFO - Sync 1 DAGs
[2026-03-04T04:54:48.181+0000] {logging_mixin.py:188} INFO - [2026-03-04T04:54:48.181+0000] {dag.py:3823} INFO - Setting next_dagrun for CountryCaptial_v2 to 2026-03-04 02:30:00+00:00, run_after=2026-03-05 02:30:00+00:00
[2026-03-04T04:54:48.193+0000] {processor.py:183} INFO - Processing /opt/airflow/dags/country_capital_to_snowflake_v2.py took 0.071 seconds
[2026-03-04T04:55:18.422+0000] {processor.py:161} INFO - Started process (PID=75) to work on /opt/airflow/dags/country_capital_to_snowflake_v2.py
[2026-03-04T04:55:18.423+0000] {processor.py:830} INFO - Processing file /opt/airflow/dags/country_capital_to_snowflake_v2.py for tasks to queue
[2026-03-04T04:55:18.425+0000] {logging_mixin.py:188} INFO - [2026-03-04T04:55:18.425+0000] {dagbag.py:538} INFO - Filling up the DagBag from /opt/airflow/dags/country_capital_to_snowflake_v2.py
[2026-03-04T04:55:18.449+0000] {processor.py:840} INFO - DAG(s) 'CountryCaptial_v2' retrieved from /opt/airflow/dags/country_capital_to_snowflake_v2.py
[2026-03-04T04:55:18.464+0000] {logging_mixin.py:188} INFO - [2026-03-04T04:55:18.463+0000] {dag.py:3036} INFO - Sync 1 DAGs
[2026-03-04T04:55:18.476+0000] {logging_mixin.py:188} INFO - [2026-03-04T04:55:18.476+0000] {dag.py:3823} INFO - Setting next_dagrun for CountryCaptial_v2 to 2026-03-04 02:30:00+00:00, run_after=2026-03-05 02:30:00+00:00
[2026-03-04T04:55:18.487+0000] {processor.py:183} INFO - Processing /opt/airflow/dags/country_capital_to_snowflake_v2.py took 0.069 seconds
[2026-03-04T04:55:48.790+0000] {processor.py:161} INFO - Started process (PID=76) to work on /opt/airflow/dags/country_capital_to_snowflake_v2.py
[2026-03-04T04:55:48.791+0000] {processor.py:830} INFO - Processing file /opt/airflow/dags/country_capital_to_snowflake_v2.py for tasks to queue
[2026-03-04T04:55:48.793+0000] {logging_mixin.py:188} INFO - [2026-03-04T04:55:48.793+0000] {dagbag.py:538} INFO - Filling up the DagBag from /opt/airflow/dags/country_capital_to_snowflake_v2.py
[2026-03-04T04:55:48.818+0000] {processor.py:840} INFO - DAG(s) 'CountryCaptial_v2' retrieved from /opt/airflow/dags/country_capital_to_snowflake_v2.py
[2026-03-04T04:55:48.832+0000] {logging_mixin.py:188} INFO - [2026-03-04T04:55:48.831+0000] {dag.py:3036} INFO - Sync 1 DAGs
[2026-03-04T04:55:48.845+0000] {logging_mixin.py:188} INFO - [2026-03-04T04:55:48.845+0000] {dag.py:3823} INFO - Setting next_dagrun for CountryCaptial_v2 to 2026-03-04 02:30:00+00:00, run_after=2026-03-05 02:30:00+00:00
[2026-03-04T04:55:48.855+0000] {processor.py:183} INFO - Processing /opt/airflow/dags/country_capital_to_snowflake_v2.py took 0.070 seconds
[2026-03-04T04:56:19.061+0000] {processor.py:161} INFO - Started process (PID=77) to work on /opt/airflow/dags/country_capital_to_snowflake_v2.py
[2026-03-04T04:56:19.062+0000] {processor.py:830} INFO - Processing file /opt/airflow/dags/country_capital_to_snowflake_v2.py for tasks to queue
[2026-03-04T04:56:19.063+0000] {logging_mixin.py:188} INFO - [2026-03-04T04:56:19.063+0000] {dagbag.py:538} INFO - Filling up the DagBag from /opt/airflow/dags/country_capital_to_snowflake_v2.py
[2026-03-04T04:56:19.078+0000] {processor.py:840} INFO - DAG(s) 'CountryCaptial_v2' retrieved from /opt/airflow/dags/country_capital_to_snowflake_v2.py
[2026-03-04T04:56:19.088+0000] {logging_mixin.py:188} INFO - [2026-03-04T04:56:19.088+0000] {dag.py:3036} INFO - Sync 1 DAGs
[2026-03-04T04:56:19.101+0000] {logging_mixin.py:188} INFO - [2026-03-04T04:56:19.101+0000] {dag.py:3823} INFO - Setting next_dagrun for CountryCaptial_v2 to 2026-03-04 02:30:00+00:00, run_after=2026-03-05 02:30:00+00:00
[2026-03-04T04:56:19.111+0000] {processor.py:183} INFO - Processing /opt/airflow/dags/country_capital_to_snowflake_v2.py took 0.051 seconds
[2026-03-04T04:56:49.362+0000] {processor.py:161} INFO - Started process (PID=78) to work on /opt/airflow/dags/country_capital_to_snowflake_v2.py
[2026-03-04T04:56:49.362+0000] {processor.py:830} INFO - Processing file /opt/airflow/dags/country_capital_to_snowflake_v2.py for tasks to queue
[2026-03-04T04:56:49.364+0000] {logging_mixin.py:188} INFO - [2026-03-04T04:56:49.364+0000] {dagbag.py:538} INFO - Filling up the DagBag from /opt/airflow/dags/country_capital_to_snowflake_v2.py
[2026-03-04T04:56:49.381+0000] {processor.py:840} INFO - DAG(s) 'CountryCaptial_v2' retrieved from /opt/airflow/dags/country_capital_to_snowflake_v2.py
[2026-03-04T04:56:49.392+0000] {logging_mixin.py:188} INFO - [2026-03-04T04:56:49.391+0000] {dag.py:3036} INFO - Sync 1 DAGs
[2026-03-04T04:56:49.424+0000] {logging_mixin.py:188} INFO - [2026-03-04T04:56:49.423+0000] {dag.py:3823} INFO - Setting next_dagrun for CountryCaptial_v2 to 2026-03-04 02:30:00+00:00, run_after=2026-03-05 02:30:00+00:00
[2026-03-04T04:56:49.433+0000] {processor.py:183} INFO - Processing /opt/airflow/dags/country_capital_to_snowflake_v2.py took 0.074 seconds
[2026-03-04T04:57:19.673+0000] {processor.py:161} INFO - Started process (PID=79) to work on /opt/airflow/dags/country_capital_to_snowflake_v2.py
[2026-03-04T04:57:19.674+0000] {processor.py:830} INFO - Processing file /opt/airflow/dags/country_capital_to_snowflake_v2.py for tasks to queue
[2026-03-04T04:57:19.676+0000] {logging_mixin.py:188} INFO - [2026-03-04T04:57:19.676+0000] {dagbag.py:538} INFO - Filling up the DagBag from /opt/airflow/dags/country_capital_to_snowflake_v2.py
[2026-03-04T04:57:19.703+0000] {processor.py:840} INFO - DAG(s) 'CountryCaptial_v2' retrieved from /opt/airflow/dags/country_capital_to_snowflake_v2.py
[2026-03-04T04:57:19.716+0000] {logging_mixin.py:188} INFO - [2026-03-04T04:57:19.716+0000] {dag.py:3036} INFO - Sync 1 DAGs
[2026-03-04T04:57:19.729+0000] {logging_mixin.py:188} INFO - [2026-03-04T04:57:19.728+0000] {dag.py:3823} INFO - Setting next_dagrun for CountryCaptial_v2 to 2026-03-04 02:30:00+00:00, run_after=2026-03-05 02:30:00+00:00
[2026-03-04T04:57:19.739+0000] {processor.py:183} INFO - Processing /opt/airflow/dags/country_capital_to_snowflake_v2.py took 0.071 seconds
[2026-03-04T04:57:50.053+0000] {processor.py:161} INFO - Started process (PID=80) to work on /opt/airflow/dags/country_capital_to_snowflake_v2.py
[2026-03-04T04:57:50.054+0000] {processor.py:830} INFO - Processing file /opt/airflow/dags/country_capital_to_snowflake_v2.py for tasks to queue
[2026-03-04T04:57:50.057+0000] {logging_mixin.py:188} INFO - [2026-03-04T04:57:50.056+0000] {dagbag.py:538} INFO - Filling up the DagBag from /opt/airflow/dags/country_capital_to_snowflake_v2.py
[2026-03-04T04:57:50.082+0000] {processor.py:840} INFO - DAG(s) 'CountryCaptial_v2' retrieved from /opt/airflow/dags/country_capital_to_snowflake_v2.py
[2026-03-04T04:57:50.094+0000] {logging_mixin.py:188} INFO - [2026-03-04T04:57:50.094+0000] {dag.py:3036} INFO - Sync 1 DAGs
[2026-03-04T04:57:50.106+0000] {logging_mixin.py:188} INFO - [2026-03-04T04:57:50.106+0000] {dag.py:3823} INFO - Setting next_dagrun for CountryCaptial_v2 to 2026-03-04 02:30:00+00:00, run_after=2026-03-05 02:30:00+00:00
[2026-03-04T04:57:50.116+0000] {processor.py:183} INFO - Processing /opt/airflow/dags/country_capital_to_snowflake_v2.py took 0.068 seconds
[2026-03-04T04:58:20.370+0000] {processor.py:161} INFO - Started process (PID=81) to work on /opt/airflow/dags/country_capital_to_snowflake_v2.py
[2026-03-04T04:58:20.370+0000] {processor.py:830} INFO - Processing file /opt/airflow/dags/country_capital_to_snowflake_v2.py for tasks to queue
[2026-03-04T04:58:20.372+0000] {logging_mixin.py:188} INFO - [2026-03-04T04:58:20.371+0000] {dagbag.py:538} INFO - Filling up the DagBag from /opt/airflow/dags/country_capital_to_snowflake_v2.py
[2026-03-04T04:58:20.386+0000] {processor.py:840} INFO - DAG(s) 'CountryCaptial_v2' retrieved from /opt/airflow/dags/country_capital_to_snowflake_v2.py
[2026-03-04T04:58:20.396+0000] {logging_mixin.py:188} INFO - [2026-03-04T04:58:20.395+0000] {dag.py:3036} INFO - Sync 1 DAGs
[2026-03-04T04:58:20.408+0000] {logging_mixin.py:188} INFO - [2026-03-04T04:58:20.408+0000] {dag.py:3823} INFO - Setting next_dagrun for CountryCaptial_v2 to 2026-03-04 02:30:00+00:00, run_after=2026-03-05 02:30:00+00:00
[2026-03-04T04:58:20.419+0000] {processor.py:183} INFO - Processing /opt/airflow/dags/country_capital_to_snowflake_v2.py took 0.051 seconds
[2026-03-04T04:58:50.661+0000] {processor.py:161} INFO - Started process (PID=82) to work on /opt/airflow/dags/country_capital_to_snowflake_v2.py
[2026-03-04T04:58:50.661+0000] {processor.py:830} INFO - Processing file /opt/airflow/dags/country_capital_to_snowflake_v2.py for tasks to queue
[2026-03-04T04:58:50.662+0000] {logging_mixin.py:188} INFO - [2026-03-04T04:58:50.662+0000] {dagbag.py:538} INFO - Filling up the DagBag from /opt/airflow/dags/country_capital_to_snowflake_v2.py
[2026-03-04T04:58:50.676+0000] {processor.py:840} INFO - DAG(s) 'CountryCaptial_v2' retrieved from /opt/airflow/dags/country_capital_to_snowflake_v2.py
[2026-03-04T04:58:50.686+0000] {logging_mixin.py:188} INFO - [2026-03-04T04:58:50.686+0000] {dag.py:3036} INFO - Sync 1 DAGs
[2026-03-04T04:58:50.699+0000] {logging_mixin.py:188} INFO - [2026-03-04T04:58:50.698+0000] {dag.py:3823} INFO - Setting next_dagrun for CountryCaptial_v2 to 2026-03-04 02:30:00+00:00, run_after=2026-03-05 02:30:00+00:00
[2026-03-04T04:58:50.709+0000] {processor.py:183} INFO - Processing /opt/airflow/dags/country_capital_to_snowflake_v2.py took 0.050 seconds
[2026-03-04T04:59:20.955+0000] {processor.py:161} INFO - Started process (PID=83) to work on /opt/airflow/dags/country_capital_to_snowflake_v2.py
[2026-03-04T04:59:20.956+0000] {processor.py:830} INFO - Processing file /opt/airflow/dags/country_capital_to_snowflake_v2.py for tasks to queue
[2026-03-04T04:59:20.958+0000] {logging_mixin.py:188} INFO - [2026-03-04T04:59:20.957+0000] {dagbag.py:538} INFO - Filling up the DagBag from /opt/airflow/dags/country_capital_to_snowflake_v2.py
[2026-03-04T04:59:20.975+0000] {processor.py:840} INFO - DAG(s) 'CountryCaptial_v2' retrieved from /opt/airflow/dags/country_capital_to_snowflake_v2.py
[2026-03-04T04:59:20.991+0000] {logging_mixin.py:188} INFO - [2026-03-04T04:59:20.990+0000] {dag.py:3036} INFO - Sync 1 DAGs
[2026-03-04T04:59:21.006+0000] {logging_mixin.py:188} INFO - [2026-03-04T04:59:21.005+0000] {dag.py:3823} INFO - Setting next_dagrun for CountryCaptial_v2 to 2026-03-04 02:30:00+00:00, run_after=2026-03-05 02:30:00+00:00
[2026-03-04T04:59:21.017+0000] {processor.py:183} INFO - Processing /opt/airflow/dags/country_capital_to_snowflake_v2.py took 0.064 seconds
[2026-03-04T04:59:51.330+0000] {processor.py:161} INFO - Started process (PID=84) to work on /opt/airflow/dags/country_capital_to_snowflake_v2.py
[2026-03-04T04:59:51.331+0000] {processor.py:830} INFO - Processing file /opt/airflow/dags/country_capital_to_snowflake_v2.py for tasks to queue
[2026-03-04T04:59:51.333+0000] {logging_mixin.py:188} INFO - [2026-03-04T04:59:51.332+0000] {dagbag.py:538} INFO - Filling up the DagBag from /opt/airflow/dags/country_capital_to_snowflake_v2.py
[2026-03-04T04:59:51.357+0000] {processor.py:840} INFO - DAG(s) 'CountryCaptial_v2' retrieved from /opt/airflow/dags/country_capital_to_snowflake_v2.py
[2026-03-04T04:59:51.368+0000] {logging_mixin.py:188} INFO - [2026-03-04T04:59:51.368+0000] {dag.py:3036} INFO - Sync 1 DAGs
[2026-03-04T04:59:51.381+0000] {logging_mixin.py:188} INFO - [2026-03-04T04:59:51.381+0000] {dag.py:3823} INFO - Setting next_dagrun for CountryCaptial_v2 to 2026-03-04 02:30:00+00:00, run_after=2026-03-05 02:30:00+00:00
[2026-03-04T04:59:51.391+0000] {processor.py:183} INFO - Processing /opt/airflow/dags/country_capital_to_snowflake_v2.py took 0.066 seconds
[2026-03-04T05:00:21.668+0000] {processor.py:161} INFO - Started process (PID=85) to work on /opt/airflow/dags/country_capital_to_snowflake_v2.py
[2026-03-04T05:00:21.670+0000] {processor.py:830} INFO - Processing file /opt/airflow/dags/country_capital_to_snowflake_v2.py for tasks to queue
[2026-03-04T05:00:21.672+0000] {logging_mixin.py:188} INFO - [2026-03-04T05:00:21.672+0000] {dagbag.py:538} INFO - Filling up the DagBag from /opt/airflow/dags/country_capital_to_snowflake_v2.py
[2026-03-04T05:00:21.696+0000] {processor.py:840} INFO - DAG(s) 'CountryCaptial_v2' retrieved from /opt/airflow/dags/country_capital_to_snowflake_v2.py
[2026-03-04T05:00:21.708+0000] {logging_mixin.py:188} INFO - [2026-03-04T05:00:21.707+0000] {dag.py:3036} INFO - Sync 1 DAGs
[2026-03-04T05:00:21.720+0000] {logging_mixin.py:188} INFO - [2026-03-04T05:00:21.720+0000] {dag.py:3823} INFO - Setting next_dagrun for CountryCaptial_v2 to 2026-03-04 02:30:00+00:00, run_after=2026-03-05 02:30:00+00:00
[2026-03-04T05:00:21.731+0000] {processor.py:183} INFO - Processing /opt/airflow/dags/country_capital_to_snowflake_v2.py took 0.067 seconds
[2026-03-04T05:00:52.010+0000] {processor.py:161} INFO - Started process (PID=86) to work on /opt/airflow/dags/country_capital_to_snowflake_v2.py
[2026-03-04T05:00:52.011+0000] {processor.py:830} INFO - Processing file /opt/airflow/dags/country_capital_to_snowflake_v2.py for tasks to queue
[2026-03-04T05:00:52.013+0000] {logging_mixin.py:188} INFO - [2026-03-04T05:00:52.013+0000] {dagbag.py:538} INFO - Filling up the DagBag from /opt/airflow/dags/country_capital_to_snowflake_v2.py
[2026-03-04T05:00:52.037+0000] {processor.py:840} INFO - DAG(s) 'CountryCaptial_v2' retrieved from /opt/airflow/dags/country_capital_to_snowflake_v2.py
[2026-03-04T05:00:52.049+0000] {logging_mixin.py:188} INFO - [2026-03-04T05:00:52.049+0000] {dag.py:3036} INFO - Sync 1 DAGs
[2026-03-04T05:00:52.063+0000] {logging_mixin.py:188} INFO - [2026-03-04T05:00:52.063+0000] {dag.py:3823} INFO - Setting next_dagrun for CountryCaptial_v2 to 2026-03-04 02:30:00+00:00, run_after=2026-03-05 02:30:00+00:00
[2026-03-04T05:00:52.074+0000] {processor.py:183} INFO - Processing /opt/airflow/dags/country_capital_to_snowflake_v2.py took 0.069 seconds
[2026-03-04T05:01:22.302+0000] {processor.py:161} INFO - Started process (PID=87) to work on /opt/airflow/dags/country_capital_to_snowflake_v2.py
[2026-03-04T05:01:22.303+0000] {processor.py:830} INFO - Processing file /opt/airflow/dags/country_capital_to_snowflake_v2.py for tasks to queue
[2026-03-04T05:01:22.304+0000] {logging_mixin.py:188} INFO - [2026-03-04T05:01:22.304+0000] {dagbag.py:538} INFO - Filling up the DagBag from /opt/airflow/dags/country_capital_to_snowflake_v2.py
[2026-03-04T05:01:22.322+0000] {processor.py:840} INFO - DAG(s) 'CountryCaptial_v2' retrieved from /opt/airflow/dags/country_capital_to_snowflake_v2.py
[2026-03-04T05:01:22.333+0000] {logging_mixin.py:188} INFO - [2026-03-04T05:01:22.333+0000] {dag.py:3036} INFO - Sync 1 DAGs
[2026-03-04T05:01:22.373+0000] {logging_mixin.py:188} INFO - [2026-03-04T05:01:22.373+0000] {dag.py:3823} INFO - Setting next_dagrun for CountryCaptial_v2 to 2026-03-04 02:30:00+00:00, run_after=2026-03-05 02:30:00+00:00
[2026-03-04T05:01:22.382+0000] {processor.py:183} INFO - Processing /opt/airflow/dags/country_capital_to_snowflake_v2.py took 0.084 seconds
[2026-03-04T05:01:52.685+0000] {processor.py:161} INFO - Started process (PID=88) to work on /opt/airflow/dags/country_capital_to_snowflake_v2.py
[2026-03-04T05:01:52.686+0000] {processor.py:830} INFO - Processing file /opt/airflow/dags/country_capital_to_snowflake_v2.py for tasks to queue
[2026-03-04T05:01:52.688+0000] {logging_mixin.py:188} INFO - [2026-03-04T05:01:52.687+0000] {dagbag.py:538} INFO - Filling up the DagBag from /opt/airflow/dags/country_capital_to_snowflake_v2.py
[2026-03-04T05:01:52.715+0000] {processor.py:840} INFO - DAG(s) 'CountryCaptial_v2' retrieved from /opt/airflow/dags/country_capital_to_snowflake_v2.py
[2026-03-04T05:01:52.728+0000] {logging_mixin.py:188} INFO - [2026-03-04T05:01:52.728+0000] {dag.py:3036} INFO - Sync 1 DAGs
[2026-03-04T05:01:52.742+0000] {logging_mixin.py:188} INFO - [2026-03-04T05:01:52.742+0000] {dag.py:3823} INFO - Setting next_dagrun for CountryCaptial_v2 to 2026-03-04 02:30:00+00:00, run_after=2026-03-05 02:30:00+00:00
[2026-03-04T05:01:52.752+0000] {processor.py:183} INFO - Processing /opt/airflow/dags/country_capital_to_snowflake_v2.py took 0.072 seconds
[2026-03-04T05:02:23.051+0000] {processor.py:161} INFO - Started process (PID=89) to work on /opt/airflow/dags/country_capital_to_snowflake_v2.py
[2026-03-04T05:02:23.052+0000] {processor.py:830} INFO - Processing file /opt/airflow/dags/country_capital_to_snowflake_v2.py for tasks to queue
[2026-03-04T05:02:23.054+0000] {logging_mixin.py:188} INFO - [2026-03-04T05:02:23.054+0000] {dagbag.py:538} INFO - Filling up the DagBag from /opt/airflow/dags/country_capital_to_snowflake_v2.py
[2026-03-04T05:02:23.077+0000] {processor.py:840} INFO - DAG(s) 'CountryCaptial_v2' retrieved from /opt/airflow/dags/country_capital_to_snowflake_v2.py
[2026-03-04T05:02:23.094+0000] {logging_mixin.py:188} INFO - [2026-03-04T05:02:23.093+0000] {dag.py:3036} INFO - Sync 1 DAGs
[2026-03-04T05:02:23.132+0000] {logging_mixin.py:188} INFO - [2026-03-04T05:02:23.132+0000] {dag.py:3823} INFO - Setting next_dagrun for CountryCaptial_v2 to 2026-03-04 02:30:00+00:00, run_after=2026-03-05 02:30:00+00:00
[2026-03-04T05:02:23.145+0000] {processor.py:183} INFO - Processing /opt/airflow/dags/country_capital_to_snowflake_v2.py took 0.098 seconds
[2026-03-04T05:02:53.330+0000] {processor.py:161} INFO - Started process (PID=90) to work on /opt/airflow/dags/country_capital_to_snowflake_v2.py
[2026-03-04T05:02:53.331+0000] {processor.py:830} INFO - Processing file /opt/airflow/dags/country_capital_to_snowflake_v2.py for tasks to queue
[2026-03-04T05:02:53.333+0000] {logging_mixin.py:188} INFO - [2026-03-04T05:02:53.333+0000] {dagbag.py:538} INFO - Filling up the DagBag from /opt/airflow/dags/country_capital_to_snowflake_v2.py
[2026-03-04T05:02:53.359+0000] {processor.py:840} INFO - DAG(s) 'CountryCaptial_v2' retrieved from /opt/airflow/dags/country_capital_to_snowflake_v2.py
[2026-03-04T05:02:53.371+0000] {logging_mixin.py:188} INFO - [2026-03-04T05:02:53.371+0000] {dag.py:3036} INFO - Sync 1 DAGs
[2026-03-04T05:02:53.383+0000] {logging_mixin.py:188} INFO - [2026-03-04T05:02:53.383+0000] {dag.py:3823} INFO - Setting next_dagrun for CountryCaptial_v2 to 2026-03-04 02:30:00+00:00, run_after=2026-03-05 02:30:00+00:00
[2026-03-04T05:02:53.394+0000] {processor.py:183} INFO - Processing /opt/airflow/dags/country_capital_to_snowflake_v2.py took 0.069 seconds
[2026-03-04T05:03:23.695+0000] {processor.py:161} INFO - Started process (PID=91) to work on /opt/airflow/dags/country_capital_to_snowflake_v2.py
[2026-03-04T05:03:23.696+0000] {processor.py:830} INFO - Processing file /opt/airflow/dags/country_capital_to_snowflake_v2.py for tasks to queue
[2026-03-04T05:03:23.698+0000] {logging_mixin.py:188} INFO - [2026-03-04T05:03:23.698+0000] {dagbag.py:538} INFO - Filling up the DagBag from /opt/airflow/dags/country_capital_to_snowflake_v2.py
[2026-03-04T05:03:23.723+0000] {processor.py:840} INFO - DAG(s) 'CountryCaptial_v2' retrieved from /opt/airflow/dags/country_capital_to_snowflake_v2.py
[2026-03-04T05:03:23.735+0000] {logging_mixin.py:188} INFO - [2026-03-04T05:03:23.735+0000] {dag.py:3036} INFO - Sync 1 DAGs
[2026-03-04T05:03:23.747+0000] {logging_mixin.py:188} INFO - [2026-03-04T05:03:23.747+0000] {dag.py:3823} INFO - Setting next_dagrun for CountryCaptial_v2 to 2026-03-04 02:30:00+00:00, run_after=2026-03-05 02:30:00+00:00
[2026-03-04T05:03:23.757+0000] {processor.py:183} INFO - Processing /opt/airflow/dags/country_capital_to_snowflake_v2.py took 0.067 seconds
[2026-03-04T05:03:54.031+0000] {processor.py:161} INFO - Started process (PID=92) to work on /opt/airflow/dags/country_capital_to_snowflake_v2.py
[2026-03-04T05:03:54.032+0000] {processor.py:830} INFO - Processing file /opt/airflow/dags/country_capital_to_snowflake_v2.py for tasks to queue
[2026-03-04T05:03:54.034+0000] {logging_mixin.py:188} INFO - [2026-03-04T05:03:54.034+0000] {dagbag.py:538} INFO - Filling up the DagBag from /opt/airflow/dags/country_capital_to_snowflake_v2.py
[2026-03-04T05:03:54.058+0000] {processor.py:840} INFO - DAG(s) 'CountryCaptial_v2' retrieved from /opt/airflow/dags/country_capital_to_snowflake_v2.py
[2026-03-04T05:03:54.071+0000] {logging_mixin.py:188} INFO - [2026-03-04T05:03:54.071+0000] {dag.py:3036} INFO - Sync 1 DAGs
[2026-03-04T05:03:54.083+0000] {logging_mixin.py:188} INFO - [2026-03-04T05:03:54.083+0000] {dag.py:3823} INFO - Setting next_dagrun for CountryCaptial_v2 to 2026-03-04 02:30:00+00:00, run_after=2026-03-05 02:30:00+00:00
[2026-03-04T05:03:54.094+0000] {processor.py:183} INFO - Processing /opt/airflow/dags/country_capital_to_snowflake_v2.py took 0.067 seconds
[2026-03-04T05:04:24.358+0000] {processor.py:161} INFO - Started process (PID=93) to work on /opt/airflow/dags/country_capital_to_snowflake_v2.py
[2026-03-04T05:04:24.359+0000] {processor.py:830} INFO - Processing file /opt/airflow/dags/country_capital_to_snowflake_v2.py for tasks to queue
[2026-03-04T05:04:24.361+0000] {logging_mixin.py:188} INFO - [2026-03-04T05:04:24.361+0000] {dagbag.py:538} INFO - Filling up the DagBag from /opt/airflow/dags/country_capital_to_snowflake_v2.py
[2026-03-04T05:04:24.385+0000] {processor.py:840} INFO - DAG(s) 'CountryCaptial_v2' retrieved from /opt/airflow/dags/country_capital_to_snowflake_v2.py
[2026-03-04T05:04:24.397+0000] {logging_mixin.py:188} INFO - [2026-03-04T05:04:24.397+0000] {dag.py:3036} INFO - Sync 1 DAGs
[2026-03-04T05:04:24.410+0000] {logging_mixin.py:188} INFO - [2026-03-04T05:04:24.409+0000] {dag.py:3823} INFO - Setting next_dagrun for CountryCaptial_v2 to 2026-03-04 02:30:00+00:00, run_after=2026-03-05 02:30:00+00:00
[2026-03-04T05:04:24.419+0000] {processor.py:183} INFO - Processing /opt/airflow/dags/country_capital_to_snowflake_v2.py took 0.066 seconds
[2026-03-04T05:04:54.728+0000] {processor.py:161} INFO - Started process (PID=94) to work on /opt/airflow/dags/country_capital_to_snowflake_v2.py
[2026-03-04T05:04:54.729+0000] {processor.py:830} INFO - Processing file /opt/airflow/dags/country_capital_to_snowflake_v2.py for tasks to queue
[2026-03-04T05:04:54.731+0000] {logging_mixin.py:188} INFO - [2026-03-04T05:04:54.731+0000] {dagbag.py:538} INFO - Filling up the DagBag from /opt/airflow/dags/country_capital_to_snowflake_v2.py
[2026-03-04T05:04:54.755+0000] {processor.py:840} INFO - DAG(s) 'CountryCaptial_v2' retrieved from /opt/airflow/dags/country_capital_to_snowflake_v2.py
[2026-03-04T05:04:54.766+0000] {logging_mixin.py:188} INFO - [2026-03-04T05:04:54.766+0000] {dag.py:3036} INFO - Sync 1 DAGs
[2026-03-04T05:04:54.779+0000] {logging_mixin.py:188} INFO - [2026-03-04T05:04:54.779+0000] {dag.py:3823} INFO - Setting next_dagrun for CountryCaptial_v2 to 2026-03-04 02:30:00+00:00, run_after=2026-03-05 02:30:00+00:00
[2026-03-04T05:04:54.789+0000] {processor.py:183} INFO - Processing /opt/airflow/dags/country_capital_to_snowflake_v2.py took 0.065 seconds
[2026-03-04T05:05:25.096+0000] {processor.py:161} INFO - Started process (PID=95) to work on /opt/airflow/dags/country_capital_to_snowflake_v2.py
[2026-03-04T05:05:25.097+0000] {processor.py:830} INFO - Processing file /opt/airflow/dags/country_capital_to_snowflake_v2.py for tasks to queue
[2026-03-04T05:05:25.099+0000] {logging_mixin.py:188} INFO - [2026-03-04T05:05:25.099+0000] {dagbag.py:538} INFO - Filling up the DagBag from /opt/airflow/dags/country_capital_to_snowflake_v2.py
[2026-03-04T05:05:25.122+0000] {processor.py:840} INFO - DAG(s) 'CountryCaptial_v2' retrieved from /opt/airflow/dags/country_capital_to_snowflake_v2.py
[2026-03-04T05:05:25.135+0000] {logging_mixin.py:188} INFO - [2026-03-04T05:05:25.135+0000] {dag.py:3036} INFO - Sync 1 DAGs
[2026-03-04T05:05:25.147+0000] {logging_mixin.py:188} INFO - [2026-03-04T05:05:25.147+0000] {dag.py:3823} INFO - Setting next_dagrun for CountryCaptial_v2 to 2026-03-04 02:30:00+00:00, run_after=2026-03-05 02:30:00+00:00
[2026-03-04T05:05:25.157+0000] {processor.py:183} INFO - Processing /opt/airflow/dags/country_capital_to_snowflake_v2.py took 0.065 seconds
[2026-03-04T05:05:55.459+0000] {processor.py:161} INFO - Started process (PID=96) to work on /opt/airflow/dags/country_capital_to_snowflake_v2.py
[2026-03-04T05:05:55.460+0000] {processor.py:830} INFO - Processing file /opt/airflow/dags/country_capital_to_snowflake_v2.py for tasks to queue
[2026-03-04T05:05:55.462+0000] {logging_mixin.py:188} INFO - [2026-03-04T05:05:55.461+0000] {dagbag.py:538} INFO - Filling up the DagBag from /opt/airflow/dags/country_capital_to_snowflake_v2.py
[2026-03-04T05:05:55.485+0000] {processor.py:840} INFO - DAG(s) 'CountryCaptial_v2' retrieved from /opt/airflow/dags/country_capital_to_snowflake_v2.py
[2026-03-04T05:05:55.497+0000] {logging_mixin.py:188} INFO - [2026-03-04T05:05:55.496+0000] {dag.py:3036} INFO - Sync 1 DAGs
[2026-03-04T05:05:55.509+0000] {logging_mixin.py:188} INFO - [2026-03-04T05:05:55.509+0000] {dag.py:3823} INFO - Setting next_dagrun for CountryCaptial_v2 to 2026-03-04 02:30:00+00:00, run_after=2026-03-05 02:30:00+00:00
[2026-03-04T05:05:55.518+0000] {processor.py:183} INFO - Processing /opt/airflow/dags/country_capital_to_snowflake_v2.py took 0.065 seconds
[2026-03-04T05:06:25.833+0000] {processor.py:161} INFO - Started process (PID=97) to work on /opt/airflow/dags/country_capital_to_snowflake_v2.py
[2026-03-04T05:06:25.833+0000] {processor.py:830} INFO - Processing file /opt/airflow/dags/country_capital_to_snowflake_v2.py for tasks to queue
[2026-03-04T05:06:25.835+0000] {logging_mixin.py:188} INFO - [2026-03-04T05:06:25.834+0000] {dagbag.py:538} INFO - Filling up the DagBag from /opt/airflow/dags/country_capital_to_snowflake_v2.py
[2026-03-04T05:06:25.853+0000] {processor.py:840} INFO - DAG(s) 'CountryCaptial_v2' retrieved from /opt/airflow/dags/country_capital_to_snowflake_v2.py
[2026-03-04T05:06:25.865+0000] {logging_mixin.py:188} INFO - [2026-03-04T05:06:25.864+0000] {dag.py:3036} INFO - Sync 1 DAGs
[2026-03-04T05:06:25.878+0000] {logging_mixin.py:188} INFO - [2026-03-04T05:06:25.878+0000] {dag.py:3823} INFO - Setting next_dagrun for CountryCaptial_v2 to 2026-03-04 02:30:00+00:00, run_after=2026-03-05 02:30:00+00:00
[2026-03-04T05:06:25.891+0000] {processor.py:183} INFO - Processing /opt/airflow/dags/country_capital_to_snowflake_v2.py took 0.060 seconds
[2026-03-04T05:06:56.216+0000] {processor.py:161} INFO - Started process (PID=98) to work on /opt/airflow/dags/country_capital_to_snowflake_v2.py
[2026-03-04T05:06:56.218+0000] {processor.py:830} INFO - Processing file /opt/airflow/dags/country_capital_to_snowflake_v2.py for tasks to queue
[2026-03-04T05:06:56.220+0000] {logging_mixin.py:188} INFO - [2026-03-04T05:06:56.220+0000] {dagbag.py:538} INFO - Filling up the DagBag from /opt/airflow/dags/country_capital_to_snowflake_v2.py
[2026-03-04T05:06:56.245+0000] {processor.py:840} INFO - DAG(s) 'CountryCaptial_v2' retrieved from /opt/airflow/dags/country_capital_to_snowflake_v2.py
[2026-03-04T05:06:56.257+0000] {logging_mixin.py:188} INFO - [2026-03-04T05:06:56.257+0000] {dag.py:3036} INFO - Sync 1 DAGs
[2026-03-04T05:06:56.271+0000] {logging_mixin.py:188} INFO - [2026-03-04T05:06:56.270+0000] {dag.py:3823} INFO - Setting next_dagrun for CountryCaptial_v2 to 2026-03-04 02:30:00+00:00, run_after=2026-03-05 02:30:00+00:00
[2026-03-04T05:06:56.280+0000] {processor.py:183} INFO - Processing /opt/airflow/dags/country_capital_to_snowflake_v2.py took 0.069 seconds
[2026-03-04T05:07:26.567+0000] {processor.py:161} INFO - Started process (PID=99) to work on /opt/airflow/dags/country_capital_to_snowflake_v2.py
[2026-03-04T05:07:26.568+0000] {processor.py:830} INFO - Processing file /opt/airflow/dags/country_capital_to_snowflake_v2.py for tasks to queue
[2026-03-04T05:07:26.570+0000] {logging_mixin.py:188} INFO - [2026-03-04T05:07:26.570+0000] {dagbag.py:538} INFO - Filling up the DagBag from /opt/airflow/dags/country_capital_to_snowflake_v2.py
[2026-03-04T05:07:26.595+0000] {processor.py:840} INFO - DAG(s) 'CountryCaptial_v2' retrieved from /opt/airflow/dags/country_capital_to_snowflake_v2.py
[2026-03-04T05:07:26.609+0000] {logging_mixin.py:188} INFO - [2026-03-04T05:07:26.608+0000] {dag.py:3036} INFO - Sync 1 DAGs
[2026-03-04T05:07:26.623+0000] {logging_mixin.py:188} INFO - [2026-03-04T05:07:26.622+0000] {dag.py:3823} INFO - Setting next_dagrun for CountryCaptial_v2 to 2026-03-04 02:30:00+00:00, run_after=2026-03-05 02:30:00+00:00
[2026-03-04T05:07:26.633+0000] {processor.py:183} INFO - Processing /opt/airflow/dags/country_capital_to_snowflake_v2.py took 0.071 seconds
[2026-03-04T05:07:56.929+0000] {processor.py:161} INFO - Started process (PID=100) to work on /opt/airflow/dags/country_capital_to_snowflake_v2.py
[2026-03-04T05:07:56.930+0000] {processor.py:830} INFO - Processing file /opt/airflow/dags/country_capital_to_snowflake_v2.py for tasks to queue
[2026-03-04T05:07:56.932+0000] {logging_mixin.py:188} INFO - [2026-03-04T05:07:56.932+0000] {dagbag.py:538} INFO - Filling up the DagBag from /opt/airflow/dags/country_capital_to_snowflake_v2.py
[2026-03-04T05:07:56.959+0000] {processor.py:840} INFO - DAG(s) 'CountryCaptial_v2' retrieved from /opt/airflow/dags/country_capital_to_snowflake_v2.py
[2026-03-04T05:07:56.971+0000] {logging_mixin.py:188} INFO - [2026-03-04T05:07:56.971+0000] {dag.py:3036} INFO - Sync 1 DAGs
[2026-03-04T05:07:56.983+0000] {logging_mixin.py:188} INFO - [2026-03-04T05:07:56.983+0000] {dag.py:3823} INFO - Setting next_dagrun for CountryCaptial_v2 to 2026-03-04 02:30:00+00:00, run_after=2026-03-05 02:30:00+00:00
[2026-03-04T05:07:56.994+0000] {processor.py:183} INFO - Processing /opt/airflow/dags/country_capital_to_snowflake_v2.py took 0.069 seconds
[2026-03-04T05:08:27.384+0000] {processor.py:161} INFO - Started process (PID=101) to work on /opt/airflow/dags/country_capital_to_snowflake_v2.py
[2026-03-04T05:08:27.385+0000] {processor.py:830} INFO - Processing file /opt/airflow/dags/country_capital_to_snowflake_v2.py for tasks to queue
[2026-03-04T05:08:27.387+0000] {logging_mixin.py:188} INFO - [2026-03-04T05:08:27.386+0000] {dagbag.py:538} INFO - Filling up the DagBag from /opt/airflow/dags/country_capital_to_snowflake_v2.py
[2026-03-04T05:08:27.411+0000] {processor.py:840} INFO - DAG(s) 'CountryCaptial_v2' retrieved from /opt/airflow/dags/country_capital_to_snowflake_v2.py
[2026-03-04T05:08:27.424+0000] {logging_mixin.py:188} INFO - [2026-03-04T05:08:27.423+0000] {dag.py:3036} INFO - Sync 1 DAGs
[2026-03-04T05:08:27.436+0000] {logging_mixin.py:188} INFO - [2026-03-04T05:08:27.436+0000] {dag.py:3823} INFO - Setting next_dagrun for CountryCaptial_v2 to 2026-03-04 02:30:00+00:00, run_after=2026-03-05 02:30:00+00:00
[2026-03-04T05:08:27.446+0000] {processor.py:183} INFO - Processing /opt/airflow/dags/country_capital_to_snowflake_v2.py took 0.066 seconds
[2026-03-04T05:08:57.803+0000] {processor.py:161} INFO - Started process (PID=102) to work on /opt/airflow/dags/country_capital_to_snowflake_v2.py
[2026-03-04T05:08:57.804+0000] {processor.py:830} INFO - Processing file /opt/airflow/dags/country_capital_to_snowflake_v2.py for tasks to queue
[2026-03-04T05:08:57.807+0000] {logging_mixin.py:188} INFO - [2026-03-04T05:08:57.806+0000] {dagbag.py:538} INFO - Filling up the DagBag from /opt/airflow/dags/country_capital_to_snowflake_v2.py
[2026-03-04T05:08:57.831+0000] {processor.py:840} INFO - DAG(s) 'CountryCaptial_v2' retrieved from /opt/airflow/dags/country_capital_to_snowflake_v2.py
[2026-03-04T05:08:57.843+0000] {logging_mixin.py:188} INFO - [2026-03-04T05:08:57.843+0000] {dag.py:3036} INFO - Sync 1 DAGs
[2026-03-04T05:08:57.855+0000] {logging_mixin.py:188} INFO - [2026-03-04T05:08:57.855+0000] {dag.py:3823} INFO - Setting next_dagrun for CountryCaptial_v2 to 2026-03-04 02:30:00+00:00, run_after=2026-03-05 02:30:00+00:00
[2026-03-04T05:08:57.865+0000] {processor.py:183} INFO - Processing /opt/airflow/dags/country_capital_to_snowflake_v2.py took 0.066 seconds
[2026-03-04T05:09:28.237+0000] {processor.py:161} INFO - Started process (PID=103) to work on /opt/airflow/dags/country_capital_to_snowflake_v2.py
[2026-03-04T05:09:28.238+0000] {processor.py:830} INFO - Processing file /opt/airflow/dags/country_capital_to_snowflake_v2.py for tasks to queue
[2026-03-04T05:09:28.240+0000] {logging_mixin.py:188} INFO - [2026-03-04T05:09:28.240+0000] {dagbag.py:538} INFO - Filling up the DagBag from /opt/airflow/dags/country_capital_to_snowflake_v2.py
[2026-03-04T05:09:28.265+0000] {processor.py:840} INFO - DAG(s) 'CountryCaptial_v2' retrieved from /opt/airflow/dags/country_capital_to_snowflake_v2.py
[2026-03-04T05:09:28.279+0000] {logging_mixin.py:188} INFO - [2026-03-04T05:09:28.278+0000] {dag.py:3036} INFO - Sync 1 DAGs
[2026-03-04T05:09:28.292+0000] {logging_mixin.py:188} INFO - [2026-03-04T05:09:28.292+0000] {dag.py:3823} INFO - Setting next_dagrun for CountryCaptial_v2 to 2026-03-04 02:30:00+00:00, run_after=2026-03-05 02:30:00+00:00
[2026-03-04T05:09:28.303+0000] {processor.py:183} INFO - Processing /opt/airflow/dags/country_capital_to_snowflake_v2.py took 0.070 seconds
[2026-03-04T05:09:58.607+0000] {processor.py:161} INFO - Started process (PID=104) to work on /opt/airflow/dags/country_capital_to_snowflake_v2.py
[2026-03-04T05:09:58.607+0000] {processor.py:830} INFO - Processing file /opt/airflow/dags/country_capital_to_snowflake_v2.py for tasks to queue
[2026-03-04T05:09:58.610+0000] {logging_mixin.py:188} INFO - [2026-03-04T05:09:58.609+0000] {dagbag.py:538} INFO - Filling up the DagBag from /opt/airflow/dags/country_capital_to_snowflake_v2.py
[2026-03-04T05:09:58.631+0000] {processor.py:840} INFO - DAG(s) 'CountryCaptial_v2' retrieved from /opt/airflow/dags/country_capital_to_snowflake_v2.py
[2026-03-04T05:09:58.642+0000] {logging_mixin.py:188} INFO - [2026-03-04T05:09:58.642+0000] {dag.py:3036} INFO - Sync 1 DAGs
[2026-03-04T05:09:58.655+0000] {logging_mixin.py:188} INFO - [2026-03-04T05:09:58.655+0000] {dag.py:3823} INFO - Setting next_dagrun for CountryCaptial_v2 to 2026-03-04 02:30:00+00:00, run_after=2026-03-05 02:30:00+00:00
[2026-03-04T05:09:58.665+0000] {processor.py:183} INFO - Processing /opt/airflow/dags/country_capital_to_snowflake_v2.py took 0.062 seconds
[2026-03-04T05:10:28.982+0000] {processor.py:161} INFO - Started process (PID=105) to work on /opt/airflow/dags/country_capital_to_snowflake_v2.py
[2026-03-04T05:10:28.983+0000] {processor.py:830} INFO - Processing file /opt/airflow/dags/country_capital_to_snowflake_v2.py for tasks to queue
[2026-03-04T05:10:28.986+0000] {logging_mixin.py:188} INFO - [2026-03-04T05:10:28.985+0000] {dagbag.py:538} INFO - Filling up the DagBag from /opt/airflow/dags/country_capital_to_snowflake_v2.py
[2026-03-04T05:10:29.002+0000] {processor.py:840} INFO - DAG(s) 'CountryCaptial_v2' retrieved from /opt/airflow/dags/country_capital_to_snowflake_v2.py
[2026-03-04T05:10:29.013+0000] {logging_mixin.py:188} INFO - [2026-03-04T05:10:29.012+0000] {dag.py:3036} INFO - Sync 1 DAGs
[2026-03-04T05:10:29.026+0000] {logging_mixin.py:188} INFO - [2026-03-04T05:10:29.025+0000] {dag.py:3823} INFO - Setting next_dagrun for CountryCaptial_v2 to 2026-03-04 02:30:00+00:00, run_after=2026-03-05 02:30:00+00:00
[2026-03-04T05:10:29.036+0000] {processor.py:183} INFO - Processing /opt/airflow/dags/country_capital_to_snowflake_v2.py took 0.058 seconds
[2026-03-04T05:10:59.328+0000] {processor.py:161} INFO - Started process (PID=106) to work on /opt/airflow/dags/country_capital_to_snowflake_v2.py
[2026-03-04T05:10:59.329+0000] {processor.py:830} INFO - Processing file /opt/airflow/dags/country_capital_to_snowflake_v2.py for tasks to queue
[2026-03-04T05:10:59.330+0000] {logging_mixin.py:188} INFO - [2026-03-04T05:10:59.330+0000] {dagbag.py:538} INFO - Filling up the DagBag from /opt/airflow/dags/country_capital_to_snowflake_v2.py
[2026-03-04T05:10:59.345+0000] {processor.py:840} INFO - DAG(s) 'CountryCaptial_v2' retrieved from /opt/airflow/dags/country_capital_to_snowflake_v2.py
[2026-03-04T05:10:59.355+0000] {logging_mixin.py:188} INFO - [2026-03-04T05:10:59.355+0000] {dag.py:3036} INFO - Sync 1 DAGs
[2026-03-04T05:10:59.367+0000] {logging_mixin.py:188} INFO - [2026-03-04T05:10:59.367+0000] {dag.py:3823} INFO - Setting next_dagrun for CountryCaptial_v2 to 2026-03-04 02:30:00+00:00, run_after=2026-03-05 02:30:00+00:00
[2026-03-04T05:10:59.377+0000] {processor.py:183} INFO - Processing /opt/airflow/dags/country_capital_to_snowflake_v2.py took 0.052 seconds
[2026-03-04T05:11:29.648+0000] {processor.py:161} INFO - Started process (PID=107) to work on /opt/airflow/dags/country_capital_to_snowflake_v2.py
[2026-03-04T05:11:29.649+0000] {processor.py:830} INFO - Processing file /opt/airflow/dags/country_capital_to_snowflake_v2.py for tasks to queue
[2026-03-04T05:11:29.650+0000] {logging_mixin.py:188} INFO - [2026-03-04T05:11:29.650+0000] {dagbag.py:538} INFO - Filling up the DagBag from /opt/airflow/dags/country_capital_to_snowflake_v2.py
[2026-03-04T05:11:29.666+0000] {processor.py:840} INFO - DAG(s) 'CountryCaptial_v2' retrieved from /opt/airflow/dags/country_capital_to_snowflake_v2.py
[2026-03-04T05:11:29.678+0000] {logging_mixin.py:188} INFO - [2026-03-04T05:11:29.677+0000] {dag.py:3036} INFO - Sync 1 DAGs
[2026-03-04T05:11:29.691+0000] {logging_mixin.py:188} INFO - [2026-03-04T05:11:29.691+0000] {dag.py:3823} INFO - Setting next_dagrun for CountryCaptial_v2 to 2026-03-04 02:30:00+00:00, run_after=2026-03-05 02:30:00+00:00
[2026-03-04T05:11:29.700+0000] {processor.py:183} INFO - Processing /opt/airflow/dags/country_capital_to_snowflake_v2.py took 0.056 seconds
[2026-03-04T05:11:59.913+0000] {processor.py:161} INFO - Started process (PID=108) to work on /opt/airflow/dags/country_capital_to_snowflake_v2.py
[2026-03-04T05:11:59.914+0000] {processor.py:830} INFO - Processing file /opt/airflow/dags/country_capital_to_snowflake_v2.py for tasks to queue
[2026-03-04T05:11:59.915+0000] {logging_mixin.py:188} INFO - [2026-03-04T05:11:59.915+0000] {dagbag.py:538} INFO - Filling up the DagBag from /opt/airflow/dags/country_capital_to_snowflake_v2.py
[2026-03-04T05:11:59.931+0000] {processor.py:840} INFO - DAG(s) 'CountryCaptial_v2' retrieved from /opt/airflow/dags/country_capital_to_snowflake_v2.py
[2026-03-04T05:11:59.941+0000] {logging_mixin.py:188} INFO - [2026-03-04T05:11:59.941+0000] {dag.py:3036} INFO - Sync 1 DAGs
[2026-03-04T05:11:59.954+0000] {logging_mixin.py:188} INFO - [2026-03-04T05:11:59.953+0000] {dag.py:3823} INFO - Setting next_dagrun for CountryCaptial_v2 to 2026-03-04 02:30:00+00:00, run_after=2026-03-05 02:30:00+00:00
[2026-03-04T05:11:59.964+0000] {processor.py:183} INFO - Processing /opt/airflow/dags/country_capital_to_snowflake_v2.py took 0.054 seconds
[2026-03-04T05:12:30.228+0000] {processor.py:161} INFO - Started process (PID=109) to work on /opt/airflow/dags/country_capital_to_snowflake_v2.py
[2026-03-04T05:12:30.228+0000] {processor.py:830} INFO - Processing file /opt/airflow/dags/country_capital_to_snowflake_v2.py for tasks to queue
[2026-03-04T05:12:30.230+0000] {logging_mixin.py:188} INFO - [2026-03-04T05:12:30.230+0000] {dagbag.py:538} INFO - Filling up the DagBag from /opt/airflow/dags/country_capital_to_snowflake_v2.py
[2026-03-04T05:12:30.245+0000] {processor.py:840} INFO - DAG(s) 'CountryCaptial_v2' retrieved from /opt/airflow/dags/country_capital_to_snowflake_v2.py
[2026-03-04T05:12:30.255+0000] {logging_mixin.py:188} INFO - [2026-03-04T05:12:30.255+0000] {dag.py:3036} INFO - Sync 1 DAGs
[2026-03-04T05:12:30.268+0000] {logging_mixin.py:188} INFO - [2026-03-04T05:12:30.268+0000] {dag.py:3823} INFO - Setting next_dagrun for CountryCaptial_v2 to 2026-03-04 02:30:00+00:00, run_after=2026-03-05 02:30:00+00:00
[2026-03-04T05:12:30.278+0000] {processor.py:183} INFO - Processing /opt/airflow/dags/country_capital_to_snowflake_v2.py took 0.053 seconds
[2026-03-04T05:13:00.562+0000] {processor.py:161} INFO - Started process (PID=110) to work on /opt/airflow/dags/country_capital_to_snowflake_v2.py
[2026-03-04T05:13:00.562+0000] {processor.py:830} INFO - Processing file /opt/airflow/dags/country_capital_to_snowflake_v2.py for tasks to queue
[2026-03-04T05:13:00.563+0000] {logging_mixin.py:188} INFO - [2026-03-04T05:13:00.563+0000] {dagbag.py:538} INFO - Filling up the DagBag from /opt/airflow/dags/country_capital_to_snowflake_v2.py
[2026-03-04T05:13:00.578+0000] {processor.py:840} INFO - DAG(s) 'CountryCaptial_v2' retrieved from /opt/airflow/dags/country_capital_to_snowflake_v2.py
[2026-03-04T05:13:00.588+0000] {logging_mixin.py:188} INFO - [2026-03-04T05:13:00.587+0000] {dag.py:3036} INFO - Sync 1 DAGs
[2026-03-04T05:13:00.600+0000] {logging_mixin.py:188} INFO - [2026-03-04T05:13:00.600+0000] {dag.py:3823} INFO - Setting next_dagrun for CountryCaptial_v2 to 2026-03-04 02:30:00+00:00, run_after=2026-03-05 02:30:00+00:00
[2026-03-04T05:13:00.610+0000] {processor.py:183} INFO - Processing /opt/airflow/dags/country_capital_to_snowflake_v2.py took 0.051 seconds
[2026-03-04T05:13:30.886+0000] {processor.py:161} INFO - Started process (PID=111) to work on /opt/airflow/dags/country_capital_to_snowflake_v2.py
[2026-03-04T05:13:30.888+0000] {processor.py:830} INFO - Processing file /opt/airflow/dags/country_capital_to_snowflake_v2.py for tasks to queue
[2026-03-04T05:13:30.889+0000] {logging_mixin.py:188} INFO - [2026-03-04T05:13:30.889+0000] {dagbag.py:538} INFO - Filling up the DagBag from /opt/airflow/dags/country_capital_to_snowflake_v2.py
[2026-03-04T05:13:30.905+0000] {processor.py:840} INFO - DAG(s) 'CountryCaptial_v2' retrieved from /opt/airflow/dags/country_capital_to_snowflake_v2.py
[2026-03-04T05:13:30.916+0000] {logging_mixin.py:188} INFO - [2026-03-04T05:13:30.915+0000] {dag.py:3036} INFO - Sync 1 DAGs
[2026-03-04T05:13:30.928+0000] {logging_mixin.py:188} INFO - [2026-03-04T05:13:30.928+0000] {dag.py:3823} INFO - Setting next_dagrun for CountryCaptial_v2 to 2026-03-04 02:30:00+00:00, run_after=2026-03-05 02:30:00+00:00
[2026-03-04T05:13:30.937+0000] {processor.py:183} INFO - Processing /opt/airflow/dags/country_capital_to_snowflake_v2.py took 0.056 seconds
[2026-03-04T05:14:01.199+0000] {processor.py:161} INFO - Started process (PID=112) to work on /opt/airflow/dags/country_capital_to_snowflake_v2.py
[2026-03-04T05:14:01.199+0000] {processor.py:830} INFO - Processing file /opt/airflow/dags/country_capital_to_snowflake_v2.py for tasks to queue
[2026-03-04T05:14:01.201+0000] {logging_mixin.py:188} INFO - [2026-03-04T05:14:01.201+0000] {dagbag.py:538} INFO - Filling up the DagBag from /opt/airflow/dags/country_capital_to_snowflake_v2.py
[2026-03-04T05:14:01.217+0000] {processor.py:840} INFO - DAG(s) 'CountryCaptial_v2' retrieved from /opt/airflow/dags/country_capital_to_snowflake_v2.py
[2026-03-04T05:14:01.228+0000] {logging_mixin.py:188} INFO - [2026-03-04T05:14:01.228+0000] {dag.py:3036} INFO - Sync 1 DAGs
[2026-03-04T05:14:01.240+0000] {logging_mixin.py:188} INFO - [2026-03-04T05:14:01.240+0000] {dag.py:3823} INFO - Setting next_dagrun for CountryCaptial_v2 to 2026-03-04 02:30:00+00:00, run_after=2026-03-05 02:30:00+00:00
[2026-03-04T05:14:01.249+0000] {processor.py:183} INFO - Processing /opt/airflow/dags/country_capital_to_snowflake_v2.py took 0.054 seconds
[2026-03-04T05:14:31.519+0000] {processor.py:161} INFO - Started process (PID=113) to work on /opt/airflow/dags/country_capital_to_snowflake_v2.py
[2026-03-04T05:14:31.519+0000] {processor.py:830} INFO - Processing file /opt/airflow/dags/country_capital_to_snowflake_v2.py for tasks to queue
[2026-03-04T05:14:31.520+0000] {logging_mixin.py:188} INFO - [2026-03-04T05:14:31.520+0000] {dagbag.py:538} INFO - Filling up the DagBag from /opt/airflow/dags/country_capital_to_snowflake_v2.py
[2026-03-04T05:14:31.535+0000] {processor.py:840} INFO - DAG(s) 'CountryCaptial_v2' retrieved from /opt/airflow/dags/country_capital_to_snowflake_v2.py
[2026-03-04T05:14:31.545+0000] {logging_mixin.py:188} INFO - [2026-03-04T05:14:31.545+0000] {dag.py:3036} INFO - Sync 1 DAGs
[2026-03-04T05:14:31.558+0000] {logging_mixin.py:188} INFO - [2026-03-04T05:14:31.558+0000] {dag.py:3823} INFO - Setting next_dagrun for CountryCaptial_v2 to 2026-03-04 02:30:00+00:00, run_after=2026-03-05 02:30:00+00:00
[2026-03-04T05:14:31.567+0000] {processor.py:183} INFO - Processing /opt/airflow/dags/country_capital_to_snowflake_v2.py took 0.051 seconds
[2026-03-04T05:15:01.910+0000] {processor.py:161} INFO - Started process (PID=114) to work on /opt/airflow/dags/country_capital_to_snowflake_v2.py
[2026-03-04T05:15:01.911+0000] {processor.py:830} INFO - Processing file /opt/airflow/dags/country_capital_to_snowflake_v2.py for tasks to queue
[2026-03-04T05:15:01.912+0000] {logging_mixin.py:188} INFO - [2026-03-04T05:15:01.912+0000] {dagbag.py:538} INFO - Filling up the DagBag from /opt/airflow/dags/country_capital_to_snowflake_v2.py
[2026-03-04T05:15:01.929+0000] {processor.py:840} INFO - DAG(s) 'CountryCaptial_v2' retrieved from /opt/airflow/dags/country_capital_to_snowflake_v2.py
[2026-03-04T05:15:01.940+0000] {logging_mixin.py:188} INFO - [2026-03-04T05:15:01.939+0000] {dag.py:3036} INFO - Sync 1 DAGs
[2026-03-04T05:15:01.952+0000] {logging_mixin.py:188} INFO - [2026-03-04T05:15:01.952+0000] {dag.py:3823} INFO - Setting next_dagrun for CountryCaptial_v2 to 2026-03-04 02:30:00+00:00, run_after=2026-03-05 02:30:00+00:00
[2026-03-04T05:15:01.962+0000] {processor.py:183} INFO - Processing /opt/airflow/dags/country_capital_to_snowflake_v2.py took 0.055 seconds
[2026-03-04T05:15:32.235+0000] {processor.py:161} INFO - Started process (PID=115) to work on /opt/airflow/dags/country_capital_to_snowflake_v2.py
[2026-03-04T05:15:32.236+0000] {processor.py:830} INFO - Processing file /opt/airflow/dags/country_capital_to_snowflake_v2.py for tasks to queue
[2026-03-04T05:15:32.237+0000] {logging_mixin.py:188} INFO - [2026-03-04T05:15:32.237+0000] {dagbag.py:538} INFO - Filling up the DagBag from /opt/airflow/dags/country_capital_to_snowflake_v2.py
[2026-03-04T05:15:32.252+0000] {processor.py:840} INFO - DAG(s) 'CountryCaptial_v2' retrieved from /opt/airflow/dags/country_capital_to_snowflake_v2.py
[2026-03-04T05:15:32.263+0000] {logging_mixin.py:188} INFO - [2026-03-04T05:15:32.262+0000] {dag.py:3036} INFO - Sync 1 DAGs
[2026-03-04T05:15:32.277+0000] {logging_mixin.py:188} INFO - [2026-03-04T05:15:32.276+0000] {dag.py:3823} INFO - Setting next_dagrun for CountryCaptial_v2 to 2026-03-04 02:30:00+00:00, run_after=2026-03-05 02:30:00+00:00
[2026-03-04T05:15:32.286+0000] {processor.py:183} INFO - Processing /opt/airflow/dags/country_capital_to_snowflake_v2.py took 0.053 seconds
[2026-03-04T05:16:02.553+0000] {processor.py:161} INFO - Started process (PID=116) to work on /opt/airflow/dags/country_capital_to_snowflake_v2.py
[2026-03-04T05:16:02.553+0000] {processor.py:830} INFO - Processing file /opt/airflow/dags/country_capital_to_snowflake_v2.py for tasks to queue
[2026-03-04T05:16:02.555+0000] {logging_mixin.py:188} INFO - [2026-03-04T05:16:02.555+0000] {dagbag.py:538} INFO - Filling up the DagBag from /opt/airflow/dags/country_capital_to_snowflake_v2.py
[2026-03-04T05:16:02.572+0000] {processor.py:840} INFO - DAG(s) 'CountryCaptial_v2' retrieved from /opt/airflow/dags/country_capital_to_snowflake_v2.py
[2026-03-04T05:16:02.583+0000] {logging_mixin.py:188} INFO - [2026-03-04T05:16:02.583+0000] {dag.py:3036} INFO - Sync 1 DAGs
[2026-03-04T05:16:02.598+0000] {logging_mixin.py:188} INFO - [2026-03-04T05:16:02.598+0000] {dag.py:3823} INFO - Setting next_dagrun for CountryCaptial_v2 to 2026-03-04 02:30:00+00:00, run_after=2026-03-05 02:30:00+00:00
[2026-03-04T05:16:02.609+0000] {processor.py:183} INFO - Processing /opt/airflow/dags/country_capital_to_snowflake_v2.py took 0.059 seconds
[2026-03-04T05:16:32.875+0000] {processor.py:161} INFO - Started process (PID=117) to work on /opt/airflow/dags/country_capital_to_snowflake_v2.py
[2026-03-04T05:16:32.876+0000] {processor.py:830} INFO - Processing file /opt/airflow/dags/country_capital_to_snowflake_v2.py for tasks to queue
[2026-03-04T05:16:32.879+0000] {logging_mixin.py:188} INFO - [2026-03-04T05:16:32.879+0000] {dagbag.py:538} INFO - Filling up the DagBag from /opt/airflow/dags/country_capital_to_snowflake_v2.py
[2026-03-04T05:16:32.909+0000] {processor.py:840} INFO - DAG(s) 'CountryCaptial_v2' retrieved from /opt/airflow/dags/country_capital_to_snowflake_v2.py
[2026-03-04T05:16:32.931+0000] {logging_mixin.py:188} INFO - [2026-03-04T05:16:32.930+0000] {dag.py:3036} INFO - Sync 1 DAGs
[2026-03-04T05:16:32.952+0000] {logging_mixin.py:188} INFO - [2026-03-04T05:16:32.952+0000] {dag.py:3823} INFO - Setting next_dagrun for CountryCaptial_v2 to 2026-03-04 02:30:00+00:00, run_after=2026-03-05 02:30:00+00:00
[2026-03-04T05:16:32.964+0000] {processor.py:183} INFO - Processing /opt/airflow/dags/country_capital_to_snowflake_v2.py took 0.093 seconds
[2026-03-04T05:17:03.193+0000] {processor.py:161} INFO - Started process (PID=118) to work on /opt/airflow/dags/country_capital_to_snowflake_v2.py
[2026-03-04T05:17:03.194+0000] {processor.py:830} INFO - Processing file /opt/airflow/dags/country_capital_to_snowflake_v2.py for tasks to queue
[2026-03-04T05:17:03.195+0000] {logging_mixin.py:188} INFO - [2026-03-04T05:17:03.195+0000] {dagbag.py:538} INFO - Filling up the DagBag from /opt/airflow/dags/country_capital_to_snowflake_v2.py
[2026-03-04T05:17:03.212+0000] {processor.py:840} INFO - DAG(s) 'CountryCaptial_v2' retrieved from /opt/airflow/dags/country_capital_to_snowflake_v2.py
[2026-03-04T05:17:03.223+0000] {logging_mixin.py:188} INFO - [2026-03-04T05:17:03.223+0000] {dag.py:3036} INFO - Sync 1 DAGs
[2026-03-04T05:17:03.236+0000] {logging_mixin.py:188} INFO - [2026-03-04T05:17:03.236+0000] {dag.py:3823} INFO - Setting next_dagrun for CountryCaptial_v2 to 2026-03-04 02:30:00+00:00, run_after=2026-03-05 02:30:00+00:00
[2026-03-04T05:17:03.247+0000] {processor.py:183} INFO - Processing /opt/airflow/dags/country_capital_to_snowflake_v2.py took 0.056 seconds
[2026-03-04T05:17:33.462+0000] {processor.py:161} INFO - Started process (PID=119) to work on /opt/airflow/dags/country_capital_to_snowflake_v2.py
[2026-03-04T05:17:33.463+0000] {processor.py:830} INFO - Processing file /opt/airflow/dags/country_capital_to_snowflake_v2.py for tasks to queue
[2026-03-04T05:17:33.464+0000] {logging_mixin.py:188} INFO - [2026-03-04T05:17:33.464+0000] {dagbag.py:538} INFO - Filling up the DagBag from /opt/airflow/dags/country_capital_to_snowflake_v2.py
[2026-03-04T05:17:33.481+0000] {processor.py:840} INFO - DAG(s) 'CountryCaptial_v2' retrieved from /opt/airflow/dags/country_capital_to_snowflake_v2.py
[2026-03-04T05:17:33.493+0000] {logging_mixin.py:188} INFO - [2026-03-04T05:17:33.493+0000] {dag.py:3036} INFO - Sync 1 DAGs
[2026-03-04T05:17:33.507+0000] {logging_mixin.py:188} INFO - [2026-03-04T05:17:33.507+0000] {dag.py:3823} INFO - Setting next_dagrun for CountryCaptial_v2 to 2026-03-04 02:30:00+00:00, run_after=2026-03-05 02:30:00+00:00
[2026-03-04T05:17:33.520+0000] {processor.py:183} INFO - Processing /opt/airflow/dags/country_capital_to_snowflake_v2.py took 0.060 seconds
[2026-03-04T05:18:03.746+0000] {processor.py:161} INFO - Started process (PID=120) to work on /opt/airflow/dags/country_capital_to_snowflake_v2.py
[2026-03-04T05:18:03.747+0000] {processor.py:830} INFO - Processing file /opt/airflow/dags/country_capital_to_snowflake_v2.py for tasks to queue
[2026-03-04T05:18:03.749+0000] {logging_mixin.py:188} INFO - [2026-03-04T05:18:03.749+0000] {dagbag.py:538} INFO - Filling up the DagBag from /opt/airflow/dags/country_capital_to_snowflake_v2.py
[2026-03-04T05:18:03.767+0000] {processor.py:840} INFO - DAG(s) 'CountryCaptial_v2' retrieved from /opt/airflow/dags/country_capital_to_snowflake_v2.py
[2026-03-04T05:18:03.786+0000] {logging_mixin.py:188} INFO - [2026-03-04T05:18:03.786+0000] {dag.py:3036} INFO - Sync 1 DAGs
[2026-03-04T05:18:03.802+0000] {logging_mixin.py:188} INFO - [2026-03-04T05:18:03.801+0000] {dag.py:3823} INFO - Setting next_dagrun for CountryCaptial_v2 to 2026-03-04 02:30:00+00:00, run_after=2026-03-05 02:30:00+00:00
[2026-03-04T05:18:03.813+0000] {processor.py:183} INFO - Processing /opt/airflow/dags/country_capital_to_snowflake_v2.py took 0.070 seconds
[2026-03-04T05:18:34.067+0000] {processor.py:161} INFO - Started process (PID=121) to work on /opt/airflow/dags/country_capital_to_snowflake_v2.py
[2026-03-04T05:18:34.067+0000] {processor.py:830} INFO - Processing file /opt/airflow/dags/country_capital_to_snowflake_v2.py for tasks to queue
[2026-03-04T05:18:34.069+0000] {logging_mixin.py:188} INFO - [2026-03-04T05:18:34.068+0000] {dagbag.py:538} INFO - Filling up the DagBag from /opt/airflow/dags/country_capital_to_snowflake_v2.py
[2026-03-04T05:18:34.084+0000] {processor.py:840} INFO - DAG(s) 'CountryCaptial_v2' retrieved from /opt/airflow/dags/country_capital_to_snowflake_v2.py
[2026-03-04T05:18:34.094+0000] {logging_mixin.py:188} INFO - [2026-03-04T05:18:34.094+0000] {dag.py:3036} INFO - Sync 1 DAGs
[2026-03-04T05:18:34.108+0000] {logging_mixin.py:188} INFO - [2026-03-04T05:18:34.108+0000] {dag.py:3823} INFO - Setting next_dagrun for CountryCaptial_v2 to 2026-03-04 02:30:00+00:00, run_after=2026-03-05 02:30:00+00:00
[2026-03-04T05:18:34.119+0000] {processor.py:183} INFO - Processing /opt/airflow/dags/country_capital_to_snowflake_v2.py took 0.054 seconds
[2026-03-04T05:19:04.352+0000] {processor.py:161} INFO - Started process (PID=122) to work on /opt/airflow/dags/country_capital_to_snowflake_v2.py
[2026-03-04T05:19:04.353+0000] {processor.py:830} INFO - Processing file /opt/airflow/dags/country_capital_to_snowflake_v2.py for tasks to queue
[2026-03-04T05:19:04.354+0000] {logging_mixin.py:188} INFO - [2026-03-04T05:19:04.354+0000] {dagbag.py:538} INFO - Filling up the DagBag from /opt/airflow/dags/country_capital_to_snowflake_v2.py
[2026-03-04T05:19:04.370+0000] {processor.py:840} INFO - DAG(s) 'CountryCaptial_v2' retrieved from /opt/airflow/dags/country_capital_to_snowflake_v2.py
[2026-03-04T05:19:04.381+0000] {logging_mixin.py:188} INFO - [2026-03-04T05:19:04.381+0000] {dag.py:3036} INFO - Sync 1 DAGs
[2026-03-04T05:19:04.394+0000] {logging_mixin.py:188} INFO - [2026-03-04T05:19:04.394+0000] {dag.py:3823} INFO - Setting next_dagrun for CountryCaptial_v2 to 2026-03-04 02:30:00+00:00, run_after=2026-03-05 02:30:00+00:00
[2026-03-04T05:19:04.405+0000] {processor.py:183} INFO - Processing /opt/airflow/dags/country_capital_to_snowflake_v2.py took 0.056 seconds
[2026-03-04T05:19:34.642+0000] {processor.py:161} INFO - Started process (PID=123) to work on /opt/airflow/dags/country_capital_to_snowflake_v2.py
[2026-03-04T05:19:34.643+0000] {processor.py:830} INFO - Processing file /opt/airflow/dags/country_capital_to_snowflake_v2.py for tasks to queue
[2026-03-04T05:19:34.646+0000] {logging_mixin.py:188} INFO - [2026-03-04T05:19:34.646+0000] {dagbag.py:538} INFO - Filling up the DagBag from /opt/airflow/dags/country_capital_to_snowflake_v2.py
[2026-03-04T05:19:34.672+0000] {logging_mixin.py:188} INFO - [2026-03-04T05:19:34.669+0000] {dagbag.py:348} ERROR - Failed to import: /opt/airflow/dags/country_capital_to_snowflake_v2.py
Traceback (most recent call last):
  File "/home/airflow/.local/lib/python3.8/site-packages/airflow/models/dagbag.py", line 344, in parse
    loader.exec_module(new_module)
  File "<frozen importlib._bootstrap_external>", line 843, in exec_module
  File "<frozen importlib._bootstrap>", line 219, in _call_with_frames_removed
  File "/opt/airflow/dags/country_capital_to_snowflake_v2.py", line 73, in <module>
    url = Variable.get("country_capital_url")
  File "/home/airflow/.local/lib/python3.8/site-packages/airflow/models/variable.py", line 143, in get
    raise KeyError(f"Variable {key} does not exist")
KeyError: 'Variable country_capital_url does not exist'
[2026-03-04T05:19:34.672+0000] {processor.py:842} WARNING - No viable dags retrieved from /opt/airflow/dags/country_capital_to_snowflake_v2.py
[2026-03-04T05:19:34.680+0000] {processor.py:183} INFO - Processing /opt/airflow/dags/country_capital_to_snowflake_v2.py took 0.042 seconds
[2026-03-04T05:20:04.940+0000] {processor.py:161} INFO - Started process (PID=124) to work on /opt/airflow/dags/country_capital_to_snowflake_v2.py
[2026-03-04T05:20:04.941+0000] {processor.py:830} INFO - Processing file /opt/airflow/dags/country_capital_to_snowflake_v2.py for tasks to queue
[2026-03-04T05:20:04.942+0000] {logging_mixin.py:188} INFO - [2026-03-04T05:20:04.942+0000] {dagbag.py:538} INFO - Filling up the DagBag from /opt/airflow/dags/country_capital_to_snowflake_v2.py
[2026-03-04T05:20:04.957+0000] {logging_mixin.py:188} INFO - [2026-03-04T05:20:04.956+0000] {dagbag.py:348} ERROR - Failed to import: /opt/airflow/dags/country_capital_to_snowflake_v2.py
Traceback (most recent call last):
  File "/home/airflow/.local/lib/python3.8/site-packages/airflow/models/dagbag.py", line 344, in parse
    loader.exec_module(new_module)
  File "<frozen importlib._bootstrap_external>", line 843, in exec_module
  File "<frozen importlib._bootstrap>", line 219, in _call_with_frames_removed
  File "/opt/airflow/dags/country_capital_to_snowflake_v2.py", line 73, in <module>
    url = Variable.get("country_capital_url")
  File "/home/airflow/.local/lib/python3.8/site-packages/airflow/models/variable.py", line 143, in get
    raise KeyError(f"Variable {key} does not exist")
KeyError: 'Variable country_capital_url does not exist'
[2026-03-04T05:20:04.957+0000] {processor.py:842} WARNING - No viable dags retrieved from /opt/airflow/dags/country_capital_to_snowflake_v2.py
[2026-03-04T05:20:04.964+0000] {processor.py:183} INFO - Processing /opt/airflow/dags/country_capital_to_snowflake_v2.py took 0.026 seconds
[2026-03-04T05:20:35.267+0000] {processor.py:161} INFO - Started process (PID=125) to work on /opt/airflow/dags/country_capital_to_snowflake_v2.py
[2026-03-04T05:20:35.268+0000] {processor.py:830} INFO - Processing file /opt/airflow/dags/country_capital_to_snowflake_v2.py for tasks to queue
[2026-03-04T05:20:35.269+0000] {logging_mixin.py:188} INFO - [2026-03-04T05:20:35.269+0000] {dagbag.py:538} INFO - Filling up the DagBag from /opt/airflow/dags/country_capital_to_snowflake_v2.py
[2026-03-04T05:20:35.285+0000] {logging_mixin.py:188} INFO - [2026-03-04T05:20:35.285+0000] {dagbag.py:348} ERROR - Failed to import: /opt/airflow/dags/country_capital_to_snowflake_v2.py
Traceback (most recent call last):
  File "/home/airflow/.local/lib/python3.8/site-packages/airflow/models/dagbag.py", line 344, in parse
    loader.exec_module(new_module)
  File "<frozen importlib._bootstrap_external>", line 843, in exec_module
  File "<frozen importlib._bootstrap>", line 219, in _call_with_frames_removed
  File "/opt/airflow/dags/country_capital_to_snowflake_v2.py", line 73, in <module>
    url = Variable.get("country_capital_url")
  File "/home/airflow/.local/lib/python3.8/site-packages/airflow/models/variable.py", line 143, in get
    raise KeyError(f"Variable {key} does not exist")
KeyError: 'Variable country_capital_url does not exist'
[2026-03-04T05:20:35.286+0000] {processor.py:842} WARNING - No viable dags retrieved from /opt/airflow/dags/country_capital_to_snowflake_v2.py
[2026-03-04T05:20:35.291+0000] {processor.py:183} INFO - Processing /opt/airflow/dags/country_capital_to_snowflake_v2.py took 0.029 seconds
[2026-03-04T05:21:05.556+0000] {processor.py:161} INFO - Started process (PID=126) to work on /opt/airflow/dags/country_capital_to_snowflake_v2.py
[2026-03-04T05:21:05.557+0000] {processor.py:830} INFO - Processing file /opt/airflow/dags/country_capital_to_snowflake_v2.py for tasks to queue
[2026-03-04T05:21:05.558+0000] {logging_mixin.py:188} INFO - [2026-03-04T05:21:05.558+0000] {dagbag.py:538} INFO - Filling up the DagBag from /opt/airflow/dags/country_capital_to_snowflake_v2.py
[2026-03-04T05:21:05.574+0000] {logging_mixin.py:188} INFO - [2026-03-04T05:21:05.573+0000] {dagbag.py:348} ERROR - Failed to import: /opt/airflow/dags/country_capital_to_snowflake_v2.py
Traceback (most recent call last):
  File "/home/airflow/.local/lib/python3.8/site-packages/airflow/models/dagbag.py", line 344, in parse
    loader.exec_module(new_module)
  File "<frozen importlib._bootstrap_external>", line 843, in exec_module
  File "<frozen importlib._bootstrap>", line 219, in _call_with_frames_removed
  File "/opt/airflow/dags/country_capital_to_snowflake_v2.py", line 73, in <module>
    url = Variable.get("country_capital_url")
  File "/home/airflow/.local/lib/python3.8/site-packages/airflow/models/variable.py", line 143, in get
    raise KeyError(f"Variable {key} does not exist")
KeyError: 'Variable country_capital_url does not exist'
[2026-03-04T05:21:05.574+0000] {processor.py:842} WARNING - No viable dags retrieved from /opt/airflow/dags/country_capital_to_snowflake_v2.py
[2026-03-04T05:21:05.582+0000] {processor.py:183} INFO - Processing /opt/airflow/dags/country_capital_to_snowflake_v2.py took 0.030 seconds
[2026-03-04T05:21:35.882+0000] {processor.py:161} INFO - Started process (PID=127) to work on /opt/airflow/dags/country_capital_to_snowflake_v2.py
[2026-03-04T05:21:35.883+0000] {processor.py:830} INFO - Processing file /opt/airflow/dags/country_capital_to_snowflake_v2.py for tasks to queue
[2026-03-04T05:21:35.884+0000] {logging_mixin.py:188} INFO - [2026-03-04T05:21:35.884+0000] {dagbag.py:538} INFO - Filling up the DagBag from /opt/airflow/dags/country_capital_to_snowflake_v2.py
[2026-03-04T05:21:35.902+0000] {processor.py:840} INFO - DAG(s) 'CountryCaptial_v2' retrieved from /opt/airflow/dags/country_capital_to_snowflake_v2.py
[2026-03-04T05:21:35.965+0000] {logging_mixin.py:188} INFO - [2026-03-04T05:21:35.965+0000] {dag.py:3036} INFO - Sync 1 DAGs
[2026-03-04T05:21:35.981+0000] {logging_mixin.py:188} INFO - [2026-03-04T05:21:35.980+0000] {dag.py:3823} INFO - Setting next_dagrun for CountryCaptial_v2 to 2026-03-04 02:30:00+00:00, run_after=2026-03-05 02:30:00+00:00
[2026-03-04T05:21:35.994+0000] {processor.py:183} INFO - Processing /opt/airflow/dags/country_capital_to_snowflake_v2.py took 0.115 seconds
[2026-03-04T05:22:06.202+0000] {processor.py:161} INFO - Started process (PID=132) to work on /opt/airflow/dags/country_capital_to_snowflake_v2.py
[2026-03-04T05:22:06.204+0000] {processor.py:830} INFO - Processing file /opt/airflow/dags/country_capital_to_snowflake_v2.py for tasks to queue
[2026-03-04T05:22:06.205+0000] {logging_mixin.py:188} INFO - [2026-03-04T05:22:06.205+0000] {dagbag.py:538} INFO - Filling up the DagBag from /opt/airflow/dags/country_capital_to_snowflake_v2.py
[2026-03-04T05:22:06.233+0000] {processor.py:840} INFO - DAG(s) 'CountryCaptial_v2' retrieved from /opt/airflow/dags/country_capital_to_snowflake_v2.py
[2026-03-04T05:22:06.252+0000] {logging_mixin.py:188} INFO - [2026-03-04T05:22:06.251+0000] {dag.py:3036} INFO - Sync 1 DAGs
[2026-03-04T05:22:06.268+0000] {logging_mixin.py:188} INFO - [2026-03-04T05:22:06.268+0000] {dag.py:3823} INFO - Setting next_dagrun for CountryCaptial_v2 to 2026-03-04 02:30:00+00:00, run_after=2026-03-05 02:30:00+00:00
[2026-03-04T05:22:06.279+0000] {processor.py:183} INFO - Processing /opt/airflow/dags/country_capital_to_snowflake_v2.py took 0.081 seconds
[2026-03-04T05:22:36.530+0000] {processor.py:161} INFO - Started process (PID=133) to work on /opt/airflow/dags/country_capital_to_snowflake_v2.py
[2026-03-04T05:22:36.532+0000] {processor.py:830} INFO - Processing file /opt/airflow/dags/country_capital_to_snowflake_v2.py for tasks to queue
[2026-03-04T05:22:36.532+0000] {logging_mixin.py:188} INFO - [2026-03-04T05:22:36.532+0000] {dagbag.py:538} INFO - Filling up the DagBag from /opt/airflow/dags/country_capital_to_snowflake_v2.py
[2026-03-04T05:22:36.559+0000] {processor.py:840} INFO - DAG(s) 'CountryCaptial_v2' retrieved from /opt/airflow/dags/country_capital_to_snowflake_v2.py
[2026-03-04T05:22:36.573+0000] {logging_mixin.py:188} INFO - [2026-03-04T05:22:36.573+0000] {dag.py:3036} INFO - Sync 1 DAGs
[2026-03-04T05:22:36.585+0000] {logging_mixin.py:188} INFO - [2026-03-04T05:22:36.585+0000] {dag.py:3823} INFO - Setting next_dagrun for CountryCaptial_v2 to 2026-03-04 02:30:00+00:00, run_after=2026-03-05 02:30:00+00:00
[2026-03-04T05:22:36.595+0000] {processor.py:183} INFO - Processing /opt/airflow/dags/country_capital_to_snowflake_v2.py took 0.069 seconds
[2026-03-04T05:23:06.900+0000] {processor.py:161} INFO - Started process (PID=134) to work on /opt/airflow/dags/country_capital_to_snowflake_v2.py
[2026-03-04T05:23:06.901+0000] {processor.py:830} INFO - Processing file /opt/airflow/dags/country_capital_to_snowflake_v2.py for tasks to queue
[2026-03-04T05:23:06.902+0000] {logging_mixin.py:188} INFO - [2026-03-04T05:23:06.902+0000] {dagbag.py:538} INFO - Filling up the DagBag from /opt/airflow/dags/country_capital_to_snowflake_v2.py
[2026-03-04T05:23:06.926+0000] {processor.py:840} INFO - DAG(s) 'CountryCaptial_v2' retrieved from /opt/airflow/dags/country_capital_to_snowflake_v2.py
[2026-03-04T05:23:06.936+0000] {logging_mixin.py:188} INFO - [2026-03-04T05:23:06.936+0000] {dag.py:3036} INFO - Sync 1 DAGs
[2026-03-04T05:23:06.949+0000] {logging_mixin.py:188} INFO - [2026-03-04T05:23:06.948+0000] {dag.py:3823} INFO - Setting next_dagrun for CountryCaptial_v2 to 2026-03-04 02:30:00+00:00, run_after=2026-03-05 02:30:00+00:00
[2026-03-04T05:23:06.959+0000] {processor.py:183} INFO - Processing /opt/airflow/dags/country_capital_to_snowflake_v2.py took 0.064 seconds
[2026-03-04T05:23:37.218+0000] {processor.py:161} INFO - Started process (PID=135) to work on /opt/airflow/dags/country_capital_to_snowflake_v2.py
[2026-03-04T05:23:37.221+0000] {processor.py:830} INFO - Processing file /opt/airflow/dags/country_capital_to_snowflake_v2.py for tasks to queue
[2026-03-04T05:23:37.222+0000] {logging_mixin.py:188} INFO - [2026-03-04T05:23:37.222+0000] {dagbag.py:538} INFO - Filling up the DagBag from /opt/airflow/dags/country_capital_to_snowflake_v2.py
[2026-03-04T05:23:37.247+0000] {processor.py:840} INFO - DAG(s) 'CountryCaptial_v2' retrieved from /opt/airflow/dags/country_capital_to_snowflake_v2.py
[2026-03-04T05:23:37.259+0000] {logging_mixin.py:188} INFO - [2026-03-04T05:23:37.259+0000] {dag.py:3036} INFO - Sync 1 DAGs
[2026-03-04T05:23:37.272+0000] {logging_mixin.py:188} INFO - [2026-03-04T05:23:37.272+0000] {dag.py:3823} INFO - Setting next_dagrun for CountryCaptial_v2 to 2026-03-04 02:30:00+00:00, run_after=2026-03-05 02:30:00+00:00
[2026-03-04T05:23:37.282+0000] {processor.py:183} INFO - Processing /opt/airflow/dags/country_capital_to_snowflake_v2.py took 0.068 seconds
[2026-03-04T05:24:07.616+0000] {processor.py:161} INFO - Started process (PID=136) to work on /opt/airflow/dags/country_capital_to_snowflake_v2.py
[2026-03-04T05:24:07.617+0000] {processor.py:830} INFO - Processing file /opt/airflow/dags/country_capital_to_snowflake_v2.py for tasks to queue
[2026-03-04T05:24:07.618+0000] {logging_mixin.py:188} INFO - [2026-03-04T05:24:07.618+0000] {dagbag.py:538} INFO - Filling up the DagBag from /opt/airflow/dags/country_capital_to_snowflake_v2.py
[2026-03-04T05:24:07.643+0000] {processor.py:840} INFO - DAG(s) 'CountryCaptial_v2' retrieved from /opt/airflow/dags/country_capital_to_snowflake_v2.py
[2026-03-04T05:24:07.658+0000] {logging_mixin.py:188} INFO - [2026-03-04T05:24:07.657+0000] {dag.py:3036} INFO - Sync 1 DAGs
[2026-03-04T05:24:07.672+0000] {logging_mixin.py:188} INFO - [2026-03-04T05:24:07.671+0000] {dag.py:3823} INFO - Setting next_dagrun for CountryCaptial_v2 to 2026-03-04 02:30:00+00:00, run_after=2026-03-05 02:30:00+00:00
[2026-03-04T05:24:07.682+0000] {processor.py:183} INFO - Processing /opt/airflow/dags/country_capital_to_snowflake_v2.py took 0.070 seconds
[2026-03-04T05:24:37.919+0000] {processor.py:161} INFO - Started process (PID=137) to work on /opt/airflow/dags/country_capital_to_snowflake_v2.py
[2026-03-04T05:24:37.919+0000] {processor.py:830} INFO - Processing file /opt/airflow/dags/country_capital_to_snowflake_v2.py for tasks to queue
[2026-03-04T05:24:37.920+0000] {logging_mixin.py:188} INFO - [2026-03-04T05:24:37.920+0000] {dagbag.py:538} INFO - Filling up the DagBag from /opt/airflow/dags/country_capital_to_snowflake_v2.py
[2026-03-04T05:24:37.938+0000] {processor.py:840} INFO - DAG(s) 'CountryCaptial_v2' retrieved from /opt/airflow/dags/country_capital_to_snowflake_v2.py
[2026-03-04T05:24:37.951+0000] {logging_mixin.py:188} INFO - [2026-03-04T05:24:37.951+0000] {dag.py:3036} INFO - Sync 1 DAGs
[2026-03-04T05:24:37.967+0000] {logging_mixin.py:188} INFO - [2026-03-04T05:24:37.967+0000] {dag.py:3823} INFO - Setting next_dagrun for CountryCaptial_v2 to 2026-03-04 02:30:00+00:00, run_after=2026-03-05 02:30:00+00:00
[2026-03-04T05:24:37.979+0000] {processor.py:183} INFO - Processing /opt/airflow/dags/country_capital_to_snowflake_v2.py took 0.064 seconds
