[2026-04-21T06:07:17.780+0000] {taskinstance.py:1956} INFO - Dependencies all met for dep_context=non-requeueable deps ti=<TaskInstance: imdb_sentiment.train_linearsvc manual__2026-04-21T06:05:12.505773+00:00 [queued]>
[2026-04-21T06:07:17.787+0000] {taskinstance.py:1956} INFO - Dependencies all met for dep_context=requeueable deps ti=<TaskInstance: imdb_sentiment.train_linearsvc manual__2026-04-21T06:05:12.505773+00:00 [queued]>
[2026-04-21T06:07:17.789+0000] {taskinstance.py:2170} INFO - Starting attempt 2 of 2
[2026-04-21T06:07:17.883+0000] {taskinstance.py:2191} INFO - Executing <Task(_PythonDecoratedOperator): train_linearsvc> on 2026-04-21 06:05:12.505773+00:00
[2026-04-21T06:07:17.888+0000] {standard_task_runner.py:60} INFO - Started process 884 to run task
[2026-04-21T06:07:17.890+0000] {standard_task_runner.py:87} INFO - Running: ['***', 'tasks', 'run', 'imdb_sentiment', 'train_linearsvc', 'manual__2026-04-21T06:05:12.505773+00:00', '--job-id', '6', '--raw', '--subdir', 'DAGS_FOLDER/imdb_sentiment.py', '--cfg-path', '/tmp/tmpxlt7ftqo']
[2026-04-21T06:07:17.892+0000] {standard_task_runner.py:88} INFO - Job 6: Subtask train_linearsvc
[2026-04-21T06:07:17.921+0000] {task_command.py:423} INFO - Running <TaskInstance: imdb_sentiment.train_linearsvc manual__2026-04-21T06:05:12.505773+00:00 [running]> on host 07608c83eec9
[2026-04-21T06:07:17.970+0000] {taskinstance.py:2480} INFO - Exporting env vars: AIRFLOW_CTX_DAG_OWNER='ml-team' AIRFLOW_CTX_DAG_ID='imdb_sentiment' AIRFLOW_CTX_TASK_ID='train_linearsvc' AIRFLOW_CTX_EXECUTION_DATE='2026-04-21T06:05:12.505773+00:00' AIRFLOW_CTX_TRY_NUMBER='2' AIRFLOW_CTX_DAG_RUN_ID='manual__2026-04-21T06:05:12.505773+00:00'
[2026-04-21T06:07:18.019+0000] {logging_mixin.py:188} WARNING - 2026/04/21 06:07:18 WARNING mlflow.utils.git_utils: Failed to import Git (the Git executable is probably not on your PATH), so Git SHA is not available. Error: Failed to initialize: Bad git executable.
The git executable must be specified in one of the following ways:
    - be included in your $PATH
    - be set via $GIT_PYTHON_GIT_EXECUTABLE
    - explicitly set via git.refresh(<full-path-to-git-executable>)

All git commands will error until this is rectified.

This initial message can be silenced or aggravated in the future by setting the
$GIT_PYTHON_REFRESH environment variable. Use one of the following values:
    - quiet|q|silence|s|silent|none|n|0: for no message or exception
    - warn|w|warning|log|l|1: for a warning message (logging level CRITICAL, displayed by default)
    - error|e|exception|raise|r|2: for a raised exception

Example:
    export GIT_PYTHON_REFRESH=quiet
[2026-04-21T06:07:18.040+0000] {logging_mixin.py:188} WARNING - /home/***/.local/lib/python3.8/site-packages/sklearn/svm/_classes.py:32 FutureWarning: The default value of `dual` will change from `True` to `'auto'` in 1.5. Set the value of `dual` explicitly to suppress the warning.
[2026-04-21T06:07:19.753+0000] {logging_mixin.py:188} WARNING - 2026/04/21 06:07:19 INFO mlflow.tracking._tracking_service.client: 🏃 View run tfidf-linearsvc at: http://mlflow:5001/#/experiments/1/runs/57d1abdc0054468998d475f21ae085bd.
[2026-04-21T06:07:19.753+0000] {logging_mixin.py:188} WARNING - 2026/04/21 06:07:19 INFO mlflow.tracking._tracking_service.client: 🧪 View experiment at: http://mlflow:5001/#/experiments/1.
[2026-04-21T06:07:19.798+0000] {taskinstance.py:2698} ERROR - Task failed with exception
Traceback (most recent call last):
  File "/home/airflow/.local/lib/python3.8/site-packages/airflow/models/taskinstance.py", line 433, in _execute_task
    result = execute_callable(context=context, **execute_callable_kwargs)
  File "/home/airflow/.local/lib/python3.8/site-packages/airflow/decorators/base.py", line 241, in execute
    return_value = super().execute(context)
  File "/home/airflow/.local/lib/python3.8/site-packages/airflow/operators/python.py", line 199, in execute
    return_value = self.execute_callable()
  File "/home/airflow/.local/lib/python3.8/site-packages/airflow/operators/python.py", line 216, in execute_callable
    return self.python_callable(*self.op_args, **self.op_kwargs)
  File "/opt/airflow/dags/imdb_sentiment.py", line 141, in train_linearsvc
    return _run_candidate(
  File "/opt/airflow/dags/imdb_sentiment.py", line 114, in _run_candidate
    mlflow.sklearn.log_model(
  File "/home/airflow/.local/lib/python3.8/site-packages/mlflow/sklearn/__init__.py", line 413, in log_model
    return Model.log(
  File "/home/airflow/.local/lib/python3.8/site-packages/mlflow/models/model.py", line 744, in log
    mlflow.tracking.fluent.log_artifacts(local_path, mlflow_model.artifact_path, run_id)
  File "/home/airflow/.local/lib/python3.8/site-packages/mlflow/tracking/fluent.py", line 1170, in log_artifacts
    MlflowClient().log_artifacts(run_id, local_dir, artifact_path)
  File "/home/airflow/.local/lib/python3.8/site-packages/mlflow/tracking/client.py", line 1977, in log_artifacts
    self._tracking_client.log_artifacts(run_id, local_dir, artifact_path)
  File "/home/airflow/.local/lib/python3.8/site-packages/mlflow/tracking/_tracking_service/client.py", line 874, in log_artifacts
    self._get_artifact_repo(run_id).log_artifacts(local_dir, artifact_path)
  File "/home/airflow/.local/lib/python3.8/site-packages/mlflow/store/artifact/local_artifact_repo.py", line 66, in log_artifacts
    mkdir(artifact_dir)
  File "/home/airflow/.local/lib/python3.8/site-packages/mlflow/utils/file_utils.py", line 211, in mkdir
    raise e
  File "/home/airflow/.local/lib/python3.8/site-packages/mlflow/utils/file_utils.py", line 208, in mkdir
    os.makedirs(target, exist_ok=True)
  File "/usr/local/lib/python3.8/os.py", line 213, in makedirs
    makedirs(head, exist_ok=exist_ok)
  File "/usr/local/lib/python3.8/os.py", line 213, in makedirs
    makedirs(head, exist_ok=exist_ok)
  File "/usr/local/lib/python3.8/os.py", line 213, in makedirs
    makedirs(head, exist_ok=exist_ok)
  [Previous line repeated 2 more times]
  File "/usr/local/lib/python3.8/os.py", line 223, in makedirs
    mkdir(name, mode)
PermissionError: [Errno 13] Permission denied: '/mlflow'
[2026-04-21T06:07:19.810+0000] {taskinstance.py:1138} INFO - Marking task as FAILED. dag_id=imdb_sentiment, task_id=train_linearsvc, execution_date=20260421T060512, start_date=20260421T060717, end_date=20260421T060719
[2026-04-21T06:07:19.829+0000] {standard_task_runner.py:107} ERROR - Failed to execute job 6 for task train_linearsvc ([Errno 13] Permission denied: '/mlflow'; 884)
[2026-04-21T06:07:19.847+0000] {local_task_job_runner.py:234} INFO - Task exited with return code 1
[2026-04-21T06:07:19.866+0000] {taskinstance.py:3280} INFO - 0 downstream tasks scheduled from follow-on schedule check
