[2026-04-20T03:00:53.889+0000] {taskinstance.py:1956} INFO - Dependencies all met for dep_context=non-requeueable deps ti=<TaskInstance: dbt_spam_pipeline.dbt_snapshot scheduled__2026-04-19T00:00:00+00:00 [queued]>
[2026-04-20T03:00:53.894+0000] {taskinstance.py:1956} INFO - Dependencies all met for dep_context=requeueable deps ti=<TaskInstance: dbt_spam_pipeline.dbt_snapshot scheduled__2026-04-19T00:00:00+00:00 [queued]>
[2026-04-20T03:00:53.895+0000] {taskinstance.py:2170} INFO - Starting attempt 1 of 2
[2026-04-20T03:00:53.902+0000] {taskinstance.py:2191} INFO - Executing <Task(BashOperator): dbt_snapshot> on 2026-04-19 00:00:00+00:00
[2026-04-20T03:00:53.904+0000] {standard_task_runner.py:60} INFO - Started process 1050 to run task
[2026-04-20T03:00:53.907+0000] {standard_task_runner.py:87} INFO - Running: ['***', 'tasks', 'run', 'dbt_spam_pipeline', 'dbt_snapshot', 'scheduled__2026-04-19T00:00:00+00:00', '--job-id', '340', '--raw', '--subdir', 'DAGS_FOLDER/dbt_dag.py', '--cfg-path', '/tmp/tmpgrf4v3mr']
[2026-04-20T03:00:53.908+0000] {standard_task_runner.py:88} INFO - Job 340: Subtask dbt_snapshot
[2026-04-20T03:00:53.936+0000] {task_command.py:423} INFO - Running <TaskInstance: dbt_spam_pipeline.dbt_snapshot scheduled__2026-04-19T00:00:00+00:00 [running]> on host 200fc1c16217
[2026-04-20T03:00:53.979+0000] {taskinstance.py:2480} INFO - Exporting env vars: AIRFLOW_CTX_DAG_OWNER='***' AIRFLOW_CTX_DAG_ID='dbt_spam_pipeline' AIRFLOW_CTX_TASK_ID='dbt_snapshot' AIRFLOW_CTX_EXECUTION_DATE='2026-04-19T00:00:00+00:00' AIRFLOW_CTX_TRY_NUMBER='1' AIRFLOW_CTX_DAG_RUN_ID='scheduled__2026-04-19T00:00:00+00:00'
[2026-04-20T03:00:53.980+0000] {subprocess.py:63} INFO - Tmp dir root location: /tmp
[2026-04-20T03:00:53.980+0000] {subprocess.py:75} INFO - Running command: ['/usr/bin/bash', '-c', '/usr/local/bin/dbt snapshot --project-dir /opt/***/dags/spam_detection_dbt --profiles-dir /opt/***/dags/dbt_profiles']
[2026-04-20T03:00:53.985+0000] {subprocess.py:86} INFO - Output:
[2026-04-20T03:00:55.740+0000] {subprocess.py:93} INFO - [0m03:00:55  Running with dbt=1.8.7
[2026-04-20T03:00:56.538+0000] {subprocess.py:93} INFO - [0m03:00:56  Registered adapter: snowflake=1.8.4
[2026-04-20T03:00:56.695+0000] {subprocess.py:93} INFO - [0m03:00:56  [[33mWARNING[0m]: Configuration paths exist in your dbt_project.yml file which do not apply to any resources.
[2026-04-20T03:00:56.695+0000] {subprocess.py:93} INFO - There are 1 unused configuration paths:
[2026-04-20T03:00:56.695+0000] {subprocess.py:93} INFO - - models.spam_detection_dbt.example
[2026-04-20T03:00:56.963+0000] {subprocess.py:93} INFO - [0m03:00:56  Found 2 models, 1 snapshot, 1 operation, 5 data tests, 1 source, 454 macros
[2026-04-20T03:00:56.966+0000] {subprocess.py:93} INFO - [0m03:00:56
[2026-04-20T03:00:59.440+0000] {subprocess.py:93} INFO - [0m03:00:59
[2026-04-20T03:00:59.441+0000] {subprocess.py:93} INFO - [0m03:00:59  Running 1 on-run-start hook
[2026-04-20T03:00:59.457+0000] {subprocess.py:93} INFO - [0m03:00:59  1 of 1 START hook: spam_detection_dbt.on-run-start.0 ........................... [RUN]
[2026-04-20T03:01:00.340+0000] {subprocess.py:93} INFO - [0m03:01:00  1 of 1 OK hook: spam_detection_dbt.on-run-start.0 .............................. [[32mSUCCESS 1[0m in 0.88s]
[2026-04-20T03:01:00.342+0000] {subprocess.py:93} INFO - [0m03:01:00
[2026-04-20T03:01:00.560+0000] {subprocess.py:93} INFO - [0m03:01:00  Concurrency: 1 threads (target='dev')
[2026-04-20T03:01:00.561+0000] {subprocess.py:93} INFO - [0m03:01:00
[2026-04-20T03:01:00.573+0000] {subprocess.py:93} INFO - [0m03:01:00  1 of 1 START snapshot PUBLIC.spam_emails_snapshot .............................. [RUN]
[2026-04-20T03:01:07.121+0000] {subprocess.py:93} INFO - [0m03:01:07  1 of 1 OK snapshotted PUBLIC.spam_emails_snapshot .............................. [[32mSUCCESS 0[0m in 6.55s]
[2026-04-20T03:01:07.124+0000] {subprocess.py:93} INFO - [0m03:01:07
[2026-04-20T03:01:07.125+0000] {subprocess.py:93} INFO - [0m03:01:07  Finished running 1 snapshot, 1 project hook in 0 hours 0 minutes and 10.16 seconds (10.16s).
[2026-04-20T03:01:07.158+0000] {subprocess.py:93} INFO - [0m03:01:07
[2026-04-20T03:01:07.159+0000] {subprocess.py:93} INFO - [0m03:01:07  [32mCompleted successfully[0m
[2026-04-20T03:01:07.159+0000] {subprocess.py:93} INFO - [0m03:01:07
[2026-04-20T03:01:07.160+0000] {subprocess.py:93} INFO - [0m03:01:07  Done. PASS=1 WARN=0 ERROR=0 SKIP=0 TOTAL=1
[2026-04-20T03:01:07.905+0000] {subprocess.py:97} INFO - Command exited with return code 0
[2026-04-20T03:01:07.922+0000] {taskinstance.py:1138} INFO - Marking task as SUCCESS. dag_id=dbt_spam_pipeline, task_id=dbt_snapshot, execution_date=20260419T000000, start_date=20260420T030053, end_date=20260420T030107
[2026-04-20T03:01:07.939+0000] {local_task_job_runner.py:234} INFO - Task exited with return code 0
[2026-04-20T03:01:07.947+0000] {taskinstance.py:3280} INFO - 0 downstream tasks scheduled from follow-on schedule check
