[2026-03-04T05:56:31.413+0000] {taskinstance.py:1956} INFO - Dependencies all met for dep_context=non-requeueable deps ti=<TaskInstance: country_capital_pipeline.extract manual__2026-03-04T05:50:37.090571+00:00 [queued]>
[2026-03-04T05:56:31.418+0000] {taskinstance.py:1956} INFO - Dependencies all met for dep_context=requeueable deps ti=<TaskInstance: country_capital_pipeline.extract manual__2026-03-04T05:50:37.090571+00:00 [queued]>
[2026-03-04T05:56:31.418+0000] {taskinstance.py:2170} INFO - Starting attempt 8 of 8
[2026-03-04T05:56:31.425+0000] {taskinstance.py:2191} INFO - Executing <Task(_PythonDecoratedOperator): extract> on 2026-03-04 05:50:37.090571+00:00
[2026-03-04T05:56:31.427+0000] {standard_task_runner.py:60} INFO - Started process 68 to run task
[2026-03-04T05:56:31.431+0000] {standard_task_runner.py:87} INFO - Running: ['***', 'tasks', 'run', 'country_capital_pipeline', 'extract', 'manual__2026-03-04T05:50:37.090571+00:00', '--job-id', '47', '--raw', '--subdir', 'DAGS_FOLDER/country_capital_etl.py', '--cfg-path', '/tmp/tmp09ey0h9n']
[2026-03-04T05:56:31.432+0000] {standard_task_runner.py:88} INFO - Job 47: Subtask extract
[2026-03-04T05:56:31.459+0000] {task_command.py:423} INFO - Running <TaskInstance: country_capital_pipeline.extract manual__2026-03-04T05:50:37.090571+00:00 [running]> on host e2cac078df6c
[2026-03-04T05:56:31.500+0000] {taskinstance.py:2480} INFO - Exporting env vars: AIRFLOW_CTX_DAG_OWNER='***' AIRFLOW_CTX_DAG_ID='country_capital_pipeline' AIRFLOW_CTX_TASK_ID='extract' AIRFLOW_CTX_EXECUTION_DATE='2026-03-04T05:50:37.090571+00:00' AIRFLOW_CTX_TRY_NUMBER='8' AIRFLOW_CTX_DAG_RUN_ID='manual__2026-03-04T05:50:37.090571+00:00'
[2026-03-04T05:56:31.646+0000] {logging_mixin.py:188} INFO - STATUS: 404
[2026-03-04T05:56:31.647+0000] {logging_mixin.py:188} INFO - RAW RESPONSE SAMPLE: 404: Not Found
[2026-03-04T05:56:31.647+0000] {taskinstance.py:2698} ERROR - Task failed with exception
Traceback (most recent call last):
  File "/home/airflow/.local/lib/python3.8/site-packages/airflow/models/taskinstance.py", line 433, in _execute_task
    result = execute_callable(context=context, **execute_callable_kwargs)
  File "/home/airflow/.local/lib/python3.8/site-packages/airflow/decorators/base.py", line 241, in execute
    return_value = super().execute(context)
  File "/home/airflow/.local/lib/python3.8/site-packages/airflow/operators/python.py", line 199, in execute
    return_value = self.execute_callable()
  File "/home/airflow/.local/lib/python3.8/site-packages/airflow/operators/python.py", line 216, in execute_callable
    return self.python_callable(*self.op_args, **self.op_kwargs)
  File "/opt/airflow/dags/country_capital_etl.py", line 36, in extract
    raise Exception("API request failed")
Exception: API request failed
[2026-03-04T05:56:31.652+0000] {taskinstance.py:1138} INFO - Marking task as FAILED. dag_id=country_capital_pipeline, task_id=extract, execution_date=20260304T055037, start_date=20260304T055631, end_date=20260304T055631
[2026-03-04T05:56:31.658+0000] {standard_task_runner.py:107} ERROR - Failed to execute job 47 for task extract (API request failed; 68)
[2026-03-04T05:56:31.695+0000] {local_task_job_runner.py:234} INFO - Task exited with return code 1
[2026-03-04T05:56:31.709+0000] {taskinstance.py:3280} INFO - 0 downstream tasks scheduled from follow-on schedule check
