[2026-02-25T02:30:04.816+0000] {taskinstance.py:1956} INFO - Dependencies all met for dep_context=non-requeueable deps ti=<TaskInstance: CountryCaptial_v2.load scheduled__2026-02-24T02:30:00+00:00 [queued]>
[2026-02-25T02:30:04.820+0000] {taskinstance.py:1956} INFO - Dependencies all met for dep_context=requeueable deps ti=<TaskInstance: CountryCaptial_v2.load scheduled__2026-02-24T02:30:00+00:00 [queued]>
[2026-02-25T02:30:04.820+0000] {taskinstance.py:2170} INFO - Starting attempt 1 of 1
[2026-02-25T02:30:04.827+0000] {taskinstance.py:2191} INFO - Executing <Task(_PythonDecoratedOperator): load> on 2026-02-24 02:30:00+00:00
[2026-02-25T02:30:04.830+0000] {standard_task_runner.py:60} INFO - Started process 1507 to run task
[2026-02-25T02:30:04.832+0000] {standard_task_runner.py:87} INFO - Running: ['***', 'tasks', 'run', 'CountryCaptial_v2', 'load', 'scheduled__2026-02-24T02:30:00+00:00', '--job-id', '96', '--raw', '--subdir', 'DAGS_FOLDER/country_capital_to_snowflake_v2.py', '--cfg-path', '/tmp/tmpz5n22eef']
[2026-02-25T02:30:04.833+0000] {standard_task_runner.py:88} INFO - Job 96: Subtask load
[2026-02-25T02:30:04.861+0000] {task_command.py:423} INFO - Running <TaskInstance: CountryCaptial_v2.load scheduled__2026-02-24T02:30:00+00:00 [running]> on host bfdc967cead1
[2026-02-25T02:30:04.905+0000] {taskinstance.py:2480} INFO - Exporting env vars: AIRFLOW_CTX_DAG_OWNER='***' AIRFLOW_CTX_DAG_ID='CountryCaptial_v2' AIRFLOW_CTX_TASK_ID='load' AIRFLOW_CTX_EXECUTION_DATE='2026-02-24T02:30:00+00:00' AIRFLOW_CTX_TRY_NUMBER='1' AIRFLOW_CTX_DAG_RUN_ID='scheduled__2026-02-24T02:30:00+00:00'
[2026-02-25T02:30:04.911+0000] {base.py:83} INFO - Using connection ID 'snowflake_conn' for task execution.
[2026-02-25T02:30:04.916+0000] {taskinstance.py:2698} ERROR - Task failed with exception
Traceback (most recent call last):
  File "/home/airflow/.local/lib/python3.8/site-packages/airflow/models/taskinstance.py", line 433, in _execute_task
    result = execute_callable(context=context, **execute_callable_kwargs)
  File "/home/airflow/.local/lib/python3.8/site-packages/airflow/decorators/base.py", line 241, in execute
    return_value = super().execute(context)
  File "/home/airflow/.local/lib/python3.8/site-packages/airflow/operators/python.py", line 199, in execute
    return_value = self.execute_callable()
  File "/home/airflow/.local/lib/python3.8/site-packages/airflow/operators/python.py", line 216, in execute_callable
    return self.python_callable(*self.op_args, **self.op_kwargs)
  File "/opt/airflow/dags/country_capital_to_snowflake_v2.py", line 43, in load
    cur = return_snowflake_conn()
  File "/opt/airflow/dags/country_capital_to_snowflake_v2.py", line 19, in return_snowflake_conn
    conn = hook.get_conn()
  File "/home/airflow/.local/lib/python3.8/site-packages/airflow/providers/snowflake/hooks/snowflake.py", line 275, in get_conn
    conn_config = self._get_conn_params()
  File "/home/airflow/.local/lib/python3.8/site-packages/airflow/providers/snowflake/hooks/snowflake.py", line 225, in _get_conn_params
    raise AirflowException(
airflow.exceptions.AirflowException: The private_key_file and private_key_content extra fields are mutually exclusive. Please remove one.
[2026-02-25T02:30:04.918+0000] {taskinstance.py:1138} INFO - Marking task as FAILED. dag_id=CountryCaptial_v2, task_id=load, execution_date=20260224T023000, start_date=20260225T023004, end_date=20260225T023004
[2026-02-25T02:30:04.923+0000] {standard_task_runner.py:107} ERROR - Failed to execute job 96 for task load (The private_key_file and private_key_content extra fields are mutually exclusive. Please remove one.; 1507)
[2026-02-25T02:30:04.935+0000] {local_task_job_runner.py:234} INFO - Task exited with return code 1
[2026-02-25T02:30:04.946+0000] {taskinstance.py:3280} INFO - 0 downstream tasks scheduled from follow-on schedule check
[2026-02-25T06:54:33.759+0000] {taskinstance.py:1956} INFO - Dependencies all met for dep_context=non-requeueable deps ti=<TaskInstance: CountryCaptial_v2.load scheduled__2026-02-24T02:30:00+00:00 [queued]>
[2026-02-25T06:54:33.765+0000] {taskinstance.py:1956} INFO - Dependencies all met for dep_context=requeueable deps ti=<TaskInstance: CountryCaptial_v2.load scheduled__2026-02-24T02:30:00+00:00 [queued]>
[2026-02-25T06:54:33.765+0000] {taskinstance.py:2170} INFO - Starting attempt 1 of 1
[2026-02-25T06:54:33.775+0000] {taskinstance.py:2191} INFO - Executing <Task(_PythonDecoratedOperator): load> on 2026-02-24 02:30:00+00:00
[2026-02-25T06:54:33.779+0000] {standard_task_runner.py:60} INFO - Started process 161 to run task
[2026-02-25T06:54:33.782+0000] {standard_task_runner.py:87} INFO - Running: ['***', 'tasks', 'run', 'CountryCaptial_v2', 'load', 'scheduled__2026-02-24T02:30:00+00:00', '--job-id', '26', '--raw', '--subdir', 'DAGS_FOLDER/country_capital_to_snowflake_v2.py', '--cfg-path', '/tmp/tmp5nr9jlr0']
[2026-02-25T06:54:33.784+0000] {standard_task_runner.py:88} INFO - Job 26: Subtask load
[2026-02-25T06:54:33.828+0000] {task_command.py:423} INFO - Running <TaskInstance: CountryCaptial_v2.load scheduled__2026-02-24T02:30:00+00:00 [running]> on host ccd4da2fded6
[2026-02-25T06:54:33.894+0000] {taskinstance.py:2480} INFO - Exporting env vars: AIRFLOW_CTX_DAG_OWNER='***' AIRFLOW_CTX_DAG_ID='CountryCaptial_v2' AIRFLOW_CTX_TASK_ID='load' AIRFLOW_CTX_EXECUTION_DATE='2026-02-24T02:30:00+00:00' AIRFLOW_CTX_TRY_NUMBER='1' AIRFLOW_CTX_DAG_RUN_ID='scheduled__2026-02-24T02:30:00+00:00'
[2026-02-25T06:54:33.904+0000] {base.py:83} INFO - Using connection ID 'snowflake_conn' for task execution.
[2026-02-25T06:54:33.905+0000] {connection.py:370} INFO - Snowflake Connector for Python Version: 3.6.0, Python Version: 3.8.18, Platform: Linux-6.12.68-linuxkit-aarch64-with-glibc2.34
[2026-02-25T06:54:33.906+0000] {connection.py:1171} INFO - This connection is in OCSP Fail Open Mode. TLS Certificates would be checked for validity and revocation status. Any other Certificate Revocation related exceptions or OCSP Responder failures would be disregarded in favor of connectivity.
[2026-02-25T06:54:33.907+0000] {connection.py:1181} INFO - THIS CONNECTION IS IN INSECURE MODE. IT MEANS THE CERTIFICATE WILL BE VALIDATED BUT THE CERTIFICATE REVOCATION STATUS WILL NOT BE CHECKED.
[2026-02-25T06:54:34.152+0000] {ssl_wrap_socket.py:100} INFO - THIS CONNECTION IS IN INSECURE MODE. IT MEANS THE CERTIFICATE WILL BE VALIDATED BUT THE CERTIFICATE REVOCATION STATUS WILL NOT BE CHECKED.
[2026-02-25T06:54:34.159+0000] {connection.py:547} WARNING - Certificate did not match expected hostname: sfedu02.aws_us_west_2.snowflakecomputing.com. Certificate: {'subject': ((('commonName', '*.prod3.us-west-2.aws.snowflakecomputing.com'),),), 'subjectAltName': [('DNS', '*.prod3.us-west-2.aws.snowflakecomputing.com'), ('DNS', '*.global.privatelink.snowflakecomputing.com'), ('DNS', '*.global.snowflakecomputing.com'), ('DNS', '*.ingest.pdxaaj.privatelink.snowflakecomputing.com'), ('DNS', '*.ingest.pdxaaj.snowflakecomputing.com'), ('DNS', '*.opencatalog.pdxaaj.privatelink.snowflakecomputing.com'), ('DNS', '*.opencatalog.pdxaaj.snowflakecomputing.com'), ('DNS', '*.openflow.pdxaaj.privatelink.snowflakecomputing.com'), ('DNS', '*.openflow.pdxaaj.snowflakecomputing.com'), ('DNS', '*.pdxaaj.privatelink.snowflakecomputing.com'), ('DNS', '*.privatelink.snowflakecomputing.com'), ('DNS', '*.prod3.privatelink.snowflake.app'), ('DNS', '*.prod3.snowflake.app'), ('DNS', '*.prod3.us-west-2.privatelink.snowflakecomputing.com'), ('DNS', '*.prod3.us-west-2.snowflakecomputing.com'), ('DNS', '*.registry.privatelink.snowflakecomputing.com'), ('DNS', '*.sis.pdxaaj.privatelink.snowflake.app'), ('DNS', '*.snowflakecomputing.com'), ('DNS', '*.snowpark.pdxaaj.privatelink.snowflakecomputing.com'), ('DNS', '*.snowpark.pdxaaj.snowflakecomputing.com'), ('DNS', '*.spcs.pdxaaj.privatelink.snowflake.app'), ('DNS', '*.telemetry.pdxaaj.privatelink.snowflakecomputing.com'), ('DNS', '*.telemetry.pdxaaj.snowflakecomputing.com'), ('DNS', '*.unused.snowflakecomputing.com'), ('DNS', '*.us-west-2.aws.privatelink.snowflakecomputing.com'), ('DNS', '*.us-west-2.aws.snowflakecomputing.com'), ('DNS', '*.us-west-2.privatelink.snowflakecomputing.com'), ('DNS', '*.us-west-2.snowflakecomputing.com'), ('DNS', 'global.privatelink.snowflakecomputing.com'), ('DNS', 'global.snowflakecomputing.com'), ('DNS', 'ingest.pdxaaj.privatelink.snowflakecomputing.com'), ('DNS', 'ingest.pdxaaj.snowflakecomputing.com'), ('DNS', 'opencatalog.pdxaaj.privatelink.snowflakecomputing.com'), ('DNS', 'opencatalog.pdxaaj.snowflakecomputing.com'), ('DNS', 'openflow.pdxaaj.privatelink.snowflakecomputing.com'), ('DNS', 'openflow.pdxaaj.snowflakecomputing.com'), ('DNS', 'pdxaaj.privatelink.snowflakecomputing.com'), ('DNS', 'privatelink.snowflakecomputing.com'), ('DNS', 'prod3.privatelink.snowflake.app'), ('DNS', 'prod3.snowflake.app'), ('DNS', 'prod3.us-west-2.aws.snowflakecomputing.com'), ('DNS', 'prod3.us-west-2.privatelink.snowflakecomputing.com'), ('DNS', 'prod3.us-west-2.snowflakecomputing.com'), ('DNS', 'registry.privatelink.snowflakecomputing.com'), ('DNS', 'sis.pdxaaj.privatelink.snowflake.app'), ('DNS', 'snowflakecomputing.com'), ('DNS', 'snowpark.pdxaaj.privatelink.snowflakecomputing.com'), ('DNS', 'snowpark.pdxaaj.snowflakecomputing.com'), ('DNS', 'spcs.pdxaaj.privatelink.snowflake.app'), ('DNS', 'telemetry.pdxaaj.privatelink.snowflakecomputing.com'), ('DNS', 'telemetry.pdxaaj.snowflakecomputing.com'), ('DNS', 'unused.snowflakecomputing.com'), ('DNS', 'us-west-2.aws.privatelink.snowflakecomputing.com'), ('DNS', 'us-west-2.aws.snowflakecomputing.com'), ('DNS', 'us-west-2.privatelink.snowflakecomputing.com'), ('DNS', 'us-west-2.snowflakecomputing.com')]}
[2026-02-25T06:54:34.161+0000] {connectionpool.py:824} WARNING - Retrying (Retry(total=0, connect=None, read=None, redirect=None, status=None)) after connection broken by 'SSLError(CertificateError("hostname 'sfedu02.aws_us_west_2.snowflakecomputing.com' doesn't match either of '*.prod3.us-west-2.aws.snowflakecomputing.com', '*.global.privatelink.snowflakecomputing.com', '*.global.snowflakecomputing.com', '*.ingest.pdxaaj.privatelink.snowflakecomputing.com', '*.ingest.pdxaaj.snowflakecomputing.com', '*.opencatalog.pdxaaj.privatelink.snowflakecomputing.com', '*.opencatalog.pdxaaj.snowflakecomputing.com', '*.openflow.pdxaaj.privatelink.snowflakecomputing.com', '*.openflow.pdxaaj.snowflakecomputing.com', '*.pdxaaj.privatelink.snowflakecomputing.com', '*.privatelink.snowflakecomputing.com', '*.prod3.privatelink.snowflake.app', '*.prod3.snowflake.app', '*.prod3.us-west-2.privatelink.snowflakecomputing.com', '*.prod3.us-west-2.snowflakecomputing.com', '*.registry.privatelink.snowflakecomputing.com', '*.sis.pdxaaj.privatelink.snowflake.app', '*.snowflakecomputing.com', '*.snowpark.pdxaaj.privatelink.snowflakecomputing.com', '*.snowpark.pdxaaj.snowflakecomputing.com', '*.spcs.pdxaaj.privatelink.snowflake.app', '*.telemetry.pdxaaj.privatelink.snowflakecomputing.com', '*.telemetry.pdxaaj.snowflakecomputing.com', '*.unused.snowflakecomputing.com', '*.us-west-2.aws.privatelink.snowflakecomputing.com', '*.us-west-2.aws.snowflakecomputing.com', '*.us-west-2.privatelink.snowflakecomputing.com', '*.us-west-2.snowflakecomputing.com', 'global.privatelink.snowflakecomputing.com', 'global.snowflakecomputing.com', 'ingest.pdxaaj.privatelink.snowflakecomputing.com', 'ingest.pdxaaj.snowflakecomputing.com', 'opencatalog.pdxaaj.privatelink.snowflakecomputing.com', 'opencatalog.pdxaaj.snowflakecomputing.com', 'openflow.pdxaaj.privatelink.snowflakecomputing.com', 'openflow.pdxaaj.snowflakecomputing.com', 'pdxaaj.privatelink.snowflakecomputing.com', 'privatelink.snowflakecomputing.com', 'prod3.privatelink.snowflake.app', 'prod3.snowflake.app', 'prod3.us-west-2.aws.snowflakecomputing.com', 'prod3.us-west-2.privatelink.snowflakecomputing.com', 'prod3.us-west-2.snowflakecomputing.com', 'registry.privatelink.snowflakecomputing.com', 'sis.pdxaaj.privatelink.snowflake.app', 'snowflakecomputing.com', 'snowpark.pdxaaj.privatelink.snowflakecomputing.com', 'snowpark.pdxaaj.snowflakecomputing.com', 'spcs.pdxaaj.privatelink.snowflake.app', 'telemetry.pdxaaj.privatelink.snowflakecomputing.com', 'telemetry.pdxaaj.snowflakecomputing.com', 'unused.snowflakecomputing.com', 'us-west-2.aws.privatelink.snowflakecomputing.com', 'us-west-2.aws.snowflakecomputing.com', 'us-west-2.privatelink.snowflakecomputing.com', 'us-west-2.snowflakecomputing.com'"))': /session/v1/login-request?request_id=4e7a1280-2751-4e3b-954e-ee1e0361c364&databaseName=RAW&schemaName=PUBLIC&warehouse=RABBIT_QUERY_WH&roleName=TRAINING_ROLE&request_guid=1cf20750-8622-4f7c-95a1-cb86371f5598
[2026-02-25T06:54:34.297+0000] {ssl_wrap_socket.py:100} INFO - THIS CONNECTION IS IN INSECURE MODE. IT MEANS THE CERTIFICATE WILL BE VALIDATED BUT THE CERTIFICATE REVOCATION STATUS WILL NOT BE CHECKED.
[2026-02-25T06:54:34.301+0000] {connection.py:547} WARNING - Certificate did not match expected hostname: sfedu02.aws_us_west_2.snowflakecomputing.com. Certificate: {'subject': ((('commonName', '*.prod3.us-west-2.aws.snowflakecomputing.com'),),), 'subjectAltName': [('DNS', '*.prod3.us-west-2.aws.snowflakecomputing.com'), ('DNS', '*.global.privatelink.snowflakecomputing.com'), ('DNS', '*.global.snowflakecomputing.com'), ('DNS', '*.ingest.pdxaaj.privatelink.snowflakecomputing.com'), ('DNS', '*.ingest.pdxaaj.snowflakecomputing.com'), ('DNS', '*.opencatalog.pdxaaj.privatelink.snowflakecomputing.com'), ('DNS', '*.opencatalog.pdxaaj.snowflakecomputing.com'), ('DNS', '*.openflow.pdxaaj.privatelink.snowflakecomputing.com'), ('DNS', '*.openflow.pdxaaj.snowflakecomputing.com'), ('DNS', '*.pdxaaj.privatelink.snowflakecomputing.com'), ('DNS', '*.privatelink.snowflakecomputing.com'), ('DNS', '*.prod3.privatelink.snowflake.app'), ('DNS', '*.prod3.snowflake.app'), ('DNS', '*.prod3.us-west-2.privatelink.snowflakecomputing.com'), ('DNS', '*.prod3.us-west-2.snowflakecomputing.com'), ('DNS', '*.registry.privatelink.snowflakecomputing.com'), ('DNS', '*.sis.pdxaaj.privatelink.snowflake.app'), ('DNS', '*.snowflakecomputing.com'), ('DNS', '*.snowpark.pdxaaj.privatelink.snowflakecomputing.com'), ('DNS', '*.snowpark.pdxaaj.snowflakecomputing.com'), ('DNS', '*.spcs.pdxaaj.privatelink.snowflake.app'), ('DNS', '*.telemetry.pdxaaj.privatelink.snowflakecomputing.com'), ('DNS', '*.telemetry.pdxaaj.snowflakecomputing.com'), ('DNS', '*.unused.snowflakecomputing.com'), ('DNS', '*.us-west-2.aws.privatelink.snowflakecomputing.com'), ('DNS', '*.us-west-2.aws.snowflakecomputing.com'), ('DNS', '*.us-west-2.privatelink.snowflakecomputing.com'), ('DNS', '*.us-west-2.snowflakecomputing.com'), ('DNS', 'global.privatelink.snowflakecomputing.com'), ('DNS', 'global.snowflakecomputing.com'), ('DNS', 'ingest.pdxaaj.privatelink.snowflakecomputing.com'), ('DNS', 'ingest.pdxaaj.snowflakecomputing.com'), ('DNS', 'opencatalog.pdxaaj.privatelink.snowflakecomputing.com'), ('DNS', 'opencatalog.pdxaaj.snowflakecomputing.com'), ('DNS', 'openflow.pdxaaj.privatelink.snowflakecomputing.com'), ('DNS', 'openflow.pdxaaj.snowflakecomputing.com'), ('DNS', 'pdxaaj.privatelink.snowflakecomputing.com'), ('DNS', 'privatelink.snowflakecomputing.com'), ('DNS', 'prod3.privatelink.snowflake.app'), ('DNS', 'prod3.snowflake.app'), ('DNS', 'prod3.us-west-2.aws.snowflakecomputing.com'), ('DNS', 'prod3.us-west-2.privatelink.snowflakecomputing.com'), ('DNS', 'prod3.us-west-2.snowflakecomputing.com'), ('DNS', 'registry.privatelink.snowflakecomputing.com'), ('DNS', 'sis.pdxaaj.privatelink.snowflake.app'), ('DNS', 'snowflakecomputing.com'), ('DNS', 'snowpark.pdxaaj.privatelink.snowflakecomputing.com'), ('DNS', 'snowpark.pdxaaj.snowflakecomputing.com'), ('DNS', 'spcs.pdxaaj.privatelink.snowflake.app'), ('DNS', 'telemetry.pdxaaj.privatelink.snowflakecomputing.com'), ('DNS', 'telemetry.pdxaaj.snowflakecomputing.com'), ('DNS', 'unused.snowflakecomputing.com'), ('DNS', 'us-west-2.aws.privatelink.snowflakecomputing.com'), ('DNS', 'us-west-2.aws.snowflakecomputing.com'), ('DNS', 'us-west-2.privatelink.snowflakecomputing.com'), ('DNS', 'us-west-2.snowflakecomputing.com')]}
[2026-02-25T06:54:34.304+0000] {network.py:1024} ERROR - Failed to get the response. Hanging? method: post, url: https://sfedu02.AWS_US_WEST_2.snowflakecomputing.com:443/session/v1/login-request?request_id=4e7a1280-2751-4e3b-954e-ee1e0361c364&databaseName=RAW&schemaName=PUBLIC&warehouse=RABBIT_QUERY_WH&roleName=TRAINING_ROLE&request_guid=1cf20750-8622-4f7c-95a1-cb86371f5598, headers:{'Content-Type': 'application/json', 'accept': 'application/snowflake', 'User-Agent': 'PythonConnector/3.6.0 (Linux-6.12.68-linuxkit-aarch64-with-glibc2.34) CPython/3.8.18', 'Content-Encoding': 'gzip'}, data: {"data": {"CLIENT_APP_ID": "PythonConnector", "CLIENT_APP_VERSION": "3.6.0", "SVN_REVISION": null, "ACCOUNT_NAME": "sfedu02", "LOGIN_NAME": "FALCON", "CLIENT_ENVIRONMENT": {"APPLICATION": "AIRFLOW", "OS": "Linux", "OS_VERSION": "Linux-6.12.68-linuxkit-aarch64-with-glibc2.34", "PYTHON_VERSION": "3.8.18", "PYTHON_RUNTIME": "CPython", "PYTHON_COMPILER": "GCC 12.2.0", "OCSP_MODE": "INSECURE", "TRACING": 20, "LOGIN_TIMEOUT": null, "NETWORK_TIMEOUT": null, "SOCKET_TIMEOUT": null}, "PASSWORD": "**** "SESSION_PARAMETERS": {"CLIENT_PREFETCH_THREADS": 4}}}
[2026-02-25T06:54:35.456+0000] {ssl_wrap_socket.py:100} INFO - THIS CONNECTION IS IN INSECURE MODE. IT MEANS THE CERTIFICATE WILL BE VALIDATED BUT THE CERTIFICATE REVOCATION STATUS WILL NOT BE CHECKED.
[2026-02-25T06:54:35.461+0000] {connection.py:547} WARNING - Certificate did not match expected hostname: sfedu02.aws_us_west_2.snowflakecomputing.com. Certificate: {'subject': ((('commonName', '*.prod3.us-west-2.aws.snowflakecomputing.com'),),), 'subjectAltName': [('DNS', '*.prod3.us-west-2.aws.snowflakecomputing.com'), ('DNS', '*.global.privatelink.snowflakecomputing.com'), ('DNS', '*.global.snowflakecomputing.com'), ('DNS', '*.ingest.pdxaaj.privatelink.snowflakecomputing.com'), ('DNS', '*.ingest.pdxaaj.snowflakecomputing.com'), ('DNS', '*.opencatalog.pdxaaj.privatelink.snowflakecomputing.com'), ('DNS', '*.opencatalog.pdxaaj.snowflakecomputing.com'), ('DNS', '*.openflow.pdxaaj.privatelink.snowflakecomputing.com'), ('DNS', '*.openflow.pdxaaj.snowflakecomputing.com'), ('DNS', '*.pdxaaj.privatelink.snowflakecomputing.com'), ('DNS', '*.privatelink.snowflakecomputing.com'), ('DNS', '*.prod3.privatelink.snowflake.app'), ('DNS', '*.prod3.snowflake.app'), ('DNS', '*.prod3.us-west-2.privatelink.snowflakecomputing.com'), ('DNS', '*.prod3.us-west-2.snowflakecomputing.com'), ('DNS', '*.registry.privatelink.snowflakecomputing.com'), ('DNS', '*.sis.pdxaaj.privatelink.snowflake.app'), ('DNS', '*.snowflakecomputing.com'), ('DNS', '*.snowpark.pdxaaj.privatelink.snowflakecomputing.com'), ('DNS', '*.snowpark.pdxaaj.snowflakecomputing.com'), ('DNS', '*.spcs.pdxaaj.privatelink.snowflake.app'), ('DNS', '*.telemetry.pdxaaj.privatelink.snowflakecomputing.com'), ('DNS', '*.telemetry.pdxaaj.snowflakecomputing.com'), ('DNS', '*.unused.snowflakecomputing.com'), ('DNS', '*.us-west-2.aws.privatelink.snowflakecomputing.com'), ('DNS', '*.us-west-2.aws.snowflakecomputing.com'), ('DNS', '*.us-west-2.privatelink.snowflakecomputing.com'), ('DNS', '*.us-west-2.snowflakecomputing.com'), ('DNS', 'global.privatelink.snowflakecomputing.com'), ('DNS', 'global.snowflakecomputing.com'), ('DNS', 'ingest.pdxaaj.privatelink.snowflakecomputing.com'), ('DNS', 'ingest.pdxaaj.snowflakecomputing.com'), ('DNS', 'opencatalog.pdxaaj.privatelink.snowflakecomputing.com'), ('DNS', 'opencatalog.pdxaaj.snowflakecomputing.com'), ('DNS', 'openflow.pdxaaj.privatelink.snowflakecomputing.com'), ('DNS', 'openflow.pdxaaj.snowflakecomputing.com'), ('DNS', 'pdxaaj.privatelink.snowflakecomputing.com'), ('DNS', 'privatelink.snowflakecomputing.com'), ('DNS', 'prod3.privatelink.snowflake.app'), ('DNS', 'prod3.snowflake.app'), ('DNS', 'prod3.us-west-2.aws.snowflakecomputing.com'), ('DNS', 'prod3.us-west-2.privatelink.snowflakecomputing.com'), ('DNS', 'prod3.us-west-2.snowflakecomputing.com'), ('DNS', 'registry.privatelink.snowflakecomputing.com'), ('DNS', 'sis.pdxaaj.privatelink.snowflake.app'), ('DNS', 'snowflakecomputing.com'), ('DNS', 'snowpark.pdxaaj.privatelink.snowflakecomputing.com'), ('DNS', 'snowpark.pdxaaj.snowflakecomputing.com'), ('DNS', 'spcs.pdxaaj.privatelink.snowflake.app'), ('DNS', 'telemetry.pdxaaj.privatelink.snowflakecomputing.com'), ('DNS', 'telemetry.pdxaaj.snowflakecomputing.com'), ('DNS', 'unused.snowflakecomputing.com'), ('DNS', 'us-west-2.aws.privatelink.snowflakecomputing.com'), ('DNS', 'us-west-2.aws.snowflakecomputing.com'), ('DNS', 'us-west-2.privatelink.snowflakecomputing.com'), ('DNS', 'us-west-2.snowflakecomputing.com')]}
[2026-02-25T06:54:35.462+0000] {connectionpool.py:824} WARNING - Retrying (Retry(total=0, connect=None, read=None, redirect=None, status=None)) after connection broken by 'SSLError(CertificateError("hostname 'sfedu02.aws_us_west_2.snowflakecomputing.com' doesn't match either of '*.prod3.us-west-2.aws.snowflakecomputing.com', '*.global.privatelink.snowflakecomputing.com', '*.global.snowflakecomputing.com', '*.ingest.pdxaaj.privatelink.snowflakecomputing.com', '*.ingest.pdxaaj.snowflakecomputing.com', '*.opencatalog.pdxaaj.privatelink.snowflakecomputing.com', '*.opencatalog.pdxaaj.snowflakecomputing.com', '*.openflow.pdxaaj.privatelink.snowflakecomputing.com', '*.openflow.pdxaaj.snowflakecomputing.com', '*.pdxaaj.privatelink.snowflakecomputing.com', '*.privatelink.snowflakecomputing.com', '*.prod3.privatelink.snowflake.app', '*.prod3.snowflake.app', '*.prod3.us-west-2.privatelink.snowflakecomputing.com', '*.prod3.us-west-2.snowflakecomputing.com', '*.registry.privatelink.snowflakecomputing.com', '*.sis.pdxaaj.privatelink.snowflake.app', '*.snowflakecomputing.com', '*.snowpark.pdxaaj.privatelink.snowflakecomputing.com', '*.snowpark.pdxaaj.snowflakecomputing.com', '*.spcs.pdxaaj.privatelink.snowflake.app', '*.telemetry.pdxaaj.privatelink.snowflakecomputing.com', '*.telemetry.pdxaaj.snowflakecomputing.com', '*.unused.snowflakecomputing.com', '*.us-west-2.aws.privatelink.snowflakecomputing.com', '*.us-west-2.aws.snowflakecomputing.com', '*.us-west-2.privatelink.snowflakecomputing.com', '*.us-west-2.snowflakecomputing.com', 'global.privatelink.snowflakecomputing.com', 'global.snowflakecomputing.com', 'ingest.pdxaaj.privatelink.snowflakecomputing.com', 'ingest.pdxaaj.snowflakecomputing.com', 'opencatalog.pdxaaj.privatelink.snowflakecomputing.com', 'opencatalog.pdxaaj.snowflakecomputing.com', 'openflow.pdxaaj.privatelink.snowflakecomputing.com', 'openflow.pdxaaj.snowflakecomputing.com', 'pdxaaj.privatelink.snowflakecomputing.com', 'privatelink.snowflakecomputing.com', 'prod3.privatelink.snowflake.app', 'prod3.snowflake.app', 'prod3.us-west-2.aws.snowflakecomputing.com', 'prod3.us-west-2.privatelink.snowflakecomputing.com', 'prod3.us-west-2.snowflakecomputing.com', 'registry.privatelink.snowflakecomputing.com', 'sis.pdxaaj.privatelink.snowflake.app', 'snowflakecomputing.com', 'snowpark.pdxaaj.privatelink.snowflakecomputing.com', 'snowpark.pdxaaj.snowflakecomputing.com', 'spcs.pdxaaj.privatelink.snowflake.app', 'telemetry.pdxaaj.privatelink.snowflakecomputing.com', 'telemetry.pdxaaj.snowflakecomputing.com', 'unused.snowflakecomputing.com', 'us-west-2.aws.privatelink.snowflakecomputing.com', 'us-west-2.aws.snowflakecomputing.com', 'us-west-2.privatelink.snowflakecomputing.com', 'us-west-2.snowflakecomputing.com'"))': /session/v1/login-request?request_id=3aa5cfac-3be1-45d4-8a8e-894b0c97f499&databaseName=RAW&schemaName=PUBLIC&warehouse=RABBIT_QUERY_WH&roleName=TRAINING_ROLE&request_guid=d1329b66-f99e-490e-ae40-1531d536c9ff
[2026-02-25T06:54:35.673+0000] {ssl_wrap_socket.py:100} INFO - THIS CONNECTION IS IN INSECURE MODE. IT MEANS THE CERTIFICATE WILL BE VALIDATED BUT THE CERTIFICATE REVOCATION STATUS WILL NOT BE CHECKED.
[2026-02-25T06:54:35.677+0000] {connection.py:547} WARNING - Certificate did not match expected hostname: sfedu02.aws_us_west_2.snowflakecomputing.com. Certificate: {'subject': ((('commonName', '*.prod3.us-west-2.aws.snowflakecomputing.com'),),), 'subjectAltName': [('DNS', '*.prod3.us-west-2.aws.snowflakecomputing.com'), ('DNS', '*.global.privatelink.snowflakecomputing.com'), ('DNS', '*.global.snowflakecomputing.com'), ('DNS', '*.ingest.pdxaaj.privatelink.snowflakecomputing.com'), ('DNS', '*.ingest.pdxaaj.snowflakecomputing.com'), ('DNS', '*.opencatalog.pdxaaj.privatelink.snowflakecomputing.com'), ('DNS', '*.opencatalog.pdxaaj.snowflakecomputing.com'), ('DNS', '*.openflow.pdxaaj.privatelink.snowflakecomputing.com'), ('DNS', '*.openflow.pdxaaj.snowflakecomputing.com'), ('DNS', '*.pdxaaj.privatelink.snowflakecomputing.com'), ('DNS', '*.privatelink.snowflakecomputing.com'), ('DNS', '*.prod3.privatelink.snowflake.app'), ('DNS', '*.prod3.snowflake.app'), ('DNS', '*.prod3.us-west-2.privatelink.snowflakecomputing.com'), ('DNS', '*.prod3.us-west-2.snowflakecomputing.com'), ('DNS', '*.registry.privatelink.snowflakecomputing.com'), ('DNS', '*.sis.pdxaaj.privatelink.snowflake.app'), ('DNS', '*.snowflakecomputing.com'), ('DNS', '*.snowpark.pdxaaj.privatelink.snowflakecomputing.com'), ('DNS', '*.snowpark.pdxaaj.snowflakecomputing.com'), ('DNS', '*.spcs.pdxaaj.privatelink.snowflake.app'), ('DNS', '*.telemetry.pdxaaj.privatelink.snowflakecomputing.com'), ('DNS', '*.telemetry.pdxaaj.snowflakecomputing.com'), ('DNS', '*.unused.snowflakecomputing.com'), ('DNS', '*.us-west-2.aws.privatelink.snowflakecomputing.com'), ('DNS', '*.us-west-2.aws.snowflakecomputing.com'), ('DNS', '*.us-west-2.privatelink.snowflakecomputing.com'), ('DNS', '*.us-west-2.snowflakecomputing.com'), ('DNS', 'global.privatelink.snowflakecomputing.com'), ('DNS', 'global.snowflakecomputing.com'), ('DNS', 'ingest.pdxaaj.privatelink.snowflakecomputing.com'), ('DNS', 'ingest.pdxaaj.snowflakecomputing.com'), ('DNS', 'opencatalog.pdxaaj.privatelink.snowflakecomputing.com'), ('DNS', 'opencatalog.pdxaaj.snowflakecomputing.com'), ('DNS', 'openflow.pdxaaj.privatelink.snowflakecomputing.com'), ('DNS', 'openflow.pdxaaj.snowflakecomputing.com'), ('DNS', 'pdxaaj.privatelink.snowflakecomputing.com'), ('DNS', 'privatelink.snowflakecomputing.com'), ('DNS', 'prod3.privatelink.snowflake.app'), ('DNS', 'prod3.snowflake.app'), ('DNS', 'prod3.us-west-2.aws.snowflakecomputing.com'), ('DNS', 'prod3.us-west-2.privatelink.snowflakecomputing.com'), ('DNS', 'prod3.us-west-2.snowflakecomputing.com'), ('DNS', 'registry.privatelink.snowflakecomputing.com'), ('DNS', 'sis.pdxaaj.privatelink.snowflake.app'), ('DNS', 'snowflakecomputing.com'), ('DNS', 'snowpark.pdxaaj.privatelink.snowflakecomputing.com'), ('DNS', 'snowpark.pdxaaj.snowflakecomputing.com'), ('DNS', 'spcs.pdxaaj.privatelink.snowflake.app'), ('DNS', 'telemetry.pdxaaj.privatelink.snowflakecomputing.com'), ('DNS', 'telemetry.pdxaaj.snowflakecomputing.com'), ('DNS', 'unused.snowflakecomputing.com'), ('DNS', 'us-west-2.aws.privatelink.snowflakecomputing.com'), ('DNS', 'us-west-2.aws.snowflakecomputing.com'), ('DNS', 'us-west-2.privatelink.snowflakecomputing.com'), ('DNS', 'us-west-2.snowflakecomputing.com')]}
[2026-02-25T06:54:35.680+0000] {network.py:1024} ERROR - Failed to get the response. Hanging? method: post, url: https://sfedu02.AWS_US_WEST_2.snowflakecomputing.com:443/session/v1/login-request?request_id=3aa5cfac-3be1-45d4-8a8e-894b0c97f499&databaseName=RAW&schemaName=PUBLIC&warehouse=RABBIT_QUERY_WH&roleName=TRAINING_ROLE&request_guid=d1329b66-f99e-490e-ae40-1531d536c9ff, headers:{'Content-Type': 'application/json', 'accept': 'application/snowflake', 'User-Agent': 'PythonConnector/3.6.0 (Linux-6.12.68-linuxkit-aarch64-with-glibc2.34) CPython/3.8.18', 'Content-Encoding': 'gzip'}, data: {"data": {"CLIENT_APP_ID": "PythonConnector", "CLIENT_APP_VERSION": "3.6.0", "SVN_REVISION": null, "ACCOUNT_NAME": "sfedu02", "LOGIN_NAME": "FALCON", "CLIENT_ENVIRONMENT": {"APPLICATION": "AIRFLOW", "OS": "Linux", "OS_VERSION": "Linux-6.12.68-linuxkit-aarch64-with-glibc2.34", "PYTHON_VERSION": "3.8.18", "PYTHON_RUNTIME": "CPython", "PYTHON_COMPILER": "GCC 12.2.0", "OCSP_MODE": "INSECURE", "TRACING": 20, "LOGIN_TIMEOUT": null, "NETWORK_TIMEOUT": null, "SOCKET_TIMEOUT": null}, "PASSWORD": "**** "SESSION_PARAMETERS": {"CLIENT_PREFETCH_THREADS": 4}}}
[2026-02-25T06:54:35.681+0000] {taskinstance.py:2698} ERROR - Task failed with exception
Traceback (most recent call last):
  File "/home/airflow/.local/lib/python3.8/site-packages/snowflake/connector/connection.py", line 1305, in _authenticate
    auth.authenticate(
  File "/home/airflow/.local/lib/python3.8/site-packages/snowflake/connector/auth/_auth.py", line 250, in authenticate
    ret = self._rest._post_request(
  File "/home/airflow/.local/lib/python3.8/site-packages/snowflake/connector/network.py", line 729, in _post_request
    ret = self.fetch(
  File "/home/airflow/.local/lib/python3.8/site-packages/snowflake/connector/network.py", line 838, in fetch
    ret = self._request_exec_wrapper(
  File "/home/airflow/.local/lib/python3.8/site-packages/snowflake/connector/network.py", line 974, in _request_exec_wrapper
    raise e
  File "/home/airflow/.local/lib/python3.8/site-packages/snowflake/connector/network.py", line 890, in _request_exec_wrapper
    self._handle_unknown_error(method, full_url, headers, data, conn)
  File "/home/airflow/.local/lib/python3.8/site-packages/snowflake/connector/network.py", line 1029, in _handle_unknown_error
    Error.errorhandler_wrapper(
  File "/home/airflow/.local/lib/python3.8/site-packages/snowflake/connector/errors.py", line 290, in errorhandler_wrapper
    handed_over = Error.hand_to_other_handler(
  File "/home/airflow/.local/lib/python3.8/site-packages/snowflake/connector/errors.py", line 348, in hand_to_other_handler
    connection.errorhandler(connection, cursor, error_class, error_value)
  File "/home/airflow/.local/lib/python3.8/site-packages/snowflake/connector/errors.py", line 221, in default_errorhandler
    raise error_class(
snowflake.connector.errors.OperationalError: 250003: 250003: Failed to get the response. Hanging? method: post, url: https://sfedu02.AWS_US_WEST_2.snowflakecomputing.com:443/session/v1/login-request?request_id=4e7a1280-2751-4e3b-954e-ee1e0361c364&databaseName=RAW&schemaName=PUBLIC&warehouse=RABBIT_QUERY_WH&roleName=TRAINING_ROLE&request_guid=1cf20750-8622-4f7c-95a1-cb86371f5598

The above exception was the direct cause of the following exception:

Traceback (most recent call last):
  File "/home/airflow/.local/lib/python3.8/site-packages/airflow/models/taskinstance.py", line 433, in _execute_task
    result = execute_callable(context=context, **execute_callable_kwargs)
  File "/home/airflow/.local/lib/python3.8/site-packages/airflow/decorators/base.py", line 241, in execute
    return_value = super().execute(context)
  File "/home/airflow/.local/lib/python3.8/site-packages/airflow/operators/python.py", line 199, in execute
    return_value = self.execute_callable()
  File "/home/airflow/.local/lib/python3.8/site-packages/airflow/operators/python.py", line 216, in execute_callable
    return self.python_callable(*self.op_args, **self.op_kwargs)
  File "/opt/airflow/dags/country_capital_to_snowflake_v2.py", line 43, in load
    cur = return_snowflake_conn()
  File "/opt/airflow/dags/country_capital_to_snowflake_v2.py", line 19, in return_snowflake_conn
    conn = hook.get_conn()
  File "/home/airflow/.local/lib/python3.8/site-packages/airflow/providers/snowflake/hooks/snowflake.py", line 276, in get_conn
    conn = connector.connect(**conn_config)
  File "/home/airflow/.local/lib/python3.8/site-packages/snowflake/connector/__init__.py", line 54, in Connect
    return SnowflakeConnection(**kwargs)
  File "/home/airflow/.local/lib/python3.8/site-packages/snowflake/connector/connection.py", line 413, in __init__
    self.connect(**kwargs)
  File "/home/airflow/.local/lib/python3.8/site-packages/snowflake/connector/connection.py", line 703, in connect
    self.__open_connection()
  File "/home/airflow/.local/lib/python3.8/site-packages/snowflake/connector/connection.py", line 1006, in __open_connection
    self.authenticate_with_retry(self.auth_class)
  File "/home/airflow/.local/lib/python3.8/site-packages/snowflake/connector/connection.py", line 1277, in authenticate_with_retry
    self._authenticate(auth_instance)
  File "/home/airflow/.local/lib/python3.8/site-packages/snowflake/connector/connection.py", line 1349, in _authenticate
    raise auth_op from e
  File "/home/airflow/.local/lib/python3.8/site-packages/snowflake/connector/connection.py", line 1326, in _authenticate
    auth_instance.handle_timeout(
  File "/home/airflow/.local/lib/python3.8/site-packages/snowflake/connector/auth/by_plugin.py", line 212, in handle_timeout
    raise error
snowflake.connector.errors.OperationalError: 250001: 250001: Could not connect to Snowflake backend after 2 attempt(s).Aborting
[2026-02-25T06:54:35.690+0000] {taskinstance.py:1138} INFO - Marking task as FAILED. dag_id=CountryCaptial_v2, task_id=load, execution_date=20260224T023000, start_date=20260225T065433, end_date=20260225T065435
[2026-02-25T06:54:35.701+0000] {standard_task_runner.py:107} ERROR - Failed to execute job 26 for task load (250001: 250001: Could not connect to Snowflake backend after 2 attempt(s).Aborting; 161)
[2026-02-25T06:54:35.720+0000] {local_task_job_runner.py:234} INFO - Task exited with return code 1
[2026-02-25T06:54:35.734+0000] {taskinstance.py:3280} INFO - 0 downstream tasks scheduled from follow-on schedule check
