[2026-04-20T00:21:49.702+0000] {taskinstance.py:1956} INFO - Dependencies all met for dep_context=non-requeueable deps ti=<TaskInstance: dbt_spam_pipeline.dbt_run scheduled__2026-04-19T00:00:00+00:00 [queued]>
[2026-04-20T00:21:49.723+0000] {taskinstance.py:1956} INFO - Dependencies all met for dep_context=requeueable deps ti=<TaskInstance: dbt_spam_pipeline.dbt_run scheduled__2026-04-19T00:00:00+00:00 [queued]>
[2026-04-20T00:21:49.725+0000] {taskinstance.py:2170} INFO - Starting attempt 1 of 2
[2026-04-20T00:21:49.761+0000] {taskinstance.py:2191} INFO - Executing <Task(BashOperator): dbt_run> on 2026-04-19 00:00:00+00:00
[2026-04-20T00:21:49.772+0000] {standard_task_runner.py:60} INFO - Started process 994 to run task
[2026-04-20T00:21:49.779+0000] {standard_task_runner.py:87} INFO - Running: ['***', 'tasks', 'run', 'dbt_spam_pipeline', 'dbt_run', 'scheduled__2026-04-19T00:00:00+00:00', '--job-id', '333', '--raw', '--subdir', 'DAGS_FOLDER/dbt_dag.py', '--cfg-path', '/tmp/tmpextl6zp6']
[2026-04-20T00:21:49.787+0000] {standard_task_runner.py:88} INFO - Job 333: Subtask dbt_run
[2026-04-20T00:21:49.952+0000] {task_command.py:423} INFO - Running <TaskInstance: dbt_spam_pipeline.dbt_run scheduled__2026-04-19T00:00:00+00:00 [running]> on host 200fc1c16217
[2026-04-20T00:21:50.082+0000] {taskinstance.py:2480} INFO - Exporting env vars: AIRFLOW_CTX_DAG_OWNER='***' AIRFLOW_CTX_DAG_ID='dbt_spam_pipeline' AIRFLOW_CTX_TASK_ID='dbt_run' AIRFLOW_CTX_EXECUTION_DATE='2026-04-19T00:00:00+00:00' AIRFLOW_CTX_TRY_NUMBER='1' AIRFLOW_CTX_DAG_RUN_ID='scheduled__2026-04-19T00:00:00+00:00'
[2026-04-20T00:21:50.083+0000] {subprocess.py:63} INFO - Tmp dir root location: /tmp
[2026-04-20T00:21:50.083+0000] {subprocess.py:75} INFO - Running command: ['/usr/bin/bash', '-c', '/usr/local/bin/dbt run --project-dir /opt/***/dags/spam_detection_dbt --profiles-dir /opt/***/dags/dbt_profiles']
[2026-04-20T00:21:50.089+0000] {subprocess.py:86} INFO - Output:
[2026-04-20T00:21:52.093+0000] {subprocess.py:93} INFO - [0m00:21:52  Running with dbt=1.8.7
[2026-04-20T00:21:52.995+0000] {subprocess.py:93} INFO - [0m00:21:52  Registered adapter: snowflake=1.8.4
[2026-04-20T00:21:53.189+0000] {subprocess.py:93} INFO - [0m00:21:53  [[33mWARNING[0m]: Configuration paths exist in your dbt_project.yml file which do not apply to any resources.
[2026-04-20T00:21:53.190+0000] {subprocess.py:93} INFO - There are 1 unused configuration paths:
[2026-04-20T00:21:53.190+0000] {subprocess.py:93} INFO - - models.spam_detection_dbt.example
[2026-04-20T00:21:53.468+0000] {subprocess.py:93} INFO - [0m00:21:53  Found 2 models, 1 snapshot, 1 operation, 5 data tests, 1 source, 454 macros
[2026-04-20T00:21:53.470+0000] {subprocess.py:93} INFO - [0m00:21:53
[2026-04-20T00:21:56.923+0000] {subprocess.py:93} INFO - [0m00:21:56
[2026-04-20T00:21:56.925+0000] {subprocess.py:93} INFO - [0m00:21:56  Running 1 on-run-start hook
[2026-04-20T00:21:56.953+0000] {subprocess.py:93} INFO - [0m00:21:56  1 of 1 START hook: spam_detection_dbt.on-run-start.0 ........................... [RUN]
[2026-04-20T00:21:57.588+0000] {subprocess.py:93} INFO - [0m00:21:57  1 of 1 OK hook: spam_detection_dbt.on-run-start.0 .............................. [[32mSUCCESS 1[0m in 0.63s]
[2026-04-20T00:21:57.591+0000] {subprocess.py:93} INFO - [0m00:21:57
[2026-04-20T00:21:57.775+0000] {subprocess.py:93} INFO - [0m00:21:57  Concurrency: 1 threads (target='dev')
[2026-04-20T00:21:57.777+0000] {subprocess.py:93} INFO - [0m00:21:57
[2026-04-20T00:21:57.800+0000] {subprocess.py:93} INFO - [0m00:21:57  1 of 2 START sql table model PUBLIC.spam_summary ............................... [RUN]
[2026-04-20T01:41:14.179+0000] {subprocess.py:93} INFO - [0m01:41:14  1 of 2 OK created sql table model PUBLIC.spam_summary .......................... [[32mSUCCESS 1[0m in 4756.37s]
[2026-04-20T01:41:14.181+0000] {subprocess.py:93} INFO - [0m01:41:14  2 of 2 START sql view model PUBLIC.stg_spam_emails ............................. [RUN]
[2026-04-20T01:41:17.822+0000] {subprocess.py:93} INFO - [0m01:41:17  2 of 2 OK created sql view model PUBLIC.stg_spam_emails ........................ [[32mSUCCESS 1[0m in 3.64s]
[2026-04-20T01:41:17.826+0000] {subprocess.py:93} INFO - [0m01:41:17
[2026-04-20T01:41:17.827+0000] {subprocess.py:93} INFO - [0m01:41:17  Finished running 1 table model, 1 view model, 1 project hook in 1 hours 19 minutes and 24.36 seconds (4764.36s).
[2026-04-20T01:41:17.867+0000] {subprocess.py:93} INFO - [0m01:41:17
[2026-04-20T01:41:17.868+0000] {subprocess.py:93} INFO - [0m01:41:17  [32mCompleted successfully[0m
[2026-04-20T01:41:17.868+0000] {subprocess.py:93} INFO - [0m01:41:17
[2026-04-20T01:41:17.868+0000] {subprocess.py:93} INFO - [0m01:41:17  Done. PASS=2 WARN=0 ERROR=0 SKIP=0 TOTAL=2
[2026-04-20T01:41:18.507+0000] {subprocess.py:97} INFO - Command exited with return code 0
[2026-04-20T01:41:18.523+0000] {taskinstance.py:1138} INFO - Marking task as SUCCESS. dag_id=dbt_spam_pipeline, task_id=dbt_run, execution_date=20260419T000000, start_date=20260420T002149, end_date=20260420T014118
[2026-04-20T01:41:18.550+0000] {local_task_job_runner.py:234} INFO - Task exited with return code 0
[2026-04-20T01:41:18.565+0000] {taskinstance.py:3280} INFO - 1 downstream tasks scheduled from follow-on schedule check
