[2026-04-20T01:37:36.127+0000] {taskinstance.py:1956} INFO - Dependencies all met for dep_context=non-requeueable deps ti=<TaskInstance: spam_email_etl.load_csv_to_snowflake scheduled__2026-04-19T00:00:00+00:00 [queued]>
[2026-04-20T01:37:36.131+0000] {taskinstance.py:1956} INFO - Dependencies all met for dep_context=requeueable deps ti=<TaskInstance: spam_email_etl.load_csv_to_snowflake scheduled__2026-04-19T00:00:00+00:00 [queued]>
[2026-04-20T01:37:36.131+0000] {taskinstance.py:2170} INFO - Starting attempt 2 of 2
[2026-04-20T01:37:36.138+0000] {taskinstance.py:2191} INFO - Executing <Task(PythonOperator): load_csv_to_snowflake> on 2026-04-19 00:00:00+00:00
[2026-04-20T01:37:36.141+0000] {standard_task_runner.py:60} INFO - Started process 1026 to run task
[2026-04-20T01:37:36.143+0000] {standard_task_runner.py:87} INFO - Running: ['***', 'tasks', 'run', 'spam_email_etl', 'load_csv_to_snowflake', 'scheduled__2026-04-19T00:00:00+00:00', '--job-id', '338', '--raw', '--subdir', 'DAGS_FOLDER/spam_email_etl.py', '--cfg-path', '/tmp/tmpa8uubxk1']
[2026-04-20T01:37:36.145+0000] {standard_task_runner.py:88} INFO - Job 338: Subtask load_csv_to_snowflake
[2026-04-20T01:37:36.173+0000] {task_command.py:423} INFO - Running <TaskInstance: spam_email_etl.load_csv_to_snowflake scheduled__2026-04-19T00:00:00+00:00 [running]> on host 200fc1c16217
[2026-04-20T01:37:36.218+0000] {taskinstance.py:2480} INFO - Exporting env vars: AIRFLOW_CTX_DAG_OWNER='***' AIRFLOW_CTX_DAG_ID='spam_email_etl' AIRFLOW_CTX_TASK_ID='load_csv_to_snowflake' AIRFLOW_CTX_EXECUTION_DATE='2026-04-19T00:00:00+00:00' AIRFLOW_CTX_TRY_NUMBER='2' AIRFLOW_CTX_DAG_RUN_ID='scheduled__2026-04-19T00:00:00+00:00'
[2026-04-20T01:37:36.225+0000] {base.py:83} INFO - Using connection ID 'snowflake_default' for task execution.
[2026-04-20T01:37:36.226+0000] {connection.py:423} INFO - Snowflake Connector for Python Version: 3.14.0, Python Version: 3.8.18, Platform: Linux-6.12.68-linuxkit-aarch64-with-glibc2.34
[2026-04-20T01:37:36.227+0000] {connection.py:1226} INFO - Connecting to GLOBAL Snowflake domain
[2026-04-20T01:37:36.228+0000] {connection.py:1315} INFO - This connection is in OCSP Fail Open Mode. TLS Certificates would be checked for validity and revocation status. Any other Certificate Revocation related exceptions or OCSP Responder failures would be disregarded in favor of connectivity.
[2026-04-20T01:37:36.228+0000] {connection.py:1325} INFO - THIS CONNECTION IS IN INSECURE MODE. IT MEANS THE CERTIFICATE WILL BE VALIDATED BUT THE CERTIFICATE REVOCATION STATUS WILL NOT BE CHECKED.
[2026-04-20T01:37:37.827+0000] {taskinstance.py:2698} ERROR - Task failed with exception
Traceback (most recent call last):
  File "/usr/local/lib/python3.8/snowflake/connector/network.py", line 1082, in _request_exec
    raw_ret = session.request(
  File "/usr/local/lib/python3.8/snowflake/connector/vendored/requests/sessions.py", line 589, in request
    resp = self.send(prep, **send_kwargs)
  File "/usr/local/lib/python3.8/snowflake/connector/vendored/requests/sessions.py", line 703, in send
    r = adapter.send(request, **kwargs)
  File "/usr/local/lib/python3.8/snowflake/connector/vendored/requests/adapters.py", line 486, in send
    resp = conn.urlopen(
  File "/usr/local/lib/python3.8/snowflake/connector/vendored/urllib3/connectionpool.py", line 715, in urlopen
    httplib_response = self._make_request(
  File "/usr/local/lib/python3.8/snowflake/connector/vendored/urllib3/connectionpool.py", line 404, in _make_request
    self._validate_conn(conn)
  File "/usr/local/lib/python3.8/snowflake/connector/vendored/urllib3/connectionpool.py", line 1058, in _validate_conn
    conn.connect()
  File "/usr/local/lib/python3.8/snowflake/connector/vendored/urllib3/connection.py", line 400, in connect
    self.ssl_context = create_urllib3_context(
  File "/usr/local/lib/python3.8/snowflake/connector/vendored/urllib3/util/ssl_.py", line 290, in create_urllib3_context
    context = SSLContext(ssl_version)
  File "/usr/local/lib/python3.8/snowflake/connector/vendored/urllib3/contrib/pyopenssl.py", line 423, in __init__
    self._ctx = OpenSSL.SSL.Context(self.protocol)
  File "/usr/local/lib/python3.8/OpenSSL/SSL.py", line 920, in __init__
    | _lib.SSL_MODE_ACCEPT_MOVING_WRITE_BUFFER
AttributeError: module 'lib' has no attribute 'SSL_MODE_ACCEPT_MOVING_WRITE_BUFFER'

During handling of the above exception, another exception occurred:

Traceback (most recent call last):
  File "/usr/local/lib/python3.8/snowflake/connector/connection.py", line 1452, in _authenticate
    auth.authenticate(
  File "/usr/local/lib/python3.8/snowflake/connector/auth/_auth.py", line 270, in authenticate
    ret = self._rest._post_request(
  File "/usr/local/lib/python3.8/snowflake/connector/network.py", line 750, in _post_request
    ret = self.fetch(
  File "/usr/local/lib/python3.8/snowflake/connector/network.py", line 865, in fetch
    ret = self._request_exec_wrapper(
  File "/usr/local/lib/python3.8/snowflake/connector/network.py", line 993, in _request_exec_wrapper
    raise e
  File "/usr/local/lib/python3.8/snowflake/connector/network.py", line 915, in _request_exec_wrapper
    return_object = self._request_exec(
  File "/usr/local/lib/python3.8/snowflake/connector/network.py", line 1180, in _request_exec
    raise OperationalError(
snowflake.connector.errors.OperationalError: 251011: 251011: ConnectionTimeout occurred during login. Will be handled by authenticator

The above exception was the direct cause of the following exception:

Traceback (most recent call last):
  File "/home/airflow/.local/lib/python3.8/site-packages/airflow/models/taskinstance.py", line 433, in _execute_task
    result = execute_callable(context=context, **execute_callable_kwargs)
  File "/home/airflow/.local/lib/python3.8/site-packages/airflow/operators/python.py", line 199, in execute
    return_value = self.execute_callable()
  File "/home/airflow/.local/lib/python3.8/site-packages/airflow/operators/python.py", line 216, in execute_callable
    return self.python_callable(*self.op_args, **self.op_kwargs)
  File "/opt/airflow/dags/spam_email_etl.py", line 15, in load_csv_to_snowflake
    conn = hook.get_conn()
  File "/home/airflow/.local/lib/python3.8/site-packages/airflow/providers/snowflake/hooks/snowflake.py", line 276, in get_conn
    conn = connector.connect(**conn_config)
  File "/usr/local/lib/python3.8/snowflake/connector/__init__.py", line 55, in Connect
    return SnowflakeConnection(**kwargs)
  File "/usr/local/lib/python3.8/snowflake/connector/connection.py", line 466, in __init__
    self.connect(**kwargs)
  File "/usr/local/lib/python3.8/snowflake/connector/connection.py", line 793, in connect
    self.__open_connection()
  File "/usr/local/lib/python3.8/snowflake/connector/connection.py", line 1124, in __open_connection
    self.authenticate_with_retry(self.auth_class)
  File "/usr/local/lib/python3.8/snowflake/connector/connection.py", line 1424, in authenticate_with_retry
    self._authenticate(auth_instance)
  File "/usr/local/lib/python3.8/snowflake/connector/connection.py", line 1498, in _authenticate
    raise auth_op from e
  File "/usr/local/lib/python3.8/snowflake/connector/connection.py", line 1473, in _authenticate
    auth_instance.handle_timeout(
  File "/usr/local/lib/python3.8/snowflake/connector/auth/by_plugin.py", line 214, in handle_timeout
    raise error
snowflake.connector.errors.OperationalError: 250001: 250001: Could not connect to Snowflake backend after 2 attempt(s).Aborting
[2026-04-20T01:37:37.840+0000] {taskinstance.py:1138} INFO - Marking task as FAILED. dag_id=spam_email_etl, task_id=load_csv_to_snowflake, execution_date=20260419T000000, start_date=20260420T013736, end_date=20260420T013737
[2026-04-20T01:37:37.852+0000] {standard_task_runner.py:107} ERROR - Failed to execute job 338 for task load_csv_to_snowflake (250001: 250001: Could not connect to Snowflake backend after 2 attempt(s).Aborting; 1026)
[2026-04-20T01:37:37.896+0000] {local_task_job_runner.py:234} INFO - Task exited with return code 1
[2026-04-20T01:37:37.912+0000] {taskinstance.py:3280} INFO - 0 downstream tasks scheduled from follow-on schedule check
