[2026-04-27T22:51:25.449+0000] {taskinstance.py:1956} INFO - Dependencies all met for dep_context=non-requeueable deps ti=<TaskInstance: pinecone_medium_articles.search_pinecone manual__2026-04-27T22:26:45.376396+00:00 [queued]>
[2026-04-27T22:51:25.460+0000] {taskinstance.py:1956} INFO - Dependencies all met for dep_context=requeueable deps ti=<TaskInstance: pinecone_medium_articles.search_pinecone manual__2026-04-27T22:26:45.376396+00:00 [queued]>
[2026-04-27T22:51:25.461+0000] {taskinstance.py:2170} INFO - Starting attempt 2 of 3
[2026-04-27T22:51:25.471+0000] {taskinstance.py:2191} INFO - Executing <Task(_PythonDecoratedOperator): search_pinecone> on 2026-04-27 22:26:45.376396+00:00
[2026-04-27T22:51:25.475+0000] {standard_task_runner.py:60} INFO - Started process 686 to run task
[2026-04-27T22:51:25.480+0000] {standard_task_runner.py:87} INFO - Running: ['***', 'tasks', 'run', 'pinecone_medium_articles', 'search_pinecone', 'manual__2026-04-27T22:26:45.376396+00:00', '--job-id', '152', '--raw', '--subdir', 'DAGS_FOLDER/pinecone_medium_dag.py', '--cfg-path', '/tmp/tmp4xi3o_zc']
[2026-04-27T22:51:25.484+0000] {standard_task_runner.py:88} INFO - Job 152: Subtask search_pinecone
[2026-04-27T22:51:25.529+0000] {task_command.py:423} INFO - Running <TaskInstance: pinecone_medium_articles.search_pinecone manual__2026-04-27T22:26:45.376396+00:00 [running]> on host 1b792d0ef707
[2026-04-27T22:51:25.757+0000] {taskinstance.py:2480} INFO - Exporting env vars: AIRFLOW_CTX_DAG_OWNER='***' AIRFLOW_CTX_DAG_ID='pinecone_medium_articles' AIRFLOW_CTX_TASK_ID='search_pinecone' AIRFLOW_CTX_EXECUTION_DATE='2026-04-27T22:26:45.376396+00:00' AIRFLOW_CTX_TRY_NUMBER='2' AIRFLOW_CTX_DAG_RUN_ID='manual__2026-04-27T22:26:45.376396+00:00'
[2026-04-27T22:51:31.077+0000] {pinecone_medium_dag.py:136} INFO - Loading embedding model for search...
[2026-04-27T22:51:31.079+0000] {SentenceTransformer.py:196} INFO - Use pytorch device_name: cpu
[2026-04-27T22:51:31.080+0000] {SentenceTransformer.py:204} INFO - Load pretrained SentenceTransformer: all-MiniLM-L6-v2
[2026-04-27T22:51:32.791+0000] {discover_namespace_packages.py:12} INFO - Discovering subpackages in _NamespacePath(['/home/***/.local/lib/python3.8/site-packages/pinecone_plugins'])
[2026-04-27T22:51:32.794+0000] {discover_plugins.py:9} INFO - Looking for plugins in pinecone_plugins.inference
[2026-04-27T22:51:32.814+0000] {installation.py:10} INFO - Installing plugin inference into Pinecone
[2026-04-27T22:51:33.106+0000] {pinecone_medium_dag.py:144} INFO - Running search for: 'what is ethics in AI'
[2026-04-27T22:51:33.117+0000] {logging_mixin.py:188} WARNING - Batches:   0%|          | 0/1 [00:00<?, ?it/s]
[2026-04-27T22:51:33.617+0000] {logging_mixin.py:188} WARNING - Batches: 100%|##########| 1/1 [00:00<00:00,  2.01it/s]
[2026-04-27T22:51:33.618+0000] {logging_mixin.py:188} WARNING - Batches: 100%|##########| 1/1 [00:00<00:00,  2.01it/s]
[2026-04-27T22:51:33.986+0000] {pinecone_medium_dag.py:154} INFO - Top 10 results for 'what is ethics in AI':
[2026-04-27T22:51:33.991+0000] {python.py:201} INFO - Done. Returned value was: {'query': 'what is ethics in AI', 'top_results': 0}
[2026-04-27T22:51:34.049+0000] {taskinstance.py:1138} INFO - Marking task as SUCCESS. dag_id=pinecone_medium_articles, task_id=search_pinecone, execution_date=20260427T222645, start_date=20260427T225125, end_date=20260427T225134
[2026-04-27T22:51:34.106+0000] {local_task_job_runner.py:234} INFO - Task exited with return code 0
[2026-04-27T22:51:34.128+0000] {taskinstance.py:3280} INFO - 0 downstream tasks scheduled from follow-on schedule check
