[2026-03-04T06:08:38.650+0000] {taskinstance.py:1956} INFO - Dependencies all met for dep_context=non-requeueable deps ti=<TaskInstance: country_capital_pipeline.load manual__2026-03-04T06:08:36.906347+00:00 [queued]>
[2026-03-04T06:08:38.655+0000] {taskinstance.py:1956} INFO - Dependencies all met for dep_context=requeueable deps ti=<TaskInstance: country_capital_pipeline.load manual__2026-03-04T06:08:36.906347+00:00 [queued]>
[2026-03-04T06:08:38.655+0000] {taskinstance.py:2170} INFO - Starting attempt 1 of 1
[2026-03-04T06:08:38.661+0000] {taskinstance.py:2191} INFO - Executing <Task(_PythonDecoratedOperator): load> on 2026-03-04 06:08:36.906347+00:00
[2026-03-04T06:08:38.664+0000] {standard_task_runner.py:60} INFO - Started process 108 to run task
[2026-03-04T06:08:38.666+0000] {standard_task_runner.py:87} INFO - Running: ['***', 'tasks', 'run', 'country_capital_pipeline', 'load', 'manual__2026-03-04T06:08:36.906347+00:00', '--job-id', '67', '--raw', '--subdir', 'DAGS_FOLDER/country_capital_etl.py', '--cfg-path', '/tmp/tmpkvp5d732']
[2026-03-04T06:08:38.667+0000] {standard_task_runner.py:88} INFO - Job 67: Subtask load
[2026-03-04T06:08:38.691+0000] {task_command.py:423} INFO - Running <TaskInstance: country_capital_pipeline.load manual__2026-03-04T06:08:36.906347+00:00 [running]> on host e2cac078df6c
[2026-03-04T06:08:38.742+0000] {taskinstance.py:2480} INFO - Exporting env vars: AIRFLOW_CTX_DAG_OWNER='***' AIRFLOW_CTX_DAG_ID='country_capital_pipeline' AIRFLOW_CTX_TASK_ID='load' AIRFLOW_CTX_EXECUTION_DATE='2026-03-04T06:08:36.906347+00:00' AIRFLOW_CTX_TRY_NUMBER='1' AIRFLOW_CTX_DAG_RUN_ID='manual__2026-03-04T06:08:36.906347+00:00'
[2026-03-04T06:08:38.743+0000] {logging_mixin.py:188} INFO - FIRST 10 RECORDS
[2026-03-04T06:08:38.743+0000] {logging_mixin.py:188} INFO - ['Zimbabwe', 'Harare']
[2026-03-04T06:08:38.743+0000] {logging_mixin.py:188} INFO - ['Kiribati', 'South Tarawa']
[2026-03-04T06:08:38.743+0000] {logging_mixin.py:188} INFO - ['Ghana', 'Accra']
[2026-03-04T06:08:38.743+0000] {logging_mixin.py:188} INFO - ['North Korea', 'Pyongyang']
[2026-03-04T06:08:38.744+0000] {logging_mixin.py:188} INFO - ['Spain', 'Madrid']
[2026-03-04T06:08:38.744+0000] {logging_mixin.py:188} INFO - ['Jordan', 'Amman']
[2026-03-04T06:08:38.744+0000] {logging_mixin.py:188} INFO - ['San Marino', 'City of San Marino']
[2026-03-04T06:08:38.744+0000] {logging_mixin.py:188} INFO - ['Ivory Coast', 'Yamoussoukro']
[2026-03-04T06:08:38.744+0000] {logging_mixin.py:188} INFO - ['Brazil', 'Brasília']
[2026-03-04T06:08:38.744+0000] {logging_mixin.py:188} INFO - ['Colombia', 'Bogotá']
[2026-03-04T06:08:38.744+0000] {python.py:201} INFO - Done. Returned value was: DONE
[2026-03-04T06:08:38.755+0000] {taskinstance.py:1138} INFO - Marking task as SUCCESS. dag_id=country_capital_pipeline, task_id=load, execution_date=20260304T060836, start_date=20260304T060838, end_date=20260304T060838
[2026-03-04T06:08:38.764+0000] {local_task_job_runner.py:234} INFO - Task exited with return code 0
[2026-03-04T06:08:38.773+0000] {taskinstance.py:3280} INFO - 0 downstream tasks scheduled from follow-on schedule check
