[2026-04-19T06:29:27.604+0000] {taskinstance.py:1956} INFO - Dependencies all met for dep_context=non-requeueable deps ti=<TaskInstance: spam_email_etl.load_csv_to_snowflake scheduled__2026-04-18T00:00:00+00:00 [queued]>
[2026-04-19T06:29:27.609+0000] {taskinstance.py:1956} INFO - Dependencies all met for dep_context=requeueable deps ti=<TaskInstance: spam_email_etl.load_csv_to_snowflake scheduled__2026-04-18T00:00:00+00:00 [queued]>
[2026-04-19T06:29:27.609+0000] {taskinstance.py:2170} INFO - Starting attempt 8 of 9
[2026-04-19T06:29:27.616+0000] {taskinstance.py:2191} INFO - Executing <Task(PythonOperator): load_csv_to_snowflake> on 2026-04-18 00:00:00+00:00
[2026-04-19T06:29:27.619+0000] {standard_task_runner.py:60} INFO - Started process 263 to run task
[2026-04-19T06:29:27.621+0000] {standard_task_runner.py:87} INFO - Running: ['***', 'tasks', 'run', 'spam_email_etl', 'load_csv_to_snowflake', 'scheduled__2026-04-18T00:00:00+00:00', '--job-id', '247', '--raw', '--subdir', 'DAGS_FOLDER/spam_email_etl.py', '--cfg-path', '/tmp/tmpf14t3eca']
[2026-04-19T06:29:27.623+0000] {standard_task_runner.py:88} INFO - Job 247: Subtask load_csv_to_snowflake
[2026-04-19T06:29:27.650+0000] {task_command.py:423} INFO - Running <TaskInstance: spam_email_etl.load_csv_to_snowflake scheduled__2026-04-18T00:00:00+00:00 [running]> on host 4589d7dcd571
[2026-04-19T06:29:27.689+0000] {taskinstance.py:2480} INFO - Exporting env vars: AIRFLOW_CTX_DAG_OWNER='***' AIRFLOW_CTX_DAG_ID='spam_email_etl' AIRFLOW_CTX_TASK_ID='load_csv_to_snowflake' AIRFLOW_CTX_EXECUTION_DATE='2026-04-18T00:00:00+00:00' AIRFLOW_CTX_TRY_NUMBER='8' AIRFLOW_CTX_DAG_RUN_ID='scheduled__2026-04-18T00:00:00+00:00'
[2026-04-19T06:29:27.694+0000] {base.py:83} INFO - Using connection ID 'snowflake_default' for task execution.
[2026-04-19T06:29:27.695+0000] {connection.py:370} INFO - Snowflake Connector for Python Version: 3.6.0, Python Version: 3.8.18, Platform: Linux-6.12.68-linuxkit-aarch64-with-glibc2.34
[2026-04-19T06:29:27.695+0000] {connection.py:1171} INFO - This connection is in OCSP Fail Open Mode. TLS Certificates would be checked for validity and revocation status. Any other Certificate Revocation related exceptions or OCSP Responder failures would be disregarded in favor of connectivity.
[2026-04-19T06:29:27.696+0000] {connection.py:1181} INFO - THIS CONNECTION IS IN INSECURE MODE. IT MEANS THE CERTIFICATE WILL BE VALIDATED BUT THE CERTIFICATE REVOCATION STATUS WILL NOT BE CHECKED.
[2026-04-19T06:29:27.794+0000] {ssl_wrap_socket.py:100} INFO - THIS CONNECTION IS IN INSECURE MODE. IT MEANS THE CERTIFICATE WILL BE VALIDATED BUT THE CERTIFICATE REVOCATION STATUS WILL NOT BE CHECKED.
[2026-04-19T06:29:28.122+0000] {cursor.py:1028} INFO - query: [BEGIN]
[2026-04-19T06:29:28.246+0000] {cursor.py:1041} INFO - query execution done
[2026-04-19T06:29:28.246+0000] {cursor.py:1205} INFO - Number of results in first chunk: 1
[2026-04-19T06:29:28.247+0000] {cursor.py:1028} INFO - query: [USE ROLE TRAINING_ROLE;]
[2026-04-19T06:29:28.339+0000] {cursor.py:1041} INFO - query execution done
[2026-04-19T06:29:28.340+0000] {cursor.py:1205} INFO - Number of results in first chunk: 1
[2026-04-19T06:29:28.340+0000] {cursor.py:1028} INFO - query: [USE WAREHOUSE RABBIT_QUERY_WH;]
[2026-04-19T06:29:28.428+0000] {cursor.py:1041} INFO - query execution done
[2026-04-19T06:29:28.429+0000] {cursor.py:1205} INFO - Number of results in first chunk: 1
[2026-04-19T06:29:28.430+0000] {cursor.py:1028} INFO - query: [USE DATABASE USER_DB_RABBIT;]
[2026-04-19T06:29:28.526+0000] {cursor.py:1041} INFO - query execution done
[2026-04-19T06:29:28.526+0000] {cursor.py:1205} INFO - Number of results in first chunk: 1
[2026-04-19T06:29:28.527+0000] {cursor.py:1028} INFO - query: [USE SCHEMA PUBLIC;]
[2026-04-19T06:29:28.649+0000] {cursor.py:1041} INFO - query execution done
[2026-04-19T06:29:28.650+0000] {cursor.py:1205} INFO - Number of results in first chunk: 1
[2026-04-19T06:29:28.650+0000] {cursor.py:1028} INFO - query: [TRUNCATE TABLE RAW_SPAM_EMAILS]
[2026-04-19T06:29:28.966+0000] {cursor.py:1041} INFO - query execution done
[2026-04-19T06:29:28.967+0000] {cursor.py:1205} INFO - Number of results in first chunk: 1
[2026-04-19T06:29:28.973+0000] {cursor.py:1028} INFO - query: [INSERT INTO RAW_SPAM_EMAILS (LABEL, MESSAGE) VALUES ('ham', 'Go until jurong poi...]
[2026-04-19T06:29:29.409+0000] {cursor.py:1041} INFO - query execution done
[2026-04-19T06:29:29.414+0000] {cursor.py:1028} INFO - query: [INSERT INTO RAW_SPAM_EMAILS (LABEL, MESSAGE) VALUES ('ham', 'Fighting with the w...]
[2026-04-19T06:29:29.526+0000] {cursor.py:1041} INFO - query execution done
[2026-04-19T06:29:29.531+0000] {cursor.py:1028} INFO - query: [ROLLBACK]
[2026-04-19T06:29:30.124+0000] {cursor.py:1041} INFO - query execution done
[2026-04-19T06:29:30.125+0000] {cursor.py:1205} INFO - Number of results in first chunk: 1
[2026-04-19T06:29:30.126+0000] {connection.py:718} INFO - closed
[2026-04-19T06:29:30.175+0000] {connection.py:724} INFO - No async queries seem to be running, deleting session
[2026-04-19T06:29:30.229+0000] {taskinstance.py:2698} ERROR - Task failed with exception
Traceback (most recent call last):
  File "/opt/airflow/dags/spam_email_etl.py", line 51, in load_csv_to_snowflake
    cursor.execute(f"""
  File "/home/airflow/.local/lib/python3.8/site-packages/snowflake/connector/cursor.py", line 1132, in execute
    Error.errorhandler_wrapper(self.connection, self, error_class, errvalue)
  File "/home/airflow/.local/lib/python3.8/site-packages/snowflake/connector/errors.py", line 290, in errorhandler_wrapper
    handed_over = Error.hand_to_other_handler(
  File "/home/airflow/.local/lib/python3.8/site-packages/snowflake/connector/errors.py", line 345, in hand_to_other_handler
    cursor.errorhandler(connection, cursor, error_class, error_value)
  File "/home/airflow/.local/lib/python3.8/site-packages/snowflake/connector/errors.py", line 221, in default_errorhandler
    raise error_class(
snowflake.connector.errors.ProgrammingError: 001003 (42000): 01c3cec5-0208-8ad3-001b-e5430055b32e: SQL compilation error:
syntax error line 2 at position 40,610 unexpected 't'.
parse error line 2 at position 40,908 near '39'.
parse error line 2 at position 41,053 near '39'.
syntax error line 2 at position 41,175 unexpected 'wait'.
syntax error line 2 at position 41,180 unexpected 'chikku'.
parse error line 2 at position 41,234 near '39'.
parse error line 2 at position 41,302 near '39'.
parse error line 2 at position 41,573 near '39'.
parse error line 2 at position 41,595 near '39'.
parse error line 2 at position 41,666 near '39'.
parse error line 2 at position 41,877 near '39'.
parse error line 2 at position 42,583 near '39'.
parse error line 2 at position 42,944 near '39'.
parse error line 2 at position 43,789 near '39'.
parse error line 2 at position 48,238 near '<EOF>'.

During handling of the above exception, another exception occurred:

Traceback (most recent call last):
  File "/home/airflow/.local/lib/python3.8/site-packages/airflow/models/taskinstance.py", line 433, in _execute_task
    result = execute_callable(context=context, **execute_callable_kwargs)
  File "/home/airflow/.local/lib/python3.8/site-packages/airflow/operators/python.py", line 199, in execute
    return_value = self.execute_callable()
  File "/home/airflow/.local/lib/python3.8/site-packages/airflow/operators/python.py", line 216, in execute_callable
    return self.python_callable(*self.op_args, **self.op_kwargs)
  File "/opt/airflow/dags/spam_email_etl.py", line 70, in load_csv_to_snowflake
    raise Exception(f"Failed to load data: {str(e)}")
Exception: Failed to load data: 001003 (42000): 01c3cec5-0208-8ad3-001b-e5430055b32e: SQL compilation error:
syntax error line 2 at position 40,610 unexpected 't'.
parse error line 2 at position 40,908 near '39'.
parse error line 2 at position 41,053 near '39'.
syntax error line 2 at position 41,175 unexpected 'wait'.
syntax error line 2 at position 41,180 unexpected 'chikku'.
parse error line 2 at position 41,234 near '39'.
parse error line 2 at position 41,302 near '39'.
parse error line 2 at position 41,573 near '39'.
parse error line 2 at position 41,595 near '39'.
parse error line 2 at position 41,666 near '39'.
parse error line 2 at position 41,877 near '39'.
parse error line 2 at position 42,583 near '39'.
parse error line 2 at position 42,944 near '39'.
parse error line 2 at position 43,789 near '39'.
parse error line 2 at position 48,238 near '<EOF>'.
[2026-04-19T06:29:30.242+0000] {taskinstance.py:1138} INFO - Marking task as UP_FOR_RETRY. dag_id=spam_email_etl, task_id=load_csv_to_snowflake, execution_date=20260418T000000, start_date=20260419T062927, end_date=20260419T062930
[2026-04-19T06:29:30.257+0000] {standard_task_runner.py:107} ERROR - Failed to execute job 247 for task load_csv_to_snowflake (Failed to load data: 001003 (42000): 01c3cec5-0208-8ad3-001b-e5430055b32e: SQL compilation error:
syntax error line 2 at position 40,610 unexpected 't'.
parse error line 2 at position 40,908 near '39'.
parse error line 2 at position 41,053 near '39'.
syntax error line 2 at position 41,175 unexpected 'wait'.
syntax error line 2 at position 41,180 unexpected 'chikku'.
parse error line 2 at position 41,234 near '39'.
parse error line 2 at position 41,302 near '39'.
parse error line 2 at position 41,573 near '39'.
parse error line 2 at position 41,595 near '39'.
parse error line 2 at position 41,666 near '39'.
parse error line 2 at position 41,877 near '39'.
parse error line 2 at position 42,583 near '39'.
parse error line 2 at position 42,944 near '39'.
parse error line 2 at position 43,789 near '39'.
parse error line 2 at position 48,238 near '<EOF>'.; 263)
[2026-04-19T06:29:30.294+0000] {local_task_job_runner.py:234} INFO - Task exited with return code 1
[2026-04-19T06:29:30.316+0000] {taskinstance.py:3280} INFO - 0 downstream tasks scheduled from follow-on schedule check
