[2026-04-19T06:00:07.790+0000] {taskinstance.py:1956} INFO - Dependencies all met for dep_context=non-requeueable deps ti=<TaskInstance: spam_email_etl.load_csv_to_snowflake scheduled__2026-04-18T00:00:00+00:00 [queued]>
[2026-04-19T06:00:07.795+0000] {taskinstance.py:1956} INFO - Dependencies all met for dep_context=requeueable deps ti=<TaskInstance: spam_email_etl.load_csv_to_snowflake scheduled__2026-04-18T00:00:00+00:00 [queued]>
[2026-04-19T06:00:07.795+0000] {taskinstance.py:2170} INFO - Starting attempt 1 of 2
[2026-04-19T06:00:07.802+0000] {taskinstance.py:2191} INFO - Executing <Task(PythonOperator): load_csv_to_snowflake> on 2026-04-18 00:00:00+00:00
[2026-04-19T06:00:07.805+0000] {standard_task_runner.py:60} INFO - Started process 152 to run task
[2026-04-19T06:00:07.807+0000] {standard_task_runner.py:87} INFO - Running: ['***', 'tasks', 'run', 'spam_email_etl', 'load_csv_to_snowflake', 'scheduled__2026-04-18T00:00:00+00:00', '--job-id', '210', '--raw', '--subdir', 'DAGS_FOLDER/spam_email_etl.py', '--cfg-path', '/tmp/tmp7jvsekmc']
[2026-04-19T06:00:07.809+0000] {standard_task_runner.py:88} INFO - Job 210: Subtask load_csv_to_snowflake
[2026-04-19T06:00:07.838+0000] {task_command.py:423} INFO - Running <TaskInstance: spam_email_etl.load_csv_to_snowflake scheduled__2026-04-18T00:00:00+00:00 [running]> on host 4589d7dcd571
[2026-04-19T06:00:07.880+0000] {taskinstance.py:2480} INFO - Exporting env vars: AIRFLOW_CTX_DAG_OWNER='***' AIRFLOW_CTX_DAG_ID='spam_email_etl' AIRFLOW_CTX_TASK_ID='load_csv_to_snowflake' AIRFLOW_CTX_EXECUTION_DATE='2026-04-18T00:00:00+00:00' AIRFLOW_CTX_TRY_NUMBER='1' AIRFLOW_CTX_DAG_RUN_ID='scheduled__2026-04-18T00:00:00+00:00'
[2026-04-19T06:00:07.885+0000] {base.py:83} INFO - Using connection ID 'snowflake_default' for task execution.
[2026-04-19T06:00:07.886+0000] {connection.py:370} INFO - Snowflake Connector for Python Version: 3.6.0, Python Version: 3.8.18, Platform: Linux-6.12.68-linuxkit-aarch64-with-glibc2.34
[2026-04-19T06:00:07.886+0000] {connection.py:1171} INFO - This connection is in OCSP Fail Open Mode. TLS Certificates would be checked for validity and revocation status. Any other Certificate Revocation related exceptions or OCSP Responder failures would be disregarded in favor of connectivity.
[2026-04-19T06:00:08.126+0000] {taskinstance.py:2698} ERROR - Task failed with exception
Traceback (most recent call last):
  File "/home/airflow/.local/lib/python3.8/site-packages/airflow/models/taskinstance.py", line 433, in _execute_task
    result = execute_callable(context=context, **execute_callable_kwargs)
  File "/home/airflow/.local/lib/python3.8/site-packages/airflow/operators/python.py", line 199, in execute
    return_value = self.execute_callable()
  File "/home/airflow/.local/lib/python3.8/site-packages/airflow/operators/python.py", line 216, in execute_callable
    return self.python_callable(*self.op_args, **self.op_kwargs)
  File "/opt/airflow/dags/spam_email_etl.py", line 16, in load_csv_to_snowflake
    conn = hook.get_conn()
  File "/home/airflow/.local/lib/python3.8/site-packages/airflow/providers/snowflake/hooks/snowflake.py", line 276, in get_conn
    conn = connector.connect(**conn_config)
  File "/home/airflow/.local/lib/python3.8/site-packages/snowflake/connector/__init__.py", line 54, in Connect
    return SnowflakeConnection(**kwargs)
  File "/home/airflow/.local/lib/python3.8/site-packages/snowflake/connector/connection.py", line 413, in __init__
    self.connect(**kwargs)
  File "/home/airflow/.local/lib/python3.8/site-packages/snowflake/connector/connection.py", line 703, in connect
    self.__open_connection()
  File "/home/airflow/.local/lib/python3.8/site-packages/snowflake/connector/connection.py", line 1006, in __open_connection
    self.authenticate_with_retry(self.auth_class)
  File "/home/airflow/.local/lib/python3.8/site-packages/snowflake/connector/connection.py", line 1277, in authenticate_with_retry
    self._authenticate(auth_instance)
  File "/home/airflow/.local/lib/python3.8/site-packages/snowflake/connector/connection.py", line 1305, in _authenticate
    auth.authenticate(
  File "/home/airflow/.local/lib/python3.8/site-packages/snowflake/connector/auth/_auth.py", line 250, in authenticate
    ret = self._rest._post_request(
  File "/home/airflow/.local/lib/python3.8/site-packages/snowflake/connector/network.py", line 729, in _post_request
    ret = self.fetch(
  File "/home/airflow/.local/lib/python3.8/site-packages/snowflake/connector/network.py", line 838, in fetch
    ret = self._request_exec_wrapper(
  File "/home/airflow/.local/lib/python3.8/site-packages/snowflake/connector/network.py", line 974, in _request_exec_wrapper
    raise e
  File "/home/airflow/.local/lib/python3.8/site-packages/snowflake/connector/network.py", line 879, in _request_exec_wrapper
    return_object = self._request_exec(
  File "/home/airflow/.local/lib/python3.8/site-packages/snowflake/connector/network.py", line 1188, in _request_exec
    raise err
  File "/home/airflow/.local/lib/python3.8/site-packages/snowflake/connector/network.py", line 1130, in _request_exec
    raise_failed_request_error(
  File "/home/airflow/.local/lib/python3.8/site-packages/snowflake/connector/network.py", line 238, in raise_failed_request_error
    Error.errorhandler_wrapper(
  File "/home/airflow/.local/lib/python3.8/site-packages/snowflake/connector/errors.py", line 290, in errorhandler_wrapper
    handed_over = Error.hand_to_other_handler(
  File "/home/airflow/.local/lib/python3.8/site-packages/snowflake/connector/errors.py", line 348, in hand_to_other_handler
    connection.errorhandler(connection, cursor, error_class, error_value)
  File "/home/airflow/.local/lib/python3.8/site-packages/snowflake/connector/errors.py", line 221, in default_errorhandler
    raise error_class(
snowflake.connector.errors.InterfaceError: 250003 (08001): None: 404 Not Found: post https://sfdedu02.snowflakecomputing.com:443/session/v1/login-request?request_id=58f45ee5-d779-441c-afd8-98fcfb2b80ac&databaseName=USER_DB_RABBIT&schemaName=PUBLIC&warehouse=RABBIT_QUERY_WH&roleName=TRAINING_ROLE&request_guid=526a75eb-7a5e-4047-ae70-eb347148924f
[2026-04-19T06:00:08.131+0000] {taskinstance.py:1138} INFO - Marking task as UP_FOR_RETRY. dag_id=spam_email_etl, task_id=load_csv_to_snowflake, execution_date=20260418T000000, start_date=20260419T060007, end_date=20260419T060008
[2026-04-19T06:00:08.140+0000] {standard_task_runner.py:107} ERROR - Failed to execute job 210 for task load_csv_to_snowflake (250003 (08001): None: 404 Not Found: post https://sfdedu02.snowflakecomputing.com:443/session/v1/login-request?request_id=58f45ee5-d779-441c-afd8-98fcfb2b80ac&databaseName=USER_DB_RABBIT&schemaName=PUBLIC&warehouse=RABBIT_QUERY_WH&roleName=TRAINING_ROLE&request_guid=526a75eb-7a5e-4047-ae70-eb347148924f; 152)
[2026-04-19T06:00:08.154+0000] {local_task_job_runner.py:234} INFO - Task exited with return code 1
[2026-04-19T06:00:08.167+0000] {taskinstance.py:3280} INFO - 0 downstream tasks scheduled from follow-on schedule check
