[2026-04-20T23:51:05.676+0000] {taskinstance.py:1956} INFO - Dependencies all met for dep_context=non-requeueable deps ti=<TaskInstance: imdb_sentiment.train_linearsvc manual__2026-04-20T23:44:57.839856+00:00 [queued]>
[2026-04-20T23:51:05.685+0000] {taskinstance.py:1956} INFO - Dependencies all met for dep_context=requeueable deps ti=<TaskInstance: imdb_sentiment.train_linearsvc manual__2026-04-20T23:44:57.839856+00:00 [queued]>
[2026-04-20T23:51:05.686+0000] {taskinstance.py:2170} INFO - Starting attempt 2 of 2
[2026-04-20T23:51:05.698+0000] {taskinstance.py:2191} INFO - Executing <Task(_PythonDecoratedOperator): train_linearsvc> on 2026-04-20 23:44:57.839856+00:00
[2026-04-20T23:51:05.704+0000] {standard_task_runner.py:60} INFO - Started process 166 to run task
[2026-04-20T23:51:05.708+0000] {standard_task_runner.py:87} INFO - Running: ['***', 'tasks', 'run', 'imdb_sentiment', 'train_linearsvc', 'manual__2026-04-20T23:44:57.839856+00:00', '--job-id', '392', '--raw', '--subdir', 'DAGS_FOLDER/imdb_sentiment.py', '--cfg-path', '/tmp/tmp7zyioqr_']
[2026-04-20T23:51:05.710+0000] {standard_task_runner.py:88} INFO - Job 392: Subtask train_linearsvc
[2026-04-20T23:51:05.746+0000] {task_command.py:423} INFO - Running <TaskInstance: imdb_sentiment.train_linearsvc manual__2026-04-20T23:44:57.839856+00:00 [running]> on host c7d60cffcb05
[2026-04-20T23:51:05.801+0000] {taskinstance.py:2480} INFO - Exporting env vars: AIRFLOW_CTX_DAG_OWNER='ml-team' AIRFLOW_CTX_DAG_ID='imdb_sentiment' AIRFLOW_CTX_TASK_ID='train_linearsvc' AIRFLOW_CTX_EXECUTION_DATE='2026-04-20T23:44:57.839856+00:00' AIRFLOW_CTX_TRY_NUMBER='2' AIRFLOW_CTX_DAG_RUN_ID='manual__2026-04-20T23:44:57.839856+00:00'
[2026-04-20T23:51:05.822+0000] {logging_mixin.py:188} WARNING - 2026/04/20 23:51:05 INFO mlflow.tracking.fluent: Experiment with name 'imdb-sentiment-traditional' does not exist. Creating a new experiment.
[2026-04-20T23:51:05.835+0000] {taskinstance.py:2698} ERROR - Task failed with exception
Traceback (most recent call last):
  File "/home/airflow/.local/lib/python3.8/site-packages/airflow/models/taskinstance.py", line 433, in _execute_task
    result = execute_callable(context=context, **execute_callable_kwargs)
  File "/home/airflow/.local/lib/python3.8/site-packages/airflow/decorators/base.py", line 241, in execute
    return_value = super().execute(context)
  File "/home/airflow/.local/lib/python3.8/site-packages/airflow/operators/python.py", line 199, in execute
    return_value = self.execute_callable()
  File "/home/airflow/.local/lib/python3.8/site-packages/airflow/operators/python.py", line 216, in execute_callable
    return self.python_callable(*self.op_args, **self.op_kwargs)
  File "/opt/airflow/dags/imdb_sentiment.py", line 141, in train_linearsvc
    return _run_candidate(
  File "/opt/airflow/dags/imdb_sentiment.py", line 94, in _run_candidate
    mlflow.set_experiment(EXPERIMENT_NAME)
  File "/home/airflow/.local/lib/python3.8/site-packages/mlflow/tracking/fluent.py", line 154, in set_experiment
    experiment_id = client.create_experiment(experiment_name)
  File "/home/airflow/.local/lib/python3.8/site-packages/mlflow/tracking/client.py", line 1310, in create_experiment
    return self._tracking_client.create_experiment(name, artifact_location, tags)
  File "/home/airflow/.local/lib/python3.8/site-packages/mlflow/tracking/_tracking_service/client.py", line 518, in create_experiment
    return self.store.create_experiment(
  File "/home/airflow/.local/lib/python3.8/site-packages/mlflow/store/tracking/rest_store.py", line 123, in create_experiment
    response_proto = self._call_endpoint(CreateExperiment, req_body)
  File "/home/airflow/.local/lib/python3.8/site-packages/mlflow/store/tracking/rest_store.py", line 82, in _call_endpoint
    return call_endpoint(self.get_host_creds(), endpoint, method, json_body, response_proto)
  File "/home/airflow/.local/lib/python3.8/site-packages/mlflow/utils/rest_utils.py", line 370, in call_endpoint
    response = verify_rest_response(response, endpoint)
  File "/home/airflow/.local/lib/python3.8/site-packages/mlflow/utils/rest_utils.py", line 240, in verify_rest_response
    raise RestException(json.loads(response.text))
mlflow.exceptions.RestException: RESOURCE_ALREADY_EXISTS: Experiment(name=imdb-sentiment-traditional) already exists. Error: (raised as a result of Query-invoked autoflush; consider using a session.no_autoflush block if this flush is occurring prematurely)
(sqlite3.IntegrityError) UNIQUE constraint failed: experiments.name
[SQL: INSERT INTO experiments (name, artifact_location, lifecycle_stage, creation_time, last_update_time) VALUES (?, ?, ?, ?, ?)]
[parameters: ('imdb-sentiment-traditional', '', 'active', 1776729065827, 1776729065827)]
(Background on this error at: https://sqlalche.me/e/20/gkpj)
[2026-04-20T23:51:05.842+0000] {taskinstance.py:1138} INFO - Marking task as FAILED. dag_id=imdb_sentiment, task_id=train_linearsvc, execution_date=20260420T234457, start_date=20260420T235105, end_date=20260420T235105
[2026-04-20T23:51:05.850+0000] {standard_task_runner.py:107} ERROR - Failed to execute job 392 for task train_linearsvc (RESOURCE_ALREADY_EXISTS: Experiment(name=imdb-sentiment-traditional) already exists. Error: (raised as a result of Query-invoked autoflush; consider using a session.no_autoflush block if this flush is occurring prematurely)
(sqlite3.IntegrityError) UNIQUE constraint failed: experiments.name
[SQL: INSERT INTO experiments (name, artifact_location, lifecycle_stage, creation_time, last_update_time) VALUES (?, ?, ?, ?, ?)]
[parameters: ('imdb-sentiment-traditional', '', 'active', 1776729065827, 1776729065827)]
(Background on this error at: https://sqlalche.me/e/20/gkpj); 166)
[2026-04-20T23:51:05.887+0000] {local_task_job_runner.py:234} INFO - Task exited with return code 1
[2026-04-20T23:51:05.913+0000] {taskinstance.py:3280} INFO - 0 downstream tasks scheduled from follow-on schedule check
