[2026-04-19T20:05:04.617+0000] {taskinstance.py:1956} INFO - Dependencies all met for dep_context=non-requeueable deps ti=<TaskInstance: dbt_spam_pipeline.dbt_run manual__2026-04-19T19:59:58.855316+00:00 [queued]>
[2026-04-19T20:05:04.623+0000] {taskinstance.py:1956} INFO - Dependencies all met for dep_context=requeueable deps ti=<TaskInstance: dbt_spam_pipeline.dbt_run manual__2026-04-19T19:59:58.855316+00:00 [queued]>
[2026-04-19T20:05:04.624+0000] {taskinstance.py:2170} INFO - Starting attempt 4 of 5
[2026-04-19T20:05:04.631+0000] {taskinstance.py:2191} INFO - Executing <Task(BashOperator): dbt_run> on 2026-04-19 19:59:58.855316+00:00
[2026-04-19T20:05:04.634+0000] {standard_task_runner.py:60} INFO - Started process 297 to run task
[2026-04-19T20:05:04.636+0000] {standard_task_runner.py:87} INFO - Running: ['***', 'tasks', 'run', 'dbt_spam_pipeline', 'dbt_run', 'manual__2026-04-19T19:59:58.855316+00:00', '--job-id', '304', '--raw', '--subdir', 'DAGS_FOLDER/dbt_dag.py', '--cfg-path', '/tmp/tmpsalqri4q']
[2026-04-19T20:05:04.637+0000] {standard_task_runner.py:88} INFO - Job 304: Subtask dbt_run
[2026-04-19T20:05:04.667+0000] {task_command.py:423} INFO - Running <TaskInstance: dbt_spam_pipeline.dbt_run manual__2026-04-19T19:59:58.855316+00:00 [running]> on host 200fc1c16217
[2026-04-19T20:05:04.705+0000] {taskinstance.py:2480} INFO - Exporting env vars: AIRFLOW_CTX_DAG_OWNER='***' AIRFLOW_CTX_DAG_ID='dbt_spam_pipeline' AIRFLOW_CTX_TASK_ID='dbt_run' AIRFLOW_CTX_EXECUTION_DATE='2026-04-19T19:59:58.855316+00:00' AIRFLOW_CTX_TRY_NUMBER='4' AIRFLOW_CTX_DAG_RUN_ID='manual__2026-04-19T19:59:58.855316+00:00'
[2026-04-19T20:05:04.706+0000] {subprocess.py:63} INFO - Tmp dir root location: /tmp
[2026-04-19T20:05:04.707+0000] {subprocess.py:75} INFO - Running command: ['/usr/bin/bash', '-c', '/usr/local/bin/dbt run --project-dir /opt/***/dags/spam_detection_dbt --profiles-dir /opt/***/dags/dbt_profiles']
[2026-04-19T20:05:04.712+0000] {subprocess.py:86} INFO - Output:
[2026-04-19T20:05:04.728+0000] {subprocess.py:93} INFO - /usr/local/bin/python3: No module named dbt
[2026-04-19T20:05:04.730+0000] {subprocess.py:97} INFO - Command exited with return code 1
[2026-04-19T20:05:04.736+0000] {taskinstance.py:2698} ERROR - Task failed with exception
Traceback (most recent call last):
  File "/home/airflow/.local/lib/python3.8/site-packages/airflow/models/taskinstance.py", line 433, in _execute_task
    result = execute_callable(context=context, **execute_callable_kwargs)
  File "/home/airflow/.local/lib/python3.8/site-packages/airflow/operators/bash.py", line 212, in execute
    raise AirflowException(
airflow.exceptions.AirflowException: Bash command failed. The command returned a non-zero exit code 1.
[2026-04-19T20:05:04.738+0000] {taskinstance.py:1138} INFO - Marking task as UP_FOR_RETRY. dag_id=dbt_spam_pipeline, task_id=dbt_run, execution_date=20260419T195958, start_date=20260419T200504, end_date=20260419T200504
[2026-04-19T20:05:04.745+0000] {standard_task_runner.py:107} ERROR - Failed to execute job 304 for task dbt_run (Bash command failed. The command returned a non-zero exit code 1.; 297)
[2026-04-19T20:05:04.779+0000] {local_task_job_runner.py:234} INFO - Task exited with return code 1
[2026-04-19T20:05:04.793+0000] {taskinstance.py:3280} INFO - 0 downstream tasks scheduled from follow-on schedule check
