[2026-04-19T19:59:59.295+0000] {taskinstance.py:1956} INFO - Dependencies all met for dep_context=non-requeueable deps ti=<TaskInstance: dbt_spam_pipeline.dbt_run manual__2026-04-19T19:59:58.855316+00:00 [queued]>
[2026-04-19T19:59:59.301+0000] {taskinstance.py:1956} INFO - Dependencies all met for dep_context=requeueable deps ti=<TaskInstance: dbt_spam_pipeline.dbt_run manual__2026-04-19T19:59:58.855316+00:00 [queued]>
[2026-04-19T19:59:59.302+0000] {taskinstance.py:2170} INFO - Starting attempt 1 of 2
[2026-04-19T19:59:59.314+0000] {taskinstance.py:2191} INFO - Executing <Task(BashOperator): dbt_run> on 2026-04-19 19:59:58.855316+00:00
[2026-04-19T19:59:59.316+0000] {standard_task_runner.py:60} INFO - Started process 207 to run task
[2026-04-19T19:59:59.319+0000] {standard_task_runner.py:87} INFO - Running: ['***', 'tasks', 'run', 'dbt_spam_pipeline', 'dbt_run', 'manual__2026-04-19T19:59:58.855316+00:00', '--job-id', '285', '--raw', '--subdir', 'DAGS_FOLDER/dbt_dag.py', '--cfg-path', '/tmp/tmpfz3rm92p']
[2026-04-19T19:59:59.320+0000] {standard_task_runner.py:88} INFO - Job 285: Subtask dbt_run
[2026-04-19T19:59:59.351+0000] {task_command.py:423} INFO - Running <TaskInstance: dbt_spam_pipeline.dbt_run manual__2026-04-19T19:59:58.855316+00:00 [running]> on host 200fc1c16217
[2026-04-19T19:59:59.397+0000] {taskinstance.py:2480} INFO - Exporting env vars: AIRFLOW_CTX_DAG_OWNER='***' AIRFLOW_CTX_DAG_ID='dbt_spam_pipeline' AIRFLOW_CTX_TASK_ID='dbt_run' AIRFLOW_CTX_EXECUTION_DATE='2026-04-19T19:59:58.855316+00:00' AIRFLOW_CTX_TRY_NUMBER='1' AIRFLOW_CTX_DAG_RUN_ID='manual__2026-04-19T19:59:58.855316+00:00'
[2026-04-19T19:59:59.399+0000] {subprocess.py:63} INFO - Tmp dir root location: /tmp
[2026-04-19T19:59:59.399+0000] {subprocess.py:75} INFO - Running command: ['/usr/bin/bash', '-c', '/root/.local/bin/dbt run --project-dir /opt/***/dags/spam_detection_dbt --profiles-dir /opt/***/dags/dbt_profiles']
[2026-04-19T19:59:59.405+0000] {subprocess.py:86} INFO - Output:
[2026-04-19T19:59:59.406+0000] {subprocess.py:93} INFO - /usr/bin/bash: line 1: /root/.local/bin/dbt: Permission denied
[2026-04-19T19:59:59.407+0000] {subprocess.py:97} INFO - Command exited with return code 126
[2026-04-19T19:59:59.415+0000] {taskinstance.py:2698} ERROR - Task failed with exception
Traceback (most recent call last):
  File "/home/airflow/.local/lib/python3.8/site-packages/airflow/models/taskinstance.py", line 433, in _execute_task
    result = execute_callable(context=context, **execute_callable_kwargs)
  File "/home/airflow/.local/lib/python3.8/site-packages/airflow/operators/bash.py", line 212, in execute
    raise AirflowException(
airflow.exceptions.AirflowException: Bash command failed. The command returned a non-zero exit code 126.
[2026-04-19T19:59:59.417+0000] {taskinstance.py:1138} INFO - Marking task as UP_FOR_RETRY. dag_id=dbt_spam_pipeline, task_id=dbt_run, execution_date=20260419T195958, start_date=20260419T195959, end_date=20260419T195959
[2026-04-19T19:59:59.425+0000] {standard_task_runner.py:107} ERROR - Failed to execute job 285 for task dbt_run (Bash command failed. The command returned a non-zero exit code 126.; 207)
[2026-04-19T19:59:59.458+0000] {local_task_job_runner.py:234} INFO - Task exited with return code 1
[2026-04-19T19:59:59.475+0000] {taskinstance.py:3280} INFO - 0 downstream tasks scheduled from follow-on schedule check
