[2026-04-19T20:13:00.628+0000] {taskinstance.py:1956} INFO - Dependencies all met for dep_context=non-requeueable deps ti=<TaskInstance: dbt_spam_pipeline.dbt_run manual__2026-04-19T19:59:58.855316+00:00 [queued]>
[2026-04-19T20:13:00.634+0000] {taskinstance.py:1956} INFO - Dependencies all met for dep_context=requeueable deps ti=<TaskInstance: dbt_spam_pipeline.dbt_run manual__2026-04-19T19:59:58.855316+00:00 [queued]>
[2026-04-19T20:13:00.635+0000] {taskinstance.py:2170} INFO - Starting attempt 6 of 7
[2026-04-19T20:13:00.643+0000] {taskinstance.py:2191} INFO - Executing <Task(BashOperator): dbt_run> on 2026-04-19 19:59:58.855316+00:00
[2026-04-19T20:13:00.646+0000] {standard_task_runner.py:60} INFO - Started process 600 to run task
[2026-04-19T20:13:00.651+0000] {standard_task_runner.py:87} INFO - Running: ['***', 'tasks', 'run', 'dbt_spam_pipeline', 'dbt_run', 'manual__2026-04-19T19:59:58.855316+00:00', '--job-id', '316', '--raw', '--subdir', 'DAGS_FOLDER/dbt_dag.py', '--cfg-path', '/tmp/tmp9qai8uw6']
[2026-04-19T20:13:00.653+0000] {standard_task_runner.py:88} INFO - Job 316: Subtask dbt_run
[2026-04-19T20:13:00.686+0000] {task_command.py:423} INFO - Running <TaskInstance: dbt_spam_pipeline.dbt_run manual__2026-04-19T19:59:58.855316+00:00 [running]> on host 200fc1c16217
[2026-04-19T20:13:00.729+0000] {taskinstance.py:2480} INFO - Exporting env vars: AIRFLOW_CTX_DAG_OWNER='***' AIRFLOW_CTX_DAG_ID='dbt_spam_pipeline' AIRFLOW_CTX_TASK_ID='dbt_run' AIRFLOW_CTX_EXECUTION_DATE='2026-04-19T19:59:58.855316+00:00' AIRFLOW_CTX_TRY_NUMBER='6' AIRFLOW_CTX_DAG_RUN_ID='manual__2026-04-19T19:59:58.855316+00:00'
[2026-04-19T20:13:00.730+0000] {subprocess.py:63} INFO - Tmp dir root location: /tmp
[2026-04-19T20:13:00.730+0000] {subprocess.py:75} INFO - Running command: ['/usr/bin/bash', '-c', '/usr/local/bin/dbt run --project-dir /opt/***/dags/spam_detection_dbt --profiles-dir /opt/***/dags/dbt_profiles']
[2026-04-19T20:13:00.735+0000] {subprocess.py:86} INFO - Output:
[2026-04-19T20:13:02.577+0000] {subprocess.py:93} INFO - [0m20:13:02  Running with dbt=1.8.7
[2026-04-19T20:13:03.370+0000] {subprocess.py:93} INFO - [0m20:13:03  Registered adapter: snowflake=1.8.4
[2026-04-19T20:13:03.547+0000] {subprocess.py:93} INFO - [0m20:13:03  [[33mWARNING[0m]: Configuration paths exist in your dbt_project.yml file which do not apply to any resources.
[2026-04-19T20:13:03.548+0000] {subprocess.py:93} INFO - There are 1 unused configuration paths:
[2026-04-19T20:13:03.548+0000] {subprocess.py:93} INFO - - models.spam_detection_dbt.example
[2026-04-19T20:13:03.902+0000] {subprocess.py:93} INFO - [0m20:13:03  Found 2 models, 1 snapshot, 1 operation, 5 data tests, 1 source, 454 macros
[2026-04-19T20:13:03.904+0000] {subprocess.py:93} INFO - [0m20:13:03
[2026-04-19T20:13:04.931+0000] {subprocess.py:93} INFO - [0m20:13:04
[2026-04-19T20:13:04.932+0000] {subprocess.py:93} INFO - [0m20:13:04  Running 1 on-run-start hook
[2026-04-19T20:13:04.946+0000] {subprocess.py:93} INFO - [0m20:13:04  1 of 1 START hook: spam_detection_dbt.on-run-start.0 ........................... [RUN]
[2026-04-19T20:13:05.303+0000] {subprocess.py:93} INFO - [0m20:13:05  1 of 1 OK hook: spam_detection_dbt.on-run-start.0 .............................. [[32mSUCCESS 1[0m in 0.36s]
[2026-04-19T20:13:05.303+0000] {subprocess.py:93} INFO - [0m20:13:05
[2026-04-19T20:13:05.447+0000] {subprocess.py:93} INFO - [0m20:13:05  Concurrency: 1 threads (target='dev')
[2026-04-19T20:13:05.447+0000] {subprocess.py:93} INFO - [0m20:13:05
[2026-04-19T20:13:05.454+0000] {subprocess.py:93} INFO - [0m20:13:05  1 of 2 START sql table model PUBLIC.spam_summary ............................... [RUN]
[2026-04-19T20:13:06.915+0000] {subprocess.py:93} INFO - [0m20:13:06  1 of 2 OK created sql table model PUBLIC.spam_summary .......................... [[32mSUCCESS 1[0m in 1.46s]
[2026-04-19T20:13:06.916+0000] {subprocess.py:93} INFO - [0m20:13:06  2 of 2 START sql view model PUBLIC.stg_spam_emails ............................. [RUN]
[2026-04-19T20:13:07.940+0000] {subprocess.py:93} INFO - [0m20:13:07  2 of 2 OK created sql view model PUBLIC.stg_spam_emails ........................ [[32mSUCCESS 1[0m in 1.02s]
[2026-04-19T20:13:07.942+0000] {subprocess.py:93} INFO - [0m20:13:07
[2026-04-19T20:13:07.943+0000] {subprocess.py:93} INFO - [0m20:13:07  Finished running 1 table model, 1 view model, 1 project hook in 0 hours 0 minutes and 4.04 seconds (4.04s).
[2026-04-19T20:13:07.978+0000] {subprocess.py:93} INFO - [0m20:13:07
[2026-04-19T20:13:07.978+0000] {subprocess.py:93} INFO - [0m20:13:07  [32mCompleted successfully[0m
[2026-04-19T20:13:07.979+0000] {subprocess.py:93} INFO - [0m20:13:07
[2026-04-19T20:13:07.979+0000] {subprocess.py:93} INFO - [0m20:13:07  Done. PASS=2 WARN=0 ERROR=0 SKIP=0 TOTAL=2
[2026-04-19T20:13:08.596+0000] {subprocess.py:97} INFO - Command exited with return code 0
[2026-04-19T20:13:08.614+0000] {taskinstance.py:1138} INFO - Marking task as SUCCESS. dag_id=dbt_spam_pipeline, task_id=dbt_run, execution_date=20260419T195958, start_date=20260419T201300, end_date=20260419T201308
[2026-04-19T20:13:08.645+0000] {local_task_job_runner.py:234} INFO - Task exited with return code 0
[2026-04-19T20:13:08.662+0000] {taskinstance.py:3280} INFO - 1 downstream tasks scheduled from follow-on schedule check
