[2026-04-18T06:32:59.095+0000] {processor.py:161} INFO - Started process (PID=42) to work on /opt/airflow/dags/country_capital_etl.py
[2026-04-18T06:32:59.095+0000] {processor.py:830} INFO - Processing file /opt/airflow/dags/country_capital_etl.py for tasks to queue
[2026-04-18T06:32:59.097+0000] {logging_mixin.py:188} INFO - [2026-04-18T06:32:59.097+0000] {dagbag.py:538} INFO - Filling up the DagBag from /opt/airflow/dags/country_capital_etl.py
[2026-04-18T06:32:59.112+0000] {processor.py:840} INFO - DAG(s) 'country_capital_pipeline' retrieved from /opt/airflow/dags/country_capital_etl.py
[2026-04-18T06:32:59.129+0000] {logging_mixin.py:188} INFO - [2026-04-18T06:32:59.128+0000] {dag.py:3036} INFO - Sync 1 DAGs
[2026-04-18T06:32:59.153+0000] {logging_mixin.py:188} INFO - [2026-04-18T06:32:59.152+0000] {dag.py:3823} INFO - Setting next_dagrun for country_capital_pipeline to 2026-04-18 00:00:00+00:00, run_after=2026-04-19 00:00:00+00:00
[2026-04-18T06:32:59.172+0000] {processor.py:183} INFO - Processing /opt/airflow/dags/country_capital_etl.py took 0.080 seconds
[2026-04-18T06:33:29.499+0000] {processor.py:161} INFO - Started process (PID=54) to work on /opt/airflow/dags/country_capital_etl.py
[2026-04-18T06:33:29.499+0000] {processor.py:830} INFO - Processing file /opt/airflow/dags/country_capital_etl.py for tasks to queue
[2026-04-18T06:33:29.500+0000] {logging_mixin.py:188} INFO - [2026-04-18T06:33:29.500+0000] {dagbag.py:538} INFO - Filling up the DagBag from /opt/airflow/dags/country_capital_etl.py
[2026-04-18T06:33:29.508+0000] {processor.py:840} INFO - DAG(s) 'country_capital_pipeline' retrieved from /opt/airflow/dags/country_capital_etl.py
[2026-04-18T06:33:29.566+0000] {logging_mixin.py:188} INFO - [2026-04-18T06:33:29.566+0000] {dag.py:3036} INFO - Sync 1 DAGs
[2026-04-18T06:33:29.578+0000] {logging_mixin.py:188} INFO - [2026-04-18T06:33:29.577+0000] {dag.py:3823} INFO - Setting next_dagrun for country_capital_pipeline to 2026-04-18 00:00:00+00:00, run_after=2026-04-19 00:00:00+00:00
[2026-04-18T06:33:29.588+0000] {processor.py:183} INFO - Processing /opt/airflow/dags/country_capital_etl.py took 0.091 seconds
[2026-04-18T06:33:59.813+0000] {processor.py:161} INFO - Started process (PID=57) to work on /opt/airflow/dags/country_capital_etl.py
[2026-04-18T06:33:59.814+0000] {processor.py:830} INFO - Processing file /opt/airflow/dags/country_capital_etl.py for tasks to queue
[2026-04-18T06:33:59.815+0000] {logging_mixin.py:188} INFO - [2026-04-18T06:33:59.815+0000] {dagbag.py:538} INFO - Filling up the DagBag from /opt/airflow/dags/country_capital_etl.py
[2026-04-18T06:33:59.824+0000] {processor.py:840} INFO - DAG(s) 'country_capital_pipeline' retrieved from /opt/airflow/dags/country_capital_etl.py
[2026-04-18T06:33:59.841+0000] {logging_mixin.py:188} INFO - [2026-04-18T06:33:59.841+0000] {dag.py:3036} INFO - Sync 1 DAGs
[2026-04-18T06:33:59.855+0000] {logging_mixin.py:188} INFO - [2026-04-18T06:33:59.854+0000] {dag.py:3823} INFO - Setting next_dagrun for country_capital_pipeline to 2026-04-18 00:00:00+00:00, run_after=2026-04-19 00:00:00+00:00
[2026-04-18T06:33:59.864+0000] {processor.py:183} INFO - Processing /opt/airflow/dags/country_capital_etl.py took 0.054 seconds
[2026-04-18T06:34:30.128+0000] {processor.py:161} INFO - Started process (PID=60) to work on /opt/airflow/dags/country_capital_etl.py
[2026-04-18T06:34:30.129+0000] {processor.py:830} INFO - Processing file /opt/airflow/dags/country_capital_etl.py for tasks to queue
[2026-04-18T06:34:30.130+0000] {logging_mixin.py:188} INFO - [2026-04-18T06:34:30.130+0000] {dagbag.py:538} INFO - Filling up the DagBag from /opt/airflow/dags/country_capital_etl.py
[2026-04-18T06:34:30.139+0000] {processor.py:840} INFO - DAG(s) 'country_capital_pipeline' retrieved from /opt/airflow/dags/country_capital_etl.py
[2026-04-18T06:34:30.154+0000] {logging_mixin.py:188} INFO - [2026-04-18T06:34:30.153+0000] {dag.py:3036} INFO - Sync 1 DAGs
[2026-04-18T06:34:30.169+0000] {logging_mixin.py:188} INFO - [2026-04-18T06:34:30.169+0000] {dag.py:3823} INFO - Setting next_dagrun for country_capital_pipeline to 2026-04-18 00:00:00+00:00, run_after=2026-04-19 00:00:00+00:00
[2026-04-18T06:34:30.181+0000] {processor.py:183} INFO - Processing /opt/airflow/dags/country_capital_etl.py took 0.056 seconds
[2026-04-18T06:35:00.469+0000] {processor.py:161} INFO - Started process (PID=63) to work on /opt/airflow/dags/country_capital_etl.py
[2026-04-18T06:35:00.470+0000] {processor.py:830} INFO - Processing file /opt/airflow/dags/country_capital_etl.py for tasks to queue
[2026-04-18T06:35:00.472+0000] {logging_mixin.py:188} INFO - [2026-04-18T06:35:00.471+0000] {dagbag.py:538} INFO - Filling up the DagBag from /opt/airflow/dags/country_capital_etl.py
[2026-04-18T06:35:00.480+0000] {processor.py:840} INFO - DAG(s) 'country_capital_pipeline' retrieved from /opt/airflow/dags/country_capital_etl.py
[2026-04-18T06:35:00.496+0000] {logging_mixin.py:188} INFO - [2026-04-18T06:35:00.496+0000] {dag.py:3036} INFO - Sync 1 DAGs
[2026-04-18T06:35:00.509+0000] {logging_mixin.py:188} INFO - [2026-04-18T06:35:00.509+0000] {dag.py:3823} INFO - Setting next_dagrun for country_capital_pipeline to 2026-04-18 00:00:00+00:00, run_after=2026-04-19 00:00:00+00:00
[2026-04-18T06:35:00.519+0000] {processor.py:183} INFO - Processing /opt/airflow/dags/country_capital_etl.py took 0.052 seconds
[2026-04-18T06:35:30.859+0000] {processor.py:161} INFO - Started process (PID=66) to work on /opt/airflow/dags/country_capital_etl.py
[2026-04-18T06:35:30.859+0000] {processor.py:830} INFO - Processing file /opt/airflow/dags/country_capital_etl.py for tasks to queue
[2026-04-18T06:35:30.861+0000] {logging_mixin.py:188} INFO - [2026-04-18T06:35:30.861+0000] {dagbag.py:538} INFO - Filling up the DagBag from /opt/airflow/dags/country_capital_etl.py
[2026-04-18T06:35:30.869+0000] {processor.py:840} INFO - DAG(s) 'country_capital_pipeline' retrieved from /opt/airflow/dags/country_capital_etl.py
[2026-04-18T06:35:30.886+0000] {logging_mixin.py:188} INFO - [2026-04-18T06:35:30.886+0000] {dag.py:3036} INFO - Sync 1 DAGs
[2026-04-18T06:35:30.900+0000] {logging_mixin.py:188} INFO - [2026-04-18T06:35:30.900+0000] {dag.py:3823} INFO - Setting next_dagrun for country_capital_pipeline to 2026-04-18 00:00:00+00:00, run_after=2026-04-19 00:00:00+00:00
[2026-04-18T06:35:30.910+0000] {processor.py:183} INFO - Processing /opt/airflow/dags/country_capital_etl.py took 0.054 seconds
[2026-04-18T06:36:01.204+0000] {processor.py:161} INFO - Started process (PID=69) to work on /opt/airflow/dags/country_capital_etl.py
[2026-04-18T06:36:01.204+0000] {processor.py:830} INFO - Processing file /opt/airflow/dags/country_capital_etl.py for tasks to queue
[2026-04-18T06:36:01.206+0000] {logging_mixin.py:188} INFO - [2026-04-18T06:36:01.205+0000] {dagbag.py:538} INFO - Filling up the DagBag from /opt/airflow/dags/country_capital_etl.py
[2026-04-18T06:36:01.214+0000] {processor.py:840} INFO - DAG(s) 'country_capital_pipeline' retrieved from /opt/airflow/dags/country_capital_etl.py
[2026-04-18T06:36:01.229+0000] {logging_mixin.py:188} INFO - [2026-04-18T06:36:01.229+0000] {dag.py:3036} INFO - Sync 1 DAGs
[2026-04-18T06:36:01.242+0000] {logging_mixin.py:188} INFO - [2026-04-18T06:36:01.242+0000] {dag.py:3823} INFO - Setting next_dagrun for country_capital_pipeline to 2026-04-18 00:00:00+00:00, run_after=2026-04-19 00:00:00+00:00
[2026-04-18T06:36:01.253+0000] {processor.py:183} INFO - Processing /opt/airflow/dags/country_capital_etl.py took 0.052 seconds
[2026-04-18T06:36:31.552+0000] {processor.py:161} INFO - Started process (PID=72) to work on /opt/airflow/dags/country_capital_etl.py
[2026-04-18T06:36:31.553+0000] {processor.py:830} INFO - Processing file /opt/airflow/dags/country_capital_etl.py for tasks to queue
[2026-04-18T06:36:31.554+0000] {logging_mixin.py:188} INFO - [2026-04-18T06:36:31.554+0000] {dagbag.py:538} INFO - Filling up the DagBag from /opt/airflow/dags/country_capital_etl.py
[2026-04-18T06:36:31.562+0000] {processor.py:840} INFO - DAG(s) 'country_capital_pipeline' retrieved from /opt/airflow/dags/country_capital_etl.py
[2026-04-18T06:36:31.579+0000] {logging_mixin.py:188} INFO - [2026-04-18T06:36:31.579+0000] {dag.py:3036} INFO - Sync 1 DAGs
[2026-04-18T06:36:31.595+0000] {logging_mixin.py:188} INFO - [2026-04-18T06:36:31.595+0000] {dag.py:3823} INFO - Setting next_dagrun for country_capital_pipeline to 2026-04-18 00:00:00+00:00, run_after=2026-04-19 00:00:00+00:00
[2026-04-18T06:36:31.607+0000] {processor.py:183} INFO - Processing /opt/airflow/dags/country_capital_etl.py took 0.058 seconds
[2026-04-18T06:37:01.920+0000] {processor.py:161} INFO - Started process (PID=75) to work on /opt/airflow/dags/country_capital_etl.py
[2026-04-18T06:37:01.921+0000] {processor.py:830} INFO - Processing file /opt/airflow/dags/country_capital_etl.py for tasks to queue
[2026-04-18T06:37:01.922+0000] {logging_mixin.py:188} INFO - [2026-04-18T06:37:01.922+0000] {dagbag.py:538} INFO - Filling up the DagBag from /opt/airflow/dags/country_capital_etl.py
[2026-04-18T06:37:01.931+0000] {processor.py:840} INFO - DAG(s) 'country_capital_pipeline' retrieved from /opt/airflow/dags/country_capital_etl.py
[2026-04-18T06:37:01.946+0000] {logging_mixin.py:188} INFO - [2026-04-18T06:37:01.946+0000] {dag.py:3036} INFO - Sync 1 DAGs
[2026-04-18T06:37:01.960+0000] {logging_mixin.py:188} INFO - [2026-04-18T06:37:01.960+0000] {dag.py:3823} INFO - Setting next_dagrun for country_capital_pipeline to 2026-04-18 00:00:00+00:00, run_after=2026-04-19 00:00:00+00:00
[2026-04-18T06:37:01.970+0000] {processor.py:183} INFO - Processing /opt/airflow/dags/country_capital_etl.py took 0.052 seconds
[2026-04-18T06:37:32.266+0000] {processor.py:161} INFO - Started process (PID=78) to work on /opt/airflow/dags/country_capital_etl.py
[2026-04-18T06:37:32.267+0000] {processor.py:830} INFO - Processing file /opt/airflow/dags/country_capital_etl.py for tasks to queue
[2026-04-18T06:37:32.268+0000] {logging_mixin.py:188} INFO - [2026-04-18T06:37:32.268+0000] {dagbag.py:538} INFO - Filling up the DagBag from /opt/airflow/dags/country_capital_etl.py
[2026-04-18T06:37:32.276+0000] {processor.py:840} INFO - DAG(s) 'country_capital_pipeline' retrieved from /opt/airflow/dags/country_capital_etl.py
[2026-04-18T06:37:32.292+0000] {logging_mixin.py:188} INFO - [2026-04-18T06:37:32.292+0000] {dag.py:3036} INFO - Sync 1 DAGs
[2026-04-18T06:37:32.305+0000] {logging_mixin.py:188} INFO - [2026-04-18T06:37:32.305+0000] {dag.py:3823} INFO - Setting next_dagrun for country_capital_pipeline to 2026-04-18 00:00:00+00:00, run_after=2026-04-19 00:00:00+00:00
[2026-04-18T06:37:32.314+0000] {processor.py:183} INFO - Processing /opt/airflow/dags/country_capital_etl.py took 0.050 seconds
[2026-04-18T06:38:02.673+0000] {processor.py:161} INFO - Started process (PID=81) to work on /opt/airflow/dags/country_capital_etl.py
[2026-04-18T06:38:02.674+0000] {processor.py:830} INFO - Processing file /opt/airflow/dags/country_capital_etl.py for tasks to queue
[2026-04-18T06:38:02.676+0000] {logging_mixin.py:188} INFO - [2026-04-18T06:38:02.675+0000] {dagbag.py:538} INFO - Filling up the DagBag from /opt/airflow/dags/country_capital_etl.py
[2026-04-18T06:38:02.684+0000] {processor.py:840} INFO - DAG(s) 'country_capital_pipeline' retrieved from /opt/airflow/dags/country_capital_etl.py
[2026-04-18T06:38:02.701+0000] {logging_mixin.py:188} INFO - [2026-04-18T06:38:02.700+0000] {dag.py:3036} INFO - Sync 1 DAGs
[2026-04-18T06:38:02.715+0000] {logging_mixin.py:188} INFO - [2026-04-18T06:38:02.714+0000] {dag.py:3823} INFO - Setting next_dagrun for country_capital_pipeline to 2026-04-18 00:00:00+00:00, run_after=2026-04-19 00:00:00+00:00
[2026-04-18T06:38:02.726+0000] {processor.py:183} INFO - Processing /opt/airflow/dags/country_capital_etl.py took 0.055 seconds
[2026-04-18T06:38:33.037+0000] {processor.py:161} INFO - Started process (PID=84) to work on /opt/airflow/dags/country_capital_etl.py
[2026-04-18T06:38:33.038+0000] {processor.py:830} INFO - Processing file /opt/airflow/dags/country_capital_etl.py for tasks to queue
[2026-04-18T06:38:33.039+0000] {logging_mixin.py:188} INFO - [2026-04-18T06:38:33.039+0000] {dagbag.py:538} INFO - Filling up the DagBag from /opt/airflow/dags/country_capital_etl.py
[2026-04-18T06:38:33.048+0000] {processor.py:840} INFO - DAG(s) 'country_capital_pipeline' retrieved from /opt/airflow/dags/country_capital_etl.py
[2026-04-18T06:38:33.063+0000] {logging_mixin.py:188} INFO - [2026-04-18T06:38:33.063+0000] {dag.py:3036} INFO - Sync 1 DAGs
[2026-04-18T06:38:33.075+0000] {logging_mixin.py:188} INFO - [2026-04-18T06:38:33.075+0000] {dag.py:3823} INFO - Setting next_dagrun for country_capital_pipeline to 2026-04-18 00:00:00+00:00, run_after=2026-04-19 00:00:00+00:00
[2026-04-18T06:38:33.085+0000] {processor.py:183} INFO - Processing /opt/airflow/dags/country_capital_etl.py took 0.051 seconds
[2026-04-18T06:39:03.472+0000] {processor.py:161} INFO - Started process (PID=87) to work on /opt/airflow/dags/country_capital_etl.py
[2026-04-18T06:39:03.473+0000] {processor.py:830} INFO - Processing file /opt/airflow/dags/country_capital_etl.py for tasks to queue
[2026-04-18T06:39:03.475+0000] {logging_mixin.py:188} INFO - [2026-04-18T06:39:03.475+0000] {dagbag.py:538} INFO - Filling up the DagBag from /opt/airflow/dags/country_capital_etl.py
[2026-04-18T06:39:03.484+0000] {processor.py:840} INFO - DAG(s) 'country_capital_pipeline' retrieved from /opt/airflow/dags/country_capital_etl.py
[2026-04-18T06:39:03.502+0000] {logging_mixin.py:188} INFO - [2026-04-18T06:39:03.502+0000] {dag.py:3036} INFO - Sync 1 DAGs
[2026-04-18T06:39:03.518+0000] {logging_mixin.py:188} INFO - [2026-04-18T06:39:03.518+0000] {dag.py:3823} INFO - Setting next_dagrun for country_capital_pipeline to 2026-04-18 00:00:00+00:00, run_after=2026-04-19 00:00:00+00:00
[2026-04-18T06:39:03.530+0000] {processor.py:183} INFO - Processing /opt/airflow/dags/country_capital_etl.py took 0.061 seconds
[2026-04-18T06:39:33.843+0000] {processor.py:161} INFO - Started process (PID=90) to work on /opt/airflow/dags/country_capital_etl.py
[2026-04-18T06:39:33.844+0000] {processor.py:830} INFO - Processing file /opt/airflow/dags/country_capital_etl.py for tasks to queue
[2026-04-18T06:39:33.845+0000] {logging_mixin.py:188} INFO - [2026-04-18T06:39:33.845+0000] {dagbag.py:538} INFO - Filling up the DagBag from /opt/airflow/dags/country_capital_etl.py
[2026-04-18T06:39:33.853+0000] {processor.py:840} INFO - DAG(s) 'country_capital_pipeline' retrieved from /opt/airflow/dags/country_capital_etl.py
[2026-04-18T06:39:33.869+0000] {logging_mixin.py:188} INFO - [2026-04-18T06:39:33.868+0000] {dag.py:3036} INFO - Sync 1 DAGs
[2026-04-18T06:39:33.881+0000] {logging_mixin.py:188} INFO - [2026-04-18T06:39:33.881+0000] {dag.py:3823} INFO - Setting next_dagrun for country_capital_pipeline to 2026-04-18 00:00:00+00:00, run_after=2026-04-19 00:00:00+00:00
[2026-04-18T06:39:33.890+0000] {processor.py:183} INFO - Processing /opt/airflow/dags/country_capital_etl.py took 0.049 seconds
[2026-04-18T06:40:04.252+0000] {processor.py:161} INFO - Started process (PID=93) to work on /opt/airflow/dags/country_capital_etl.py
[2026-04-18T06:40:04.253+0000] {processor.py:830} INFO - Processing file /opt/airflow/dags/country_capital_etl.py for tasks to queue
[2026-04-18T06:40:04.255+0000] {logging_mixin.py:188} INFO - [2026-04-18T06:40:04.255+0000] {dagbag.py:538} INFO - Filling up the DagBag from /opt/airflow/dags/country_capital_etl.py
[2026-04-18T06:40:04.263+0000] {processor.py:840} INFO - DAG(s) 'country_capital_pipeline' retrieved from /opt/airflow/dags/country_capital_etl.py
[2026-04-18T06:40:04.280+0000] {logging_mixin.py:188} INFO - [2026-04-18T06:40:04.280+0000] {dag.py:3036} INFO - Sync 1 DAGs
[2026-04-18T06:40:04.294+0000] {logging_mixin.py:188} INFO - [2026-04-18T06:40:04.294+0000] {dag.py:3823} INFO - Setting next_dagrun for country_capital_pipeline to 2026-04-18 00:00:00+00:00, run_after=2026-04-19 00:00:00+00:00
[2026-04-18T06:40:04.303+0000] {processor.py:183} INFO - Processing /opt/airflow/dags/country_capital_etl.py took 0.054 seconds
[2026-04-18T06:40:34.695+0000] {processor.py:161} INFO - Started process (PID=96) to work on /opt/airflow/dags/country_capital_etl.py
[2026-04-18T06:40:34.696+0000] {processor.py:830} INFO - Processing file /opt/airflow/dags/country_capital_etl.py for tasks to queue
[2026-04-18T06:40:34.697+0000] {logging_mixin.py:188} INFO - [2026-04-18T06:40:34.697+0000] {dagbag.py:538} INFO - Filling up the DagBag from /opt/airflow/dags/country_capital_etl.py
[2026-04-18T06:40:34.708+0000] {processor.py:840} INFO - DAG(s) 'country_capital_pipeline' retrieved from /opt/airflow/dags/country_capital_etl.py
[2026-04-18T06:40:34.724+0000] {logging_mixin.py:188} INFO - [2026-04-18T06:40:34.724+0000] {dag.py:3036} INFO - Sync 1 DAGs
[2026-04-18T06:40:34.737+0000] {logging_mixin.py:188} INFO - [2026-04-18T06:40:34.737+0000] {dag.py:3823} INFO - Setting next_dagrun for country_capital_pipeline to 2026-04-18 00:00:00+00:00, run_after=2026-04-19 00:00:00+00:00
[2026-04-18T06:40:34.748+0000] {processor.py:183} INFO - Processing /opt/airflow/dags/country_capital_etl.py took 0.055 seconds
[2026-04-18T06:41:05.161+0000] {processor.py:161} INFO - Started process (PID=99) to work on /opt/airflow/dags/country_capital_etl.py
[2026-04-18T06:41:05.162+0000] {processor.py:830} INFO - Processing file /opt/airflow/dags/country_capital_etl.py for tasks to queue
[2026-04-18T06:41:05.164+0000] {logging_mixin.py:188} INFO - [2026-04-18T06:41:05.164+0000] {dagbag.py:538} INFO - Filling up the DagBag from /opt/airflow/dags/country_capital_etl.py
[2026-04-18T06:41:05.171+0000] {processor.py:840} INFO - DAG(s) 'country_capital_pipeline' retrieved from /opt/airflow/dags/country_capital_etl.py
[2026-04-18T06:41:05.187+0000] {logging_mixin.py:188} INFO - [2026-04-18T06:41:05.187+0000] {dag.py:3036} INFO - Sync 1 DAGs
[2026-04-18T06:41:05.200+0000] {logging_mixin.py:188} INFO - [2026-04-18T06:41:05.200+0000] {dag.py:3823} INFO - Setting next_dagrun for country_capital_pipeline to 2026-04-18 00:00:00+00:00, run_after=2026-04-19 00:00:00+00:00
[2026-04-18T06:41:05.209+0000] {processor.py:183} INFO - Processing /opt/airflow/dags/country_capital_etl.py took 0.051 seconds
[2026-04-18T06:41:35.629+0000] {processor.py:161} INFO - Started process (PID=102) to work on /opt/airflow/dags/country_capital_etl.py
[2026-04-18T06:41:35.630+0000] {processor.py:830} INFO - Processing file /opt/airflow/dags/country_capital_etl.py for tasks to queue
[2026-04-18T06:41:35.632+0000] {logging_mixin.py:188} INFO - [2026-04-18T06:41:35.631+0000] {dagbag.py:538} INFO - Filling up the DagBag from /opt/airflow/dags/country_capital_etl.py
[2026-04-18T06:41:35.639+0000] {processor.py:840} INFO - DAG(s) 'country_capital_pipeline' retrieved from /opt/airflow/dags/country_capital_etl.py
[2026-04-18T06:41:35.655+0000] {logging_mixin.py:188} INFO - [2026-04-18T06:41:35.655+0000] {dag.py:3036} INFO - Sync 1 DAGs
[2026-04-18T06:41:35.668+0000] {logging_mixin.py:188} INFO - [2026-04-18T06:41:35.667+0000] {dag.py:3823} INFO - Setting next_dagrun for country_capital_pipeline to 2026-04-18 00:00:00+00:00, run_after=2026-04-19 00:00:00+00:00
[2026-04-18T06:41:35.677+0000] {processor.py:183} INFO - Processing /opt/airflow/dags/country_capital_etl.py took 0.050 seconds
[2026-04-18T06:42:06.097+0000] {processor.py:161} INFO - Started process (PID=105) to work on /opt/airflow/dags/country_capital_etl.py
[2026-04-18T06:42:06.098+0000] {processor.py:830} INFO - Processing file /opt/airflow/dags/country_capital_etl.py for tasks to queue
[2026-04-18T06:42:06.100+0000] {logging_mixin.py:188} INFO - [2026-04-18T06:42:06.100+0000] {dagbag.py:538} INFO - Filling up the DagBag from /opt/airflow/dags/country_capital_etl.py
[2026-04-18T06:42:06.111+0000] {processor.py:840} INFO - DAG(s) 'country_capital_pipeline' retrieved from /opt/airflow/dags/country_capital_etl.py
[2026-04-18T06:42:06.127+0000] {logging_mixin.py:188} INFO - [2026-04-18T06:42:06.127+0000] {dag.py:3036} INFO - Sync 1 DAGs
[2026-04-18T06:42:06.140+0000] {logging_mixin.py:188} INFO - [2026-04-18T06:42:06.139+0000] {dag.py:3823} INFO - Setting next_dagrun for country_capital_pipeline to 2026-04-18 00:00:00+00:00, run_after=2026-04-19 00:00:00+00:00
[2026-04-18T06:42:06.149+0000] {processor.py:183} INFO - Processing /opt/airflow/dags/country_capital_etl.py took 0.054 seconds
[2026-04-18T06:42:36.524+0000] {processor.py:161} INFO - Started process (PID=108) to work on /opt/airflow/dags/country_capital_etl.py
[2026-04-18T06:42:36.525+0000] {processor.py:830} INFO - Processing file /opt/airflow/dags/country_capital_etl.py for tasks to queue
[2026-04-18T06:42:36.526+0000] {logging_mixin.py:188} INFO - [2026-04-18T06:42:36.526+0000] {dagbag.py:538} INFO - Filling up the DagBag from /opt/airflow/dags/country_capital_etl.py
[2026-04-18T06:42:36.535+0000] {processor.py:840} INFO - DAG(s) 'country_capital_pipeline' retrieved from /opt/airflow/dags/country_capital_etl.py
[2026-04-18T06:42:36.551+0000] {logging_mixin.py:188} INFO - [2026-04-18T06:42:36.550+0000] {dag.py:3036} INFO - Sync 1 DAGs
[2026-04-18T06:42:36.564+0000] {logging_mixin.py:188} INFO - [2026-04-18T06:42:36.563+0000] {dag.py:3823} INFO - Setting next_dagrun for country_capital_pipeline to 2026-04-18 00:00:00+00:00, run_after=2026-04-19 00:00:00+00:00
[2026-04-18T06:42:36.573+0000] {processor.py:183} INFO - Processing /opt/airflow/dags/country_capital_etl.py took 0.052 seconds
[2026-04-18T06:43:07.022+0000] {processor.py:161} INFO - Started process (PID=111) to work on /opt/airflow/dags/country_capital_etl.py
[2026-04-18T06:43:07.023+0000] {processor.py:830} INFO - Processing file /opt/airflow/dags/country_capital_etl.py for tasks to queue
[2026-04-18T06:43:07.024+0000] {logging_mixin.py:188} INFO - [2026-04-18T06:43:07.024+0000] {dagbag.py:538} INFO - Filling up the DagBag from /opt/airflow/dags/country_capital_etl.py
[2026-04-18T06:43:07.032+0000] {processor.py:840} INFO - DAG(s) 'country_capital_pipeline' retrieved from /opt/airflow/dags/country_capital_etl.py
[2026-04-18T06:43:07.047+0000] {logging_mixin.py:188} INFO - [2026-04-18T06:43:07.046+0000] {dag.py:3036} INFO - Sync 1 DAGs
[2026-04-18T06:43:07.061+0000] {logging_mixin.py:188} INFO - [2026-04-18T06:43:07.060+0000] {dag.py:3823} INFO - Setting next_dagrun for country_capital_pipeline to 2026-04-18 00:00:00+00:00, run_after=2026-04-19 00:00:00+00:00
[2026-04-18T06:43:07.071+0000] {processor.py:183} INFO - Processing /opt/airflow/dags/country_capital_etl.py took 0.052 seconds
[2026-04-18T06:43:37.490+0000] {processor.py:161} INFO - Started process (PID=114) to work on /opt/airflow/dags/country_capital_etl.py
[2026-04-18T06:43:37.491+0000] {processor.py:830} INFO - Processing file /opt/airflow/dags/country_capital_etl.py for tasks to queue
[2026-04-18T06:43:37.492+0000] {logging_mixin.py:188} INFO - [2026-04-18T06:43:37.492+0000] {dagbag.py:538} INFO - Filling up the DagBag from /opt/airflow/dags/country_capital_etl.py
[2026-04-18T06:43:37.505+0000] {processor.py:840} INFO - DAG(s) 'country_capital_pipeline' retrieved from /opt/airflow/dags/country_capital_etl.py
[2026-04-18T06:43:37.522+0000] {logging_mixin.py:188} INFO - [2026-04-18T06:43:37.522+0000] {dag.py:3036} INFO - Sync 1 DAGs
[2026-04-18T06:43:37.535+0000] {logging_mixin.py:188} INFO - [2026-04-18T06:43:37.535+0000] {dag.py:3823} INFO - Setting next_dagrun for country_capital_pipeline to 2026-04-18 00:00:00+00:00, run_after=2026-04-19 00:00:00+00:00
[2026-04-18T06:43:37.544+0000] {processor.py:183} INFO - Processing /opt/airflow/dags/country_capital_etl.py took 0.057 seconds
[2026-04-18T06:44:07.994+0000] {processor.py:161} INFO - Started process (PID=117) to work on /opt/airflow/dags/country_capital_etl.py
[2026-04-18T06:44:07.995+0000] {processor.py:830} INFO - Processing file /opt/airflow/dags/country_capital_etl.py for tasks to queue
[2026-04-18T06:44:07.998+0000] {logging_mixin.py:188} INFO - [2026-04-18T06:44:07.998+0000] {dagbag.py:538} INFO - Filling up the DagBag from /opt/airflow/dags/country_capital_etl.py
[2026-04-18T06:44:08.006+0000] {processor.py:840} INFO - DAG(s) 'country_capital_pipeline' retrieved from /opt/airflow/dags/country_capital_etl.py
[2026-04-18T06:44:08.022+0000] {logging_mixin.py:188} INFO - [2026-04-18T06:44:08.022+0000] {dag.py:3036} INFO - Sync 1 DAGs
[2026-04-18T06:44:08.035+0000] {logging_mixin.py:188} INFO - [2026-04-18T06:44:08.035+0000] {dag.py:3823} INFO - Setting next_dagrun for country_capital_pipeline to 2026-04-18 00:00:00+00:00, run_after=2026-04-19 00:00:00+00:00
[2026-04-18T06:44:08.045+0000] {processor.py:183} INFO - Processing /opt/airflow/dags/country_capital_etl.py took 0.053 seconds
[2026-04-18T06:44:38.459+0000] {processor.py:161} INFO - Started process (PID=120) to work on /opt/airflow/dags/country_capital_etl.py
[2026-04-18T06:44:38.461+0000] {processor.py:830} INFO - Processing file /opt/airflow/dags/country_capital_etl.py for tasks to queue
[2026-04-18T06:44:38.463+0000] {logging_mixin.py:188} INFO - [2026-04-18T06:44:38.462+0000] {dagbag.py:538} INFO - Filling up the DagBag from /opt/airflow/dags/country_capital_etl.py
[2026-04-18T06:44:38.473+0000] {processor.py:840} INFO - DAG(s) 'country_capital_pipeline' retrieved from /opt/airflow/dags/country_capital_etl.py
[2026-04-18T06:44:38.489+0000] {logging_mixin.py:188} INFO - [2026-04-18T06:44:38.488+0000] {dag.py:3036} INFO - Sync 1 DAGs
[2026-04-18T06:44:38.502+0000] {logging_mixin.py:188} INFO - [2026-04-18T06:44:38.502+0000] {dag.py:3823} INFO - Setting next_dagrun for country_capital_pipeline to 2026-04-18 00:00:00+00:00, run_after=2026-04-19 00:00:00+00:00
[2026-04-18T06:44:38.514+0000] {processor.py:183} INFO - Processing /opt/airflow/dags/country_capital_etl.py took 0.058 seconds
[2026-04-18T06:45:08.884+0000] {processor.py:161} INFO - Started process (PID=123) to work on /opt/airflow/dags/country_capital_etl.py
[2026-04-18T06:45:08.886+0000] {processor.py:830} INFO - Processing file /opt/airflow/dags/country_capital_etl.py for tasks to queue
[2026-04-18T06:45:08.888+0000] {logging_mixin.py:188} INFO - [2026-04-18T06:45:08.887+0000] {dagbag.py:538} INFO - Filling up the DagBag from /opt/airflow/dags/country_capital_etl.py
[2026-04-18T06:45:08.896+0000] {processor.py:840} INFO - DAG(s) 'country_capital_pipeline' retrieved from /opt/airflow/dags/country_capital_etl.py
[2026-04-18T06:45:08.913+0000] {logging_mixin.py:188} INFO - [2026-04-18T06:45:08.913+0000] {dag.py:3036} INFO - Sync 1 DAGs
[2026-04-18T06:45:08.929+0000] {logging_mixin.py:188} INFO - [2026-04-18T06:45:08.929+0000] {dag.py:3823} INFO - Setting next_dagrun for country_capital_pipeline to 2026-04-18 00:00:00+00:00, run_after=2026-04-19 00:00:00+00:00
[2026-04-18T06:45:08.940+0000] {processor.py:183} INFO - Processing /opt/airflow/dags/country_capital_etl.py took 0.059 seconds
[2026-04-18T06:45:39.305+0000] {processor.py:161} INFO - Started process (PID=126) to work on /opt/airflow/dags/country_capital_etl.py
[2026-04-18T06:45:39.306+0000] {processor.py:830} INFO - Processing file /opt/airflow/dags/country_capital_etl.py for tasks to queue
[2026-04-18T06:45:39.308+0000] {logging_mixin.py:188} INFO - [2026-04-18T06:45:39.308+0000] {dagbag.py:538} INFO - Filling up the DagBag from /opt/airflow/dags/country_capital_etl.py
[2026-04-18T06:45:39.316+0000] {processor.py:840} INFO - DAG(s) 'country_capital_pipeline' retrieved from /opt/airflow/dags/country_capital_etl.py
[2026-04-18T06:45:39.332+0000] {logging_mixin.py:188} INFO - [2026-04-18T06:45:39.332+0000] {dag.py:3036} INFO - Sync 1 DAGs
[2026-04-18T06:45:39.345+0000] {logging_mixin.py:188} INFO - [2026-04-18T06:45:39.344+0000] {dag.py:3823} INFO - Setting next_dagrun for country_capital_pipeline to 2026-04-18 00:00:00+00:00, run_after=2026-04-19 00:00:00+00:00
[2026-04-18T06:45:39.354+0000] {processor.py:183} INFO - Processing /opt/airflow/dags/country_capital_etl.py took 0.052 seconds
[2026-04-18T06:46:09.835+0000] {processor.py:161} INFO - Started process (PID=129) to work on /opt/airflow/dags/country_capital_etl.py
[2026-04-18T06:46:09.836+0000] {processor.py:830} INFO - Processing file /opt/airflow/dags/country_capital_etl.py for tasks to queue
[2026-04-18T06:46:09.837+0000] {logging_mixin.py:188} INFO - [2026-04-18T06:46:09.837+0000] {dagbag.py:538} INFO - Filling up the DagBag from /opt/airflow/dags/country_capital_etl.py
[2026-04-18T06:46:09.846+0000] {processor.py:840} INFO - DAG(s) 'country_capital_pipeline' retrieved from /opt/airflow/dags/country_capital_etl.py
[2026-04-18T06:46:09.865+0000] {logging_mixin.py:188} INFO - [2026-04-18T06:46:09.865+0000] {dag.py:3036} INFO - Sync 1 DAGs
[2026-04-18T06:46:09.880+0000] {logging_mixin.py:188} INFO - [2026-04-18T06:46:09.880+0000] {dag.py:3823} INFO - Setting next_dagrun for country_capital_pipeline to 2026-04-18 00:00:00+00:00, run_after=2026-04-19 00:00:00+00:00
[2026-04-18T06:46:09.892+0000] {processor.py:183} INFO - Processing /opt/airflow/dags/country_capital_etl.py took 0.058 seconds
[2026-04-18T07:09:13.120+0000] {processor.py:161} INFO - Started process (PID=132) to work on /opt/airflow/dags/country_capital_etl.py
[2026-04-18T07:09:13.122+0000] {processor.py:830} INFO - Processing file /opt/airflow/dags/country_capital_etl.py for tasks to queue
[2026-04-18T07:09:13.126+0000] {logging_mixin.py:188} INFO - [2026-04-18T07:09:13.126+0000] {dagbag.py:538} INFO - Filling up the DagBag from /opt/airflow/dags/country_capital_etl.py
[2026-04-18T07:09:13.159+0000] {processor.py:840} INFO - DAG(s) 'country_capital_pipeline' retrieved from /opt/airflow/dags/country_capital_etl.py
[2026-04-18T07:09:13.212+0000] {logging_mixin.py:188} INFO - [2026-04-18T07:09:13.211+0000] {dag.py:3036} INFO - Sync 1 DAGs
[2026-04-18T07:09:13.253+0000] {logging_mixin.py:188} INFO - [2026-04-18T07:09:13.253+0000] {dag.py:3823} INFO - Setting next_dagrun for country_capital_pipeline to 2026-04-18 00:00:00+00:00, run_after=2026-04-19 00:00:00+00:00
[2026-04-18T07:09:13.287+0000] {processor.py:183} INFO - Processing /opt/airflow/dags/country_capital_etl.py took 0.175 seconds
[2026-04-18T07:09:43.527+0000] {processor.py:161} INFO - Started process (PID=135) to work on /opt/airflow/dags/country_capital_etl.py
[2026-04-18T07:09:43.528+0000] {processor.py:830} INFO - Processing file /opt/airflow/dags/country_capital_etl.py for tasks to queue
[2026-04-18T07:09:43.530+0000] {logging_mixin.py:188} INFO - [2026-04-18T07:09:43.530+0000] {dagbag.py:538} INFO - Filling up the DagBag from /opt/airflow/dags/country_capital_etl.py
[2026-04-18T07:09:43.539+0000] {processor.py:840} INFO - DAG(s) 'country_capital_pipeline' retrieved from /opt/airflow/dags/country_capital_etl.py
[2026-04-18T07:09:43.554+0000] {logging_mixin.py:188} INFO - [2026-04-18T07:09:43.553+0000] {dag.py:3036} INFO - Sync 1 DAGs
[2026-04-18T07:09:43.567+0000] {logging_mixin.py:188} INFO - [2026-04-18T07:09:43.566+0000] {dag.py:3823} INFO - Setting next_dagrun for country_capital_pipeline to 2026-04-18 00:00:00+00:00, run_after=2026-04-19 00:00:00+00:00
[2026-04-18T07:09:43.576+0000] {processor.py:183} INFO - Processing /opt/airflow/dags/country_capital_etl.py took 0.051 seconds
[2026-04-18T08:46:45.068+0000] {processor.py:161} INFO - Started process (PID=138) to work on /opt/airflow/dags/country_capital_etl.py
[2026-04-18T08:46:45.069+0000] {processor.py:830} INFO - Processing file /opt/airflow/dags/country_capital_etl.py for tasks to queue
[2026-04-18T08:46:45.071+0000] {logging_mixin.py:188} INFO - [2026-04-18T08:46:45.070+0000] {dagbag.py:538} INFO - Filling up the DagBag from /opt/airflow/dags/country_capital_etl.py
[2026-04-18T08:46:45.078+0000] {processor.py:840} INFO - DAG(s) 'country_capital_pipeline' retrieved from /opt/airflow/dags/country_capital_etl.py
[2026-04-18T08:46:45.095+0000] {logging_mixin.py:188} INFO - [2026-04-18T08:46:45.095+0000] {dag.py:3036} INFO - Sync 1 DAGs
[2026-04-18T08:46:45.108+0000] {logging_mixin.py:188} INFO - [2026-04-18T08:46:45.108+0000] {dag.py:3823} INFO - Setting next_dagrun for country_capital_pipeline to 2026-04-18 00:00:00+00:00, run_after=2026-04-19 00:00:00+00:00
[2026-04-18T08:46:45.117+0000] {processor.py:183} INFO - Processing /opt/airflow/dags/country_capital_etl.py took 0.052 seconds
[2026-04-18T10:16:30.057+0000] {processor.py:161} INFO - Started process (PID=141) to work on /opt/airflow/dags/country_capital_etl.py
[2026-04-18T10:16:30.063+0000] {processor.py:830} INFO - Processing file /opt/airflow/dags/country_capital_etl.py for tasks to queue
[2026-04-18T10:16:30.074+0000] {logging_mixin.py:188} INFO - [2026-04-18T10:16:30.073+0000] {dagbag.py:538} INFO - Filling up the DagBag from /opt/airflow/dags/country_capital_etl.py
[2026-04-18T10:16:30.129+0000] {processor.py:840} INFO - DAG(s) 'country_capital_pipeline' retrieved from /opt/airflow/dags/country_capital_etl.py
[2026-04-18T10:16:30.502+0000] {logging_mixin.py:188} INFO - [2026-04-18T10:16:30.501+0000] {dag.py:3036} INFO - Sync 1 DAGs
[2026-04-18T10:16:30.570+0000] {logging_mixin.py:188} INFO - [2026-04-18T10:16:30.569+0000] {dag.py:3823} INFO - Setting next_dagrun for country_capital_pipeline to 2026-04-18 00:00:00+00:00, run_after=2026-04-19 00:00:00+00:00
[2026-04-18T10:16:30.769+0000] {processor.py:183} INFO - Processing /opt/airflow/dags/country_capital_etl.py took 0.749 seconds
[2026-04-18T10:17:01.779+0000] {processor.py:161} INFO - Started process (PID=144) to work on /opt/airflow/dags/country_capital_etl.py
[2026-04-18T10:17:01.780+0000] {processor.py:830} INFO - Processing file /opt/airflow/dags/country_capital_etl.py for tasks to queue
[2026-04-18T10:17:01.782+0000] {logging_mixin.py:188} INFO - [2026-04-18T10:17:01.782+0000] {dagbag.py:538} INFO - Filling up the DagBag from /opt/airflow/dags/country_capital_etl.py
[2026-04-18T10:17:01.794+0000] {processor.py:840} INFO - DAG(s) 'country_capital_pipeline' retrieved from /opt/airflow/dags/country_capital_etl.py
[2026-04-18T10:17:01.815+0000] {logging_mixin.py:188} INFO - [2026-04-18T10:17:01.815+0000] {dag.py:3036} INFO - Sync 1 DAGs
[2026-04-18T10:17:01.828+0000] {logging_mixin.py:188} INFO - [2026-04-18T10:17:01.828+0000] {dag.py:3823} INFO - Setting next_dagrun for country_capital_pipeline to 2026-04-18 00:00:00+00:00, run_after=2026-04-19 00:00:00+00:00
[2026-04-18T10:17:01.838+0000] {processor.py:183} INFO - Processing /opt/airflow/dags/country_capital_etl.py took 0.063 seconds
[2026-04-18T11:53:52.138+0000] {processor.py:161} INFO - Started process (PID=147) to work on /opt/airflow/dags/country_capital_etl.py
[2026-04-18T11:53:52.140+0000] {processor.py:830} INFO - Processing file /opt/airflow/dags/country_capital_etl.py for tasks to queue
[2026-04-18T11:53:52.141+0000] {logging_mixin.py:188} INFO - [2026-04-18T11:53:52.141+0000] {dagbag.py:538} INFO - Filling up the DagBag from /opt/airflow/dags/country_capital_etl.py
[2026-04-18T11:53:52.149+0000] {processor.py:840} INFO - DAG(s) 'country_capital_pipeline' retrieved from /opt/airflow/dags/country_capital_etl.py
[2026-04-18T11:53:52.165+0000] {logging_mixin.py:188} INFO - [2026-04-18T11:53:52.165+0000] {dag.py:3036} INFO - Sync 1 DAGs
[2026-04-18T11:53:52.179+0000] {logging_mixin.py:188} INFO - [2026-04-18T11:53:52.178+0000] {dag.py:3823} INFO - Setting next_dagrun for country_capital_pipeline to 2026-04-18 00:00:00+00:00, run_after=2026-04-19 00:00:00+00:00
[2026-04-18T11:53:52.188+0000] {processor.py:183} INFO - Processing /opt/airflow/dags/country_capital_etl.py took 0.053 seconds
[2026-04-18T11:54:22.660+0000] {processor.py:161} INFO - Started process (PID=150) to work on /opt/airflow/dags/country_capital_etl.py
[2026-04-18T11:54:22.661+0000] {processor.py:830} INFO - Processing file /opt/airflow/dags/country_capital_etl.py for tasks to queue
[2026-04-18T11:54:22.663+0000] {logging_mixin.py:188} INFO - [2026-04-18T11:54:22.662+0000] {dagbag.py:538} INFO - Filling up the DagBag from /opt/airflow/dags/country_capital_etl.py
[2026-04-18T11:54:22.669+0000] {processor.py:840} INFO - DAG(s) 'country_capital_pipeline' retrieved from /opt/airflow/dags/country_capital_etl.py
[2026-04-18T11:54:22.685+0000] {logging_mixin.py:188} INFO - [2026-04-18T11:54:22.684+0000] {dag.py:3036} INFO - Sync 1 DAGs
[2026-04-18T11:54:22.698+0000] {logging_mixin.py:188} INFO - [2026-04-18T11:54:22.698+0000] {dag.py:3823} INFO - Setting next_dagrun for country_capital_pipeline to 2026-04-18 00:00:00+00:00, run_after=2026-04-19 00:00:00+00:00
[2026-04-18T11:54:22.706+0000] {processor.py:183} INFO - Processing /opt/airflow/dags/country_capital_etl.py took 0.049 seconds
[2026-04-18T12:40:41.059+0000] {processor.py:161} INFO - Started process (PID=153) to work on /opt/airflow/dags/country_capital_etl.py
[2026-04-18T12:40:41.061+0000] {processor.py:830} INFO - Processing file /opt/airflow/dags/country_capital_etl.py for tasks to queue
[2026-04-18T12:40:41.062+0000] {logging_mixin.py:188} INFO - [2026-04-18T12:40:41.062+0000] {dagbag.py:538} INFO - Filling up the DagBag from /opt/airflow/dags/country_capital_etl.py
[2026-04-18T12:40:41.070+0000] {processor.py:840} INFO - DAG(s) 'country_capital_pipeline' retrieved from /opt/airflow/dags/country_capital_etl.py
[2026-04-18T12:40:41.085+0000] {logging_mixin.py:188} INFO - [2026-04-18T12:40:41.085+0000] {dag.py:3036} INFO - Sync 1 DAGs
[2026-04-18T12:40:41.099+0000] {logging_mixin.py:188} INFO - [2026-04-18T12:40:41.098+0000] {dag.py:3823} INFO - Setting next_dagrun for country_capital_pipeline to 2026-04-18 00:00:00+00:00, run_after=2026-04-19 00:00:00+00:00
[2026-04-18T12:40:41.108+0000] {processor.py:183} INFO - Processing /opt/airflow/dags/country_capital_etl.py took 0.051 seconds
[2026-04-18T14:17:32.420+0000] {processor.py:161} INFO - Started process (PID=156) to work on /opt/airflow/dags/country_capital_etl.py
[2026-04-18T14:17:32.423+0000] {processor.py:830} INFO - Processing file /opt/airflow/dags/country_capital_etl.py for tasks to queue
[2026-04-18T14:17:32.429+0000] {logging_mixin.py:188} INFO - [2026-04-18T14:17:32.427+0000] {dagbag.py:538} INFO - Filling up the DagBag from /opt/airflow/dags/country_capital_etl.py
[2026-04-18T14:17:32.454+0000] {processor.py:840} INFO - DAG(s) 'country_capital_pipeline' retrieved from /opt/airflow/dags/country_capital_etl.py
[2026-04-18T14:17:32.494+0000] {logging_mixin.py:188} INFO - [2026-04-18T14:17:32.493+0000] {dag.py:3036} INFO - Sync 1 DAGs
[2026-04-18T14:17:32.528+0000] {logging_mixin.py:188} INFO - [2026-04-18T14:17:32.528+0000] {dag.py:3823} INFO - Setting next_dagrun for country_capital_pipeline to 2026-04-18 00:00:00+00:00, run_after=2026-04-19 00:00:00+00:00
[2026-04-18T14:17:32.699+0000] {processor.py:183} INFO - Processing /opt/airflow/dags/country_capital_etl.py took 0.287 seconds
[2026-04-18T14:18:02.858+0000] {processor.py:161} INFO - Started process (PID=159) to work on /opt/airflow/dags/country_capital_etl.py
[2026-04-18T14:18:02.859+0000] {processor.py:830} INFO - Processing file /opt/airflow/dags/country_capital_etl.py for tasks to queue
[2026-04-18T14:18:02.861+0000] {logging_mixin.py:188} INFO - [2026-04-18T14:18:02.861+0000] {dagbag.py:538} INFO - Filling up the DagBag from /opt/airflow/dags/country_capital_etl.py
[2026-04-18T14:18:02.872+0000] {processor.py:840} INFO - DAG(s) 'country_capital_pipeline' retrieved from /opt/airflow/dags/country_capital_etl.py
[2026-04-18T14:18:02.887+0000] {logging_mixin.py:188} INFO - [2026-04-18T14:18:02.887+0000] {dag.py:3036} INFO - Sync 1 DAGs
[2026-04-18T14:18:02.901+0000] {logging_mixin.py:188} INFO - [2026-04-18T14:18:02.901+0000] {dag.py:3823} INFO - Setting next_dagrun for country_capital_pipeline to 2026-04-18 00:00:00+00:00, run_after=2026-04-19 00:00:00+00:00
[2026-04-18T14:18:02.910+0000] {processor.py:183} INFO - Processing /opt/airflow/dags/country_capital_etl.py took 0.054 seconds
[2026-04-18T14:41:38.392+0000] {processor.py:161} INFO - Started process (PID=162) to work on /opt/airflow/dags/country_capital_etl.py
[2026-04-18T14:41:38.394+0000] {processor.py:830} INFO - Processing file /opt/airflow/dags/country_capital_etl.py for tasks to queue
[2026-04-18T14:41:38.395+0000] {logging_mixin.py:188} INFO - [2026-04-18T14:41:38.395+0000] {dagbag.py:538} INFO - Filling up the DagBag from /opt/airflow/dags/country_capital_etl.py
[2026-04-18T14:41:38.403+0000] {processor.py:840} INFO - DAG(s) 'country_capital_pipeline' retrieved from /opt/airflow/dags/country_capital_etl.py
[2026-04-18T14:41:38.419+0000] {logging_mixin.py:188} INFO - [2026-04-18T14:41:38.418+0000] {dag.py:3036} INFO - Sync 1 DAGs
[2026-04-18T14:41:38.431+0000] {logging_mixin.py:188} INFO - [2026-04-18T14:41:38.431+0000] {dag.py:3823} INFO - Setting next_dagrun for country_capital_pipeline to 2026-04-18 00:00:00+00:00, run_after=2026-04-19 00:00:00+00:00
[2026-04-18T14:41:38.441+0000] {processor.py:183} INFO - Processing /opt/airflow/dags/country_capital_etl.py took 0.051 seconds
[2026-04-18T15:42:24.630+0000] {processor.py:161} INFO - Started process (PID=165) to work on /opt/airflow/dags/country_capital_etl.py
[2026-04-18T15:42:24.633+0000] {processor.py:830} INFO - Processing file /opt/airflow/dags/country_capital_etl.py for tasks to queue
[2026-04-18T15:42:24.634+0000] {logging_mixin.py:188} INFO - [2026-04-18T15:42:24.634+0000] {dagbag.py:538} INFO - Filling up the DagBag from /opt/airflow/dags/country_capital_etl.py
[2026-04-18T15:42:24.645+0000] {processor.py:840} INFO - DAG(s) 'country_capital_pipeline' retrieved from /opt/airflow/dags/country_capital_etl.py
[2026-04-18T15:42:24.664+0000] {logging_mixin.py:188} INFO - [2026-04-18T15:42:24.664+0000] {dag.py:3036} INFO - Sync 1 DAGs
[2026-04-18T15:42:24.678+0000] {logging_mixin.py:188} INFO - [2026-04-18T15:42:24.678+0000] {dag.py:3823} INFO - Setting next_dagrun for country_capital_pipeline to 2026-04-18 00:00:00+00:00, run_after=2026-04-19 00:00:00+00:00
[2026-04-18T15:42:24.690+0000] {processor.py:183} INFO - Processing /opt/airflow/dags/country_capital_etl.py took 0.063 seconds
[2026-04-18T15:42:55.525+0000] {processor.py:161} INFO - Started process (PID=168) to work on /opt/airflow/dags/country_capital_etl.py
[2026-04-18T15:42:55.526+0000] {processor.py:830} INFO - Processing file /opt/airflow/dags/country_capital_etl.py for tasks to queue
[2026-04-18T15:42:55.528+0000] {logging_mixin.py:188} INFO - [2026-04-18T15:42:55.528+0000] {dagbag.py:538} INFO - Filling up the DagBag from /opt/airflow/dags/country_capital_etl.py
[2026-04-18T15:42:55.536+0000] {processor.py:840} INFO - DAG(s) 'country_capital_pipeline' retrieved from /opt/airflow/dags/country_capital_etl.py
[2026-04-18T15:42:55.551+0000] {logging_mixin.py:188} INFO - [2026-04-18T15:42:55.551+0000] {dag.py:3036} INFO - Sync 1 DAGs
[2026-04-18T15:42:55.564+0000] {logging_mixin.py:188} INFO - [2026-04-18T15:42:55.563+0000] {dag.py:3823} INFO - Setting next_dagrun for country_capital_pipeline to 2026-04-18 00:00:00+00:00, run_after=2026-04-19 00:00:00+00:00
[2026-04-18T15:42:55.573+0000] {processor.py:183} INFO - Processing /opt/airflow/dags/country_capital_etl.py took 0.051 seconds
[2026-04-18T15:58:11.292+0000] {processor.py:161} INFO - Started process (PID=171) to work on /opt/airflow/dags/country_capital_etl.py
[2026-04-18T15:58:11.295+0000] {processor.py:830} INFO - Processing file /opt/airflow/dags/country_capital_etl.py for tasks to queue
[2026-04-18T15:58:11.298+0000] {logging_mixin.py:188} INFO - [2026-04-18T15:58:11.297+0000] {dagbag.py:538} INFO - Filling up the DagBag from /opt/airflow/dags/country_capital_etl.py
[2026-04-18T15:58:11.312+0000] {processor.py:840} INFO - DAG(s) 'country_capital_pipeline' retrieved from /opt/airflow/dags/country_capital_etl.py
[2026-04-18T15:58:11.334+0000] {logging_mixin.py:188} INFO - [2026-04-18T15:58:11.334+0000] {dag.py:3036} INFO - Sync 1 DAGs
[2026-04-18T15:58:11.349+0000] {logging_mixin.py:188} INFO - [2026-04-18T15:58:11.349+0000] {dag.py:3823} INFO - Setting next_dagrun for country_capital_pipeline to 2026-04-18 00:00:00+00:00, run_after=2026-04-19 00:00:00+00:00
[2026-04-18T15:58:11.364+0000] {processor.py:183} INFO - Processing /opt/airflow/dags/country_capital_etl.py took 0.078 seconds
[2026-04-18T16:43:43.554+0000] {processor.py:161} INFO - Started process (PID=174) to work on /opt/airflow/dags/country_capital_etl.py
[2026-04-18T16:43:43.556+0000] {processor.py:830} INFO - Processing file /opt/airflow/dags/country_capital_etl.py for tasks to queue
[2026-04-18T16:43:43.557+0000] {logging_mixin.py:188} INFO - [2026-04-18T16:43:43.557+0000] {dagbag.py:538} INFO - Filling up the DagBag from /opt/airflow/dags/country_capital_etl.py
[2026-04-18T16:43:43.564+0000] {processor.py:840} INFO - DAG(s) 'country_capital_pipeline' retrieved from /opt/airflow/dags/country_capital_etl.py
[2026-04-18T16:43:43.579+0000] {logging_mixin.py:188} INFO - [2026-04-18T16:43:43.579+0000] {dag.py:3036} INFO - Sync 1 DAGs
[2026-04-18T16:43:43.592+0000] {logging_mixin.py:188} INFO - [2026-04-18T16:43:43.591+0000] {dag.py:3823} INFO - Setting next_dagrun for country_capital_pipeline to 2026-04-18 00:00:00+00:00, run_after=2026-04-19 00:00:00+00:00
[2026-04-18T16:43:43.601+0000] {processor.py:183} INFO - Processing /opt/airflow/dags/country_capital_etl.py took 0.049 seconds
[2026-04-18T16:44:20.311+0000] {processor.py:161} INFO - Started process (PID=177) to work on /opt/airflow/dags/country_capital_etl.py
[2026-04-18T16:44:20.312+0000] {processor.py:830} INFO - Processing file /opt/airflow/dags/country_capital_etl.py for tasks to queue
[2026-04-18T16:44:20.313+0000] {logging_mixin.py:188} INFO - [2026-04-18T16:44:20.313+0000] {dagbag.py:538} INFO - Filling up the DagBag from /opt/airflow/dags/country_capital_etl.py
[2026-04-18T16:44:20.320+0000] {processor.py:840} INFO - DAG(s) 'country_capital_pipeline' retrieved from /opt/airflow/dags/country_capital_etl.py
[2026-04-18T16:44:20.334+0000] {logging_mixin.py:188} INFO - [2026-04-18T16:44:20.334+0000] {dag.py:3036} INFO - Sync 1 DAGs
[2026-04-18T16:44:20.347+0000] {logging_mixin.py:188} INFO - [2026-04-18T16:44:20.347+0000] {dag.py:3823} INFO - Setting next_dagrun for country_capital_pipeline to 2026-04-18 00:00:00+00:00, run_after=2026-04-19 00:00:00+00:00
[2026-04-18T16:44:20.356+0000] {processor.py:183} INFO - Processing /opt/airflow/dags/country_capital_etl.py took 0.047 seconds
[2026-04-18T16:44:50.833+0000] {processor.py:161} INFO - Started process (PID=180) to work on /opt/airflow/dags/country_capital_etl.py
[2026-04-18T16:44:50.833+0000] {processor.py:830} INFO - Processing file /opt/airflow/dags/country_capital_etl.py for tasks to queue
[2026-04-18T16:44:50.836+0000] {logging_mixin.py:188} INFO - [2026-04-18T16:44:50.835+0000] {dagbag.py:538} INFO - Filling up the DagBag from /opt/airflow/dags/country_capital_etl.py
[2026-04-18T16:44:50.845+0000] {processor.py:840} INFO - DAG(s) 'country_capital_pipeline' retrieved from /opt/airflow/dags/country_capital_etl.py
[2026-04-18T16:44:50.861+0000] {logging_mixin.py:188} INFO - [2026-04-18T16:44:50.861+0000] {dag.py:3036} INFO - Sync 1 DAGs
[2026-04-18T16:44:50.874+0000] {logging_mixin.py:188} INFO - [2026-04-18T16:44:50.874+0000] {dag.py:3823} INFO - Setting next_dagrun for country_capital_pipeline to 2026-04-18 00:00:00+00:00, run_after=2026-04-19 00:00:00+00:00
[2026-04-18T16:44:50.884+0000] {processor.py:183} INFO - Processing /opt/airflow/dags/country_capital_etl.py took 0.053 seconds
[2026-04-18T17:44:30.466+0000] {processor.py:161} INFO - Started process (PID=183) to work on /opt/airflow/dags/country_capital_etl.py
[2026-04-18T17:44:30.468+0000] {processor.py:830} INFO - Processing file /opt/airflow/dags/country_capital_etl.py for tasks to queue
[2026-04-18T17:44:30.470+0000] {logging_mixin.py:188} INFO - [2026-04-18T17:44:30.470+0000] {dagbag.py:538} INFO - Filling up the DagBag from /opt/airflow/dags/country_capital_etl.py
[2026-04-18T17:44:30.481+0000] {processor.py:840} INFO - DAG(s) 'country_capital_pipeline' retrieved from /opt/airflow/dags/country_capital_etl.py
[2026-04-18T17:44:30.504+0000] {logging_mixin.py:188} INFO - [2026-04-18T17:44:30.504+0000] {dag.py:3036} INFO - Sync 1 DAGs
[2026-04-18T17:44:30.525+0000] {logging_mixin.py:188} INFO - [2026-04-18T17:44:30.525+0000] {dag.py:3823} INFO - Setting next_dagrun for country_capital_pipeline to 2026-04-18 00:00:00+00:00, run_after=2026-04-19 00:00:00+00:00
[2026-04-18T17:44:30.542+0000] {processor.py:183} INFO - Processing /opt/airflow/dags/country_capital_etl.py took 0.079 seconds
[2026-04-18T17:45:00.928+0000] {processor.py:161} INFO - Started process (PID=186) to work on /opt/airflow/dags/country_capital_etl.py
[2026-04-18T17:45:00.929+0000] {processor.py:830} INFO - Processing file /opt/airflow/dags/country_capital_etl.py for tasks to queue
[2026-04-18T17:45:00.931+0000] {logging_mixin.py:188} INFO - [2026-04-18T17:45:00.931+0000] {dagbag.py:538} INFO - Filling up the DagBag from /opt/airflow/dags/country_capital_etl.py
[2026-04-18T17:45:00.941+0000] {processor.py:840} INFO - DAG(s) 'country_capital_pipeline' retrieved from /opt/airflow/dags/country_capital_etl.py
[2026-04-18T17:45:00.955+0000] {logging_mixin.py:188} INFO - [2026-04-18T17:45:00.955+0000] {dag.py:3036} INFO - Sync 1 DAGs
[2026-04-18T17:45:00.968+0000] {logging_mixin.py:188} INFO - [2026-04-18T17:45:00.968+0000] {dag.py:3823} INFO - Setting next_dagrun for country_capital_pipeline to 2026-04-18 00:00:00+00:00, run_after=2026-04-19 00:00:00+00:00
[2026-04-18T17:45:00.977+0000] {processor.py:183} INFO - Processing /opt/airflow/dags/country_capital_etl.py took 0.051 seconds
[2026-04-18T18:29:47.162+0000] {processor.py:161} INFO - Started process (PID=189) to work on /opt/airflow/dags/country_capital_etl.py
[2026-04-18T18:29:47.165+0000] {processor.py:830} INFO - Processing file /opt/airflow/dags/country_capital_etl.py for tasks to queue
[2026-04-18T18:29:47.166+0000] {logging_mixin.py:188} INFO - [2026-04-18T18:29:47.166+0000] {dagbag.py:538} INFO - Filling up the DagBag from /opt/airflow/dags/country_capital_etl.py
[2026-04-18T18:29:47.182+0000] {processor.py:840} INFO - DAG(s) 'country_capital_pipeline' retrieved from /opt/airflow/dags/country_capital_etl.py
[2026-04-18T18:29:47.203+0000] {logging_mixin.py:188} INFO - [2026-04-18T18:29:47.203+0000] {dag.py:3036} INFO - Sync 1 DAGs
[2026-04-18T18:29:47.217+0000] {logging_mixin.py:188} INFO - [2026-04-18T18:29:47.217+0000] {dag.py:3823} INFO - Setting next_dagrun for country_capital_pipeline to 2026-04-18 00:00:00+00:00, run_after=2026-04-19 00:00:00+00:00
[2026-04-18T18:29:47.230+0000] {processor.py:183} INFO - Processing /opt/airflow/dags/country_capital_etl.py took 0.070 seconds
[2026-04-18T18:45:21.850+0000] {processor.py:161} INFO - Started process (PID=192) to work on /opt/airflow/dags/country_capital_etl.py
[2026-04-18T18:45:21.852+0000] {processor.py:830} INFO - Processing file /opt/airflow/dags/country_capital_etl.py for tasks to queue
[2026-04-18T18:45:21.855+0000] {logging_mixin.py:188} INFO - [2026-04-18T18:45:21.855+0000] {dagbag.py:538} INFO - Filling up the DagBag from /opt/airflow/dags/country_capital_etl.py
[2026-04-18T18:45:21.877+0000] {processor.py:840} INFO - DAG(s) 'country_capital_pipeline' retrieved from /opt/airflow/dags/country_capital_etl.py
[2026-04-18T18:45:21.922+0000] {logging_mixin.py:188} INFO - [2026-04-18T18:45:21.922+0000] {dag.py:3036} INFO - Sync 1 DAGs
[2026-04-18T18:45:21.959+0000] {logging_mixin.py:188} INFO - [2026-04-18T18:45:21.959+0000] {dag.py:3823} INFO - Setting next_dagrun for country_capital_pipeline to 2026-04-18 00:00:00+00:00, run_after=2026-04-19 00:00:00+00:00
[2026-04-18T18:45:22.094+0000] {processor.py:183} INFO - Processing /opt/airflow/dags/country_capital_etl.py took 0.249 seconds
[2026-04-18T18:45:52.398+0000] {processor.py:161} INFO - Started process (PID=195) to work on /opt/airflow/dags/country_capital_etl.py
[2026-04-18T18:45:52.399+0000] {processor.py:830} INFO - Processing file /opt/airflow/dags/country_capital_etl.py for tasks to queue
[2026-04-18T18:45:52.401+0000] {logging_mixin.py:188} INFO - [2026-04-18T18:45:52.401+0000] {dagbag.py:538} INFO - Filling up the DagBag from /opt/airflow/dags/country_capital_etl.py
[2026-04-18T18:45:52.411+0000] {processor.py:840} INFO - DAG(s) 'country_capital_pipeline' retrieved from /opt/airflow/dags/country_capital_etl.py
[2026-04-18T18:45:52.425+0000] {logging_mixin.py:188} INFO - [2026-04-18T18:45:52.425+0000] {dag.py:3036} INFO - Sync 1 DAGs
[2026-04-18T18:45:52.438+0000] {logging_mixin.py:188} INFO - [2026-04-18T18:45:52.438+0000] {dag.py:3823} INFO - Setting next_dagrun for country_capital_pipeline to 2026-04-18 00:00:00+00:00, run_after=2026-04-19 00:00:00+00:00
[2026-04-18T18:45:52.447+0000] {processor.py:183} INFO - Processing /opt/airflow/dags/country_capital_etl.py took 0.051 seconds
[2026-04-18T19:07:58.163+0000] {processor.py:161} INFO - Started process (PID=198) to work on /opt/airflow/dags/country_capital_etl.py
[2026-04-18T19:07:58.166+0000] {processor.py:830} INFO - Processing file /opt/airflow/dags/country_capital_etl.py for tasks to queue
[2026-04-18T19:07:58.168+0000] {logging_mixin.py:188} INFO - [2026-04-18T19:07:58.168+0000] {dagbag.py:538} INFO - Filling up the DagBag from /opt/airflow/dags/country_capital_etl.py
[2026-04-18T19:07:58.182+0000] {processor.py:840} INFO - DAG(s) 'country_capital_pipeline' retrieved from /opt/airflow/dags/country_capital_etl.py
[2026-04-18T19:07:58.206+0000] {logging_mixin.py:188} INFO - [2026-04-18T19:07:58.206+0000] {dag.py:3036} INFO - Sync 1 DAGs
[2026-04-18T19:07:58.225+0000] {logging_mixin.py:188} INFO - [2026-04-18T19:07:58.225+0000] {dag.py:3823} INFO - Setting next_dagrun for country_capital_pipeline to 2026-04-18 00:00:00+00:00, run_after=2026-04-19 00:00:00+00:00
[2026-04-18T19:07:58.241+0000] {processor.py:183} INFO - Processing /opt/airflow/dags/country_capital_etl.py took 0.082 seconds
[2026-04-18T19:35:05.591+0000] {processor.py:161} INFO - Started process (PID=201) to work on /opt/airflow/dags/country_capital_etl.py
[2026-04-18T19:35:05.592+0000] {processor.py:830} INFO - Processing file /opt/airflow/dags/country_capital_etl.py for tasks to queue
[2026-04-18T19:35:05.593+0000] {logging_mixin.py:188} INFO - [2026-04-18T19:35:05.593+0000] {dagbag.py:538} INFO - Filling up the DagBag from /opt/airflow/dags/country_capital_etl.py
[2026-04-18T19:35:05.605+0000] {processor.py:840} INFO - DAG(s) 'country_capital_pipeline' retrieved from /opt/airflow/dags/country_capital_etl.py
[2026-04-18T19:35:05.620+0000] {logging_mixin.py:188} INFO - [2026-04-18T19:35:05.620+0000] {dag.py:3036} INFO - Sync 1 DAGs
[2026-04-18T19:35:05.633+0000] {logging_mixin.py:188} INFO - [2026-04-18T19:35:05.633+0000] {dag.py:3823} INFO - Setting next_dagrun for country_capital_pipeline to 2026-04-18 00:00:00+00:00, run_after=2026-04-19 00:00:00+00:00
[2026-04-18T19:35:05.642+0000] {processor.py:183} INFO - Processing /opt/airflow/dags/country_capital_etl.py took 0.053 seconds
[2026-04-18T19:35:36.046+0000] {processor.py:161} INFO - Started process (PID=204) to work on /opt/airflow/dags/country_capital_etl.py
[2026-04-18T19:35:36.047+0000] {processor.py:830} INFO - Processing file /opt/airflow/dags/country_capital_etl.py for tasks to queue
[2026-04-18T19:35:36.049+0000] {logging_mixin.py:188} INFO - [2026-04-18T19:35:36.049+0000] {dagbag.py:538} INFO - Filling up the DagBag from /opt/airflow/dags/country_capital_etl.py
[2026-04-18T19:35:36.058+0000] {processor.py:840} INFO - DAG(s) 'country_capital_pipeline' retrieved from /opt/airflow/dags/country_capital_etl.py
[2026-04-18T19:35:36.073+0000] {logging_mixin.py:188} INFO - [2026-04-18T19:35:36.073+0000] {dag.py:3036} INFO - Sync 1 DAGs
[2026-04-18T19:35:36.087+0000] {logging_mixin.py:188} INFO - [2026-04-18T19:35:36.087+0000] {dag.py:3823} INFO - Setting next_dagrun for country_capital_pipeline to 2026-04-18 00:00:00+00:00, run_after=2026-04-19 00:00:00+00:00
[2026-04-18T19:35:36.097+0000] {processor.py:183} INFO - Processing /opt/airflow/dags/country_capital_etl.py took 0.053 seconds
[2026-04-18T19:46:45.996+0000] {processor.py:161} INFO - Started process (PID=207) to work on /opt/airflow/dags/country_capital_etl.py
[2026-04-18T19:46:45.996+0000] {processor.py:830} INFO - Processing file /opt/airflow/dags/country_capital_etl.py for tasks to queue
[2026-04-18T19:46:45.998+0000] {logging_mixin.py:188} INFO - [2026-04-18T19:46:45.997+0000] {dagbag.py:538} INFO - Filling up the DagBag from /opt/airflow/dags/country_capital_etl.py
[2026-04-18T19:46:46.009+0000] {processor.py:840} INFO - DAG(s) 'country_capital_pipeline' retrieved from /opt/airflow/dags/country_capital_etl.py
[2026-04-18T19:46:46.024+0000] {logging_mixin.py:188} INFO - [2026-04-18T19:46:46.023+0000] {dag.py:3036} INFO - Sync 1 DAGs
[2026-04-18T19:46:46.037+0000] {logging_mixin.py:188} INFO - [2026-04-18T19:46:46.037+0000] {dag.py:3823} INFO - Setting next_dagrun for country_capital_pipeline to 2026-04-18 00:00:00+00:00, run_after=2026-04-19 00:00:00+00:00
[2026-04-18T19:46:46.046+0000] {processor.py:183} INFO - Processing /opt/airflow/dags/country_capital_etl.py took 0.053 seconds
[2026-04-18T19:54:21.398+0000] {processor.py:161} INFO - Started process (PID=210) to work on /opt/airflow/dags/country_capital_etl.py
[2026-04-18T19:54:21.400+0000] {processor.py:830} INFO - Processing file /opt/airflow/dags/country_capital_etl.py for tasks to queue
[2026-04-18T19:54:21.402+0000] {logging_mixin.py:188} INFO - [2026-04-18T19:54:21.402+0000] {dagbag.py:538} INFO - Filling up the DagBag from /opt/airflow/dags/country_capital_etl.py
[2026-04-18T19:54:21.415+0000] {processor.py:840} INFO - DAG(s) 'country_capital_pipeline' retrieved from /opt/airflow/dags/country_capital_etl.py
[2026-04-18T19:54:21.449+0000] {logging_mixin.py:188} INFO - [2026-04-18T19:54:21.448+0000] {dag.py:3036} INFO - Sync 1 DAGs
[2026-04-18T19:54:21.472+0000] {logging_mixin.py:188} INFO - [2026-04-18T19:54:21.472+0000] {dag.py:3823} INFO - Setting next_dagrun for country_capital_pipeline to 2026-04-18 00:00:00+00:00, run_after=2026-04-19 00:00:00+00:00
[2026-04-18T19:54:21.490+0000] {processor.py:183} INFO - Processing /opt/airflow/dags/country_capital_etl.py took 0.096 seconds
[2026-04-18T20:23:12.811+0000] {processor.py:161} INFO - Started process (PID=213) to work on /opt/airflow/dags/country_capital_etl.py
[2026-04-18T20:23:12.813+0000] {processor.py:830} INFO - Processing file /opt/airflow/dags/country_capital_etl.py for tasks to queue
[2026-04-18T20:23:12.816+0000] {logging_mixin.py:188} INFO - [2026-04-18T20:23:12.815+0000] {dagbag.py:538} INFO - Filling up the DagBag from /opt/airflow/dags/country_capital_etl.py
[2026-04-18T20:23:12.824+0000] {processor.py:840} INFO - DAG(s) 'country_capital_pipeline' retrieved from /opt/airflow/dags/country_capital_etl.py
[2026-04-18T20:23:12.841+0000] {logging_mixin.py:188} INFO - [2026-04-18T20:23:12.841+0000] {dag.py:3036} INFO - Sync 1 DAGs
[2026-04-18T20:23:12.854+0000] {logging_mixin.py:188} INFO - [2026-04-18T20:23:12.854+0000] {dag.py:3823} INFO - Setting next_dagrun for country_capital_pipeline to 2026-04-18 00:00:00+00:00, run_after=2026-04-19 00:00:00+00:00
[2026-04-18T20:23:12.864+0000] {processor.py:183} INFO - Processing /opt/airflow/dags/country_capital_etl.py took 0.055 seconds
[2026-04-18T20:23:43.247+0000] {processor.py:161} INFO - Started process (PID=216) to work on /opt/airflow/dags/country_capital_etl.py
[2026-04-18T20:23:43.249+0000] {processor.py:830} INFO - Processing file /opt/airflow/dags/country_capital_etl.py for tasks to queue
[2026-04-18T20:23:43.250+0000] {logging_mixin.py:188} INFO - [2026-04-18T20:23:43.250+0000] {dagbag.py:538} INFO - Filling up the DagBag from /opt/airflow/dags/country_capital_etl.py
[2026-04-18T20:23:43.257+0000] {processor.py:840} INFO - DAG(s) 'country_capital_pipeline' retrieved from /opt/airflow/dags/country_capital_etl.py
[2026-04-18T20:23:43.272+0000] {logging_mixin.py:188} INFO - [2026-04-18T20:23:43.271+0000] {dag.py:3036} INFO - Sync 1 DAGs
[2026-04-18T20:23:43.284+0000] {logging_mixin.py:188} INFO - [2026-04-18T20:23:43.284+0000] {dag.py:3823} INFO - Setting next_dagrun for country_capital_pipeline to 2026-04-18 00:00:00+00:00, run_after=2026-04-19 00:00:00+00:00
[2026-04-18T20:23:43.293+0000] {processor.py:183} INFO - Processing /opt/airflow/dags/country_capital_etl.py took 0.048 seconds
[2026-04-18T20:24:14.979+0000] {processor.py:161} INFO - Started process (PID=219) to work on /opt/airflow/dags/country_capital_etl.py
[2026-04-18T20:24:14.981+0000] {processor.py:830} INFO - Processing file /opt/airflow/dags/country_capital_etl.py for tasks to queue
[2026-04-18T20:24:14.982+0000] {logging_mixin.py:188} INFO - [2026-04-18T20:24:14.982+0000] {dagbag.py:538} INFO - Filling up the DagBag from /opt/airflow/dags/country_capital_etl.py
[2026-04-18T20:24:14.990+0000] {processor.py:840} INFO - DAG(s) 'country_capital_pipeline' retrieved from /opt/airflow/dags/country_capital_etl.py
[2026-04-18T20:24:15.005+0000] {logging_mixin.py:188} INFO - [2026-04-18T20:24:15.004+0000] {dag.py:3036} INFO - Sync 1 DAGs
[2026-04-18T20:24:15.017+0000] {logging_mixin.py:188} INFO - [2026-04-18T20:24:15.017+0000] {dag.py:3823} INFO - Setting next_dagrun for country_capital_pipeline to 2026-04-18 00:00:00+00:00, run_after=2026-04-19 00:00:00+00:00
[2026-04-18T20:24:15.027+0000] {processor.py:183} INFO - Processing /opt/airflow/dags/country_capital_etl.py took 0.050 seconds
[2026-04-18T20:24:45.434+0000] {processor.py:161} INFO - Started process (PID=222) to work on /opt/airflow/dags/country_capital_etl.py
[2026-04-18T20:24:45.435+0000] {processor.py:830} INFO - Processing file /opt/airflow/dags/country_capital_etl.py for tasks to queue
[2026-04-18T20:24:45.437+0000] {logging_mixin.py:188} INFO - [2026-04-18T20:24:45.437+0000] {dagbag.py:538} INFO - Filling up the DagBag from /opt/airflow/dags/country_capital_etl.py
[2026-04-18T20:24:45.444+0000] {processor.py:840} INFO - DAG(s) 'country_capital_pipeline' retrieved from /opt/airflow/dags/country_capital_etl.py
[2026-04-18T20:24:45.460+0000] {logging_mixin.py:188} INFO - [2026-04-18T20:24:45.460+0000] {dag.py:3036} INFO - Sync 1 DAGs
[2026-04-18T20:24:45.473+0000] {logging_mixin.py:188} INFO - [2026-04-18T20:24:45.473+0000] {dag.py:3823} INFO - Setting next_dagrun for country_capital_pipeline to 2026-04-18 00:00:00+00:00, run_after=2026-04-19 00:00:00+00:00
[2026-04-18T20:24:45.483+0000] {processor.py:183} INFO - Processing /opt/airflow/dags/country_capital_etl.py took 0.051 seconds
[2026-04-18T20:26:38.893+0000] {processor.py:161} INFO - Started process (PID=225) to work on /opt/airflow/dags/country_capital_etl.py
[2026-04-18T20:26:38.894+0000] {processor.py:830} INFO - Processing file /opt/airflow/dags/country_capital_etl.py for tasks to queue
[2026-04-18T20:26:38.895+0000] {logging_mixin.py:188} INFO - [2026-04-18T20:26:38.895+0000] {dagbag.py:538} INFO - Filling up the DagBag from /opt/airflow/dags/country_capital_etl.py
[2026-04-18T20:26:38.906+0000] {processor.py:840} INFO - DAG(s) 'country_capital_pipeline' retrieved from /opt/airflow/dags/country_capital_etl.py
[2026-04-18T20:26:38.921+0000] {logging_mixin.py:188} INFO - [2026-04-18T20:26:38.921+0000] {dag.py:3036} INFO - Sync 1 DAGs
[2026-04-18T20:26:38.934+0000] {logging_mixin.py:188} INFO - [2026-04-18T20:26:38.933+0000] {dag.py:3823} INFO - Setting next_dagrun for country_capital_pipeline to 2026-04-18 00:00:00+00:00, run_after=2026-04-19 00:00:00+00:00
[2026-04-18T20:26:38.942+0000] {processor.py:183} INFO - Processing /opt/airflow/dags/country_capital_etl.py took 0.052 seconds
[2026-04-18T20:43:53.341+0000] {processor.py:161} INFO - Started process (PID=228) to work on /opt/airflow/dags/country_capital_etl.py
[2026-04-18T20:43:53.359+0000] {processor.py:830} INFO - Processing file /opt/airflow/dags/country_capital_etl.py for tasks to queue
[2026-04-18T20:43:53.379+0000] {logging_mixin.py:188} INFO - [2026-04-18T20:43:53.378+0000] {dagbag.py:538} INFO - Filling up the DagBag from /opt/airflow/dags/country_capital_etl.py
[2026-04-18T20:43:53.491+0000] {processor.py:840} INFO - DAG(s) 'country_capital_pipeline' retrieved from /opt/airflow/dags/country_capital_etl.py
[2026-04-18T20:43:55.230+0000] {logging_mixin.py:188} INFO - [2026-04-18T20:43:55.229+0000] {dag.py:3036} INFO - Sync 1 DAGs
[2026-04-18T20:43:55.353+0000] {logging_mixin.py:188} INFO - [2026-04-18T20:43:55.353+0000] {dag.py:3823} INFO - Setting next_dagrun for country_capital_pipeline to 2026-04-18 00:00:00+00:00, run_after=2026-04-19 00:00:00+00:00
[2026-04-18T20:43:55.616+0000] {processor.py:183} INFO - Processing /opt/airflow/dags/country_capital_etl.py took 2.280 seconds
[2026-04-18T20:44:25.666+0000] {processor.py:161} INFO - Started process (PID=231) to work on /opt/airflow/dags/country_capital_etl.py
[2026-04-18T20:44:25.667+0000] {processor.py:830} INFO - Processing file /opt/airflow/dags/country_capital_etl.py for tasks to queue
[2026-04-18T20:44:25.669+0000] {logging_mixin.py:188} INFO - [2026-04-18T20:44:25.668+0000] {dagbag.py:538} INFO - Filling up the DagBag from /opt/airflow/dags/country_capital_etl.py
[2026-04-18T20:44:25.681+0000] {processor.py:840} INFO - DAG(s) 'country_capital_pipeline' retrieved from /opt/airflow/dags/country_capital_etl.py
[2026-04-18T20:44:25.702+0000] {logging_mixin.py:188} INFO - [2026-04-18T20:44:25.702+0000] {dag.py:3036} INFO - Sync 1 DAGs
[2026-04-18T20:44:25.715+0000] {logging_mixin.py:188} INFO - [2026-04-18T20:44:25.715+0000] {dag.py:3823} INFO - Setting next_dagrun for country_capital_pipeline to 2026-04-18 00:00:00+00:00, run_after=2026-04-19 00:00:00+00:00
[2026-04-18T20:44:25.725+0000] {processor.py:183} INFO - Processing /opt/airflow/dags/country_capital_etl.py took 0.063 seconds
[2026-04-18T20:45:05.670+0000] {processor.py:161} INFO - Started process (PID=234) to work on /opt/airflow/dags/country_capital_etl.py
[2026-04-18T20:45:05.672+0000] {processor.py:830} INFO - Processing file /opt/airflow/dags/country_capital_etl.py for tasks to queue
[2026-04-18T20:45:05.674+0000] {logging_mixin.py:188} INFO - [2026-04-18T20:45:05.674+0000] {dagbag.py:538} INFO - Filling up the DagBag from /opt/airflow/dags/country_capital_etl.py
[2026-04-18T20:45:05.681+0000] {processor.py:840} INFO - DAG(s) 'country_capital_pipeline' retrieved from /opt/airflow/dags/country_capital_etl.py
[2026-04-18T20:45:05.698+0000] {logging_mixin.py:188} INFO - [2026-04-18T20:45:05.697+0000] {dag.py:3036} INFO - Sync 1 DAGs
[2026-04-18T20:45:05.710+0000] {logging_mixin.py:188} INFO - [2026-04-18T20:45:05.710+0000] {dag.py:3823} INFO - Setting next_dagrun for country_capital_pipeline to 2026-04-18 00:00:00+00:00, run_after=2026-04-19 00:00:00+00:00
[2026-04-18T20:45:05.720+0000] {processor.py:183} INFO - Processing /opt/airflow/dags/country_capital_etl.py took 0.052 seconds
[2026-04-18T20:46:25.686+0000] {processor.py:161} INFO - Started process (PID=237) to work on /opt/airflow/dags/country_capital_etl.py
[2026-04-18T20:46:25.687+0000] {processor.py:830} INFO - Processing file /opt/airflow/dags/country_capital_etl.py for tasks to queue
[2026-04-18T20:46:25.689+0000] {logging_mixin.py:188} INFO - [2026-04-18T20:46:25.688+0000] {dagbag.py:538} INFO - Filling up the DagBag from /opt/airflow/dags/country_capital_etl.py
[2026-04-18T20:46:25.696+0000] {processor.py:840} INFO - DAG(s) 'country_capital_pipeline' retrieved from /opt/airflow/dags/country_capital_etl.py
[2026-04-18T20:46:25.712+0000] {logging_mixin.py:188} INFO - [2026-04-18T20:46:25.712+0000] {dag.py:3036} INFO - Sync 1 DAGs
[2026-04-18T20:46:25.724+0000] {logging_mixin.py:188} INFO - [2026-04-18T20:46:25.724+0000] {dag.py:3823} INFO - Setting next_dagrun for country_capital_pipeline to 2026-04-18 00:00:00+00:00, run_after=2026-04-19 00:00:00+00:00
[2026-04-18T20:46:25.734+0000] {processor.py:183} INFO - Processing /opt/airflow/dags/country_capital_etl.py took 0.051 seconds
[2026-04-18T20:47:03.839+0000] {processor.py:161} INFO - Started process (PID=240) to work on /opt/airflow/dags/country_capital_etl.py
[2026-04-18T20:47:03.839+0000] {processor.py:830} INFO - Processing file /opt/airflow/dags/country_capital_etl.py for tasks to queue
[2026-04-18T20:47:03.841+0000] {logging_mixin.py:188} INFO - [2026-04-18T20:47:03.841+0000] {dagbag.py:538} INFO - Filling up the DagBag from /opt/airflow/dags/country_capital_etl.py
[2026-04-18T20:47:03.849+0000] {processor.py:840} INFO - DAG(s) 'country_capital_pipeline' retrieved from /opt/airflow/dags/country_capital_etl.py
[2026-04-18T20:47:03.864+0000] {logging_mixin.py:188} INFO - [2026-04-18T20:47:03.864+0000] {dag.py:3036} INFO - Sync 1 DAGs
[2026-04-18T20:47:03.877+0000] {logging_mixin.py:188} INFO - [2026-04-18T20:47:03.877+0000] {dag.py:3823} INFO - Setting next_dagrun for country_capital_pipeline to 2026-04-18 00:00:00+00:00, run_after=2026-04-19 00:00:00+00:00
[2026-04-18T20:47:03.887+0000] {processor.py:183} INFO - Processing /opt/airflow/dags/country_capital_etl.py took 0.050 seconds
[2026-04-18T20:47:34.329+0000] {processor.py:161} INFO - Started process (PID=243) to work on /opt/airflow/dags/country_capital_etl.py
[2026-04-18T20:47:34.330+0000] {processor.py:830} INFO - Processing file /opt/airflow/dags/country_capital_etl.py for tasks to queue
[2026-04-18T20:47:34.332+0000] {logging_mixin.py:188} INFO - [2026-04-18T20:47:34.332+0000] {dagbag.py:538} INFO - Filling up the DagBag from /opt/airflow/dags/country_capital_etl.py
[2026-04-18T20:47:34.339+0000] {processor.py:840} INFO - DAG(s) 'country_capital_pipeline' retrieved from /opt/airflow/dags/country_capital_etl.py
[2026-04-18T20:47:34.357+0000] {logging_mixin.py:188} INFO - [2026-04-18T20:47:34.357+0000] {dag.py:3036} INFO - Sync 1 DAGs
[2026-04-18T20:47:34.372+0000] {logging_mixin.py:188} INFO - [2026-04-18T20:47:34.372+0000] {dag.py:3823} INFO - Setting next_dagrun for country_capital_pipeline to 2026-04-18 00:00:00+00:00, run_after=2026-04-19 00:00:00+00:00
[2026-04-18T20:47:34.384+0000] {processor.py:183} INFO - Processing /opt/airflow/dags/country_capital_etl.py took 0.057 seconds
[2026-04-18T20:48:59.775+0000] {processor.py:161} INFO - Started process (PID=246) to work on /opt/airflow/dags/country_capital_etl.py
[2026-04-18T20:48:59.775+0000] {processor.py:830} INFO - Processing file /opt/airflow/dags/country_capital_etl.py for tasks to queue
[2026-04-18T20:48:59.777+0000] {logging_mixin.py:188} INFO - [2026-04-18T20:48:59.777+0000] {dagbag.py:538} INFO - Filling up the DagBag from /opt/airflow/dags/country_capital_etl.py
[2026-04-18T20:48:59.785+0000] {processor.py:840} INFO - DAG(s) 'country_capital_pipeline' retrieved from /opt/airflow/dags/country_capital_etl.py
[2026-04-18T20:48:59.800+0000] {logging_mixin.py:188} INFO - [2026-04-18T20:48:59.800+0000] {dag.py:3036} INFO - Sync 1 DAGs
[2026-04-18T20:48:59.813+0000] {logging_mixin.py:188} INFO - [2026-04-18T20:48:59.813+0000] {dag.py:3823} INFO - Setting next_dagrun for country_capital_pipeline to 2026-04-18 00:00:00+00:00, run_after=2026-04-19 00:00:00+00:00
[2026-04-18T20:48:59.822+0000] {processor.py:183} INFO - Processing /opt/airflow/dags/country_capital_etl.py took 0.050 seconds
[2026-04-18T20:59:25.878+0000] {processor.py:161} INFO - Started process (PID=249) to work on /opt/airflow/dags/country_capital_etl.py
[2026-04-18T20:59:25.880+0000] {processor.py:830} INFO - Processing file /opt/airflow/dags/country_capital_etl.py for tasks to queue
[2026-04-18T20:59:25.883+0000] {logging_mixin.py:188} INFO - [2026-04-18T20:59:25.883+0000] {dagbag.py:538} INFO - Filling up the DagBag from /opt/airflow/dags/country_capital_etl.py
[2026-04-18T20:59:25.901+0000] {processor.py:840} INFO - DAG(s) 'country_capital_pipeline' retrieved from /opt/airflow/dags/country_capital_etl.py
[2026-04-18T20:59:25.934+0000] {logging_mixin.py:188} INFO - [2026-04-18T20:59:25.933+0000] {dag.py:3036} INFO - Sync 1 DAGs
[2026-04-18T20:59:25.950+0000] {logging_mixin.py:188} INFO - [2026-04-18T20:59:25.950+0000] {dag.py:3823} INFO - Setting next_dagrun for country_capital_pipeline to 2026-04-18 00:00:00+00:00, run_after=2026-04-19 00:00:00+00:00
[2026-04-18T20:59:25.963+0000] {processor.py:183} INFO - Processing /opt/airflow/dags/country_capital_etl.py took 0.089 seconds
[2026-04-18T21:32:18.644+0000] {processor.py:161} INFO - Started process (PID=252) to work on /opt/airflow/dags/country_capital_etl.py
[2026-04-18T21:32:18.645+0000] {processor.py:830} INFO - Processing file /opt/airflow/dags/country_capital_etl.py for tasks to queue
[2026-04-18T21:32:18.646+0000] {logging_mixin.py:188} INFO - [2026-04-18T21:32:18.646+0000] {dagbag.py:538} INFO - Filling up the DagBag from /opt/airflow/dags/country_capital_etl.py
[2026-04-18T21:32:18.657+0000] {processor.py:840} INFO - DAG(s) 'country_capital_pipeline' retrieved from /opt/airflow/dags/country_capital_etl.py
[2026-04-18T21:32:18.674+0000] {logging_mixin.py:188} INFO - [2026-04-18T21:32:18.673+0000] {dag.py:3036} INFO - Sync 1 DAGs
[2026-04-18T21:32:18.686+0000] {logging_mixin.py:188} INFO - [2026-04-18T21:32:18.686+0000] {dag.py:3823} INFO - Setting next_dagrun for country_capital_pipeline to 2026-04-18 00:00:00+00:00, run_after=2026-04-19 00:00:00+00:00
[2026-04-18T21:32:18.696+0000] {processor.py:183} INFO - Processing /opt/airflow/dags/country_capital_etl.py took 0.054 seconds
[2026-04-18T21:47:35.698+0000] {processor.py:161} INFO - Started process (PID=255) to work on /opt/airflow/dags/country_capital_etl.py
[2026-04-18T21:47:35.701+0000] {processor.py:830} INFO - Processing file /opt/airflow/dags/country_capital_etl.py for tasks to queue
[2026-04-18T21:47:35.704+0000] {logging_mixin.py:188} INFO - [2026-04-18T21:47:35.704+0000] {dagbag.py:538} INFO - Filling up the DagBag from /opt/airflow/dags/country_capital_etl.py
[2026-04-18T21:47:35.729+0000] {processor.py:840} INFO - DAG(s) 'country_capital_pipeline' retrieved from /opt/airflow/dags/country_capital_etl.py
[2026-04-18T21:47:35.784+0000] {logging_mixin.py:188} INFO - [2026-04-18T21:47:35.783+0000] {dag.py:3036} INFO - Sync 1 DAGs
[2026-04-18T21:47:35.827+0000] {logging_mixin.py:188} INFO - [2026-04-18T21:47:35.826+0000] {dag.py:3823} INFO - Setting next_dagrun for country_capital_pipeline to 2026-04-18 00:00:00+00:00, run_after=2026-04-19 00:00:00+00:00
[2026-04-18T21:47:35.867+0000] {processor.py:183} INFO - Processing /opt/airflow/dags/country_capital_etl.py took 0.177 seconds
[2026-04-18T21:48:06.274+0000] {processor.py:161} INFO - Started process (PID=258) to work on /opt/airflow/dags/country_capital_etl.py
[2026-04-18T21:48:06.274+0000] {processor.py:830} INFO - Processing file /opt/airflow/dags/country_capital_etl.py for tasks to queue
[2026-04-18T21:48:06.276+0000] {logging_mixin.py:188} INFO - [2026-04-18T21:48:06.276+0000] {dagbag.py:538} INFO - Filling up the DagBag from /opt/airflow/dags/country_capital_etl.py
[2026-04-18T21:48:06.290+0000] {processor.py:840} INFO - DAG(s) 'country_capital_pipeline' retrieved from /opt/airflow/dags/country_capital_etl.py
[2026-04-18T21:48:06.309+0000] {logging_mixin.py:188} INFO - [2026-04-18T21:48:06.309+0000] {dag.py:3036} INFO - Sync 1 DAGs
[2026-04-18T21:48:06.324+0000] {logging_mixin.py:188} INFO - [2026-04-18T21:48:06.323+0000] {dag.py:3823} INFO - Setting next_dagrun for country_capital_pipeline to 2026-04-18 00:00:00+00:00, run_after=2026-04-19 00:00:00+00:00
[2026-04-18T21:48:06.338+0000] {processor.py:183} INFO - Processing /opt/airflow/dags/country_capital_etl.py took 0.067 seconds
[2026-04-18T22:48:45.765+0000] {processor.py:161} INFO - Started process (PID=261) to work on /opt/airflow/dags/country_capital_etl.py
[2026-04-18T22:48:45.766+0000] {processor.py:830} INFO - Processing file /opt/airflow/dags/country_capital_etl.py for tasks to queue
[2026-04-18T22:48:45.770+0000] {logging_mixin.py:188} INFO - [2026-04-18T22:48:45.770+0000] {dagbag.py:538} INFO - Filling up the DagBag from /opt/airflow/dags/country_capital_etl.py
[2026-04-18T22:48:45.778+0000] {processor.py:840} INFO - DAG(s) 'country_capital_pipeline' retrieved from /opt/airflow/dags/country_capital_etl.py
[2026-04-18T22:48:45.792+0000] {logging_mixin.py:188} INFO - [2026-04-18T22:48:45.792+0000] {dag.py:3036} INFO - Sync 1 DAGs
[2026-04-18T22:48:45.805+0000] {logging_mixin.py:188} INFO - [2026-04-18T22:48:45.804+0000] {dag.py:3823} INFO - Setting next_dagrun for country_capital_pipeline to 2026-04-18 00:00:00+00:00, run_after=2026-04-19 00:00:00+00:00
[2026-04-18T22:48:45.814+0000] {processor.py:183} INFO - Processing /opt/airflow/dags/country_capital_etl.py took 0.051 seconds
[2026-04-18T23:49:30.284+0000] {processor.py:161} INFO - Started process (PID=264) to work on /opt/airflow/dags/country_capital_etl.py
[2026-04-18T23:49:30.286+0000] {processor.py:830} INFO - Processing file /opt/airflow/dags/country_capital_etl.py for tasks to queue
[2026-04-18T23:49:30.289+0000] {logging_mixin.py:188} INFO - [2026-04-18T23:49:30.288+0000] {dagbag.py:538} INFO - Filling up the DagBag from /opt/airflow/dags/country_capital_etl.py
[2026-04-18T23:49:30.306+0000] {processor.py:840} INFO - DAG(s) 'country_capital_pipeline' retrieved from /opt/airflow/dags/country_capital_etl.py
[2026-04-18T23:49:30.342+0000] {logging_mixin.py:188} INFO - [2026-04-18T23:49:30.341+0000] {dag.py:3036} INFO - Sync 1 DAGs
[2026-04-18T23:49:30.375+0000] {logging_mixin.py:188} INFO - [2026-04-18T23:49:30.374+0000] {dag.py:3823} INFO - Setting next_dagrun for country_capital_pipeline to 2026-04-18 00:00:00+00:00, run_after=2026-04-19 00:00:00+00:00
[2026-04-18T23:49:30.402+0000] {processor.py:183} INFO - Processing /opt/airflow/dags/country_capital_etl.py took 0.123 seconds
[2026-04-18T23:50:00.827+0000] {processor.py:161} INFO - Started process (PID=267) to work on /opt/airflow/dags/country_capital_etl.py
[2026-04-18T23:50:00.830+0000] {processor.py:830} INFO - Processing file /opt/airflow/dags/country_capital_etl.py for tasks to queue
[2026-04-18T23:50:00.832+0000] {logging_mixin.py:188} INFO - [2026-04-18T23:50:00.831+0000] {dagbag.py:538} INFO - Filling up the DagBag from /opt/airflow/dags/country_capital_etl.py
[2026-04-18T23:50:00.839+0000] {processor.py:840} INFO - DAG(s) 'country_capital_pipeline' retrieved from /opt/airflow/dags/country_capital_etl.py
[2026-04-18T23:50:00.854+0000] {logging_mixin.py:188} INFO - [2026-04-18T23:50:00.853+0000] {dag.py:3036} INFO - Sync 1 DAGs
[2026-04-18T23:50:00.866+0000] {logging_mixin.py:188} INFO - [2026-04-18T23:50:00.866+0000] {dag.py:3823} INFO - Setting next_dagrun for country_capital_pipeline to 2026-04-18 00:00:00+00:00, run_after=2026-04-19 00:00:00+00:00
[2026-04-18T23:50:00.875+0000] {processor.py:183} INFO - Processing /opt/airflow/dags/country_capital_etl.py took 0.050 seconds
