[2026-04-18T06:32:58.328+0000] {processor.py:161} INFO - Started process (PID=39) to work on /opt/airflow/dags/hello_goodbye_dag.py
[2026-04-18T06:32:58.331+0000] {processor.py:830} INFO - Processing file /opt/airflow/dags/hello_goodbye_dag.py for tasks to queue
[2026-04-18T06:32:58.333+0000] {logging_mixin.py:188} INFO - [2026-04-18T06:32:58.333+0000] {dagbag.py:538} INFO - Filling up the DagBag from /opt/airflow/dags/hello_goodbye_dag.py
[2026-04-18T06:32:58.346+0000] {processor.py:840} INFO - DAG(s) 'hello_goodbye_dag' retrieved from /opt/airflow/dags/hello_goodbye_dag.py
[2026-04-18T06:32:58.408+0000] {logging_mixin.py:188} INFO - [2026-04-18T06:32:58.407+0000] {dag.py:3036} INFO - Sync 1 DAGs
[2026-04-18T06:32:58.425+0000] {logging_mixin.py:188} INFO - [2026-04-18T06:32:58.424+0000] {dag.py:3823} INFO - Setting next_dagrun for hello_goodbye_dag to None, run_after=None
[2026-04-18T06:32:58.452+0000] {processor.py:183} INFO - Processing /opt/airflow/dags/hello_goodbye_dag.py took 0.129 seconds
[2026-04-18T06:33:29.382+0000] {processor.py:161} INFO - Started process (PID=52) to work on /opt/airflow/dags/hello_goodbye_dag.py
[2026-04-18T06:33:29.383+0000] {processor.py:830} INFO - Processing file /opt/airflow/dags/hello_goodbye_dag.py for tasks to queue
[2026-04-18T06:33:29.384+0000] {logging_mixin.py:188} INFO - [2026-04-18T06:33:29.384+0000] {dagbag.py:538} INFO - Filling up the DagBag from /opt/airflow/dags/hello_goodbye_dag.py
[2026-04-18T06:33:29.391+0000] {processor.py:840} INFO - DAG(s) 'hello_goodbye_dag' retrieved from /opt/airflow/dags/hello_goodbye_dag.py
[2026-04-18T06:33:29.469+0000] {logging_mixin.py:188} INFO - [2026-04-18T06:33:29.469+0000] {dag.py:3036} INFO - Sync 1 DAGs
[2026-04-18T06:33:29.475+0000] {logging_mixin.py:188} INFO - [2026-04-18T06:33:29.475+0000] {dag.py:3823} INFO - Setting next_dagrun for hello_goodbye_dag to None, run_after=None
[2026-04-18T06:33:29.485+0000] {processor.py:183} INFO - Processing /opt/airflow/dags/hello_goodbye_dag.py took 0.106 seconds
[2026-04-18T06:33:59.749+0000] {processor.py:161} INFO - Started process (PID=55) to work on /opt/airflow/dags/hello_goodbye_dag.py
[2026-04-18T06:33:59.750+0000] {processor.py:830} INFO - Processing file /opt/airflow/dags/hello_goodbye_dag.py for tasks to queue
[2026-04-18T06:33:59.751+0000] {logging_mixin.py:188} INFO - [2026-04-18T06:33:59.751+0000] {dagbag.py:538} INFO - Filling up the DagBag from /opt/airflow/dags/hello_goodbye_dag.py
[2026-04-18T06:33:59.760+0000] {processor.py:840} INFO - DAG(s) 'hello_goodbye_dag' retrieved from /opt/airflow/dags/hello_goodbye_dag.py
[2026-04-18T06:33:59.778+0000] {logging_mixin.py:188} INFO - [2026-04-18T06:33:59.778+0000] {dag.py:3036} INFO - Sync 1 DAGs
[2026-04-18T06:33:59.786+0000] {logging_mixin.py:188} INFO - [2026-04-18T06:33:59.786+0000] {dag.py:3823} INFO - Setting next_dagrun for hello_goodbye_dag to None, run_after=None
[2026-04-18T06:33:59.797+0000] {processor.py:183} INFO - Processing /opt/airflow/dags/hello_goodbye_dag.py took 0.051 seconds
[2026-04-18T06:34:30.065+0000] {processor.py:161} INFO - Started process (PID=58) to work on /opt/airflow/dags/hello_goodbye_dag.py
[2026-04-18T06:34:30.066+0000] {processor.py:830} INFO - Processing file /opt/airflow/dags/hello_goodbye_dag.py for tasks to queue
[2026-04-18T06:34:30.068+0000] {logging_mixin.py:188} INFO - [2026-04-18T06:34:30.068+0000] {dagbag.py:538} INFO - Filling up the DagBag from /opt/airflow/dags/hello_goodbye_dag.py
[2026-04-18T06:34:30.076+0000] {processor.py:840} INFO - DAG(s) 'hello_goodbye_dag' retrieved from /opt/airflow/dags/hello_goodbye_dag.py
[2026-04-18T06:34:30.095+0000] {logging_mixin.py:188} INFO - [2026-04-18T06:34:30.095+0000] {dag.py:3036} INFO - Sync 1 DAGs
[2026-04-18T06:34:30.103+0000] {logging_mixin.py:188} INFO - [2026-04-18T06:34:30.103+0000] {dag.py:3823} INFO - Setting next_dagrun for hello_goodbye_dag to None, run_after=None
[2026-04-18T06:34:30.114+0000] {processor.py:183} INFO - Processing /opt/airflow/dags/hello_goodbye_dag.py took 0.053 seconds
[2026-04-18T06:35:00.404+0000] {processor.py:161} INFO - Started process (PID=61) to work on /opt/airflow/dags/hello_goodbye_dag.py
[2026-04-18T06:35:00.406+0000] {processor.py:830} INFO - Processing file /opt/airflow/dags/hello_goodbye_dag.py for tasks to queue
[2026-04-18T06:35:00.408+0000] {logging_mixin.py:188} INFO - [2026-04-18T06:35:00.408+0000] {dagbag.py:538} INFO - Filling up the DagBag from /opt/airflow/dags/hello_goodbye_dag.py
[2026-04-18T06:35:00.416+0000] {processor.py:840} INFO - DAG(s) 'hello_goodbye_dag' retrieved from /opt/airflow/dags/hello_goodbye_dag.py
[2026-04-18T06:35:00.435+0000] {logging_mixin.py:188} INFO - [2026-04-18T06:35:00.435+0000] {dag.py:3036} INFO - Sync 1 DAGs
[2026-04-18T06:35:00.444+0000] {logging_mixin.py:188} INFO - [2026-04-18T06:35:00.444+0000] {dag.py:3823} INFO - Setting next_dagrun for hello_goodbye_dag to None, run_after=None
[2026-04-18T06:35:00.455+0000] {processor.py:183} INFO - Processing /opt/airflow/dags/hello_goodbye_dag.py took 0.056 seconds
[2026-04-18T06:35:30.793+0000] {processor.py:161} INFO - Started process (PID=64) to work on /opt/airflow/dags/hello_goodbye_dag.py
[2026-04-18T06:35:30.794+0000] {processor.py:830} INFO - Processing file /opt/airflow/dags/hello_goodbye_dag.py for tasks to queue
[2026-04-18T06:35:30.797+0000] {logging_mixin.py:188} INFO - [2026-04-18T06:35:30.796+0000] {dagbag.py:538} INFO - Filling up the DagBag from /opt/airflow/dags/hello_goodbye_dag.py
[2026-04-18T06:35:30.805+0000] {processor.py:840} INFO - DAG(s) 'hello_goodbye_dag' retrieved from /opt/airflow/dags/hello_goodbye_dag.py
[2026-04-18T06:35:30.824+0000] {logging_mixin.py:188} INFO - [2026-04-18T06:35:30.824+0000] {dag.py:3036} INFO - Sync 1 DAGs
[2026-04-18T06:35:30.832+0000] {logging_mixin.py:188} INFO - [2026-04-18T06:35:30.832+0000] {dag.py:3823} INFO - Setting next_dagrun for hello_goodbye_dag to None, run_after=None
[2026-04-18T06:35:30.844+0000] {processor.py:183} INFO - Processing /opt/airflow/dags/hello_goodbye_dag.py took 0.057 seconds
[2026-04-18T06:36:01.144+0000] {processor.py:161} INFO - Started process (PID=67) to work on /opt/airflow/dags/hello_goodbye_dag.py
[2026-04-18T06:36:01.145+0000] {processor.py:830} INFO - Processing file /opt/airflow/dags/hello_goodbye_dag.py for tasks to queue
[2026-04-18T06:36:01.147+0000] {logging_mixin.py:188} INFO - [2026-04-18T06:36:01.147+0000] {dagbag.py:538} INFO - Filling up the DagBag from /opt/airflow/dags/hello_goodbye_dag.py
[2026-04-18T06:36:01.154+0000] {processor.py:840} INFO - DAG(s) 'hello_goodbye_dag' retrieved from /opt/airflow/dags/hello_goodbye_dag.py
[2026-04-18T06:36:01.172+0000] {logging_mixin.py:188} INFO - [2026-04-18T06:36:01.171+0000] {dag.py:3036} INFO - Sync 1 DAGs
[2026-04-18T06:36:01.179+0000] {logging_mixin.py:188} INFO - [2026-04-18T06:36:01.179+0000] {dag.py:3823} INFO - Setting next_dagrun for hello_goodbye_dag to None, run_after=None
[2026-04-18T06:36:01.190+0000] {processor.py:183} INFO - Processing /opt/airflow/dags/hello_goodbye_dag.py took 0.050 seconds
[2026-04-18T06:36:31.492+0000] {processor.py:161} INFO - Started process (PID=70) to work on /opt/airflow/dags/hello_goodbye_dag.py
[2026-04-18T06:36:31.493+0000] {processor.py:830} INFO - Processing file /opt/airflow/dags/hello_goodbye_dag.py for tasks to queue
[2026-04-18T06:36:31.495+0000] {logging_mixin.py:188} INFO - [2026-04-18T06:36:31.494+0000] {dagbag.py:538} INFO - Filling up the DagBag from /opt/airflow/dags/hello_goodbye_dag.py
[2026-04-18T06:36:31.501+0000] {processor.py:840} INFO - DAG(s) 'hello_goodbye_dag' retrieved from /opt/airflow/dags/hello_goodbye_dag.py
[2026-04-18T06:36:31.519+0000] {logging_mixin.py:188} INFO - [2026-04-18T06:36:31.519+0000] {dag.py:3036} INFO - Sync 1 DAGs
[2026-04-18T06:36:31.527+0000] {logging_mixin.py:188} INFO - [2026-04-18T06:36:31.527+0000] {dag.py:3823} INFO - Setting next_dagrun for hello_goodbye_dag to None, run_after=None
[2026-04-18T06:36:31.538+0000] {processor.py:183} INFO - Processing /opt/airflow/dags/hello_goodbye_dag.py took 0.049 seconds
[2026-04-18T06:37:01.860+0000] {processor.py:161} INFO - Started process (PID=73) to work on /opt/airflow/dags/hello_goodbye_dag.py
[2026-04-18T06:37:01.861+0000] {processor.py:830} INFO - Processing file /opt/airflow/dags/hello_goodbye_dag.py for tasks to queue
[2026-04-18T06:37:01.863+0000] {logging_mixin.py:188} INFO - [2026-04-18T06:37:01.863+0000] {dagbag.py:538} INFO - Filling up the DagBag from /opt/airflow/dags/hello_goodbye_dag.py
[2026-04-18T06:37:01.871+0000] {processor.py:840} INFO - DAG(s) 'hello_goodbye_dag' retrieved from /opt/airflow/dags/hello_goodbye_dag.py
[2026-04-18T06:37:01.888+0000] {logging_mixin.py:188} INFO - [2026-04-18T06:37:01.888+0000] {dag.py:3036} INFO - Sync 1 DAGs
[2026-04-18T06:37:01.896+0000] {logging_mixin.py:188} INFO - [2026-04-18T06:37:01.896+0000] {dag.py:3823} INFO - Setting next_dagrun for hello_goodbye_dag to None, run_after=None
[2026-04-18T06:37:01.906+0000] {processor.py:183} INFO - Processing /opt/airflow/dags/hello_goodbye_dag.py took 0.050 seconds
[2026-04-18T06:37:32.205+0000] {processor.py:161} INFO - Started process (PID=76) to work on /opt/airflow/dags/hello_goodbye_dag.py
[2026-04-18T06:37:32.207+0000] {processor.py:830} INFO - Processing file /opt/airflow/dags/hello_goodbye_dag.py for tasks to queue
[2026-04-18T06:37:32.209+0000] {logging_mixin.py:188} INFO - [2026-04-18T06:37:32.209+0000] {dagbag.py:538} INFO - Filling up the DagBag from /opt/airflow/dags/hello_goodbye_dag.py
[2026-04-18T06:37:32.217+0000] {processor.py:840} INFO - DAG(s) 'hello_goodbye_dag' retrieved from /opt/airflow/dags/hello_goodbye_dag.py
[2026-04-18T06:37:32.235+0000] {logging_mixin.py:188} INFO - [2026-04-18T06:37:32.235+0000] {dag.py:3036} INFO - Sync 1 DAGs
[2026-04-18T06:37:32.243+0000] {logging_mixin.py:188} INFO - [2026-04-18T06:37:32.243+0000] {dag.py:3823} INFO - Setting next_dagrun for hello_goodbye_dag to None, run_after=None
[2026-04-18T06:37:32.253+0000] {processor.py:183} INFO - Processing /opt/airflow/dags/hello_goodbye_dag.py took 0.053 seconds
[2026-04-18T06:38:02.609+0000] {processor.py:161} INFO - Started process (PID=79) to work on /opt/airflow/dags/hello_goodbye_dag.py
[2026-04-18T06:38:02.611+0000] {processor.py:830} INFO - Processing file /opt/airflow/dags/hello_goodbye_dag.py for tasks to queue
[2026-04-18T06:38:02.614+0000] {logging_mixin.py:188} INFO - [2026-04-18T06:38:02.613+0000] {dagbag.py:538} INFO - Filling up the DagBag from /opt/airflow/dags/hello_goodbye_dag.py
[2026-04-18T06:38:02.622+0000] {processor.py:840} INFO - DAG(s) 'hello_goodbye_dag' retrieved from /opt/airflow/dags/hello_goodbye_dag.py
[2026-04-18T06:38:02.640+0000] {logging_mixin.py:188} INFO - [2026-04-18T06:38:02.640+0000] {dag.py:3036} INFO - Sync 1 DAGs
[2026-04-18T06:38:02.648+0000] {logging_mixin.py:188} INFO - [2026-04-18T06:38:02.648+0000] {dag.py:3823} INFO - Setting next_dagrun for hello_goodbye_dag to None, run_after=None
[2026-04-18T06:38:02.659+0000] {processor.py:183} INFO - Processing /opt/airflow/dags/hello_goodbye_dag.py took 0.055 seconds
[2026-04-18T06:38:32.978+0000] {processor.py:161} INFO - Started process (PID=82) to work on /opt/airflow/dags/hello_goodbye_dag.py
[2026-04-18T06:38:32.979+0000] {processor.py:830} INFO - Processing file /opt/airflow/dags/hello_goodbye_dag.py for tasks to queue
[2026-04-18T06:38:32.981+0000] {logging_mixin.py:188} INFO - [2026-04-18T06:38:32.981+0000] {dagbag.py:538} INFO - Filling up the DagBag from /opt/airflow/dags/hello_goodbye_dag.py
[2026-04-18T06:38:32.988+0000] {processor.py:840} INFO - DAG(s) 'hello_goodbye_dag' retrieved from /opt/airflow/dags/hello_goodbye_dag.py
[2026-04-18T06:38:33.006+0000] {logging_mixin.py:188} INFO - [2026-04-18T06:38:33.006+0000] {dag.py:3036} INFO - Sync 1 DAGs
[2026-04-18T06:38:33.013+0000] {logging_mixin.py:188} INFO - [2026-04-18T06:38:33.013+0000] {dag.py:3823} INFO - Setting next_dagrun for hello_goodbye_dag to None, run_after=None
[2026-04-18T06:38:33.023+0000] {processor.py:183} INFO - Processing /opt/airflow/dags/hello_goodbye_dag.py took 0.051 seconds
[2026-04-18T06:39:03.388+0000] {processor.py:161} INFO - Started process (PID=85) to work on /opt/airflow/dags/hello_goodbye_dag.py
[2026-04-18T06:39:03.396+0000] {processor.py:830} INFO - Processing file /opt/airflow/dags/hello_goodbye_dag.py for tasks to queue
[2026-04-18T06:39:03.402+0000] {logging_mixin.py:188} INFO - [2026-04-18T06:39:03.401+0000] {dagbag.py:538} INFO - Filling up the DagBag from /opt/airflow/dags/hello_goodbye_dag.py
[2026-04-18T06:39:03.413+0000] {processor.py:840} INFO - DAG(s) 'hello_goodbye_dag' retrieved from /opt/airflow/dags/hello_goodbye_dag.py
[2026-04-18T06:39:03.436+0000] {logging_mixin.py:188} INFO - [2026-04-18T06:39:03.436+0000] {dag.py:3036} INFO - Sync 1 DAGs
[2026-04-18T06:39:03.445+0000] {logging_mixin.py:188} INFO - [2026-04-18T06:39:03.445+0000] {dag.py:3823} INFO - Setting next_dagrun for hello_goodbye_dag to None, run_after=None
[2026-04-18T06:39:03.458+0000] {processor.py:183} INFO - Processing /opt/airflow/dags/hello_goodbye_dag.py took 0.075 seconds
[2026-04-18T06:39:33.784+0000] {processor.py:161} INFO - Started process (PID=88) to work on /opt/airflow/dags/hello_goodbye_dag.py
[2026-04-18T06:39:33.785+0000] {processor.py:830} INFO - Processing file /opt/airflow/dags/hello_goodbye_dag.py for tasks to queue
[2026-04-18T06:39:33.787+0000] {logging_mixin.py:188} INFO - [2026-04-18T06:39:33.787+0000] {dagbag.py:538} INFO - Filling up the DagBag from /opt/airflow/dags/hello_goodbye_dag.py
[2026-04-18T06:39:33.794+0000] {processor.py:840} INFO - DAG(s) 'hello_goodbye_dag' retrieved from /opt/airflow/dags/hello_goodbye_dag.py
[2026-04-18T06:39:33.812+0000] {logging_mixin.py:188} INFO - [2026-04-18T06:39:33.812+0000] {dag.py:3036} INFO - Sync 1 DAGs
[2026-04-18T06:39:33.820+0000] {logging_mixin.py:188} INFO - [2026-04-18T06:39:33.820+0000] {dag.py:3823} INFO - Setting next_dagrun for hello_goodbye_dag to None, run_after=None
[2026-04-18T06:39:33.830+0000] {processor.py:183} INFO - Processing /opt/airflow/dags/hello_goodbye_dag.py took 0.050 seconds
[2026-04-18T06:40:04.165+0000] {processor.py:161} INFO - Started process (PID=91) to work on /opt/airflow/dags/hello_goodbye_dag.py
[2026-04-18T06:40:04.167+0000] {processor.py:830} INFO - Processing file /opt/airflow/dags/hello_goodbye_dag.py for tasks to queue
[2026-04-18T06:40:04.170+0000] {logging_mixin.py:188} INFO - [2026-04-18T06:40:04.170+0000] {dagbag.py:538} INFO - Filling up the DagBag from /opt/airflow/dags/hello_goodbye_dag.py
[2026-04-18T06:40:04.178+0000] {processor.py:840} INFO - DAG(s) 'hello_goodbye_dag' retrieved from /opt/airflow/dags/hello_goodbye_dag.py
[2026-04-18T06:40:04.208+0000] {logging_mixin.py:188} INFO - [2026-04-18T06:40:04.207+0000] {dag.py:3036} INFO - Sync 1 DAGs
[2026-04-18T06:40:04.217+0000] {logging_mixin.py:188} INFO - [2026-04-18T06:40:04.217+0000] {dag.py:3823} INFO - Setting next_dagrun for hello_goodbye_dag to None, run_after=None
[2026-04-18T06:40:04.235+0000] {processor.py:183} INFO - Processing /opt/airflow/dags/hello_goodbye_dag.py took 0.072 seconds
[2026-04-18T06:40:34.619+0000] {processor.py:161} INFO - Started process (PID=94) to work on /opt/airflow/dags/hello_goodbye_dag.py
[2026-04-18T06:40:34.621+0000] {processor.py:830} INFO - Processing file /opt/airflow/dags/hello_goodbye_dag.py for tasks to queue
[2026-04-18T06:40:34.625+0000] {logging_mixin.py:188} INFO - [2026-04-18T06:40:34.625+0000] {dagbag.py:538} INFO - Filling up the DagBag from /opt/airflow/dags/hello_goodbye_dag.py
[2026-04-18T06:40:34.633+0000] {processor.py:840} INFO - DAG(s) 'hello_goodbye_dag' retrieved from /opt/airflow/dags/hello_goodbye_dag.py
[2026-04-18T06:40:34.656+0000] {logging_mixin.py:188} INFO - [2026-04-18T06:40:34.656+0000] {dag.py:3036} INFO - Sync 1 DAGs
[2026-04-18T06:40:34.664+0000] {logging_mixin.py:188} INFO - [2026-04-18T06:40:34.663+0000] {dag.py:3823} INFO - Setting next_dagrun for hello_goodbye_dag to None, run_after=None
[2026-04-18T06:40:34.681+0000] {processor.py:183} INFO - Processing /opt/airflow/dags/hello_goodbye_dag.py took 0.067 seconds
[2026-04-18T06:41:05.079+0000] {processor.py:161} INFO - Started process (PID=97) to work on /opt/airflow/dags/hello_goodbye_dag.py
[2026-04-18T06:41:05.080+0000] {processor.py:830} INFO - Processing file /opt/airflow/dags/hello_goodbye_dag.py for tasks to queue
[2026-04-18T06:41:05.085+0000] {logging_mixin.py:188} INFO - [2026-04-18T06:41:05.084+0000] {dagbag.py:538} INFO - Filling up the DagBag from /opt/airflow/dags/hello_goodbye_dag.py
[2026-04-18T06:41:05.095+0000] {processor.py:840} INFO - DAG(s) 'hello_goodbye_dag' retrieved from /opt/airflow/dags/hello_goodbye_dag.py
[2026-04-18T06:41:05.115+0000] {logging_mixin.py:188} INFO - [2026-04-18T06:41:05.115+0000] {dag.py:3036} INFO - Sync 1 DAGs
[2026-04-18T06:41:05.126+0000] {logging_mixin.py:188} INFO - [2026-04-18T06:41:05.126+0000] {dag.py:3823} INFO - Setting next_dagrun for hello_goodbye_dag to None, run_after=None
[2026-04-18T06:41:05.144+0000] {processor.py:183} INFO - Processing /opt/airflow/dags/hello_goodbye_dag.py took 0.069 seconds
[2026-04-18T06:41:35.530+0000] {processor.py:161} INFO - Started process (PID=100) to work on /opt/airflow/dags/hello_goodbye_dag.py
[2026-04-18T06:41:35.532+0000] {processor.py:830} INFO - Processing file /opt/airflow/dags/hello_goodbye_dag.py for tasks to queue
[2026-04-18T06:41:35.538+0000] {logging_mixin.py:188} INFO - [2026-04-18T06:41:35.537+0000] {dagbag.py:538} INFO - Filling up the DagBag from /opt/airflow/dags/hello_goodbye_dag.py
[2026-04-18T06:41:35.552+0000] {processor.py:840} INFO - DAG(s) 'hello_goodbye_dag' retrieved from /opt/airflow/dags/hello_goodbye_dag.py
[2026-04-18T06:41:35.583+0000] {logging_mixin.py:188} INFO - [2026-04-18T06:41:35.583+0000] {dag.py:3036} INFO - Sync 1 DAGs
[2026-04-18T06:41:35.592+0000] {logging_mixin.py:188} INFO - [2026-04-18T06:41:35.592+0000] {dag.py:3823} INFO - Setting next_dagrun for hello_goodbye_dag to None, run_after=None
[2026-04-18T06:41:35.614+0000] {processor.py:183} INFO - Processing /opt/airflow/dags/hello_goodbye_dag.py took 0.088 seconds
[2026-04-18T06:42:06.019+0000] {processor.py:161} INFO - Started process (PID=103) to work on /opt/airflow/dags/hello_goodbye_dag.py
[2026-04-18T06:42:06.021+0000] {processor.py:830} INFO - Processing file /opt/airflow/dags/hello_goodbye_dag.py for tasks to queue
[2026-04-18T06:42:06.023+0000] {logging_mixin.py:188} INFO - [2026-04-18T06:42:06.023+0000] {dagbag.py:538} INFO - Filling up the DagBag from /opt/airflow/dags/hello_goodbye_dag.py
[2026-04-18T06:42:06.036+0000] {processor.py:840} INFO - DAG(s) 'hello_goodbye_dag' retrieved from /opt/airflow/dags/hello_goodbye_dag.py
[2026-04-18T06:42:06.054+0000] {logging_mixin.py:188} INFO - [2026-04-18T06:42:06.054+0000] {dag.py:3036} INFO - Sync 1 DAGs
[2026-04-18T06:42:06.065+0000] {logging_mixin.py:188} INFO - [2026-04-18T06:42:06.065+0000] {dag.py:3823} INFO - Setting next_dagrun for hello_goodbye_dag to None, run_after=None
[2026-04-18T06:42:06.082+0000] {processor.py:183} INFO - Processing /opt/airflow/dags/hello_goodbye_dag.py took 0.068 seconds
[2026-04-18T06:42:36.444+0000] {processor.py:161} INFO - Started process (PID=106) to work on /opt/airflow/dags/hello_goodbye_dag.py
[2026-04-18T06:42:36.447+0000] {processor.py:830} INFO - Processing file /opt/airflow/dags/hello_goodbye_dag.py for tasks to queue
[2026-04-18T06:42:36.450+0000] {logging_mixin.py:188} INFO - [2026-04-18T06:42:36.450+0000] {dagbag.py:538} INFO - Filling up the DagBag from /opt/airflow/dags/hello_goodbye_dag.py
[2026-04-18T06:42:36.459+0000] {processor.py:840} INFO - DAG(s) 'hello_goodbye_dag' retrieved from /opt/airflow/dags/hello_goodbye_dag.py
[2026-04-18T06:42:36.481+0000] {logging_mixin.py:188} INFO - [2026-04-18T06:42:36.481+0000] {dag.py:3036} INFO - Sync 1 DAGs
[2026-04-18T06:42:36.490+0000] {logging_mixin.py:188} INFO - [2026-04-18T06:42:36.490+0000] {dag.py:3823} INFO - Setting next_dagrun for hello_goodbye_dag to None, run_after=None
[2026-04-18T06:42:36.509+0000] {processor.py:183} INFO - Processing /opt/airflow/dags/hello_goodbye_dag.py took 0.070 seconds
[2026-04-18T06:43:06.932+0000] {processor.py:161} INFO - Started process (PID=109) to work on /opt/airflow/dags/hello_goodbye_dag.py
[2026-04-18T06:43:06.934+0000] {processor.py:830} INFO - Processing file /opt/airflow/dags/hello_goodbye_dag.py for tasks to queue
[2026-04-18T06:43:06.939+0000] {logging_mixin.py:188} INFO - [2026-04-18T06:43:06.938+0000] {dagbag.py:538} INFO - Filling up the DagBag from /opt/airflow/dags/hello_goodbye_dag.py
[2026-04-18T06:43:06.950+0000] {processor.py:840} INFO - DAG(s) 'hello_goodbye_dag' retrieved from /opt/airflow/dags/hello_goodbye_dag.py
[2026-04-18T06:43:06.971+0000] {logging_mixin.py:188} INFO - [2026-04-18T06:43:06.971+0000] {dag.py:3036} INFO - Sync 1 DAGs
[2026-04-18T06:43:06.985+0000] {logging_mixin.py:188} INFO - [2026-04-18T06:43:06.985+0000] {dag.py:3823} INFO - Setting next_dagrun for hello_goodbye_dag to None, run_after=None
[2026-04-18T06:43:07.007+0000] {processor.py:183} INFO - Processing /opt/airflow/dags/hello_goodbye_dag.py took 0.080 seconds
[2026-04-18T06:43:37.401+0000] {processor.py:161} INFO - Started process (PID=112) to work on /opt/airflow/dags/hello_goodbye_dag.py
[2026-04-18T06:43:37.402+0000] {processor.py:830} INFO - Processing file /opt/airflow/dags/hello_goodbye_dag.py for tasks to queue
[2026-04-18T06:43:37.406+0000] {logging_mixin.py:188} INFO - [2026-04-18T06:43:37.405+0000] {dagbag.py:538} INFO - Filling up the DagBag from /opt/airflow/dags/hello_goodbye_dag.py
[2026-04-18T06:43:37.418+0000] {processor.py:840} INFO - DAG(s) 'hello_goodbye_dag' retrieved from /opt/airflow/dags/hello_goodbye_dag.py
[2026-04-18T06:43:37.442+0000] {logging_mixin.py:188} INFO - [2026-04-18T06:43:37.442+0000] {dag.py:3036} INFO - Sync 1 DAGs
[2026-04-18T06:43:37.452+0000] {logging_mixin.py:188} INFO - [2026-04-18T06:43:37.451+0000] {dag.py:3823} INFO - Setting next_dagrun for hello_goodbye_dag to None, run_after=None
[2026-04-18T06:43:37.473+0000] {processor.py:183} INFO - Processing /opt/airflow/dags/hello_goodbye_dag.py took 0.075 seconds
[2026-04-18T06:44:07.902+0000] {processor.py:161} INFO - Started process (PID=115) to work on /opt/airflow/dags/hello_goodbye_dag.py
[2026-04-18T06:44:07.904+0000] {processor.py:830} INFO - Processing file /opt/airflow/dags/hello_goodbye_dag.py for tasks to queue
[2026-04-18T06:44:07.907+0000] {logging_mixin.py:188} INFO - [2026-04-18T06:44:07.907+0000] {dagbag.py:538} INFO - Filling up the DagBag from /opt/airflow/dags/hello_goodbye_dag.py
[2026-04-18T06:44:07.925+0000] {processor.py:840} INFO - DAG(s) 'hello_goodbye_dag' retrieved from /opt/airflow/dags/hello_goodbye_dag.py
[2026-04-18T06:44:07.952+0000] {logging_mixin.py:188} INFO - [2026-04-18T06:44:07.951+0000] {dag.py:3036} INFO - Sync 1 DAGs
[2026-04-18T06:44:07.962+0000] {logging_mixin.py:188} INFO - [2026-04-18T06:44:07.962+0000] {dag.py:3823} INFO - Setting next_dagrun for hello_goodbye_dag to None, run_after=None
[2026-04-18T06:44:07.978+0000] {processor.py:183} INFO - Processing /opt/airflow/dags/hello_goodbye_dag.py took 0.081 seconds
[2026-04-18T06:44:38.378+0000] {processor.py:161} INFO - Started process (PID=118) to work on /opt/airflow/dags/hello_goodbye_dag.py
[2026-04-18T06:44:38.379+0000] {processor.py:830} INFO - Processing file /opt/airflow/dags/hello_goodbye_dag.py for tasks to queue
[2026-04-18T06:44:38.382+0000] {logging_mixin.py:188} INFO - [2026-04-18T06:44:38.382+0000] {dagbag.py:538} INFO - Filling up the DagBag from /opt/airflow/dags/hello_goodbye_dag.py
[2026-04-18T06:44:38.394+0000] {processor.py:840} INFO - DAG(s) 'hello_goodbye_dag' retrieved from /opt/airflow/dags/hello_goodbye_dag.py
[2026-04-18T06:44:38.416+0000] {logging_mixin.py:188} INFO - [2026-04-18T06:44:38.416+0000] {dag.py:3036} INFO - Sync 1 DAGs
[2026-04-18T06:44:38.424+0000] {logging_mixin.py:188} INFO - [2026-04-18T06:44:38.424+0000] {dag.py:3823} INFO - Setting next_dagrun for hello_goodbye_dag to None, run_after=None
[2026-04-18T06:44:38.443+0000] {processor.py:183} INFO - Processing /opt/airflow/dags/hello_goodbye_dag.py took 0.068 seconds
[2026-04-18T06:45:08.794+0000] {processor.py:161} INFO - Started process (PID=121) to work on /opt/airflow/dags/hello_goodbye_dag.py
[2026-04-18T06:45:08.797+0000] {processor.py:830} INFO - Processing file /opt/airflow/dags/hello_goodbye_dag.py for tasks to queue
[2026-04-18T06:45:08.801+0000] {logging_mixin.py:188} INFO - [2026-04-18T06:45:08.801+0000] {dagbag.py:538} INFO - Filling up the DagBag from /opt/airflow/dags/hello_goodbye_dag.py
[2026-04-18T06:45:08.808+0000] {processor.py:840} INFO - DAG(s) 'hello_goodbye_dag' retrieved from /opt/airflow/dags/hello_goodbye_dag.py
[2026-04-18T06:45:08.837+0000] {logging_mixin.py:188} INFO - [2026-04-18T06:45:08.836+0000] {dag.py:3036} INFO - Sync 1 DAGs
[2026-04-18T06:45:08.846+0000] {logging_mixin.py:188} INFO - [2026-04-18T06:45:08.846+0000] {dag.py:3823} INFO - Setting next_dagrun for hello_goodbye_dag to None, run_after=None
[2026-04-18T06:45:08.867+0000] {processor.py:183} INFO - Processing /opt/airflow/dags/hello_goodbye_dag.py took 0.075 seconds
[2026-04-18T06:45:39.219+0000] {processor.py:161} INFO - Started process (PID=124) to work on /opt/airflow/dags/hello_goodbye_dag.py
[2026-04-18T06:45:39.221+0000] {processor.py:830} INFO - Processing file /opt/airflow/dags/hello_goodbye_dag.py for tasks to queue
[2026-04-18T06:45:39.225+0000] {logging_mixin.py:188} INFO - [2026-04-18T06:45:39.225+0000] {dagbag.py:538} INFO - Filling up the DagBag from /opt/airflow/dags/hello_goodbye_dag.py
[2026-04-18T06:45:39.236+0000] {processor.py:840} INFO - DAG(s) 'hello_goodbye_dag' retrieved from /opt/airflow/dags/hello_goodbye_dag.py
[2026-04-18T06:45:39.262+0000] {logging_mixin.py:188} INFO - [2026-04-18T06:45:39.261+0000] {dag.py:3036} INFO - Sync 1 DAGs
[2026-04-18T06:45:39.273+0000] {logging_mixin.py:188} INFO - [2026-04-18T06:45:39.273+0000] {dag.py:3823} INFO - Setting next_dagrun for hello_goodbye_dag to None, run_after=None
[2026-04-18T06:45:39.290+0000] {processor.py:183} INFO - Processing /opt/airflow/dags/hello_goodbye_dag.py took 0.075 seconds
[2026-04-18T06:46:09.675+0000] {processor.py:161} INFO - Started process (PID=127) to work on /opt/airflow/dags/hello_goodbye_dag.py
[2026-04-18T06:46:09.677+0000] {processor.py:830} INFO - Processing file /opt/airflow/dags/hello_goodbye_dag.py for tasks to queue
[2026-04-18T06:46:09.742+0000] {logging_mixin.py:188} INFO - [2026-04-18T06:46:09.742+0000] {dagbag.py:538} INFO - Filling up the DagBag from /opt/airflow/dags/hello_goodbye_dag.py
[2026-04-18T06:46:09.754+0000] {processor.py:840} INFO - DAG(s) 'hello_goodbye_dag' retrieved from /opt/airflow/dags/hello_goodbye_dag.py
[2026-04-18T06:46:09.782+0000] {logging_mixin.py:188} INFO - [2026-04-18T06:46:09.782+0000] {dag.py:3036} INFO - Sync 1 DAGs
[2026-04-18T06:46:09.794+0000] {logging_mixin.py:188} INFO - [2026-04-18T06:46:09.794+0000] {dag.py:3823} INFO - Setting next_dagrun for hello_goodbye_dag to None, run_after=None
[2026-04-18T06:46:09.818+0000] {processor.py:183} INFO - Processing /opt/airflow/dags/hello_goodbye_dag.py took 0.147 seconds
[2026-04-18T07:09:12.857+0000] {processor.py:161} INFO - Started process (PID=130) to work on /opt/airflow/dags/hello_goodbye_dag.py
[2026-04-18T07:09:12.859+0000] {processor.py:830} INFO - Processing file /opt/airflow/dags/hello_goodbye_dag.py for tasks to queue
[2026-04-18T07:09:12.863+0000] {logging_mixin.py:188} INFO - [2026-04-18T07:09:12.862+0000] {dagbag.py:538} INFO - Filling up the DagBag from /opt/airflow/dags/hello_goodbye_dag.py
[2026-04-18T07:09:12.884+0000] {processor.py:840} INFO - DAG(s) 'hello_goodbye_dag' retrieved from /opt/airflow/dags/hello_goodbye_dag.py
[2026-04-18T07:09:12.988+0000] {logging_mixin.py:188} INFO - [2026-04-18T07:09:12.987+0000] {dag.py:3036} INFO - Sync 1 DAGs
[2026-04-18T07:09:13.009+0000] {logging_mixin.py:188} INFO - [2026-04-18T07:09:13.007+0000] {dag.py:3823} INFO - Setting next_dagrun for hello_goodbye_dag to None, run_after=None
[2026-04-18T07:09:13.048+0000] {processor.py:183} INFO - Processing /opt/airflow/dags/hello_goodbye_dag.py took 0.196 seconds
[2026-04-18T07:09:43.454+0000] {processor.py:161} INFO - Started process (PID=133) to work on /opt/airflow/dags/hello_goodbye_dag.py
[2026-04-18T07:09:43.454+0000] {processor.py:830} INFO - Processing file /opt/airflow/dags/hello_goodbye_dag.py for tasks to queue
[2026-04-18T07:09:43.456+0000] {logging_mixin.py:188} INFO - [2026-04-18T07:09:43.456+0000] {dagbag.py:538} INFO - Filling up the DagBag from /opt/airflow/dags/hello_goodbye_dag.py
[2026-04-18T07:09:43.464+0000] {processor.py:840} INFO - DAG(s) 'hello_goodbye_dag' retrieved from /opt/airflow/dags/hello_goodbye_dag.py
[2026-04-18T07:09:43.488+0000] {logging_mixin.py:188} INFO - [2026-04-18T07:09:43.487+0000] {dag.py:3036} INFO - Sync 1 DAGs
[2026-04-18T07:09:43.495+0000] {logging_mixin.py:188} INFO - [2026-04-18T07:09:43.495+0000] {dag.py:3823} INFO - Setting next_dagrun for hello_goodbye_dag to None, run_after=None
[2026-04-18T07:09:43.510+0000] {processor.py:183} INFO - Processing /opt/airflow/dags/hello_goodbye_dag.py took 0.059 seconds
[2026-04-18T08:46:44.994+0000] {processor.py:161} INFO - Started process (PID=136) to work on /opt/airflow/dags/hello_goodbye_dag.py
[2026-04-18T08:46:44.995+0000] {processor.py:830} INFO - Processing file /opt/airflow/dags/hello_goodbye_dag.py for tasks to queue
[2026-04-18T08:46:44.998+0000] {logging_mixin.py:188} INFO - [2026-04-18T08:46:44.998+0000] {dagbag.py:538} INFO - Filling up the DagBag from /opt/airflow/dags/hello_goodbye_dag.py
[2026-04-18T08:46:45.008+0000] {processor.py:840} INFO - DAG(s) 'hello_goodbye_dag' retrieved from /opt/airflow/dags/hello_goodbye_dag.py
[2026-04-18T08:46:45.027+0000] {logging_mixin.py:188} INFO - [2026-04-18T08:46:45.026+0000] {dag.py:3036} INFO - Sync 1 DAGs
[2026-04-18T08:46:45.036+0000] {logging_mixin.py:188} INFO - [2026-04-18T08:46:45.036+0000] {dag.py:3823} INFO - Setting next_dagrun for hello_goodbye_dag to None, run_after=None
[2026-04-18T08:46:45.052+0000] {processor.py:183} INFO - Processing /opt/airflow/dags/hello_goodbye_dag.py took 0.061 seconds
[2026-04-18T10:16:29.145+0000] {processor.py:161} INFO - Started process (PID=139) to work on /opt/airflow/dags/hello_goodbye_dag.py
[2026-04-18T10:16:29.156+0000] {processor.py:830} INFO - Processing file /opt/airflow/dags/hello_goodbye_dag.py for tasks to queue
[2026-04-18T10:16:29.243+0000] {logging_mixin.py:188} INFO - [2026-04-18T10:16:29.242+0000] {dagbag.py:538} INFO - Filling up the DagBag from /opt/airflow/dags/hello_goodbye_dag.py
[2026-04-18T10:16:29.362+0000] {processor.py:840} INFO - DAG(s) 'hello_goodbye_dag' retrieved from /opt/airflow/dags/hello_goodbye_dag.py
[2026-04-18T10:16:29.558+0000] {logging_mixin.py:188} INFO - [2026-04-18T10:16:29.558+0000] {dag.py:3036} INFO - Sync 1 DAGs
[2026-04-18T10:16:29.630+0000] {logging_mixin.py:188} INFO - [2026-04-18T10:16:29.622+0000] {dag.py:3823} INFO - Setting next_dagrun for hello_goodbye_dag to None, run_after=None
[2026-04-18T10:16:29.882+0000] {processor.py:183} INFO - Processing /opt/airflow/dags/hello_goodbye_dag.py took 0.742 seconds
[2026-04-18T10:17:00.677+0000] {processor.py:161} INFO - Started process (PID=142) to work on /opt/airflow/dags/hello_goodbye_dag.py
[2026-04-18T10:17:00.679+0000] {processor.py:830} INFO - Processing file /opt/airflow/dags/hello_goodbye_dag.py for tasks to queue
[2026-04-18T10:17:00.681+0000] {logging_mixin.py:188} INFO - [2026-04-18T10:17:00.681+0000] {dagbag.py:538} INFO - Filling up the DagBag from /opt/airflow/dags/hello_goodbye_dag.py
[2026-04-18T10:17:00.691+0000] {processor.py:840} INFO - DAG(s) 'hello_goodbye_dag' retrieved from /opt/airflow/dags/hello_goodbye_dag.py
[2026-04-18T10:17:00.713+0000] {logging_mixin.py:188} INFO - [2026-04-18T10:17:00.713+0000] {dag.py:3036} INFO - Sync 1 DAGs
[2026-04-18T10:17:00.724+0000] {logging_mixin.py:188} INFO - [2026-04-18T10:17:00.724+0000] {dag.py:3823} INFO - Setting next_dagrun for hello_goodbye_dag to None, run_after=None
[2026-04-18T10:17:00.742+0000] {processor.py:183} INFO - Processing /opt/airflow/dags/hello_goodbye_dag.py took 0.070 seconds
[2026-04-18T11:53:52.059+0000] {processor.py:161} INFO - Started process (PID=145) to work on /opt/airflow/dags/hello_goodbye_dag.py
[2026-04-18T11:53:52.060+0000] {processor.py:830} INFO - Processing file /opt/airflow/dags/hello_goodbye_dag.py for tasks to queue
[2026-04-18T11:53:52.062+0000] {logging_mixin.py:188} INFO - [2026-04-18T11:53:52.062+0000] {dagbag.py:538} INFO - Filling up the DagBag from /opt/airflow/dags/hello_goodbye_dag.py
[2026-04-18T11:53:52.072+0000] {processor.py:840} INFO - DAG(s) 'hello_goodbye_dag' retrieved from /opt/airflow/dags/hello_goodbye_dag.py
[2026-04-18T11:53:52.093+0000] {logging_mixin.py:188} INFO - [2026-04-18T11:53:52.092+0000] {dag.py:3036} INFO - Sync 1 DAGs
[2026-04-18T11:53:52.102+0000] {logging_mixin.py:188} INFO - [2026-04-18T11:53:52.102+0000] {dag.py:3823} INFO - Setting next_dagrun for hello_goodbye_dag to None, run_after=None
[2026-04-18T11:53:52.116+0000] {processor.py:183} INFO - Processing /opt/airflow/dags/hello_goodbye_dag.py took 0.060 seconds
[2026-04-18T11:54:22.578+0000] {processor.py:161} INFO - Started process (PID=148) to work on /opt/airflow/dags/hello_goodbye_dag.py
[2026-04-18T11:54:22.580+0000] {processor.py:830} INFO - Processing file /opt/airflow/dags/hello_goodbye_dag.py for tasks to queue
[2026-04-18T11:54:22.586+0000] {logging_mixin.py:188} INFO - [2026-04-18T11:54:22.585+0000] {dagbag.py:538} INFO - Filling up the DagBag from /opt/airflow/dags/hello_goodbye_dag.py
[2026-04-18T11:54:22.598+0000] {processor.py:840} INFO - DAG(s) 'hello_goodbye_dag' retrieved from /opt/airflow/dags/hello_goodbye_dag.py
[2026-04-18T11:54:22.622+0000] {logging_mixin.py:188} INFO - [2026-04-18T11:54:22.622+0000] {dag.py:3036} INFO - Sync 1 DAGs
[2026-04-18T11:54:22.630+0000] {logging_mixin.py:188} INFO - [2026-04-18T11:54:22.630+0000] {dag.py:3823} INFO - Setting next_dagrun for hello_goodbye_dag to None, run_after=None
[2026-04-18T11:54:22.644+0000] {processor.py:183} INFO - Processing /opt/airflow/dags/hello_goodbye_dag.py took 0.071 seconds
[2026-04-18T12:40:40.986+0000] {processor.py:161} INFO - Started process (PID=151) to work on /opt/airflow/dags/hello_goodbye_dag.py
[2026-04-18T12:40:40.987+0000] {processor.py:830} INFO - Processing file /opt/airflow/dags/hello_goodbye_dag.py for tasks to queue
[2026-04-18T12:40:40.990+0000] {logging_mixin.py:188} INFO - [2026-04-18T12:40:40.990+0000] {dagbag.py:538} INFO - Filling up the DagBag from /opt/airflow/dags/hello_goodbye_dag.py
[2026-04-18T12:40:40.998+0000] {processor.py:840} INFO - DAG(s) 'hello_goodbye_dag' retrieved from /opt/airflow/dags/hello_goodbye_dag.py
[2026-04-18T12:40:41.020+0000] {logging_mixin.py:188} INFO - [2026-04-18T12:40:41.020+0000] {dag.py:3036} INFO - Sync 1 DAGs
[2026-04-18T12:40:41.030+0000] {logging_mixin.py:188} INFO - [2026-04-18T12:40:41.030+0000] {dag.py:3823} INFO - Setting next_dagrun for hello_goodbye_dag to None, run_after=None
[2026-04-18T12:40:41.047+0000] {processor.py:183} INFO - Processing /opt/airflow/dags/hello_goodbye_dag.py took 0.064 seconds
[2026-04-18T14:17:32.234+0000] {processor.py:161} INFO - Started process (PID=154) to work on /opt/airflow/dags/hello_goodbye_dag.py
[2026-04-18T14:17:32.240+0000] {processor.py:830} INFO - Processing file /opt/airflow/dags/hello_goodbye_dag.py for tasks to queue
[2026-04-18T14:17:32.249+0000] {logging_mixin.py:188} INFO - [2026-04-18T14:17:32.248+0000] {dagbag.py:538} INFO - Filling up the DagBag from /opt/airflow/dags/hello_goodbye_dag.py
[2026-04-18T14:17:32.282+0000] {processor.py:840} INFO - DAG(s) 'hello_goodbye_dag' retrieved from /opt/airflow/dags/hello_goodbye_dag.py
[2026-04-18T14:17:32.326+0000] {logging_mixin.py:188} INFO - [2026-04-18T14:17:32.326+0000] {dag.py:3036} INFO - Sync 1 DAGs
[2026-04-18T14:17:32.343+0000] {logging_mixin.py:188} INFO - [2026-04-18T14:17:32.342+0000] {dag.py:3823} INFO - Setting next_dagrun for hello_goodbye_dag to None, run_after=None
[2026-04-18T14:17:32.376+0000] {processor.py:183} INFO - Processing /opt/airflow/dags/hello_goodbye_dag.py took 0.152 seconds
[2026-04-18T14:18:02.768+0000] {processor.py:161} INFO - Started process (PID=157) to work on /opt/airflow/dags/hello_goodbye_dag.py
[2026-04-18T14:18:02.770+0000] {processor.py:830} INFO - Processing file /opt/airflow/dags/hello_goodbye_dag.py for tasks to queue
[2026-04-18T14:18:02.772+0000] {logging_mixin.py:188} INFO - [2026-04-18T14:18:02.772+0000] {dagbag.py:538} INFO - Filling up the DagBag from /opt/airflow/dags/hello_goodbye_dag.py
[2026-04-18T14:18:02.783+0000] {processor.py:840} INFO - DAG(s) 'hello_goodbye_dag' retrieved from /opt/airflow/dags/hello_goodbye_dag.py
[2026-04-18T14:18:02.810+0000] {logging_mixin.py:188} INFO - [2026-04-18T14:18:02.810+0000] {dag.py:3036} INFO - Sync 1 DAGs
[2026-04-18T14:18:02.818+0000] {logging_mixin.py:188} INFO - [2026-04-18T14:18:02.818+0000] {dag.py:3823} INFO - Setting next_dagrun for hello_goodbye_dag to None, run_after=None
[2026-04-18T14:18:02.839+0000] {processor.py:183} INFO - Processing /opt/airflow/dags/hello_goodbye_dag.py took 0.076 seconds
[2026-04-18T14:41:38.312+0000] {processor.py:161} INFO - Started process (PID=160) to work on /opt/airflow/dags/hello_goodbye_dag.py
[2026-04-18T14:41:38.313+0000] {processor.py:830} INFO - Processing file /opt/airflow/dags/hello_goodbye_dag.py for tasks to queue
[2026-04-18T14:41:38.315+0000] {logging_mixin.py:188} INFO - [2026-04-18T14:41:38.315+0000] {dagbag.py:538} INFO - Filling up the DagBag from /opt/airflow/dags/hello_goodbye_dag.py
[2026-04-18T14:41:38.326+0000] {processor.py:840} INFO - DAG(s) 'hello_goodbye_dag' retrieved from /opt/airflow/dags/hello_goodbye_dag.py
[2026-04-18T14:41:38.351+0000] {logging_mixin.py:188} INFO - [2026-04-18T14:41:38.351+0000] {dag.py:3036} INFO - Sync 1 DAGs
[2026-04-18T14:41:38.360+0000] {logging_mixin.py:188} INFO - [2026-04-18T14:41:38.360+0000] {dag.py:3823} INFO - Setting next_dagrun for hello_goodbye_dag to None, run_after=None
[2026-04-18T14:41:38.376+0000] {processor.py:183} INFO - Processing /opt/airflow/dags/hello_goodbye_dag.py took 0.068 seconds
[2026-04-18T15:42:24.530+0000] {processor.py:161} INFO - Started process (PID=163) to work on /opt/airflow/dags/hello_goodbye_dag.py
[2026-04-18T15:42:24.532+0000] {processor.py:830} INFO - Processing file /opt/airflow/dags/hello_goodbye_dag.py for tasks to queue
[2026-04-18T15:42:24.533+0000] {logging_mixin.py:188} INFO - [2026-04-18T15:42:24.533+0000] {dagbag.py:538} INFO - Filling up the DagBag from /opt/airflow/dags/hello_goodbye_dag.py
[2026-04-18T15:42:24.546+0000] {processor.py:840} INFO - DAG(s) 'hello_goodbye_dag' retrieved from /opt/airflow/dags/hello_goodbye_dag.py
[2026-04-18T15:42:24.573+0000] {logging_mixin.py:188} INFO - [2026-04-18T15:42:24.573+0000] {dag.py:3036} INFO - Sync 1 DAGs
[2026-04-18T15:42:24.587+0000] {logging_mixin.py:188} INFO - [2026-04-18T15:42:24.587+0000] {dag.py:3823} INFO - Setting next_dagrun for hello_goodbye_dag to None, run_after=None
[2026-04-18T15:42:24.611+0000] {processor.py:183} INFO - Processing /opt/airflow/dags/hello_goodbye_dag.py took 0.084 seconds
[2026-04-18T15:42:55.447+0000] {processor.py:161} INFO - Started process (PID=166) to work on /opt/airflow/dags/hello_goodbye_dag.py
[2026-04-18T15:42:55.450+0000] {processor.py:830} INFO - Processing file /opt/airflow/dags/hello_goodbye_dag.py for tasks to queue
[2026-04-18T15:42:55.454+0000] {logging_mixin.py:188} INFO - [2026-04-18T15:42:55.453+0000] {dagbag.py:538} INFO - Filling up the DagBag from /opt/airflow/dags/hello_goodbye_dag.py
[2026-04-18T15:42:55.465+0000] {processor.py:840} INFO - DAG(s) 'hello_goodbye_dag' retrieved from /opt/airflow/dags/hello_goodbye_dag.py
[2026-04-18T15:42:55.485+0000] {logging_mixin.py:188} INFO - [2026-04-18T15:42:55.485+0000] {dag.py:3036} INFO - Sync 1 DAGs
[2026-04-18T15:42:55.493+0000] {logging_mixin.py:188} INFO - [2026-04-18T15:42:55.493+0000] {dag.py:3823} INFO - Setting next_dagrun for hello_goodbye_dag to None, run_after=None
[2026-04-18T15:42:55.511+0000] {processor.py:183} INFO - Processing /opt/airflow/dags/hello_goodbye_dag.py took 0.069 seconds
[2026-04-18T15:58:11.178+0000] {processor.py:161} INFO - Started process (PID=169) to work on /opt/airflow/dags/hello_goodbye_dag.py
[2026-04-18T15:58:11.180+0000] {processor.py:830} INFO - Processing file /opt/airflow/dags/hello_goodbye_dag.py for tasks to queue
[2026-04-18T15:58:11.182+0000] {logging_mixin.py:188} INFO - [2026-04-18T15:58:11.182+0000] {dagbag.py:538} INFO - Filling up the DagBag from /opt/airflow/dags/hello_goodbye_dag.py
[2026-04-18T15:58:11.195+0000] {processor.py:840} INFO - DAG(s) 'hello_goodbye_dag' retrieved from /opt/airflow/dags/hello_goodbye_dag.py
[2026-04-18T15:58:11.226+0000] {logging_mixin.py:188} INFO - [2026-04-18T15:58:11.225+0000] {dag.py:3036} INFO - Sync 1 DAGs
[2026-04-18T15:58:11.238+0000] {logging_mixin.py:188} INFO - [2026-04-18T15:58:11.238+0000] {dag.py:3823} INFO - Setting next_dagrun for hello_goodbye_dag to None, run_after=None
[2026-04-18T15:58:11.262+0000] {processor.py:183} INFO - Processing /opt/airflow/dags/hello_goodbye_dag.py took 0.087 seconds
[2026-04-18T16:43:43.478+0000] {processor.py:161} INFO - Started process (PID=172) to work on /opt/airflow/dags/hello_goodbye_dag.py
[2026-04-18T16:43:43.479+0000] {processor.py:830} INFO - Processing file /opt/airflow/dags/hello_goodbye_dag.py for tasks to queue
[2026-04-18T16:43:43.481+0000] {logging_mixin.py:188} INFO - [2026-04-18T16:43:43.481+0000] {dagbag.py:538} INFO - Filling up the DagBag from /opt/airflow/dags/hello_goodbye_dag.py
[2026-04-18T16:43:43.489+0000] {processor.py:840} INFO - DAG(s) 'hello_goodbye_dag' retrieved from /opt/airflow/dags/hello_goodbye_dag.py
[2026-04-18T16:43:43.513+0000] {logging_mixin.py:188} INFO - [2026-04-18T16:43:43.512+0000] {dag.py:3036} INFO - Sync 1 DAGs
[2026-04-18T16:43:43.522+0000] {logging_mixin.py:188} INFO - [2026-04-18T16:43:43.522+0000] {dag.py:3823} INFO - Setting next_dagrun for hello_goodbye_dag to None, run_after=None
[2026-04-18T16:43:43.540+0000] {processor.py:183} INFO - Processing /opt/airflow/dags/hello_goodbye_dag.py took 0.064 seconds
[2026-04-18T16:44:20.234+0000] {processor.py:161} INFO - Started process (PID=175) to work on /opt/airflow/dags/hello_goodbye_dag.py
[2026-04-18T16:44:20.235+0000] {processor.py:830} INFO - Processing file /opt/airflow/dags/hello_goodbye_dag.py for tasks to queue
[2026-04-18T16:44:20.239+0000] {logging_mixin.py:188} INFO - [2026-04-18T16:44:20.239+0000] {dagbag.py:538} INFO - Filling up the DagBag from /opt/airflow/dags/hello_goodbye_dag.py
[2026-04-18T16:44:20.248+0000] {processor.py:840} INFO - DAG(s) 'hello_goodbye_dag' retrieved from /opt/airflow/dags/hello_goodbye_dag.py
[2026-04-18T16:44:20.268+0000] {logging_mixin.py:188} INFO - [2026-04-18T16:44:20.268+0000] {dag.py:3036} INFO - Sync 1 DAGs
[2026-04-18T16:44:20.278+0000] {logging_mixin.py:188} INFO - [2026-04-18T16:44:20.278+0000] {dag.py:3823} INFO - Setting next_dagrun for hello_goodbye_dag to None, run_after=None
[2026-04-18T16:44:20.297+0000] {processor.py:183} INFO - Processing /opt/airflow/dags/hello_goodbye_dag.py took 0.069 seconds
[2026-04-18T16:44:50.759+0000] {processor.py:161} INFO - Started process (PID=178) to work on /opt/airflow/dags/hello_goodbye_dag.py
[2026-04-18T16:44:50.761+0000] {processor.py:830} INFO - Processing file /opt/airflow/dags/hello_goodbye_dag.py for tasks to queue
[2026-04-18T16:44:50.765+0000] {logging_mixin.py:188} INFO - [2026-04-18T16:44:50.764+0000] {dagbag.py:538} INFO - Filling up the DagBag from /opt/airflow/dags/hello_goodbye_dag.py
[2026-04-18T16:44:50.773+0000] {processor.py:840} INFO - DAG(s) 'hello_goodbye_dag' retrieved from /opt/airflow/dags/hello_goodbye_dag.py
[2026-04-18T16:44:50.796+0000] {logging_mixin.py:188} INFO - [2026-04-18T16:44:50.796+0000] {dag.py:3036} INFO - Sync 1 DAGs
[2026-04-18T16:44:50.803+0000] {logging_mixin.py:188} INFO - [2026-04-18T16:44:50.803+0000] {dag.py:3823} INFO - Setting next_dagrun for hello_goodbye_dag to None, run_after=None
[2026-04-18T16:44:50.819+0000] {processor.py:183} INFO - Processing /opt/airflow/dags/hello_goodbye_dag.py took 0.065 seconds
[2026-04-18T17:44:30.365+0000] {processor.py:161} INFO - Started process (PID=181) to work on /opt/airflow/dags/hello_goodbye_dag.py
[2026-04-18T17:44:30.366+0000] {processor.py:830} INFO - Processing file /opt/airflow/dags/hello_goodbye_dag.py for tasks to queue
[2026-04-18T17:44:30.369+0000] {logging_mixin.py:188} INFO - [2026-04-18T17:44:30.368+0000] {dagbag.py:538} INFO - Filling up the DagBag from /opt/airflow/dags/hello_goodbye_dag.py
[2026-04-18T17:44:30.382+0000] {processor.py:840} INFO - DAG(s) 'hello_goodbye_dag' retrieved from /opt/airflow/dags/hello_goodbye_dag.py
[2026-04-18T17:44:30.412+0000] {logging_mixin.py:188} INFO - [2026-04-18T17:44:30.412+0000] {dag.py:3036} INFO - Sync 1 DAGs
[2026-04-18T17:44:30.424+0000] {logging_mixin.py:188} INFO - [2026-04-18T17:44:30.424+0000] {dag.py:3823} INFO - Setting next_dagrun for hello_goodbye_dag to None, run_after=None
[2026-04-18T17:44:30.445+0000] {processor.py:183} INFO - Processing /opt/airflow/dags/hello_goodbye_dag.py took 0.083 seconds
[2026-04-18T17:45:00.855+0000] {processor.py:161} INFO - Started process (PID=184) to work on /opt/airflow/dags/hello_goodbye_dag.py
[2026-04-18T17:45:00.856+0000] {processor.py:830} INFO - Processing file /opt/airflow/dags/hello_goodbye_dag.py for tasks to queue
[2026-04-18T17:45:00.858+0000] {logging_mixin.py:188} INFO - [2026-04-18T17:45:00.858+0000] {dagbag.py:538} INFO - Filling up the DagBag from /opt/airflow/dags/hello_goodbye_dag.py
[2026-04-18T17:45:00.869+0000] {processor.py:840} INFO - DAG(s) 'hello_goodbye_dag' retrieved from /opt/airflow/dags/hello_goodbye_dag.py
[2026-04-18T17:45:00.892+0000] {logging_mixin.py:188} INFO - [2026-04-18T17:45:00.892+0000] {dag.py:3036} INFO - Sync 1 DAGs
[2026-04-18T17:45:00.901+0000] {logging_mixin.py:188} INFO - [2026-04-18T17:45:00.901+0000] {dag.py:3823} INFO - Setting next_dagrun for hello_goodbye_dag to None, run_after=None
[2026-04-18T17:45:00.913+0000] {processor.py:183} INFO - Processing /opt/airflow/dags/hello_goodbye_dag.py took 0.061 seconds
[2026-04-18T18:29:47.037+0000] {processor.py:161} INFO - Started process (PID=187) to work on /opt/airflow/dags/hello_goodbye_dag.py
[2026-04-18T18:29:47.039+0000] {processor.py:830} INFO - Processing file /opt/airflow/dags/hello_goodbye_dag.py for tasks to queue
[2026-04-18T18:29:47.044+0000] {logging_mixin.py:188} INFO - [2026-04-18T18:29:47.043+0000] {dagbag.py:538} INFO - Filling up the DagBag from /opt/airflow/dags/hello_goodbye_dag.py
[2026-04-18T18:29:47.064+0000] {processor.py:840} INFO - DAG(s) 'hello_goodbye_dag' retrieved from /opt/airflow/dags/hello_goodbye_dag.py
[2026-04-18T18:29:47.101+0000] {logging_mixin.py:188} INFO - [2026-04-18T18:29:47.100+0000] {dag.py:3036} INFO - Sync 1 DAGs
[2026-04-18T18:29:47.113+0000] {logging_mixin.py:188} INFO - [2026-04-18T18:29:47.113+0000] {dag.py:3823} INFO - Setting next_dagrun for hello_goodbye_dag to None, run_after=None
[2026-04-18T18:29:47.142+0000] {processor.py:183} INFO - Processing /opt/airflow/dags/hello_goodbye_dag.py took 0.114 seconds
[2026-04-18T18:45:21.673+0000] {processor.py:161} INFO - Started process (PID=190) to work on /opt/airflow/dags/hello_goodbye_dag.py
[2026-04-18T18:45:21.676+0000] {processor.py:830} INFO - Processing file /opt/airflow/dags/hello_goodbye_dag.py for tasks to queue
[2026-04-18T18:45:21.682+0000] {logging_mixin.py:188} INFO - [2026-04-18T18:45:21.681+0000] {dagbag.py:538} INFO - Filling up the DagBag from /opt/airflow/dags/hello_goodbye_dag.py
[2026-04-18T18:45:21.706+0000] {processor.py:840} INFO - DAG(s) 'hello_goodbye_dag' retrieved from /opt/airflow/dags/hello_goodbye_dag.py
[2026-04-18T18:45:21.751+0000] {logging_mixin.py:188} INFO - [2026-04-18T18:45:21.750+0000] {dag.py:3036} INFO - Sync 1 DAGs
[2026-04-18T18:45:21.773+0000] {logging_mixin.py:188} INFO - [2026-04-18T18:45:21.772+0000] {dag.py:3823} INFO - Setting next_dagrun for hello_goodbye_dag to None, run_after=None
[2026-04-18T18:45:21.811+0000] {processor.py:183} INFO - Processing /opt/airflow/dags/hello_goodbye_dag.py took 0.145 seconds
[2026-04-18T18:45:52.311+0000] {processor.py:161} INFO - Started process (PID=193) to work on /opt/airflow/dags/hello_goodbye_dag.py
[2026-04-18T18:45:52.312+0000] {processor.py:830} INFO - Processing file /opt/airflow/dags/hello_goodbye_dag.py for tasks to queue
[2026-04-18T18:45:52.315+0000] {logging_mixin.py:188} INFO - [2026-04-18T18:45:52.315+0000] {dagbag.py:538} INFO - Filling up the DagBag from /opt/airflow/dags/hello_goodbye_dag.py
[2026-04-18T18:45:52.326+0000] {processor.py:840} INFO - DAG(s) 'hello_goodbye_dag' retrieved from /opt/airflow/dags/hello_goodbye_dag.py
[2026-04-18T18:45:52.351+0000] {logging_mixin.py:188} INFO - [2026-04-18T18:45:52.351+0000] {dag.py:3036} INFO - Sync 1 DAGs
[2026-04-18T18:45:52.361+0000] {logging_mixin.py:188} INFO - [2026-04-18T18:45:52.361+0000] {dag.py:3823} INFO - Setting next_dagrun for hello_goodbye_dag to None, run_after=None
[2026-04-18T18:45:52.381+0000] {processor.py:183} INFO - Processing /opt/airflow/dags/hello_goodbye_dag.py took 0.075 seconds
[2026-04-18T19:07:58.047+0000] {processor.py:161} INFO - Started process (PID=196) to work on /opt/airflow/dags/hello_goodbye_dag.py
[2026-04-18T19:07:58.048+0000] {processor.py:830} INFO - Processing file /opt/airflow/dags/hello_goodbye_dag.py for tasks to queue
[2026-04-18T19:07:58.053+0000] {logging_mixin.py:188} INFO - [2026-04-18T19:07:58.052+0000] {dagbag.py:538} INFO - Filling up the DagBag from /opt/airflow/dags/hello_goodbye_dag.py
[2026-04-18T19:07:58.066+0000] {processor.py:840} INFO - DAG(s) 'hello_goodbye_dag' retrieved from /opt/airflow/dags/hello_goodbye_dag.py
[2026-04-18T19:07:58.100+0000] {logging_mixin.py:188} INFO - [2026-04-18T19:07:58.100+0000] {dag.py:3036} INFO - Sync 1 DAGs
[2026-04-18T19:07:58.114+0000] {logging_mixin.py:188} INFO - [2026-04-18T19:07:58.114+0000] {dag.py:3823} INFO - Setting next_dagrun for hello_goodbye_dag to None, run_after=None
[2026-04-18T19:07:58.143+0000] {processor.py:183} INFO - Processing /opt/airflow/dags/hello_goodbye_dag.py took 0.099 seconds
[2026-04-18T19:35:05.515+0000] {processor.py:161} INFO - Started process (PID=199) to work on /opt/airflow/dags/hello_goodbye_dag.py
[2026-04-18T19:35:05.517+0000] {processor.py:830} INFO - Processing file /opt/airflow/dags/hello_goodbye_dag.py for tasks to queue
[2026-04-18T19:35:05.519+0000] {logging_mixin.py:188} INFO - [2026-04-18T19:35:05.518+0000] {dagbag.py:538} INFO - Filling up the DagBag from /opt/airflow/dags/hello_goodbye_dag.py
[2026-04-18T19:35:05.530+0000] {processor.py:840} INFO - DAG(s) 'hello_goodbye_dag' retrieved from /opt/airflow/dags/hello_goodbye_dag.py
[2026-04-18T19:35:05.550+0000] {logging_mixin.py:188} INFO - [2026-04-18T19:35:05.549+0000] {dag.py:3036} INFO - Sync 1 DAGs
[2026-04-18T19:35:05.559+0000] {logging_mixin.py:188} INFO - [2026-04-18T19:35:05.559+0000] {dag.py:3823} INFO - Setting next_dagrun for hello_goodbye_dag to None, run_after=None
[2026-04-18T19:35:05.577+0000] {processor.py:183} INFO - Processing /opt/airflow/dags/hello_goodbye_dag.py took 0.066 seconds
[2026-04-18T19:35:35.965+0000] {processor.py:161} INFO - Started process (PID=202) to work on /opt/airflow/dags/hello_goodbye_dag.py
[2026-04-18T19:35:35.967+0000] {processor.py:830} INFO - Processing file /opt/airflow/dags/hello_goodbye_dag.py for tasks to queue
[2026-04-18T19:35:35.970+0000] {logging_mixin.py:188} INFO - [2026-04-18T19:35:35.970+0000] {dagbag.py:538} INFO - Filling up the DagBag from /opt/airflow/dags/hello_goodbye_dag.py
[2026-04-18T19:35:35.982+0000] {processor.py:840} INFO - DAG(s) 'hello_goodbye_dag' retrieved from /opt/airflow/dags/hello_goodbye_dag.py
[2026-04-18T19:35:36.007+0000] {logging_mixin.py:188} INFO - [2026-04-18T19:35:36.007+0000] {dag.py:3036} INFO - Sync 1 DAGs
[2026-04-18T19:35:36.017+0000] {logging_mixin.py:188} INFO - [2026-04-18T19:35:36.017+0000] {dag.py:3823} INFO - Setting next_dagrun for hello_goodbye_dag to None, run_after=None
[2026-04-18T19:35:36.033+0000] {processor.py:183} INFO - Processing /opt/airflow/dags/hello_goodbye_dag.py took 0.074 seconds
[2026-04-18T19:46:45.918+0000] {processor.py:161} INFO - Started process (PID=205) to work on /opt/airflow/dags/hello_goodbye_dag.py
[2026-04-18T19:46:45.920+0000] {processor.py:830} INFO - Processing file /opt/airflow/dags/hello_goodbye_dag.py for tasks to queue
[2026-04-18T19:46:45.922+0000] {logging_mixin.py:188} INFO - [2026-04-18T19:46:45.922+0000] {dagbag.py:538} INFO - Filling up the DagBag from /opt/airflow/dags/hello_goodbye_dag.py
[2026-04-18T19:46:45.932+0000] {processor.py:840} INFO - DAG(s) 'hello_goodbye_dag' retrieved from /opt/airflow/dags/hello_goodbye_dag.py
[2026-04-18T19:46:45.954+0000] {logging_mixin.py:188} INFO - [2026-04-18T19:46:45.953+0000] {dag.py:3036} INFO - Sync 1 DAGs
[2026-04-18T19:46:45.962+0000] {logging_mixin.py:188} INFO - [2026-04-18T19:46:45.962+0000] {dag.py:3823} INFO - Setting next_dagrun for hello_goodbye_dag to None, run_after=None
[2026-04-18T19:46:45.978+0000] {processor.py:183} INFO - Processing /opt/airflow/dags/hello_goodbye_dag.py took 0.062 seconds
[2026-04-18T19:54:21.268+0000] {processor.py:161} INFO - Started process (PID=208) to work on /opt/airflow/dags/hello_goodbye_dag.py
[2026-04-18T19:54:21.270+0000] {processor.py:830} INFO - Processing file /opt/airflow/dags/hello_goodbye_dag.py for tasks to queue
[2026-04-18T19:54:21.277+0000] {logging_mixin.py:188} INFO - [2026-04-18T19:54:21.277+0000] {dagbag.py:538} INFO - Filling up the DagBag from /opt/airflow/dags/hello_goodbye_dag.py
[2026-04-18T19:54:21.290+0000] {processor.py:840} INFO - DAG(s) 'hello_goodbye_dag' retrieved from /opt/airflow/dags/hello_goodbye_dag.py
[2026-04-18T19:54:21.324+0000] {logging_mixin.py:188} INFO - [2026-04-18T19:54:21.324+0000] {dag.py:3036} INFO - Sync 1 DAGs
[2026-04-18T19:54:21.340+0000] {logging_mixin.py:188} INFO - [2026-04-18T19:54:21.340+0000] {dag.py:3823} INFO - Setting next_dagrun for hello_goodbye_dag to None, run_after=None
[2026-04-18T19:54:21.376+0000] {processor.py:183} INFO - Processing /opt/airflow/dags/hello_goodbye_dag.py took 0.116 seconds
[2026-04-18T20:23:12.734+0000] {processor.py:161} INFO - Started process (PID=211) to work on /opt/airflow/dags/hello_goodbye_dag.py
[2026-04-18T20:23:12.735+0000] {processor.py:830} INFO - Processing file /opt/airflow/dags/hello_goodbye_dag.py for tasks to queue
[2026-04-18T20:23:12.738+0000] {logging_mixin.py:188} INFO - [2026-04-18T20:23:12.738+0000] {dagbag.py:538} INFO - Filling up the DagBag from /opt/airflow/dags/hello_goodbye_dag.py
[2026-04-18T20:23:12.746+0000] {processor.py:840} INFO - DAG(s) 'hello_goodbye_dag' retrieved from /opt/airflow/dags/hello_goodbye_dag.py
[2026-04-18T20:23:12.771+0000] {logging_mixin.py:188} INFO - [2026-04-18T20:23:12.771+0000] {dag.py:3036} INFO - Sync 1 DAGs
[2026-04-18T20:23:12.781+0000] {logging_mixin.py:188} INFO - [2026-04-18T20:23:12.781+0000] {dag.py:3823} INFO - Setting next_dagrun for hello_goodbye_dag to None, run_after=None
[2026-04-18T20:23:12.797+0000] {processor.py:183} INFO - Processing /opt/airflow/dags/hello_goodbye_dag.py took 0.066 seconds
[2026-04-18T20:23:43.159+0000] {processor.py:161} INFO - Started process (PID=214) to work on /opt/airflow/dags/hello_goodbye_dag.py
[2026-04-18T20:23:43.162+0000] {processor.py:830} INFO - Processing file /opt/airflow/dags/hello_goodbye_dag.py for tasks to queue
[2026-04-18T20:23:43.166+0000] {logging_mixin.py:188} INFO - [2026-04-18T20:23:43.165+0000] {dagbag.py:538} INFO - Filling up the DagBag from /opt/airflow/dags/hello_goodbye_dag.py
[2026-04-18T20:23:43.180+0000] {processor.py:840} INFO - DAG(s) 'hello_goodbye_dag' retrieved from /opt/airflow/dags/hello_goodbye_dag.py
[2026-04-18T20:23:43.206+0000] {logging_mixin.py:188} INFO - [2026-04-18T20:23:43.205+0000] {dag.py:3036} INFO - Sync 1 DAGs
[2026-04-18T20:23:43.216+0000] {logging_mixin.py:188} INFO - [2026-04-18T20:23:43.216+0000] {dag.py:3823} INFO - Setting next_dagrun for hello_goodbye_dag to None, run_after=None
[2026-04-18T20:23:43.234+0000] {processor.py:183} INFO - Processing /opt/airflow/dags/hello_goodbye_dag.py took 0.080 seconds
[2026-04-18T20:24:14.891+0000] {processor.py:161} INFO - Started process (PID=217) to work on /opt/airflow/dags/hello_goodbye_dag.py
[2026-04-18T20:24:14.893+0000] {processor.py:830} INFO - Processing file /opt/airflow/dags/hello_goodbye_dag.py for tasks to queue
[2026-04-18T20:24:14.896+0000] {logging_mixin.py:188} INFO - [2026-04-18T20:24:14.896+0000] {dagbag.py:538} INFO - Filling up the DagBag from /opt/airflow/dags/hello_goodbye_dag.py
[2026-04-18T20:24:14.915+0000] {processor.py:840} INFO - DAG(s) 'hello_goodbye_dag' retrieved from /opt/airflow/dags/hello_goodbye_dag.py
[2026-04-18T20:24:14.940+0000] {logging_mixin.py:188} INFO - [2026-04-18T20:24:14.940+0000] {dag.py:3036} INFO - Sync 1 DAGs
[2026-04-18T20:24:14.950+0000] {logging_mixin.py:188} INFO - [2026-04-18T20:24:14.950+0000] {dag.py:3823} INFO - Setting next_dagrun for hello_goodbye_dag to None, run_after=None
[2026-04-18T20:24:14.964+0000] {processor.py:183} INFO - Processing /opt/airflow/dags/hello_goodbye_dag.py took 0.078 seconds
[2026-04-18T20:24:45.347+0000] {processor.py:161} INFO - Started process (PID=220) to work on /opt/airflow/dags/hello_goodbye_dag.py
[2026-04-18T20:24:45.349+0000] {processor.py:830} INFO - Processing file /opt/airflow/dags/hello_goodbye_dag.py for tasks to queue
[2026-04-18T20:24:45.352+0000] {logging_mixin.py:188} INFO - [2026-04-18T20:24:45.352+0000] {dagbag.py:538} INFO - Filling up the DagBag from /opt/airflow/dags/hello_goodbye_dag.py
[2026-04-18T20:24:45.360+0000] {processor.py:840} INFO - DAG(s) 'hello_goodbye_dag' retrieved from /opt/airflow/dags/hello_goodbye_dag.py
[2026-04-18T20:24:45.385+0000] {logging_mixin.py:188} INFO - [2026-04-18T20:24:45.385+0000] {dag.py:3036} INFO - Sync 1 DAGs
[2026-04-18T20:24:45.398+0000] {logging_mixin.py:188} INFO - [2026-04-18T20:24:45.398+0000] {dag.py:3823} INFO - Setting next_dagrun for hello_goodbye_dag to None, run_after=None
[2026-04-18T20:24:45.420+0000] {processor.py:183} INFO - Processing /opt/airflow/dags/hello_goodbye_dag.py took 0.077 seconds
[2026-04-18T20:26:38.816+0000] {processor.py:161} INFO - Started process (PID=223) to work on /opt/airflow/dags/hello_goodbye_dag.py
[2026-04-18T20:26:38.818+0000] {processor.py:830} INFO - Processing file /opt/airflow/dags/hello_goodbye_dag.py for tasks to queue
[2026-04-18T20:26:38.821+0000] {logging_mixin.py:188} INFO - [2026-04-18T20:26:38.820+0000] {dagbag.py:538} INFO - Filling up the DagBag from /opt/airflow/dags/hello_goodbye_dag.py
[2026-04-18T20:26:38.831+0000] {processor.py:840} INFO - DAG(s) 'hello_goodbye_dag' retrieved from /opt/airflow/dags/hello_goodbye_dag.py
[2026-04-18T20:26:38.853+0000] {logging_mixin.py:188} INFO - [2026-04-18T20:26:38.853+0000] {dag.py:3036} INFO - Sync 1 DAGs
[2026-04-18T20:26:38.861+0000] {logging_mixin.py:188} INFO - [2026-04-18T20:26:38.861+0000] {dag.py:3823} INFO - Setting next_dagrun for hello_goodbye_dag to None, run_after=None
[2026-04-18T20:26:38.876+0000] {processor.py:183} INFO - Processing /opt/airflow/dags/hello_goodbye_dag.py took 0.065 seconds
[2026-04-18T20:43:51.231+0000] {processor.py:161} INFO - Started process (PID=226) to work on /opt/airflow/dags/hello_goodbye_dag.py
[2026-04-18T20:43:51.247+0000] {processor.py:830} INFO - Processing file /opt/airflow/dags/hello_goodbye_dag.py for tasks to queue
[2026-04-18T20:43:51.268+0000] {logging_mixin.py:188} INFO - [2026-04-18T20:43:51.255+0000] {dagbag.py:538} INFO - Filling up the DagBag from /opt/airflow/dags/hello_goodbye_dag.py
[2026-04-18T20:43:51.448+0000] {processor.py:840} INFO - DAG(s) 'hello_goodbye_dag' retrieved from /opt/airflow/dags/hello_goodbye_dag.py
[2026-04-18T20:43:51.876+0000] {logging_mixin.py:188} INFO - [2026-04-18T20:43:51.875+0000] {dag.py:3036} INFO - Sync 1 DAGs
[2026-04-18T20:43:52.257+0000] {logging_mixin.py:188} INFO - [2026-04-18T20:43:52.257+0000] {dag.py:3823} INFO - Setting next_dagrun for hello_goodbye_dag to None, run_after=None
[2026-04-18T20:43:53.077+0000] {processor.py:183} INFO - Processing /opt/airflow/dags/hello_goodbye_dag.py took 1.867 seconds
[2026-04-18T20:44:23.554+0000] {processor.py:161} INFO - Started process (PID=229) to work on /opt/airflow/dags/hello_goodbye_dag.py
[2026-04-18T20:44:23.556+0000] {processor.py:830} INFO - Processing file /opt/airflow/dags/hello_goodbye_dag.py for tasks to queue
[2026-04-18T20:44:23.558+0000] {logging_mixin.py:188} INFO - [2026-04-18T20:44:23.558+0000] {dagbag.py:538} INFO - Filling up the DagBag from /opt/airflow/dags/hello_goodbye_dag.py
[2026-04-18T20:44:23.571+0000] {processor.py:840} INFO - DAG(s) 'hello_goodbye_dag' retrieved from /opt/airflow/dags/hello_goodbye_dag.py
[2026-04-18T20:44:23.601+0000] {logging_mixin.py:188} INFO - [2026-04-18T20:44:23.601+0000] {dag.py:3036} INFO - Sync 1 DAGs
[2026-04-18T20:44:23.611+0000] {logging_mixin.py:188} INFO - [2026-04-18T20:44:23.611+0000] {dag.py:3823} INFO - Setting next_dagrun for hello_goodbye_dag to None, run_after=None
[2026-04-18T20:44:23.623+0000] {processor.py:183} INFO - Processing /opt/airflow/dags/hello_goodbye_dag.py took 0.074 seconds
[2026-04-18T20:45:05.592+0000] {processor.py:161} INFO - Started process (PID=232) to work on /opt/airflow/dags/hello_goodbye_dag.py
[2026-04-18T20:45:05.593+0000] {processor.py:830} INFO - Processing file /opt/airflow/dags/hello_goodbye_dag.py for tasks to queue
[2026-04-18T20:45:05.596+0000] {logging_mixin.py:188} INFO - [2026-04-18T20:45:05.596+0000] {dagbag.py:538} INFO - Filling up the DagBag from /opt/airflow/dags/hello_goodbye_dag.py
[2026-04-18T20:45:05.605+0000] {processor.py:840} INFO - DAG(s) 'hello_goodbye_dag' retrieved from /opt/airflow/dags/hello_goodbye_dag.py
[2026-04-18T20:45:05.632+0000] {logging_mixin.py:188} INFO - [2026-04-18T20:45:05.631+0000] {dag.py:3036} INFO - Sync 1 DAGs
[2026-04-18T20:45:05.642+0000] {logging_mixin.py:188} INFO - [2026-04-18T20:45:05.641+0000] {dag.py:3823} INFO - Setting next_dagrun for hello_goodbye_dag to None, run_after=None
[2026-04-18T20:45:05.656+0000] {processor.py:183} INFO - Processing /opt/airflow/dags/hello_goodbye_dag.py took 0.070 seconds
[2026-04-18T20:46:25.614+0000] {processor.py:161} INFO - Started process (PID=235) to work on /opt/airflow/dags/hello_goodbye_dag.py
[2026-04-18T20:46:25.616+0000] {processor.py:830} INFO - Processing file /opt/airflow/dags/hello_goodbye_dag.py for tasks to queue
[2026-04-18T20:46:25.619+0000] {logging_mixin.py:188} INFO - [2026-04-18T20:46:25.618+0000] {dagbag.py:538} INFO - Filling up the DagBag from /opt/airflow/dags/hello_goodbye_dag.py
[2026-04-18T20:46:25.627+0000] {processor.py:840} INFO - DAG(s) 'hello_goodbye_dag' retrieved from /opt/airflow/dags/hello_goodbye_dag.py
[2026-04-18T20:46:25.647+0000] {logging_mixin.py:188} INFO - [2026-04-18T20:46:25.647+0000] {dag.py:3036} INFO - Sync 1 DAGs
[2026-04-18T20:46:25.656+0000] {logging_mixin.py:188} INFO - [2026-04-18T20:46:25.656+0000] {dag.py:3823} INFO - Setting next_dagrun for hello_goodbye_dag to None, run_after=None
[2026-04-18T20:46:25.672+0000] {processor.py:183} INFO - Processing /opt/airflow/dags/hello_goodbye_dag.py took 0.063 seconds
[2026-04-18T20:47:03.762+0000] {processor.py:161} INFO - Started process (PID=238) to work on /opt/airflow/dags/hello_goodbye_dag.py
[2026-04-18T20:47:03.763+0000] {processor.py:830} INFO - Processing file /opt/airflow/dags/hello_goodbye_dag.py for tasks to queue
[2026-04-18T20:47:03.764+0000] {logging_mixin.py:188} INFO - [2026-04-18T20:47:03.764+0000] {dagbag.py:538} INFO - Filling up the DagBag from /opt/airflow/dags/hello_goodbye_dag.py
[2026-04-18T20:47:03.774+0000] {processor.py:840} INFO - DAG(s) 'hello_goodbye_dag' retrieved from /opt/airflow/dags/hello_goodbye_dag.py
[2026-04-18T20:47:03.795+0000] {logging_mixin.py:188} INFO - [2026-04-18T20:47:03.795+0000] {dag.py:3036} INFO - Sync 1 DAGs
[2026-04-18T20:47:03.805+0000] {logging_mixin.py:188} INFO - [2026-04-18T20:47:03.805+0000] {dag.py:3823} INFO - Setting next_dagrun for hello_goodbye_dag to None, run_after=None
[2026-04-18T20:47:03.825+0000] {processor.py:183} INFO - Processing /opt/airflow/dags/hello_goodbye_dag.py took 0.068 seconds
[2026-04-18T20:47:34.249+0000] {processor.py:161} INFO - Started process (PID=241) to work on /opt/airflow/dags/hello_goodbye_dag.py
[2026-04-18T20:47:34.250+0000] {processor.py:830} INFO - Processing file /opt/airflow/dags/hello_goodbye_dag.py for tasks to queue
[2026-04-18T20:47:34.253+0000] {logging_mixin.py:188} INFO - [2026-04-18T20:47:34.253+0000] {dagbag.py:538} INFO - Filling up the DagBag from /opt/airflow/dags/hello_goodbye_dag.py
[2026-04-18T20:47:34.265+0000] {processor.py:840} INFO - DAG(s) 'hello_goodbye_dag' retrieved from /opt/airflow/dags/hello_goodbye_dag.py
[2026-04-18T20:47:34.287+0000] {logging_mixin.py:188} INFO - [2026-04-18T20:47:34.287+0000] {dag.py:3036} INFO - Sync 1 DAGs
[2026-04-18T20:47:34.296+0000] {logging_mixin.py:188} INFO - [2026-04-18T20:47:34.296+0000] {dag.py:3823} INFO - Setting next_dagrun for hello_goodbye_dag to None, run_after=None
[2026-04-18T20:47:34.315+0000] {processor.py:183} INFO - Processing /opt/airflow/dags/hello_goodbye_dag.py took 0.068 seconds
[2026-04-18T20:48:59.703+0000] {processor.py:161} INFO - Started process (PID=244) to work on /opt/airflow/dags/hello_goodbye_dag.py
[2026-04-18T20:48:59.704+0000] {processor.py:830} INFO - Processing file /opt/airflow/dags/hello_goodbye_dag.py for tasks to queue
[2026-04-18T20:48:59.706+0000] {logging_mixin.py:188} INFO - [2026-04-18T20:48:59.706+0000] {dagbag.py:538} INFO - Filling up the DagBag from /opt/airflow/dags/hello_goodbye_dag.py
[2026-04-18T20:48:59.715+0000] {processor.py:840} INFO - DAG(s) 'hello_goodbye_dag' retrieved from /opt/airflow/dags/hello_goodbye_dag.py
[2026-04-18T20:48:59.737+0000] {logging_mixin.py:188} INFO - [2026-04-18T20:48:59.737+0000] {dag.py:3036} INFO - Sync 1 DAGs
[2026-04-18T20:48:59.745+0000] {logging_mixin.py:188} INFO - [2026-04-18T20:48:59.745+0000] {dag.py:3823} INFO - Setting next_dagrun for hello_goodbye_dag to None, run_after=None
[2026-04-18T20:48:59.760+0000] {processor.py:183} INFO - Processing /opt/airflow/dags/hello_goodbye_dag.py took 0.060 seconds
[2026-04-18T20:59:25.678+0000] {processor.py:161} INFO - Started process (PID=247) to work on /opt/airflow/dags/hello_goodbye_dag.py
[2026-04-18T20:59:25.691+0000] {processor.py:830} INFO - Processing file /opt/airflow/dags/hello_goodbye_dag.py for tasks to queue
[2026-04-18T20:59:25.702+0000] {logging_mixin.py:188} INFO - [2026-04-18T20:59:25.701+0000] {dagbag.py:538} INFO - Filling up the DagBag from /opt/airflow/dags/hello_goodbye_dag.py
[2026-04-18T20:59:25.720+0000] {processor.py:840} INFO - DAG(s) 'hello_goodbye_dag' retrieved from /opt/airflow/dags/hello_goodbye_dag.py
[2026-04-18T20:59:25.793+0000] {logging_mixin.py:188} INFO - [2026-04-18T20:59:25.792+0000] {dag.py:3036} INFO - Sync 1 DAGs
[2026-04-18T20:59:25.808+0000] {logging_mixin.py:188} INFO - [2026-04-18T20:59:25.807+0000] {dag.py:3823} INFO - Setting next_dagrun for hello_goodbye_dag to None, run_after=None
[2026-04-18T20:59:25.851+0000] {processor.py:183} INFO - Processing /opt/airflow/dags/hello_goodbye_dag.py took 0.200 seconds
[2026-04-18T21:32:18.570+0000] {processor.py:161} INFO - Started process (PID=250) to work on /opt/airflow/dags/hello_goodbye_dag.py
[2026-04-18T21:32:18.571+0000] {processor.py:830} INFO - Processing file /opt/airflow/dags/hello_goodbye_dag.py for tasks to queue
[2026-04-18T21:32:18.574+0000] {logging_mixin.py:188} INFO - [2026-04-18T21:32:18.574+0000] {dagbag.py:538} INFO - Filling up the DagBag from /opt/airflow/dags/hello_goodbye_dag.py
[2026-04-18T21:32:18.582+0000] {processor.py:840} INFO - DAG(s) 'hello_goodbye_dag' retrieved from /opt/airflow/dags/hello_goodbye_dag.py
[2026-04-18T21:32:18.605+0000] {logging_mixin.py:188} INFO - [2026-04-18T21:32:18.604+0000] {dag.py:3036} INFO - Sync 1 DAGs
[2026-04-18T21:32:18.613+0000] {logging_mixin.py:188} INFO - [2026-04-18T21:32:18.613+0000] {dag.py:3823} INFO - Setting next_dagrun for hello_goodbye_dag to None, run_after=None
[2026-04-18T21:32:18.630+0000] {processor.py:183} INFO - Processing /opt/airflow/dags/hello_goodbye_dag.py took 0.062 seconds
[2026-04-18T21:47:35.425+0000] {processor.py:161} INFO - Started process (PID=253) to work on /opt/airflow/dags/hello_goodbye_dag.py
[2026-04-18T21:47:35.429+0000] {processor.py:830} INFO - Processing file /opt/airflow/dags/hello_goodbye_dag.py for tasks to queue
[2026-04-18T21:47:35.434+0000] {logging_mixin.py:188} INFO - [2026-04-18T21:47:35.433+0000] {dagbag.py:538} INFO - Filling up the DagBag from /opt/airflow/dags/hello_goodbye_dag.py
[2026-04-18T21:47:35.457+0000] {processor.py:840} INFO - DAG(s) 'hello_goodbye_dag' retrieved from /opt/airflow/dags/hello_goodbye_dag.py
[2026-04-18T21:47:35.535+0000] {logging_mixin.py:188} INFO - [2026-04-18T21:47:35.533+0000] {dag.py:3036} INFO - Sync 1 DAGs
[2026-04-18T21:47:35.564+0000] {logging_mixin.py:188} INFO - [2026-04-18T21:47:35.564+0000] {dag.py:3823} INFO - Setting next_dagrun for hello_goodbye_dag to None, run_after=None
[2026-04-18T21:47:35.646+0000] {processor.py:183} INFO - Processing /opt/airflow/dags/hello_goodbye_dag.py took 0.226 seconds
[2026-04-18T21:48:06.095+0000] {processor.py:161} INFO - Started process (PID=256) to work on /opt/airflow/dags/hello_goodbye_dag.py
[2026-04-18T21:48:06.175+0000] {processor.py:830} INFO - Processing file /opt/airflow/dags/hello_goodbye_dag.py for tasks to queue
[2026-04-18T21:48:06.177+0000] {logging_mixin.py:188} INFO - [2026-04-18T21:48:06.177+0000] {dagbag.py:538} INFO - Filling up the DagBag from /opt/airflow/dags/hello_goodbye_dag.py
[2026-04-18T21:48:06.188+0000] {processor.py:840} INFO - DAG(s) 'hello_goodbye_dag' retrieved from /opt/airflow/dags/hello_goodbye_dag.py
[2026-04-18T21:48:06.222+0000] {logging_mixin.py:188} INFO - [2026-04-18T21:48:06.222+0000] {dag.py:3036} INFO - Sync 1 DAGs
[2026-04-18T21:48:06.237+0000] {logging_mixin.py:188} INFO - [2026-04-18T21:48:06.237+0000] {dag.py:3823} INFO - Setting next_dagrun for hello_goodbye_dag to None, run_after=None
[2026-04-18T21:48:06.255+0000] {processor.py:183} INFO - Processing /opt/airflow/dags/hello_goodbye_dag.py took 0.166 seconds
[2026-04-18T22:48:45.691+0000] {processor.py:161} INFO - Started process (PID=259) to work on /opt/airflow/dags/hello_goodbye_dag.py
[2026-04-18T22:48:45.692+0000] {processor.py:830} INFO - Processing file /opt/airflow/dags/hello_goodbye_dag.py for tasks to queue
[2026-04-18T22:48:45.693+0000] {logging_mixin.py:188} INFO - [2026-04-18T22:48:45.693+0000] {dagbag.py:538} INFO - Filling up the DagBag from /opt/airflow/dags/hello_goodbye_dag.py
[2026-04-18T22:48:45.701+0000] {processor.py:840} INFO - DAG(s) 'hello_goodbye_dag' retrieved from /opt/airflow/dags/hello_goodbye_dag.py
[2026-04-18T22:48:45.728+0000] {logging_mixin.py:188} INFO - [2026-04-18T22:48:45.728+0000] {dag.py:3036} INFO - Sync 1 DAGs
[2026-04-18T22:48:45.735+0000] {logging_mixin.py:188} INFO - [2026-04-18T22:48:45.735+0000] {dag.py:3823} INFO - Setting next_dagrun for hello_goodbye_dag to None, run_after=None
[2026-04-18T22:48:45.750+0000] {processor.py:183} INFO - Processing /opt/airflow/dags/hello_goodbye_dag.py took 0.062 seconds
[2026-04-18T23:49:30.127+0000] {processor.py:161} INFO - Started process (PID=262) to work on /opt/airflow/dags/hello_goodbye_dag.py
[2026-04-18T23:49:30.130+0000] {processor.py:830} INFO - Processing file /opt/airflow/dags/hello_goodbye_dag.py for tasks to queue
[2026-04-18T23:49:30.133+0000] {logging_mixin.py:188} INFO - [2026-04-18T23:49:30.133+0000] {dagbag.py:538} INFO - Filling up the DagBag from /opt/airflow/dags/hello_goodbye_dag.py
[2026-04-18T23:49:30.155+0000] {processor.py:840} INFO - DAG(s) 'hello_goodbye_dag' retrieved from /opt/airflow/dags/hello_goodbye_dag.py
[2026-04-18T23:49:30.198+0000] {logging_mixin.py:188} INFO - [2026-04-18T23:49:30.198+0000] {dag.py:3036} INFO - Sync 1 DAGs
[2026-04-18T23:49:30.220+0000] {logging_mixin.py:188} INFO - [2026-04-18T23:49:30.220+0000] {dag.py:3823} INFO - Setting next_dagrun for hello_goodbye_dag to None, run_after=None
[2026-04-18T23:49:30.250+0000] {processor.py:183} INFO - Processing /opt/airflow/dags/hello_goodbye_dag.py took 0.129 seconds
[2026-04-18T23:50:00.746+0000] {processor.py:161} INFO - Started process (PID=265) to work on /opt/airflow/dags/hello_goodbye_dag.py
[2026-04-18T23:50:00.747+0000] {processor.py:830} INFO - Processing file /opt/airflow/dags/hello_goodbye_dag.py for tasks to queue
[2026-04-18T23:50:00.751+0000] {logging_mixin.py:188} INFO - [2026-04-18T23:50:00.750+0000] {dagbag.py:538} INFO - Filling up the DagBag from /opt/airflow/dags/hello_goodbye_dag.py
[2026-04-18T23:50:00.763+0000] {processor.py:840} INFO - DAG(s) 'hello_goodbye_dag' retrieved from /opt/airflow/dags/hello_goodbye_dag.py
[2026-04-18T23:50:00.783+0000] {logging_mixin.py:188} INFO - [2026-04-18T23:50:00.783+0000] {dag.py:3036} INFO - Sync 1 DAGs
[2026-04-18T23:50:00.794+0000] {logging_mixin.py:188} INFO - [2026-04-18T23:50:00.794+0000] {dag.py:3823} INFO - Setting next_dagrun for hello_goodbye_dag to None, run_after=None
[2026-04-18T23:50:00.814+0000] {processor.py:183} INFO - Processing /opt/airflow/dags/hello_goodbye_dag.py took 0.073 seconds
