[2026-04-18T06:32:59.059+0000] {processor.py:161} INFO - Started process (PID=41) to work on /opt/airflow/dags/weather_ETL_incremental.py
[2026-04-18T06:32:59.061+0000] {processor.py:830} INFO - Processing file /opt/airflow/dags/weather_ETL_incremental.py for tasks to queue
[2026-04-18T06:32:59.064+0000] {logging_mixin.py:188} INFO - [2026-04-18T06:32:59.064+0000] {dagbag.py:538} INFO - Filling up the DagBag from /opt/airflow/dags/weather_ETL_incremental.py
[2026-04-18T06:32:59.092+0000] {processor.py:840} INFO - DAG(s) 'weather_ETL_incremental' retrieved from /opt/airflow/dags/weather_ETL_incremental.py
[2026-04-18T06:32:59.113+0000] {logging_mixin.py:188} INFO - [2026-04-18T06:32:59.113+0000] {dag.py:3036} INFO - Sync 1 DAGs
[2026-04-18T06:32:59.158+0000] {processor.py:183} INFO - Processing /opt/airflow/dags/weather_ETL_incremental.py took 0.105 seconds
[2026-04-18T06:33:29.387+0000] {processor.py:161} INFO - Started process (PID=53) to work on /opt/airflow/dags/weather_ETL_incremental.py
[2026-04-18T06:33:29.388+0000] {processor.py:830} INFO - Processing file /opt/airflow/dags/weather_ETL_incremental.py for tasks to queue
[2026-04-18T06:33:29.389+0000] {logging_mixin.py:188} INFO - [2026-04-18T06:33:29.389+0000] {dagbag.py:538} INFO - Filling up the DagBag from /opt/airflow/dags/weather_ETL_incremental.py
[2026-04-18T06:33:29.406+0000] {processor.py:840} INFO - DAG(s) 'weather_ETL_incremental' retrieved from /opt/airflow/dags/weather_ETL_incremental.py
[2026-04-18T06:33:29.469+0000] {logging_mixin.py:188} INFO - [2026-04-18T06:33:29.469+0000] {dag.py:3036} INFO - Sync 1 DAGs
[2026-04-18T06:33:29.481+0000] {logging_mixin.py:188} INFO - [2026-04-18T06:33:29.481+0000] {dag.py:3823} INFO - Setting next_dagrun for weather_ETL_incremental to 2026-04-18 03:30:00+00:00, run_after=2026-04-19 03:30:00+00:00
[2026-04-18T06:33:29.491+0000] {processor.py:183} INFO - Processing /opt/airflow/dags/weather_ETL_incremental.py took 0.107 seconds
[2026-04-18T06:33:59.756+0000] {processor.py:161} INFO - Started process (PID=56) to work on /opt/airflow/dags/weather_ETL_incremental.py
[2026-04-18T06:33:59.757+0000] {processor.py:830} INFO - Processing file /opt/airflow/dags/weather_ETL_incremental.py for tasks to queue
[2026-04-18T06:33:59.758+0000] {logging_mixin.py:188} INFO - [2026-04-18T06:33:59.758+0000] {dagbag.py:538} INFO - Filling up the DagBag from /opt/airflow/dags/weather_ETL_incremental.py
[2026-04-18T06:33:59.776+0000] {processor.py:840} INFO - DAG(s) 'weather_ETL_incremental' retrieved from /opt/airflow/dags/weather_ETL_incremental.py
[2026-04-18T06:33:59.787+0000] {logging_mixin.py:188} INFO - [2026-04-18T06:33:59.787+0000] {dag.py:3036} INFO - Sync 1 DAGs
[2026-04-18T06:33:59.801+0000] {logging_mixin.py:188} INFO - [2026-04-18T06:33:59.801+0000] {dag.py:3823} INFO - Setting next_dagrun for weather_ETL_incremental to 2026-04-18 03:30:00+00:00, run_after=2026-04-19 03:30:00+00:00
[2026-04-18T06:33:59.812+0000] {processor.py:183} INFO - Processing /opt/airflow/dags/weather_ETL_incremental.py took 0.058 seconds
[2026-04-18T06:34:30.072+0000] {processor.py:161} INFO - Started process (PID=59) to work on /opt/airflow/dags/weather_ETL_incremental.py
[2026-04-18T06:34:30.073+0000] {processor.py:830} INFO - Processing file /opt/airflow/dags/weather_ETL_incremental.py for tasks to queue
[2026-04-18T06:34:30.075+0000] {logging_mixin.py:188} INFO - [2026-04-18T06:34:30.074+0000] {dagbag.py:538} INFO - Filling up the DagBag from /opt/airflow/dags/weather_ETL_incremental.py
[2026-04-18T06:34:30.092+0000] {processor.py:840} INFO - DAG(s) 'weather_ETL_incremental' retrieved from /opt/airflow/dags/weather_ETL_incremental.py
[2026-04-18T06:34:30.103+0000] {logging_mixin.py:188} INFO - [2026-04-18T06:34:30.102+0000] {dag.py:3036} INFO - Sync 1 DAGs
[2026-04-18T06:34:30.117+0000] {logging_mixin.py:188} INFO - [2026-04-18T06:34:30.117+0000] {dag.py:3823} INFO - Setting next_dagrun for weather_ETL_incremental to 2026-04-18 03:30:00+00:00, run_after=2026-04-19 03:30:00+00:00
[2026-04-18T06:34:30.128+0000] {processor.py:183} INFO - Processing /opt/airflow/dags/weather_ETL_incremental.py took 0.059 seconds
[2026-04-18T06:35:00.411+0000] {processor.py:161} INFO - Started process (PID=62) to work on /opt/airflow/dags/weather_ETL_incremental.py
[2026-04-18T06:35:00.412+0000] {processor.py:830} INFO - Processing file /opt/airflow/dags/weather_ETL_incremental.py for tasks to queue
[2026-04-18T06:35:00.413+0000] {logging_mixin.py:188} INFO - [2026-04-18T06:35:00.413+0000] {dagbag.py:538} INFO - Filling up the DagBag from /opt/airflow/dags/weather_ETL_incremental.py
[2026-04-18T06:35:00.432+0000] {processor.py:840} INFO - DAG(s) 'weather_ETL_incremental' retrieved from /opt/airflow/dags/weather_ETL_incremental.py
[2026-04-18T06:35:00.445+0000] {logging_mixin.py:188} INFO - [2026-04-18T06:35:00.445+0000] {dag.py:3036} INFO - Sync 1 DAGs
[2026-04-18T06:35:00.459+0000] {logging_mixin.py:188} INFO - [2026-04-18T06:35:00.459+0000] {dag.py:3823} INFO - Setting next_dagrun for weather_ETL_incremental to 2026-04-18 03:30:00+00:00, run_after=2026-04-19 03:30:00+00:00
[2026-04-18T06:35:00.470+0000] {processor.py:183} INFO - Processing /opt/airflow/dags/weather_ETL_incremental.py took 0.062 seconds
[2026-04-18T06:35:30.801+0000] {processor.py:161} INFO - Started process (PID=65) to work on /opt/airflow/dags/weather_ETL_incremental.py
[2026-04-18T06:35:30.801+0000] {processor.py:830} INFO - Processing file /opt/airflow/dags/weather_ETL_incremental.py for tasks to queue
[2026-04-18T06:35:30.803+0000] {logging_mixin.py:188} INFO - [2026-04-18T06:35:30.803+0000] {dagbag.py:538} INFO - Filling up the DagBag from /opt/airflow/dags/weather_ETL_incremental.py
[2026-04-18T06:35:30.822+0000] {processor.py:840} INFO - DAG(s) 'weather_ETL_incremental' retrieved from /opt/airflow/dags/weather_ETL_incremental.py
[2026-04-18T06:35:30.834+0000] {logging_mixin.py:188} INFO - [2026-04-18T06:35:30.833+0000] {dag.py:3036} INFO - Sync 1 DAGs
[2026-04-18T06:35:30.849+0000] {logging_mixin.py:188} INFO - [2026-04-18T06:35:30.849+0000] {dag.py:3823} INFO - Setting next_dagrun for weather_ETL_incremental to 2026-04-18 03:30:00+00:00, run_after=2026-04-19 03:30:00+00:00
[2026-04-18T06:35:30.860+0000] {processor.py:183} INFO - Processing /opt/airflow/dags/weather_ETL_incremental.py took 0.063 seconds
[2026-04-18T06:36:01.150+0000] {processor.py:161} INFO - Started process (PID=68) to work on /opt/airflow/dags/weather_ETL_incremental.py
[2026-04-18T06:36:01.151+0000] {processor.py:830} INFO - Processing file /opt/airflow/dags/weather_ETL_incremental.py for tasks to queue
[2026-04-18T06:36:01.153+0000] {logging_mixin.py:188} INFO - [2026-04-18T06:36:01.152+0000] {dagbag.py:538} INFO - Filling up the DagBag from /opt/airflow/dags/weather_ETL_incremental.py
[2026-04-18T06:36:01.170+0000] {processor.py:840} INFO - DAG(s) 'weather_ETL_incremental' retrieved from /opt/airflow/dags/weather_ETL_incremental.py
[2026-04-18T06:36:01.181+0000] {logging_mixin.py:188} INFO - [2026-04-18T06:36:01.181+0000] {dag.py:3036} INFO - Sync 1 DAGs
[2026-04-18T06:36:01.195+0000] {logging_mixin.py:188} INFO - [2026-04-18T06:36:01.195+0000] {dag.py:3823} INFO - Setting next_dagrun for weather_ETL_incremental to 2026-04-18 03:30:00+00:00, run_after=2026-04-19 03:30:00+00:00
[2026-04-18T06:36:01.207+0000] {processor.py:183} INFO - Processing /opt/airflow/dags/weather_ETL_incremental.py took 0.059 seconds
[2026-04-18T06:36:31.497+0000] {processor.py:161} INFO - Started process (PID=71) to work on /opt/airflow/dags/weather_ETL_incremental.py
[2026-04-18T06:36:31.497+0000] {processor.py:830} INFO - Processing file /opt/airflow/dags/weather_ETL_incremental.py for tasks to queue
[2026-04-18T06:36:31.499+0000] {logging_mixin.py:188} INFO - [2026-04-18T06:36:31.498+0000] {dagbag.py:538} INFO - Filling up the DagBag from /opt/airflow/dags/weather_ETL_incremental.py
[2026-04-18T06:36:31.517+0000] {processor.py:840} INFO - DAG(s) 'weather_ETL_incremental' retrieved from /opt/airflow/dags/weather_ETL_incremental.py
[2026-04-18T06:36:31.528+0000] {logging_mixin.py:188} INFO - [2026-04-18T06:36:31.528+0000] {dag.py:3036} INFO - Sync 1 DAGs
[2026-04-18T06:36:31.543+0000] {logging_mixin.py:188} INFO - [2026-04-18T06:36:31.543+0000] {dag.py:3823} INFO - Setting next_dagrun for weather_ETL_incremental to 2026-04-18 03:30:00+00:00, run_after=2026-04-19 03:30:00+00:00
[2026-04-18T06:36:31.554+0000] {processor.py:183} INFO - Processing /opt/airflow/dags/weather_ETL_incremental.py took 0.060 seconds
[2026-04-18T06:37:01.866+0000] {processor.py:161} INFO - Started process (PID=74) to work on /opt/airflow/dags/weather_ETL_incremental.py
[2026-04-18T06:37:01.867+0000] {processor.py:830} INFO - Processing file /opt/airflow/dags/weather_ETL_incremental.py for tasks to queue
[2026-04-18T06:37:01.869+0000] {logging_mixin.py:188} INFO - [2026-04-18T06:37:01.869+0000] {dagbag.py:538} INFO - Filling up the DagBag from /opt/airflow/dags/weather_ETL_incremental.py
[2026-04-18T06:37:01.886+0000] {processor.py:840} INFO - DAG(s) 'weather_ETL_incremental' retrieved from /opt/airflow/dags/weather_ETL_incremental.py
[2026-04-18T06:37:01.897+0000] {logging_mixin.py:188} INFO - [2026-04-18T06:37:01.896+0000] {dag.py:3036} INFO - Sync 1 DAGs
[2026-04-18T06:37:01.911+0000] {logging_mixin.py:188} INFO - [2026-04-18T06:37:01.910+0000] {dag.py:3823} INFO - Setting next_dagrun for weather_ETL_incremental to 2026-04-18 03:30:00+00:00, run_after=2026-04-19 03:30:00+00:00
[2026-04-18T06:37:01.921+0000] {processor.py:183} INFO - Processing /opt/airflow/dags/weather_ETL_incremental.py took 0.058 seconds
[2026-04-18T06:37:32.212+0000] {processor.py:161} INFO - Started process (PID=77) to work on /opt/airflow/dags/weather_ETL_incremental.py
[2026-04-18T06:37:32.213+0000] {processor.py:830} INFO - Processing file /opt/airflow/dags/weather_ETL_incremental.py for tasks to queue
[2026-04-18T06:37:32.215+0000] {logging_mixin.py:188} INFO - [2026-04-18T06:37:32.214+0000] {dagbag.py:538} INFO - Filling up the DagBag from /opt/airflow/dags/weather_ETL_incremental.py
[2026-04-18T06:37:32.233+0000] {processor.py:840} INFO - DAG(s) 'weather_ETL_incremental' retrieved from /opt/airflow/dags/weather_ETL_incremental.py
[2026-04-18T06:37:32.244+0000] {logging_mixin.py:188} INFO - [2026-04-18T06:37:32.243+0000] {dag.py:3036} INFO - Sync 1 DAGs
[2026-04-18T06:37:32.257+0000] {logging_mixin.py:188} INFO - [2026-04-18T06:37:32.257+0000] {dag.py:3823} INFO - Setting next_dagrun for weather_ETL_incremental to 2026-04-18 03:30:00+00:00, run_after=2026-04-19 03:30:00+00:00
[2026-04-18T06:37:32.268+0000] {processor.py:183} INFO - Processing /opt/airflow/dags/weather_ETL_incremental.py took 0.059 seconds
[2026-04-18T06:38:02.617+0000] {processor.py:161} INFO - Started process (PID=80) to work on /opt/airflow/dags/weather_ETL_incremental.py
[2026-04-18T06:38:02.618+0000] {processor.py:830} INFO - Processing file /opt/airflow/dags/weather_ETL_incremental.py for tasks to queue
[2026-04-18T06:38:02.620+0000] {logging_mixin.py:188} INFO - [2026-04-18T06:38:02.619+0000] {dagbag.py:538} INFO - Filling up the DagBag from /opt/airflow/dags/weather_ETL_incremental.py
[2026-04-18T06:38:02.637+0000] {processor.py:840} INFO - DAG(s) 'weather_ETL_incremental' retrieved from /opt/airflow/dags/weather_ETL_incremental.py
[2026-04-18T06:38:02.648+0000] {logging_mixin.py:188} INFO - [2026-04-18T06:38:02.648+0000] {dag.py:3036} INFO - Sync 1 DAGs
[2026-04-18T06:38:02.662+0000] {logging_mixin.py:188} INFO - [2026-04-18T06:38:02.662+0000] {dag.py:3823} INFO - Setting next_dagrun for weather_ETL_incremental to 2026-04-18 03:30:00+00:00, run_after=2026-04-19 03:30:00+00:00
[2026-04-18T06:38:02.674+0000] {processor.py:183} INFO - Processing /opt/airflow/dags/weather_ETL_incremental.py took 0.060 seconds
[2026-04-18T06:38:32.983+0000] {processor.py:161} INFO - Started process (PID=83) to work on /opt/airflow/dags/weather_ETL_incremental.py
[2026-04-18T06:38:32.984+0000] {processor.py:830} INFO - Processing file /opt/airflow/dags/weather_ETL_incremental.py for tasks to queue
[2026-04-18T06:38:32.985+0000] {logging_mixin.py:188} INFO - [2026-04-18T06:38:32.985+0000] {dagbag.py:538} INFO - Filling up the DagBag from /opt/airflow/dags/weather_ETL_incremental.py
[2026-04-18T06:38:33.003+0000] {processor.py:840} INFO - DAG(s) 'weather_ETL_incremental' retrieved from /opt/airflow/dags/weather_ETL_incremental.py
[2026-04-18T06:38:33.013+0000] {logging_mixin.py:188} INFO - [2026-04-18T06:38:33.013+0000] {dag.py:3036} INFO - Sync 1 DAGs
[2026-04-18T06:38:33.027+0000] {logging_mixin.py:188} INFO - [2026-04-18T06:38:33.027+0000] {dag.py:3823} INFO - Setting next_dagrun for weather_ETL_incremental to 2026-04-18 03:30:00+00:00, run_after=2026-04-19 03:30:00+00:00
[2026-04-18T06:38:33.038+0000] {processor.py:183} INFO - Processing /opt/airflow/dags/weather_ETL_incremental.py took 0.058 seconds
[2026-04-18T06:39:03.410+0000] {processor.py:161} INFO - Started process (PID=86) to work on /opt/airflow/dags/weather_ETL_incremental.py
[2026-04-18T06:39:03.411+0000] {processor.py:830} INFO - Processing file /opt/airflow/dags/weather_ETL_incremental.py for tasks to queue
[2026-04-18T06:39:03.413+0000] {logging_mixin.py:188} INFO - [2026-04-18T06:39:03.413+0000] {dagbag.py:538} INFO - Filling up the DagBag from /opt/airflow/dags/weather_ETL_incremental.py
[2026-04-18T06:39:03.439+0000] {processor.py:840} INFO - DAG(s) 'weather_ETL_incremental' retrieved from /opt/airflow/dags/weather_ETL_incremental.py
[2026-04-18T06:39:03.451+0000] {logging_mixin.py:188} INFO - [2026-04-18T06:39:03.450+0000] {dag.py:3036} INFO - Sync 1 DAGs
[2026-04-18T06:39:03.466+0000] {logging_mixin.py:188} INFO - [2026-04-18T06:39:03.466+0000] {dag.py:3823} INFO - Setting next_dagrun for weather_ETL_incremental to 2026-04-18 03:30:00+00:00, run_after=2026-04-19 03:30:00+00:00
[2026-04-18T06:39:03.481+0000] {processor.py:183} INFO - Processing /opt/airflow/dags/weather_ETL_incremental.py took 0.077 seconds
[2026-04-18T06:39:33.790+0000] {processor.py:161} INFO - Started process (PID=89) to work on /opt/airflow/dags/weather_ETL_incremental.py
[2026-04-18T06:39:33.791+0000] {processor.py:830} INFO - Processing file /opt/airflow/dags/weather_ETL_incremental.py for tasks to queue
[2026-04-18T06:39:33.792+0000] {logging_mixin.py:188} INFO - [2026-04-18T06:39:33.792+0000] {dagbag.py:538} INFO - Filling up the DagBag from /opt/airflow/dags/weather_ETL_incremental.py
[2026-04-18T06:39:33.809+0000] {processor.py:840} INFO - DAG(s) 'weather_ETL_incremental' retrieved from /opt/airflow/dags/weather_ETL_incremental.py
[2026-04-18T06:39:33.820+0000] {logging_mixin.py:188} INFO - [2026-04-18T06:39:33.819+0000] {dag.py:3036} INFO - Sync 1 DAGs
[2026-04-18T06:39:33.833+0000] {logging_mixin.py:188} INFO - [2026-04-18T06:39:33.832+0000] {dag.py:3823} INFO - Setting next_dagrun for weather_ETL_incremental to 2026-04-18 03:30:00+00:00, run_after=2026-04-19 03:30:00+00:00
[2026-04-18T06:39:33.843+0000] {processor.py:183} INFO - Processing /opt/airflow/dags/weather_ETL_incremental.py took 0.056 seconds
[2026-04-18T06:40:04.173+0000] {processor.py:161} INFO - Started process (PID=92) to work on /opt/airflow/dags/weather_ETL_incremental.py
[2026-04-18T06:40:04.175+0000] {processor.py:830} INFO - Processing file /opt/airflow/dags/weather_ETL_incremental.py for tasks to queue
[2026-04-18T06:40:04.177+0000] {logging_mixin.py:188} INFO - [2026-04-18T06:40:04.177+0000] {dagbag.py:538} INFO - Filling up the DagBag from /opt/airflow/dags/weather_ETL_incremental.py
[2026-04-18T06:40:04.205+0000] {processor.py:840} INFO - DAG(s) 'weather_ETL_incremental' retrieved from /opt/airflow/dags/weather_ETL_incremental.py
[2026-04-18T06:40:04.220+0000] {logging_mixin.py:188} INFO - [2026-04-18T06:40:04.219+0000] {dag.py:3036} INFO - Sync 1 DAGs
[2026-04-18T06:40:04.239+0000] {logging_mixin.py:188} INFO - [2026-04-18T06:40:04.239+0000] {dag.py:3823} INFO - Setting next_dagrun for weather_ETL_incremental to 2026-04-18 03:30:00+00:00, run_after=2026-04-19 03:30:00+00:00
[2026-04-18T06:40:04.251+0000] {processor.py:183} INFO - Processing /opt/airflow/dags/weather_ETL_incremental.py took 0.080 seconds
[2026-04-18T06:40:34.625+0000] {processor.py:161} INFO - Started process (PID=95) to work on /opt/airflow/dags/weather_ETL_incremental.py
[2026-04-18T06:40:34.625+0000] {processor.py:830} INFO - Processing file /opt/airflow/dags/weather_ETL_incremental.py for tasks to queue
[2026-04-18T06:40:34.627+0000] {logging_mixin.py:188} INFO - [2026-04-18T06:40:34.627+0000] {dagbag.py:538} INFO - Filling up the DagBag from /opt/airflow/dags/weather_ETL_incremental.py
[2026-04-18T06:40:34.652+0000] {processor.py:840} INFO - DAG(s) 'weather_ETL_incremental' retrieved from /opt/airflow/dags/weather_ETL_incremental.py
[2026-04-18T06:40:34.662+0000] {logging_mixin.py:188} INFO - [2026-04-18T06:40:34.662+0000] {dag.py:3036} INFO - Sync 1 DAGs
[2026-04-18T06:40:34.682+0000] {logging_mixin.py:188} INFO - [2026-04-18T06:40:34.682+0000] {dag.py:3823} INFO - Setting next_dagrun for weather_ETL_incremental to 2026-04-18 03:30:00+00:00, run_after=2026-04-19 03:30:00+00:00
[2026-04-18T06:40:34.697+0000] {processor.py:183} INFO - Processing /opt/airflow/dags/weather_ETL_incremental.py took 0.075 seconds
[2026-04-18T06:41:05.084+0000] {processor.py:161} INFO - Started process (PID=98) to work on /opt/airflow/dags/weather_ETL_incremental.py
[2026-04-18T06:41:05.084+0000] {processor.py:830} INFO - Processing file /opt/airflow/dags/weather_ETL_incremental.py for tasks to queue
[2026-04-18T06:41:05.086+0000] {logging_mixin.py:188} INFO - [2026-04-18T06:41:05.086+0000] {dagbag.py:538} INFO - Filling up the DagBag from /opt/airflow/dags/weather_ETL_incremental.py
[2026-04-18T06:41:05.116+0000] {processor.py:840} INFO - DAG(s) 'weather_ETL_incremental' retrieved from /opt/airflow/dags/weather_ETL_incremental.py
[2026-04-18T06:41:05.131+0000] {logging_mixin.py:188} INFO - [2026-04-18T06:41:05.131+0000] {dag.py:3036} INFO - Sync 1 DAGs
[2026-04-18T06:41:05.148+0000] {logging_mixin.py:188} INFO - [2026-04-18T06:41:05.148+0000] {dag.py:3823} INFO - Setting next_dagrun for weather_ETL_incremental to 2026-04-18 03:30:00+00:00, run_after=2026-04-19 03:30:00+00:00
[2026-04-18T06:41:05.159+0000] {processor.py:183} INFO - Processing /opt/airflow/dags/weather_ETL_incremental.py took 0.077 seconds
[2026-04-18T06:41:35.539+0000] {processor.py:161} INFO - Started process (PID=101) to work on /opt/airflow/dags/weather_ETL_incremental.py
[2026-04-18T06:41:35.542+0000] {processor.py:830} INFO - Processing file /opt/airflow/dags/weather_ETL_incremental.py for tasks to queue
[2026-04-18T06:41:35.546+0000] {logging_mixin.py:188} INFO - [2026-04-18T06:41:35.546+0000] {dagbag.py:538} INFO - Filling up the DagBag from /opt/airflow/dags/weather_ETL_incremental.py
[2026-04-18T06:41:35.580+0000] {processor.py:840} INFO - DAG(s) 'weather_ETL_incremental' retrieved from /opt/airflow/dags/weather_ETL_incremental.py
[2026-04-18T06:41:35.592+0000] {logging_mixin.py:188} INFO - [2026-04-18T06:41:35.592+0000] {dag.py:3036} INFO - Sync 1 DAGs
[2026-04-18T06:41:35.610+0000] {logging_mixin.py:188} INFO - [2026-04-18T06:41:35.610+0000] {dag.py:3823} INFO - Setting next_dagrun for weather_ETL_incremental to 2026-04-18 03:30:00+00:00, run_after=2026-04-19 03:30:00+00:00
[2026-04-18T06:41:35.625+0000] {processor.py:183} INFO - Processing /opt/airflow/dags/weather_ETL_incremental.py took 0.090 seconds
[2026-04-18T06:42:06.025+0000] {processor.py:161} INFO - Started process (PID=104) to work on /opt/airflow/dags/weather_ETL_incremental.py
[2026-04-18T06:42:06.027+0000] {processor.py:830} INFO - Processing file /opt/airflow/dags/weather_ETL_incremental.py for tasks to queue
[2026-04-18T06:42:06.031+0000] {logging_mixin.py:188} INFO - [2026-04-18T06:42:06.031+0000] {dagbag.py:538} INFO - Filling up the DagBag from /opt/airflow/dags/weather_ETL_incremental.py
[2026-04-18T06:42:06.055+0000] {processor.py:840} INFO - DAG(s) 'weather_ETL_incremental' retrieved from /opt/airflow/dags/weather_ETL_incremental.py
[2026-04-18T06:42:06.068+0000] {logging_mixin.py:188} INFO - [2026-04-18T06:42:06.068+0000] {dag.py:3036} INFO - Sync 1 DAGs
[2026-04-18T06:42:06.087+0000] {logging_mixin.py:188} INFO - [2026-04-18T06:42:06.087+0000] {dag.py:3823} INFO - Setting next_dagrun for weather_ETL_incremental to 2026-04-18 03:30:00+00:00, run_after=2026-04-19 03:30:00+00:00
[2026-04-18T06:42:06.098+0000] {processor.py:183} INFO - Processing /opt/airflow/dags/weather_ETL_incremental.py took 0.076 seconds
[2026-04-18T06:42:36.454+0000] {processor.py:161} INFO - Started process (PID=107) to work on /opt/airflow/dags/weather_ETL_incremental.py
[2026-04-18T06:42:36.456+0000] {processor.py:830} INFO - Processing file /opt/airflow/dags/weather_ETL_incremental.py for tasks to queue
[2026-04-18T06:42:36.458+0000] {logging_mixin.py:188} INFO - [2026-04-18T06:42:36.457+0000] {dagbag.py:538} INFO - Filling up the DagBag from /opt/airflow/dags/weather_ETL_incremental.py
[2026-04-18T06:42:36.485+0000] {processor.py:840} INFO - DAG(s) 'weather_ETL_incremental' retrieved from /opt/airflow/dags/weather_ETL_incremental.py
[2026-04-18T06:42:36.498+0000] {logging_mixin.py:188} INFO - [2026-04-18T06:42:36.498+0000] {dag.py:3036} INFO - Sync 1 DAGs
[2026-04-18T06:42:36.514+0000] {logging_mixin.py:188} INFO - [2026-04-18T06:42:36.514+0000] {dag.py:3823} INFO - Setting next_dagrun for weather_ETL_incremental to 2026-04-18 03:30:00+00:00, run_after=2026-04-19 03:30:00+00:00
[2026-04-18T06:42:36.525+0000] {processor.py:183} INFO - Processing /opt/airflow/dags/weather_ETL_incremental.py took 0.075 seconds
[2026-04-18T06:43:06.939+0000] {processor.py:161} INFO - Started process (PID=110) to work on /opt/airflow/dags/weather_ETL_incremental.py
[2026-04-18T06:43:06.940+0000] {processor.py:830} INFO - Processing file /opt/airflow/dags/weather_ETL_incremental.py for tasks to queue
[2026-04-18T06:43:06.942+0000] {logging_mixin.py:188} INFO - [2026-04-18T06:43:06.942+0000] {dagbag.py:538} INFO - Filling up the DagBag from /opt/airflow/dags/weather_ETL_incremental.py
[2026-04-18T06:43:06.970+0000] {processor.py:840} INFO - DAG(s) 'weather_ETL_incremental' retrieved from /opt/airflow/dags/weather_ETL_incremental.py
[2026-04-18T06:43:06.987+0000] {logging_mixin.py:188} INFO - [2026-04-18T06:43:06.986+0000] {dag.py:3036} INFO - Sync 1 DAGs
[2026-04-18T06:43:07.003+0000] {logging_mixin.py:188} INFO - [2026-04-18T06:43:07.003+0000] {dag.py:3823} INFO - Setting next_dagrun for weather_ETL_incremental to 2026-04-18 03:30:00+00:00, run_after=2026-04-19 03:30:00+00:00
[2026-04-18T06:43:07.016+0000] {processor.py:183} INFO - Processing /opt/airflow/dags/weather_ETL_incremental.py took 0.080 seconds
[2026-04-18T06:43:37.406+0000] {processor.py:161} INFO - Started process (PID=113) to work on /opt/airflow/dags/weather_ETL_incremental.py
[2026-04-18T06:43:37.407+0000] {processor.py:830} INFO - Processing file /opt/airflow/dags/weather_ETL_incremental.py for tasks to queue
[2026-04-18T06:43:37.409+0000] {logging_mixin.py:188} INFO - [2026-04-18T06:43:37.408+0000] {dagbag.py:538} INFO - Filling up the DagBag from /opt/airflow/dags/weather_ETL_incremental.py
[2026-04-18T06:43:37.442+0000] {processor.py:840} INFO - DAG(s) 'weather_ETL_incremental' retrieved from /opt/airflow/dags/weather_ETL_incremental.py
[2026-04-18T06:43:37.459+0000] {logging_mixin.py:188} INFO - [2026-04-18T06:43:37.459+0000] {dag.py:3036} INFO - Sync 1 DAGs
[2026-04-18T06:43:37.478+0000] {logging_mixin.py:188} INFO - [2026-04-18T06:43:37.478+0000] {dag.py:3823} INFO - Setting next_dagrun for weather_ETL_incremental to 2026-04-18 03:30:00+00:00, run_after=2026-04-19 03:30:00+00:00
[2026-04-18T06:43:37.494+0000] {processor.py:183} INFO - Processing /opt/airflow/dags/weather_ETL_incremental.py took 0.091 seconds
[2026-04-18T06:44:07.912+0000] {processor.py:161} INFO - Started process (PID=116) to work on /opt/airflow/dags/weather_ETL_incremental.py
[2026-04-18T06:44:07.913+0000] {processor.py:830} INFO - Processing file /opt/airflow/dags/weather_ETL_incremental.py for tasks to queue
[2026-04-18T06:44:07.917+0000] {logging_mixin.py:188} INFO - [2026-04-18T06:44:07.917+0000] {dagbag.py:538} INFO - Filling up the DagBag from /opt/airflow/dags/weather_ETL_incremental.py
[2026-04-18T06:44:07.947+0000] {processor.py:840} INFO - DAG(s) 'weather_ETL_incremental' retrieved from /opt/airflow/dags/weather_ETL_incremental.py
[2026-04-18T06:44:07.958+0000] {logging_mixin.py:188} INFO - [2026-04-18T06:44:07.957+0000] {dag.py:3036} INFO - Sync 1 DAGs
[2026-04-18T06:44:07.975+0000] {logging_mixin.py:188} INFO - [2026-04-18T06:44:07.974+0000] {dag.py:3823} INFO - Setting next_dagrun for weather_ETL_incremental to 2026-04-18 03:30:00+00:00, run_after=2026-04-19 03:30:00+00:00
[2026-04-18T06:44:07.993+0000] {processor.py:183} INFO - Processing /opt/airflow/dags/weather_ETL_incremental.py took 0.085 seconds
[2026-04-18T06:44:38.382+0000] {processor.py:161} INFO - Started process (PID=119) to work on /opt/airflow/dags/weather_ETL_incremental.py
[2026-04-18T06:44:38.383+0000] {processor.py:830} INFO - Processing file /opt/airflow/dags/weather_ETL_incremental.py for tasks to queue
[2026-04-18T06:44:38.385+0000] {logging_mixin.py:188} INFO - [2026-04-18T06:44:38.385+0000] {dagbag.py:538} INFO - Filling up the DagBag from /opt/airflow/dags/weather_ETL_incremental.py
[2026-04-18T06:44:38.410+0000] {processor.py:840} INFO - DAG(s) 'weather_ETL_incremental' retrieved from /opt/airflow/dags/weather_ETL_incremental.py
[2026-04-18T06:44:38.423+0000] {logging_mixin.py:188} INFO - [2026-04-18T06:44:38.423+0000] {dag.py:3036} INFO - Sync 1 DAGs
[2026-04-18T06:44:38.440+0000] {logging_mixin.py:188} INFO - [2026-04-18T06:44:38.440+0000] {dag.py:3823} INFO - Setting next_dagrun for weather_ETL_incremental to 2026-04-18 03:30:00+00:00, run_after=2026-04-19 03:30:00+00:00
[2026-04-18T06:44:38.455+0000] {processor.py:183} INFO - Processing /opt/airflow/dags/weather_ETL_incremental.py took 0.075 seconds
[2026-04-18T06:45:08.801+0000] {processor.py:161} INFO - Started process (PID=122) to work on /opt/airflow/dags/weather_ETL_incremental.py
[2026-04-18T06:45:08.802+0000] {processor.py:830} INFO - Processing file /opt/airflow/dags/weather_ETL_incremental.py for tasks to queue
[2026-04-18T06:45:08.804+0000] {logging_mixin.py:188} INFO - [2026-04-18T06:45:08.804+0000] {dagbag.py:538} INFO - Filling up the DagBag from /opt/airflow/dags/weather_ETL_incremental.py
[2026-04-18T06:45:08.828+0000] {processor.py:840} INFO - DAG(s) 'weather_ETL_incremental' retrieved from /opt/airflow/dags/weather_ETL_incremental.py
[2026-04-18T06:45:08.845+0000] {logging_mixin.py:188} INFO - [2026-04-18T06:45:08.844+0000] {dag.py:3036} INFO - Sync 1 DAGs
[2026-04-18T06:45:08.863+0000] {logging_mixin.py:188} INFO - [2026-04-18T06:45:08.863+0000] {dag.py:3823} INFO - Setting next_dagrun for weather_ETL_incremental to 2026-04-18 03:30:00+00:00, run_after=2026-04-19 03:30:00+00:00
[2026-04-18T06:45:08.883+0000] {processor.py:183} INFO - Processing /opt/airflow/dags/weather_ETL_incremental.py took 0.085 seconds
[2026-04-18T06:45:39.226+0000] {processor.py:161} INFO - Started process (PID=125) to work on /opt/airflow/dags/weather_ETL_incremental.py
[2026-04-18T06:45:39.227+0000] {processor.py:830} INFO - Processing file /opt/airflow/dags/weather_ETL_incremental.py for tasks to queue
[2026-04-18T06:45:39.229+0000] {logging_mixin.py:188} INFO - [2026-04-18T06:45:39.229+0000] {dagbag.py:538} INFO - Filling up the DagBag from /opt/airflow/dags/weather_ETL_incremental.py
[2026-04-18T06:45:39.254+0000] {processor.py:840} INFO - DAG(s) 'weather_ETL_incremental' retrieved from /opt/airflow/dags/weather_ETL_incremental.py
[2026-04-18T06:45:39.271+0000] {logging_mixin.py:188} INFO - [2026-04-18T06:45:39.270+0000] {dag.py:3036} INFO - Sync 1 DAGs
[2026-04-18T06:45:39.286+0000] {logging_mixin.py:188} INFO - [2026-04-18T06:45:39.286+0000] {dag.py:3823} INFO - Setting next_dagrun for weather_ETL_incremental to 2026-04-18 03:30:00+00:00, run_after=2026-04-19 03:30:00+00:00
[2026-04-18T06:45:39.303+0000] {processor.py:183} INFO - Processing /opt/airflow/dags/weather_ETL_incremental.py took 0.080 seconds
[2026-04-18T06:46:09.747+0000] {processor.py:161} INFO - Started process (PID=128) to work on /opt/airflow/dags/weather_ETL_incremental.py
[2026-04-18T06:46:09.751+0000] {processor.py:830} INFO - Processing file /opt/airflow/dags/weather_ETL_incremental.py for tasks to queue
[2026-04-18T06:46:09.753+0000] {logging_mixin.py:188} INFO - [2026-04-18T06:46:09.752+0000] {dagbag.py:538} INFO - Filling up the DagBag from /opt/airflow/dags/weather_ETL_incremental.py
[2026-04-18T06:46:09.782+0000] {processor.py:840} INFO - DAG(s) 'weather_ETL_incremental' retrieved from /opt/airflow/dags/weather_ETL_incremental.py
[2026-04-18T06:46:09.800+0000] {logging_mixin.py:188} INFO - [2026-04-18T06:46:09.799+0000] {dag.py:3036} INFO - Sync 1 DAGs
[2026-04-18T06:46:09.825+0000] {logging_mixin.py:188} INFO - [2026-04-18T06:46:09.824+0000] {dag.py:3823} INFO - Setting next_dagrun for weather_ETL_incremental to 2026-04-18 03:30:00+00:00, run_after=2026-04-19 03:30:00+00:00
[2026-04-18T06:46:09.839+0000] {processor.py:183} INFO - Processing /opt/airflow/dags/weather_ETL_incremental.py took 0.095 seconds
[2026-04-18T07:09:12.841+0000] {processor.py:161} INFO - Started process (PID=131) to work on /opt/airflow/dags/weather_ETL_incremental.py
[2026-04-18T07:09:12.847+0000] {processor.py:830} INFO - Processing file /opt/airflow/dags/weather_ETL_incremental.py for tasks to queue
[2026-04-18T07:09:12.852+0000] {logging_mixin.py:188} INFO - [2026-04-18T07:09:12.851+0000] {dagbag.py:538} INFO - Filling up the DagBag from /opt/airflow/dags/weather_ETL_incremental.py
[2026-04-18T07:09:12.914+0000] {processor.py:840} INFO - DAG(s) 'weather_ETL_incremental' retrieved from /opt/airflow/dags/weather_ETL_incremental.py
[2026-04-18T07:09:12.960+0000] {logging_mixin.py:188} INFO - [2026-04-18T07:09:12.959+0000] {dag.py:3036} INFO - Sync 1 DAGs
[2026-04-18T07:09:13.016+0000] {logging_mixin.py:188} INFO - [2026-04-18T07:09:13.015+0000] {dag.py:3823} INFO - Setting next_dagrun for weather_ETL_incremental to 2026-04-18 03:30:00+00:00, run_after=2026-04-19 03:30:00+00:00
[2026-04-18T07:09:13.069+0000] {processor.py:183} INFO - Processing /opt/airflow/dags/weather_ETL_incremental.py took 0.234 seconds
[2026-04-18T07:09:43.458+0000] {processor.py:161} INFO - Started process (PID=134) to work on /opt/airflow/dags/weather_ETL_incremental.py
[2026-04-18T07:09:43.462+0000] {processor.py:830} INFO - Processing file /opt/airflow/dags/weather_ETL_incremental.py for tasks to queue
[2026-04-18T07:09:43.463+0000] {logging_mixin.py:188} INFO - [2026-04-18T07:09:43.463+0000] {dagbag.py:538} INFO - Filling up the DagBag from /opt/airflow/dags/weather_ETL_incremental.py
[2026-04-18T07:09:43.482+0000] {processor.py:840} INFO - DAG(s) 'weather_ETL_incremental' retrieved from /opt/airflow/dags/weather_ETL_incremental.py
[2026-04-18T07:09:43.496+0000] {logging_mixin.py:188} INFO - [2026-04-18T07:09:43.495+0000] {dag.py:3036} INFO - Sync 1 DAGs
[2026-04-18T07:09:43.515+0000] {logging_mixin.py:188} INFO - [2026-04-18T07:09:43.515+0000] {dag.py:3823} INFO - Setting next_dagrun for weather_ETL_incremental to 2026-04-18 03:30:00+00:00, run_after=2026-04-19 03:30:00+00:00
[2026-04-18T07:09:43.527+0000] {processor.py:183} INFO - Processing /opt/airflow/dags/weather_ETL_incremental.py took 0.072 seconds
[2026-04-18T08:46:44.999+0000] {processor.py:161} INFO - Started process (PID=137) to work on /opt/airflow/dags/weather_ETL_incremental.py
[2026-04-18T08:46:45.000+0000] {processor.py:830} INFO - Processing file /opt/airflow/dags/weather_ETL_incremental.py for tasks to queue
[2026-04-18T08:46:45.001+0000] {logging_mixin.py:188} INFO - [2026-04-18T08:46:45.001+0000] {dagbag.py:538} INFO - Filling up the DagBag from /opt/airflow/dags/weather_ETL_incremental.py
[2026-04-18T08:46:45.022+0000] {processor.py:840} INFO - DAG(s) 'weather_ETL_incremental' retrieved from /opt/airflow/dags/weather_ETL_incremental.py
[2026-04-18T08:46:45.033+0000] {logging_mixin.py:188} INFO - [2026-04-18T08:46:45.033+0000] {dag.py:3036} INFO - Sync 1 DAGs
[2026-04-18T08:46:45.048+0000] {logging_mixin.py:188} INFO - [2026-04-18T08:46:45.047+0000] {dag.py:3823} INFO - Setting next_dagrun for weather_ETL_incremental to 2026-04-18 03:30:00+00:00, run_after=2026-04-19 03:30:00+00:00
[2026-04-18T08:46:45.065+0000] {processor.py:183} INFO - Processing /opt/airflow/dags/weather_ETL_incremental.py took 0.068 seconds
[2026-04-18T10:16:29.227+0000] {processor.py:161} INFO - Started process (PID=140) to work on /opt/airflow/dags/weather_ETL_incremental.py
[2026-04-18T10:16:29.254+0000] {processor.py:830} INFO - Processing file /opt/airflow/dags/weather_ETL_incremental.py for tasks to queue
[2026-04-18T10:16:29.301+0000] {logging_mixin.py:188} INFO - [2026-04-18T10:16:29.297+0000] {dagbag.py:538} INFO - Filling up the DagBag from /opt/airflow/dags/weather_ETL_incremental.py
[2026-04-18T10:16:29.740+0000] {processor.py:840} INFO - DAG(s) 'weather_ETL_incremental' retrieved from /opt/airflow/dags/weather_ETL_incremental.py
[2026-04-18T10:16:29.928+0000] {logging_mixin.py:188} INFO - [2026-04-18T10:16:29.926+0000] {dag.py:3036} INFO - Sync 1 DAGs
[2026-04-18T10:16:29.996+0000] {logging_mixin.py:188} INFO - [2026-04-18T10:16:29.995+0000] {dag.py:3823} INFO - Setting next_dagrun for weather_ETL_incremental to 2026-04-18 03:30:00+00:00, run_after=2026-04-19 03:30:00+00:00
[2026-04-18T10:16:30.295+0000] {processor.py:183} INFO - Processing /opt/airflow/dags/weather_ETL_incremental.py took 1.074 seconds
[2026-04-18T10:17:00.685+0000] {processor.py:161} INFO - Started process (PID=143) to work on /opt/airflow/dags/weather_ETL_incremental.py
[2026-04-18T10:17:00.688+0000] {processor.py:830} INFO - Processing file /opt/airflow/dags/weather_ETL_incremental.py for tasks to queue
[2026-04-18T10:17:00.689+0000] {logging_mixin.py:188} INFO - [2026-04-18T10:17:00.689+0000] {dagbag.py:538} INFO - Filling up the DagBag from /opt/airflow/dags/weather_ETL_incremental.py
[2026-04-18T10:17:00.713+0000] {processor.py:840} INFO - DAG(s) 'weather_ETL_incremental' retrieved from /opt/airflow/dags/weather_ETL_incremental.py
[2026-04-18T10:17:00.731+0000] {logging_mixin.py:188} INFO - [2026-04-18T10:17:00.730+0000] {dag.py:3036} INFO - Sync 1 DAGs
[2026-04-18T10:17:00.746+0000] {logging_mixin.py:188} INFO - [2026-04-18T10:17:00.746+0000] {dag.py:3823} INFO - Setting next_dagrun for weather_ETL_incremental to 2026-04-18 03:30:00+00:00, run_after=2026-04-19 03:30:00+00:00
[2026-04-18T10:17:00.756+0000] {processor.py:183} INFO - Processing /opt/airflow/dags/weather_ETL_incremental.py took 0.075 seconds
[2026-04-18T11:53:52.063+0000] {processor.py:161} INFO - Started process (PID=146) to work on /opt/airflow/dags/weather_ETL_incremental.py
[2026-04-18T11:53:52.064+0000] {processor.py:830} INFO - Processing file /opt/airflow/dags/weather_ETL_incremental.py for tasks to queue
[2026-04-18T11:53:52.066+0000] {logging_mixin.py:188} INFO - [2026-04-18T11:53:52.066+0000] {dagbag.py:538} INFO - Filling up the DagBag from /opt/airflow/dags/weather_ETL_incremental.py
[2026-04-18T11:53:52.095+0000] {processor.py:840} INFO - DAG(s) 'weather_ETL_incremental' retrieved from /opt/airflow/dags/weather_ETL_incremental.py
[2026-04-18T11:53:52.108+0000] {logging_mixin.py:188} INFO - [2026-04-18T11:53:52.108+0000] {dag.py:3036} INFO - Sync 1 DAGs
[2026-04-18T11:53:52.124+0000] {logging_mixin.py:188} INFO - [2026-04-18T11:53:52.123+0000] {dag.py:3823} INFO - Setting next_dagrun for weather_ETL_incremental to 2026-04-18 03:30:00+00:00, run_after=2026-04-19 03:30:00+00:00
[2026-04-18T11:53:52.137+0000] {processor.py:183} INFO - Processing /opt/airflow/dags/weather_ETL_incremental.py took 0.076 seconds
[2026-04-18T11:54:22.586+0000] {processor.py:161} INFO - Started process (PID=149) to work on /opt/airflow/dags/weather_ETL_incremental.py
[2026-04-18T11:54:22.587+0000] {processor.py:830} INFO - Processing file /opt/airflow/dags/weather_ETL_incremental.py for tasks to queue
[2026-04-18T11:54:22.590+0000] {logging_mixin.py:188} INFO - [2026-04-18T11:54:22.590+0000] {dagbag.py:538} INFO - Filling up the DagBag from /opt/airflow/dags/weather_ETL_incremental.py
[2026-04-18T11:54:22.615+0000] {processor.py:840} INFO - DAG(s) 'weather_ETL_incremental' retrieved from /opt/airflow/dags/weather_ETL_incremental.py
[2026-04-18T11:54:22.629+0000] {logging_mixin.py:188} INFO - [2026-04-18T11:54:22.628+0000] {dag.py:3036} INFO - Sync 1 DAGs
[2026-04-18T11:54:22.643+0000] {logging_mixin.py:188} INFO - [2026-04-18T11:54:22.642+0000] {dag.py:3823} INFO - Setting next_dagrun for weather_ETL_incremental to 2026-04-18 03:30:00+00:00, run_after=2026-04-19 03:30:00+00:00
[2026-04-18T11:54:22.654+0000] {processor.py:183} INFO - Processing /opt/airflow/dags/weather_ETL_incremental.py took 0.071 seconds
[2026-04-18T12:40:40.991+0000] {processor.py:161} INFO - Started process (PID=152) to work on /opt/airflow/dags/weather_ETL_incremental.py
[2026-04-18T12:40:40.992+0000] {processor.py:830} INFO - Processing file /opt/airflow/dags/weather_ETL_incremental.py for tasks to queue
[2026-04-18T12:40:40.995+0000] {logging_mixin.py:188} INFO - [2026-04-18T12:40:40.994+0000] {dagbag.py:538} INFO - Filling up the DagBag from /opt/airflow/dags/weather_ETL_incremental.py
[2026-04-18T12:40:41.016+0000] {processor.py:840} INFO - DAG(s) 'weather_ETL_incremental' retrieved from /opt/airflow/dags/weather_ETL_incremental.py
[2026-04-18T12:40:41.026+0000] {logging_mixin.py:188} INFO - [2026-04-18T12:40:41.026+0000] {dag.py:3036} INFO - Sync 1 DAGs
[2026-04-18T12:40:41.042+0000] {logging_mixin.py:188} INFO - [2026-04-18T12:40:41.041+0000] {dag.py:3823} INFO - Setting next_dagrun for weather_ETL_incremental to 2026-04-18 03:30:00+00:00, run_after=2026-04-19 03:30:00+00:00
[2026-04-18T12:40:41.056+0000] {processor.py:183} INFO - Processing /opt/airflow/dags/weather_ETL_incremental.py took 0.067 seconds
[2026-04-18T14:17:32.261+0000] {processor.py:161} INFO - Started process (PID=155) to work on /opt/airflow/dags/weather_ETL_incremental.py
[2026-04-18T14:17:32.265+0000] {processor.py:830} INFO - Processing file /opt/airflow/dags/weather_ETL_incremental.py for tasks to queue
[2026-04-18T14:17:32.272+0000] {logging_mixin.py:188} INFO - [2026-04-18T14:17:32.272+0000] {dagbag.py:538} INFO - Filling up the DagBag from /opt/airflow/dags/weather_ETL_incremental.py
[2026-04-18T14:17:32.327+0000] {processor.py:840} INFO - DAG(s) 'weather_ETL_incremental' retrieved from /opt/airflow/dags/weather_ETL_incremental.py
[2026-04-18T14:17:32.353+0000] {logging_mixin.py:188} INFO - [2026-04-18T14:17:32.352+0000] {dag.py:3036} INFO - Sync 1 DAGs
[2026-04-18T14:17:32.398+0000] {logging_mixin.py:188} INFO - [2026-04-18T14:17:32.398+0000] {dag.py:3823} INFO - Setting next_dagrun for weather_ETL_incremental to 2026-04-18 03:30:00+00:00, run_after=2026-04-19 03:30:00+00:00
[2026-04-18T14:17:32.433+0000] {processor.py:183} INFO - Processing /opt/airflow/dags/weather_ETL_incremental.py took 0.186 seconds
[2026-04-18T14:18:02.777+0000] {processor.py:161} INFO - Started process (PID=158) to work on /opt/airflow/dags/weather_ETL_incremental.py
[2026-04-18T14:18:02.779+0000] {processor.py:830} INFO - Processing file /opt/airflow/dags/weather_ETL_incremental.py for tasks to queue
[2026-04-18T14:18:02.782+0000] {logging_mixin.py:188} INFO - [2026-04-18T14:18:02.781+0000] {dagbag.py:538} INFO - Filling up the DagBag from /opt/airflow/dags/weather_ETL_incremental.py
[2026-04-18T14:18:02.812+0000] {processor.py:840} INFO - DAG(s) 'weather_ETL_incremental' retrieved from /opt/airflow/dags/weather_ETL_incremental.py
[2026-04-18T14:18:02.830+0000] {logging_mixin.py:188} INFO - [2026-04-18T14:18:02.829+0000] {dag.py:3036} INFO - Sync 1 DAGs
[2026-04-18T14:18:02.849+0000] {logging_mixin.py:188} INFO - [2026-04-18T14:18:02.848+0000] {dag.py:3823} INFO - Setting next_dagrun for weather_ETL_incremental to 2026-04-18 03:30:00+00:00, run_after=2026-04-19 03:30:00+00:00
[2026-04-18T14:18:02.868+0000] {processor.py:183} INFO - Processing /opt/airflow/dags/weather_ETL_incremental.py took 0.096 seconds
[2026-04-18T14:41:38.314+0000] {processor.py:161} INFO - Started process (PID=161) to work on /opt/airflow/dags/weather_ETL_incremental.py
[2026-04-18T14:41:38.315+0000] {processor.py:830} INFO - Processing file /opt/airflow/dags/weather_ETL_incremental.py for tasks to queue
[2026-04-18T14:41:38.316+0000] {logging_mixin.py:188} INFO - [2026-04-18T14:41:38.316+0000] {dagbag.py:538} INFO - Filling up the DagBag from /opt/airflow/dags/weather_ETL_incremental.py
[2026-04-18T14:41:38.342+0000] {processor.py:840} INFO - DAG(s) 'weather_ETL_incremental' retrieved from /opt/airflow/dags/weather_ETL_incremental.py
[2026-04-18T14:41:38.360+0000] {logging_mixin.py:188} INFO - [2026-04-18T14:41:38.360+0000] {dag.py:3036} INFO - Sync 1 DAGs
[2026-04-18T14:41:38.379+0000] {logging_mixin.py:188} INFO - [2026-04-18T14:41:38.379+0000] {dag.py:3823} INFO - Setting next_dagrun for weather_ETL_incremental to 2026-04-18 03:30:00+00:00, run_after=2026-04-19 03:30:00+00:00
[2026-04-18T14:41:38.390+0000] {processor.py:183} INFO - Processing /opt/airflow/dags/weather_ETL_incremental.py took 0.079 seconds
[2026-04-18T15:42:24.535+0000] {processor.py:161} INFO - Started process (PID=164) to work on /opt/airflow/dags/weather_ETL_incremental.py
[2026-04-18T15:42:24.536+0000] {processor.py:830} INFO - Processing file /opt/airflow/dags/weather_ETL_incremental.py for tasks to queue
[2026-04-18T15:42:24.541+0000] {logging_mixin.py:188} INFO - [2026-04-18T15:42:24.541+0000] {dagbag.py:538} INFO - Filling up the DagBag from /opt/airflow/dags/weather_ETL_incremental.py
[2026-04-18T15:42:24.566+0000] {processor.py:840} INFO - DAG(s) 'weather_ETL_incremental' retrieved from /opt/airflow/dags/weather_ETL_incremental.py
[2026-04-18T15:42:24.588+0000] {logging_mixin.py:188} INFO - [2026-04-18T15:42:24.588+0000] {dag.py:3036} INFO - Sync 1 DAGs
[2026-04-18T15:42:24.609+0000] {logging_mixin.py:188} INFO - [2026-04-18T15:42:24.609+0000] {dag.py:3823} INFO - Setting next_dagrun for weather_ETL_incremental to 2026-04-18 03:30:00+00:00, run_after=2026-04-19 03:30:00+00:00
[2026-04-18T15:42:24.629+0000] {processor.py:183} INFO - Processing /opt/airflow/dags/weather_ETL_incremental.py took 0.096 seconds
[2026-04-18T15:42:55.456+0000] {processor.py:161} INFO - Started process (PID=167) to work on /opt/airflow/dags/weather_ETL_incremental.py
[2026-04-18T15:42:55.457+0000] {processor.py:830} INFO - Processing file /opt/airflow/dags/weather_ETL_incremental.py for tasks to queue
[2026-04-18T15:42:55.459+0000] {logging_mixin.py:188} INFO - [2026-04-18T15:42:55.459+0000] {dagbag.py:538} INFO - Filling up the DagBag from /opt/airflow/dags/weather_ETL_incremental.py
[2026-04-18T15:42:55.481+0000] {processor.py:840} INFO - DAG(s) 'weather_ETL_incremental' retrieved from /opt/airflow/dags/weather_ETL_incremental.py
[2026-04-18T15:42:55.492+0000] {logging_mixin.py:188} INFO - [2026-04-18T15:42:55.492+0000] {dag.py:3036} INFO - Sync 1 DAGs
[2026-04-18T15:42:55.508+0000] {logging_mixin.py:188} INFO - [2026-04-18T15:42:55.508+0000] {dag.py:3823} INFO - Setting next_dagrun for weather_ETL_incremental to 2026-04-18 03:30:00+00:00, run_after=2026-04-19 03:30:00+00:00
[2026-04-18T15:42:55.524+0000] {processor.py:183} INFO - Processing /opt/airflow/dags/weather_ETL_incremental.py took 0.072 seconds
[2026-04-18T15:58:11.184+0000] {processor.py:161} INFO - Started process (PID=170) to work on /opt/airflow/dags/weather_ETL_incremental.py
[2026-04-18T15:58:11.185+0000] {processor.py:830} INFO - Processing file /opt/airflow/dags/weather_ETL_incremental.py for tasks to queue
[2026-04-18T15:58:11.189+0000] {logging_mixin.py:188} INFO - [2026-04-18T15:58:11.189+0000] {dagbag.py:538} INFO - Filling up the DagBag from /opt/airflow/dags/weather_ETL_incremental.py
[2026-04-18T15:58:11.223+0000] {processor.py:840} INFO - DAG(s) 'weather_ETL_incremental' retrieved from /opt/airflow/dags/weather_ETL_incremental.py
[2026-04-18T15:58:11.244+0000] {logging_mixin.py:188} INFO - [2026-04-18T15:58:11.244+0000] {dag.py:3036} INFO - Sync 1 DAGs
[2026-04-18T15:58:11.272+0000] {logging_mixin.py:188} INFO - [2026-04-18T15:58:11.272+0000] {dag.py:3823} INFO - Setting next_dagrun for weather_ETL_incremental to 2026-04-18 03:30:00+00:00, run_after=2026-04-19 03:30:00+00:00
[2026-04-18T15:58:11.292+0000] {processor.py:183} INFO - Processing /opt/airflow/dags/weather_ETL_incremental.py took 0.111 seconds
[2026-04-18T16:43:43.483+0000] {processor.py:161} INFO - Started process (PID=173) to work on /opt/airflow/dags/weather_ETL_incremental.py
[2026-04-18T16:43:43.483+0000] {processor.py:830} INFO - Processing file /opt/airflow/dags/weather_ETL_incremental.py for tasks to queue
[2026-04-18T16:43:43.486+0000] {logging_mixin.py:188} INFO - [2026-04-18T16:43:43.485+0000] {dagbag.py:538} INFO - Filling up the DagBag from /opt/airflow/dags/weather_ETL_incremental.py
[2026-04-18T16:43:43.507+0000] {processor.py:840} INFO - DAG(s) 'weather_ETL_incremental' retrieved from /opt/airflow/dags/weather_ETL_incremental.py
[2026-04-18T16:43:43.521+0000] {logging_mixin.py:188} INFO - [2026-04-18T16:43:43.520+0000] {dag.py:3036} INFO - Sync 1 DAGs
[2026-04-18T16:43:43.536+0000] {logging_mixin.py:188} INFO - [2026-04-18T16:43:43.536+0000] {dag.py:3823} INFO - Setting next_dagrun for weather_ETL_incremental to 2026-04-18 03:30:00+00:00, run_after=2026-04-19 03:30:00+00:00
[2026-04-18T16:43:43.552+0000] {processor.py:183} INFO - Processing /opt/airflow/dags/weather_ETL_incremental.py took 0.072 seconds
[2026-04-18T16:44:20.238+0000] {processor.py:161} INFO - Started process (PID=176) to work on /opt/airflow/dags/weather_ETL_incremental.py
[2026-04-18T16:44:20.239+0000] {processor.py:830} INFO - Processing file /opt/airflow/dags/weather_ETL_incremental.py for tasks to queue
[2026-04-18T16:44:20.242+0000] {logging_mixin.py:188} INFO - [2026-04-18T16:44:20.242+0000] {dagbag.py:538} INFO - Filling up the DagBag from /opt/airflow/dags/weather_ETL_incremental.py
[2026-04-18T16:44:20.262+0000] {processor.py:840} INFO - DAG(s) 'weather_ETL_incremental' retrieved from /opt/airflow/dags/weather_ETL_incremental.py
[2026-04-18T16:44:20.277+0000] {logging_mixin.py:188} INFO - [2026-04-18T16:44:20.277+0000] {dag.py:3036} INFO - Sync 1 DAGs
[2026-04-18T16:44:20.291+0000] {logging_mixin.py:188} INFO - [2026-04-18T16:44:20.291+0000] {dag.py:3823} INFO - Setting next_dagrun for weather_ETL_incremental to 2026-04-18 03:30:00+00:00, run_after=2026-04-19 03:30:00+00:00
[2026-04-18T16:44:20.308+0000] {processor.py:183} INFO - Processing /opt/airflow/dags/weather_ETL_incremental.py took 0.072 seconds
[2026-04-18T16:44:50.766+0000] {processor.py:161} INFO - Started process (PID=179) to work on /opt/airflow/dags/weather_ETL_incremental.py
[2026-04-18T16:44:50.767+0000] {processor.py:830} INFO - Processing file /opt/airflow/dags/weather_ETL_incremental.py for tasks to queue
[2026-04-18T16:44:50.770+0000] {logging_mixin.py:188} INFO - [2026-04-18T16:44:50.770+0000] {dagbag.py:538} INFO - Filling up the DagBag from /opt/airflow/dags/weather_ETL_incremental.py
[2026-04-18T16:44:50.797+0000] {processor.py:840} INFO - DAG(s) 'weather_ETL_incremental' retrieved from /opt/airflow/dags/weather_ETL_incremental.py
[2026-04-18T16:44:50.810+0000] {logging_mixin.py:188} INFO - [2026-04-18T16:44:50.810+0000] {dag.py:3036} INFO - Sync 1 DAGs
[2026-04-18T16:44:50.826+0000] {logging_mixin.py:188} INFO - [2026-04-18T16:44:50.826+0000] {dag.py:3823} INFO - Setting next_dagrun for weather_ETL_incremental to 2026-04-18 03:30:00+00:00, run_after=2026-04-19 03:30:00+00:00
[2026-04-18T16:44:50.844+0000] {processor.py:183} INFO - Processing /opt/airflow/dags/weather_ETL_incremental.py took 0.081 seconds
[2026-04-18T17:44:30.372+0000] {processor.py:161} INFO - Started process (PID=182) to work on /opt/airflow/dags/weather_ETL_incremental.py
[2026-04-18T17:44:30.373+0000] {processor.py:830} INFO - Processing file /opt/airflow/dags/weather_ETL_incremental.py for tasks to queue
[2026-04-18T17:44:30.376+0000] {logging_mixin.py:188} INFO - [2026-04-18T17:44:30.376+0000] {dagbag.py:538} INFO - Filling up the DagBag from /opt/airflow/dags/weather_ETL_incremental.py
[2026-04-18T17:44:30.406+0000] {processor.py:840} INFO - DAG(s) 'weather_ETL_incremental' retrieved from /opt/airflow/dags/weather_ETL_incremental.py
[2026-04-18T17:44:30.419+0000] {logging_mixin.py:188} INFO - [2026-04-18T17:44:30.418+0000] {dag.py:3036} INFO - Sync 1 DAGs
[2026-04-18T17:44:30.441+0000] {logging_mixin.py:188} INFO - [2026-04-18T17:44:30.441+0000] {dag.py:3823} INFO - Setting next_dagrun for weather_ETL_incremental to 2026-04-18 03:30:00+00:00, run_after=2026-04-19 03:30:00+00:00
[2026-04-18T17:44:30.464+0000] {processor.py:183} INFO - Processing /opt/airflow/dags/weather_ETL_incremental.py took 0.096 seconds
[2026-04-18T17:45:00.860+0000] {processor.py:161} INFO - Started process (PID=185) to work on /opt/airflow/dags/weather_ETL_incremental.py
[2026-04-18T17:45:00.862+0000] {processor.py:830} INFO - Processing file /opt/airflow/dags/weather_ETL_incremental.py for tasks to queue
[2026-04-18T17:45:00.863+0000] {logging_mixin.py:188} INFO - [2026-04-18T17:45:00.863+0000] {dagbag.py:538} INFO - Filling up the DagBag from /opt/airflow/dags/weather_ETL_incremental.py
[2026-04-18T17:45:00.886+0000] {processor.py:840} INFO - DAG(s) 'weather_ETL_incremental' retrieved from /opt/airflow/dags/weather_ETL_incremental.py
[2026-04-18T17:45:00.902+0000] {logging_mixin.py:188} INFO - [2026-04-18T17:45:00.902+0000] {dag.py:3036} INFO - Sync 1 DAGs
[2026-04-18T17:45:00.916+0000] {logging_mixin.py:188} INFO - [2026-04-18T17:45:00.916+0000] {dag.py:3823} INFO - Setting next_dagrun for weather_ETL_incremental to 2026-04-18 03:30:00+00:00, run_after=2026-04-19 03:30:00+00:00
[2026-04-18T17:45:00.930+0000] {processor.py:183} INFO - Processing /opt/airflow/dags/weather_ETL_incremental.py took 0.072 seconds
[2026-04-18T18:29:47.051+0000] {processor.py:161} INFO - Started process (PID=188) to work on /opt/airflow/dags/weather_ETL_incremental.py
[2026-04-18T18:29:47.054+0000] {processor.py:830} INFO - Processing file /opt/airflow/dags/weather_ETL_incremental.py for tasks to queue
[2026-04-18T18:29:47.058+0000] {logging_mixin.py:188} INFO - [2026-04-18T18:29:47.058+0000] {dagbag.py:538} INFO - Filling up the DagBag from /opt/airflow/dags/weather_ETL_incremental.py
[2026-04-18T18:29:47.101+0000] {processor.py:840} INFO - DAG(s) 'weather_ETL_incremental' retrieved from /opt/airflow/dags/weather_ETL_incremental.py
[2026-04-18T18:29:47.126+0000] {logging_mixin.py:188} INFO - [2026-04-18T18:29:47.126+0000] {dag.py:3036} INFO - Sync 1 DAGs
[2026-04-18T18:29:47.149+0000] {logging_mixin.py:188} INFO - [2026-04-18T18:29:47.149+0000] {dag.py:3823} INFO - Setting next_dagrun for weather_ETL_incremental to 2026-04-18 03:30:00+00:00, run_after=2026-04-19 03:30:00+00:00
[2026-04-18T18:29:47.176+0000] {processor.py:183} INFO - Processing /opt/airflow/dags/weather_ETL_incremental.py took 0.133 seconds
[2026-04-18T18:45:21.687+0000] {processor.py:161} INFO - Started process (PID=191) to work on /opt/airflow/dags/weather_ETL_incremental.py
[2026-04-18T18:45:21.688+0000] {processor.py:830} INFO - Processing file /opt/airflow/dags/weather_ETL_incremental.py for tasks to queue
[2026-04-18T18:45:21.693+0000] {logging_mixin.py:188} INFO - [2026-04-18T18:45:21.692+0000] {dagbag.py:538} INFO - Filling up the DagBag from /opt/airflow/dags/weather_ETL_incremental.py
[2026-04-18T18:45:21.741+0000] {processor.py:840} INFO - DAG(s) 'weather_ETL_incremental' retrieved from /opt/airflow/dags/weather_ETL_incremental.py
[2026-04-18T18:45:21.774+0000] {logging_mixin.py:188} INFO - [2026-04-18T18:45:21.773+0000] {dag.py:3036} INFO - Sync 1 DAGs
[2026-04-18T18:45:21.823+0000] {logging_mixin.py:188} INFO - [2026-04-18T18:45:21.823+0000] {dag.py:3823} INFO - Setting next_dagrun for weather_ETL_incremental to 2026-04-18 03:30:00+00:00, run_after=2026-04-19 03:30:00+00:00
[2026-04-18T18:45:21.859+0000] {processor.py:183} INFO - Processing /opt/airflow/dags/weather_ETL_incremental.py took 0.179 seconds
[2026-04-18T18:45:52.318+0000] {processor.py:161} INFO - Started process (PID=194) to work on /opt/airflow/dags/weather_ETL_incremental.py
[2026-04-18T18:45:52.321+0000] {processor.py:830} INFO - Processing file /opt/airflow/dags/weather_ETL_incremental.py for tasks to queue
[2026-04-18T18:45:52.324+0000] {logging_mixin.py:188} INFO - [2026-04-18T18:45:52.324+0000] {dagbag.py:538} INFO - Filling up the DagBag from /opt/airflow/dags/weather_ETL_incremental.py
[2026-04-18T18:45:52.358+0000] {processor.py:840} INFO - DAG(s) 'weather_ETL_incremental' retrieved from /opt/airflow/dags/weather_ETL_incremental.py
[2026-04-18T18:45:52.372+0000] {logging_mixin.py:188} INFO - [2026-04-18T18:45:52.372+0000] {dag.py:3036} INFO - Sync 1 DAGs
[2026-04-18T18:45:52.389+0000] {logging_mixin.py:188} INFO - [2026-04-18T18:45:52.389+0000] {dag.py:3823} INFO - Setting next_dagrun for weather_ETL_incremental to 2026-04-18 03:30:00+00:00, run_after=2026-04-19 03:30:00+00:00
[2026-04-18T18:45:52.400+0000] {processor.py:183} INFO - Processing /opt/airflow/dags/weather_ETL_incremental.py took 0.086 seconds
[2026-04-18T19:07:58.054+0000] {processor.py:161} INFO - Started process (PID=197) to work on /opt/airflow/dags/weather_ETL_incremental.py
[2026-04-18T19:07:58.055+0000] {processor.py:830} INFO - Processing file /opt/airflow/dags/weather_ETL_incremental.py for tasks to queue
[2026-04-18T19:07:58.061+0000] {logging_mixin.py:188} INFO - [2026-04-18T19:07:58.060+0000] {dagbag.py:538} INFO - Filling up the DagBag from /opt/airflow/dags/weather_ETL_incremental.py
[2026-04-18T19:07:58.091+0000] {processor.py:840} INFO - DAG(s) 'weather_ETL_incremental' retrieved from /opt/airflow/dags/weather_ETL_incremental.py
[2026-04-18T19:07:58.111+0000] {logging_mixin.py:188} INFO - [2026-04-18T19:07:58.110+0000] {dag.py:3036} INFO - Sync 1 DAGs
[2026-04-18T19:07:58.140+0000] {logging_mixin.py:188} INFO - [2026-04-18T19:07:58.140+0000] {dag.py:3823} INFO - Setting next_dagrun for weather_ETL_incremental to 2026-04-18 03:30:00+00:00, run_after=2026-04-19 03:30:00+00:00
[2026-04-18T19:07:58.162+0000] {processor.py:183} INFO - Processing /opt/airflow/dags/weather_ETL_incremental.py took 0.111 seconds
[2026-04-18T19:35:05.520+0000] {processor.py:161} INFO - Started process (PID=200) to work on /opt/airflow/dags/weather_ETL_incremental.py
[2026-04-18T19:35:05.521+0000] {processor.py:830} INFO - Processing file /opt/airflow/dags/weather_ETL_incremental.py for tasks to queue
[2026-04-18T19:35:05.525+0000] {logging_mixin.py:188} INFO - [2026-04-18T19:35:05.524+0000] {dagbag.py:538} INFO - Filling up the DagBag from /opt/airflow/dags/weather_ETL_incremental.py
[2026-04-18T19:35:05.550+0000] {processor.py:840} INFO - DAG(s) 'weather_ETL_incremental' retrieved from /opt/airflow/dags/weather_ETL_incremental.py
[2026-04-18T19:35:05.565+0000] {logging_mixin.py:188} INFO - [2026-04-18T19:35:05.564+0000] {dag.py:3036} INFO - Sync 1 DAGs
[2026-04-18T19:35:05.582+0000] {logging_mixin.py:188} INFO - [2026-04-18T19:35:05.582+0000] {dag.py:3823} INFO - Setting next_dagrun for weather_ETL_incremental to 2026-04-18 03:30:00+00:00, run_after=2026-04-19 03:30:00+00:00
[2026-04-18T19:35:05.593+0000] {processor.py:183} INFO - Processing /opt/airflow/dags/weather_ETL_incremental.py took 0.075 seconds
[2026-04-18T19:35:35.973+0000] {processor.py:161} INFO - Started process (PID=203) to work on /opt/airflow/dags/weather_ETL_incremental.py
[2026-04-18T19:35:35.974+0000] {processor.py:830} INFO - Processing file /opt/airflow/dags/weather_ETL_incremental.py for tasks to queue
[2026-04-18T19:35:35.977+0000] {logging_mixin.py:188} INFO - [2026-04-18T19:35:35.977+0000] {dagbag.py:538} INFO - Filling up the DagBag from /opt/airflow/dags/weather_ETL_incremental.py
[2026-04-18T19:35:36.002+0000] {processor.py:840} INFO - DAG(s) 'weather_ETL_incremental' retrieved from /opt/airflow/dags/weather_ETL_incremental.py
[2026-04-18T19:35:36.014+0000] {logging_mixin.py:188} INFO - [2026-04-18T19:35:36.014+0000] {dag.py:3036} INFO - Sync 1 DAGs
[2026-04-18T19:35:36.031+0000] {logging_mixin.py:188} INFO - [2026-04-18T19:35:36.031+0000] {dag.py:3823} INFO - Setting next_dagrun for weather_ETL_incremental to 2026-04-18 03:30:00+00:00, run_after=2026-04-19 03:30:00+00:00
[2026-04-18T19:35:36.046+0000] {processor.py:183} INFO - Processing /opt/airflow/dags/weather_ETL_incremental.py took 0.078 seconds
[2026-04-18T19:46:45.923+0000] {processor.py:161} INFO - Started process (PID=206) to work on /opt/airflow/dags/weather_ETL_incremental.py
[2026-04-18T19:46:45.924+0000] {processor.py:830} INFO - Processing file /opt/airflow/dags/weather_ETL_incremental.py for tasks to queue
[2026-04-18T19:46:45.925+0000] {logging_mixin.py:188} INFO - [2026-04-18T19:46:45.925+0000] {dagbag.py:538} INFO - Filling up the DagBag from /opt/airflow/dags/weather_ETL_incremental.py
[2026-04-18T19:46:45.954+0000] {processor.py:840} INFO - DAG(s) 'weather_ETL_incremental' retrieved from /opt/airflow/dags/weather_ETL_incremental.py
[2026-04-18T19:46:45.970+0000] {logging_mixin.py:188} INFO - [2026-04-18T19:46:45.969+0000] {dag.py:3036} INFO - Sync 1 DAGs
[2026-04-18T19:46:45.986+0000] {logging_mixin.py:188} INFO - [2026-04-18T19:46:45.986+0000] {dag.py:3823} INFO - Setting next_dagrun for weather_ETL_incremental to 2026-04-18 03:30:00+00:00, run_after=2026-04-19 03:30:00+00:00
[2026-04-18T19:46:46.005+0000] {processor.py:183} INFO - Processing /opt/airflow/dags/weather_ETL_incremental.py took 0.084 seconds
[2026-04-18T19:54:21.276+0000] {processor.py:161} INFO - Started process (PID=209) to work on /opt/airflow/dags/weather_ETL_incremental.py
[2026-04-18T19:54:21.278+0000] {processor.py:830} INFO - Processing file /opt/airflow/dags/weather_ETL_incremental.py for tasks to queue
[2026-04-18T19:54:21.281+0000] {logging_mixin.py:188} INFO - [2026-04-18T19:54:21.281+0000] {dagbag.py:538} INFO - Filling up the DagBag from /opt/airflow/dags/weather_ETL_incremental.py
[2026-04-18T19:54:21.320+0000] {processor.py:840} INFO - DAG(s) 'weather_ETL_incremental' retrieved from /opt/airflow/dags/weather_ETL_incremental.py
[2026-04-18T19:54:21.341+0000] {logging_mixin.py:188} INFO - [2026-04-18T19:54:21.341+0000] {dag.py:3036} INFO - Sync 1 DAGs
[2026-04-18T19:54:21.371+0000] {logging_mixin.py:188} INFO - [2026-04-18T19:54:21.371+0000] {dag.py:3823} INFO - Setting next_dagrun for weather_ETL_incremental to 2026-04-18 03:30:00+00:00, run_after=2026-04-19 03:30:00+00:00
[2026-04-18T19:54:21.395+0000] {processor.py:183} INFO - Processing /opt/airflow/dags/weather_ETL_incremental.py took 0.124 seconds
[2026-04-18T20:23:12.738+0000] {processor.py:161} INFO - Started process (PID=212) to work on /opt/airflow/dags/weather_ETL_incremental.py
[2026-04-18T20:23:12.739+0000] {processor.py:830} INFO - Processing file /opt/airflow/dags/weather_ETL_incremental.py for tasks to queue
[2026-04-18T20:23:12.741+0000] {logging_mixin.py:188} INFO - [2026-04-18T20:23:12.741+0000] {dagbag.py:538} INFO - Filling up the DagBag from /opt/airflow/dags/weather_ETL_incremental.py
[2026-04-18T20:23:12.765+0000] {processor.py:840} INFO - DAG(s) 'weather_ETL_incremental' retrieved from /opt/airflow/dags/weather_ETL_incremental.py
[2026-04-18T20:23:12.778+0000] {logging_mixin.py:188} INFO - [2026-04-18T20:23:12.777+0000] {dag.py:3036} INFO - Sync 1 DAGs
[2026-04-18T20:23:12.801+0000] {logging_mixin.py:188} INFO - [2026-04-18T20:23:12.797+0000] {dag.py:3823} INFO - Setting next_dagrun for weather_ETL_incremental to 2026-04-18 03:30:00+00:00, run_after=2026-04-19 03:30:00+00:00
[2026-04-18T20:23:12.811+0000] {processor.py:183} INFO - Processing /opt/airflow/dags/weather_ETL_incremental.py took 0.075 seconds
[2026-04-18T20:23:43.170+0000] {processor.py:161} INFO - Started process (PID=215) to work on /opt/airflow/dags/weather_ETL_incremental.py
[2026-04-18T20:23:43.170+0000] {processor.py:830} INFO - Processing file /opt/airflow/dags/weather_ETL_incremental.py for tasks to queue
[2026-04-18T20:23:43.174+0000] {logging_mixin.py:188} INFO - [2026-04-18T20:23:43.174+0000] {dagbag.py:538} INFO - Filling up the DagBag from /opt/airflow/dags/weather_ETL_incremental.py
[2026-04-18T20:23:43.197+0000] {processor.py:840} INFO - DAG(s) 'weather_ETL_incremental' retrieved from /opt/airflow/dags/weather_ETL_incremental.py
[2026-04-18T20:23:43.210+0000] {logging_mixin.py:188} INFO - [2026-04-18T20:23:43.210+0000] {dag.py:3036} INFO - Sync 1 DAGs
[2026-04-18T20:23:43.228+0000] {logging_mixin.py:188} INFO - [2026-04-18T20:23:43.228+0000] {dag.py:3823} INFO - Setting next_dagrun for weather_ETL_incremental to 2026-04-18 03:30:00+00:00, run_after=2026-04-19 03:30:00+00:00
[2026-04-18T20:23:43.245+0000] {processor.py:183} INFO - Processing /opt/airflow/dags/weather_ETL_incremental.py took 0.082 seconds
[2026-04-18T20:24:14.900+0000] {processor.py:161} INFO - Started process (PID=218) to work on /opt/airflow/dags/weather_ETL_incremental.py
[2026-04-18T20:24:14.903+0000] {processor.py:830} INFO - Processing file /opt/airflow/dags/weather_ETL_incremental.py for tasks to queue
[2026-04-18T20:24:14.907+0000] {logging_mixin.py:188} INFO - [2026-04-18T20:24:14.907+0000] {dagbag.py:538} INFO - Filling up the DagBag from /opt/airflow/dags/weather_ETL_incremental.py
[2026-04-18T20:24:14.937+0000] {processor.py:840} INFO - DAG(s) 'weather_ETL_incremental' retrieved from /opt/airflow/dags/weather_ETL_incremental.py
[2026-04-18T20:24:14.949+0000] {logging_mixin.py:188} INFO - [2026-04-18T20:24:14.948+0000] {dag.py:3036} INFO - Sync 1 DAGs
[2026-04-18T20:24:14.966+0000] {logging_mixin.py:188} INFO - [2026-04-18T20:24:14.966+0000] {dag.py:3823} INFO - Setting next_dagrun for weather_ETL_incremental to 2026-04-18 03:30:00+00:00, run_after=2026-04-19 03:30:00+00:00
[2026-04-18T20:24:14.979+0000] {processor.py:183} INFO - Processing /opt/airflow/dags/weather_ETL_incremental.py took 0.083 seconds
[2026-04-18T20:24:45.353+0000] {processor.py:161} INFO - Started process (PID=221) to work on /opt/airflow/dags/weather_ETL_incremental.py
[2026-04-18T20:24:45.354+0000] {processor.py:830} INFO - Processing file /opt/airflow/dags/weather_ETL_incremental.py for tasks to queue
[2026-04-18T20:24:45.358+0000] {logging_mixin.py:188} INFO - [2026-04-18T20:24:45.358+0000] {dagbag.py:538} INFO - Filling up the DagBag from /opt/airflow/dags/weather_ETL_incremental.py
[2026-04-18T20:24:45.387+0000] {processor.py:840} INFO - DAG(s) 'weather_ETL_incremental' retrieved from /opt/airflow/dags/weather_ETL_incremental.py
[2026-04-18T20:24:45.406+0000] {logging_mixin.py:188} INFO - [2026-04-18T20:24:45.406+0000] {dag.py:3036} INFO - Sync 1 DAGs
[2026-04-18T20:24:45.420+0000] {logging_mixin.py:188} INFO - [2026-04-18T20:24:45.420+0000] {dag.py:3823} INFO - Setting next_dagrun for weather_ETL_incremental to 2026-04-18 03:30:00+00:00, run_after=2026-04-19 03:30:00+00:00
[2026-04-18T20:24:45.433+0000] {processor.py:183} INFO - Processing /opt/airflow/dags/weather_ETL_incremental.py took 0.083 seconds
[2026-04-18T20:26:38.824+0000] {processor.py:161} INFO - Started process (PID=224) to work on /opt/airflow/dags/weather_ETL_incremental.py
[2026-04-18T20:26:38.827+0000] {processor.py:830} INFO - Processing file /opt/airflow/dags/weather_ETL_incremental.py for tasks to queue
[2026-04-18T20:26:38.828+0000] {logging_mixin.py:188} INFO - [2026-04-18T20:26:38.828+0000] {dagbag.py:538} INFO - Filling up the DagBag from /opt/airflow/dags/weather_ETL_incremental.py
[2026-04-18T20:26:38.852+0000] {processor.py:840} INFO - DAG(s) 'weather_ETL_incremental' retrieved from /opt/airflow/dags/weather_ETL_incremental.py
[2026-04-18T20:26:38.866+0000] {logging_mixin.py:188} INFO - [2026-04-18T20:26:38.865+0000] {dag.py:3036} INFO - Sync 1 DAGs
[2026-04-18T20:26:38.880+0000] {logging_mixin.py:188} INFO - [2026-04-18T20:26:38.880+0000] {dag.py:3823} INFO - Setting next_dagrun for weather_ETL_incremental to 2026-04-18 03:30:00+00:00, run_after=2026-04-19 03:30:00+00:00
[2026-04-18T20:26:38.895+0000] {processor.py:183} INFO - Processing /opt/airflow/dags/weather_ETL_incremental.py took 0.075 seconds
[2026-04-18T20:43:51.283+0000] {processor.py:161} INFO - Started process (PID=227) to work on /opt/airflow/dags/weather_ETL_incremental.py
[2026-04-18T20:43:51.327+0000] {processor.py:830} INFO - Processing file /opt/airflow/dags/weather_ETL_incremental.py for tasks to queue
[2026-04-18T20:43:51.351+0000] {logging_mixin.py:188} INFO - [2026-04-18T20:43:51.350+0000] {dagbag.py:538} INFO - Filling up the DagBag from /opt/airflow/dags/weather_ETL_incremental.py
[2026-04-18T20:43:52.805+0000] {processor.py:840} INFO - DAG(s) 'weather_ETL_incremental' retrieved from /opt/airflow/dags/weather_ETL_incremental.py
[2026-04-18T20:43:53.013+0000] {logging_mixin.py:188} INFO - [2026-04-18T20:43:53.012+0000] {dag.py:3036} INFO - Sync 1 DAGs
[2026-04-18T20:43:53.248+0000] {logging_mixin.py:188} INFO - [2026-04-18T20:43:53.247+0000] {dag.py:3823} INFO - Setting next_dagrun for weather_ETL_incremental to 2026-04-18 03:30:00+00:00, run_after=2026-04-19 03:30:00+00:00
[2026-04-18T20:43:53.515+0000] {processor.py:183} INFO - Processing /opt/airflow/dags/weather_ETL_incremental.py took 2.238 seconds
[2026-04-18T20:44:23.561+0000] {processor.py:161} INFO - Started process (PID=230) to work on /opt/airflow/dags/weather_ETL_incremental.py
[2026-04-18T20:44:23.563+0000] {processor.py:830} INFO - Processing file /opt/airflow/dags/weather_ETL_incremental.py for tasks to queue
[2026-04-18T20:44:23.565+0000] {logging_mixin.py:188} INFO - [2026-04-18T20:44:23.565+0000] {dagbag.py:538} INFO - Filling up the DagBag from /opt/airflow/dags/weather_ETL_incremental.py
[2026-04-18T20:44:23.596+0000] {processor.py:840} INFO - DAG(s) 'weather_ETL_incremental' retrieved from /opt/airflow/dags/weather_ETL_incremental.py
[2026-04-18T20:44:23.607+0000] {logging_mixin.py:188} INFO - [2026-04-18T20:44:23.607+0000] {dag.py:3036} INFO - Sync 1 DAGs
[2026-04-18T20:44:23.623+0000] {logging_mixin.py:188} INFO - [2026-04-18T20:44:23.623+0000] {dag.py:3823} INFO - Setting next_dagrun for weather_ETL_incremental to 2026-04-18 03:30:00+00:00, run_after=2026-04-19 03:30:00+00:00
[2026-04-18T20:44:23.633+0000] {processor.py:183} INFO - Processing /opt/airflow/dags/weather_ETL_incremental.py took 0.076 seconds
[2026-04-18T20:45:05.599+0000] {processor.py:161} INFO - Started process (PID=233) to work on /opt/airflow/dags/weather_ETL_incremental.py
[2026-04-18T20:45:05.601+0000] {processor.py:830} INFO - Processing file /opt/airflow/dags/weather_ETL_incremental.py for tasks to queue
[2026-04-18T20:45:05.604+0000] {logging_mixin.py:188} INFO - [2026-04-18T20:45:05.604+0000] {dagbag.py:538} INFO - Filling up the DagBag from /opt/airflow/dags/weather_ETL_incremental.py
[2026-04-18T20:45:05.629+0000] {processor.py:840} INFO - DAG(s) 'weather_ETL_incremental' retrieved from /opt/airflow/dags/weather_ETL_incremental.py
[2026-04-18T20:45:05.643+0000] {logging_mixin.py:188} INFO - [2026-04-18T20:45:05.643+0000] {dag.py:3036} INFO - Sync 1 DAGs
[2026-04-18T20:45:05.657+0000] {logging_mixin.py:188} INFO - [2026-04-18T20:45:05.657+0000] {dag.py:3823} INFO - Setting next_dagrun for weather_ETL_incremental to 2026-04-18 03:30:00+00:00, run_after=2026-04-19 03:30:00+00:00
[2026-04-18T20:45:05.670+0000] {processor.py:183} INFO - Processing /opt/airflow/dags/weather_ETL_incremental.py took 0.075 seconds
[2026-04-18T20:46:25.619+0000] {processor.py:161} INFO - Started process (PID=236) to work on /opt/airflow/dags/weather_ETL_incremental.py
[2026-04-18T20:46:25.620+0000] {processor.py:830} INFO - Processing file /opt/airflow/dags/weather_ETL_incremental.py for tasks to queue
[2026-04-18T20:46:25.622+0000] {logging_mixin.py:188} INFO - [2026-04-18T20:46:25.622+0000] {dagbag.py:538} INFO - Filling up the DagBag from /opt/airflow/dags/weather_ETL_incremental.py
[2026-04-18T20:46:25.642+0000] {processor.py:840} INFO - DAG(s) 'weather_ETL_incremental' retrieved from /opt/airflow/dags/weather_ETL_incremental.py
[2026-04-18T20:46:25.652+0000] {logging_mixin.py:188} INFO - [2026-04-18T20:46:25.652+0000] {dag.py:3036} INFO - Sync 1 DAGs
[2026-04-18T20:46:25.666+0000] {logging_mixin.py:188} INFO - [2026-04-18T20:46:25.666+0000] {dag.py:3823} INFO - Setting next_dagrun for weather_ETL_incremental to 2026-04-18 03:30:00+00:00, run_after=2026-04-19 03:30:00+00:00
[2026-04-18T20:46:25.683+0000] {processor.py:183} INFO - Processing /opt/airflow/dags/weather_ETL_incremental.py took 0.066 seconds
[2026-04-18T20:47:03.762+0000] {processor.py:161} INFO - Started process (PID=239) to work on /opt/airflow/dags/weather_ETL_incremental.py
[2026-04-18T20:47:03.763+0000] {processor.py:830} INFO - Processing file /opt/airflow/dags/weather_ETL_incremental.py for tasks to queue
[2026-04-18T20:47:03.764+0000] {logging_mixin.py:188} INFO - [2026-04-18T20:47:03.764+0000] {dagbag.py:538} INFO - Filling up the DagBag from /opt/airflow/dags/weather_ETL_incremental.py
[2026-04-18T20:47:03.790+0000] {processor.py:840} INFO - DAG(s) 'weather_ETL_incremental' retrieved from /opt/airflow/dags/weather_ETL_incremental.py
[2026-04-18T20:47:03.804+0000] {logging_mixin.py:188} INFO - [2026-04-18T20:47:03.803+0000] {dag.py:3036} INFO - Sync 1 DAGs
[2026-04-18T20:47:03.820+0000] {logging_mixin.py:188} INFO - [2026-04-18T20:47:03.820+0000] {dag.py:3823} INFO - Setting next_dagrun for weather_ETL_incremental to 2026-04-18 03:30:00+00:00, run_after=2026-04-19 03:30:00+00:00
[2026-04-18T20:47:03.837+0000] {processor.py:183} INFO - Processing /opt/airflow/dags/weather_ETL_incremental.py took 0.078 seconds
[2026-04-18T20:47:34.254+0000] {processor.py:161} INFO - Started process (PID=242) to work on /opt/airflow/dags/weather_ETL_incremental.py
[2026-04-18T20:47:34.254+0000] {processor.py:830} INFO - Processing file /opt/airflow/dags/weather_ETL_incremental.py for tasks to queue
[2026-04-18T20:47:34.257+0000] {logging_mixin.py:188} INFO - [2026-04-18T20:47:34.256+0000] {dagbag.py:538} INFO - Filling up the DagBag from /opt/airflow/dags/weather_ETL_incremental.py
[2026-04-18T20:47:34.280+0000] {processor.py:840} INFO - DAG(s) 'weather_ETL_incremental' retrieved from /opt/airflow/dags/weather_ETL_incremental.py
[2026-04-18T20:47:34.295+0000] {logging_mixin.py:188} INFO - [2026-04-18T20:47:34.295+0000] {dag.py:3036} INFO - Sync 1 DAGs
[2026-04-18T20:47:34.312+0000] {logging_mixin.py:188} INFO - [2026-04-18T20:47:34.312+0000] {dag.py:3823} INFO - Setting next_dagrun for weather_ETL_incremental to 2026-04-18 03:30:00+00:00, run_after=2026-04-19 03:30:00+00:00
[2026-04-18T20:47:34.326+0000] {processor.py:183} INFO - Processing /opt/airflow/dags/weather_ETL_incremental.py took 0.075 seconds
[2026-04-18T20:48:59.707+0000] {processor.py:161} INFO - Started process (PID=245) to work on /opt/airflow/dags/weather_ETL_incremental.py
[2026-04-18T20:48:59.709+0000] {processor.py:830} INFO - Processing file /opt/airflow/dags/weather_ETL_incremental.py for tasks to queue
[2026-04-18T20:48:59.711+0000] {logging_mixin.py:188} INFO - [2026-04-18T20:48:59.710+0000] {dagbag.py:538} INFO - Filling up the DagBag from /opt/airflow/dags/weather_ETL_incremental.py
[2026-04-18T20:48:59.732+0000] {processor.py:840} INFO - DAG(s) 'weather_ETL_incremental' retrieved from /opt/airflow/dags/weather_ETL_incremental.py
[2026-04-18T20:48:59.745+0000] {logging_mixin.py:188} INFO - [2026-04-18T20:48:59.744+0000] {dag.py:3036} INFO - Sync 1 DAGs
[2026-04-18T20:48:59.760+0000] {logging_mixin.py:188} INFO - [2026-04-18T20:48:59.759+0000] {dag.py:3823} INFO - Setting next_dagrun for weather_ETL_incremental to 2026-04-18 03:30:00+00:00, run_after=2026-04-19 03:30:00+00:00
[2026-04-18T20:48:59.771+0000] {processor.py:183} INFO - Processing /opt/airflow/dags/weather_ETL_incremental.py took 0.067 seconds
[2026-04-18T20:59:25.706+0000] {processor.py:161} INFO - Started process (PID=248) to work on /opt/airflow/dags/weather_ETL_incremental.py
[2026-04-18T20:59:25.710+0000] {processor.py:830} INFO - Processing file /opt/airflow/dags/weather_ETL_incremental.py for tasks to queue
[2026-04-18T20:59:25.715+0000] {logging_mixin.py:188} INFO - [2026-04-18T20:59:25.714+0000] {dagbag.py:538} INFO - Filling up the DagBag from /opt/airflow/dags/weather_ETL_incremental.py
[2026-04-18T20:59:25.808+0000] {processor.py:840} INFO - DAG(s) 'weather_ETL_incremental' retrieved from /opt/airflow/dags/weather_ETL_incremental.py
[2026-04-18T20:59:25.856+0000] {logging_mixin.py:188} INFO - [2026-04-18T20:59:25.856+0000] {dag.py:3036} INFO - Sync 1 DAGs
[2026-04-18T20:59:25.880+0000] {logging_mixin.py:188} INFO - [2026-04-18T20:59:25.879+0000] {dag.py:3823} INFO - Setting next_dagrun for weather_ETL_incremental to 2026-04-18 03:30:00+00:00, run_after=2026-04-19 03:30:00+00:00
[2026-04-18T20:59:25.913+0000] {processor.py:183} INFO - Processing /opt/airflow/dags/weather_ETL_incremental.py took 0.210 seconds
[2026-04-18T21:32:18.575+0000] {processor.py:161} INFO - Started process (PID=251) to work on /opt/airflow/dags/weather_ETL_incremental.py
[2026-04-18T21:32:18.576+0000] {processor.py:830} INFO - Processing file /opt/airflow/dags/weather_ETL_incremental.py for tasks to queue
[2026-04-18T21:32:18.579+0000] {logging_mixin.py:188} INFO - [2026-04-18T21:32:18.579+0000] {dagbag.py:538} INFO - Filling up the DagBag from /opt/airflow/dags/weather_ETL_incremental.py
[2026-04-18T21:32:18.600+0000] {processor.py:840} INFO - DAG(s) 'weather_ETL_incremental' retrieved from /opt/airflow/dags/weather_ETL_incremental.py
[2026-04-18T21:32:18.612+0000] {logging_mixin.py:188} INFO - [2026-04-18T21:32:18.612+0000] {dag.py:3036} INFO - Sync 1 DAGs
[2026-04-18T21:32:18.627+0000] {logging_mixin.py:188} INFO - [2026-04-18T21:32:18.627+0000] {dag.py:3823} INFO - Setting next_dagrun for weather_ETL_incremental to 2026-04-18 03:30:00+00:00, run_after=2026-04-19 03:30:00+00:00
[2026-04-18T21:32:18.646+0000] {processor.py:183} INFO - Processing /opt/airflow/dags/weather_ETL_incremental.py took 0.073 seconds
[2026-04-18T21:47:35.436+0000] {processor.py:161} INFO - Started process (PID=254) to work on /opt/airflow/dags/weather_ETL_incremental.py
[2026-04-18T21:47:35.438+0000] {processor.py:830} INFO - Processing file /opt/airflow/dags/weather_ETL_incremental.py for tasks to queue
[2026-04-18T21:47:35.442+0000] {logging_mixin.py:188} INFO - [2026-04-18T21:47:35.441+0000] {dagbag.py:538} INFO - Filling up the DagBag from /opt/airflow/dags/weather_ETL_incremental.py
[2026-04-18T21:47:35.522+0000] {processor.py:840} INFO - DAG(s) 'weather_ETL_incremental' retrieved from /opt/airflow/dags/weather_ETL_incremental.py
[2026-04-18T21:47:35.560+0000] {logging_mixin.py:188} INFO - [2026-04-18T21:47:35.559+0000] {dag.py:3036} INFO - Sync 1 DAGs
[2026-04-18T21:47:35.622+0000] {logging_mixin.py:188} INFO - [2026-04-18T21:47:35.621+0000] {dag.py:3823} INFO - Setting next_dagrun for weather_ETL_incremental to 2026-04-18 03:30:00+00:00, run_after=2026-04-19 03:30:00+00:00
[2026-04-18T21:47:35.675+0000] {processor.py:183} INFO - Processing /opt/airflow/dags/weather_ETL_incremental.py took 0.244 seconds
[2026-04-18T21:48:06.181+0000] {processor.py:161} INFO - Started process (PID=257) to work on /opt/airflow/dags/weather_ETL_incremental.py
[2026-04-18T21:48:06.183+0000] {processor.py:830} INFO - Processing file /opt/airflow/dags/weather_ETL_incremental.py for tasks to queue
[2026-04-18T21:48:06.185+0000] {logging_mixin.py:188} INFO - [2026-04-18T21:48:06.185+0000] {dagbag.py:538} INFO - Filling up the DagBag from /opt/airflow/dags/weather_ETL_incremental.py
[2026-04-18T21:48:06.225+0000] {processor.py:840} INFO - DAG(s) 'weather_ETL_incremental' retrieved from /opt/airflow/dags/weather_ETL_incremental.py
[2026-04-18T21:48:06.245+0000] {logging_mixin.py:188} INFO - [2026-04-18T21:48:06.245+0000] {dag.py:3036} INFO - Sync 1 DAGs
[2026-04-18T21:48:06.268+0000] {logging_mixin.py:188} INFO - [2026-04-18T21:48:06.268+0000] {dag.py:3823} INFO - Setting next_dagrun for weather_ETL_incremental to 2026-04-18 03:30:00+00:00, run_after=2026-04-19 03:30:00+00:00
[2026-04-18T21:48:06.286+0000] {processor.py:183} INFO - Processing /opt/airflow/dags/weather_ETL_incremental.py took 0.109 seconds
[2026-04-18T22:48:45.696+0000] {processor.py:161} INFO - Started process (PID=260) to work on /opt/airflow/dags/weather_ETL_incremental.py
[2026-04-18T22:48:45.698+0000] {processor.py:830} INFO - Processing file /opt/airflow/dags/weather_ETL_incremental.py for tasks to queue
[2026-04-18T22:48:45.699+0000] {logging_mixin.py:188} INFO - [2026-04-18T22:48:45.699+0000] {dagbag.py:538} INFO - Filling up the DagBag from /opt/airflow/dags/weather_ETL_incremental.py
[2026-04-18T22:48:45.719+0000] {processor.py:840} INFO - DAG(s) 'weather_ETL_incremental' retrieved from /opt/airflow/dags/weather_ETL_incremental.py
[2026-04-18T22:48:45.736+0000] {logging_mixin.py:188} INFO - [2026-04-18T22:48:45.735+0000] {dag.py:3036} INFO - Sync 1 DAGs
[2026-04-18T22:48:45.751+0000] {logging_mixin.py:188} INFO - [2026-04-18T22:48:45.751+0000] {dag.py:3823} INFO - Setting next_dagrun for weather_ETL_incremental to 2026-04-18 03:30:00+00:00, run_after=2026-04-19 03:30:00+00:00
[2026-04-18T22:48:45.766+0000] {processor.py:183} INFO - Processing /opt/airflow/dags/weather_ETL_incremental.py took 0.072 seconds
[2026-04-18T23:49:30.138+0000] {processor.py:161} INFO - Started process (PID=263) to work on /opt/airflow/dags/weather_ETL_incremental.py
[2026-04-18T23:49:30.139+0000] {processor.py:830} INFO - Processing file /opt/airflow/dags/weather_ETL_incremental.py for tasks to queue
[2026-04-18T23:49:30.144+0000] {logging_mixin.py:188} INFO - [2026-04-18T23:49:30.143+0000] {dagbag.py:538} INFO - Filling up the DagBag from /opt/airflow/dags/weather_ETL_incremental.py
[2026-04-18T23:49:30.186+0000] {processor.py:840} INFO - DAG(s) 'weather_ETL_incremental' retrieved from /opt/airflow/dags/weather_ETL_incremental.py
[2026-04-18T23:49:30.219+0000] {logging_mixin.py:188} INFO - [2026-04-18T23:49:30.218+0000] {dag.py:3036} INFO - Sync 1 DAGs
[2026-04-18T23:49:30.258+0000] {logging_mixin.py:188} INFO - [2026-04-18T23:49:30.258+0000] {dag.py:3823} INFO - Setting next_dagrun for weather_ETL_incremental to 2026-04-18 03:30:00+00:00, run_after=2026-04-19 03:30:00+00:00
[2026-04-18T23:49:30.281+0000] {processor.py:183} INFO - Processing /opt/airflow/dags/weather_ETL_incremental.py took 0.149 seconds
[2026-04-18T23:50:00.753+0000] {processor.py:161} INFO - Started process (PID=266) to work on /opt/airflow/dags/weather_ETL_incremental.py
[2026-04-18T23:50:00.754+0000] {processor.py:830} INFO - Processing file /opt/airflow/dags/weather_ETL_incremental.py for tasks to queue
[2026-04-18T23:50:00.758+0000] {logging_mixin.py:188} INFO - [2026-04-18T23:50:00.758+0000] {dagbag.py:538} INFO - Filling up the DagBag from /opt/airflow/dags/weather_ETL_incremental.py
[2026-04-18T23:50:00.783+0000] {processor.py:840} INFO - DAG(s) 'weather_ETL_incremental' retrieved from /opt/airflow/dags/weather_ETL_incremental.py
[2026-04-18T23:50:00.797+0000] {logging_mixin.py:188} INFO - [2026-04-18T23:50:00.797+0000] {dag.py:3036} INFO - Sync 1 DAGs
[2026-04-18T23:50:00.813+0000] {logging_mixin.py:188} INFO - [2026-04-18T23:50:00.813+0000] {dag.py:3823} INFO - Setting next_dagrun for weather_ETL_incremental to 2026-04-18 03:30:00+00:00, run_after=2026-04-19 03:30:00+00:00
[2026-04-18T23:50:00.827+0000] {processor.py:183} INFO - Processing /opt/airflow/dags/weather_ETL_incremental.py took 0.077 seconds
