[2026-04-19T20:13:16.907+0000] {taskinstance.py:1956} INFO - Dependencies all met for dep_context=non-requeueable deps ti=<TaskInstance: dbt_spam_pipeline.dbt_snapshot manual__2026-04-19T07:04:26.982316+00:00 [queued]>
[2026-04-19T20:13:16.913+0000] {taskinstance.py:1956} INFO - Dependencies all met for dep_context=requeueable deps ti=<TaskInstance: dbt_spam_pipeline.dbt_snapshot manual__2026-04-19T07:04:26.982316+00:00 [queued]>
[2026-04-19T20:13:16.913+0000] {taskinstance.py:2170} INFO - Starting attempt 1 of 2
[2026-04-19T20:13:16.921+0000] {taskinstance.py:2191} INFO - Executing <Task(BashOperator): dbt_snapshot> on 2026-04-19 07:04:26.982316+00:00
[2026-04-19T20:13:16.923+0000] {standard_task_runner.py:60} INFO - Started process 838 to run task
[2026-04-19T20:13:16.925+0000] {standard_task_runner.py:87} INFO - Running: ['***', 'tasks', 'run', 'dbt_spam_pipeline', 'dbt_snapshot', 'manual__2026-04-19T07:04:26.982316+00:00', '--job-id', '328', '--raw', '--subdir', 'DAGS_FOLDER/dbt_dag.py', '--cfg-path', '/tmp/tmp1xwtr1gb']
[2026-04-19T20:13:16.926+0000] {standard_task_runner.py:88} INFO - Job 328: Subtask dbt_snapshot
[2026-04-19T20:13:16.954+0000] {task_command.py:423} INFO - Running <TaskInstance: dbt_spam_pipeline.dbt_snapshot manual__2026-04-19T07:04:26.982316+00:00 [running]> on host 200fc1c16217
[2026-04-19T20:13:16.996+0000] {taskinstance.py:2480} INFO - Exporting env vars: AIRFLOW_CTX_DAG_OWNER='***' AIRFLOW_CTX_DAG_ID='dbt_spam_pipeline' AIRFLOW_CTX_TASK_ID='dbt_snapshot' AIRFLOW_CTX_EXECUTION_DATE='2026-04-19T07:04:26.982316+00:00' AIRFLOW_CTX_TRY_NUMBER='1' AIRFLOW_CTX_DAG_RUN_ID='manual__2026-04-19T07:04:26.982316+00:00'
[2026-04-19T20:13:16.997+0000] {subprocess.py:63} INFO - Tmp dir root location: /tmp
[2026-04-19T20:13:16.997+0000] {subprocess.py:75} INFO - Running command: ['/usr/bin/bash', '-c', '/usr/local/bin/dbt snapshot --project-dir /opt/***/dags/spam_detection_dbt --profiles-dir /opt/***/dags/dbt_profiles']
[2026-04-19T20:13:17.003+0000] {subprocess.py:86} INFO - Output:
[2026-04-19T20:13:18.906+0000] {subprocess.py:93} INFO - [0m20:13:18  Running with dbt=1.8.7
[2026-04-19T20:13:19.722+0000] {subprocess.py:93} INFO - [0m20:13:19  Registered adapter: snowflake=1.8.4
[2026-04-19T20:13:19.883+0000] {subprocess.py:93} INFO - [0m20:13:19  [[33mWARNING[0m]: Configuration paths exist in your dbt_project.yml file which do not apply to any resources.
[2026-04-19T20:13:19.884+0000] {subprocess.py:93} INFO - There are 1 unused configuration paths:
[2026-04-19T20:13:19.884+0000] {subprocess.py:93} INFO - - models.spam_detection_dbt.example
[2026-04-19T20:13:20.149+0000] {subprocess.py:93} INFO - [0m20:13:20  Found 2 models, 1 snapshot, 1 operation, 5 data tests, 1 source, 454 macros
[2026-04-19T20:13:20.151+0000] {subprocess.py:93} INFO - [0m20:13:20
[2026-04-19T20:13:21.636+0000] {subprocess.py:93} INFO - [0m20:13:21
[2026-04-19T20:13:21.637+0000] {subprocess.py:93} INFO - [0m20:13:21  Running 1 on-run-start hook
[2026-04-19T20:13:21.647+0000] {subprocess.py:93} INFO - [0m20:13:21  1 of 1 START hook: spam_detection_dbt.on-run-start.0 ........................... [RUN]
[2026-04-19T20:13:22.250+0000] {subprocess.py:93} INFO - [0m20:13:22  1 of 1 OK hook: spam_detection_dbt.on-run-start.0 .............................. [[32mSUCCESS 1[0m in 0.60s]
[2026-04-19T20:13:22.250+0000] {subprocess.py:93} INFO - [0m20:13:22
[2026-04-19T20:13:22.355+0000] {subprocess.py:93} INFO - [0m20:13:22  Concurrency: 1 threads (target='dev')
[2026-04-19T20:13:22.357+0000] {subprocess.py:93} INFO - [0m20:13:22
[2026-04-19T20:13:22.365+0000] {subprocess.py:93} INFO - [0m20:13:22  1 of 1 START snapshot PUBLIC.spam_emails_snapshot .............................. [RUN]
[2026-04-19T20:13:26.218+0000] {subprocess.py:93} INFO - [0m20:13:26  1 of 1 OK snapshotted PUBLIC.spam_emails_snapshot .............................. [[32mSUCCESS 0[0m in 3.85s]
[2026-04-19T20:13:26.221+0000] {subprocess.py:93} INFO - [0m20:13:26
[2026-04-19T20:13:26.222+0000] {subprocess.py:93} INFO - [0m20:13:26  Finished running 1 snapshot, 1 project hook in 0 hours 0 minutes and 6.07 seconds (6.07s).
[2026-04-19T20:13:26.253+0000] {subprocess.py:93} INFO - [0m20:13:26
[2026-04-19T20:13:26.254+0000] {subprocess.py:93} INFO - [0m20:13:26  [32mCompleted successfully[0m
[2026-04-19T20:13:26.255+0000] {subprocess.py:93} INFO - [0m20:13:26
[2026-04-19T20:13:26.255+0000] {subprocess.py:93} INFO - [0m20:13:26  Done. PASS=1 WARN=0 ERROR=0 SKIP=0 TOTAL=1
[2026-04-19T20:13:26.813+0000] {subprocess.py:97} INFO - Command exited with return code 0
[2026-04-19T20:13:26.838+0000] {taskinstance.py:1138} INFO - Marking task as SUCCESS. dag_id=dbt_spam_pipeline, task_id=dbt_snapshot, execution_date=20260419T070426, start_date=20260419T201316, end_date=20260419T201326
[2026-04-19T20:13:26.889+0000] {local_task_job_runner.py:234} INFO - Task exited with return code 0
[2026-04-19T20:13:26.900+0000] {taskinstance.py:3280} INFO - 0 downstream tasks scheduled from follow-on schedule check
