[2026-04-19T20:13:09.634+0000] {taskinstance.py:1956} INFO - Dependencies all met for dep_context=non-requeueable deps ti=<TaskInstance: dbt_spam_pipeline.dbt_run manual__2026-04-19T20:04:41.501511+00:00 [queued]>
[2026-04-19T20:13:09.640+0000] {taskinstance.py:1956} INFO - Dependencies all met for dep_context=requeueable deps ti=<TaskInstance: dbt_spam_pipeline.dbt_run manual__2026-04-19T20:04:41.501511+00:00 [queued]>
[2026-04-19T20:13:09.641+0000] {taskinstance.py:2170} INFO - Starting attempt 3 of 4
[2026-04-19T20:13:09.650+0000] {taskinstance.py:2191} INFO - Executing <Task(BashOperator): dbt_run> on 2026-04-19 20:04:41.501511+00:00
[2026-04-19T20:13:09.653+0000] {standard_task_runner.py:60} INFO - Started process 731 to run task
[2026-04-19T20:13:09.658+0000] {standard_task_runner.py:87} INFO - Running: ['***', 'tasks', 'run', 'dbt_spam_pipeline', 'dbt_run', 'manual__2026-04-19T20:04:41.501511+00:00', '--job-id', '323', '--raw', '--subdir', 'DAGS_FOLDER/dbt_dag.py', '--cfg-path', '/tmp/tmpz9huix23']
[2026-04-19T20:13:09.659+0000] {standard_task_runner.py:88} INFO - Job 323: Subtask dbt_run
[2026-04-19T20:13:09.696+0000] {task_command.py:423} INFO - Running <TaskInstance: dbt_spam_pipeline.dbt_run manual__2026-04-19T20:04:41.501511+00:00 [running]> on host 200fc1c16217
[2026-04-19T20:13:09.739+0000] {taskinstance.py:2480} INFO - Exporting env vars: AIRFLOW_CTX_DAG_OWNER='***' AIRFLOW_CTX_DAG_ID='dbt_spam_pipeline' AIRFLOW_CTX_TASK_ID='dbt_run' AIRFLOW_CTX_EXECUTION_DATE='2026-04-19T20:04:41.501511+00:00' AIRFLOW_CTX_TRY_NUMBER='3' AIRFLOW_CTX_DAG_RUN_ID='manual__2026-04-19T20:04:41.501511+00:00'
[2026-04-19T20:13:09.740+0000] {subprocess.py:63} INFO - Tmp dir root location: /tmp
[2026-04-19T20:13:09.741+0000] {subprocess.py:75} INFO - Running command: ['/usr/bin/bash', '-c', '/usr/local/bin/dbt run --project-dir /opt/***/dags/spam_detection_dbt --profiles-dir /opt/***/dags/dbt_profiles']
[2026-04-19T20:13:09.747+0000] {subprocess.py:86} INFO - Output:
[2026-04-19T20:13:11.623+0000] {subprocess.py:93} INFO - [0m20:13:11  Running with dbt=1.8.7
[2026-04-19T20:13:12.409+0000] {subprocess.py:93} INFO - [0m20:13:12  Registered adapter: snowflake=1.8.4
[2026-04-19T20:13:12.584+0000] {subprocess.py:93} INFO - [0m20:13:12  [[33mWARNING[0m]: Configuration paths exist in your dbt_project.yml file which do not apply to any resources.
[2026-04-19T20:13:12.585+0000] {subprocess.py:93} INFO - There are 1 unused configuration paths:
[2026-04-19T20:13:12.585+0000] {subprocess.py:93} INFO - - models.spam_detection_dbt.example
[2026-04-19T20:13:12.849+0000] {subprocess.py:93} INFO - [0m20:13:12  Found 2 models, 1 snapshot, 1 operation, 5 data tests, 1 source, 454 macros
[2026-04-19T20:13:12.851+0000] {subprocess.py:93} INFO - [0m20:13:12
[2026-04-19T20:13:14.289+0000] {subprocess.py:93} INFO - [0m20:13:14
[2026-04-19T20:13:14.290+0000] {subprocess.py:93} INFO - [0m20:13:14  Running 1 on-run-start hook
[2026-04-19T20:13:14.299+0000] {subprocess.py:93} INFO - [0m20:13:14  1 of 1 START hook: spam_detection_dbt.on-run-start.0 ........................... [RUN]
[2026-04-19T20:13:14.737+0000] {subprocess.py:93} INFO - [0m20:13:14  1 of 1 OK hook: spam_detection_dbt.on-run-start.0 .............................. [[32mSUCCESS 1[0m in 0.44s]
[2026-04-19T20:13:14.738+0000] {subprocess.py:93} INFO - [0m20:13:14
[2026-04-19T20:13:14.851+0000] {subprocess.py:93} INFO - [0m20:13:14  Concurrency: 1 threads (target='dev')
[2026-04-19T20:13:14.851+0000] {subprocess.py:93} INFO - [0m20:13:14
[2026-04-19T20:13:14.858+0000] {subprocess.py:93} INFO - [0m20:13:14  1 of 2 START sql table model PUBLIC.spam_summary ............................... [RUN]
[2026-04-19T20:13:16.970+0000] {subprocess.py:93} INFO - [0m20:13:16  1 of 2 OK created sql table model PUBLIC.spam_summary .......................... [[32mSUCCESS 1[0m in 2.11s]
[2026-04-19T20:13:16.972+0000] {subprocess.py:93} INFO - [0m20:13:16  2 of 2 START sql view model PUBLIC.stg_spam_emails ............................. [RUN]
[2026-04-19T20:13:17.940+0000] {subprocess.py:93} INFO - [0m20:13:17  2 of 2 OK created sql view model PUBLIC.stg_spam_emails ........................ [[32mSUCCESS 1[0m in 0.97s]
[2026-04-19T20:13:17.942+0000] {subprocess.py:93} INFO - [0m20:13:17
[2026-04-19T20:13:17.942+0000] {subprocess.py:93} INFO - [0m20:13:17  Finished running 1 table model, 1 view model, 1 project hook in 0 hours 0 minutes and 5.09 seconds (5.09s).
[2026-04-19T20:13:17.978+0000] {subprocess.py:93} INFO - [0m20:13:17
[2026-04-19T20:13:17.978+0000] {subprocess.py:93} INFO - [0m20:13:17  [32mCompleted successfully[0m
[2026-04-19T20:13:17.979+0000] {subprocess.py:93} INFO - [0m20:13:17
[2026-04-19T20:13:17.979+0000] {subprocess.py:93} INFO - [0m20:13:17  Done. PASS=2 WARN=0 ERROR=0 SKIP=0 TOTAL=2
[2026-04-19T20:13:18.579+0000] {subprocess.py:97} INFO - Command exited with return code 0
[2026-04-19T20:13:18.598+0000] {taskinstance.py:1138} INFO - Marking task as SUCCESS. dag_id=dbt_spam_pipeline, task_id=dbt_run, execution_date=20260419T200441, start_date=20260419T201309, end_date=20260419T201318
[2026-04-19T20:13:18.641+0000] {local_task_job_runner.py:234} INFO - Task exited with return code 0
[2026-04-19T20:13:18.657+0000] {taskinstance.py:3280} INFO - 1 downstream tasks scheduled from follow-on schedule check
