[2026-04-20T23:51:05.694+0000] {taskinstance.py:1956} INFO - Dependencies all met for dep_context=non-requeueable deps ti=<TaskInstance: imdb_sentiment.train_randomforest manual__2026-04-20T23:45:34.541780+00:00 [queued]>
[2026-04-20T23:51:05.701+0000] {taskinstance.py:1956} INFO - Dependencies all met for dep_context=requeueable deps ti=<TaskInstance: imdb_sentiment.train_randomforest manual__2026-04-20T23:45:34.541780+00:00 [queued]>
[2026-04-20T23:51:05.702+0000] {taskinstance.py:2170} INFO - Starting attempt 2 of 2
[2026-04-20T23:51:05.714+0000] {taskinstance.py:2191} INFO - Executing <Task(_PythonDecoratedOperator): train_randomforest> on 2026-04-20 23:45:34.541780+00:00
[2026-04-20T23:51:05.721+0000] {standard_task_runner.py:60} INFO - Started process 168 to run task
[2026-04-20T23:51:05.724+0000] {standard_task_runner.py:87} INFO - Running: ['***', 'tasks', 'run', 'imdb_sentiment', 'train_randomforest', 'manual__2026-04-20T23:45:34.541780+00:00', '--job-id', '396', '--raw', '--subdir', 'DAGS_FOLDER/imdb_sentiment.py', '--cfg-path', '/tmp/tmpq760ez7s']
[2026-04-20T23:51:05.726+0000] {standard_task_runner.py:88} INFO - Job 396: Subtask train_randomforest
[2026-04-20T23:51:05.761+0000] {task_command.py:423} INFO - Running <TaskInstance: imdb_sentiment.train_randomforest manual__2026-04-20T23:45:34.541780+00:00 [running]> on host c7d60cffcb05
[2026-04-20T23:51:05.812+0000] {taskinstance.py:2480} INFO - Exporting env vars: AIRFLOW_CTX_DAG_OWNER='ml-team' AIRFLOW_CTX_DAG_ID='imdb_sentiment' AIRFLOW_CTX_TASK_ID='train_randomforest' AIRFLOW_CTX_EXECUTION_DATE='2026-04-20T23:45:34.541780+00:00' AIRFLOW_CTX_TRY_NUMBER='2' AIRFLOW_CTX_DAG_RUN_ID='manual__2026-04-20T23:45:34.541780+00:00'
[2026-04-20T23:51:05.878+0000] {logging_mixin.py:188} WARNING - 2026/04/20 23:51:05 WARNING mlflow.utils.git_utils: Failed to import Git (the Git executable is probably not on your PATH), so Git SHA is not available. Error: Failed to initialize: Bad git executable.
The git executable must be specified in one of the following ways:
    - be included in your $PATH
    - be set via $GIT_PYTHON_GIT_EXECUTABLE
    - explicitly set via git.refresh(<full-path-to-git-executable>)

All git commands will error until this is rectified.

This initial message can be silenced or aggravated in the future by setting the
$GIT_PYTHON_REFRESH environment variable. Use one of the following values:
    - quiet|q|silence|s|silent|none|n|0: for no message or exception
    - warn|w|warning|log|l|1: for a warning message (logging level CRITICAL, displayed by default)
    - error|e|exception|raise|r|2: for a raised exception

Example:
    export GIT_PYTHON_REFRESH=quiet
[2026-04-20T23:51:07.820+0000] {logging_mixin.py:188} WARNING - 2026/04/20 23:51:07 INFO mlflow.tracking._tracking_service.client: 🏃 View run tfidf-randomforest at: http://mlflow:5001/#/experiments/1/runs/e98a5bedc85140418041e9d95b43662d.
[2026-04-20T23:51:07.821+0000] {logging_mixin.py:188} WARNING - 2026/04/20 23:51:07 INFO mlflow.tracking._tracking_service.client: 🧪 View experiment at: http://mlflow:5001/#/experiments/1.
[2026-04-20T23:51:07.834+0000] {taskinstance.py:2698} ERROR - Task failed with exception
Traceback (most recent call last):
  File "/home/airflow/.local/lib/python3.8/site-packages/airflow/models/taskinstance.py", line 433, in _execute_task
    result = execute_callable(context=context, **execute_callable_kwargs)
  File "/home/airflow/.local/lib/python3.8/site-packages/airflow/decorators/base.py", line 241, in execute
    return_value = super().execute(context)
  File "/home/airflow/.local/lib/python3.8/site-packages/airflow/operators/python.py", line 199, in execute
    return_value = self.execute_callable()
  File "/home/airflow/.local/lib/python3.8/site-packages/airflow/operators/python.py", line 216, in execute_callable
    return self.python_callable(*self.op_args, **self.op_kwargs)
  File "/opt/airflow/dags/imdb_sentiment.py", line 154, in train_randomforest
    return _run_candidate(
  File "/opt/airflow/dags/imdb_sentiment.py", line 114, in _run_candidate
    mlflow.sklearn.log_model(
  File "/home/airflow/.local/lib/python3.8/site-packages/mlflow/sklearn/__init__.py", line 413, in log_model
    return Model.log(
  File "/home/airflow/.local/lib/python3.8/site-packages/mlflow/models/model.py", line 744, in log
    mlflow.tracking.fluent.log_artifacts(local_path, mlflow_model.artifact_path, run_id)
  File "/home/airflow/.local/lib/python3.8/site-packages/mlflow/tracking/fluent.py", line 1170, in log_artifacts
    MlflowClient().log_artifacts(run_id, local_dir, artifact_path)
  File "/home/airflow/.local/lib/python3.8/site-packages/mlflow/tracking/client.py", line 1977, in log_artifacts
    self._tracking_client.log_artifacts(run_id, local_dir, artifact_path)
  File "/home/airflow/.local/lib/python3.8/site-packages/mlflow/tracking/_tracking_service/client.py", line 874, in log_artifacts
    self._get_artifact_repo(run_id).log_artifacts(local_dir, artifact_path)
  File "/home/airflow/.local/lib/python3.8/site-packages/mlflow/store/artifact/local_artifact_repo.py", line 66, in log_artifacts
    mkdir(artifact_dir)
  File "/home/airflow/.local/lib/python3.8/site-packages/mlflow/utils/file_utils.py", line 211, in mkdir
    raise e
  File "/home/airflow/.local/lib/python3.8/site-packages/mlflow/utils/file_utils.py", line 208, in mkdir
    os.makedirs(target, exist_ok=True)
  File "/usr/local/lib/python3.8/os.py", line 213, in makedirs
    makedirs(head, exist_ok=exist_ok)
  File "/usr/local/lib/python3.8/os.py", line 213, in makedirs
    makedirs(head, exist_ok=exist_ok)
  File "/usr/local/lib/python3.8/os.py", line 213, in makedirs
    makedirs(head, exist_ok=exist_ok)
  [Previous line repeated 2 more times]
  File "/usr/local/lib/python3.8/os.py", line 223, in makedirs
    mkdir(name, mode)
PermissionError: [Errno 13] Permission denied: '/mlflow'
[2026-04-20T23:51:07.848+0000] {taskinstance.py:1138} INFO - Marking task as FAILED. dag_id=imdb_sentiment, task_id=train_randomforest, execution_date=20260420T234534, start_date=20260420T235105, end_date=20260420T235107
[2026-04-20T23:51:07.857+0000] {standard_task_runner.py:107} ERROR - Failed to execute job 396 for task train_randomforest ([Errno 13] Permission denied: '/mlflow'; 168)
[2026-04-20T23:51:07.904+0000] {local_task_job_runner.py:234} INFO - Task exited with return code 1
[2026-04-20T23:51:07.916+0000] {taskinstance.py:3280} INFO - 0 downstream tasks scheduled from follow-on schedule check
