[2026-03-19T06:57:32.552+0000] {processor.py:161} INFO - Started process (PID=35) to work on /opt/airflow/dags/hello_goodbye_dag.py
[2026-03-19T06:57:32.554+0000] {processor.py:830} INFO - Processing file /opt/airflow/dags/hello_goodbye_dag.py for tasks to queue
[2026-03-19T06:57:32.557+0000] {logging_mixin.py:188} INFO - [2026-03-19T06:57:32.556+0000] {dagbag.py:538} INFO - Filling up the DagBag from /opt/airflow/dags/hello_goodbye_dag.py
[2026-03-19T06:57:32.581+0000] {processor.py:840} INFO - DAG(s) 'hello_goodbye_dag' retrieved from /opt/airflow/dags/hello_goodbye_dag.py
[2026-03-19T06:57:32.600+0000] {logging_mixin.py:188} INFO - [2026-03-19T06:57:32.600+0000] {dag.py:3036} INFO - Sync 1 DAGs
[2026-03-19T06:57:32.608+0000] {logging_mixin.py:188} INFO - [2026-03-19T06:57:32.608+0000] {dag.py:3823} INFO - Setting next_dagrun for hello_goodbye_dag to None, run_after=None
[2026-03-19T06:57:32.620+0000] {processor.py:183} INFO - Processing /opt/airflow/dags/hello_goodbye_dag.py took 0.071 seconds
[2026-03-19T06:58:04.347+0000] {processor.py:161} INFO - Started process (PID=39) to work on /opt/airflow/dags/hello_goodbye_dag.py
[2026-03-19T06:58:04.349+0000] {processor.py:830} INFO - Processing file /opt/airflow/dags/hello_goodbye_dag.py for tasks to queue
[2026-03-19T06:58:04.352+0000] {logging_mixin.py:188} INFO - [2026-03-19T06:58:04.352+0000] {dagbag.py:538} INFO - Filling up the DagBag from /opt/airflow/dags/hello_goodbye_dag.py
[2026-03-19T06:58:04.363+0000] {processor.py:840} INFO - DAG(s) 'hello_goodbye_dag' retrieved from /opt/airflow/dags/hello_goodbye_dag.py
[2026-03-19T06:58:04.528+0000] {logging_mixin.py:188} INFO - [2026-03-19T06:58:04.528+0000] {dag.py:3036} INFO - Sync 1 DAGs
[2026-03-19T06:58:04.538+0000] {logging_mixin.py:188} INFO - [2026-03-19T06:58:04.538+0000] {dag.py:3823} INFO - Setting next_dagrun for hello_goodbye_dag to None, run_after=None
[2026-03-19T06:58:04.558+0000] {processor.py:183} INFO - Processing /opt/airflow/dags/hello_goodbye_dag.py took 0.215 seconds
[2026-03-19T06:58:34.918+0000] {processor.py:161} INFO - Started process (PID=42) to work on /opt/airflow/dags/hello_goodbye_dag.py
[2026-03-19T06:58:34.921+0000] {processor.py:830} INFO - Processing file /opt/airflow/dags/hello_goodbye_dag.py for tasks to queue
[2026-03-19T06:58:34.925+0000] {logging_mixin.py:188} INFO - [2026-03-19T06:58:34.925+0000] {dagbag.py:538} INFO - Filling up the DagBag from /opt/airflow/dags/hello_goodbye_dag.py
[2026-03-19T06:58:34.933+0000] {processor.py:840} INFO - DAG(s) 'hello_goodbye_dag' retrieved from /opt/airflow/dags/hello_goodbye_dag.py
[2026-03-19T06:58:34.955+0000] {logging_mixin.py:188} INFO - [2026-03-19T06:58:34.955+0000] {dag.py:3036} INFO - Sync 1 DAGs
[2026-03-19T06:58:34.963+0000] {logging_mixin.py:188} INFO - [2026-03-19T06:58:34.963+0000] {dag.py:3823} INFO - Setting next_dagrun for hello_goodbye_dag to None, run_after=None
[2026-03-19T06:58:34.983+0000] {processor.py:183} INFO - Processing /opt/airflow/dags/hello_goodbye_dag.py took 0.069 seconds
[2026-03-19T06:59:05.254+0000] {processor.py:161} INFO - Started process (PID=45) to work on /opt/airflow/dags/hello_goodbye_dag.py
[2026-03-19T06:59:05.256+0000] {processor.py:830} INFO - Processing file /opt/airflow/dags/hello_goodbye_dag.py for tasks to queue
[2026-03-19T06:59:05.259+0000] {logging_mixin.py:188} INFO - [2026-03-19T06:59:05.259+0000] {dagbag.py:538} INFO - Filling up the DagBag from /opt/airflow/dags/hello_goodbye_dag.py
[2026-03-19T06:59:05.267+0000] {processor.py:840} INFO - DAG(s) 'hello_goodbye_dag' retrieved from /opt/airflow/dags/hello_goodbye_dag.py
[2026-03-19T06:59:05.294+0000] {logging_mixin.py:188} INFO - [2026-03-19T06:59:05.294+0000] {dag.py:3036} INFO - Sync 1 DAGs
[2026-03-19T06:59:05.304+0000] {logging_mixin.py:188} INFO - [2026-03-19T06:59:05.303+0000] {dag.py:3823} INFO - Setting next_dagrun for hello_goodbye_dag to None, run_after=None
[2026-03-19T06:59:05.324+0000] {processor.py:183} INFO - Processing /opt/airflow/dags/hello_goodbye_dag.py took 0.072 seconds
[2026-03-19T06:59:35.599+0000] {processor.py:161} INFO - Started process (PID=48) to work on /opt/airflow/dags/hello_goodbye_dag.py
[2026-03-19T06:59:35.601+0000] {processor.py:830} INFO - Processing file /opt/airflow/dags/hello_goodbye_dag.py for tasks to queue
[2026-03-19T06:59:35.604+0000] {logging_mixin.py:188} INFO - [2026-03-19T06:59:35.604+0000] {dagbag.py:538} INFO - Filling up the DagBag from /opt/airflow/dags/hello_goodbye_dag.py
[2026-03-19T06:59:35.613+0000] {processor.py:840} INFO - DAG(s) 'hello_goodbye_dag' retrieved from /opt/airflow/dags/hello_goodbye_dag.py
[2026-03-19T06:59:35.638+0000] {logging_mixin.py:188} INFO - [2026-03-19T06:59:35.638+0000] {dag.py:3036} INFO - Sync 1 DAGs
[2026-03-19T06:59:35.649+0000] {logging_mixin.py:188} INFO - [2026-03-19T06:59:35.649+0000] {dag.py:3823} INFO - Setting next_dagrun for hello_goodbye_dag to None, run_after=None
[2026-03-19T06:59:35.667+0000] {processor.py:183} INFO - Processing /opt/airflow/dags/hello_goodbye_dag.py took 0.070 seconds
[2026-03-19T07:00:05.985+0000] {processor.py:161} INFO - Started process (PID=51) to work on /opt/airflow/dags/hello_goodbye_dag.py
[2026-03-19T07:00:05.987+0000] {processor.py:830} INFO - Processing file /opt/airflow/dags/hello_goodbye_dag.py for tasks to queue
[2026-03-19T07:00:05.989+0000] {logging_mixin.py:188} INFO - [2026-03-19T07:00:05.989+0000] {dagbag.py:538} INFO - Filling up the DagBag from /opt/airflow/dags/hello_goodbye_dag.py
[2026-03-19T07:00:06.000+0000] {processor.py:840} INFO - DAG(s) 'hello_goodbye_dag' retrieved from /opt/airflow/dags/hello_goodbye_dag.py
[2026-03-19T07:00:06.021+0000] {logging_mixin.py:188} INFO - [2026-03-19T07:00:06.021+0000] {dag.py:3036} INFO - Sync 1 DAGs
[2026-03-19T07:00:06.032+0000] {logging_mixin.py:188} INFO - [2026-03-19T07:00:06.031+0000] {dag.py:3823} INFO - Setting next_dagrun for hello_goodbye_dag to None, run_after=None
[2026-03-19T07:00:06.046+0000] {processor.py:183} INFO - Processing /opt/airflow/dags/hello_goodbye_dag.py took 0.066 seconds
[2026-03-19T07:00:36.379+0000] {processor.py:161} INFO - Started process (PID=54) to work on /opt/airflow/dags/hello_goodbye_dag.py
[2026-03-19T07:00:36.381+0000] {processor.py:830} INFO - Processing file /opt/airflow/dags/hello_goodbye_dag.py for tasks to queue
[2026-03-19T07:00:36.384+0000] {logging_mixin.py:188} INFO - [2026-03-19T07:00:36.383+0000] {dagbag.py:538} INFO - Filling up the DagBag from /opt/airflow/dags/hello_goodbye_dag.py
[2026-03-19T07:00:36.400+0000] {processor.py:840} INFO - DAG(s) 'hello_goodbye_dag' retrieved from /opt/airflow/dags/hello_goodbye_dag.py
[2026-03-19T07:00:36.430+0000] {logging_mixin.py:188} INFO - [2026-03-19T07:00:36.429+0000] {dag.py:3036} INFO - Sync 1 DAGs
[2026-03-19T07:00:36.439+0000] {logging_mixin.py:188} INFO - [2026-03-19T07:00:36.439+0000] {dag.py:3823} INFO - Setting next_dagrun for hello_goodbye_dag to None, run_after=None
[2026-03-19T07:00:36.462+0000] {processor.py:183} INFO - Processing /opt/airflow/dags/hello_goodbye_dag.py took 0.086 seconds
[2026-03-19T07:01:06.797+0000] {processor.py:161} INFO - Started process (PID=57) to work on /opt/airflow/dags/hello_goodbye_dag.py
[2026-03-19T07:01:06.799+0000] {processor.py:830} INFO - Processing file /opt/airflow/dags/hello_goodbye_dag.py for tasks to queue
[2026-03-19T07:01:06.800+0000] {logging_mixin.py:188} INFO - [2026-03-19T07:01:06.800+0000] {dagbag.py:538} INFO - Filling up the DagBag from /opt/airflow/dags/hello_goodbye_dag.py
[2026-03-19T07:01:06.811+0000] {processor.py:840} INFO - DAG(s) 'hello_goodbye_dag' retrieved from /opt/airflow/dags/hello_goodbye_dag.py
[2026-03-19T07:01:06.832+0000] {logging_mixin.py:188} INFO - [2026-03-19T07:01:06.831+0000] {dag.py:3036} INFO - Sync 1 DAGs
[2026-03-19T07:01:06.841+0000] {logging_mixin.py:188} INFO - [2026-03-19T07:01:06.840+0000] {dag.py:3823} INFO - Setting next_dagrun for hello_goodbye_dag to None, run_after=None
[2026-03-19T07:01:06.861+0000] {processor.py:183} INFO - Processing /opt/airflow/dags/hello_goodbye_dag.py took 0.066 seconds
[2026-03-19T07:01:37.215+0000] {processor.py:161} INFO - Started process (PID=60) to work on /opt/airflow/dags/hello_goodbye_dag.py
[2026-03-19T07:01:37.217+0000] {processor.py:830} INFO - Processing file /opt/airflow/dags/hello_goodbye_dag.py for tasks to queue
[2026-03-19T07:01:37.219+0000] {logging_mixin.py:188} INFO - [2026-03-19T07:01:37.219+0000] {dagbag.py:538} INFO - Filling up the DagBag from /opt/airflow/dags/hello_goodbye_dag.py
[2026-03-19T07:01:37.232+0000] {processor.py:840} INFO - DAG(s) 'hello_goodbye_dag' retrieved from /opt/airflow/dags/hello_goodbye_dag.py
[2026-03-19T07:01:37.254+0000] {logging_mixin.py:188} INFO - [2026-03-19T07:01:37.254+0000] {dag.py:3036} INFO - Sync 1 DAGs
[2026-03-19T07:01:37.265+0000] {logging_mixin.py:188} INFO - [2026-03-19T07:01:37.265+0000] {dag.py:3823} INFO - Setting next_dagrun for hello_goodbye_dag to None, run_after=None
[2026-03-19T07:01:37.279+0000] {processor.py:183} INFO - Processing /opt/airflow/dags/hello_goodbye_dag.py took 0.067 seconds
[2026-03-19T07:02:07.615+0000] {processor.py:161} INFO - Started process (PID=63) to work on /opt/airflow/dags/hello_goodbye_dag.py
[2026-03-19T07:02:07.617+0000] {processor.py:830} INFO - Processing file /opt/airflow/dags/hello_goodbye_dag.py for tasks to queue
[2026-03-19T07:02:07.621+0000] {logging_mixin.py:188} INFO - [2026-03-19T07:02:07.621+0000] {dagbag.py:538} INFO - Filling up the DagBag from /opt/airflow/dags/hello_goodbye_dag.py
[2026-03-19T07:02:07.634+0000] {processor.py:840} INFO - DAG(s) 'hello_goodbye_dag' retrieved from /opt/airflow/dags/hello_goodbye_dag.py
[2026-03-19T07:02:07.653+0000] {logging_mixin.py:188} INFO - [2026-03-19T07:02:07.653+0000] {dag.py:3036} INFO - Sync 1 DAGs
[2026-03-19T07:02:07.661+0000] {logging_mixin.py:188} INFO - [2026-03-19T07:02:07.661+0000] {dag.py:3823} INFO - Setting next_dagrun for hello_goodbye_dag to None, run_after=None
[2026-03-19T07:02:07.682+0000] {processor.py:183} INFO - Processing /opt/airflow/dags/hello_goodbye_dag.py took 0.072 seconds
[2026-03-19T07:02:38.036+0000] {processor.py:161} INFO - Started process (PID=66) to work on /opt/airflow/dags/hello_goodbye_dag.py
[2026-03-19T07:02:38.037+0000] {processor.py:830} INFO - Processing file /opt/airflow/dags/hello_goodbye_dag.py for tasks to queue
[2026-03-19T07:02:38.039+0000] {logging_mixin.py:188} INFO - [2026-03-19T07:02:38.039+0000] {dagbag.py:538} INFO - Filling up the DagBag from /opt/airflow/dags/hello_goodbye_dag.py
[2026-03-19T07:02:38.053+0000] {processor.py:840} INFO - DAG(s) 'hello_goodbye_dag' retrieved from /opt/airflow/dags/hello_goodbye_dag.py
[2026-03-19T07:02:38.073+0000] {logging_mixin.py:188} INFO - [2026-03-19T07:02:38.073+0000] {dag.py:3036} INFO - Sync 1 DAGs
[2026-03-19T07:02:38.085+0000] {logging_mixin.py:188} INFO - [2026-03-19T07:02:38.085+0000] {dag.py:3823} INFO - Setting next_dagrun for hello_goodbye_dag to None, run_after=None
[2026-03-19T07:02:38.105+0000] {processor.py:183} INFO - Processing /opt/airflow/dags/hello_goodbye_dag.py took 0.073 seconds
[2026-03-19T07:03:10.951+0000] {processor.py:161} INFO - Started process (PID=34) to work on /opt/airflow/dags/hello_goodbye_dag.py
[2026-03-19T07:03:10.952+0000] {processor.py:830} INFO - Processing file /opt/airflow/dags/hello_goodbye_dag.py for tasks to queue
[2026-03-19T07:03:10.954+0000] {logging_mixin.py:188} INFO - [2026-03-19T07:03:10.954+0000] {dagbag.py:538} INFO - Filling up the DagBag from /opt/airflow/dags/hello_goodbye_dag.py
[2026-03-19T07:03:10.980+0000] {processor.py:840} INFO - DAG(s) 'hello_goodbye_dag' retrieved from /opt/airflow/dags/hello_goodbye_dag.py
[2026-03-19T07:03:11.001+0000] {logging_mixin.py:188} INFO - [2026-03-19T07:03:11.001+0000] {dag.py:3036} INFO - Sync 1 DAGs
[2026-03-19T07:03:11.009+0000] {logging_mixin.py:188} INFO - [2026-03-19T07:03:11.009+0000] {dag.py:3823} INFO - Setting next_dagrun for hello_goodbye_dag to None, run_after=None
[2026-03-19T07:03:11.022+0000] {processor.py:183} INFO - Processing /opt/airflow/dags/hello_goodbye_dag.py took 0.074 seconds
[2026-03-19T07:03:42.675+0000] {processor.py:161} INFO - Started process (PID=38) to work on /opt/airflow/dags/hello_goodbye_dag.py
[2026-03-19T07:03:42.677+0000] {processor.py:830} INFO - Processing file /opt/airflow/dags/hello_goodbye_dag.py for tasks to queue
[2026-03-19T07:03:42.679+0000] {logging_mixin.py:188} INFO - [2026-03-19T07:03:42.679+0000] {dagbag.py:538} INFO - Filling up the DagBag from /opt/airflow/dags/hello_goodbye_dag.py
[2026-03-19T07:03:42.688+0000] {processor.py:840} INFO - DAG(s) 'hello_goodbye_dag' retrieved from /opt/airflow/dags/hello_goodbye_dag.py
[2026-03-19T07:03:42.847+0000] {logging_mixin.py:188} INFO - [2026-03-19T07:03:42.847+0000] {dag.py:3036} INFO - Sync 1 DAGs
[2026-03-19T07:03:42.853+0000] {logging_mixin.py:188} INFO - [2026-03-19T07:03:42.853+0000] {dag.py:3823} INFO - Setting next_dagrun for hello_goodbye_dag to None, run_after=None
[2026-03-19T07:03:42.871+0000] {processor.py:183} INFO - Processing /opt/airflow/dags/hello_goodbye_dag.py took 0.200 seconds
[2026-03-19T07:04:13.247+0000] {processor.py:161} INFO - Started process (PID=41) to work on /opt/airflow/dags/hello_goodbye_dag.py
[2026-03-19T07:04:13.249+0000] {processor.py:830} INFO - Processing file /opt/airflow/dags/hello_goodbye_dag.py for tasks to queue
[2026-03-19T07:04:13.252+0000] {logging_mixin.py:188} INFO - [2026-03-19T07:04:13.252+0000] {dagbag.py:538} INFO - Filling up the DagBag from /opt/airflow/dags/hello_goodbye_dag.py
[2026-03-19T07:04:13.261+0000] {processor.py:840} INFO - DAG(s) 'hello_goodbye_dag' retrieved from /opt/airflow/dags/hello_goodbye_dag.py
[2026-03-19T07:04:13.284+0000] {logging_mixin.py:188} INFO - [2026-03-19T07:04:13.283+0000] {dag.py:3036} INFO - Sync 1 DAGs
[2026-03-19T07:04:13.295+0000] {logging_mixin.py:188} INFO - [2026-03-19T07:04:13.295+0000] {dag.py:3823} INFO - Setting next_dagrun for hello_goodbye_dag to None, run_after=None
[2026-03-19T07:04:13.317+0000] {processor.py:183} INFO - Processing /opt/airflow/dags/hello_goodbye_dag.py took 0.075 seconds
[2026-03-19T07:04:43.654+0000] {processor.py:161} INFO - Started process (PID=44) to work on /opt/airflow/dags/hello_goodbye_dag.py
[2026-03-19T07:04:43.656+0000] {processor.py:830} INFO - Processing file /opt/airflow/dags/hello_goodbye_dag.py for tasks to queue
[2026-03-19T07:04:43.660+0000] {logging_mixin.py:188} INFO - [2026-03-19T07:04:43.659+0000] {dagbag.py:538} INFO - Filling up the DagBag from /opt/airflow/dags/hello_goodbye_dag.py
[2026-03-19T07:04:43.670+0000] {processor.py:840} INFO - DAG(s) 'hello_goodbye_dag' retrieved from /opt/airflow/dags/hello_goodbye_dag.py
[2026-03-19T07:04:43.693+0000] {logging_mixin.py:188} INFO - [2026-03-19T07:04:43.693+0000] {dag.py:3036} INFO - Sync 1 DAGs
[2026-03-19T07:04:43.703+0000] {logging_mixin.py:188} INFO - [2026-03-19T07:04:43.702+0000] {dag.py:3823} INFO - Setting next_dagrun for hello_goodbye_dag to None, run_after=None
[2026-03-19T07:04:43.716+0000] {processor.py:183} INFO - Processing /opt/airflow/dags/hello_goodbye_dag.py took 0.067 seconds
[2026-03-19T07:05:14.098+0000] {processor.py:161} INFO - Started process (PID=47) to work on /opt/airflow/dags/hello_goodbye_dag.py
[2026-03-19T07:05:14.101+0000] {processor.py:830} INFO - Processing file /opt/airflow/dags/hello_goodbye_dag.py for tasks to queue
[2026-03-19T07:05:14.104+0000] {logging_mixin.py:188} INFO - [2026-03-19T07:05:14.103+0000] {dagbag.py:538} INFO - Filling up the DagBag from /opt/airflow/dags/hello_goodbye_dag.py
[2026-03-19T07:05:14.116+0000] {processor.py:840} INFO - DAG(s) 'hello_goodbye_dag' retrieved from /opt/airflow/dags/hello_goodbye_dag.py
[2026-03-19T07:05:14.144+0000] {logging_mixin.py:188} INFO - [2026-03-19T07:05:14.141+0000] {dag.py:3036} INFO - Sync 1 DAGs
[2026-03-19T07:05:14.152+0000] {logging_mixin.py:188} INFO - [2026-03-19T07:05:14.152+0000] {dag.py:3823} INFO - Setting next_dagrun for hello_goodbye_dag to None, run_after=None
[2026-03-19T07:05:14.171+0000] {processor.py:183} INFO - Processing /opt/airflow/dags/hello_goodbye_dag.py took 0.079 seconds
[2026-03-19T07:05:44.511+0000] {processor.py:161} INFO - Started process (PID=50) to work on /opt/airflow/dags/hello_goodbye_dag.py
[2026-03-19T07:05:44.512+0000] {processor.py:830} INFO - Processing file /opt/airflow/dags/hello_goodbye_dag.py for tasks to queue
[2026-03-19T07:05:44.516+0000] {logging_mixin.py:188} INFO - [2026-03-19T07:05:44.514+0000] {dagbag.py:538} INFO - Filling up the DagBag from /opt/airflow/dags/hello_goodbye_dag.py
[2026-03-19T07:05:44.526+0000] {processor.py:840} INFO - DAG(s) 'hello_goodbye_dag' retrieved from /opt/airflow/dags/hello_goodbye_dag.py
[2026-03-19T07:05:44.548+0000] {logging_mixin.py:188} INFO - [2026-03-19T07:05:44.547+0000] {dag.py:3036} INFO - Sync 1 DAGs
[2026-03-19T07:05:44.558+0000] {logging_mixin.py:188} INFO - [2026-03-19T07:05:44.558+0000] {dag.py:3823} INFO - Setting next_dagrun for hello_goodbye_dag to None, run_after=None
[2026-03-19T07:05:44.575+0000] {processor.py:183} INFO - Processing /opt/airflow/dags/hello_goodbye_dag.py took 0.067 seconds
[2026-03-19T07:06:14.897+0000] {processor.py:161} INFO - Started process (PID=53) to work on /opt/airflow/dags/hello_goodbye_dag.py
[2026-03-19T07:06:14.899+0000] {processor.py:830} INFO - Processing file /opt/airflow/dags/hello_goodbye_dag.py for tasks to queue
[2026-03-19T07:06:14.903+0000] {logging_mixin.py:188} INFO - [2026-03-19T07:06:14.903+0000] {dagbag.py:538} INFO - Filling up the DagBag from /opt/airflow/dags/hello_goodbye_dag.py
[2026-03-19T07:06:14.915+0000] {processor.py:840} INFO - DAG(s) 'hello_goodbye_dag' retrieved from /opt/airflow/dags/hello_goodbye_dag.py
[2026-03-19T07:06:14.941+0000] {logging_mixin.py:188} INFO - [2026-03-19T07:06:14.941+0000] {dag.py:3036} INFO - Sync 1 DAGs
[2026-03-19T07:06:14.952+0000] {logging_mixin.py:188} INFO - [2026-03-19T07:06:14.952+0000] {dag.py:3823} INFO - Setting next_dagrun for hello_goodbye_dag to None, run_after=None
[2026-03-19T07:06:14.967+0000] {processor.py:183} INFO - Processing /opt/airflow/dags/hello_goodbye_dag.py took 0.076 seconds
[2026-03-19T07:06:45.376+0000] {processor.py:161} INFO - Started process (PID=56) to work on /opt/airflow/dags/hello_goodbye_dag.py
[2026-03-19T07:06:45.378+0000] {processor.py:830} INFO - Processing file /opt/airflow/dags/hello_goodbye_dag.py for tasks to queue
[2026-03-19T07:06:45.380+0000] {logging_mixin.py:188} INFO - [2026-03-19T07:06:45.380+0000] {dagbag.py:538} INFO - Filling up the DagBag from /opt/airflow/dags/hello_goodbye_dag.py
[2026-03-19T07:06:45.388+0000] {processor.py:840} INFO - DAG(s) 'hello_goodbye_dag' retrieved from /opt/airflow/dags/hello_goodbye_dag.py
[2026-03-19T07:06:45.413+0000] {logging_mixin.py:188} INFO - [2026-03-19T07:06:45.413+0000] {dag.py:3036} INFO - Sync 1 DAGs
[2026-03-19T07:06:45.423+0000] {logging_mixin.py:188} INFO - [2026-03-19T07:06:45.422+0000] {dag.py:3823} INFO - Setting next_dagrun for hello_goodbye_dag to None, run_after=None
[2026-03-19T07:06:45.437+0000] {processor.py:183} INFO - Processing /opt/airflow/dags/hello_goodbye_dag.py took 0.065 seconds
[2026-03-19T07:07:15.833+0000] {processor.py:161} INFO - Started process (PID=59) to work on /opt/airflow/dags/hello_goodbye_dag.py
[2026-03-19T07:07:15.834+0000] {processor.py:830} INFO - Processing file /opt/airflow/dags/hello_goodbye_dag.py for tasks to queue
[2026-03-19T07:07:15.838+0000] {logging_mixin.py:188} INFO - [2026-03-19T07:07:15.838+0000] {dagbag.py:538} INFO - Filling up the DagBag from /opt/airflow/dags/hello_goodbye_dag.py
[2026-03-19T07:07:15.846+0000] {processor.py:840} INFO - DAG(s) 'hello_goodbye_dag' retrieved from /opt/airflow/dags/hello_goodbye_dag.py
[2026-03-19T07:07:15.868+0000] {logging_mixin.py:188} INFO - [2026-03-19T07:07:15.868+0000] {dag.py:3036} INFO - Sync 1 DAGs
[2026-03-19T07:07:15.877+0000] {logging_mixin.py:188} INFO - [2026-03-19T07:07:15.877+0000] {dag.py:3823} INFO - Setting next_dagrun for hello_goodbye_dag to None, run_after=None
[2026-03-19T07:07:15.896+0000] {processor.py:183} INFO - Processing /opt/airflow/dags/hello_goodbye_dag.py took 0.069 seconds
[2026-03-19T07:07:46.250+0000] {processor.py:161} INFO - Started process (PID=62) to work on /opt/airflow/dags/hello_goodbye_dag.py
[2026-03-19T07:07:46.251+0000] {processor.py:830} INFO - Processing file /opt/airflow/dags/hello_goodbye_dag.py for tasks to queue
[2026-03-19T07:07:46.255+0000] {logging_mixin.py:188} INFO - [2026-03-19T07:07:46.255+0000] {dagbag.py:538} INFO - Filling up the DagBag from /opt/airflow/dags/hello_goodbye_dag.py
[2026-03-19T07:07:46.267+0000] {processor.py:840} INFO - DAG(s) 'hello_goodbye_dag' retrieved from /opt/airflow/dags/hello_goodbye_dag.py
[2026-03-19T07:07:46.290+0000] {logging_mixin.py:188} INFO - [2026-03-19T07:07:46.290+0000] {dag.py:3036} INFO - Sync 1 DAGs
[2026-03-19T07:07:46.300+0000] {logging_mixin.py:188} INFO - [2026-03-19T07:07:46.299+0000] {dag.py:3823} INFO - Setting next_dagrun for hello_goodbye_dag to None, run_after=None
[2026-03-19T07:07:46.320+0000] {processor.py:183} INFO - Processing /opt/airflow/dags/hello_goodbye_dag.py took 0.075 seconds
[2026-03-19T07:07:47.357+0000] {processor.py:161} INFO - Started process (PID=65) to work on /opt/airflow/dags/hello_goodbye_dag.py
[2026-03-19T07:07:47.358+0000] {processor.py:830} INFO - Processing file /opt/airflow/dags/hello_goodbye_dag.py for tasks to queue
[2026-03-19T07:07:47.361+0000] {logging_mixin.py:188} INFO - [2026-03-19T07:07:47.360+0000] {dagbag.py:538} INFO - Filling up the DagBag from /opt/airflow/dags/hello_goodbye_dag.py
[2026-03-19T07:07:47.365+0000] {logging_mixin.py:188} INFO - [2026-03-19T07:07:47.364+0000] {dagbag.py:348} ERROR - Failed to import: /opt/airflow/dags/hello_goodbye_dag.py
Traceback (most recent call last):
  File "/home/airflow/.local/lib/python3.8/site-packages/airflow/models/dagbag.py", line 344, in parse
    loader.exec_module(new_module)
  File "<frozen importlib._bootstrap_external>", line 839, in exec_module
  File "<frozen importlib._bootstrap_external>", line 976, in get_code
  File "<frozen importlib._bootstrap_external>", line 906, in source_to_code
  File "<frozen importlib._bootstrap>", line 219, in _call_with_frames_removed
  File "/opt/airflow/dags/hello_goodbye_dag.py", line 25
    do_xcom_push=True
    ^
SyntaxError: invalid syntax
[2026-03-19T07:07:47.366+0000] {processor.py:842} WARNING - No viable dags retrieved from /opt/airflow/dags/hello_goodbye_dag.py
[2026-03-19T07:07:47.386+0000] {processor.py:183} INFO - Processing /opt/airflow/dags/hello_goodbye_dag.py took 0.033 seconds
[2026-03-19T07:07:50.386+0000] {processor.py:161} INFO - Started process (PID=66) to work on /opt/airflow/dags/hello_goodbye_dag.py
[2026-03-19T07:07:50.386+0000] {processor.py:830} INFO - Processing file /opt/airflow/dags/hello_goodbye_dag.py for tasks to queue
[2026-03-19T07:07:50.388+0000] {logging_mixin.py:188} INFO - [2026-03-19T07:07:50.388+0000] {dagbag.py:538} INFO - Filling up the DagBag from /opt/airflow/dags/hello_goodbye_dag.py
[2026-03-19T07:07:50.391+0000] {logging_mixin.py:188} INFO - [2026-03-19T07:07:50.391+0000] {dagbag.py:348} ERROR - Failed to import: /opt/airflow/dags/hello_goodbye_dag.py
Traceback (most recent call last):
  File "/home/airflow/.local/lib/python3.8/site-packages/airflow/models/dagbag.py", line 344, in parse
    loader.exec_module(new_module)
  File "<frozen importlib._bootstrap_external>", line 839, in exec_module
  File "<frozen importlib._bootstrap_external>", line 976, in get_code
  File "<frozen importlib._bootstrap_external>", line 906, in source_to_code
  File "<frozen importlib._bootstrap>", line 219, in _call_with_frames_removed
  File "/opt/airflow/dags/hello_goodbye_dag.py", line 25
    do_xcom_push=True
    ^
SyntaxError: invalid syntax
[2026-03-19T07:07:50.392+0000] {processor.py:842} WARNING - No viable dags retrieved from /opt/airflow/dags/hello_goodbye_dag.py
[2026-03-19T07:07:50.406+0000] {processor.py:183} INFO - Processing /opt/airflow/dags/hello_goodbye_dag.py took 0.024 seconds
[2026-03-19T07:08:19.653+0000] {processor.py:161} INFO - Started process (PID=35) to work on /opt/airflow/dags/hello_goodbye_dag.py
[2026-03-19T07:08:19.656+0000] {processor.py:830} INFO - Processing file /opt/airflow/dags/hello_goodbye_dag.py for tasks to queue
[2026-03-19T07:08:19.657+0000] {logging_mixin.py:188} INFO - [2026-03-19T07:08:19.657+0000] {dagbag.py:538} INFO - Filling up the DagBag from /opt/airflow/dags/hello_goodbye_dag.py
[2026-03-19T07:08:19.665+0000] {logging_mixin.py:188} INFO - [2026-03-19T07:08:19.664+0000] {dagbag.py:348} ERROR - Failed to import: /opt/airflow/dags/hello_goodbye_dag.py
Traceback (most recent call last):
  File "/home/airflow/.local/lib/python3.8/site-packages/airflow/models/dagbag.py", line 344, in parse
    loader.exec_module(new_module)
  File "<frozen importlib._bootstrap_external>", line 839, in exec_module
  File "<frozen importlib._bootstrap_external>", line 976, in get_code
  File "<frozen importlib._bootstrap_external>", line 906, in source_to_code
  File "<frozen importlib._bootstrap>", line 219, in _call_with_frames_removed
  File "/opt/airflow/dags/hello_goodbye_dag.py", line 25
    do_xcom_push=True
    ^
SyntaxError: invalid syntax
[2026-03-19T07:08:19.667+0000] {processor.py:842} WARNING - No viable dags retrieved from /opt/airflow/dags/hello_goodbye_dag.py
[2026-03-19T07:08:19.683+0000] {processor.py:183} INFO - Processing /opt/airflow/dags/hello_goodbye_dag.py took 0.033 seconds
[2026-03-19T07:08:51.261+0000] {processor.py:161} INFO - Started process (PID=39) to work on /opt/airflow/dags/hello_goodbye_dag.py
[2026-03-19T07:08:51.263+0000] {processor.py:830} INFO - Processing file /opt/airflow/dags/hello_goodbye_dag.py for tasks to queue
[2026-03-19T07:08:51.269+0000] {logging_mixin.py:188} INFO - [2026-03-19T07:08:51.268+0000] {dagbag.py:538} INFO - Filling up the DagBag from /opt/airflow/dags/hello_goodbye_dag.py
[2026-03-19T07:08:51.275+0000] {logging_mixin.py:188} INFO - [2026-03-19T07:08:51.274+0000] {dagbag.py:348} ERROR - Failed to import: /opt/airflow/dags/hello_goodbye_dag.py
Traceback (most recent call last):
  File "/home/airflow/.local/lib/python3.8/site-packages/airflow/models/dagbag.py", line 344, in parse
    loader.exec_module(new_module)
  File "<frozen importlib._bootstrap_external>", line 839, in exec_module
  File "<frozen importlib._bootstrap_external>", line 976, in get_code
  File "<frozen importlib._bootstrap_external>", line 906, in source_to_code
  File "<frozen importlib._bootstrap>", line 219, in _call_with_frames_removed
  File "/opt/airflow/dags/hello_goodbye_dag.py", line 25
    do_xcom_push=True
    ^
SyntaxError: invalid syntax
[2026-03-19T07:08:51.276+0000] {processor.py:842} WARNING - No viable dags retrieved from /opt/airflow/dags/hello_goodbye_dag.py
[2026-03-19T07:08:51.292+0000] {processor.py:183} INFO - Processing /opt/airflow/dags/hello_goodbye_dag.py took 0.035 seconds
[2026-03-19T07:09:21.622+0000] {processor.py:161} INFO - Started process (PID=42) to work on /opt/airflow/dags/hello_goodbye_dag.py
[2026-03-19T07:09:21.624+0000] {processor.py:830} INFO - Processing file /opt/airflow/dags/hello_goodbye_dag.py for tasks to queue
[2026-03-19T07:09:21.624+0000] {logging_mixin.py:188} INFO - [2026-03-19T07:09:21.624+0000] {dagbag.py:538} INFO - Filling up the DagBag from /opt/airflow/dags/hello_goodbye_dag.py
[2026-03-19T07:09:21.627+0000] {logging_mixin.py:188} INFO - [2026-03-19T07:09:21.627+0000] {dagbag.py:348} ERROR - Failed to import: /opt/airflow/dags/hello_goodbye_dag.py
Traceback (most recent call last):
  File "/home/airflow/.local/lib/python3.8/site-packages/airflow/models/dagbag.py", line 344, in parse
    loader.exec_module(new_module)
  File "<frozen importlib._bootstrap_external>", line 839, in exec_module
  File "<frozen importlib._bootstrap_external>", line 976, in get_code
  File "<frozen importlib._bootstrap_external>", line 906, in source_to_code
  File "<frozen importlib._bootstrap>", line 219, in _call_with_frames_removed
  File "/opt/airflow/dags/hello_goodbye_dag.py", line 25
    do_xcom_push=True
    ^
SyntaxError: invalid syntax
[2026-03-19T07:09:21.628+0000] {processor.py:842} WARNING - No viable dags retrieved from /opt/airflow/dags/hello_goodbye_dag.py
[2026-03-19T07:09:21.646+0000] {processor.py:183} INFO - Processing /opt/airflow/dags/hello_goodbye_dag.py took 0.027 seconds
[2026-03-19T07:09:35.012+0000] {processor.py:161} INFO - Started process (PID=45) to work on /opt/airflow/dags/hello_goodbye_dag.py
[2026-03-19T07:09:35.013+0000] {processor.py:830} INFO - Processing file /opt/airflow/dags/hello_goodbye_dag.py for tasks to queue
[2026-03-19T07:09:35.013+0000] {logging_mixin.py:188} INFO - [2026-03-19T07:09:35.013+0000] {dagbag.py:538} INFO - Filling up the DagBag from /opt/airflow/dags/hello_goodbye_dag.py
[2026-03-19T07:09:35.021+0000] {processor.py:840} INFO - DAG(s) 'hello_goodbye_dag' retrieved from /opt/airflow/dags/hello_goodbye_dag.py
[2026-03-19T07:09:35.085+0000] {logging_mixin.py:188} INFO - [2026-03-19T07:09:35.085+0000] {dag.py:3036} INFO - Sync 1 DAGs
[2026-03-19T07:09:35.091+0000] {logging_mixin.py:188} INFO - [2026-03-19T07:09:35.091+0000] {dag.py:3823} INFO - Setting next_dagrun for hello_goodbye_dag to None, run_after=None
[2026-03-19T07:09:35.104+0000] {processor.py:183} INFO - Processing /opt/airflow/dags/hello_goodbye_dag.py took 0.094 seconds
[2026-03-19T07:09:59.400+0000] {processor.py:161} INFO - Started process (PID=35) to work on /opt/airflow/dags/hello_goodbye_dag.py
[2026-03-19T07:09:59.402+0000] {processor.py:830} INFO - Processing file /opt/airflow/dags/hello_goodbye_dag.py for tasks to queue
[2026-03-19T07:09:59.404+0000] {logging_mixin.py:188} INFO - [2026-03-19T07:09:59.404+0000] {dagbag.py:538} INFO - Filling up the DagBag from /opt/airflow/dags/hello_goodbye_dag.py
[2026-03-19T07:09:59.459+0000] {processor.py:840} INFO - DAG(s) 'hello_goodbye_dag' retrieved from /opt/airflow/dags/hello_goodbye_dag.py
[2026-03-19T07:09:59.501+0000] {logging_mixin.py:188} INFO - [2026-03-19T07:09:59.501+0000] {dag.py:3036} INFO - Sync 1 DAGs
[2026-03-19T07:09:59.509+0000] {logging_mixin.py:188} INFO - [2026-03-19T07:09:59.509+0000] {dag.py:3823} INFO - Setting next_dagrun for hello_goodbye_dag to None, run_after=None
[2026-03-19T07:09:59.520+0000] {processor.py:183} INFO - Processing /opt/airflow/dags/hello_goodbye_dag.py took 0.123 seconds
[2026-03-19T07:10:31.211+0000] {processor.py:161} INFO - Started process (PID=39) to work on /opt/airflow/dags/hello_goodbye_dag.py
[2026-03-19T07:10:31.213+0000] {processor.py:830} INFO - Processing file /opt/airflow/dags/hello_goodbye_dag.py for tasks to queue
[2026-03-19T07:10:31.216+0000] {logging_mixin.py:188} INFO - [2026-03-19T07:10:31.216+0000] {dagbag.py:538} INFO - Filling up the DagBag from /opt/airflow/dags/hello_goodbye_dag.py
[2026-03-19T07:10:31.229+0000] {processor.py:840} INFO - DAG(s) 'hello_goodbye_dag' retrieved from /opt/airflow/dags/hello_goodbye_dag.py
[2026-03-19T07:10:31.389+0000] {logging_mixin.py:188} INFO - [2026-03-19T07:10:31.388+0000] {dag.py:3036} INFO - Sync 1 DAGs
[2026-03-19T07:10:31.396+0000] {logging_mixin.py:188} INFO - [2026-03-19T07:10:31.395+0000] {dag.py:3823} INFO - Setting next_dagrun for hello_goodbye_dag to None, run_after=None
[2026-03-19T07:10:31.414+0000] {processor.py:183} INFO - Processing /opt/airflow/dags/hello_goodbye_dag.py took 0.208 seconds
[2026-03-19T07:11:01.737+0000] {processor.py:161} INFO - Started process (PID=42) to work on /opt/airflow/dags/hello_goodbye_dag.py
[2026-03-19T07:11:01.739+0000] {processor.py:830} INFO - Processing file /opt/airflow/dags/hello_goodbye_dag.py for tasks to queue
[2026-03-19T07:11:01.742+0000] {logging_mixin.py:188} INFO - [2026-03-19T07:11:01.741+0000] {dagbag.py:538} INFO - Filling up the DagBag from /opt/airflow/dags/hello_goodbye_dag.py
[2026-03-19T07:11:01.749+0000] {processor.py:840} INFO - DAG(s) 'hello_goodbye_dag' retrieved from /opt/airflow/dags/hello_goodbye_dag.py
[2026-03-19T07:11:01.772+0000] {logging_mixin.py:188} INFO - [2026-03-19T07:11:01.772+0000] {dag.py:3036} INFO - Sync 1 DAGs
[2026-03-19T07:11:01.781+0000] {logging_mixin.py:188} INFO - [2026-03-19T07:11:01.781+0000] {dag.py:3823} INFO - Setting next_dagrun for hello_goodbye_dag to None, run_after=None
[2026-03-19T07:11:01.803+0000] {processor.py:183} INFO - Processing /opt/airflow/dags/hello_goodbye_dag.py took 0.069 seconds
[2026-03-19T07:11:32.063+0000] {processor.py:161} INFO - Started process (PID=45) to work on /opt/airflow/dags/hello_goodbye_dag.py
[2026-03-19T07:11:32.065+0000] {processor.py:830} INFO - Processing file /opt/airflow/dags/hello_goodbye_dag.py for tasks to queue
[2026-03-19T07:11:32.068+0000] {logging_mixin.py:188} INFO - [2026-03-19T07:11:32.068+0000] {dagbag.py:538} INFO - Filling up the DagBag from /opt/airflow/dags/hello_goodbye_dag.py
[2026-03-19T07:11:32.076+0000] {processor.py:840} INFO - DAG(s) 'hello_goodbye_dag' retrieved from /opt/airflow/dags/hello_goodbye_dag.py
[2026-03-19T07:11:32.099+0000] {logging_mixin.py:188} INFO - [2026-03-19T07:11:32.098+0000] {dag.py:3036} INFO - Sync 1 DAGs
[2026-03-19T07:11:32.109+0000] {logging_mixin.py:188} INFO - [2026-03-19T07:11:32.109+0000] {dag.py:3823} INFO - Setting next_dagrun for hello_goodbye_dag to None, run_after=None
[2026-03-19T07:11:32.131+0000] {processor.py:183} INFO - Processing /opt/airflow/dags/hello_goodbye_dag.py took 0.070 seconds
[2026-03-19T07:12:02.536+0000] {processor.py:161} INFO - Started process (PID=48) to work on /opt/airflow/dags/hello_goodbye_dag.py
[2026-03-19T07:12:02.540+0000] {processor.py:830} INFO - Processing file /opt/airflow/dags/hello_goodbye_dag.py for tasks to queue
[2026-03-19T07:12:02.545+0000] {logging_mixin.py:188} INFO - [2026-03-19T07:12:02.544+0000] {dagbag.py:538} INFO - Filling up the DagBag from /opt/airflow/dags/hello_goodbye_dag.py
[2026-03-19T07:12:02.556+0000] {processor.py:840} INFO - DAG(s) 'hello_goodbye_dag' retrieved from /opt/airflow/dags/hello_goodbye_dag.py
[2026-03-19T07:12:02.585+0000] {logging_mixin.py:188} INFO - [2026-03-19T07:12:02.585+0000] {dag.py:3036} INFO - Sync 1 DAGs
[2026-03-19T07:12:02.597+0000] {logging_mixin.py:188} INFO - [2026-03-19T07:12:02.597+0000] {dag.py:3823} INFO - Setting next_dagrun for hello_goodbye_dag to None, run_after=None
[2026-03-19T07:12:02.619+0000] {processor.py:183} INFO - Processing /opt/airflow/dags/hello_goodbye_dag.py took 0.088 seconds
[2026-03-19T07:12:32.997+0000] {processor.py:161} INFO - Started process (PID=51) to work on /opt/airflow/dags/hello_goodbye_dag.py
[2026-03-19T07:12:33.000+0000] {processor.py:830} INFO - Processing file /opt/airflow/dags/hello_goodbye_dag.py for tasks to queue
[2026-03-19T07:12:33.003+0000] {logging_mixin.py:188} INFO - [2026-03-19T07:12:33.003+0000] {dagbag.py:538} INFO - Filling up the DagBag from /opt/airflow/dags/hello_goodbye_dag.py
[2026-03-19T07:12:33.025+0000] {processor.py:840} INFO - DAG(s) 'hello_goodbye_dag' retrieved from /opt/airflow/dags/hello_goodbye_dag.py
[2026-03-19T07:12:33.056+0000] {logging_mixin.py:188} INFO - [2026-03-19T07:12:33.056+0000] {dag.py:3036} INFO - Sync 1 DAGs
[2026-03-19T07:12:33.067+0000] {logging_mixin.py:188} INFO - [2026-03-19T07:12:33.067+0000] {dag.py:3823} INFO - Setting next_dagrun for hello_goodbye_dag to None, run_after=None
[2026-03-19T07:12:33.084+0000] {processor.py:183} INFO - Processing /opt/airflow/dags/hello_goodbye_dag.py took 0.091 seconds
[2026-03-19T07:13:03.461+0000] {processor.py:161} INFO - Started process (PID=54) to work on /opt/airflow/dags/hello_goodbye_dag.py
[2026-03-19T07:13:03.463+0000] {processor.py:830} INFO - Processing file /opt/airflow/dags/hello_goodbye_dag.py for tasks to queue
[2026-03-19T07:13:03.465+0000] {logging_mixin.py:188} INFO - [2026-03-19T07:13:03.465+0000] {dagbag.py:538} INFO - Filling up the DagBag from /opt/airflow/dags/hello_goodbye_dag.py
[2026-03-19T07:13:03.476+0000] {processor.py:840} INFO - DAG(s) 'hello_goodbye_dag' retrieved from /opt/airflow/dags/hello_goodbye_dag.py
[2026-03-19T07:13:03.506+0000] {logging_mixin.py:188} INFO - [2026-03-19T07:13:03.506+0000] {dag.py:3036} INFO - Sync 1 DAGs
[2026-03-19T07:13:03.522+0000] {logging_mixin.py:188} INFO - [2026-03-19T07:13:03.522+0000] {dag.py:3823} INFO - Setting next_dagrun for hello_goodbye_dag to None, run_after=None
[2026-03-19T07:13:03.543+0000] {processor.py:183} INFO - Processing /opt/airflow/dags/hello_goodbye_dag.py took 0.086 seconds
[2026-03-19T07:13:33.878+0000] {processor.py:161} INFO - Started process (PID=57) to work on /opt/airflow/dags/hello_goodbye_dag.py
[2026-03-19T07:13:33.880+0000] {processor.py:830} INFO - Processing file /opt/airflow/dags/hello_goodbye_dag.py for tasks to queue
[2026-03-19T07:13:33.883+0000] {logging_mixin.py:188} INFO - [2026-03-19T07:13:33.883+0000] {dagbag.py:538} INFO - Filling up the DagBag from /opt/airflow/dags/hello_goodbye_dag.py
[2026-03-19T07:13:33.892+0000] {processor.py:840} INFO - DAG(s) 'hello_goodbye_dag' retrieved from /opt/airflow/dags/hello_goodbye_dag.py
[2026-03-19T07:13:33.919+0000] {logging_mixin.py:188} INFO - [2026-03-19T07:13:33.918+0000] {dag.py:3036} INFO - Sync 1 DAGs
[2026-03-19T07:13:33.932+0000] {logging_mixin.py:188} INFO - [2026-03-19T07:13:33.932+0000] {dag.py:3823} INFO - Setting next_dagrun for hello_goodbye_dag to None, run_after=None
[2026-03-19T07:13:33.949+0000] {processor.py:183} INFO - Processing /opt/airflow/dags/hello_goodbye_dag.py took 0.076 seconds
[2026-03-19T07:14:04.281+0000] {processor.py:161} INFO - Started process (PID=60) to work on /opt/airflow/dags/hello_goodbye_dag.py
[2026-03-19T07:14:04.283+0000] {processor.py:830} INFO - Processing file /opt/airflow/dags/hello_goodbye_dag.py for tasks to queue
[2026-03-19T07:14:04.288+0000] {logging_mixin.py:188} INFO - [2026-03-19T07:14:04.288+0000] {dagbag.py:538} INFO - Filling up the DagBag from /opt/airflow/dags/hello_goodbye_dag.py
[2026-03-19T07:14:04.301+0000] {processor.py:840} INFO - DAG(s) 'hello_goodbye_dag' retrieved from /opt/airflow/dags/hello_goodbye_dag.py
[2026-03-19T07:14:04.324+0000] {logging_mixin.py:188} INFO - [2026-03-19T07:14:04.324+0000] {dag.py:3036} INFO - Sync 1 DAGs
[2026-03-19T07:14:04.336+0000] {logging_mixin.py:188} INFO - [2026-03-19T07:14:04.336+0000] {dag.py:3823} INFO - Setting next_dagrun for hello_goodbye_dag to None, run_after=None
[2026-03-19T07:14:04.351+0000] {processor.py:183} INFO - Processing /opt/airflow/dags/hello_goodbye_dag.py took 0.075 seconds
[2026-03-19T07:14:34.701+0000] {processor.py:161} INFO - Started process (PID=63) to work on /opt/airflow/dags/hello_goodbye_dag.py
[2026-03-19T07:14:34.702+0000] {processor.py:830} INFO - Processing file /opt/airflow/dags/hello_goodbye_dag.py for tasks to queue
[2026-03-19T07:14:34.705+0000] {logging_mixin.py:188} INFO - [2026-03-19T07:14:34.704+0000] {dagbag.py:538} INFO - Filling up the DagBag from /opt/airflow/dags/hello_goodbye_dag.py
[2026-03-19T07:14:34.713+0000] {processor.py:840} INFO - DAG(s) 'hello_goodbye_dag' retrieved from /opt/airflow/dags/hello_goodbye_dag.py
[2026-03-19T07:14:34.733+0000] {logging_mixin.py:188} INFO - [2026-03-19T07:14:34.732+0000] {dag.py:3036} INFO - Sync 1 DAGs
[2026-03-19T07:14:34.741+0000] {logging_mixin.py:188} INFO - [2026-03-19T07:14:34.741+0000] {dag.py:3823} INFO - Setting next_dagrun for hello_goodbye_dag to None, run_after=None
[2026-03-19T07:14:34.758+0000] {processor.py:183} INFO - Processing /opt/airflow/dags/hello_goodbye_dag.py took 0.060 seconds
[2026-03-19T07:15:05.108+0000] {processor.py:161} INFO - Started process (PID=66) to work on /opt/airflow/dags/hello_goodbye_dag.py
[2026-03-19T07:15:05.109+0000] {processor.py:830} INFO - Processing file /opt/airflow/dags/hello_goodbye_dag.py for tasks to queue
[2026-03-19T07:15:05.111+0000] {logging_mixin.py:188} INFO - [2026-03-19T07:15:05.111+0000] {dagbag.py:538} INFO - Filling up the DagBag from /opt/airflow/dags/hello_goodbye_dag.py
[2026-03-19T07:15:05.121+0000] {processor.py:840} INFO - DAG(s) 'hello_goodbye_dag' retrieved from /opt/airflow/dags/hello_goodbye_dag.py
[2026-03-19T07:15:05.146+0000] {logging_mixin.py:188} INFO - [2026-03-19T07:15:05.145+0000] {dag.py:3036} INFO - Sync 1 DAGs
[2026-03-19T07:15:05.155+0000] {logging_mixin.py:188} INFO - [2026-03-19T07:15:05.155+0000] {dag.py:3823} INFO - Setting next_dagrun for hello_goodbye_dag to None, run_after=None
[2026-03-19T07:15:05.174+0000] {processor.py:183} INFO - Processing /opt/airflow/dags/hello_goodbye_dag.py took 0.069 seconds
[2026-03-19T07:15:35.563+0000] {processor.py:161} INFO - Started process (PID=69) to work on /opt/airflow/dags/hello_goodbye_dag.py
[2026-03-19T07:15:35.564+0000] {processor.py:830} INFO - Processing file /opt/airflow/dags/hello_goodbye_dag.py for tasks to queue
[2026-03-19T07:15:35.566+0000] {logging_mixin.py:188} INFO - [2026-03-19T07:15:35.566+0000] {dagbag.py:538} INFO - Filling up the DagBag from /opt/airflow/dags/hello_goodbye_dag.py
[2026-03-19T07:15:35.578+0000] {processor.py:840} INFO - DAG(s) 'hello_goodbye_dag' retrieved from /opt/airflow/dags/hello_goodbye_dag.py
[2026-03-19T07:15:35.600+0000] {logging_mixin.py:188} INFO - [2026-03-19T07:15:35.599+0000] {dag.py:3036} INFO - Sync 1 DAGs
[2026-03-19T07:15:35.609+0000] {logging_mixin.py:188} INFO - [2026-03-19T07:15:35.609+0000] {dag.py:3823} INFO - Setting next_dagrun for hello_goodbye_dag to None, run_after=None
[2026-03-19T07:15:35.628+0000] {processor.py:183} INFO - Processing /opt/airflow/dags/hello_goodbye_dag.py took 0.068 seconds
[2026-03-19T07:16:06.004+0000] {processor.py:161} INFO - Started process (PID=72) to work on /opt/airflow/dags/hello_goodbye_dag.py
[2026-03-19T07:16:06.005+0000] {processor.py:830} INFO - Processing file /opt/airflow/dags/hello_goodbye_dag.py for tasks to queue
[2026-03-19T07:16:06.010+0000] {logging_mixin.py:188} INFO - [2026-03-19T07:16:06.009+0000] {dagbag.py:538} INFO - Filling up the DagBag from /opt/airflow/dags/hello_goodbye_dag.py
[2026-03-19T07:16:06.024+0000] {processor.py:840} INFO - DAG(s) 'hello_goodbye_dag' retrieved from /opt/airflow/dags/hello_goodbye_dag.py
[2026-03-19T07:16:06.049+0000] {logging_mixin.py:188} INFO - [2026-03-19T07:16:06.048+0000] {dag.py:3036} INFO - Sync 1 DAGs
[2026-03-19T07:16:06.059+0000] {logging_mixin.py:188} INFO - [2026-03-19T07:16:06.059+0000] {dag.py:3823} INFO - Setting next_dagrun for hello_goodbye_dag to None, run_after=None
[2026-03-19T07:16:06.074+0000] {processor.py:183} INFO - Processing /opt/airflow/dags/hello_goodbye_dag.py took 0.074 seconds
[2026-03-19T07:16:36.436+0000] {processor.py:161} INFO - Started process (PID=75) to work on /opt/airflow/dags/hello_goodbye_dag.py
[2026-03-19T07:16:36.438+0000] {processor.py:830} INFO - Processing file /opt/airflow/dags/hello_goodbye_dag.py for tasks to queue
[2026-03-19T07:16:36.442+0000] {logging_mixin.py:188} INFO - [2026-03-19T07:16:36.442+0000] {dagbag.py:538} INFO - Filling up the DagBag from /opt/airflow/dags/hello_goodbye_dag.py
[2026-03-19T07:16:36.451+0000] {processor.py:840} INFO - DAG(s) 'hello_goodbye_dag' retrieved from /opt/airflow/dags/hello_goodbye_dag.py
[2026-03-19T07:16:36.470+0000] {logging_mixin.py:188} INFO - [2026-03-19T07:16:36.470+0000] {dag.py:3036} INFO - Sync 1 DAGs
[2026-03-19T07:16:36.480+0000] {logging_mixin.py:188} INFO - [2026-03-19T07:16:36.480+0000] {dag.py:3823} INFO - Setting next_dagrun for hello_goodbye_dag to None, run_after=None
[2026-03-19T07:16:36.501+0000] {processor.py:183} INFO - Processing /opt/airflow/dags/hello_goodbye_dag.py took 0.070 seconds
[2026-03-19T07:17:06.830+0000] {processor.py:161} INFO - Started process (PID=78) to work on /opt/airflow/dags/hello_goodbye_dag.py
[2026-03-19T07:17:06.831+0000] {processor.py:830} INFO - Processing file /opt/airflow/dags/hello_goodbye_dag.py for tasks to queue
[2026-03-19T07:17:06.833+0000] {logging_mixin.py:188} INFO - [2026-03-19T07:17:06.833+0000] {dagbag.py:538} INFO - Filling up the DagBag from /opt/airflow/dags/hello_goodbye_dag.py
[2026-03-19T07:17:06.842+0000] {processor.py:840} INFO - DAG(s) 'hello_goodbye_dag' retrieved from /opt/airflow/dags/hello_goodbye_dag.py
[2026-03-19T07:17:06.863+0000] {logging_mixin.py:188} INFO - [2026-03-19T07:17:06.863+0000] {dag.py:3036} INFO - Sync 1 DAGs
[2026-03-19T07:17:06.870+0000] {logging_mixin.py:188} INFO - [2026-03-19T07:17:06.870+0000] {dag.py:3823} INFO - Setting next_dagrun for hello_goodbye_dag to None, run_after=None
[2026-03-19T07:17:06.890+0000] {processor.py:183} INFO - Processing /opt/airflow/dags/hello_goodbye_dag.py took 0.063 seconds
[2026-03-19T07:17:37.236+0000] {processor.py:161} INFO - Started process (PID=81) to work on /opt/airflow/dags/hello_goodbye_dag.py
[2026-03-19T07:17:37.238+0000] {processor.py:830} INFO - Processing file /opt/airflow/dags/hello_goodbye_dag.py for tasks to queue
[2026-03-19T07:17:37.239+0000] {logging_mixin.py:188} INFO - [2026-03-19T07:17:37.239+0000] {dagbag.py:538} INFO - Filling up the DagBag from /opt/airflow/dags/hello_goodbye_dag.py
[2026-03-19T07:17:37.247+0000] {processor.py:840} INFO - DAG(s) 'hello_goodbye_dag' retrieved from /opt/airflow/dags/hello_goodbye_dag.py
[2026-03-19T07:17:37.268+0000] {logging_mixin.py:188} INFO - [2026-03-19T07:17:37.268+0000] {dag.py:3036} INFO - Sync 1 DAGs
[2026-03-19T07:17:37.276+0000] {logging_mixin.py:188} INFO - [2026-03-19T07:17:37.276+0000] {dag.py:3823} INFO - Setting next_dagrun for hello_goodbye_dag to None, run_after=None
[2026-03-19T07:17:37.292+0000] {processor.py:183} INFO - Processing /opt/airflow/dags/hello_goodbye_dag.py took 0.059 seconds
[2026-03-19T07:18:07.668+0000] {processor.py:161} INFO - Started process (PID=84) to work on /opt/airflow/dags/hello_goodbye_dag.py
[2026-03-19T07:18:07.669+0000] {processor.py:830} INFO - Processing file /opt/airflow/dags/hello_goodbye_dag.py for tasks to queue
[2026-03-19T07:18:07.673+0000] {logging_mixin.py:188} INFO - [2026-03-19T07:18:07.672+0000] {dagbag.py:538} INFO - Filling up the DagBag from /opt/airflow/dags/hello_goodbye_dag.py
[2026-03-19T07:18:07.684+0000] {processor.py:840} INFO - DAG(s) 'hello_goodbye_dag' retrieved from /opt/airflow/dags/hello_goodbye_dag.py
[2026-03-19T07:18:07.709+0000] {logging_mixin.py:188} INFO - [2026-03-19T07:18:07.709+0000] {dag.py:3036} INFO - Sync 1 DAGs
[2026-03-19T07:18:07.719+0000] {logging_mixin.py:188} INFO - [2026-03-19T07:18:07.719+0000] {dag.py:3823} INFO - Setting next_dagrun for hello_goodbye_dag to None, run_after=None
[2026-03-19T07:18:07.737+0000] {processor.py:183} INFO - Processing /opt/airflow/dags/hello_goodbye_dag.py took 0.074 seconds
[2026-03-19T07:18:38.102+0000] {processor.py:161} INFO - Started process (PID=87) to work on /opt/airflow/dags/hello_goodbye_dag.py
[2026-03-19T07:18:38.103+0000] {processor.py:830} INFO - Processing file /opt/airflow/dags/hello_goodbye_dag.py for tasks to queue
[2026-03-19T07:18:38.105+0000] {logging_mixin.py:188} INFO - [2026-03-19T07:18:38.105+0000] {dagbag.py:538} INFO - Filling up the DagBag from /opt/airflow/dags/hello_goodbye_dag.py
[2026-03-19T07:18:38.117+0000] {processor.py:840} INFO - DAG(s) 'hello_goodbye_dag' retrieved from /opt/airflow/dags/hello_goodbye_dag.py
[2026-03-19T07:18:38.142+0000] {logging_mixin.py:188} INFO - [2026-03-19T07:18:38.142+0000] {dag.py:3036} INFO - Sync 1 DAGs
[2026-03-19T07:18:38.150+0000] {logging_mixin.py:188} INFO - [2026-03-19T07:18:38.149+0000] {dag.py:3823} INFO - Setting next_dagrun for hello_goodbye_dag to None, run_after=None
[2026-03-19T07:18:38.170+0000] {processor.py:183} INFO - Processing /opt/airflow/dags/hello_goodbye_dag.py took 0.071 seconds
[2026-03-19T07:19:08.554+0000] {processor.py:161} INFO - Started process (PID=90) to work on /opt/airflow/dags/hello_goodbye_dag.py
[2026-03-19T07:19:08.557+0000] {processor.py:830} INFO - Processing file /opt/airflow/dags/hello_goodbye_dag.py for tasks to queue
[2026-03-19T07:19:08.559+0000] {logging_mixin.py:188} INFO - [2026-03-19T07:19:08.559+0000] {dagbag.py:538} INFO - Filling up the DagBag from /opt/airflow/dags/hello_goodbye_dag.py
[2026-03-19T07:19:08.568+0000] {processor.py:840} INFO - DAG(s) 'hello_goodbye_dag' retrieved from /opt/airflow/dags/hello_goodbye_dag.py
[2026-03-19T07:19:08.590+0000] {logging_mixin.py:188} INFO - [2026-03-19T07:19:08.590+0000] {dag.py:3036} INFO - Sync 1 DAGs
[2026-03-19T07:19:08.598+0000] {logging_mixin.py:188} INFO - [2026-03-19T07:19:08.598+0000] {dag.py:3823} INFO - Setting next_dagrun for hello_goodbye_dag to None, run_after=None
[2026-03-19T07:19:08.620+0000] {processor.py:183} INFO - Processing /opt/airflow/dags/hello_goodbye_dag.py took 0.072 seconds
[2026-03-19T07:19:39.016+0000] {processor.py:161} INFO - Started process (PID=93) to work on /opt/airflow/dags/hello_goodbye_dag.py
[2026-03-19T07:19:39.018+0000] {processor.py:830} INFO - Processing file /opt/airflow/dags/hello_goodbye_dag.py for tasks to queue
[2026-03-19T07:19:39.020+0000] {logging_mixin.py:188} INFO - [2026-03-19T07:19:39.020+0000] {dagbag.py:538} INFO - Filling up the DagBag from /opt/airflow/dags/hello_goodbye_dag.py
[2026-03-19T07:19:39.030+0000] {processor.py:840} INFO - DAG(s) 'hello_goodbye_dag' retrieved from /opt/airflow/dags/hello_goodbye_dag.py
[2026-03-19T07:19:39.054+0000] {logging_mixin.py:188} INFO - [2026-03-19T07:19:39.054+0000] {dag.py:3036} INFO - Sync 1 DAGs
[2026-03-19T07:19:39.065+0000] {logging_mixin.py:188} INFO - [2026-03-19T07:19:39.065+0000] {dag.py:3823} INFO - Setting next_dagrun for hello_goodbye_dag to None, run_after=None
[2026-03-19T07:19:39.086+0000] {processor.py:183} INFO - Processing /opt/airflow/dags/hello_goodbye_dag.py took 0.074 seconds
[2026-03-19T07:20:09.410+0000] {processor.py:161} INFO - Started process (PID=96) to work on /opt/airflow/dags/hello_goodbye_dag.py
[2026-03-19T07:20:09.412+0000] {processor.py:830} INFO - Processing file /opt/airflow/dags/hello_goodbye_dag.py for tasks to queue
[2026-03-19T07:20:09.415+0000] {logging_mixin.py:188} INFO - [2026-03-19T07:20:09.415+0000] {dagbag.py:538} INFO - Filling up the DagBag from /opt/airflow/dags/hello_goodbye_dag.py
[2026-03-19T07:20:09.424+0000] {processor.py:840} INFO - DAG(s) 'hello_goodbye_dag' retrieved from /opt/airflow/dags/hello_goodbye_dag.py
[2026-03-19T07:20:09.449+0000] {logging_mixin.py:188} INFO - [2026-03-19T07:20:09.449+0000] {dag.py:3036} INFO - Sync 1 DAGs
[2026-03-19T07:20:09.456+0000] {logging_mixin.py:188} INFO - [2026-03-19T07:20:09.456+0000] {dag.py:3823} INFO - Setting next_dagrun for hello_goodbye_dag to None, run_after=None
[2026-03-19T07:20:09.473+0000] {processor.py:183} INFO - Processing /opt/airflow/dags/hello_goodbye_dag.py took 0.066 seconds
[2026-03-19T07:20:39.839+0000] {processor.py:161} INFO - Started process (PID=99) to work on /opt/airflow/dags/hello_goodbye_dag.py
[2026-03-19T07:20:39.841+0000] {processor.py:830} INFO - Processing file /opt/airflow/dags/hello_goodbye_dag.py for tasks to queue
[2026-03-19T07:20:39.844+0000] {logging_mixin.py:188} INFO - [2026-03-19T07:20:39.843+0000] {dagbag.py:538} INFO - Filling up the DagBag from /opt/airflow/dags/hello_goodbye_dag.py
[2026-03-19T07:20:39.856+0000] {processor.py:840} INFO - DAG(s) 'hello_goodbye_dag' retrieved from /opt/airflow/dags/hello_goodbye_dag.py
[2026-03-19T07:20:39.877+0000] {logging_mixin.py:188} INFO - [2026-03-19T07:20:39.877+0000] {dag.py:3036} INFO - Sync 1 DAGs
[2026-03-19T07:20:39.887+0000] {logging_mixin.py:188} INFO - [2026-03-19T07:20:39.887+0000] {dag.py:3823} INFO - Setting next_dagrun for hello_goodbye_dag to None, run_after=None
[2026-03-19T07:20:39.902+0000] {processor.py:183} INFO - Processing /opt/airflow/dags/hello_goodbye_dag.py took 0.066 seconds
[2026-03-19T07:21:10.261+0000] {processor.py:161} INFO - Started process (PID=102) to work on /opt/airflow/dags/hello_goodbye_dag.py
[2026-03-19T07:21:10.263+0000] {processor.py:830} INFO - Processing file /opt/airflow/dags/hello_goodbye_dag.py for tasks to queue
[2026-03-19T07:21:10.267+0000] {logging_mixin.py:188} INFO - [2026-03-19T07:21:10.267+0000] {dagbag.py:538} INFO - Filling up the DagBag from /opt/airflow/dags/hello_goodbye_dag.py
[2026-03-19T07:21:10.277+0000] {processor.py:840} INFO - DAG(s) 'hello_goodbye_dag' retrieved from /opt/airflow/dags/hello_goodbye_dag.py
[2026-03-19T07:21:10.301+0000] {logging_mixin.py:188} INFO - [2026-03-19T07:21:10.301+0000] {dag.py:3036} INFO - Sync 1 DAGs
[2026-03-19T07:21:10.309+0000] {logging_mixin.py:188} INFO - [2026-03-19T07:21:10.309+0000] {dag.py:3823} INFO - Setting next_dagrun for hello_goodbye_dag to None, run_after=None
[2026-03-19T07:21:10.325+0000] {processor.py:183} INFO - Processing /opt/airflow/dags/hello_goodbye_dag.py took 0.069 seconds
[2026-03-19T07:21:40.710+0000] {processor.py:161} INFO - Started process (PID=105) to work on /opt/airflow/dags/hello_goodbye_dag.py
[2026-03-19T07:21:40.712+0000] {processor.py:830} INFO - Processing file /opt/airflow/dags/hello_goodbye_dag.py for tasks to queue
[2026-03-19T07:21:40.715+0000] {logging_mixin.py:188} INFO - [2026-03-19T07:21:40.714+0000] {dagbag.py:538} INFO - Filling up the DagBag from /opt/airflow/dags/hello_goodbye_dag.py
[2026-03-19T07:21:40.724+0000] {processor.py:840} INFO - DAG(s) 'hello_goodbye_dag' retrieved from /opt/airflow/dags/hello_goodbye_dag.py
[2026-03-19T07:21:40.751+0000] {logging_mixin.py:188} INFO - [2026-03-19T07:21:40.750+0000] {dag.py:3036} INFO - Sync 1 DAGs
[2026-03-19T07:21:40.758+0000] {logging_mixin.py:188} INFO - [2026-03-19T07:21:40.758+0000] {dag.py:3823} INFO - Setting next_dagrun for hello_goodbye_dag to None, run_after=None
[2026-03-19T07:21:40.773+0000] {processor.py:183} INFO - Processing /opt/airflow/dags/hello_goodbye_dag.py took 0.068 seconds
[2026-03-19T07:22:11.101+0000] {processor.py:161} INFO - Started process (PID=108) to work on /opt/airflow/dags/hello_goodbye_dag.py
[2026-03-19T07:22:11.103+0000] {processor.py:830} INFO - Processing file /opt/airflow/dags/hello_goodbye_dag.py for tasks to queue
[2026-03-19T07:22:11.106+0000] {logging_mixin.py:188} INFO - [2026-03-19T07:22:11.106+0000] {dagbag.py:538} INFO - Filling up the DagBag from /opt/airflow/dags/hello_goodbye_dag.py
[2026-03-19T07:22:11.116+0000] {processor.py:840} INFO - DAG(s) 'hello_goodbye_dag' retrieved from /opt/airflow/dags/hello_goodbye_dag.py
[2026-03-19T07:22:11.143+0000] {logging_mixin.py:188} INFO - [2026-03-19T07:22:11.143+0000] {dag.py:3036} INFO - Sync 1 DAGs
[2026-03-19T07:22:11.154+0000] {logging_mixin.py:188} INFO - [2026-03-19T07:22:11.153+0000] {dag.py:3823} INFO - Setting next_dagrun for hello_goodbye_dag to None, run_after=None
[2026-03-19T07:22:11.172+0000] {processor.py:183} INFO - Processing /opt/airflow/dags/hello_goodbye_dag.py took 0.075 seconds
[2026-03-19T07:22:41.500+0000] {processor.py:161} INFO - Started process (PID=111) to work on /opt/airflow/dags/hello_goodbye_dag.py
[2026-03-19T07:22:41.501+0000] {processor.py:830} INFO - Processing file /opt/airflow/dags/hello_goodbye_dag.py for tasks to queue
[2026-03-19T07:22:41.505+0000] {logging_mixin.py:188} INFO - [2026-03-19T07:22:41.505+0000] {dagbag.py:538} INFO - Filling up the DagBag from /opt/airflow/dags/hello_goodbye_dag.py
[2026-03-19T07:22:41.512+0000] {processor.py:840} INFO - DAG(s) 'hello_goodbye_dag' retrieved from /opt/airflow/dags/hello_goodbye_dag.py
[2026-03-19T07:22:41.535+0000] {logging_mixin.py:188} INFO - [2026-03-19T07:22:41.535+0000] {dag.py:3036} INFO - Sync 1 DAGs
[2026-03-19T07:22:41.546+0000] {logging_mixin.py:188} INFO - [2026-03-19T07:22:41.545+0000] {dag.py:3823} INFO - Setting next_dagrun for hello_goodbye_dag to None, run_after=None
[2026-03-19T07:22:41.561+0000] {processor.py:183} INFO - Processing /opt/airflow/dags/hello_goodbye_dag.py took 0.065 seconds
[2026-03-19T07:23:11.917+0000] {processor.py:161} INFO - Started process (PID=114) to work on /opt/airflow/dags/hello_goodbye_dag.py
[2026-03-19T07:23:11.919+0000] {processor.py:830} INFO - Processing file /opt/airflow/dags/hello_goodbye_dag.py for tasks to queue
[2026-03-19T07:23:11.921+0000] {logging_mixin.py:188} INFO - [2026-03-19T07:23:11.921+0000] {dagbag.py:538} INFO - Filling up the DagBag from /opt/airflow/dags/hello_goodbye_dag.py
[2026-03-19T07:23:11.931+0000] {processor.py:840} INFO - DAG(s) 'hello_goodbye_dag' retrieved from /opt/airflow/dags/hello_goodbye_dag.py
[2026-03-19T07:23:11.955+0000] {logging_mixin.py:188} INFO - [2026-03-19T07:23:11.954+0000] {dag.py:3036} INFO - Sync 1 DAGs
[2026-03-19T07:23:11.964+0000] {logging_mixin.py:188} INFO - [2026-03-19T07:23:11.964+0000] {dag.py:3823} INFO - Setting next_dagrun for hello_goodbye_dag to None, run_after=None
[2026-03-19T07:23:11.987+0000] {processor.py:183} INFO - Processing /opt/airflow/dags/hello_goodbye_dag.py took 0.072 seconds
[2026-03-19T07:23:42.315+0000] {processor.py:161} INFO - Started process (PID=117) to work on /opt/airflow/dags/hello_goodbye_dag.py
[2026-03-19T07:23:42.316+0000] {processor.py:830} INFO - Processing file /opt/airflow/dags/hello_goodbye_dag.py for tasks to queue
[2026-03-19T07:23:42.320+0000] {logging_mixin.py:188} INFO - [2026-03-19T07:23:42.319+0000] {dagbag.py:538} INFO - Filling up the DagBag from /opt/airflow/dags/hello_goodbye_dag.py
[2026-03-19T07:23:42.329+0000] {processor.py:840} INFO - DAG(s) 'hello_goodbye_dag' retrieved from /opt/airflow/dags/hello_goodbye_dag.py
[2026-03-19T07:23:42.354+0000] {logging_mixin.py:188} INFO - [2026-03-19T07:23:42.354+0000] {dag.py:3036} INFO - Sync 1 DAGs
[2026-03-19T07:23:42.363+0000] {logging_mixin.py:188} INFO - [2026-03-19T07:23:42.363+0000] {dag.py:3823} INFO - Setting next_dagrun for hello_goodbye_dag to None, run_after=None
[2026-03-19T07:23:42.382+0000] {processor.py:183} INFO - Processing /opt/airflow/dags/hello_goodbye_dag.py took 0.071 seconds
[2026-03-19T07:24:12.736+0000] {processor.py:161} INFO - Started process (PID=120) to work on /opt/airflow/dags/hello_goodbye_dag.py
[2026-03-19T07:24:12.738+0000] {processor.py:830} INFO - Processing file /opt/airflow/dags/hello_goodbye_dag.py for tasks to queue
[2026-03-19T07:24:12.740+0000] {logging_mixin.py:188} INFO - [2026-03-19T07:24:12.740+0000] {dagbag.py:538} INFO - Filling up the DagBag from /opt/airflow/dags/hello_goodbye_dag.py
[2026-03-19T07:24:12.749+0000] {processor.py:840} INFO - DAG(s) 'hello_goodbye_dag' retrieved from /opt/airflow/dags/hello_goodbye_dag.py
[2026-03-19T07:24:12.773+0000] {logging_mixin.py:188} INFO - [2026-03-19T07:24:12.772+0000] {dag.py:3036} INFO - Sync 1 DAGs
[2026-03-19T07:24:12.782+0000] {logging_mixin.py:188} INFO - [2026-03-19T07:24:12.782+0000] {dag.py:3823} INFO - Setting next_dagrun for hello_goodbye_dag to None, run_after=None
[2026-03-19T07:24:12.799+0000] {processor.py:183} INFO - Processing /opt/airflow/dags/hello_goodbye_dag.py took 0.067 seconds
[2026-03-19T07:24:43.163+0000] {processor.py:161} INFO - Started process (PID=123) to work on /opt/airflow/dags/hello_goodbye_dag.py
[2026-03-19T07:24:43.165+0000] {processor.py:830} INFO - Processing file /opt/airflow/dags/hello_goodbye_dag.py for tasks to queue
[2026-03-19T07:24:43.167+0000] {logging_mixin.py:188} INFO - [2026-03-19T07:24:43.166+0000] {dagbag.py:538} INFO - Filling up the DagBag from /opt/airflow/dags/hello_goodbye_dag.py
[2026-03-19T07:24:43.176+0000] {processor.py:840} INFO - DAG(s) 'hello_goodbye_dag' retrieved from /opt/airflow/dags/hello_goodbye_dag.py
[2026-03-19T07:24:43.201+0000] {logging_mixin.py:188} INFO - [2026-03-19T07:24:43.200+0000] {dag.py:3036} INFO - Sync 1 DAGs
[2026-03-19T07:24:43.210+0000] {logging_mixin.py:188} INFO - [2026-03-19T07:24:43.210+0000] {dag.py:3823} INFO - Setting next_dagrun for hello_goodbye_dag to None, run_after=None
[2026-03-19T07:24:43.225+0000] {processor.py:183} INFO - Processing /opt/airflow/dags/hello_goodbye_dag.py took 0.064 seconds
[2026-03-19T07:25:13.622+0000] {processor.py:161} INFO - Started process (PID=126) to work on /opt/airflow/dags/hello_goodbye_dag.py
[2026-03-19T07:25:13.625+0000] {processor.py:830} INFO - Processing file /opt/airflow/dags/hello_goodbye_dag.py for tasks to queue
[2026-03-19T07:25:13.627+0000] {logging_mixin.py:188} INFO - [2026-03-19T07:25:13.627+0000] {dagbag.py:538} INFO - Filling up the DagBag from /opt/airflow/dags/hello_goodbye_dag.py
[2026-03-19T07:25:13.636+0000] {processor.py:840} INFO - DAG(s) 'hello_goodbye_dag' retrieved from /opt/airflow/dags/hello_goodbye_dag.py
[2026-03-19T07:25:13.661+0000] {logging_mixin.py:188} INFO - [2026-03-19T07:25:13.661+0000] {dag.py:3036} INFO - Sync 1 DAGs
[2026-03-19T07:25:13.673+0000] {logging_mixin.py:188} INFO - [2026-03-19T07:25:13.673+0000] {dag.py:3823} INFO - Setting next_dagrun for hello_goodbye_dag to None, run_after=None
[2026-03-19T07:25:13.687+0000] {processor.py:183} INFO - Processing /opt/airflow/dags/hello_goodbye_dag.py took 0.070 seconds
[2026-03-19T07:25:44.058+0000] {processor.py:161} INFO - Started process (PID=129) to work on /opt/airflow/dags/hello_goodbye_dag.py
[2026-03-19T07:25:44.060+0000] {processor.py:830} INFO - Processing file /opt/airflow/dags/hello_goodbye_dag.py for tasks to queue
[2026-03-19T07:25:44.063+0000] {logging_mixin.py:188} INFO - [2026-03-19T07:25:44.063+0000] {dagbag.py:538} INFO - Filling up the DagBag from /opt/airflow/dags/hello_goodbye_dag.py
[2026-03-19T07:25:44.078+0000] {processor.py:840} INFO - DAG(s) 'hello_goodbye_dag' retrieved from /opt/airflow/dags/hello_goodbye_dag.py
[2026-03-19T07:25:44.099+0000] {logging_mixin.py:188} INFO - [2026-03-19T07:25:44.098+0000] {dag.py:3036} INFO - Sync 1 DAGs
[2026-03-19T07:25:44.108+0000] {logging_mixin.py:188} INFO - [2026-03-19T07:25:44.108+0000] {dag.py:3823} INFO - Setting next_dagrun for hello_goodbye_dag to None, run_after=None
[2026-03-19T07:25:44.124+0000] {processor.py:183} INFO - Processing /opt/airflow/dags/hello_goodbye_dag.py took 0.072 seconds
[2026-03-19T07:26:14.481+0000] {processor.py:161} INFO - Started process (PID=132) to work on /opt/airflow/dags/hello_goodbye_dag.py
[2026-03-19T07:26:14.482+0000] {processor.py:830} INFO - Processing file /opt/airflow/dags/hello_goodbye_dag.py for tasks to queue
[2026-03-19T07:26:14.484+0000] {logging_mixin.py:188} INFO - [2026-03-19T07:26:14.483+0000] {dagbag.py:538} INFO - Filling up the DagBag from /opt/airflow/dags/hello_goodbye_dag.py
[2026-03-19T07:26:14.494+0000] {processor.py:840} INFO - DAG(s) 'hello_goodbye_dag' retrieved from /opt/airflow/dags/hello_goodbye_dag.py
[2026-03-19T07:26:14.513+0000] {logging_mixin.py:188} INFO - [2026-03-19T07:26:14.513+0000] {dag.py:3036} INFO - Sync 1 DAGs
[2026-03-19T07:26:14.523+0000] {logging_mixin.py:188} INFO - [2026-03-19T07:26:14.523+0000] {dag.py:3823} INFO - Setting next_dagrun for hello_goodbye_dag to None, run_after=None
[2026-03-19T07:26:14.543+0000] {processor.py:183} INFO - Processing /opt/airflow/dags/hello_goodbye_dag.py took 0.066 seconds
[2026-03-19T07:26:44.935+0000] {processor.py:161} INFO - Started process (PID=135) to work on /opt/airflow/dags/hello_goodbye_dag.py
[2026-03-19T07:26:44.937+0000] {processor.py:830} INFO - Processing file /opt/airflow/dags/hello_goodbye_dag.py for tasks to queue
[2026-03-19T07:26:44.940+0000] {logging_mixin.py:188} INFO - [2026-03-19T07:26:44.940+0000] {dagbag.py:538} INFO - Filling up the DagBag from /opt/airflow/dags/hello_goodbye_dag.py
[2026-03-19T07:26:44.950+0000] {processor.py:840} INFO - DAG(s) 'hello_goodbye_dag' retrieved from /opt/airflow/dags/hello_goodbye_dag.py
[2026-03-19T07:26:44.971+0000] {logging_mixin.py:188} INFO - [2026-03-19T07:26:44.971+0000] {dag.py:3036} INFO - Sync 1 DAGs
[2026-03-19T07:26:44.980+0000] {logging_mixin.py:188} INFO - [2026-03-19T07:26:44.980+0000] {dag.py:3823} INFO - Setting next_dagrun for hello_goodbye_dag to None, run_after=None
[2026-03-19T07:26:45.003+0000] {processor.py:183} INFO - Processing /opt/airflow/dags/hello_goodbye_dag.py took 0.072 seconds
[2026-03-19T07:27:15.317+0000] {processor.py:161} INFO - Started process (PID=138) to work on /opt/airflow/dags/hello_goodbye_dag.py
[2026-03-19T07:27:15.320+0000] {processor.py:830} INFO - Processing file /opt/airflow/dags/hello_goodbye_dag.py for tasks to queue
[2026-03-19T07:27:15.325+0000] {logging_mixin.py:188} INFO - [2026-03-19T07:27:15.324+0000] {dagbag.py:538} INFO - Filling up the DagBag from /opt/airflow/dags/hello_goodbye_dag.py
[2026-03-19T07:27:15.337+0000] {processor.py:840} INFO - DAG(s) 'hello_goodbye_dag' retrieved from /opt/airflow/dags/hello_goodbye_dag.py
[2026-03-19T07:27:15.363+0000] {logging_mixin.py:188} INFO - [2026-03-19T07:27:15.363+0000] {dag.py:3036} INFO - Sync 1 DAGs
[2026-03-19T07:27:15.373+0000] {logging_mixin.py:188} INFO - [2026-03-19T07:27:15.373+0000] {dag.py:3823} INFO - Setting next_dagrun for hello_goodbye_dag to None, run_after=None
[2026-03-19T07:27:15.393+0000] {processor.py:183} INFO - Processing /opt/airflow/dags/hello_goodbye_dag.py took 0.080 seconds
[2026-03-19T07:27:45.752+0000] {processor.py:161} INFO - Started process (PID=141) to work on /opt/airflow/dags/hello_goodbye_dag.py
[2026-03-19T07:27:45.754+0000] {processor.py:830} INFO - Processing file /opt/airflow/dags/hello_goodbye_dag.py for tasks to queue
[2026-03-19T07:27:45.757+0000] {logging_mixin.py:188} INFO - [2026-03-19T07:27:45.756+0000] {dagbag.py:538} INFO - Filling up the DagBag from /opt/airflow/dags/hello_goodbye_dag.py
[2026-03-19T07:27:45.767+0000] {processor.py:840} INFO - DAG(s) 'hello_goodbye_dag' retrieved from /opt/airflow/dags/hello_goodbye_dag.py
[2026-03-19T07:27:45.792+0000] {logging_mixin.py:188} INFO - [2026-03-19T07:27:45.792+0000] {dag.py:3036} INFO - Sync 1 DAGs
[2026-03-19T07:27:45.806+0000] {logging_mixin.py:188} INFO - [2026-03-19T07:27:45.806+0000] {dag.py:3823} INFO - Setting next_dagrun for hello_goodbye_dag to None, run_after=None
[2026-03-19T07:27:45.827+0000] {processor.py:183} INFO - Processing /opt/airflow/dags/hello_goodbye_dag.py took 0.078 seconds
[2026-03-19T07:28:16.206+0000] {processor.py:161} INFO - Started process (PID=144) to work on /opt/airflow/dags/hello_goodbye_dag.py
[2026-03-19T07:28:16.209+0000] {processor.py:830} INFO - Processing file /opt/airflow/dags/hello_goodbye_dag.py for tasks to queue
[2026-03-19T07:28:16.214+0000] {logging_mixin.py:188} INFO - [2026-03-19T07:28:16.214+0000] {dagbag.py:538} INFO - Filling up the DagBag from /opt/airflow/dags/hello_goodbye_dag.py
[2026-03-19T07:28:16.225+0000] {processor.py:840} INFO - DAG(s) 'hello_goodbye_dag' retrieved from /opt/airflow/dags/hello_goodbye_dag.py
[2026-03-19T07:28:16.256+0000] {logging_mixin.py:188} INFO - [2026-03-19T07:28:16.256+0000] {dag.py:3036} INFO - Sync 1 DAGs
[2026-03-19T07:28:16.265+0000] {logging_mixin.py:188} INFO - [2026-03-19T07:28:16.265+0000] {dag.py:3823} INFO - Setting next_dagrun for hello_goodbye_dag to None, run_after=None
[2026-03-19T07:28:16.285+0000] {processor.py:183} INFO - Processing /opt/airflow/dags/hello_goodbye_dag.py took 0.084 seconds
[2026-03-19T07:28:46.609+0000] {processor.py:161} INFO - Started process (PID=147) to work on /opt/airflow/dags/hello_goodbye_dag.py
[2026-03-19T07:28:46.610+0000] {processor.py:830} INFO - Processing file /opt/airflow/dags/hello_goodbye_dag.py for tasks to queue
[2026-03-19T07:28:46.612+0000] {logging_mixin.py:188} INFO - [2026-03-19T07:28:46.611+0000] {dagbag.py:538} INFO - Filling up the DagBag from /opt/airflow/dags/hello_goodbye_dag.py
[2026-03-19T07:28:46.619+0000] {processor.py:840} INFO - DAG(s) 'hello_goodbye_dag' retrieved from /opt/airflow/dags/hello_goodbye_dag.py
[2026-03-19T07:28:46.650+0000] {logging_mixin.py:188} INFO - [2026-03-19T07:28:46.650+0000] {dag.py:3036} INFO - Sync 1 DAGs
[2026-03-19T07:28:46.658+0000] {logging_mixin.py:188} INFO - [2026-03-19T07:28:46.658+0000] {dag.py:3823} INFO - Setting next_dagrun for hello_goodbye_dag to None, run_after=None
[2026-03-19T07:28:46.675+0000] {processor.py:183} INFO - Processing /opt/airflow/dags/hello_goodbye_dag.py took 0.070 seconds
[2026-03-19T07:29:17.017+0000] {processor.py:161} INFO - Started process (PID=150) to work on /opt/airflow/dags/hello_goodbye_dag.py
[2026-03-19T07:29:17.021+0000] {processor.py:830} INFO - Processing file /opt/airflow/dags/hello_goodbye_dag.py for tasks to queue
[2026-03-19T07:29:17.025+0000] {logging_mixin.py:188} INFO - [2026-03-19T07:29:17.024+0000] {dagbag.py:538} INFO - Filling up the DagBag from /opt/airflow/dags/hello_goodbye_dag.py
[2026-03-19T07:29:17.038+0000] {processor.py:840} INFO - DAG(s) 'hello_goodbye_dag' retrieved from /opt/airflow/dags/hello_goodbye_dag.py
[2026-03-19T07:29:17.061+0000] {logging_mixin.py:188} INFO - [2026-03-19T07:29:17.060+0000] {dag.py:3036} INFO - Sync 1 DAGs
[2026-03-19T07:29:17.069+0000] {logging_mixin.py:188} INFO - [2026-03-19T07:29:17.069+0000] {dag.py:3823} INFO - Setting next_dagrun for hello_goodbye_dag to None, run_after=None
[2026-03-19T07:29:17.090+0000] {processor.py:183} INFO - Processing /opt/airflow/dags/hello_goodbye_dag.py took 0.077 seconds
[2026-03-19T07:29:47.470+0000] {processor.py:161} INFO - Started process (PID=153) to work on /opt/airflow/dags/hello_goodbye_dag.py
[2026-03-19T07:29:47.473+0000] {processor.py:830} INFO - Processing file /opt/airflow/dags/hello_goodbye_dag.py for tasks to queue
[2026-03-19T07:29:47.478+0000] {logging_mixin.py:188} INFO - [2026-03-19T07:29:47.477+0000] {dagbag.py:538} INFO - Filling up the DagBag from /opt/airflow/dags/hello_goodbye_dag.py
[2026-03-19T07:29:47.494+0000] {processor.py:840} INFO - DAG(s) 'hello_goodbye_dag' retrieved from /opt/airflow/dags/hello_goodbye_dag.py
[2026-03-19T07:29:47.517+0000] {logging_mixin.py:188} INFO - [2026-03-19T07:29:47.517+0000] {dag.py:3036} INFO - Sync 1 DAGs
[2026-03-19T07:29:47.526+0000] {logging_mixin.py:188} INFO - [2026-03-19T07:29:47.526+0000] {dag.py:3823} INFO - Setting next_dagrun for hello_goodbye_dag to None, run_after=None
[2026-03-19T07:29:47.544+0000] {processor.py:183} INFO - Processing /opt/airflow/dags/hello_goodbye_dag.py took 0.079 seconds
[2026-03-19T07:32:37.769+0000] {processor.py:161} INFO - Started process (PID=156) to work on /opt/airflow/dags/hello_goodbye_dag.py
[2026-03-19T07:32:37.771+0000] {processor.py:830} INFO - Processing file /opt/airflow/dags/hello_goodbye_dag.py for tasks to queue
[2026-03-19T07:32:37.776+0000] {logging_mixin.py:188} INFO - [2026-03-19T07:32:37.776+0000] {dagbag.py:538} INFO - Filling up the DagBag from /opt/airflow/dags/hello_goodbye_dag.py
[2026-03-19T07:32:37.793+0000] {processor.py:840} INFO - DAG(s) 'hello_goodbye_dag' retrieved from /opt/airflow/dags/hello_goodbye_dag.py
[2026-03-19T07:32:37.842+0000] {logging_mixin.py:188} INFO - [2026-03-19T07:32:37.841+0000] {dag.py:3036} INFO - Sync 1 DAGs
[2026-03-19T07:32:37.857+0000] {logging_mixin.py:188} INFO - [2026-03-19T07:32:37.857+0000] {dag.py:3823} INFO - Setting next_dagrun for hello_goodbye_dag to None, run_after=None
[2026-03-19T07:32:37.882+0000] {processor.py:183} INFO - Processing /opt/airflow/dags/hello_goodbye_dag.py took 0.119 seconds
[2026-03-19T07:33:08.287+0000] {processor.py:161} INFO - Started process (PID=159) to work on /opt/airflow/dags/hello_goodbye_dag.py
[2026-03-19T07:33:08.289+0000] {processor.py:830} INFO - Processing file /opt/airflow/dags/hello_goodbye_dag.py for tasks to queue
[2026-03-19T07:33:08.295+0000] {logging_mixin.py:188} INFO - [2026-03-19T07:33:08.294+0000] {dagbag.py:538} INFO - Filling up the DagBag from /opt/airflow/dags/hello_goodbye_dag.py
[2026-03-19T07:33:08.310+0000] {processor.py:840} INFO - DAG(s) 'hello_goodbye_dag' retrieved from /opt/airflow/dags/hello_goodbye_dag.py
[2026-03-19T07:33:08.333+0000] {logging_mixin.py:188} INFO - [2026-03-19T07:33:08.332+0000] {dag.py:3036} INFO - Sync 1 DAGs
[2026-03-19T07:33:08.342+0000] {logging_mixin.py:188} INFO - [2026-03-19T07:33:08.342+0000] {dag.py:3823} INFO - Setting next_dagrun for hello_goodbye_dag to None, run_after=None
[2026-03-19T07:33:08.357+0000] {processor.py:183} INFO - Processing /opt/airflow/dags/hello_goodbye_dag.py took 0.074 seconds
[2026-03-19T07:36:42.720+0000] {processor.py:161} INFO - Started process (PID=162) to work on /opt/airflow/dags/hello_goodbye_dag.py
[2026-03-19T07:36:42.721+0000] {processor.py:830} INFO - Processing file /opt/airflow/dags/hello_goodbye_dag.py for tasks to queue
[2026-03-19T07:36:42.723+0000] {logging_mixin.py:188} INFO - [2026-03-19T07:36:42.723+0000] {dagbag.py:538} INFO - Filling up the DagBag from /opt/airflow/dags/hello_goodbye_dag.py
[2026-03-19T07:36:42.732+0000] {processor.py:840} INFO - DAG(s) 'hello_goodbye_dag' retrieved from /opt/airflow/dags/hello_goodbye_dag.py
[2026-03-19T07:36:42.755+0000] {logging_mixin.py:188} INFO - [2026-03-19T07:36:42.755+0000] {dag.py:3036} INFO - Sync 1 DAGs
[2026-03-19T07:36:42.764+0000] {logging_mixin.py:188} INFO - [2026-03-19T07:36:42.763+0000] {dag.py:3823} INFO - Setting next_dagrun for hello_goodbye_dag to None, run_after=None
[2026-03-19T07:36:42.780+0000] {processor.py:183} INFO - Processing /opt/airflow/dags/hello_goodbye_dag.py took 0.063 seconds
[2026-03-19T07:43:27.700+0000] {processor.py:161} INFO - Started process (PID=165) to work on /opt/airflow/dags/hello_goodbye_dag.py
[2026-03-19T07:43:27.703+0000] {processor.py:830} INFO - Processing file /opt/airflow/dags/hello_goodbye_dag.py for tasks to queue
[2026-03-19T07:43:27.710+0000] {logging_mixin.py:188} INFO - [2026-03-19T07:43:27.709+0000] {dagbag.py:538} INFO - Filling up the DagBag from /opt/airflow/dags/hello_goodbye_dag.py
[2026-03-19T07:43:27.733+0000] {processor.py:840} INFO - DAG(s) 'hello_goodbye_dag' retrieved from /opt/airflow/dags/hello_goodbye_dag.py
[2026-03-19T07:43:27.776+0000] {logging_mixin.py:188} INFO - [2026-03-19T07:43:27.775+0000] {dag.py:3036} INFO - Sync 1 DAGs
[2026-03-19T07:43:27.796+0000] {logging_mixin.py:188} INFO - [2026-03-19T07:43:27.796+0000] {dag.py:3823} INFO - Setting next_dagrun for hello_goodbye_dag to None, run_after=None
[2026-03-19T07:43:27.821+0000] {processor.py:183} INFO - Processing /opt/airflow/dags/hello_goodbye_dag.py took 0.141 seconds
[2026-03-19T08:02:54.176+0000] {processor.py:161} INFO - Started process (PID=168) to work on /opt/airflow/dags/hello_goodbye_dag.py
[2026-03-19T08:02:54.178+0000] {processor.py:830} INFO - Processing file /opt/airflow/dags/hello_goodbye_dag.py for tasks to queue
[2026-03-19T08:02:54.181+0000] {logging_mixin.py:188} INFO - [2026-03-19T08:02:54.181+0000] {dagbag.py:538} INFO - Filling up the DagBag from /opt/airflow/dags/hello_goodbye_dag.py
[2026-03-19T08:02:54.196+0000] {processor.py:840} INFO - DAG(s) 'hello_goodbye_dag' retrieved from /opt/airflow/dags/hello_goodbye_dag.py
[2026-03-19T08:02:54.223+0000] {logging_mixin.py:188} INFO - [2026-03-19T08:02:54.223+0000] {dag.py:3036} INFO - Sync 1 DAGs
[2026-03-19T08:02:54.235+0000] {logging_mixin.py:188} INFO - [2026-03-19T08:02:54.234+0000] {dag.py:3823} INFO - Setting next_dagrun for hello_goodbye_dag to None, run_after=None
[2026-03-19T08:02:54.254+0000] {processor.py:183} INFO - Processing /opt/airflow/dags/hello_goodbye_dag.py took 0.081 seconds
[2026-03-19T08:04:51.020+0000] {processor.py:161} INFO - Started process (PID=171) to work on /opt/airflow/dags/hello_goodbye_dag.py
[2026-03-19T08:04:51.022+0000] {processor.py:830} INFO - Processing file /opt/airflow/dags/hello_goodbye_dag.py for tasks to queue
[2026-03-19T08:04:51.025+0000] {logging_mixin.py:188} INFO - [2026-03-19T08:04:51.025+0000] {dagbag.py:538} INFO - Filling up the DagBag from /opt/airflow/dags/hello_goodbye_dag.py
[2026-03-19T08:04:51.039+0000] {processor.py:840} INFO - DAG(s) 'hello_goodbye_dag' retrieved from /opt/airflow/dags/hello_goodbye_dag.py
[2026-03-19T08:04:51.060+0000] {logging_mixin.py:188} INFO - [2026-03-19T08:04:51.060+0000] {dag.py:3036} INFO - Sync 1 DAGs
[2026-03-19T08:04:51.071+0000] {logging_mixin.py:188} INFO - [2026-03-19T08:04:51.071+0000] {dag.py:3823} INFO - Setting next_dagrun for hello_goodbye_dag to None, run_after=None
[2026-03-19T08:04:51.089+0000] {processor.py:183} INFO - Processing /opt/airflow/dags/hello_goodbye_dag.py took 0.073 seconds
[2026-03-19T08:32:49.695+0000] {processor.py:161} INFO - Started process (PID=174) to work on /opt/airflow/dags/hello_goodbye_dag.py
[2026-03-19T08:32:49.696+0000] {processor.py:830} INFO - Processing file /opt/airflow/dags/hello_goodbye_dag.py for tasks to queue
[2026-03-19T08:32:49.699+0000] {logging_mixin.py:188} INFO - [2026-03-19T08:32:49.698+0000] {dagbag.py:538} INFO - Filling up the DagBag from /opt/airflow/dags/hello_goodbye_dag.py
[2026-03-19T08:32:49.709+0000] {processor.py:840} INFO - DAG(s) 'hello_goodbye_dag' retrieved from /opt/airflow/dags/hello_goodbye_dag.py
[2026-03-19T08:32:49.729+0000] {logging_mixin.py:188} INFO - [2026-03-19T08:32:49.728+0000] {dag.py:3036} INFO - Sync 1 DAGs
[2026-03-19T08:32:49.737+0000] {logging_mixin.py:188} INFO - [2026-03-19T08:32:49.737+0000] {dag.py:3823} INFO - Setting next_dagrun for hello_goodbye_dag to None, run_after=None
[2026-03-19T08:32:49.750+0000] {processor.py:183} INFO - Processing /opt/airflow/dags/hello_goodbye_dag.py took 0.059 seconds
[2026-03-19T08:34:00.777+0000] {processor.py:161} INFO - Started process (PID=177) to work on /opt/airflow/dags/hello_goodbye_dag.py
[2026-03-19T08:34:00.778+0000] {processor.py:830} INFO - Processing file /opt/airflow/dags/hello_goodbye_dag.py for tasks to queue
[2026-03-19T08:34:00.780+0000] {logging_mixin.py:188} INFO - [2026-03-19T08:34:00.780+0000] {dagbag.py:538} INFO - Filling up the DagBag from /opt/airflow/dags/hello_goodbye_dag.py
[2026-03-19T08:34:00.789+0000] {processor.py:840} INFO - DAG(s) 'hello_goodbye_dag' retrieved from /opt/airflow/dags/hello_goodbye_dag.py
[2026-03-19T08:34:00.813+0000] {logging_mixin.py:188} INFO - [2026-03-19T08:34:00.813+0000] {dag.py:3036} INFO - Sync 1 DAGs
[2026-03-19T08:34:00.826+0000] {logging_mixin.py:188} INFO - [2026-03-19T08:34:00.825+0000] {dag.py:3823} INFO - Setting next_dagrun for hello_goodbye_dag to None, run_after=None
[2026-03-19T08:34:00.844+0000] {processor.py:183} INFO - Processing /opt/airflow/dags/hello_goodbye_dag.py took 0.071 seconds
[2026-03-19T09:03:04.446+0000] {processor.py:161} INFO - Started process (PID=180) to work on /opt/airflow/dags/hello_goodbye_dag.py
[2026-03-19T09:03:04.448+0000] {processor.py:830} INFO - Processing file /opt/airflow/dags/hello_goodbye_dag.py for tasks to queue
[2026-03-19T09:03:04.450+0000] {logging_mixin.py:188} INFO - [2026-03-19T09:03:04.450+0000] {dagbag.py:538} INFO - Filling up the DagBag from /opt/airflow/dags/hello_goodbye_dag.py
[2026-03-19T09:03:04.460+0000] {processor.py:840} INFO - DAG(s) 'hello_goodbye_dag' retrieved from /opt/airflow/dags/hello_goodbye_dag.py
[2026-03-19T09:03:04.486+0000] {logging_mixin.py:188} INFO - [2026-03-19T09:03:04.485+0000] {dag.py:3036} INFO - Sync 1 DAGs
[2026-03-19T09:03:04.494+0000] {logging_mixin.py:188} INFO - [2026-03-19T09:03:04.494+0000] {dag.py:3823} INFO - Setting next_dagrun for hello_goodbye_dag to None, run_after=None
[2026-03-19T09:03:04.510+0000] {processor.py:183} INFO - Processing /opt/airflow/dags/hello_goodbye_dag.py took 0.068 seconds
[2026-03-19T09:03:34.935+0000] {processor.py:161} INFO - Started process (PID=183) to work on /opt/airflow/dags/hello_goodbye_dag.py
[2026-03-19T09:03:34.937+0000] {processor.py:830} INFO - Processing file /opt/airflow/dags/hello_goodbye_dag.py for tasks to queue
[2026-03-19T09:03:34.939+0000] {logging_mixin.py:188} INFO - [2026-03-19T09:03:34.939+0000] {dagbag.py:538} INFO - Filling up the DagBag from /opt/airflow/dags/hello_goodbye_dag.py
[2026-03-19T09:03:34.951+0000] {processor.py:840} INFO - DAG(s) 'hello_goodbye_dag' retrieved from /opt/airflow/dags/hello_goodbye_dag.py
[2026-03-19T09:03:34.975+0000] {logging_mixin.py:188} INFO - [2026-03-19T09:03:34.975+0000] {dag.py:3036} INFO - Sync 1 DAGs
[2026-03-19T09:03:34.983+0000] {logging_mixin.py:188} INFO - [2026-03-19T09:03:34.983+0000] {dag.py:3823} INFO - Setting next_dagrun for hello_goodbye_dag to None, run_after=None
[2026-03-19T09:03:35.002+0000] {processor.py:183} INFO - Processing /opt/airflow/dags/hello_goodbye_dag.py took 0.070 seconds
[2026-03-19T09:30:43.182+0000] {processor.py:161} INFO - Started process (PID=186) to work on /opt/airflow/dags/hello_goodbye_dag.py
[2026-03-19T09:30:43.183+0000] {processor.py:830} INFO - Processing file /opt/airflow/dags/hello_goodbye_dag.py for tasks to queue
[2026-03-19T09:30:43.187+0000] {logging_mixin.py:188} INFO - [2026-03-19T09:30:43.187+0000] {dagbag.py:538} INFO - Filling up the DagBag from /opt/airflow/dags/hello_goodbye_dag.py
[2026-03-19T09:30:43.201+0000] {processor.py:840} INFO - DAG(s) 'hello_goodbye_dag' retrieved from /opt/airflow/dags/hello_goodbye_dag.py
[2026-03-19T09:30:43.225+0000] {logging_mixin.py:188} INFO - [2026-03-19T09:30:43.224+0000] {dag.py:3036} INFO - Sync 1 DAGs
[2026-03-19T09:30:43.234+0000] {logging_mixin.py:188} INFO - [2026-03-19T09:30:43.234+0000] {dag.py:3823} INFO - Setting next_dagrun for hello_goodbye_dag to None, run_after=None
[2026-03-19T09:30:43.251+0000] {processor.py:183} INFO - Processing /opt/airflow/dags/hello_goodbye_dag.py took 0.072 seconds
[2026-03-19T09:33:11.773+0000] {processor.py:161} INFO - Started process (PID=189) to work on /opt/airflow/dags/hello_goodbye_dag.py
[2026-03-19T09:33:11.775+0000] {processor.py:830} INFO - Processing file /opt/airflow/dags/hello_goodbye_dag.py for tasks to queue
[2026-03-19T09:33:11.778+0000] {logging_mixin.py:188} INFO - [2026-03-19T09:33:11.778+0000] {dagbag.py:538} INFO - Filling up the DagBag from /opt/airflow/dags/hello_goodbye_dag.py
[2026-03-19T09:33:11.792+0000] {processor.py:840} INFO - DAG(s) 'hello_goodbye_dag' retrieved from /opt/airflow/dags/hello_goodbye_dag.py
[2026-03-19T09:33:11.825+0000] {logging_mixin.py:188} INFO - [2026-03-19T09:33:11.825+0000] {dag.py:3036} INFO - Sync 1 DAGs
[2026-03-19T09:33:11.836+0000] {logging_mixin.py:188} INFO - [2026-03-19T09:33:11.836+0000] {dag.py:3823} INFO - Setting next_dagrun for hello_goodbye_dag to None, run_after=None
[2026-03-19T09:33:11.860+0000] {processor.py:183} INFO - Processing /opt/airflow/dags/hello_goodbye_dag.py took 0.091 seconds
[2026-03-19T09:45:48.701+0000] {processor.py:161} INFO - Started process (PID=192) to work on /opt/airflow/dags/hello_goodbye_dag.py
[2026-03-19T09:45:48.703+0000] {processor.py:830} INFO - Processing file /opt/airflow/dags/hello_goodbye_dag.py for tasks to queue
[2026-03-19T09:45:48.705+0000] {logging_mixin.py:188} INFO - [2026-03-19T09:45:48.705+0000] {dagbag.py:538} INFO - Filling up the DagBag from /opt/airflow/dags/hello_goodbye_dag.py
[2026-03-19T09:45:48.717+0000] {processor.py:840} INFO - DAG(s) 'hello_goodbye_dag' retrieved from /opt/airflow/dags/hello_goodbye_dag.py
[2026-03-19T09:45:48.747+0000] {logging_mixin.py:188} INFO - [2026-03-19T09:45:48.746+0000] {dag.py:3036} INFO - Sync 1 DAGs
[2026-03-19T09:45:48.763+0000] {logging_mixin.py:188} INFO - [2026-03-19T09:45:48.763+0000] {dag.py:3823} INFO - Setting next_dagrun for hello_goodbye_dag to None, run_after=None
[2026-03-19T09:45:48.782+0000] {processor.py:183} INFO - Processing /opt/airflow/dags/hello_goodbye_dag.py took 0.085 seconds
[2026-03-19T09:46:19.222+0000] {processor.py:161} INFO - Started process (PID=195) to work on /opt/airflow/dags/hello_goodbye_dag.py
[2026-03-19T09:46:19.225+0000] {processor.py:830} INFO - Processing file /opt/airflow/dags/hello_goodbye_dag.py for tasks to queue
[2026-03-19T09:46:19.229+0000] {logging_mixin.py:188} INFO - [2026-03-19T09:46:19.228+0000] {dagbag.py:538} INFO - Filling up the DagBag from /opt/airflow/dags/hello_goodbye_dag.py
[2026-03-19T09:46:19.241+0000] {processor.py:840} INFO - DAG(s) 'hello_goodbye_dag' retrieved from /opt/airflow/dags/hello_goodbye_dag.py
[2026-03-19T09:46:19.268+0000] {logging_mixin.py:188} INFO - [2026-03-19T09:46:19.268+0000] {dag.py:3036} INFO - Sync 1 DAGs
[2026-03-19T09:46:19.281+0000] {logging_mixin.py:188} INFO - [2026-03-19T09:46:19.280+0000] {dag.py:3823} INFO - Setting next_dagrun for hello_goodbye_dag to None, run_after=None
[2026-03-19T09:46:19.310+0000] {processor.py:183} INFO - Processing /opt/airflow/dags/hello_goodbye_dag.py took 0.093 seconds
[2026-03-19T10:03:19.277+0000] {processor.py:161} INFO - Started process (PID=198) to work on /opt/airflow/dags/hello_goodbye_dag.py
[2026-03-19T10:03:19.279+0000] {processor.py:830} INFO - Processing file /opt/airflow/dags/hello_goodbye_dag.py for tasks to queue
[2026-03-19T10:03:19.281+0000] {logging_mixin.py:188} INFO - [2026-03-19T10:03:19.280+0000] {dagbag.py:538} INFO - Filling up the DagBag from /opt/airflow/dags/hello_goodbye_dag.py
[2026-03-19T10:03:19.293+0000] {processor.py:840} INFO - DAG(s) 'hello_goodbye_dag' retrieved from /opt/airflow/dags/hello_goodbye_dag.py
[2026-03-19T10:03:19.318+0000] {logging_mixin.py:188} INFO - [2026-03-19T10:03:19.318+0000] {dag.py:3036} INFO - Sync 1 DAGs
[2026-03-19T10:03:19.329+0000] {logging_mixin.py:188} INFO - [2026-03-19T10:03:19.328+0000] {dag.py:3823} INFO - Setting next_dagrun for hello_goodbye_dag to None, run_after=None
[2026-03-19T10:03:19.351+0000] {processor.py:183} INFO - Processing /opt/airflow/dags/hello_goodbye_dag.py took 0.077 seconds
[2026-03-19T10:03:49.781+0000] {processor.py:161} INFO - Started process (PID=201) to work on /opt/airflow/dags/hello_goodbye_dag.py
[2026-03-19T10:03:49.784+0000] {processor.py:830} INFO - Processing file /opt/airflow/dags/hello_goodbye_dag.py for tasks to queue
[2026-03-19T10:03:49.788+0000] {logging_mixin.py:188} INFO - [2026-03-19T10:03:49.786+0000] {dagbag.py:538} INFO - Filling up the DagBag from /opt/airflow/dags/hello_goodbye_dag.py
[2026-03-19T10:03:49.802+0000] {processor.py:840} INFO - DAG(s) 'hello_goodbye_dag' retrieved from /opt/airflow/dags/hello_goodbye_dag.py
[2026-03-19T10:03:49.826+0000] {logging_mixin.py:188} INFO - [2026-03-19T10:03:49.825+0000] {dag.py:3036} INFO - Sync 1 DAGs
[2026-03-19T10:03:49.833+0000] {logging_mixin.py:188} INFO - [2026-03-19T10:03:49.833+0000] {dag.py:3823} INFO - Setting next_dagrun for hello_goodbye_dag to None, run_after=None
[2026-03-19T10:03:49.850+0000] {processor.py:183} INFO - Processing /opt/airflow/dags/hello_goodbye_dag.py took 0.073 seconds
