[2026-02-26T02:27:42.851+0000] {taskinstance.py:1956} INFO - Dependencies all met for dep_context=non-requeueable deps ti=<TaskInstance: CountryCaptial_v2.transform manual__2026-02-26T02:27:39.786402+00:00 [queued]>
[2026-02-26T02:27:42.856+0000] {taskinstance.py:1956} INFO - Dependencies all met for dep_context=requeueable deps ti=<TaskInstance: CountryCaptial_v2.transform manual__2026-02-26T02:27:39.786402+00:00 [queued]>
[2026-02-26T02:27:42.856+0000] {taskinstance.py:2170} INFO - Starting attempt 1 of 1
[2026-02-26T02:27:42.863+0000] {taskinstance.py:2191} INFO - Executing <Task(_PythonDecoratedOperator): transform> on 2026-02-26 02:27:39.786402+00:00
[2026-02-26T02:27:42.866+0000] {standard_task_runner.py:60} INFO - Started process 82 to run task
[2026-02-26T02:27:42.868+0000] {standard_task_runner.py:87} INFO - Running: ['***', 'tasks', 'run', 'CountryCaptial_v2', 'transform', 'manual__2026-02-26T02:27:39.786402+00:00', '--job-id', '11', '--raw', '--subdir', 'DAGS_FOLDER/country_capital_to_snowflake_v2.py', '--cfg-path', '/tmp/tmpr48owvr2']
[2026-02-26T02:27:42.870+0000] {standard_task_runner.py:88} INFO - Job 11: Subtask transform
[2026-02-26T02:27:42.896+0000] {task_command.py:423} INFO - Running <TaskInstance: CountryCaptial_v2.transform manual__2026-02-26T02:27:39.786402+00:00 [running]> on host 922aff84b834
[2026-02-26T02:27:42.940+0000] {taskinstance.py:2480} INFO - Exporting env vars: AIRFLOW_CTX_DAG_OWNER='***' AIRFLOW_CTX_DAG_ID='CountryCaptial_v2' AIRFLOW_CTX_TASK_ID='transform' AIRFLOW_CTX_EXECUTION_DATE='2026-02-26T02:27:39.786402+00:00' AIRFLOW_CTX_TRY_NUMBER='1' AIRFLOW_CTX_DAG_RUN_ID='manual__2026-02-26T02:27:39.786402+00:00'
[2026-02-26T02:27:42.941+0000] {taskinstance.py:2698} ERROR - Task failed with exception
Traceback (most recent call last):
  File "/home/airflow/.local/lib/python3.8/site-packages/airflow/models/taskinstance.py", line 433, in _execute_task
    result = execute_callable(context=context, **execute_callable_kwargs)
  File "/home/airflow/.local/lib/python3.8/site-packages/airflow/decorators/base.py", line 241, in execute
    return_value = super().execute(context)
  File "/home/airflow/.local/lib/python3.8/site-packages/airflow/operators/python.py", line 199, in execute
    return_value = self.execute_callable()
  File "/home/airflow/.local/lib/python3.8/site-packages/airflow/operators/python.py", line 216, in execute_callable
    return self.python_callable(*self.op_args, **self.op_kwargs)
  File "/opt/airflow/dags/country_capital_to_snowflake_v2.py", line 36, in transform
    country = item["country"]
TypeError: string indices must be integers
[2026-02-26T02:27:42.945+0000] {taskinstance.py:1138} INFO - Marking task as FAILED. dag_id=CountryCaptial_v2, task_id=transform, execution_date=20260226T022739, start_date=20260226T022742, end_date=20260226T022742
[2026-02-26T02:27:42.951+0000] {standard_task_runner.py:107} ERROR - Failed to execute job 11 for task transform (string indices must be integers; 82)
[2026-02-26T02:27:42.966+0000] {local_task_job_runner.py:234} INFO - Task exited with return code 1
[2026-02-26T02:27:42.980+0000] {taskinstance.py:3280} INFO - 0 downstream tasks scheduled from follow-on schedule check
