[0m23:35:50.937875 [debug] [MainThread]: Sending event: {'category': 'dbt', 'action': 'invocation', 'label': 'start', 'context': [<snowplow_tracker.self_describing_json.SelfDescribingJson object at 0x103cc2e40>, <snowplow_tracker.self_describing_json.SelfDescribingJson object at 0x105327b10>, <snowplow_tracker.self_describing_json.SelfDescribingJson object at 0x105327c50>]}


============================== 23:35:50.941456 | c78686ea-67c4-4f2f-987d-196eb7e94031 ==============================
[0m23:35:50.941456 [info ] [MainThread]: Running with dbt=1.11.8
[0m23:35:50.941838 [debug] [MainThread]: running dbt with arguments {'log_path': 'logs', 'fail_fast': 'False', 'indirect_selection': 'eager', 'use_colors': 'True', 'empty': 'None', 'warn_error': 'None', 'use_experimental_parser': 'False', 'no_print': 'None', 'target_path': 'None', 'send_anonymous_usage_stats': 'True', 'introspect': 'True', 'quiet': 'False', 'invocation_command': 'dbt init spam_detection_dbt', 'debug': 'False', 'write_json': 'True', 'warn_error_options': 'WarnErrorOptionsV2(error=[], warn=[], silence=[])', 'log_cache_events': 'False', 'log_format': 'default', 'cache_selected_only': 'False', 'version_check': 'True', 'static_parser': 'True', 'profiles_dir': '/Users/srusti/.dbt', 'printer_width': '80', 'partial_parse': 'True'}
[0m23:35:50.953533 [debug] [MainThread]: Starter project path: /opt/anaconda3/lib/python3.13/site-packages/dbt/include/starter_project
[0m23:35:50.957853 [info ] [MainThread]: 
Your new dbt project "spam_detection_dbt" was created!

For more information on how to configure the profiles.yml file,
please consult the dbt documentation here:

  https://docs.getdbt.com/docs/configure-your-profile

One more thing:

Need help? Don't hesitate to reach out to us via GitHub issues or on Slack:

  https://community.getdbt.com/

Happy modeling!

[0m23:35:50.958071 [info ] [MainThread]: Setting up your profile.
[0m23:35:59.420746 [debug] [MainThread]: Snowflake adapter: Setting snowflake.connector to ERROR (file logging only)
[0m23:35:59.421100 [debug] [MainThread]: Snowflake adapter: Setting botocore to ERROR (file logging only)
[0m23:35:59.421285 [debug] [MainThread]: Snowflake adapter: Setting boto3 to ERROR (file logging only)
[0m23:37:14.237527 [info ] [MainThread]: Profile spam_detection_dbt written to /Users/srusti/.dbt/profiles.yml using target's profile_template.yml and your supplied values. Run 'dbt debug' to validate the connection.
[0m23:37:14.244824 [debug] [MainThread]: Resource report: {"command_name": "init", "command_success": true, "command_wall_clock_time": 83.35374, "process_in_blocks": "0", "process_kernel_time": 2.459518, "process_mem_max_rss": "214302720", "process_out_blocks": "0", "process_user_time": 1.645689}
[0m23:37:14.245440 [debug] [MainThread]: Command `dbt init` succeeded at 23:37:14.245359 after 83.35 seconds
[0m23:37:14.245690 [debug] [MainThread]: Sending event: {'category': 'dbt', 'action': 'invocation', 'label': 'end', 'context': [<snowplow_tracker.self_describing_json.SelfDescribingJson object at 0x12fe7f5c0>, <snowplow_tracker.self_describing_json.SelfDescribingJson object at 0x104ce4950>, <snowplow_tracker.self_describing_json.SelfDescribingJson object at 0x12fe439b0>]}
[0m23:37:14.245981 [debug] [MainThread]: Flushing usage events
[0m23:37:14.721880 [debug] [MainThread]: An error was encountered while trying to flush usage events
