[2026-04-19T20:12:47.369+0000] {taskinstance.py:1956} INFO - Dependencies all met for dep_context=non-requeueable deps ti=<TaskInstance: dbt_spam_pipeline.dbt_run scheduled__2026-04-18T00:00:00+00:00 [queued]>
[2026-04-19T20:12:47.374+0000] {taskinstance.py:1956} INFO - Dependencies all met for dep_context=requeueable deps ti=<TaskInstance: dbt_spam_pipeline.dbt_run scheduled__2026-04-18T00:00:00+00:00 [queued]>
[2026-04-19T20:12:47.374+0000] {taskinstance.py:2170} INFO - Starting attempt 10 of 11
[2026-04-19T20:12:47.382+0000] {taskinstance.py:2191} INFO - Executing <Task(BashOperator): dbt_run> on 2026-04-18 00:00:00+00:00
[2026-04-19T20:12:47.385+0000] {standard_task_runner.py:60} INFO - Started process 509 to run task
[2026-04-19T20:12:47.387+0000] {standard_task_runner.py:87} INFO - Running: ['***', 'tasks', 'run', 'dbt_spam_pipeline', 'dbt_run', 'scheduled__2026-04-18T00:00:00+00:00', '--job-id', '312', '--raw', '--subdir', 'DAGS_FOLDER/dbt_dag.py', '--cfg-path', '/tmp/tmp3xlhaf3j']
[2026-04-19T20:12:47.388+0000] {standard_task_runner.py:88} INFO - Job 312: Subtask dbt_run
[2026-04-19T20:12:47.420+0000] {task_command.py:423} INFO - Running <TaskInstance: dbt_spam_pipeline.dbt_run scheduled__2026-04-18T00:00:00+00:00 [running]> on host 200fc1c16217
[2026-04-19T20:12:47.469+0000] {taskinstance.py:2480} INFO - Exporting env vars: AIRFLOW_CTX_DAG_OWNER='***' AIRFLOW_CTX_DAG_ID='dbt_spam_pipeline' AIRFLOW_CTX_TASK_ID='dbt_run' AIRFLOW_CTX_EXECUTION_DATE='2026-04-18T00:00:00+00:00' AIRFLOW_CTX_TRY_NUMBER='10' AIRFLOW_CTX_DAG_RUN_ID='scheduled__2026-04-18T00:00:00+00:00'
[2026-04-19T20:12:47.470+0000] {subprocess.py:63} INFO - Tmp dir root location: /tmp
[2026-04-19T20:12:47.470+0000] {subprocess.py:75} INFO - Running command: ['/usr/bin/bash', '-c', '/usr/local/bin/dbt run --project-dir /opt/***/dags/spam_detection_dbt --profiles-dir /opt/***/dags/dbt_profiles']
[2026-04-19T20:12:47.476+0000] {subprocess.py:86} INFO - Output:
[2026-04-19T20:12:49.304+0000] {subprocess.py:93} INFO - [0m20:12:49  Running with dbt=1.8.7
[2026-04-19T20:12:50.084+0000] {subprocess.py:93} INFO - [0m20:12:50  Registered adapter: snowflake=1.8.4
[2026-04-19T20:12:50.247+0000] {subprocess.py:93} INFO - [0m20:12:50  Unable to do partial parsing because of a version mismatch
[2026-04-19T20:12:51.363+0000] {subprocess.py:93} INFO - [0m20:12:51  [[33mWARNING[0m]: Deprecated functionality
[2026-04-19T20:12:51.363+0000] {subprocess.py:93} INFO - The `tests` config has been renamed to `data_tests`. Please see
[2026-04-19T20:12:51.363+0000] {subprocess.py:93} INFO - https://docs.getdbt.com/docs/build/data-tests#new-data_tests-syntax for more
[2026-04-19T20:12:51.364+0000] {subprocess.py:93} INFO - information.
[2026-04-19T20:12:51.643+0000] {subprocess.py:93} INFO - [0m20:12:51  [[33mWARNING[0m]: Configuration paths exist in your dbt_project.yml file which do not apply to any resources.
[2026-04-19T20:12:51.644+0000] {subprocess.py:93} INFO - There are 1 unused configuration paths:
[2026-04-19T20:12:51.644+0000] {subprocess.py:93} INFO - - models.spam_detection_dbt.example
[2026-04-19T20:12:51.802+0000] {subprocess.py:93} INFO - [0m20:12:51  Found 2 models, 1 snapshot, 1 operation, 5 data tests, 1 source, 454 macros
[2026-04-19T20:12:51.804+0000] {subprocess.py:93} INFO - [0m20:12:51
[2026-04-19T20:12:54.376+0000] {subprocess.py:93} INFO - [0m20:12:54
[2026-04-19T20:12:54.377+0000] {subprocess.py:93} INFO - [0m20:12:54  Running 1 on-run-start hook
[2026-04-19T20:12:54.387+0000] {subprocess.py:93} INFO - [0m20:12:54  1 of 1 START hook: spam_detection_dbt.on-run-start.0 ........................... [RUN]
[2026-04-19T20:12:55.352+0000] {subprocess.py:93} INFO - [0m20:12:55  1 of 1 OK hook: spam_detection_dbt.on-run-start.0 .............................. [[32mSUCCESS 1[0m in 0.96s]
[2026-04-19T20:12:55.353+0000] {subprocess.py:93} INFO - [0m20:12:55
[2026-04-19T20:12:55.476+0000] {subprocess.py:93} INFO - [0m20:12:55  Concurrency: 1 threads (target='dev')
[2026-04-19T20:12:55.476+0000] {subprocess.py:93} INFO - [0m20:12:55
[2026-04-19T20:12:55.483+0000] {subprocess.py:93} INFO - [0m20:12:55  1 of 2 START sql table model PUBLIC.spam_summary ............................... [RUN]
[2026-04-19T20:12:58.217+0000] {subprocess.py:93} INFO - [0m20:12:58  1 of 2 OK created sql table model PUBLIC.spam_summary .......................... [[32mSUCCESS 1[0m in 2.73s]
[2026-04-19T20:12:58.219+0000] {subprocess.py:93} INFO - [0m20:12:58  2 of 2 START sql view model PUBLIC.stg_spam_emails ............................. [RUN]
[2026-04-19T20:13:00.040+0000] {subprocess.py:93} INFO - [0m20:13:00  2 of 2 OK created sql view model PUBLIC.stg_spam_emails ........................ [[32mSUCCESS 1[0m in 1.82s]
[2026-04-19T20:13:00.045+0000] {subprocess.py:93} INFO - [0m20:13:00
[2026-04-19T20:13:00.046+0000] {subprocess.py:93} INFO - [0m20:13:00  Finished running 1 table model, 1 view model, 1 project hook in 0 hours 0 minutes and 8.24 seconds (8.24s).
[2026-04-19T20:13:00.086+0000] {subprocess.py:93} INFO - [0m20:13:00
[2026-04-19T20:13:00.087+0000] {subprocess.py:93} INFO - [0m20:13:00  [32mCompleted successfully[0m
[2026-04-19T20:13:00.087+0000] {subprocess.py:93} INFO - [0m20:13:00
[2026-04-19T20:13:00.088+0000] {subprocess.py:93} INFO - [0m20:13:00  Done. PASS=2 WARN=0 ERROR=0 SKIP=0 TOTAL=2
[2026-04-19T20:13:00.696+0000] {subprocess.py:97} INFO - Command exited with return code 0
[2026-04-19T20:13:00.713+0000] {taskinstance.py:1138} INFO - Marking task as SUCCESS. dag_id=dbt_spam_pipeline, task_id=dbt_run, execution_date=20260418T000000, start_date=20260419T201247, end_date=20260419T201300
[2026-04-19T20:13:00.740+0000] {local_task_job_runner.py:234} INFO - Task exited with return code 0
[2026-04-19T20:13:00.756+0000] {taskinstance.py:3280} INFO - 1 downstream tasks scheduled from follow-on schedule check
