[2026-04-19T07:00:18.549+0000] {taskinstance.py:1956} INFO - Dependencies all met for dep_context=non-requeueable deps ti=<TaskInstance: dbt_spam_pipeline.dbt_run scheduled__2026-04-18T00:00:00+00:00 [queued]>
[2026-04-19T07:00:18.556+0000] {taskinstance.py:1956} INFO - Dependencies all met for dep_context=requeueable deps ti=<TaskInstance: dbt_spam_pipeline.dbt_run scheduled__2026-04-18T00:00:00+00:00 [queued]>
[2026-04-19T07:00:18.557+0000] {taskinstance.py:2170} INFO - Starting attempt 1 of 2
[2026-04-19T07:00:18.566+0000] {taskinstance.py:2191} INFO - Executing <Task(BashOperator): dbt_run> on 2026-04-18 00:00:00+00:00
[2026-04-19T07:00:18.569+0000] {standard_task_runner.py:60} INFO - Started process 320 to run task
[2026-04-19T07:00:18.571+0000] {standard_task_runner.py:87} INFO - Running: ['***', 'tasks', 'run', 'dbt_spam_pipeline', 'dbt_run', 'scheduled__2026-04-18T00:00:00+00:00', '--job-id', '266', '--raw', '--subdir', 'DAGS_FOLDER/dbt_dag.py', '--cfg-path', '/tmp/tmp0lvt0ypw']
[2026-04-19T07:00:18.572+0000] {standard_task_runner.py:88} INFO - Job 266: Subtask dbt_run
[2026-04-19T07:00:18.601+0000] {task_command.py:423} INFO - Running <TaskInstance: dbt_spam_pipeline.dbt_run scheduled__2026-04-18T00:00:00+00:00 [running]> on host 4589d7dcd571
[2026-04-19T07:00:18.643+0000] {taskinstance.py:2480} INFO - Exporting env vars: AIRFLOW_CTX_DAG_OWNER='***' AIRFLOW_CTX_DAG_ID='dbt_spam_pipeline' AIRFLOW_CTX_TASK_ID='dbt_run' AIRFLOW_CTX_EXECUTION_DATE='2026-04-18T00:00:00+00:00' AIRFLOW_CTX_TRY_NUMBER='1' AIRFLOW_CTX_DAG_RUN_ID='scheduled__2026-04-18T00:00:00+00:00'
[2026-04-19T07:00:18.644+0000] {subprocess.py:63} INFO - Tmp dir root location: /tmp
[2026-04-19T07:00:18.644+0000] {subprocess.py:75} INFO - Running command: ['/usr/bin/bash', '-c', 'cd /Users/srusti/Desktop/***-demo/spam_detection_dbt && dbt run --profiles-dir /Users/srusti/.dbt']
[2026-04-19T07:00:18.649+0000] {subprocess.py:86} INFO - Output:
[2026-04-19T07:00:18.651+0000] {subprocess.py:93} INFO - /usr/bin/bash: line 1: cd: /Users/srusti/Desktop/***-demo/spam_detection_dbt: No such file or directory
[2026-04-19T07:00:18.651+0000] {subprocess.py:97} INFO - Command exited with return code 1
[2026-04-19T07:00:18.658+0000] {taskinstance.py:2698} ERROR - Task failed with exception
Traceback (most recent call last):
  File "/home/airflow/.local/lib/python3.8/site-packages/airflow/models/taskinstance.py", line 433, in _execute_task
    result = execute_callable(context=context, **execute_callable_kwargs)
  File "/home/airflow/.local/lib/python3.8/site-packages/airflow/operators/bash.py", line 212, in execute
    raise AirflowException(
airflow.exceptions.AirflowException: Bash command failed. The command returned a non-zero exit code 1.
[2026-04-19T07:00:18.660+0000] {taskinstance.py:1138} INFO - Marking task as UP_FOR_RETRY. dag_id=dbt_spam_pipeline, task_id=dbt_run, execution_date=20260418T000000, start_date=20260419T070018, end_date=20260419T070018
[2026-04-19T07:00:18.667+0000] {standard_task_runner.py:107} ERROR - Failed to execute job 266 for task dbt_run (Bash command failed. The command returned a non-zero exit code 1.; 320)
[2026-04-19T07:00:18.713+0000] {local_task_job_runner.py:234} INFO - Task exited with return code 1
[2026-04-19T07:00:18.733+0000] {taskinstance.py:3280} INFO - 0 downstream tasks scheduled from follow-on schedule check
