[2026-04-19T07:10:35.366+0000] {taskinstance.py:1956} INFO - Dependencies all met for dep_context=non-requeueable deps ti=<TaskInstance: dbt_spam_pipeline.dbt_run manual__2026-04-19T07:04:26.982316+00:00 [queued]>
[2026-04-19T07:10:35.370+0000] {taskinstance.py:1956} INFO - Dependencies all met for dep_context=requeueable deps ti=<TaskInstance: dbt_spam_pipeline.dbt_run manual__2026-04-19T07:04:26.982316+00:00 [queued]>
[2026-04-19T07:10:35.371+0000] {taskinstance.py:2170} INFO - Starting attempt 3 of 4
[2026-04-19T07:10:35.377+0000] {taskinstance.py:2191} INFO - Executing <Task(BashOperator): dbt_run> on 2026-04-19 07:04:26.982316+00:00
[2026-04-19T07:10:35.379+0000] {standard_task_runner.py:60} INFO - Started process 75 to run task
[2026-04-19T07:10:35.382+0000] {standard_task_runner.py:87} INFO - Running: ['***', 'tasks', 'run', 'dbt_spam_pipeline', 'dbt_run', 'manual__2026-04-19T07:04:26.982316+00:00', '--job-id', '280', '--raw', '--subdir', 'DAGS_FOLDER/dbt_dag.py', '--cfg-path', '/tmp/tmpj_6m95_h']
[2026-04-19T07:10:35.382+0000] {standard_task_runner.py:88} INFO - Job 280: Subtask dbt_run
[2026-04-19T07:10:35.407+0000] {task_command.py:423} INFO - Running <TaskInstance: dbt_spam_pipeline.dbt_run manual__2026-04-19T07:04:26.982316+00:00 [running]> on host 200fc1c16217
[2026-04-19T07:10:35.444+0000] {taskinstance.py:2480} INFO - Exporting env vars: AIRFLOW_CTX_DAG_OWNER='***' AIRFLOW_CTX_DAG_ID='dbt_spam_pipeline' AIRFLOW_CTX_TASK_ID='dbt_run' AIRFLOW_CTX_EXECUTION_DATE='2026-04-19T07:04:26.982316+00:00' AIRFLOW_CTX_TRY_NUMBER='3' AIRFLOW_CTX_DAG_RUN_ID='manual__2026-04-19T07:04:26.982316+00:00'
[2026-04-19T07:10:35.445+0000] {subprocess.py:63} INFO - Tmp dir root location: /tmp
[2026-04-19T07:10:35.446+0000] {subprocess.py:75} INFO - Running command: ['/usr/bin/bash', '-c', 'cd /opt/***/dags/spam_detection_dbt && dbt run --profiles-dir /opt/***/dags/dbt_profiles']
[2026-04-19T07:10:35.451+0000] {subprocess.py:86} INFO - Output:
[2026-04-19T07:10:35.452+0000] {subprocess.py:93} INFO - /usr/bin/bash: line 1: dbt: command not found
[2026-04-19T07:10:35.452+0000] {subprocess.py:97} INFO - Command exited with return code 127
[2026-04-19T07:10:35.458+0000] {taskinstance.py:2698} ERROR - Task failed with exception
Traceback (most recent call last):
  File "/home/airflow/.local/lib/python3.8/site-packages/airflow/models/taskinstance.py", line 433, in _execute_task
    result = execute_callable(context=context, **execute_callable_kwargs)
  File "/home/airflow/.local/lib/python3.8/site-packages/airflow/operators/bash.py", line 212, in execute
    raise AirflowException(
airflow.exceptions.AirflowException: Bash command failed. The command returned a non-zero exit code 127.
[2026-04-19T07:10:35.460+0000] {taskinstance.py:1138} INFO - Marking task as UP_FOR_RETRY. dag_id=dbt_spam_pipeline, task_id=dbt_run, execution_date=20260419T070426, start_date=20260419T071035, end_date=20260419T071035
[2026-04-19T07:10:35.466+0000] {standard_task_runner.py:107} ERROR - Failed to execute job 280 for task dbt_run (Bash command failed. The command returned a non-zero exit code 127.; 75)
[2026-04-19T07:10:35.478+0000] {local_task_job_runner.py:234} INFO - Task exited with return code 1
[2026-04-19T07:10:35.492+0000] {taskinstance.py:3280} INFO - 0 downstream tasks scheduled from follow-on schedule check
