[2026-04-19T20:12:57.870+0000] {taskinstance.py:1956} INFO - Dependencies all met for dep_context=non-requeueable deps ti=<TaskInstance: dbt_spam_pipeline.dbt_run manual__2026-04-19T07:04:26.982316+00:00 [queued]>
[2026-04-19T20:12:57.875+0000] {taskinstance.py:1956} INFO - Dependencies all met for dep_context=requeueable deps ti=<TaskInstance: dbt_spam_pipeline.dbt_run manual__2026-04-19T07:04:26.982316+00:00 [queued]>
[2026-04-19T20:12:57.876+0000] {taskinstance.py:2170} INFO - Starting attempt 11 of 12
[2026-04-19T20:12:57.883+0000] {taskinstance.py:2191} INFO - Executing <Task(BashOperator): dbt_run> on 2026-04-19 07:04:26.982316+00:00
[2026-04-19T20:12:57.887+0000] {standard_task_runner.py:60} INFO - Started process 581 to run task
[2026-04-19T20:12:57.889+0000] {standard_task_runner.py:87} INFO - Running: ['***', 'tasks', 'run', 'dbt_spam_pipeline', 'dbt_run', 'manual__2026-04-19T07:04:26.982316+00:00', '--job-id', '315', '--raw', '--subdir', 'DAGS_FOLDER/dbt_dag.py', '--cfg-path', '/tmp/tmpr0qqdy6_']
[2026-04-19T20:12:57.891+0000] {standard_task_runner.py:88} INFO - Job 315: Subtask dbt_run
[2026-04-19T20:12:57.925+0000] {task_command.py:423} INFO - Running <TaskInstance: dbt_spam_pipeline.dbt_run manual__2026-04-19T07:04:26.982316+00:00 [running]> on host 200fc1c16217
[2026-04-19T20:12:57.974+0000] {taskinstance.py:2480} INFO - Exporting env vars: AIRFLOW_CTX_DAG_OWNER='***' AIRFLOW_CTX_DAG_ID='dbt_spam_pipeline' AIRFLOW_CTX_TASK_ID='dbt_run' AIRFLOW_CTX_EXECUTION_DATE='2026-04-19T07:04:26.982316+00:00' AIRFLOW_CTX_TRY_NUMBER='11' AIRFLOW_CTX_DAG_RUN_ID='manual__2026-04-19T07:04:26.982316+00:00'
[2026-04-19T20:12:57.975+0000] {subprocess.py:63} INFO - Tmp dir root location: /tmp
[2026-04-19T20:12:57.976+0000] {subprocess.py:75} INFO - Running command: ['/usr/bin/bash', '-c', '/usr/local/bin/dbt run --project-dir /opt/***/dags/spam_detection_dbt --profiles-dir /opt/***/dags/dbt_profiles']
[2026-04-19T20:12:57.982+0000] {subprocess.py:86} INFO - Output:
[2026-04-19T20:12:59.817+0000] {subprocess.py:93} INFO - [0m20:12:59  Running with dbt=1.8.7
[2026-04-19T20:13:00.643+0000] {subprocess.py:93} INFO - [0m20:13:00  Registered adapter: snowflake=1.8.4
[2026-04-19T20:13:00.821+0000] {subprocess.py:93} INFO - [0m20:13:00  [[33mWARNING[0m]: Configuration paths exist in your dbt_project.yml file which do not apply to any resources.
[2026-04-19T20:13:00.822+0000] {subprocess.py:93} INFO - There are 1 unused configuration paths:
[2026-04-19T20:13:00.824+0000] {subprocess.py:93} INFO - - models.spam_detection_dbt.example
[2026-04-19T20:13:01.089+0000] {subprocess.py:93} INFO - [0m20:13:01  Found 2 models, 1 snapshot, 1 operation, 5 data tests, 1 source, 454 macros
[2026-04-19T20:13:01.092+0000] {subprocess.py:93} INFO - [0m20:13:01
[2026-04-19T20:13:02.181+0000] {subprocess.py:93} INFO - [0m20:13:02
[2026-04-19T20:13:02.182+0000] {subprocess.py:93} INFO - [0m20:13:02  Running 1 on-run-start hook
[2026-04-19T20:13:02.192+0000] {subprocess.py:93} INFO - [0m20:13:02  1 of 1 START hook: spam_detection_dbt.on-run-start.0 ........................... [RUN]
[2026-04-19T20:13:02.575+0000] {subprocess.py:93} INFO - [0m20:13:02  1 of 1 OK hook: spam_detection_dbt.on-run-start.0 .............................. [[32mSUCCESS 1[0m in 0.38s]
[2026-04-19T20:13:02.578+0000] {subprocess.py:93} INFO - [0m20:13:02
[2026-04-19T20:13:02.699+0000] {subprocess.py:93} INFO - [0m20:13:02  Concurrency: 1 threads (target='dev')
[2026-04-19T20:13:02.702+0000] {subprocess.py:93} INFO - [0m20:13:02
[2026-04-19T20:13:02.727+0000] {subprocess.py:93} INFO - [0m20:13:02  1 of 2 START sql table model PUBLIC.spam_summary ............................... [RUN]
[2026-04-19T20:13:04.823+0000] {subprocess.py:93} INFO - [0m20:13:04  1 of 2 OK created sql table model PUBLIC.spam_summary .......................... [[32mSUCCESS 1[0m in 2.09s]
[2026-04-19T20:13:04.825+0000] {subprocess.py:93} INFO - [0m20:13:04  2 of 2 START sql view model PUBLIC.stg_spam_emails ............................. [RUN]
[2026-04-19T20:13:05.723+0000] {subprocess.py:93} INFO - [0m20:13:05  2 of 2 OK created sql view model PUBLIC.stg_spam_emails ........................ [[32mSUCCESS 1[0m in 0.89s]
[2026-04-19T20:13:05.726+0000] {subprocess.py:93} INFO - [0m20:13:05
[2026-04-19T20:13:05.726+0000] {subprocess.py:93} INFO - [0m20:13:05  Finished running 1 table model, 1 view model, 1 project hook in 0 hours 0 minutes and 4.63 seconds (4.63s).
[2026-04-19T20:13:05.764+0000] {subprocess.py:93} INFO - [0m20:13:05
[2026-04-19T20:13:05.764+0000] {subprocess.py:93} INFO - [0m20:13:05  [32mCompleted successfully[0m
[2026-04-19T20:13:05.765+0000] {subprocess.py:93} INFO - [0m20:13:05
[2026-04-19T20:13:05.765+0000] {subprocess.py:93} INFO - [0m20:13:05  Done. PASS=2 WARN=0 ERROR=0 SKIP=0 TOTAL=2
[2026-04-19T20:13:06.322+0000] {subprocess.py:97} INFO - Command exited with return code 0
[2026-04-19T20:13:06.339+0000] {taskinstance.py:1138} INFO - Marking task as SUCCESS. dag_id=dbt_spam_pipeline, task_id=dbt_run, execution_date=20260419T070426, start_date=20260419T201257, end_date=20260419T201306
[2026-04-19T20:13:06.369+0000] {local_task_job_runner.py:234} INFO - Task exited with return code 0
[2026-04-19T20:13:06.385+0000] {taskinstance.py:3280} INFO - 1 downstream tasks scheduled from follow-on schedule check
