[2026-04-19T20:12:54.168+0000] {taskinstance.py:1956} INFO - Dependencies all met for dep_context=non-requeueable deps ti=<TaskInstance: dbt_spam_pipeline.dbt_run manual__2026-04-19T07:03:38.664469+00:00 [queued]>
[2026-04-19T20:12:54.173+0000] {taskinstance.py:1956} INFO - Dependencies all met for dep_context=requeueable deps ti=<TaskInstance: dbt_spam_pipeline.dbt_run manual__2026-04-19T07:03:38.664469+00:00 [queued]>
[2026-04-19T20:12:54.173+0000] {taskinstance.py:2170} INFO - Starting attempt 9 of 10
[2026-04-19T20:12:54.181+0000] {taskinstance.py:2191} INFO - Executing <Task(BashOperator): dbt_run> on 2026-04-19 07:03:38.664469+00:00
[2026-04-19T20:12:54.183+0000] {standard_task_runner.py:60} INFO - Started process 554 to run task
[2026-04-19T20:12:54.186+0000] {standard_task_runner.py:87} INFO - Running: ['***', 'tasks', 'run', 'dbt_spam_pipeline', 'dbt_run', 'manual__2026-04-19T07:03:38.664469+00:00', '--job-id', '314', '--raw', '--subdir', 'DAGS_FOLDER/dbt_dag.py', '--cfg-path', '/tmp/tmp179cd4vg']
[2026-04-19T20:12:54.188+0000] {standard_task_runner.py:88} INFO - Job 314: Subtask dbt_run
[2026-04-19T20:12:54.224+0000] {task_command.py:423} INFO - Running <TaskInstance: dbt_spam_pipeline.dbt_run manual__2026-04-19T07:03:38.664469+00:00 [running]> on host 200fc1c16217
[2026-04-19T20:12:54.275+0000] {taskinstance.py:2480} INFO - Exporting env vars: AIRFLOW_CTX_DAG_OWNER='***' AIRFLOW_CTX_DAG_ID='dbt_spam_pipeline' AIRFLOW_CTX_TASK_ID='dbt_run' AIRFLOW_CTX_EXECUTION_DATE='2026-04-19T07:03:38.664469+00:00' AIRFLOW_CTX_TRY_NUMBER='9' AIRFLOW_CTX_DAG_RUN_ID='manual__2026-04-19T07:03:38.664469+00:00'
[2026-04-19T20:12:54.276+0000] {subprocess.py:63} INFO - Tmp dir root location: /tmp
[2026-04-19T20:12:54.277+0000] {subprocess.py:75} INFO - Running command: ['/usr/bin/bash', '-c', '/usr/local/bin/dbt run --project-dir /opt/***/dags/spam_detection_dbt --profiles-dir /opt/***/dags/dbt_profiles']
[2026-04-19T20:12:54.282+0000] {subprocess.py:86} INFO - Output:
[2026-04-19T20:12:56.105+0000] {subprocess.py:93} INFO - [0m20:12:56  Running with dbt=1.8.7
[2026-04-19T20:12:56.860+0000] {subprocess.py:93} INFO - [0m20:12:56  Registered adapter: snowflake=1.8.4
[2026-04-19T20:12:57.023+0000] {subprocess.py:93} INFO - [0m20:12:57  [[33mWARNING[0m]: Configuration paths exist in your dbt_project.yml file which do not apply to any resources.
[2026-04-19T20:12:57.024+0000] {subprocess.py:93} INFO - There are 1 unused configuration paths:
[2026-04-19T20:12:57.024+0000] {subprocess.py:93} INFO - - models.spam_detection_dbt.example
[2026-04-19T20:12:57.306+0000] {subprocess.py:93} INFO - [0m20:12:57  Found 2 models, 1 snapshot, 1 operation, 5 data tests, 1 source, 454 macros
[2026-04-19T20:12:57.308+0000] {subprocess.py:93} INFO - [0m20:12:57
[2026-04-19T20:12:58.283+0000] {subprocess.py:93} INFO - [0m20:12:58
[2026-04-19T20:12:58.283+0000] {subprocess.py:93} INFO - [0m20:12:58  Running 1 on-run-start hook
[2026-04-19T20:12:58.293+0000] {subprocess.py:93} INFO - [0m20:12:58  1 of 1 START hook: spam_detection_dbt.on-run-start.0 ........................... [RUN]
[2026-04-19T20:12:58.778+0000] {subprocess.py:93} INFO - [0m20:12:58  1 of 1 OK hook: spam_detection_dbt.on-run-start.0 .............................. [[32mSUCCESS 1[0m in 0.48s]
[2026-04-19T20:12:58.779+0000] {subprocess.py:93} INFO - [0m20:12:58
[2026-04-19T20:12:59.814+0000] {subprocess.py:93} INFO - [0m20:12:59  Concurrency: 1 threads (target='dev')
[2026-04-19T20:12:59.814+0000] {subprocess.py:93} INFO - [0m20:12:59
[2026-04-19T20:12:59.821+0000] {subprocess.py:93} INFO - [0m20:12:59  1 of 2 START sql table model PUBLIC.spam_summary ............................... [RUN]
[2026-04-19T20:13:01.537+0000] {subprocess.py:93} INFO - [0m20:13:01  1 of 2 OK created sql table model PUBLIC.spam_summary .......................... [[32mSUCCESS 1[0m in 1.71s]
[2026-04-19T20:13:01.539+0000] {subprocess.py:93} INFO - [0m20:13:01  2 of 2 START sql view model PUBLIC.stg_spam_emails ............................. [RUN]
[2026-04-19T20:13:02.575+0000] {subprocess.py:93} INFO - [0m20:13:02  2 of 2 OK created sql view model PUBLIC.stg_spam_emails ........................ [[32mSUCCESS 1[0m in 1.03s]
[2026-04-19T20:13:02.579+0000] {subprocess.py:93} INFO - [0m20:13:02
[2026-04-19T20:13:02.580+0000] {subprocess.py:93} INFO - [0m20:13:02  Finished running 1 table model, 1 view model, 1 project hook in 0 hours 0 minutes and 5.27 seconds (5.27s).
[2026-04-19T20:13:02.616+0000] {subprocess.py:93} INFO - [0m20:13:02
[2026-04-19T20:13:02.616+0000] {subprocess.py:93} INFO - [0m20:13:02  [32mCompleted successfully[0m
[2026-04-19T20:13:02.617+0000] {subprocess.py:93} INFO - [0m20:13:02
[2026-04-19T20:13:02.617+0000] {subprocess.py:93} INFO - [0m20:13:02  Done. PASS=2 WARN=0 ERROR=0 SKIP=0 TOTAL=2
[2026-04-19T20:13:03.186+0000] {subprocess.py:97} INFO - Command exited with return code 0
[2026-04-19T20:13:03.202+0000] {taskinstance.py:1138} INFO - Marking task as SUCCESS. dag_id=dbt_spam_pipeline, task_id=dbt_run, execution_date=20260419T070338, start_date=20260419T201254, end_date=20260419T201303
[2026-04-19T20:13:03.250+0000] {local_task_job_runner.py:234} INFO - Task exited with return code 0
[2026-04-19T20:13:03.271+0000] {taskinstance.py:3280} INFO - 1 downstream tasks scheduled from follow-on schedule check
