[2026-02-25T07:50:40.126+0000] {taskinstance.py:1956} INFO - Dependencies all met for dep_context=non-requeueable deps ti=<TaskInstance: CountryCaptial_v2.load manual__2026-02-25T07:50:34.669095+00:00 [queued]>
[2026-02-25T07:50:40.132+0000] {taskinstance.py:1956} INFO - Dependencies all met for dep_context=requeueable deps ti=<TaskInstance: CountryCaptial_v2.load manual__2026-02-25T07:50:34.669095+00:00 [queued]>
[2026-02-25T07:50:40.132+0000] {taskinstance.py:2170} INFO - Starting attempt 1 of 1
[2026-02-25T07:50:40.141+0000] {taskinstance.py:2191} INFO - Executing <Task(_PythonDecoratedOperator): load> on 2026-02-25 07:50:34.669095+00:00
[2026-02-25T07:50:40.144+0000] {standard_task_runner.py:60} INFO - Started process 198 to run task
[2026-02-25T07:50:40.147+0000] {standard_task_runner.py:87} INFO - Running: ['***', 'tasks', 'run', 'CountryCaptial_v2', 'load', 'manual__2026-02-25T07:50:34.669095+00:00', '--job-id', '153', '--raw', '--subdir', 'DAGS_FOLDER/country_capital_to_snowflake_v2.py', '--cfg-path', '/tmp/tmparhxnhdj']
[2026-02-25T07:50:40.148+0000] {standard_task_runner.py:88} INFO - Job 153: Subtask load
[2026-02-25T07:50:40.180+0000] {task_command.py:423} INFO - Running <TaskInstance: CountryCaptial_v2.load manual__2026-02-25T07:50:34.669095+00:00 [running]> on host ccd4da2fded6
[2026-02-25T07:50:40.234+0000] {taskinstance.py:2480} INFO - Exporting env vars: AIRFLOW_CTX_DAG_OWNER='***' AIRFLOW_CTX_DAG_ID='CountryCaptial_v2' AIRFLOW_CTX_TASK_ID='load' AIRFLOW_CTX_EXECUTION_DATE='2026-02-25T07:50:34.669095+00:00' AIRFLOW_CTX_TRY_NUMBER='1' AIRFLOW_CTX_DAG_RUN_ID='manual__2026-02-25T07:50:34.669095+00:00'
[2026-02-25T07:50:40.240+0000] {base.py:83} INFO - Using connection ID 'snowflake_conn' for task execution.
[2026-02-25T07:50:40.241+0000] {connection.py:370} INFO - Snowflake Connector for Python Version: 3.6.0, Python Version: 3.8.18, Platform: Linux-6.12.68-linuxkit-aarch64-with-glibc2.34
[2026-02-25T07:50:40.242+0000] {connection.py:1171} INFO - This connection is in OCSP Fail Open Mode. TLS Certificates would be checked for validity and revocation status. Any other Certificate Revocation related exceptions or OCSP Responder failures would be disregarded in favor of connectivity.
[2026-02-25T07:50:40.694+0000] {cursor.py:1028} INFO - query: [BEGIN;]
[2026-02-25T07:50:40.913+0000] {cursor.py:1041} INFO - query execution done
[2026-02-25T07:50:40.915+0000] {cursor.py:1205} INFO - Number of results in first chunk: 1
[2026-02-25T07:50:40.917+0000] {cursor.py:1028} INFO - query: [CREATE TABLE IF NOT EXISTS raw.country_capital (country varchar primary key, cap...]
[2026-02-25T07:50:41.031+0000] {cursor.py:1041} INFO - query execution done
[2026-02-25T07:50:41.035+0000] {cursor.py:1028} INFO - query: [ROLLBACK;]
[2026-02-25T07:50:41.277+0000] {cursor.py:1041} INFO - query execution done
[2026-02-25T07:50:41.279+0000] {cursor.py:1205} INFO - Number of results in first chunk: 1
[2026-02-25T07:50:41.280+0000] {logging_mixin.py:188} INFO - 090105 (22000): 01c2a4f6-0307-e0ac-001b-e5430025456e: Cannot perform CREATE TABLE. This session does not have a current database. Call 'USE DATABASE', or use a qualified name.
[2026-02-25T07:50:41.283+0000] {taskinstance.py:2698} ERROR - Task failed with exception
Traceback (most recent call last):
  File "/home/airflow/.local/lib/python3.8/site-packages/airflow/models/taskinstance.py", line 433, in _execute_task
    result = execute_callable(context=context, **execute_callable_kwargs)
  File "/home/airflow/.local/lib/python3.8/site-packages/airflow/decorators/base.py", line 241, in execute
    return_value = super().execute(context)
  File "/home/airflow/.local/lib/python3.8/site-packages/airflow/operators/python.py", line 199, in execute
    return_value = self.execute_callable()
  File "/home/airflow/.local/lib/python3.8/site-packages/airflow/operators/python.py", line 216, in execute_callable
    return self.python_callable(*self.op_args, **self.op_kwargs)
  File "/opt/airflow/dags/country_capital_to_snowflake_v2.py", line 59, in load
    raise e
  File "/opt/airflow/dags/country_capital_to_snowflake_v2.py", line 46, in load
    cur.execute(f"CREATE TABLE IF NOT EXISTS {target_table} (country varchar primary key, capital varchar);")
  File "/home/airflow/.local/lib/python3.8/site-packages/snowflake/connector/cursor.py", line 1132, in execute
    Error.errorhandler_wrapper(self.connection, self, error_class, errvalue)
  File "/home/airflow/.local/lib/python3.8/site-packages/snowflake/connector/errors.py", line 290, in errorhandler_wrapper
    handed_over = Error.hand_to_other_handler(
  File "/home/airflow/.local/lib/python3.8/site-packages/snowflake/connector/errors.py", line 345, in hand_to_other_handler
    cursor.errorhandler(connection, cursor, error_class, error_value)
  File "/home/airflow/.local/lib/python3.8/site-packages/snowflake/connector/errors.py", line 221, in default_errorhandler
    raise error_class(
snowflake.connector.errors.ProgrammingError: 090105 (22000): 01c2a4f6-0307-e0ac-001b-e5430025456e: Cannot perform CREATE TABLE. This session does not have a current database. Call 'USE DATABASE', or use a qualified name.
[2026-02-25T07:50:41.296+0000] {taskinstance.py:1138} INFO - Marking task as FAILED. dag_id=CountryCaptial_v2, task_id=load, execution_date=20260225T075034, start_date=20260225T075040, end_date=20260225T075041
[2026-02-25T07:50:41.313+0000] {standard_task_runner.py:107} ERROR - Failed to execute job 153 for task load (090105 (22000): 01c2a4f6-0307-e0ac-001b-e5430025456e: Cannot perform CREATE TABLE. This session does not have a current database. Call 'USE DATABASE', or use a qualified name.; 198)
[2026-02-25T07:50:41.339+0000] {local_task_job_runner.py:234} INFO - Task exited with return code 1
[2026-02-25T07:50:41.356+0000] {taskinstance.py:3280} INFO - 0 downstream tasks scheduled from follow-on schedule check
