[2026-04-27T18:02:55.915+0000] {taskinstance.py:1956} INFO - Dependencies all met for dep_context=non-requeueable deps ti=<TaskInstance: pinecone_medium_articles.create_index manual__2026-04-27T18:00:53.488073+00:00 [queued]>
[2026-04-27T18:02:55.920+0000] {taskinstance.py:1956} INFO - Dependencies all met for dep_context=requeueable deps ti=<TaskInstance: pinecone_medium_articles.create_index manual__2026-04-27T18:00:53.488073+00:00 [queued]>
[2026-04-27T18:02:55.920+0000] {taskinstance.py:2170} INFO - Starting attempt 2 of 2
[2026-04-27T18:02:55.926+0000] {taskinstance.py:2191} INFO - Executing <Task(_PythonDecoratedOperator): create_index> on 2026-04-27 18:00:53.488073+00:00
[2026-04-27T18:02:55.929+0000] {standard_task_runner.py:60} INFO - Started process 161 to run task
[2026-04-27T18:02:55.931+0000] {standard_task_runner.py:87} INFO - Running: ['***', 'tasks', 'run', 'pinecone_medium_articles', 'create_index', 'manual__2026-04-27T18:00:53.488073+00:00', '--job-id', '95', '--raw', '--subdir', 'DAGS_FOLDER/pinecone_medium_dag.py', '--cfg-path', '/tmp/tmp8tz1ngml']
[2026-04-27T18:02:55.933+0000] {standard_task_runner.py:88} INFO - Job 95: Subtask create_index
[2026-04-27T18:02:55.960+0000] {task_command.py:423} INFO - Running <TaskInstance: pinecone_medium_articles.create_index manual__2026-04-27T18:00:53.488073+00:00 [running]> on host 147c4a740a5a
[2026-04-27T18:02:56.100+0000] {taskinstance.py:2480} INFO - Exporting env vars: AIRFLOW_CTX_DAG_OWNER='***' AIRFLOW_CTX_DAG_ID='pinecone_medium_articles' AIRFLOW_CTX_TASK_ID='create_index' AIRFLOW_CTX_EXECUTION_DATE='2026-04-27T18:00:53.488073+00:00' AIRFLOW_CTX_TRY_NUMBER='2' AIRFLOW_CTX_DAG_RUN_ID='manual__2026-04-27T18:00:53.488073+00:00'
[2026-04-27T18:02:56.101+0000] {taskinstance.py:2698} ERROR - Task failed with exception
Traceback (most recent call last):
  File "/home/airflow/.local/lib/python3.8/site-packages/airflow/models/taskinstance.py", line 433, in _execute_task
    result = execute_callable(context=context, **execute_callable_kwargs)
  File "/home/airflow/.local/lib/python3.8/site-packages/airflow/decorators/base.py", line 241, in execute
    return_value = super().execute(context)
  File "/home/airflow/.local/lib/python3.8/site-packages/airflow/operators/python.py", line 199, in execute
    return_value = self.execute_callable()
  File "/home/airflow/.local/lib/python3.8/site-packages/airflow/operators/python.py", line 216, in execute_callable
    return self.python_callable(*self.op_args, **self.op_kwargs)
  File "/opt/airflow/dags/pinecone_medium_dag.py", line 68, in create_index
    from pinecone import Pinecone, ServerlessSpec
ModuleNotFoundError: No module named 'pinecone'
[2026-04-27T18:02:56.105+0000] {taskinstance.py:1138} INFO - Marking task as FAILED. dag_id=pinecone_medium_articles, task_id=create_index, execution_date=20260427T180053, start_date=20260427T180255, end_date=20260427T180256
[2026-04-27T18:02:56.110+0000] {standard_task_runner.py:107} ERROR - Failed to execute job 95 for task create_index (No module named 'pinecone'; 161)
[2026-04-27T18:02:56.151+0000] {local_task_job_runner.py:234} INFO - Task exited with return code 1
[2026-04-27T18:02:56.259+0000] {taskinstance.py:3280} INFO - 0 downstream tasks scheduled from follow-on schedule check
