[2026-04-23T02:18:17.644+0000] {taskinstance.py:1956} INFO - Dependencies all met for dep_context=non-requeueable deps ti=<TaskInstance: BuildELT_dbt.dbt_run manual__2026-04-23T02:15:38.031390+00:00 [queued]>
[2026-04-23T02:18:17.649+0000] {taskinstance.py:1956} INFO - Dependencies all met for dep_context=requeueable deps ti=<TaskInstance: BuildELT_dbt.dbt_run manual__2026-04-23T02:15:38.031390+00:00 [queued]>
[2026-04-23T02:18:17.649+0000] {taskinstance.py:2170} INFO - Starting attempt 2 of 2
[2026-04-23T02:18:17.656+0000] {taskinstance.py:2191} INFO - Executing <Task(BashOperator): dbt_run> on 2026-04-23 02:15:38.031390+00:00
[2026-04-23T02:18:17.658+0000] {standard_task_runner.py:60} INFO - Started process 208 to run task
[2026-04-23T02:18:17.660+0000] {standard_task_runner.py:87} INFO - Running: ['***', 'tasks', 'run', 'BuildELT_dbt', 'dbt_run', 'manual__2026-04-23T02:15:38.031390+00:00', '--job-id', '80', '--raw', '--subdir', 'DAGS_FOLDER/build_elt_with_dbt.py', '--cfg-path', '/tmp/tmpv8bl23jd']
[2026-04-23T02:18:17.661+0000] {standard_task_runner.py:88} INFO - Job 80: Subtask dbt_run
[2026-04-23T02:18:17.688+0000] {task_command.py:423} INFO - Running <TaskInstance: BuildELT_dbt.dbt_run manual__2026-04-23T02:15:38.031390+00:00 [running]> on host 1219c1a366d7
[2026-04-23T02:18:17.729+0000] {taskinstance.py:2480} INFO - Exporting env vars: AIRFLOW_CTX_DAG_OWNER='***' AIRFLOW_CTX_DAG_ID='BuildELT_dbt' AIRFLOW_CTX_TASK_ID='dbt_run' AIRFLOW_CTX_EXECUTION_DATE='2026-04-23T02:15:38.031390+00:00' AIRFLOW_CTX_TRY_NUMBER='2' AIRFLOW_CTX_DAG_RUN_ID='manual__2026-04-23T02:15:38.031390+00:00'
[2026-04-23T02:18:17.730+0000] {subprocess.py:63} INFO - Tmp dir root location: /tmp
[2026-04-23T02:18:17.730+0000] {subprocess.py:75} INFO - Running command: ['/usr/bin/bash', '-c', '/home/***/.local/bin/dbt run --profiles-dir /opt/***/dbt --project-dir /opt/***/dbt']
[2026-04-23T02:18:17.735+0000] {subprocess.py:86} INFO - Output:
[2026-04-23T02:18:19.536+0000] {subprocess.py:93} INFO - [0m02:18:19  Running with dbt=1.8.7
[2026-04-23T02:18:20.257+0000] {subprocess.py:93} INFO - [0m02:18:20  Running with dbt=1.8.7
[2026-04-23T02:18:20.328+0000] {subprocess.py:93} INFO - [0m02:18:20  Registered adapter: snowflake=1.8.4
[2026-04-23T02:18:20.480+0000] {subprocess.py:93} INFO - [0m02:18:20  [[33mWARNING[0m]: Configuration paths exist in your dbt_project.yml file which do not apply to any resources.
[2026-04-23T02:18:20.480+0000] {subprocess.py:93} INFO - There are 1 unused configuration paths:
[2026-04-23T02:18:20.480+0000] {subprocess.py:93} INFO - - models.spam_detection_dbt.example
[2026-04-23T02:18:20.724+0000] {subprocess.py:93} INFO - [0m02:18:20  Found 2 models, 1 snapshot, 1 operation, 5 data tests, 1 source, 454 macros
[2026-04-23T02:18:20.725+0000] {subprocess.py:93} INFO - [0m02:18:20
[2026-04-23T02:18:22.624+0000] {subprocess.py:93} INFO - [0m02:18:22
[2026-04-23T02:18:22.624+0000] {subprocess.py:93} INFO - [0m02:18:22  Running 1 on-run-start hook
[2026-04-23T02:18:22.634+0000] {subprocess.py:93} INFO - [0m02:18:22  1 of 1 START hook: spam_detection_dbt.on-run-start.0 ........................... [RUN]
[2026-04-23T02:18:23.154+0000] {subprocess.py:93} INFO - [0m02:18:23  1 of 1 OK hook: spam_detection_dbt.on-run-start.0 .............................. [[32mSUCCESS 1[0m in 0.52s]
[2026-04-23T02:18:23.155+0000] {subprocess.py:93} INFO - [0m02:18:23
[2026-04-23T02:18:23.291+0000] {subprocess.py:93} INFO - [0m02:18:23  Concurrency: 1 threads (target='dev')
[2026-04-23T02:18:23.291+0000] {subprocess.py:93} INFO - [0m02:18:23
[2026-04-23T02:18:23.298+0000] {subprocess.py:93} INFO - [0m02:18:23  1 of 2 START sql table model PUBLIC.spam_summary ............................... [RUN]
[2026-04-23T02:18:25.989+0000] {subprocess.py:93} INFO - [0m02:18:25  1 of 2 OK created sql table model PUBLIC.spam_summary .......................... [[32mSUCCESS 1[0m in 2.69s]
[2026-04-23T02:18:25.990+0000] {subprocess.py:93} INFO - [0m02:18:25  2 of 2 START sql view model PUBLIC.stg_spam_emails ............................. [RUN]
[2026-04-23T02:18:27.769+0000] {subprocess.py:93} INFO - [0m02:18:27  2 of 2 OK created sql view model PUBLIC.stg_spam_emails ........................ [[32mSUCCESS 1[0m in 1.78s]
[2026-04-23T02:18:27.771+0000] {subprocess.py:93} INFO - [0m02:18:27
[2026-04-23T02:18:27.772+0000] {subprocess.py:93} INFO - [0m02:18:27  Finished running 1 table model, 1 view model, 1 project hook in 0 hours 0 minutes and 7.05 seconds (7.05s).
[2026-04-23T02:18:27.799+0000] {subprocess.py:93} INFO - [0m02:18:27
[2026-04-23T02:18:27.799+0000] {subprocess.py:93} INFO - [0m02:18:27  [32mCompleted successfully[0m
[2026-04-23T02:18:27.799+0000] {subprocess.py:93} INFO - [0m02:18:27
[2026-04-23T02:18:27.799+0000] {subprocess.py:93} INFO - [0m02:18:27  Done. PASS=2 WARN=0 ERROR=0 SKIP=0 TOTAL=2
[2026-04-23T02:18:28.175+0000] {subprocess.py:93} INFO - [0m02:18:28  Encountered an error:
[2026-04-23T02:18:28.176+0000] {subprocess.py:93} INFO - 0
[2026-04-23T02:18:28.177+0000] {subprocess.py:93} INFO - [0m02:18:28  Traceback (most recent call last):
[2026-04-23T02:18:28.178+0000] {subprocess.py:93} INFO -   File "/usr/local/lib/python3.8/click/core.py", line 1092, in main
[2026-04-23T02:18:28.178+0000] {subprocess.py:93} INFO -     ctx.exit()
[2026-04-23T02:18:28.179+0000] {subprocess.py:93} INFO -   File "/usr/local/lib/python3.8/click/core.py", line 699, in exit
[2026-04-23T02:18:28.179+0000] {subprocess.py:93} INFO -     raise Exit(code)
[2026-04-23T02:18:28.179+0000] {subprocess.py:93} INFO - click.exceptions.Exit: 0
[2026-04-23T02:18:28.180+0000] {subprocess.py:93} INFO - 
[2026-04-23T02:18:28.180+0000] {subprocess.py:93} INFO - During handling of the above exception, another exception occurred:
[2026-04-23T02:18:28.180+0000] {subprocess.py:93} INFO - 
[2026-04-23T02:18:28.180+0000] {subprocess.py:93} INFO - Traceback (most recent call last):
[2026-04-23T02:18:28.181+0000] {subprocess.py:93} INFO -   File "/usr/local/lib/dbt_runner.py", line 7, in <module>
[2026-04-23T02:18:28.182+0000] {subprocess.py:93} INFO -     cli(standalone_mode=True)
[2026-04-23T02:18:28.182+0000] {subprocess.py:93} INFO -   File "/usr/local/lib/python3.8/click/core.py", line 1161, in __call__
[2026-04-23T02:18:28.183+0000] {subprocess.py:93} INFO -     return self.main(*args, **kwargs)
[2026-04-23T02:18:28.183+0000] {subprocess.py:93} INFO -   File "/usr/local/lib/python3.8/click/core.py", line 1110, in main
[2026-04-23T02:18:28.184+0000] {subprocess.py:93} INFO -     sys.exit(e.exit_code)
[2026-04-23T02:18:28.184+0000] {subprocess.py:93} INFO - SystemExit: 0
[2026-04-23T02:18:28.185+0000] {subprocess.py:93} INFO - 
[2026-04-23T02:18:28.185+0000] {subprocess.py:93} INFO - During handling of the above exception, another exception occurred:
[2026-04-23T02:18:28.185+0000] {subprocess.py:93} INFO - 
[2026-04-23T02:18:28.185+0000] {subprocess.py:93} INFO - Traceback (most recent call last):
[2026-04-23T02:18:28.186+0000] {subprocess.py:93} INFO -   File "/usr/local/lib/python3.8/dbt/cli/requires.py", line 138, in wrapper
[2026-04-23T02:18:28.186+0000] {subprocess.py:93} INFO -     result, success = func(*args, **kwargs)
[2026-04-23T02:18:28.186+0000] {subprocess.py:93} INFO -   File "/usr/local/lib/python3.8/dbt/cli/requires.py", line 101, in wrapper
[2026-04-23T02:18:28.186+0000] {subprocess.py:93} INFO -     return func(*args, **kwargs)
[2026-04-23T02:18:28.187+0000] {subprocess.py:93} INFO -   File "/usr/local/lib/python3.8/dbt/cli/requires.py", line 218, in wrapper
[2026-04-23T02:18:28.187+0000] {subprocess.py:93} INFO -     return func(*args, **kwargs)
[2026-04-23T02:18:28.187+0000] {subprocess.py:93} INFO -   File "/usr/local/lib/python3.8/dbt/cli/requires.py", line 240, in wrapper
[2026-04-23T02:18:28.187+0000] {subprocess.py:93} INFO -     set_up_plugin_manager(project_name=project.project_name)
[2026-04-23T02:18:28.188+0000] {subprocess.py:93} INFO -   File "/usr/local/lib/python3.8/dbt/plugins/__init__.py", line 14, in set_up_plugin_manager
[2026-04-23T02:18:28.188+0000] {subprocess.py:93} INFO -     PLUGIN_MANAGER = PluginManager.from_modules(project_name)
[2026-04-23T02:18:28.188+0000] {subprocess.py:93} INFO -   File "/usr/local/lib/python3.8/dbt/plugins/manager.py", line 120, in from_modules
[2026-04-23T02:18:28.189+0000] {subprocess.py:93} INFO -     discovered_dbt_modules = cls.get_prefixed_modules()
[2026-04-23T02:18:28.189+0000] {subprocess.py:93} INFO -   File "/usr/local/lib/python3.8/dbt/plugins/manager.py", line 136, in get_prefixed_modules
[2026-04-23T02:18:28.189+0000] {subprocess.py:93} INFO -     return {
[2026-04-23T02:18:28.190+0000] {subprocess.py:93} INFO -   File "/usr/local/lib/python3.8/dbt/plugins/manager.py", line 137, in <dictcomp>
[2026-04-23T02:18:28.190+0000] {subprocess.py:93} INFO -     name: importlib.import_module(name)
[2026-04-23T02:18:28.190+0000] {subprocess.py:93} INFO -   File "/usr/local/lib/python3.8/importlib/__init__.py", line 127, in import_module
[2026-04-23T02:18:28.190+0000] {subprocess.py:93} INFO -     return _bootstrap._gcd_import(name[level:], package, level)
[2026-04-23T02:18:28.191+0000] {subprocess.py:93} INFO -   File "<frozen importlib._bootstrap>", line 1014, in _gcd_import
[2026-04-23T02:18:28.191+0000] {subprocess.py:93} INFO -   File "<frozen importlib._bootstrap>", line 991, in _find_and_load
[2026-04-23T02:18:28.191+0000] {subprocess.py:93} INFO -   File "<frozen importlib._bootstrap>", line 975, in _find_and_load_unlocked
[2026-04-23T02:18:28.192+0000] {subprocess.py:93} INFO -   File "<frozen importlib._bootstrap>", line 671, in _load_unlocked
[2026-04-23T02:18:28.192+0000] {subprocess.py:93} INFO -   File "<frozen importlib._bootstrap_external>", line 843, in exec_module
[2026-04-23T02:18:28.192+0000] {subprocess.py:93} INFO -   File "<frozen importlib._bootstrap>", line 219, in _call_with_frames_removed
[2026-04-23T02:18:28.192+0000] {subprocess.py:93} INFO -   File "/usr/local/lib/dbt_runner.py", line 9, in <module>
[2026-04-23T02:18:28.193+0000] {subprocess.py:93} INFO -     sys.exit(0 if e.code == 0 else e.code)
[2026-04-23T02:18:28.193+0000] {subprocess.py:93} INFO - SystemExit: 0
[2026-04-23T02:18:28.193+0000] {subprocess.py:93} INFO - 
[2026-04-23T02:18:28.838+0000] {subprocess.py:97} INFO - Command exited with return code 0
[2026-04-23T02:18:28.855+0000] {taskinstance.py:1138} INFO - Marking task as SUCCESS. dag_id=BuildELT_dbt, task_id=dbt_run, execution_date=20260423T021538, start_date=20260423T021817, end_date=20260423T021828
[2026-04-23T02:18:28.869+0000] {local_task_job_runner.py:234} INFO - Task exited with return code 0
[2026-04-23T02:18:28.882+0000] {taskinstance.py:3280} INFO - 1 downstream tasks scheduled from follow-on schedule check
