[2026-04-19T20:13:05.632+0000] {taskinstance.py:1956} INFO - Dependencies all met for dep_context=non-requeueable deps ti=<TaskInstance: dbt_spam_pipeline.dbt_run manual__2026-04-19T20:04:39.975431+00:00 [queued]>
[2026-04-19T20:13:05.638+0000] {taskinstance.py:1956} INFO - Dependencies all met for dep_context=requeueable deps ti=<TaskInstance: dbt_spam_pipeline.dbt_run manual__2026-04-19T20:04:39.975431+00:00 [queued]>
[2026-04-19T20:13:05.639+0000] {taskinstance.py:2170} INFO - Starting attempt 3 of 4
[2026-04-19T20:13:05.646+0000] {taskinstance.py:2191} INFO - Executing <Task(BashOperator): dbt_run> on 2026-04-19 20:04:39.975431+00:00
[2026-04-19T20:13:05.649+0000] {standard_task_runner.py:60} INFO - Started process 668 to run task
[2026-04-19T20:13:05.652+0000] {standard_task_runner.py:87} INFO - Running: ['***', 'tasks', 'run', 'dbt_spam_pipeline', 'dbt_run', 'manual__2026-04-19T20:04:39.975431+00:00', '--job-id', '320', '--raw', '--subdir', 'DAGS_FOLDER/dbt_dag.py', '--cfg-path', '/tmp/tmp67urnr3w']
[2026-04-19T20:13:05.653+0000] {standard_task_runner.py:88} INFO - Job 320: Subtask dbt_run
[2026-04-19T20:13:05.688+0000] {task_command.py:423} INFO - Running <TaskInstance: dbt_spam_pipeline.dbt_run manual__2026-04-19T20:04:39.975431+00:00 [running]> on host 200fc1c16217
[2026-04-19T20:13:05.734+0000] {taskinstance.py:2480} INFO - Exporting env vars: AIRFLOW_CTX_DAG_OWNER='***' AIRFLOW_CTX_DAG_ID='dbt_spam_pipeline' AIRFLOW_CTX_TASK_ID='dbt_run' AIRFLOW_CTX_EXECUTION_DATE='2026-04-19T20:04:39.975431+00:00' AIRFLOW_CTX_TRY_NUMBER='3' AIRFLOW_CTX_DAG_RUN_ID='manual__2026-04-19T20:04:39.975431+00:00'
[2026-04-19T20:13:05.736+0000] {subprocess.py:63} INFO - Tmp dir root location: /tmp
[2026-04-19T20:13:05.737+0000] {subprocess.py:75} INFO - Running command: ['/usr/bin/bash', '-c', '/usr/local/bin/dbt run --project-dir /opt/***/dags/spam_detection_dbt --profiles-dir /opt/***/dags/dbt_profiles']
[2026-04-19T20:13:05.743+0000] {subprocess.py:86} INFO - Output:
[2026-04-19T20:13:07.618+0000] {subprocess.py:93} INFO - [0m20:13:07  Running with dbt=1.8.7
[2026-04-19T20:13:08.402+0000] {subprocess.py:93} INFO - [0m20:13:08  Registered adapter: snowflake=1.8.4
[2026-04-19T20:13:08.573+0000] {subprocess.py:93} INFO - [0m20:13:08  [[33mWARNING[0m]: Configuration paths exist in your dbt_project.yml file which do not apply to any resources.
[2026-04-19T20:13:08.573+0000] {subprocess.py:93} INFO - There are 1 unused configuration paths:
[2026-04-19T20:13:08.574+0000] {subprocess.py:93} INFO - - models.spam_detection_dbt.example
[2026-04-19T20:13:08.873+0000] {subprocess.py:93} INFO - [0m20:13:08  Found 2 models, 1 snapshot, 1 operation, 5 data tests, 1 source, 454 macros
[2026-04-19T20:13:08.876+0000] {subprocess.py:93} INFO - [0m20:13:08
[2026-04-19T20:13:10.189+0000] {subprocess.py:93} INFO - [0m20:13:10
[2026-04-19T20:13:10.189+0000] {subprocess.py:93} INFO - [0m20:13:10  Running 1 on-run-start hook
[2026-04-19T20:13:10.200+0000] {subprocess.py:93} INFO - [0m20:13:10  1 of 1 START hook: spam_detection_dbt.on-run-start.0 ........................... [RUN]
[2026-04-19T20:13:10.580+0000] {subprocess.py:93} INFO - [0m20:13:10  1 of 1 OK hook: spam_detection_dbt.on-run-start.0 .............................. [[32mSUCCESS 1[0m in 0.38s]
[2026-04-19T20:13:10.581+0000] {subprocess.py:93} INFO - [0m20:13:10
[2026-04-19T20:13:10.703+0000] {subprocess.py:93} INFO - [0m20:13:10  Concurrency: 1 threads (target='dev')
[2026-04-19T20:13:10.705+0000] {subprocess.py:93} INFO - [0m20:13:10
[2026-04-19T20:13:10.712+0000] {subprocess.py:93} INFO - [0m20:13:10  1 of 2 START sql table model PUBLIC.spam_summary ............................... [RUN]
[2026-04-19T20:13:13.193+0000] {subprocess.py:93} INFO - [0m20:13:13  1 of 2 OK created sql table model PUBLIC.spam_summary .......................... [[32mSUCCESS 1[0m in 2.48s]
[2026-04-19T20:13:13.195+0000] {subprocess.py:93} INFO - [0m20:13:13  2 of 2 START sql view model PUBLIC.stg_spam_emails ............................. [RUN]
[2026-04-19T20:13:14.431+0000] {subprocess.py:93} INFO - [0m20:13:14  2 of 2 OK created sql view model PUBLIC.stg_spam_emails ........................ [[32mSUCCESS 1[0m in 1.23s]
[2026-04-19T20:13:14.434+0000] {subprocess.py:93} INFO - [0m20:13:14
[2026-04-19T20:13:14.434+0000] {subprocess.py:93} INFO - [0m20:13:14  Finished running 1 table model, 1 view model, 1 project hook in 0 hours 0 minutes and 5.55 seconds (5.55s).
[2026-04-19T20:13:14.475+0000] {subprocess.py:93} INFO - [0m20:13:14
[2026-04-19T20:13:14.475+0000] {subprocess.py:93} INFO - [0m20:13:14  [32mCompleted successfully[0m
[2026-04-19T20:13:14.476+0000] {subprocess.py:93} INFO - [0m20:13:14
[2026-04-19T20:13:14.476+0000] {subprocess.py:93} INFO - [0m20:13:14  Done. PASS=2 WARN=0 ERROR=0 SKIP=0 TOTAL=2
[2026-04-19T20:13:15.090+0000] {subprocess.py:97} INFO - Command exited with return code 0
[2026-04-19T20:13:15.106+0000] {taskinstance.py:1138} INFO - Marking task as SUCCESS. dag_id=dbt_spam_pipeline, task_id=dbt_run, execution_date=20260419T200439, start_date=20260419T201305, end_date=20260419T201315
[2026-04-19T20:13:15.141+0000] {local_task_job_runner.py:234} INFO - Task exited with return code 0
[2026-04-19T20:13:15.156+0000] {taskinstance.py:3280} INFO - 1 downstream tasks scheduled from follow-on schedule check
