[2026-04-25T05:21:00.369+0000] {processor.py:161} INFO - Started process (PID=36) to work on /opt/airflow/dags/build_elt_with_dbt.py
[2026-04-25T05:21:00.371+0000] {processor.py:830} INFO - Processing file /opt/airflow/dags/build_elt_with_dbt.py for tasks to queue
[2026-04-25T05:21:00.373+0000] {logging_mixin.py:188} INFO - [2026-04-25T05:21:00.373+0000] {dagbag.py:538} INFO - Filling up the DagBag from /opt/airflow/dags/build_elt_with_dbt.py
[2026-04-25T05:21:00.390+0000] {logging_mixin.py:188} INFO - [2026-04-25T05:21:00.390+0000] {base.py:83} INFO - Using connection ID 'snowflake_conn' for task execution.
[2026-04-25T05:21:00.396+0000] {processor.py:840} INFO - DAG(s) 'BuildELT_dbt' retrieved from /opt/airflow/dags/build_elt_with_dbt.py
[2026-04-25T05:21:00.411+0000] {logging_mixin.py:188} INFO - [2026-04-25T05:21:00.411+0000] {dag.py:3036} INFO - Sync 1 DAGs
[2026-04-25T05:21:00.423+0000] {logging_mixin.py:188} INFO - [2026-04-25T05:21:00.423+0000] {dag.py:3823} INFO - Setting next_dagrun for BuildELT_dbt to None, run_after=None
[2026-04-25T05:21:00.471+0000] {processor.py:183} INFO - Processing /opt/airflow/dags/build_elt_with_dbt.py took 0.104 seconds
[2026-04-25T05:21:30.505+0000] {processor.py:161} INFO - Started process (PID=44) to work on /opt/airflow/dags/build_elt_with_dbt.py
[2026-04-25T05:21:30.506+0000] {processor.py:830} INFO - Processing file /opt/airflow/dags/build_elt_with_dbt.py for tasks to queue
[2026-04-25T05:21:30.508+0000] {logging_mixin.py:188} INFO - [2026-04-25T05:21:30.507+0000] {dagbag.py:538} INFO - Filling up the DagBag from /opt/airflow/dags/build_elt_with_dbt.py
[2026-04-25T05:21:30.524+0000] {logging_mixin.py:188} INFO - [2026-04-25T05:21:30.524+0000] {base.py:83} INFO - Using connection ID 'snowflake_conn' for task execution.
[2026-04-25T05:21:30.529+0000] {processor.py:840} INFO - DAG(s) 'BuildELT_dbt' retrieved from /opt/airflow/dags/build_elt_with_dbt.py
[2026-04-25T05:21:30.649+0000] {logging_mixin.py:188} INFO - [2026-04-25T05:21:30.649+0000] {dag.py:3036} INFO - Sync 1 DAGs
[2026-04-25T05:21:30.655+0000] {logging_mixin.py:188} INFO - [2026-04-25T05:21:30.655+0000] {dag.py:3823} INFO - Setting next_dagrun for BuildELT_dbt to None, run_after=None
[2026-04-25T05:21:30.664+0000] {processor.py:183} INFO - Processing /opt/airflow/dags/build_elt_with_dbt.py took 0.162 seconds
[2026-04-25T05:22:01.220+0000] {processor.py:161} INFO - Started process (PID=51) to work on /opt/airflow/dags/build_elt_with_dbt.py
[2026-04-25T05:22:01.221+0000] {processor.py:830} INFO - Processing file /opt/airflow/dags/build_elt_with_dbt.py for tasks to queue
[2026-04-25T05:22:01.223+0000] {logging_mixin.py:188} INFO - [2026-04-25T05:22:01.222+0000] {dagbag.py:538} INFO - Filling up the DagBag from /opt/airflow/dags/build_elt_with_dbt.py
[2026-04-25T05:22:01.240+0000] {logging_mixin.py:188} INFO - [2026-04-25T05:22:01.240+0000] {base.py:83} INFO - Using connection ID 'snowflake_conn' for task execution.
[2026-04-25T05:22:01.246+0000] {processor.py:840} INFO - DAG(s) 'BuildELT_dbt' retrieved from /opt/airflow/dags/build_elt_with_dbt.py
[2026-04-25T05:22:01.257+0000] {logging_mixin.py:188} INFO - [2026-04-25T05:22:01.257+0000] {dag.py:3036} INFO - Sync 1 DAGs
[2026-04-25T05:22:01.264+0000] {logging_mixin.py:188} INFO - [2026-04-25T05:22:01.264+0000] {dag.py:3823} INFO - Setting next_dagrun for BuildELT_dbt to None, run_after=None
[2026-04-25T05:22:01.275+0000] {processor.py:183} INFO - Processing /opt/airflow/dags/build_elt_with_dbt.py took 0.057 seconds
[2026-04-25T05:22:31.792+0000] {processor.py:161} INFO - Started process (PID=58) to work on /opt/airflow/dags/build_elt_with_dbt.py
[2026-04-25T05:22:31.793+0000] {processor.py:830} INFO - Processing file /opt/airflow/dags/build_elt_with_dbt.py for tasks to queue
[2026-04-25T05:22:31.795+0000] {logging_mixin.py:188} INFO - [2026-04-25T05:22:31.795+0000] {dagbag.py:538} INFO - Filling up the DagBag from /opt/airflow/dags/build_elt_with_dbt.py
[2026-04-25T05:22:31.813+0000] {logging_mixin.py:188} INFO - [2026-04-25T05:22:31.813+0000] {base.py:83} INFO - Using connection ID 'snowflake_conn' for task execution.
[2026-04-25T05:22:31.822+0000] {processor.py:840} INFO - DAG(s) 'BuildELT_dbt' retrieved from /opt/airflow/dags/build_elt_with_dbt.py
[2026-04-25T05:22:31.836+0000] {logging_mixin.py:188} INFO - [2026-04-25T05:22:31.836+0000] {dag.py:3036} INFO - Sync 1 DAGs
[2026-04-25T05:22:31.844+0000] {logging_mixin.py:188} INFO - [2026-04-25T05:22:31.844+0000] {dag.py:3823} INFO - Setting next_dagrun for BuildELT_dbt to None, run_after=None
[2026-04-25T05:22:31.857+0000] {processor.py:183} INFO - Processing /opt/airflow/dags/build_elt_with_dbt.py took 0.068 seconds
[2026-04-25T05:23:02.379+0000] {processor.py:161} INFO - Started process (PID=65) to work on /opt/airflow/dags/build_elt_with_dbt.py
[2026-04-25T05:23:02.380+0000] {processor.py:830} INFO - Processing file /opt/airflow/dags/build_elt_with_dbt.py for tasks to queue
[2026-04-25T05:23:02.382+0000] {logging_mixin.py:188} INFO - [2026-04-25T05:23:02.382+0000] {dagbag.py:538} INFO - Filling up the DagBag from /opt/airflow/dags/build_elt_with_dbt.py
[2026-04-25T05:23:02.396+0000] {logging_mixin.py:188} INFO - [2026-04-25T05:23:02.396+0000] {base.py:83} INFO - Using connection ID 'snowflake_conn' for task execution.
[2026-04-25T05:23:02.402+0000] {processor.py:840} INFO - DAG(s) 'BuildELT_dbt' retrieved from /opt/airflow/dags/build_elt_with_dbt.py
[2026-04-25T05:23:02.416+0000] {logging_mixin.py:188} INFO - [2026-04-25T05:23:02.416+0000] {dag.py:3036} INFO - Sync 1 DAGs
[2026-04-25T05:23:02.423+0000] {logging_mixin.py:188} INFO - [2026-04-25T05:23:02.422+0000] {dag.py:3823} INFO - Setting next_dagrun for BuildELT_dbt to None, run_after=None
[2026-04-25T05:23:02.433+0000] {processor.py:183} INFO - Processing /opt/airflow/dags/build_elt_with_dbt.py took 0.056 seconds
[2026-04-25T05:23:32.962+0000] {processor.py:161} INFO - Started process (PID=72) to work on /opt/airflow/dags/build_elt_with_dbt.py
[2026-04-25T05:23:32.964+0000] {processor.py:830} INFO - Processing file /opt/airflow/dags/build_elt_with_dbt.py for tasks to queue
[2026-04-25T05:23:32.966+0000] {logging_mixin.py:188} INFO - [2026-04-25T05:23:32.966+0000] {dagbag.py:538} INFO - Filling up the DagBag from /opt/airflow/dags/build_elt_with_dbt.py
[2026-04-25T05:23:32.987+0000] {logging_mixin.py:188} INFO - [2026-04-25T05:23:32.987+0000] {base.py:83} INFO - Using connection ID 'snowflake_conn' for task execution.
[2026-04-25T05:23:32.992+0000] {processor.py:840} INFO - DAG(s) 'BuildELT_dbt' retrieved from /opt/airflow/dags/build_elt_with_dbt.py
[2026-04-25T05:23:33.004+0000] {logging_mixin.py:188} INFO - [2026-04-25T05:23:33.003+0000] {dag.py:3036} INFO - Sync 1 DAGs
[2026-04-25T05:23:33.011+0000] {logging_mixin.py:188} INFO - [2026-04-25T05:23:33.011+0000] {dag.py:3823} INFO - Setting next_dagrun for BuildELT_dbt to None, run_after=None
[2026-04-25T05:23:33.021+0000] {processor.py:183} INFO - Processing /opt/airflow/dags/build_elt_with_dbt.py took 0.063 seconds
[2026-04-25T05:24:03.602+0000] {processor.py:161} INFO - Started process (PID=79) to work on /opt/airflow/dags/build_elt_with_dbt.py
[2026-04-25T05:24:03.603+0000] {processor.py:830} INFO - Processing file /opt/airflow/dags/build_elt_with_dbt.py for tasks to queue
[2026-04-25T05:24:03.605+0000] {logging_mixin.py:188} INFO - [2026-04-25T05:24:03.604+0000] {dagbag.py:538} INFO - Filling up the DagBag from /opt/airflow/dags/build_elt_with_dbt.py
[2026-04-25T05:24:03.621+0000] {logging_mixin.py:188} INFO - [2026-04-25T05:24:03.621+0000] {base.py:83} INFO - Using connection ID 'snowflake_conn' for task execution.
[2026-04-25T05:24:03.627+0000] {processor.py:840} INFO - DAG(s) 'BuildELT_dbt' retrieved from /opt/airflow/dags/build_elt_with_dbt.py
[2026-04-25T05:24:03.638+0000] {logging_mixin.py:188} INFO - [2026-04-25T05:24:03.638+0000] {dag.py:3036} INFO - Sync 1 DAGs
[2026-04-25T05:24:03.644+0000] {logging_mixin.py:188} INFO - [2026-04-25T05:24:03.644+0000] {dag.py:3823} INFO - Setting next_dagrun for BuildELT_dbt to None, run_after=None
[2026-04-25T05:24:03.654+0000] {processor.py:183} INFO - Processing /opt/airflow/dags/build_elt_with_dbt.py took 0.057 seconds
[2026-04-25T05:24:34.172+0000] {processor.py:161} INFO - Started process (PID=86) to work on /opt/airflow/dags/build_elt_with_dbt.py
[2026-04-25T05:24:34.173+0000] {processor.py:830} INFO - Processing file /opt/airflow/dags/build_elt_with_dbt.py for tasks to queue
[2026-04-25T05:24:34.175+0000] {logging_mixin.py:188} INFO - [2026-04-25T05:24:34.174+0000] {dagbag.py:538} INFO - Filling up the DagBag from /opt/airflow/dags/build_elt_with_dbt.py
[2026-04-25T05:24:34.191+0000] {logging_mixin.py:188} INFO - [2026-04-25T05:24:34.191+0000] {base.py:83} INFO - Using connection ID 'snowflake_conn' for task execution.
[2026-04-25T05:24:34.196+0000] {processor.py:840} INFO - DAG(s) 'BuildELT_dbt' retrieved from /opt/airflow/dags/build_elt_with_dbt.py
[2026-04-25T05:24:34.209+0000] {logging_mixin.py:188} INFO - [2026-04-25T05:24:34.208+0000] {dag.py:3036} INFO - Sync 1 DAGs
[2026-04-25T05:24:34.216+0000] {logging_mixin.py:188} INFO - [2026-04-25T05:24:34.216+0000] {dag.py:3823} INFO - Setting next_dagrun for BuildELT_dbt to None, run_after=None
[2026-04-25T05:24:34.228+0000] {processor.py:183} INFO - Processing /opt/airflow/dags/build_elt_with_dbt.py took 0.059 seconds
[2026-04-25T05:25:04.711+0000] {processor.py:161} INFO - Started process (PID=93) to work on /opt/airflow/dags/build_elt_with_dbt.py
[2026-04-25T05:25:04.712+0000] {processor.py:830} INFO - Processing file /opt/airflow/dags/build_elt_with_dbt.py for tasks to queue
[2026-04-25T05:25:04.713+0000] {logging_mixin.py:188} INFO - [2026-04-25T05:25:04.713+0000] {dagbag.py:538} INFO - Filling up the DagBag from /opt/airflow/dags/build_elt_with_dbt.py
[2026-04-25T05:25:04.732+0000] {logging_mixin.py:188} INFO - [2026-04-25T05:25:04.732+0000] {base.py:83} INFO - Using connection ID 'snowflake_conn' for task execution.
[2026-04-25T05:25:04.739+0000] {processor.py:840} INFO - DAG(s) 'BuildELT_dbt' retrieved from /opt/airflow/dags/build_elt_with_dbt.py
[2026-04-25T05:25:04.751+0000] {logging_mixin.py:188} INFO - [2026-04-25T05:25:04.751+0000] {dag.py:3036} INFO - Sync 1 DAGs
[2026-04-25T05:25:04.758+0000] {logging_mixin.py:188} INFO - [2026-04-25T05:25:04.757+0000] {dag.py:3823} INFO - Setting next_dagrun for BuildELT_dbt to None, run_after=None
[2026-04-25T05:25:04.767+0000] {processor.py:183} INFO - Processing /opt/airflow/dags/build_elt_with_dbt.py took 0.058 seconds
[2026-04-25T05:25:35.336+0000] {processor.py:161} INFO - Started process (PID=100) to work on /opt/airflow/dags/build_elt_with_dbt.py
[2026-04-25T05:25:35.337+0000] {processor.py:830} INFO - Processing file /opt/airflow/dags/build_elt_with_dbt.py for tasks to queue
[2026-04-25T05:25:35.340+0000] {logging_mixin.py:188} INFO - [2026-04-25T05:25:35.339+0000] {dagbag.py:538} INFO - Filling up the DagBag from /opt/airflow/dags/build_elt_with_dbt.py
[2026-04-25T05:25:35.365+0000] {logging_mixin.py:188} INFO - [2026-04-25T05:25:35.365+0000] {base.py:83} INFO - Using connection ID 'snowflake_conn' for task execution.
[2026-04-25T05:25:35.373+0000] {processor.py:840} INFO - DAG(s) 'BuildELT_dbt' retrieved from /opt/airflow/dags/build_elt_with_dbt.py
[2026-04-25T05:25:35.394+0000] {logging_mixin.py:188} INFO - [2026-04-25T05:25:35.394+0000] {dag.py:3036} INFO - Sync 1 DAGs
[2026-04-25T05:25:35.402+0000] {logging_mixin.py:188} INFO - [2026-04-25T05:25:35.402+0000] {dag.py:3823} INFO - Setting next_dagrun for BuildELT_dbt to None, run_after=None
[2026-04-25T05:25:35.413+0000] {processor.py:183} INFO - Processing /opt/airflow/dags/build_elt_with_dbt.py took 0.081 seconds
[2026-04-25T05:26:06.066+0000] {processor.py:161} INFO - Started process (PID=107) to work on /opt/airflow/dags/build_elt_with_dbt.py
[2026-04-25T05:26:06.067+0000] {processor.py:830} INFO - Processing file /opt/airflow/dags/build_elt_with_dbt.py for tasks to queue
[2026-04-25T05:26:06.069+0000] {logging_mixin.py:188} INFO - [2026-04-25T05:26:06.069+0000] {dagbag.py:538} INFO - Filling up the DagBag from /opt/airflow/dags/build_elt_with_dbt.py
[2026-04-25T05:26:06.089+0000] {logging_mixin.py:188} INFO - [2026-04-25T05:26:06.088+0000] {base.py:83} INFO - Using connection ID 'snowflake_conn' for task execution.
[2026-04-25T05:26:06.095+0000] {processor.py:840} INFO - DAG(s) 'BuildELT_dbt' retrieved from /opt/airflow/dags/build_elt_with_dbt.py
[2026-04-25T05:26:06.110+0000] {logging_mixin.py:188} INFO - [2026-04-25T05:26:06.110+0000] {dag.py:3036} INFO - Sync 1 DAGs
[2026-04-25T05:26:06.117+0000] {logging_mixin.py:188} INFO - [2026-04-25T05:26:06.117+0000] {dag.py:3823} INFO - Setting next_dagrun for BuildELT_dbt to None, run_after=None
[2026-04-25T05:26:06.128+0000] {processor.py:183} INFO - Processing /opt/airflow/dags/build_elt_with_dbt.py took 0.066 seconds
[2026-04-25T05:26:36.601+0000] {processor.py:161} INFO - Started process (PID=114) to work on /opt/airflow/dags/build_elt_with_dbt.py
[2026-04-25T05:26:36.602+0000] {processor.py:830} INFO - Processing file /opt/airflow/dags/build_elt_with_dbt.py for tasks to queue
[2026-04-25T05:26:36.604+0000] {logging_mixin.py:188} INFO - [2026-04-25T05:26:36.603+0000] {dagbag.py:538} INFO - Filling up the DagBag from /opt/airflow/dags/build_elt_with_dbt.py
[2026-04-25T05:26:36.620+0000] {logging_mixin.py:188} INFO - [2026-04-25T05:26:36.620+0000] {base.py:83} INFO - Using connection ID 'snowflake_conn' for task execution.
[2026-04-25T05:26:36.625+0000] {processor.py:840} INFO - DAG(s) 'BuildELT_dbt' retrieved from /opt/airflow/dags/build_elt_with_dbt.py
[2026-04-25T05:26:36.639+0000] {logging_mixin.py:188} INFO - [2026-04-25T05:26:36.639+0000] {dag.py:3036} INFO - Sync 1 DAGs
[2026-04-25T05:26:36.646+0000] {logging_mixin.py:188} INFO - [2026-04-25T05:26:36.646+0000] {dag.py:3823} INFO - Setting next_dagrun for BuildELT_dbt to None, run_after=None
[2026-04-25T05:26:36.655+0000] {processor.py:183} INFO - Processing /opt/airflow/dags/build_elt_with_dbt.py took 0.058 seconds
[2026-04-25T05:27:07.204+0000] {processor.py:161} INFO - Started process (PID=121) to work on /opt/airflow/dags/build_elt_with_dbt.py
[2026-04-25T05:27:07.205+0000] {processor.py:830} INFO - Processing file /opt/airflow/dags/build_elt_with_dbt.py for tasks to queue
[2026-04-25T05:27:07.207+0000] {logging_mixin.py:188} INFO - [2026-04-25T05:27:07.207+0000] {dagbag.py:538} INFO - Filling up the DagBag from /opt/airflow/dags/build_elt_with_dbt.py
[2026-04-25T05:27:07.227+0000] {logging_mixin.py:188} INFO - [2026-04-25T05:27:07.227+0000] {base.py:83} INFO - Using connection ID 'snowflake_conn' for task execution.
[2026-04-25T05:27:07.233+0000] {processor.py:840} INFO - DAG(s) 'BuildELT_dbt' retrieved from /opt/airflow/dags/build_elt_with_dbt.py
[2026-04-25T05:27:07.244+0000] {logging_mixin.py:188} INFO - [2026-04-25T05:27:07.244+0000] {dag.py:3036} INFO - Sync 1 DAGs
[2026-04-25T05:27:07.252+0000] {logging_mixin.py:188} INFO - [2026-04-25T05:27:07.252+0000] {dag.py:3823} INFO - Setting next_dagrun for BuildELT_dbt to None, run_after=None
[2026-04-25T05:27:07.262+0000] {processor.py:183} INFO - Processing /opt/airflow/dags/build_elt_with_dbt.py took 0.062 seconds
[2026-04-25T05:27:37.747+0000] {processor.py:161} INFO - Started process (PID=128) to work on /opt/airflow/dags/build_elt_with_dbt.py
[2026-04-25T05:27:37.748+0000] {processor.py:830} INFO - Processing file /opt/airflow/dags/build_elt_with_dbt.py for tasks to queue
[2026-04-25T05:27:37.752+0000] {logging_mixin.py:188} INFO - [2026-04-25T05:27:37.752+0000] {dagbag.py:538} INFO - Filling up the DagBag from /opt/airflow/dags/build_elt_with_dbt.py
[2026-04-25T05:27:37.774+0000] {logging_mixin.py:188} INFO - [2026-04-25T05:27:37.773+0000] {base.py:83} INFO - Using connection ID 'snowflake_conn' for task execution.
[2026-04-25T05:27:37.779+0000] {processor.py:840} INFO - DAG(s) 'BuildELT_dbt' retrieved from /opt/airflow/dags/build_elt_with_dbt.py
[2026-04-25T05:27:37.790+0000] {logging_mixin.py:188} INFO - [2026-04-25T05:27:37.790+0000] {dag.py:3036} INFO - Sync 1 DAGs
[2026-04-25T05:27:37.798+0000] {logging_mixin.py:188} INFO - [2026-04-25T05:27:37.798+0000] {dag.py:3823} INFO - Setting next_dagrun for BuildELT_dbt to None, run_after=None
[2026-04-25T05:27:37.810+0000] {processor.py:183} INFO - Processing /opt/airflow/dags/build_elt_with_dbt.py took 0.065 seconds
[2026-04-25T05:28:08.332+0000] {processor.py:161} INFO - Started process (PID=135) to work on /opt/airflow/dags/build_elt_with_dbt.py
[2026-04-25T05:28:08.333+0000] {processor.py:830} INFO - Processing file /opt/airflow/dags/build_elt_with_dbt.py for tasks to queue
[2026-04-25T05:28:08.336+0000] {logging_mixin.py:188} INFO - [2026-04-25T05:28:08.335+0000] {dagbag.py:538} INFO - Filling up the DagBag from /opt/airflow/dags/build_elt_with_dbt.py
[2026-04-25T05:28:08.354+0000] {logging_mixin.py:188} INFO - [2026-04-25T05:28:08.354+0000] {base.py:83} INFO - Using connection ID 'snowflake_conn' for task execution.
[2026-04-25T05:28:08.360+0000] {processor.py:840} INFO - DAG(s) 'BuildELT_dbt' retrieved from /opt/airflow/dags/build_elt_with_dbt.py
[2026-04-25T05:28:08.373+0000] {logging_mixin.py:188} INFO - [2026-04-25T05:28:08.373+0000] {dag.py:3036} INFO - Sync 1 DAGs
[2026-04-25T05:28:08.380+0000] {logging_mixin.py:188} INFO - [2026-04-25T05:28:08.380+0000] {dag.py:3823} INFO - Setting next_dagrun for BuildELT_dbt to None, run_after=None
[2026-04-25T05:28:08.391+0000] {processor.py:183} INFO - Processing /opt/airflow/dags/build_elt_with_dbt.py took 0.064 seconds
[2026-04-25T05:28:38.944+0000] {processor.py:161} INFO - Started process (PID=142) to work on /opt/airflow/dags/build_elt_with_dbt.py
[2026-04-25T05:28:38.945+0000] {processor.py:830} INFO - Processing file /opt/airflow/dags/build_elt_with_dbt.py for tasks to queue
[2026-04-25T05:28:38.948+0000] {logging_mixin.py:188} INFO - [2026-04-25T05:28:38.948+0000] {dagbag.py:538} INFO - Filling up the DagBag from /opt/airflow/dags/build_elt_with_dbt.py
[2026-04-25T05:28:38.968+0000] {logging_mixin.py:188} INFO - [2026-04-25T05:28:38.967+0000] {base.py:83} INFO - Using connection ID 'snowflake_conn' for task execution.
[2026-04-25T05:28:38.975+0000] {processor.py:840} INFO - DAG(s) 'BuildELT_dbt' retrieved from /opt/airflow/dags/build_elt_with_dbt.py
[2026-04-25T05:28:38.988+0000] {logging_mixin.py:188} INFO - [2026-04-25T05:28:38.988+0000] {dag.py:3036} INFO - Sync 1 DAGs
[2026-04-25T05:28:38.996+0000] {logging_mixin.py:188} INFO - [2026-04-25T05:28:38.996+0000] {dag.py:3823} INFO - Setting next_dagrun for BuildELT_dbt to None, run_after=None
[2026-04-25T05:28:39.007+0000] {processor.py:183} INFO - Processing /opt/airflow/dags/build_elt_with_dbt.py took 0.067 seconds
[2026-04-25T05:29:09.565+0000] {processor.py:161} INFO - Started process (PID=149) to work on /opt/airflow/dags/build_elt_with_dbt.py
[2026-04-25T05:29:09.565+0000] {processor.py:830} INFO - Processing file /opt/airflow/dags/build_elt_with_dbt.py for tasks to queue
[2026-04-25T05:29:09.567+0000] {logging_mixin.py:188} INFO - [2026-04-25T05:29:09.567+0000] {dagbag.py:538} INFO - Filling up the DagBag from /opt/airflow/dags/build_elt_with_dbt.py
[2026-04-25T05:29:09.582+0000] {logging_mixin.py:188} INFO - [2026-04-25T05:29:09.582+0000] {base.py:83} INFO - Using connection ID 'snowflake_conn' for task execution.
[2026-04-25T05:29:09.587+0000] {processor.py:840} INFO - DAG(s) 'BuildELT_dbt' retrieved from /opt/airflow/dags/build_elt_with_dbt.py
[2026-04-25T05:29:09.598+0000] {logging_mixin.py:188} INFO - [2026-04-25T05:29:09.598+0000] {dag.py:3036} INFO - Sync 1 DAGs
[2026-04-25T05:29:09.605+0000] {logging_mixin.py:188} INFO - [2026-04-25T05:29:09.605+0000] {dag.py:3823} INFO - Setting next_dagrun for BuildELT_dbt to None, run_after=None
[2026-04-25T05:29:09.614+0000] {processor.py:183} INFO - Processing /opt/airflow/dags/build_elt_with_dbt.py took 0.052 seconds
[2026-04-25T05:29:40.182+0000] {processor.py:161} INFO - Started process (PID=156) to work on /opt/airflow/dags/build_elt_with_dbt.py
[2026-04-25T05:29:40.182+0000] {processor.py:830} INFO - Processing file /opt/airflow/dags/build_elt_with_dbt.py for tasks to queue
[2026-04-25T05:29:40.185+0000] {logging_mixin.py:188} INFO - [2026-04-25T05:29:40.184+0000] {dagbag.py:538} INFO - Filling up the DagBag from /opt/airflow/dags/build_elt_with_dbt.py
[2026-04-25T05:29:40.201+0000] {logging_mixin.py:188} INFO - [2026-04-25T05:29:40.201+0000] {base.py:83} INFO - Using connection ID 'snowflake_conn' for task execution.
[2026-04-25T05:29:40.205+0000] {processor.py:840} INFO - DAG(s) 'BuildELT_dbt' retrieved from /opt/airflow/dags/build_elt_with_dbt.py
[2026-04-25T05:29:40.219+0000] {logging_mixin.py:188} INFO - [2026-04-25T05:29:40.219+0000] {dag.py:3036} INFO - Sync 1 DAGs
[2026-04-25T05:29:40.227+0000] {logging_mixin.py:188} INFO - [2026-04-25T05:29:40.226+0000] {dag.py:3823} INFO - Setting next_dagrun for BuildELT_dbt to None, run_after=None
[2026-04-25T05:29:40.236+0000] {processor.py:183} INFO - Processing /opt/airflow/dags/build_elt_with_dbt.py took 0.057 seconds
[2026-04-25T05:30:10.785+0000] {processor.py:161} INFO - Started process (PID=163) to work on /opt/airflow/dags/build_elt_with_dbt.py
[2026-04-25T05:30:10.785+0000] {processor.py:830} INFO - Processing file /opt/airflow/dags/build_elt_with_dbt.py for tasks to queue
[2026-04-25T05:30:10.788+0000] {logging_mixin.py:188} INFO - [2026-04-25T05:30:10.787+0000] {dagbag.py:538} INFO - Filling up the DagBag from /opt/airflow/dags/build_elt_with_dbt.py
[2026-04-25T05:30:10.803+0000] {logging_mixin.py:188} INFO - [2026-04-25T05:30:10.803+0000] {base.py:83} INFO - Using connection ID 'snowflake_conn' for task execution.
[2026-04-25T05:30:10.810+0000] {processor.py:840} INFO - DAG(s) 'BuildELT_dbt' retrieved from /opt/airflow/dags/build_elt_with_dbt.py
[2026-04-25T05:30:10.821+0000] {logging_mixin.py:188} INFO - [2026-04-25T05:30:10.821+0000] {dag.py:3036} INFO - Sync 1 DAGs
[2026-04-25T05:30:10.827+0000] {logging_mixin.py:188} INFO - [2026-04-25T05:30:10.827+0000] {dag.py:3823} INFO - Setting next_dagrun for BuildELT_dbt to None, run_after=None
[2026-04-25T05:30:10.837+0000] {processor.py:183} INFO - Processing /opt/airflow/dags/build_elt_with_dbt.py took 0.055 seconds
[2026-04-25T05:30:41.304+0000] {processor.py:161} INFO - Started process (PID=170) to work on /opt/airflow/dags/build_elt_with_dbt.py
[2026-04-25T05:30:41.305+0000] {processor.py:830} INFO - Processing file /opt/airflow/dags/build_elt_with_dbt.py for tasks to queue
[2026-04-25T05:30:41.307+0000] {logging_mixin.py:188} INFO - [2026-04-25T05:30:41.307+0000] {dagbag.py:538} INFO - Filling up the DagBag from /opt/airflow/dags/build_elt_with_dbt.py
[2026-04-25T05:30:41.328+0000] {logging_mixin.py:188} INFO - [2026-04-25T05:30:41.328+0000] {base.py:83} INFO - Using connection ID 'snowflake_conn' for task execution.
[2026-04-25T05:30:41.333+0000] {processor.py:840} INFO - DAG(s) 'BuildELT_dbt' retrieved from /opt/airflow/dags/build_elt_with_dbt.py
[2026-04-25T05:30:41.348+0000] {logging_mixin.py:188} INFO - [2026-04-25T05:30:41.348+0000] {dag.py:3036} INFO - Sync 1 DAGs
[2026-04-25T05:30:41.356+0000] {logging_mixin.py:188} INFO - [2026-04-25T05:30:41.355+0000] {dag.py:3823} INFO - Setting next_dagrun for BuildELT_dbt to None, run_after=None
[2026-04-25T05:30:41.367+0000] {processor.py:183} INFO - Processing /opt/airflow/dags/build_elt_with_dbt.py took 0.066 seconds
[2026-04-25T05:31:11.952+0000] {processor.py:161} INFO - Started process (PID=177) to work on /opt/airflow/dags/build_elt_with_dbt.py
[2026-04-25T05:31:11.953+0000] {processor.py:830} INFO - Processing file /opt/airflow/dags/build_elt_with_dbt.py for tasks to queue
[2026-04-25T05:31:11.955+0000] {logging_mixin.py:188} INFO - [2026-04-25T05:31:11.955+0000] {dagbag.py:538} INFO - Filling up the DagBag from /opt/airflow/dags/build_elt_with_dbt.py
[2026-04-25T05:31:11.972+0000] {logging_mixin.py:188} INFO - [2026-04-25T05:31:11.971+0000] {base.py:83} INFO - Using connection ID 'snowflake_conn' for task execution.
[2026-04-25T05:31:11.977+0000] {processor.py:840} INFO - DAG(s) 'BuildELT_dbt' retrieved from /opt/airflow/dags/build_elt_with_dbt.py
[2026-04-25T05:31:11.988+0000] {logging_mixin.py:188} INFO - [2026-04-25T05:31:11.988+0000] {dag.py:3036} INFO - Sync 1 DAGs
[2026-04-25T05:31:11.995+0000] {logging_mixin.py:188} INFO - [2026-04-25T05:31:11.995+0000] {dag.py:3823} INFO - Setting next_dagrun for BuildELT_dbt to None, run_after=None
[2026-04-25T05:31:12.006+0000] {processor.py:183} INFO - Processing /opt/airflow/dags/build_elt_with_dbt.py took 0.056 seconds
[2026-04-25T05:31:42.537+0000] {processor.py:161} INFO - Started process (PID=184) to work on /opt/airflow/dags/build_elt_with_dbt.py
[2026-04-25T05:31:42.538+0000] {processor.py:830} INFO - Processing file /opt/airflow/dags/build_elt_with_dbt.py for tasks to queue
[2026-04-25T05:31:42.540+0000] {logging_mixin.py:188} INFO - [2026-04-25T05:31:42.540+0000] {dagbag.py:538} INFO - Filling up the DagBag from /opt/airflow/dags/build_elt_with_dbt.py
[2026-04-25T05:31:42.561+0000] {logging_mixin.py:188} INFO - [2026-04-25T05:31:42.561+0000] {base.py:83} INFO - Using connection ID 'snowflake_conn' for task execution.
[2026-04-25T05:31:42.566+0000] {processor.py:840} INFO - DAG(s) 'BuildELT_dbt' retrieved from /opt/airflow/dags/build_elt_with_dbt.py
[2026-04-25T05:31:42.585+0000] {logging_mixin.py:188} INFO - [2026-04-25T05:31:42.584+0000] {dag.py:3036} INFO - Sync 1 DAGs
[2026-04-25T05:31:42.593+0000] {logging_mixin.py:188} INFO - [2026-04-25T05:31:42.593+0000] {dag.py:3823} INFO - Setting next_dagrun for BuildELT_dbt to None, run_after=None
[2026-04-25T05:31:42.607+0000] {processor.py:183} INFO - Processing /opt/airflow/dags/build_elt_with_dbt.py took 0.074 seconds
[2026-04-25T05:32:13.165+0000] {processor.py:161} INFO - Started process (PID=191) to work on /opt/airflow/dags/build_elt_with_dbt.py
[2026-04-25T05:32:13.167+0000] {processor.py:830} INFO - Processing file /opt/airflow/dags/build_elt_with_dbt.py for tasks to queue
[2026-04-25T05:32:13.171+0000] {logging_mixin.py:188} INFO - [2026-04-25T05:32:13.170+0000] {dagbag.py:538} INFO - Filling up the DagBag from /opt/airflow/dags/build_elt_with_dbt.py
[2026-04-25T05:32:13.191+0000] {logging_mixin.py:188} INFO - [2026-04-25T05:32:13.191+0000] {base.py:83} INFO - Using connection ID 'snowflake_conn' for task execution.
[2026-04-25T05:32:13.195+0000] {processor.py:840} INFO - DAG(s) 'BuildELT_dbt' retrieved from /opt/airflow/dags/build_elt_with_dbt.py
[2026-04-25T05:32:13.207+0000] {logging_mixin.py:188} INFO - [2026-04-25T05:32:13.207+0000] {dag.py:3036} INFO - Sync 1 DAGs
[2026-04-25T05:32:13.214+0000] {logging_mixin.py:188} INFO - [2026-04-25T05:32:13.214+0000] {dag.py:3823} INFO - Setting next_dagrun for BuildELT_dbt to None, run_after=None
[2026-04-25T05:32:13.225+0000] {processor.py:183} INFO - Processing /opt/airflow/dags/build_elt_with_dbt.py took 0.064 seconds
[2026-04-25T05:32:43.780+0000] {processor.py:161} INFO - Started process (PID=198) to work on /opt/airflow/dags/build_elt_with_dbt.py
[2026-04-25T05:32:43.781+0000] {processor.py:830} INFO - Processing file /opt/airflow/dags/build_elt_with_dbt.py for tasks to queue
[2026-04-25T05:32:43.783+0000] {logging_mixin.py:188} INFO - [2026-04-25T05:32:43.783+0000] {dagbag.py:538} INFO - Filling up the DagBag from /opt/airflow/dags/build_elt_with_dbt.py
[2026-04-25T05:32:43.797+0000] {logging_mixin.py:188} INFO - [2026-04-25T05:32:43.797+0000] {base.py:83} INFO - Using connection ID 'snowflake_conn' for task execution.
[2026-04-25T05:32:43.803+0000] {processor.py:840} INFO - DAG(s) 'BuildELT_dbt' retrieved from /opt/airflow/dags/build_elt_with_dbt.py
[2026-04-25T05:32:43.814+0000] {logging_mixin.py:188} INFO - [2026-04-25T05:32:43.814+0000] {dag.py:3036} INFO - Sync 1 DAGs
[2026-04-25T05:32:43.820+0000] {logging_mixin.py:188} INFO - [2026-04-25T05:32:43.820+0000] {dag.py:3823} INFO - Setting next_dagrun for BuildELT_dbt to None, run_after=None
[2026-04-25T05:32:43.830+0000] {processor.py:183} INFO - Processing /opt/airflow/dags/build_elt_with_dbt.py took 0.053 seconds
[2026-04-25T05:33:14.339+0000] {processor.py:161} INFO - Started process (PID=205) to work on /opt/airflow/dags/build_elt_with_dbt.py
[2026-04-25T05:33:14.340+0000] {processor.py:830} INFO - Processing file /opt/airflow/dags/build_elt_with_dbt.py for tasks to queue
[2026-04-25T05:33:14.343+0000] {logging_mixin.py:188} INFO - [2026-04-25T05:33:14.342+0000] {dagbag.py:538} INFO - Filling up the DagBag from /opt/airflow/dags/build_elt_with_dbt.py
[2026-04-25T05:33:14.363+0000] {logging_mixin.py:188} INFO - [2026-04-25T05:33:14.362+0000] {base.py:83} INFO - Using connection ID 'snowflake_conn' for task execution.
[2026-04-25T05:33:14.367+0000] {processor.py:840} INFO - DAG(s) 'BuildELT_dbt' retrieved from /opt/airflow/dags/build_elt_with_dbt.py
[2026-04-25T05:33:14.377+0000] {logging_mixin.py:188} INFO - [2026-04-25T05:33:14.377+0000] {dag.py:3036} INFO - Sync 1 DAGs
[2026-04-25T05:33:14.384+0000] {logging_mixin.py:188} INFO - [2026-04-25T05:33:14.384+0000] {dag.py:3823} INFO - Setting next_dagrun for BuildELT_dbt to None, run_after=None
[2026-04-25T05:33:14.393+0000] {processor.py:183} INFO - Processing /opt/airflow/dags/build_elt_with_dbt.py took 0.056 seconds
[2026-04-25T05:33:44.941+0000] {processor.py:161} INFO - Started process (PID=212) to work on /opt/airflow/dags/build_elt_with_dbt.py
[2026-04-25T05:33:44.941+0000] {processor.py:830} INFO - Processing file /opt/airflow/dags/build_elt_with_dbt.py for tasks to queue
[2026-04-25T05:33:44.944+0000] {logging_mixin.py:188} INFO - [2026-04-25T05:33:44.943+0000] {dagbag.py:538} INFO - Filling up the DagBag from /opt/airflow/dags/build_elt_with_dbt.py
[2026-04-25T05:33:44.962+0000] {logging_mixin.py:188} INFO - [2026-04-25T05:33:44.961+0000] {base.py:83} INFO - Using connection ID 'snowflake_conn' for task execution.
[2026-04-25T05:33:44.971+0000] {processor.py:840} INFO - DAG(s) 'BuildELT_dbt' retrieved from /opt/airflow/dags/build_elt_with_dbt.py
[2026-04-25T05:33:44.992+0000] {logging_mixin.py:188} INFO - [2026-04-25T05:33:44.992+0000] {dag.py:3036} INFO - Sync 1 DAGs
[2026-04-25T05:33:45.000+0000] {logging_mixin.py:188} INFO - [2026-04-25T05:33:45.000+0000] {dag.py:3823} INFO - Setting next_dagrun for BuildELT_dbt to None, run_after=None
[2026-04-25T05:33:45.013+0000] {processor.py:183} INFO - Processing /opt/airflow/dags/build_elt_with_dbt.py took 0.075 seconds
[2026-04-25T05:34:15.571+0000] {processor.py:161} INFO - Started process (PID=219) to work on /opt/airflow/dags/build_elt_with_dbt.py
[2026-04-25T05:34:15.572+0000] {processor.py:830} INFO - Processing file /opt/airflow/dags/build_elt_with_dbt.py for tasks to queue
[2026-04-25T05:34:15.575+0000] {logging_mixin.py:188} INFO - [2026-04-25T05:34:15.574+0000] {dagbag.py:538} INFO - Filling up the DagBag from /opt/airflow/dags/build_elt_with_dbt.py
[2026-04-25T05:34:15.601+0000] {logging_mixin.py:188} INFO - [2026-04-25T05:34:15.600+0000] {base.py:83} INFO - Using connection ID 'snowflake_conn' for task execution.
[2026-04-25T05:34:15.608+0000] {processor.py:840} INFO - DAG(s) 'BuildELT_dbt' retrieved from /opt/airflow/dags/build_elt_with_dbt.py
[2026-04-25T05:34:15.621+0000] {logging_mixin.py:188} INFO - [2026-04-25T05:34:15.620+0000] {dag.py:3036} INFO - Sync 1 DAGs
[2026-04-25T05:34:15.628+0000] {logging_mixin.py:188} INFO - [2026-04-25T05:34:15.628+0000] {dag.py:3823} INFO - Setting next_dagrun for BuildELT_dbt to None, run_after=None
[2026-04-25T05:34:15.642+0000] {processor.py:183} INFO - Processing /opt/airflow/dags/build_elt_with_dbt.py took 0.075 seconds
[2026-04-25T05:34:46.146+0000] {processor.py:161} INFO - Started process (PID=226) to work on /opt/airflow/dags/build_elt_with_dbt.py
[2026-04-25T05:34:46.146+0000] {processor.py:830} INFO - Processing file /opt/airflow/dags/build_elt_with_dbt.py for tasks to queue
[2026-04-25T05:34:46.149+0000] {logging_mixin.py:188} INFO - [2026-04-25T05:34:46.149+0000] {dagbag.py:538} INFO - Filling up the DagBag from /opt/airflow/dags/build_elt_with_dbt.py
[2026-04-25T05:34:46.168+0000] {logging_mixin.py:188} INFO - [2026-04-25T05:34:46.168+0000] {base.py:83} INFO - Using connection ID 'snowflake_conn' for task execution.
[2026-04-25T05:34:46.174+0000] {processor.py:840} INFO - DAG(s) 'BuildELT_dbt' retrieved from /opt/airflow/dags/build_elt_with_dbt.py
[2026-04-25T05:34:46.187+0000] {logging_mixin.py:188} INFO - [2026-04-25T05:34:46.187+0000] {dag.py:3036} INFO - Sync 1 DAGs
[2026-04-25T05:34:46.195+0000] {logging_mixin.py:188} INFO - [2026-04-25T05:34:46.195+0000] {dag.py:3823} INFO - Setting next_dagrun for BuildELT_dbt to None, run_after=None
[2026-04-25T05:34:46.210+0000] {processor.py:183} INFO - Processing /opt/airflow/dags/build_elt_with_dbt.py took 0.067 seconds
[2026-04-25T05:35:16.745+0000] {processor.py:161} INFO - Started process (PID=233) to work on /opt/airflow/dags/build_elt_with_dbt.py
[2026-04-25T05:35:16.746+0000] {processor.py:830} INFO - Processing file /opt/airflow/dags/build_elt_with_dbt.py for tasks to queue
[2026-04-25T05:35:16.748+0000] {logging_mixin.py:188} INFO - [2026-04-25T05:35:16.747+0000] {dagbag.py:538} INFO - Filling up the DagBag from /opt/airflow/dags/build_elt_with_dbt.py
[2026-04-25T05:35:16.765+0000] {logging_mixin.py:188} INFO - [2026-04-25T05:35:16.765+0000] {base.py:83} INFO - Using connection ID 'snowflake_conn' for task execution.
[2026-04-25T05:35:16.770+0000] {processor.py:840} INFO - DAG(s) 'BuildELT_dbt' retrieved from /opt/airflow/dags/build_elt_with_dbt.py
[2026-04-25T05:35:16.782+0000] {logging_mixin.py:188} INFO - [2026-04-25T05:35:16.782+0000] {dag.py:3036} INFO - Sync 1 DAGs
[2026-04-25T05:35:16.789+0000] {logging_mixin.py:188} INFO - [2026-04-25T05:35:16.788+0000] {dag.py:3823} INFO - Setting next_dagrun for BuildELT_dbt to None, run_after=None
[2026-04-25T05:35:16.798+0000] {processor.py:183} INFO - Processing /opt/airflow/dags/build_elt_with_dbt.py took 0.056 seconds
[2026-04-25T05:35:47.351+0000] {processor.py:161} INFO - Started process (PID=240) to work on /opt/airflow/dags/build_elt_with_dbt.py
[2026-04-25T05:35:47.352+0000] {processor.py:830} INFO - Processing file /opt/airflow/dags/build_elt_with_dbt.py for tasks to queue
[2026-04-25T05:35:47.354+0000] {logging_mixin.py:188} INFO - [2026-04-25T05:35:47.353+0000] {dagbag.py:538} INFO - Filling up the DagBag from /opt/airflow/dags/build_elt_with_dbt.py
[2026-04-25T05:35:47.369+0000] {logging_mixin.py:188} INFO - [2026-04-25T05:35:47.369+0000] {base.py:83} INFO - Using connection ID 'snowflake_conn' for task execution.
[2026-04-25T05:35:47.374+0000] {processor.py:840} INFO - DAG(s) 'BuildELT_dbt' retrieved from /opt/airflow/dags/build_elt_with_dbt.py
[2026-04-25T05:35:47.388+0000] {logging_mixin.py:188} INFO - [2026-04-25T05:35:47.387+0000] {dag.py:3036} INFO - Sync 1 DAGs
[2026-04-25T05:35:47.394+0000] {logging_mixin.py:188} INFO - [2026-04-25T05:35:47.394+0000] {dag.py:3823} INFO - Setting next_dagrun for BuildELT_dbt to None, run_after=None
[2026-04-25T05:35:47.404+0000] {processor.py:183} INFO - Processing /opt/airflow/dags/build_elt_with_dbt.py took 0.055 seconds
[2026-04-25T05:36:17.982+0000] {processor.py:161} INFO - Started process (PID=247) to work on /opt/airflow/dags/build_elt_with_dbt.py
[2026-04-25T05:36:17.983+0000] {processor.py:830} INFO - Processing file /opt/airflow/dags/build_elt_with_dbt.py for tasks to queue
[2026-04-25T05:36:17.985+0000] {logging_mixin.py:188} INFO - [2026-04-25T05:36:17.985+0000] {dagbag.py:538} INFO - Filling up the DagBag from /opt/airflow/dags/build_elt_with_dbt.py
[2026-04-25T05:36:18.000+0000] {logging_mixin.py:188} INFO - [2026-04-25T05:36:18.000+0000] {base.py:83} INFO - Using connection ID 'snowflake_conn' for task execution.
[2026-04-25T05:36:18.006+0000] {processor.py:840} INFO - DAG(s) 'BuildELT_dbt' retrieved from /opt/airflow/dags/build_elt_with_dbt.py
[2026-04-25T05:36:18.018+0000] {logging_mixin.py:188} INFO - [2026-04-25T05:36:18.018+0000] {dag.py:3036} INFO - Sync 1 DAGs
[2026-04-25T05:36:18.025+0000] {logging_mixin.py:188} INFO - [2026-04-25T05:36:18.025+0000] {dag.py:3823} INFO - Setting next_dagrun for BuildELT_dbt to None, run_after=None
[2026-04-25T05:36:18.034+0000] {processor.py:183} INFO - Processing /opt/airflow/dags/build_elt_with_dbt.py took 0.055 seconds
[2026-04-25T05:36:48.580+0000] {processor.py:161} INFO - Started process (PID=254) to work on /opt/airflow/dags/build_elt_with_dbt.py
[2026-04-25T05:36:48.581+0000] {processor.py:830} INFO - Processing file /opt/airflow/dags/build_elt_with_dbt.py for tasks to queue
[2026-04-25T05:36:48.584+0000] {logging_mixin.py:188} INFO - [2026-04-25T05:36:48.584+0000] {dagbag.py:538} INFO - Filling up the DagBag from /opt/airflow/dags/build_elt_with_dbt.py
[2026-04-25T05:36:48.605+0000] {logging_mixin.py:188} INFO - [2026-04-25T05:36:48.605+0000] {base.py:83} INFO - Using connection ID 'snowflake_conn' for task execution.
[2026-04-25T05:36:48.610+0000] {processor.py:840} INFO - DAG(s) 'BuildELT_dbt' retrieved from /opt/airflow/dags/build_elt_with_dbt.py
[2026-04-25T05:36:48.621+0000] {logging_mixin.py:188} INFO - [2026-04-25T05:36:48.621+0000] {dag.py:3036} INFO - Sync 1 DAGs
[2026-04-25T05:36:48.628+0000] {logging_mixin.py:188} INFO - [2026-04-25T05:36:48.628+0000] {dag.py:3823} INFO - Setting next_dagrun for BuildELT_dbt to None, run_after=None
[2026-04-25T05:36:48.638+0000] {processor.py:183} INFO - Processing /opt/airflow/dags/build_elt_with_dbt.py took 0.062 seconds
[2026-04-25T05:37:19.198+0000] {processor.py:161} INFO - Started process (PID=261) to work on /opt/airflow/dags/build_elt_with_dbt.py
[2026-04-25T05:37:19.198+0000] {processor.py:830} INFO - Processing file /opt/airflow/dags/build_elt_with_dbt.py for tasks to queue
[2026-04-25T05:37:19.201+0000] {logging_mixin.py:188} INFO - [2026-04-25T05:37:19.201+0000] {dagbag.py:538} INFO - Filling up the DagBag from /opt/airflow/dags/build_elt_with_dbt.py
[2026-04-25T05:37:19.219+0000] {logging_mixin.py:188} INFO - [2026-04-25T05:37:19.219+0000] {base.py:83} INFO - Using connection ID 'snowflake_conn' for task execution.
[2026-04-25T05:37:19.225+0000] {processor.py:840} INFO - DAG(s) 'BuildELT_dbt' retrieved from /opt/airflow/dags/build_elt_with_dbt.py
[2026-04-25T05:37:19.238+0000] {logging_mixin.py:188} INFO - [2026-04-25T05:37:19.238+0000] {dag.py:3036} INFO - Sync 1 DAGs
[2026-04-25T05:37:19.245+0000] {logging_mixin.py:188} INFO - [2026-04-25T05:37:19.245+0000] {dag.py:3823} INFO - Setting next_dagrun for BuildELT_dbt to None, run_after=None
[2026-04-25T05:37:19.255+0000] {processor.py:183} INFO - Processing /opt/airflow/dags/build_elt_with_dbt.py took 0.060 seconds
[2026-04-25T05:37:49.800+0000] {processor.py:161} INFO - Started process (PID=268) to work on /opt/airflow/dags/build_elt_with_dbt.py
[2026-04-25T05:37:49.801+0000] {processor.py:830} INFO - Processing file /opt/airflow/dags/build_elt_with_dbt.py for tasks to queue
[2026-04-25T05:37:49.802+0000] {logging_mixin.py:188} INFO - [2026-04-25T05:37:49.802+0000] {dagbag.py:538} INFO - Filling up the DagBag from /opt/airflow/dags/build_elt_with_dbt.py
[2026-04-25T05:37:49.818+0000] {logging_mixin.py:188} INFO - [2026-04-25T05:37:49.818+0000] {base.py:83} INFO - Using connection ID 'snowflake_conn' for task execution.
[2026-04-25T05:37:49.823+0000] {processor.py:840} INFO - DAG(s) 'BuildELT_dbt' retrieved from /opt/airflow/dags/build_elt_with_dbt.py
[2026-04-25T05:37:49.836+0000] {logging_mixin.py:188} INFO - [2026-04-25T05:37:49.836+0000] {dag.py:3036} INFO - Sync 1 DAGs
[2026-04-25T05:37:49.843+0000] {logging_mixin.py:188} INFO - [2026-04-25T05:37:49.843+0000] {dag.py:3823} INFO - Setting next_dagrun for BuildELT_dbt to None, run_after=None
[2026-04-25T05:37:49.853+0000] {processor.py:183} INFO - Processing /opt/airflow/dags/build_elt_with_dbt.py took 0.056 seconds
[2026-04-25T06:12:18.458+0000] {processor.py:161} INFO - Started process (PID=275) to work on /opt/airflow/dags/build_elt_with_dbt.py
[2026-04-25T06:12:18.460+0000] {processor.py:830} INFO - Processing file /opt/airflow/dags/build_elt_with_dbt.py for tasks to queue
[2026-04-25T06:12:18.468+0000] {logging_mixin.py:188} INFO - [2026-04-25T06:12:18.467+0000] {dagbag.py:538} INFO - Filling up the DagBag from /opt/airflow/dags/build_elt_with_dbt.py
[2026-04-25T06:12:18.511+0000] {logging_mixin.py:188} INFO - [2026-04-25T06:12:18.511+0000] {base.py:83} INFO - Using connection ID 'snowflake_conn' for task execution.
[2026-04-25T06:12:18.522+0000] {processor.py:840} INFO - DAG(s) 'BuildELT_dbt' retrieved from /opt/airflow/dags/build_elt_with_dbt.py
[2026-04-25T06:12:18.589+0000] {logging_mixin.py:188} INFO - [2026-04-25T06:12:18.589+0000] {dag.py:3036} INFO - Sync 1 DAGs
[2026-04-25T06:12:18.608+0000] {logging_mixin.py:188} INFO - [2026-04-25T06:12:18.608+0000] {dag.py:3823} INFO - Setting next_dagrun for BuildELT_dbt to None, run_after=None
[2026-04-25T06:12:18.638+0000] {processor.py:183} INFO - Processing /opt/airflow/dags/build_elt_with_dbt.py took 0.183 seconds
[2026-04-25T06:15:35.537+0000] {processor.py:161} INFO - Started process (PID=282) to work on /opt/airflow/dags/build_elt_with_dbt.py
[2026-04-25T06:15:35.539+0000] {processor.py:830} INFO - Processing file /opt/airflow/dags/build_elt_with_dbt.py for tasks to queue
[2026-04-25T06:15:35.541+0000] {logging_mixin.py:188} INFO - [2026-04-25T06:15:35.541+0000] {dagbag.py:538} INFO - Filling up the DagBag from /opt/airflow/dags/build_elt_with_dbt.py
[2026-04-25T06:15:35.562+0000] {logging_mixin.py:188} INFO - [2026-04-25T06:15:35.562+0000] {base.py:83} INFO - Using connection ID 'snowflake_conn' for task execution.
[2026-04-25T06:15:35.569+0000] {processor.py:840} INFO - DAG(s) 'BuildELT_dbt' retrieved from /opt/airflow/dags/build_elt_with_dbt.py
[2026-04-25T06:15:35.587+0000] {logging_mixin.py:188} INFO - [2026-04-25T06:15:35.586+0000] {dag.py:3036} INFO - Sync 1 DAGs
[2026-04-25T06:15:35.596+0000] {logging_mixin.py:188} INFO - [2026-04-25T06:15:35.596+0000] {dag.py:3823} INFO - Setting next_dagrun for BuildELT_dbt to None, run_after=None
[2026-04-25T06:15:35.618+0000] {processor.py:183} INFO - Processing /opt/airflow/dags/build_elt_with_dbt.py took 0.084 seconds
[2026-04-25T06:16:48.312+0000] {processor.py:161} INFO - Started process (PID=289) to work on /opt/airflow/dags/build_elt_with_dbt.py
[2026-04-25T06:16:48.313+0000] {processor.py:830} INFO - Processing file /opt/airflow/dags/build_elt_with_dbt.py for tasks to queue
[2026-04-25T06:16:48.315+0000] {logging_mixin.py:188} INFO - [2026-04-25T06:16:48.314+0000] {dagbag.py:538} INFO - Filling up the DagBag from /opt/airflow/dags/build_elt_with_dbt.py
[2026-04-25T06:16:48.331+0000] {logging_mixin.py:188} INFO - [2026-04-25T06:16:48.331+0000] {base.py:83} INFO - Using connection ID 'snowflake_conn' for task execution.
[2026-04-25T06:16:48.338+0000] {processor.py:840} INFO - DAG(s) 'BuildELT_dbt' retrieved from /opt/airflow/dags/build_elt_with_dbt.py
[2026-04-25T06:16:48.351+0000] {logging_mixin.py:188} INFO - [2026-04-25T06:16:48.351+0000] {dag.py:3036} INFO - Sync 1 DAGs
[2026-04-25T06:16:48.359+0000] {logging_mixin.py:188} INFO - [2026-04-25T06:16:48.358+0000] {dag.py:3823} INFO - Setting next_dagrun for BuildELT_dbt to None, run_after=None
[2026-04-25T06:16:48.374+0000] {processor.py:183} INFO - Processing /opt/airflow/dags/build_elt_with_dbt.py took 0.065 seconds
[2026-04-25T06:43:49.406+0000] {processor.py:161} INFO - Started process (PID=296) to work on /opt/airflow/dags/build_elt_with_dbt.py
[2026-04-25T06:43:49.406+0000] {processor.py:830} INFO - Processing file /opt/airflow/dags/build_elt_with_dbt.py for tasks to queue
[2026-04-25T06:43:49.409+0000] {logging_mixin.py:188} INFO - [2026-04-25T06:43:49.409+0000] {dagbag.py:538} INFO - Filling up the DagBag from /opt/airflow/dags/build_elt_with_dbt.py
[2026-04-25T06:43:49.430+0000] {logging_mixin.py:188} INFO - [2026-04-25T06:43:49.430+0000] {base.py:83} INFO - Using connection ID 'snowflake_conn' for task execution.
[2026-04-25T06:43:49.436+0000] {processor.py:840} INFO - DAG(s) 'BuildELT_dbt' retrieved from /opt/airflow/dags/build_elt_with_dbt.py
[2026-04-25T06:43:49.450+0000] {logging_mixin.py:188} INFO - [2026-04-25T06:43:49.450+0000] {dag.py:3036} INFO - Sync 1 DAGs
[2026-04-25T06:43:49.461+0000] {logging_mixin.py:188} INFO - [2026-04-25T06:43:49.461+0000] {dag.py:3823} INFO - Setting next_dagrun for BuildELT_dbt to None, run_after=None
[2026-04-25T06:43:49.479+0000] {processor.py:183} INFO - Processing /opt/airflow/dags/build_elt_with_dbt.py took 0.075 seconds
[2026-04-25T06:44:20.295+0000] {processor.py:161} INFO - Started process (PID=303) to work on /opt/airflow/dags/build_elt_with_dbt.py
[2026-04-25T06:44:20.295+0000] {processor.py:830} INFO - Processing file /opt/airflow/dags/build_elt_with_dbt.py for tasks to queue
[2026-04-25T06:44:20.298+0000] {logging_mixin.py:188} INFO - [2026-04-25T06:44:20.298+0000] {dagbag.py:538} INFO - Filling up the DagBag from /opt/airflow/dags/build_elt_with_dbt.py
[2026-04-25T06:44:20.316+0000] {logging_mixin.py:188} INFO - [2026-04-25T06:44:20.315+0000] {base.py:83} INFO - Using connection ID 'snowflake_conn' for task execution.
[2026-04-25T06:44:20.324+0000] {processor.py:840} INFO - DAG(s) 'BuildELT_dbt' retrieved from /opt/airflow/dags/build_elt_with_dbt.py
[2026-04-25T06:44:20.336+0000] {logging_mixin.py:188} INFO - [2026-04-25T06:44:20.336+0000] {dag.py:3036} INFO - Sync 1 DAGs
[2026-04-25T06:44:20.346+0000] {logging_mixin.py:188} INFO - [2026-04-25T06:44:20.346+0000] {dag.py:3823} INFO - Setting next_dagrun for BuildELT_dbt to None, run_after=None
[2026-04-25T06:44:20.365+0000] {processor.py:183} INFO - Processing /opt/airflow/dags/build_elt_with_dbt.py took 0.072 seconds
[2026-04-25T07:25:29.005+0000] {processor.py:161} INFO - Started process (PID=310) to work on /opt/airflow/dags/build_elt_with_dbt.py
[2026-04-25T07:25:29.007+0000] {processor.py:830} INFO - Processing file /opt/airflow/dags/build_elt_with_dbt.py for tasks to queue
[2026-04-25T07:25:29.009+0000] {logging_mixin.py:188} INFO - [2026-04-25T07:25:29.008+0000] {dagbag.py:538} INFO - Filling up the DagBag from /opt/airflow/dags/build_elt_with_dbt.py
[2026-04-25T07:25:29.030+0000] {logging_mixin.py:188} INFO - [2026-04-25T07:25:29.029+0000] {base.py:83} INFO - Using connection ID 'snowflake_conn' for task execution.
[2026-04-25T07:25:29.037+0000] {processor.py:840} INFO - DAG(s) 'BuildELT_dbt' retrieved from /opt/airflow/dags/build_elt_with_dbt.py
[2026-04-25T07:25:29.053+0000] {logging_mixin.py:188} INFO - [2026-04-25T07:25:29.052+0000] {dag.py:3036} INFO - Sync 1 DAGs
[2026-04-25T07:25:29.062+0000] {logging_mixin.py:188} INFO - [2026-04-25T07:25:29.061+0000] {dag.py:3823} INFO - Setting next_dagrun for BuildELT_dbt to None, run_after=None
[2026-04-25T07:25:29.084+0000] {processor.py:183} INFO - Processing /opt/airflow/dags/build_elt_with_dbt.py took 0.082 seconds
[2026-04-25T07:38:41.000+0000] {processor.py:161} INFO - Started process (PID=317) to work on /opt/airflow/dags/build_elt_with_dbt.py
[2026-04-25T07:38:41.001+0000] {processor.py:830} INFO - Processing file /opt/airflow/dags/build_elt_with_dbt.py for tasks to queue
[2026-04-25T07:38:41.004+0000] {logging_mixin.py:188} INFO - [2026-04-25T07:38:41.003+0000] {dagbag.py:538} INFO - Filling up the DagBag from /opt/airflow/dags/build_elt_with_dbt.py
[2026-04-25T07:38:41.024+0000] {logging_mixin.py:188} INFO - [2026-04-25T07:38:41.024+0000] {base.py:83} INFO - Using connection ID 'snowflake_conn' for task execution.
[2026-04-25T07:38:41.032+0000] {processor.py:840} INFO - DAG(s) 'BuildELT_dbt' retrieved from /opt/airflow/dags/build_elt_with_dbt.py
[2026-04-25T07:38:41.055+0000] {logging_mixin.py:188} INFO - [2026-04-25T07:38:41.054+0000] {dag.py:3036} INFO - Sync 1 DAGs
[2026-04-25T07:38:41.065+0000] {logging_mixin.py:188} INFO - [2026-04-25T07:38:41.065+0000] {dag.py:3823} INFO - Setting next_dagrun for BuildELT_dbt to None, run_after=None
[2026-04-25T07:38:41.090+0000] {processor.py:183} INFO - Processing /opt/airflow/dags/build_elt_with_dbt.py took 0.094 seconds
[2026-04-25T08:03:28.719+0000] {processor.py:161} INFO - Started process (PID=324) to work on /opt/airflow/dags/build_elt_with_dbt.py
[2026-04-25T08:03:28.720+0000] {processor.py:830} INFO - Processing file /opt/airflow/dags/build_elt_with_dbt.py for tasks to queue
[2026-04-25T08:03:28.722+0000] {logging_mixin.py:188} INFO - [2026-04-25T08:03:28.722+0000] {dagbag.py:538} INFO - Filling up the DagBag from /opt/airflow/dags/build_elt_with_dbt.py
[2026-04-25T08:03:28.737+0000] {logging_mixin.py:188} INFO - [2026-04-25T08:03:28.737+0000] {base.py:83} INFO - Using connection ID 'snowflake_conn' for task execution.
[2026-04-25T08:03:28.741+0000] {processor.py:840} INFO - DAG(s) 'BuildELT_dbt' retrieved from /opt/airflow/dags/build_elt_with_dbt.py
[2026-04-25T08:03:28.754+0000] {logging_mixin.py:188} INFO - [2026-04-25T08:03:28.754+0000] {dag.py:3036} INFO - Sync 1 DAGs
[2026-04-25T08:03:28.762+0000] {logging_mixin.py:188} INFO - [2026-04-25T08:03:28.762+0000] {dag.py:3823} INFO - Setting next_dagrun for BuildELT_dbt to None, run_after=None
[2026-04-25T08:03:28.781+0000] {processor.py:183} INFO - Processing /opt/airflow/dags/build_elt_with_dbt.py took 0.065 seconds
[2026-04-25T08:03:59.301+0000] {processor.py:161} INFO - Started process (PID=331) to work on /opt/airflow/dags/build_elt_with_dbt.py
[2026-04-25T08:03:59.302+0000] {processor.py:830} INFO - Processing file /opt/airflow/dags/build_elt_with_dbt.py for tasks to queue
[2026-04-25T08:03:59.305+0000] {logging_mixin.py:188} INFO - [2026-04-25T08:03:59.304+0000] {dagbag.py:538} INFO - Filling up the DagBag from /opt/airflow/dags/build_elt_with_dbt.py
[2026-04-25T08:03:59.321+0000] {logging_mixin.py:188} INFO - [2026-04-25T08:03:59.321+0000] {base.py:83} INFO - Using connection ID 'snowflake_conn' for task execution.
[2026-04-25T08:03:59.326+0000] {processor.py:840} INFO - DAG(s) 'BuildELT_dbt' retrieved from /opt/airflow/dags/build_elt_with_dbt.py
[2026-04-25T08:03:59.341+0000] {logging_mixin.py:188} INFO - [2026-04-25T08:03:59.341+0000] {dag.py:3036} INFO - Sync 1 DAGs
[2026-04-25T08:03:59.348+0000] {logging_mixin.py:188} INFO - [2026-04-25T08:03:59.348+0000] {dag.py:3823} INFO - Setting next_dagrun for BuildELT_dbt to None, run_after=None
[2026-04-25T08:03:59.365+0000] {processor.py:183} INFO - Processing /opt/airflow/dags/build_elt_with_dbt.py took 0.066 seconds
[2026-04-25T08:52:39.118+0000] {processor.py:161} INFO - Started process (PID=338) to work on /opt/airflow/dags/build_elt_with_dbt.py
[2026-04-25T08:52:39.119+0000] {processor.py:830} INFO - Processing file /opt/airflow/dags/build_elt_with_dbt.py for tasks to queue
[2026-04-25T08:52:39.123+0000] {logging_mixin.py:188} INFO - [2026-04-25T08:52:39.123+0000] {dagbag.py:538} INFO - Filling up the DagBag from /opt/airflow/dags/build_elt_with_dbt.py
[2026-04-25T08:52:39.141+0000] {logging_mixin.py:188} INFO - [2026-04-25T08:52:39.141+0000] {base.py:83} INFO - Using connection ID 'snowflake_conn' for task execution.
[2026-04-25T08:52:39.147+0000] {processor.py:840} INFO - DAG(s) 'BuildELT_dbt' retrieved from /opt/airflow/dags/build_elt_with_dbt.py
[2026-04-25T08:52:39.169+0000] {logging_mixin.py:188} INFO - [2026-04-25T08:52:39.169+0000] {dag.py:3036} INFO - Sync 1 DAGs
[2026-04-25T08:52:39.179+0000] {logging_mixin.py:188} INFO - [2026-04-25T08:52:39.179+0000] {dag.py:3823} INFO - Setting next_dagrun for BuildELT_dbt to None, run_after=None
[2026-04-25T08:52:39.198+0000] {processor.py:183} INFO - Processing /opt/airflow/dags/build_elt_with_dbt.py took 0.082 seconds
[2026-04-25T10:31:08.317+0000] {processor.py:161} INFO - Started process (PID=345) to work on /opt/airflow/dags/build_elt_with_dbt.py
[2026-04-25T10:31:08.318+0000] {processor.py:830} INFO - Processing file /opt/airflow/dags/build_elt_with_dbt.py for tasks to queue
[2026-04-25T10:31:08.321+0000] {logging_mixin.py:188} INFO - [2026-04-25T10:31:08.321+0000] {dagbag.py:538} INFO - Filling up the DagBag from /opt/airflow/dags/build_elt_with_dbt.py
[2026-04-25T10:31:08.344+0000] {logging_mixin.py:188} INFO - [2026-04-25T10:31:08.344+0000] {base.py:83} INFO - Using connection ID 'snowflake_conn' for task execution.
[2026-04-25T10:31:08.349+0000] {processor.py:840} INFO - DAG(s) 'BuildELT_dbt' retrieved from /opt/airflow/dags/build_elt_with_dbt.py
[2026-04-25T10:31:08.369+0000] {logging_mixin.py:188} INFO - [2026-04-25T10:31:08.369+0000] {dag.py:3036} INFO - Sync 1 DAGs
[2026-04-25T10:31:08.382+0000] {logging_mixin.py:188} INFO - [2026-04-25T10:31:08.382+0000] {dag.py:3823} INFO - Setting next_dagrun for BuildELT_dbt to None, run_after=None
[2026-04-25T10:31:08.420+0000] {processor.py:183} INFO - Processing /opt/airflow/dags/build_elt_with_dbt.py took 0.106 seconds
[2026-04-25T11:36:09.414+0000] {processor.py:161} INFO - Started process (PID=352) to work on /opt/airflow/dags/build_elt_with_dbt.py
[2026-04-25T11:36:09.415+0000] {processor.py:830} INFO - Processing file /opt/airflow/dags/build_elt_with_dbt.py for tasks to queue
[2026-04-25T11:36:09.420+0000] {logging_mixin.py:188} INFO - [2026-04-25T11:36:09.419+0000] {dagbag.py:538} INFO - Filling up the DagBag from /opt/airflow/dags/build_elt_with_dbt.py
[2026-04-25T11:36:09.444+0000] {logging_mixin.py:188} INFO - [2026-04-25T11:36:09.444+0000] {base.py:83} INFO - Using connection ID 'snowflake_conn' for task execution.
[2026-04-25T11:36:09.450+0000] {processor.py:840} INFO - DAG(s) 'BuildELT_dbt' retrieved from /opt/airflow/dags/build_elt_with_dbt.py
[2026-04-25T11:36:09.472+0000] {logging_mixin.py:188} INFO - [2026-04-25T11:36:09.472+0000] {dag.py:3036} INFO - Sync 1 DAGs
[2026-04-25T11:36:09.481+0000] {logging_mixin.py:188} INFO - [2026-04-25T11:36:09.481+0000] {dag.py:3823} INFO - Setting next_dagrun for BuildELT_dbt to None, run_after=None
[2026-04-25T11:36:09.498+0000] {processor.py:183} INFO - Processing /opt/airflow/dags/build_elt_with_dbt.py took 0.086 seconds
[2026-04-25T13:18:40.896+0000] {processor.py:161} INFO - Started process (PID=359) to work on /opt/airflow/dags/build_elt_with_dbt.py
[2026-04-25T13:18:40.897+0000] {processor.py:830} INFO - Processing file /opt/airflow/dags/build_elt_with_dbt.py for tasks to queue
[2026-04-25T13:18:40.899+0000] {logging_mixin.py:188} INFO - [2026-04-25T13:18:40.899+0000] {dagbag.py:538} INFO - Filling up the DagBag from /opt/airflow/dags/build_elt_with_dbt.py
[2026-04-25T13:18:40.920+0000] {logging_mixin.py:188} INFO - [2026-04-25T13:18:40.920+0000] {base.py:83} INFO - Using connection ID 'snowflake_conn' for task execution.
[2026-04-25T13:18:40.928+0000] {processor.py:840} INFO - DAG(s) 'BuildELT_dbt' retrieved from /opt/airflow/dags/build_elt_with_dbt.py
[2026-04-25T13:18:40.947+0000] {logging_mixin.py:188} INFO - [2026-04-25T13:18:40.947+0000] {dag.py:3036} INFO - Sync 1 DAGs
[2026-04-25T13:18:40.958+0000] {logging_mixin.py:188} INFO - [2026-04-25T13:18:40.958+0000] {dag.py:3823} INFO - Setting next_dagrun for BuildELT_dbt to None, run_after=None
[2026-04-25T13:18:40.978+0000] {processor.py:183} INFO - Processing /opt/airflow/dags/build_elt_with_dbt.py took 0.086 seconds
[2026-04-25T15:01:12.981+0000] {processor.py:161} INFO - Started process (PID=366) to work on /opt/airflow/dags/build_elt_with_dbt.py
[2026-04-25T15:01:12.981+0000] {processor.py:830} INFO - Processing file /opt/airflow/dags/build_elt_with_dbt.py for tasks to queue
[2026-04-25T15:01:12.983+0000] {logging_mixin.py:188} INFO - [2026-04-25T15:01:12.983+0000] {dagbag.py:538} INFO - Filling up the DagBag from /opt/airflow/dags/build_elt_with_dbt.py
[2026-04-25T15:01:12.999+0000] {logging_mixin.py:188} INFO - [2026-04-25T15:01:12.999+0000] {base.py:83} INFO - Using connection ID 'snowflake_conn' for task execution.
[2026-04-25T15:01:13.004+0000] {processor.py:840} INFO - DAG(s) 'BuildELT_dbt' retrieved from /opt/airflow/dags/build_elt_with_dbt.py
[2026-04-25T15:01:13.019+0000] {logging_mixin.py:188} INFO - [2026-04-25T15:01:13.019+0000] {dag.py:3036} INFO - Sync 1 DAGs
[2026-04-25T15:01:13.027+0000] {logging_mixin.py:188} INFO - [2026-04-25T15:01:13.027+0000] {dag.py:3823} INFO - Setting next_dagrun for BuildELT_dbt to None, run_after=None
[2026-04-25T15:01:13.049+0000] {processor.py:183} INFO - Processing /opt/airflow/dags/build_elt_with_dbt.py took 0.072 seconds
[2026-04-25T16:25:08.003+0000] {processor.py:161} INFO - Started process (PID=373) to work on /opt/airflow/dags/build_elt_with_dbt.py
[2026-04-25T16:25:08.004+0000] {processor.py:830} INFO - Processing file /opt/airflow/dags/build_elt_with_dbt.py for tasks to queue
[2026-04-25T16:25:08.006+0000] {logging_mixin.py:188} INFO - [2026-04-25T16:25:08.006+0000] {dagbag.py:538} INFO - Filling up the DagBag from /opt/airflow/dags/build_elt_with_dbt.py
[2026-04-25T16:25:08.027+0000] {logging_mixin.py:188} INFO - [2026-04-25T16:25:08.027+0000] {base.py:83} INFO - Using connection ID 'snowflake_conn' for task execution.
[2026-04-25T16:25:08.038+0000] {processor.py:840} INFO - DAG(s) 'BuildELT_dbt' retrieved from /opt/airflow/dags/build_elt_with_dbt.py
[2026-04-25T16:25:08.054+0000] {logging_mixin.py:188} INFO - [2026-04-25T16:25:08.053+0000] {dag.py:3036} INFO - Sync 1 DAGs
[2026-04-25T16:25:08.064+0000] {logging_mixin.py:188} INFO - [2026-04-25T16:25:08.064+0000] {dag.py:3823} INFO - Setting next_dagrun for BuildELT_dbt to None, run_after=None
[2026-04-25T16:25:08.086+0000] {processor.py:183} INFO - Processing /opt/airflow/dags/build_elt_with_dbt.py took 0.087 seconds
[2026-04-25T17:10:11.656+0000] {processor.py:161} INFO - Started process (PID=380) to work on /opt/airflow/dags/build_elt_with_dbt.py
[2026-04-25T17:10:11.658+0000] {processor.py:830} INFO - Processing file /opt/airflow/dags/build_elt_with_dbt.py for tasks to queue
[2026-04-25T17:10:11.662+0000] {logging_mixin.py:188} INFO - [2026-04-25T17:10:11.662+0000] {dagbag.py:538} INFO - Filling up the DagBag from /opt/airflow/dags/build_elt_with_dbt.py
[2026-04-25T17:10:11.700+0000] {logging_mixin.py:188} INFO - [2026-04-25T17:10:11.700+0000] {base.py:83} INFO - Using connection ID 'snowflake_conn' for task execution.
[2026-04-25T17:10:11.711+0000] {processor.py:840} INFO - DAG(s) 'BuildELT_dbt' retrieved from /opt/airflow/dags/build_elt_with_dbt.py
[2026-04-25T17:10:11.735+0000] {logging_mixin.py:188} INFO - [2026-04-25T17:10:11.735+0000] {dag.py:3036} INFO - Sync 1 DAGs
[2026-04-25T17:10:11.745+0000] {logging_mixin.py:188} INFO - [2026-04-25T17:10:11.745+0000] {dag.py:3823} INFO - Setting next_dagrun for BuildELT_dbt to None, run_after=None
[2026-04-25T17:10:11.763+0000] {processor.py:183} INFO - Processing /opt/airflow/dags/build_elt_with_dbt.py took 0.112 seconds
[2026-04-25T17:19:08.540+0000] {processor.py:161} INFO - Started process (PID=387) to work on /opt/airflow/dags/build_elt_with_dbt.py
[2026-04-25T17:19:08.542+0000] {processor.py:830} INFO - Processing file /opt/airflow/dags/build_elt_with_dbt.py for tasks to queue
[2026-04-25T17:19:08.544+0000] {logging_mixin.py:188} INFO - [2026-04-25T17:19:08.544+0000] {dagbag.py:538} INFO - Filling up the DagBag from /opt/airflow/dags/build_elt_with_dbt.py
[2026-04-25T17:19:08.561+0000] {logging_mixin.py:188} INFO - [2026-04-25T17:19:08.561+0000] {base.py:83} INFO - Using connection ID 'snowflake_conn' for task execution.
[2026-04-25T17:19:08.566+0000] {processor.py:840} INFO - DAG(s) 'BuildELT_dbt' retrieved from /opt/airflow/dags/build_elt_with_dbt.py
[2026-04-25T17:19:08.582+0000] {logging_mixin.py:188} INFO - [2026-04-25T17:19:08.581+0000] {dag.py:3036} INFO - Sync 1 DAGs
[2026-04-25T17:19:08.591+0000] {logging_mixin.py:188} INFO - [2026-04-25T17:19:08.591+0000] {dag.py:3823} INFO - Setting next_dagrun for BuildELT_dbt to None, run_after=None
[2026-04-25T17:19:08.612+0000] {processor.py:183} INFO - Processing /opt/airflow/dags/build_elt_with_dbt.py took 0.074 seconds
[2026-04-25T17:19:39.153+0000] {processor.py:161} INFO - Started process (PID=394) to work on /opt/airflow/dags/build_elt_with_dbt.py
[2026-04-25T17:19:39.155+0000] {processor.py:830} INFO - Processing file /opt/airflow/dags/build_elt_with_dbt.py for tasks to queue
[2026-04-25T17:19:39.157+0000] {logging_mixin.py:188} INFO - [2026-04-25T17:19:39.157+0000] {dagbag.py:538} INFO - Filling up the DagBag from /opt/airflow/dags/build_elt_with_dbt.py
[2026-04-25T17:19:39.185+0000] {logging_mixin.py:188} INFO - [2026-04-25T17:19:39.184+0000] {base.py:83} INFO - Using connection ID 'snowflake_conn' for task execution.
[2026-04-25T17:19:39.190+0000] {processor.py:840} INFO - DAG(s) 'BuildELT_dbt' retrieved from /opt/airflow/dags/build_elt_with_dbt.py
[2026-04-25T17:19:39.209+0000] {logging_mixin.py:188} INFO - [2026-04-25T17:19:39.209+0000] {dag.py:3036} INFO - Sync 1 DAGs
[2026-04-25T17:19:39.224+0000] {logging_mixin.py:188} INFO - [2026-04-25T17:19:39.223+0000] {dag.py:3823} INFO - Setting next_dagrun for BuildELT_dbt to None, run_after=None
[2026-04-25T17:19:39.244+0000] {processor.py:183} INFO - Processing /opt/airflow/dags/build_elt_with_dbt.py took 0.095 seconds
[2026-04-25T18:17:56.100+0000] {processor.py:161} INFO - Started process (PID=401) to work on /opt/airflow/dags/build_elt_with_dbt.py
[2026-04-25T18:17:56.101+0000] {processor.py:830} INFO - Processing file /opt/airflow/dags/build_elt_with_dbt.py for tasks to queue
[2026-04-25T18:17:56.104+0000] {logging_mixin.py:188} INFO - [2026-04-25T18:17:56.104+0000] {dagbag.py:538} INFO - Filling up the DagBag from /opt/airflow/dags/build_elt_with_dbt.py
[2026-04-25T18:17:56.133+0000] {logging_mixin.py:188} INFO - [2026-04-25T18:17:56.133+0000] {base.py:83} INFO - Using connection ID 'snowflake_conn' for task execution.
[2026-04-25T18:17:56.146+0000] {processor.py:840} INFO - DAG(s) 'BuildELT_dbt' retrieved from /opt/airflow/dags/build_elt_with_dbt.py
[2026-04-25T18:17:56.163+0000] {logging_mixin.py:188} INFO - [2026-04-25T18:17:56.163+0000] {dag.py:3036} INFO - Sync 1 DAGs
[2026-04-25T18:17:56.175+0000] {logging_mixin.py:188} INFO - [2026-04-25T18:17:56.175+0000] {dag.py:3823} INFO - Setting next_dagrun for BuildELT_dbt to None, run_after=None
[2026-04-25T18:17:56.196+0000] {processor.py:183} INFO - Processing /opt/airflow/dags/build_elt_with_dbt.py took 0.100 seconds
[2026-04-25T18:20:37.491+0000] {processor.py:161} INFO - Started process (PID=408) to work on /opt/airflow/dags/build_elt_with_dbt.py
[2026-04-25T18:20:37.495+0000] {processor.py:830} INFO - Processing file /opt/airflow/dags/build_elt_with_dbt.py for tasks to queue
[2026-04-25T18:20:37.500+0000] {logging_mixin.py:188} INFO - [2026-04-25T18:20:37.499+0000] {dagbag.py:538} INFO - Filling up the DagBag from /opt/airflow/dags/build_elt_with_dbt.py
[2026-04-25T18:20:37.526+0000] {logging_mixin.py:188} INFO - [2026-04-25T18:20:37.526+0000] {base.py:83} INFO - Using connection ID 'snowflake_conn' for task execution.
[2026-04-25T18:20:37.532+0000] {processor.py:840} INFO - DAG(s) 'BuildELT_dbt' retrieved from /opt/airflow/dags/build_elt_with_dbt.py
[2026-04-25T18:20:37.550+0000] {logging_mixin.py:188} INFO - [2026-04-25T18:20:37.550+0000] {dag.py:3036} INFO - Sync 1 DAGs
[2026-04-25T18:20:37.560+0000] {logging_mixin.py:188} INFO - [2026-04-25T18:20:37.560+0000] {dag.py:3823} INFO - Setting next_dagrun for BuildELT_dbt to None, run_after=None
[2026-04-25T18:20:37.582+0000] {processor.py:183} INFO - Processing /opt/airflow/dags/build_elt_with_dbt.py took 0.099 seconds
[2026-04-25T18:43:11.881+0000] {processor.py:161} INFO - Started process (PID=415) to work on /opt/airflow/dags/build_elt_with_dbt.py
[2026-04-25T18:43:11.882+0000] {processor.py:830} INFO - Processing file /opt/airflow/dags/build_elt_with_dbt.py for tasks to queue
[2026-04-25T18:43:11.885+0000] {logging_mixin.py:188} INFO - [2026-04-25T18:43:11.884+0000] {dagbag.py:538} INFO - Filling up the DagBag from /opt/airflow/dags/build_elt_with_dbt.py
[2026-04-25T18:43:11.907+0000] {logging_mixin.py:188} INFO - [2026-04-25T18:43:11.907+0000] {base.py:83} INFO - Using connection ID 'snowflake_conn' for task execution.
[2026-04-25T18:43:11.912+0000] {processor.py:840} INFO - DAG(s) 'BuildELT_dbt' retrieved from /opt/airflow/dags/build_elt_with_dbt.py
[2026-04-25T18:43:11.924+0000] {logging_mixin.py:188} INFO - [2026-04-25T18:43:11.924+0000] {dag.py:3036} INFO - Sync 1 DAGs
[2026-04-25T18:43:11.933+0000] {logging_mixin.py:188} INFO - [2026-04-25T18:43:11.933+0000] {dag.py:3823} INFO - Setting next_dagrun for BuildELT_dbt to None, run_after=None
[2026-04-25T18:43:11.947+0000] {processor.py:183} INFO - Processing /opt/airflow/dags/build_elt_with_dbt.py took 0.069 seconds
[2026-04-25T18:52:27.949+0000] {processor.py:161} INFO - Started process (PID=422) to work on /opt/airflow/dags/build_elt_with_dbt.py
[2026-04-25T18:52:27.950+0000] {processor.py:830} INFO - Processing file /opt/airflow/dags/build_elt_with_dbt.py for tasks to queue
[2026-04-25T18:52:27.952+0000] {logging_mixin.py:188} INFO - [2026-04-25T18:52:27.951+0000] {dagbag.py:538} INFO - Filling up the DagBag from /opt/airflow/dags/build_elt_with_dbt.py
[2026-04-25T18:52:27.968+0000] {logging_mixin.py:188} INFO - [2026-04-25T18:52:27.968+0000] {base.py:83} INFO - Using connection ID 'snowflake_conn' for task execution.
[2026-04-25T18:52:27.972+0000] {processor.py:840} INFO - DAG(s) 'BuildELT_dbt' retrieved from /opt/airflow/dags/build_elt_with_dbt.py
[2026-04-25T18:52:27.988+0000] {logging_mixin.py:188} INFO - [2026-04-25T18:52:27.988+0000] {dag.py:3036} INFO - Sync 1 DAGs
[2026-04-25T18:52:27.999+0000] {logging_mixin.py:188} INFO - [2026-04-25T18:52:27.999+0000] {dag.py:3823} INFO - Setting next_dagrun for BuildELT_dbt to None, run_after=None
[2026-04-25T18:52:28.013+0000] {processor.py:183} INFO - Processing /opt/airflow/dags/build_elt_with_dbt.py took 0.066 seconds
[2026-04-25T18:57:56.719+0000] {processor.py:161} INFO - Started process (PID=429) to work on /opt/airflow/dags/build_elt_with_dbt.py
[2026-04-25T18:57:56.719+0000] {processor.py:830} INFO - Processing file /opt/airflow/dags/build_elt_with_dbt.py for tasks to queue
[2026-04-25T18:57:56.721+0000] {logging_mixin.py:188} INFO - [2026-04-25T18:57:56.721+0000] {dagbag.py:538} INFO - Filling up the DagBag from /opt/airflow/dags/build_elt_with_dbt.py
[2026-04-25T18:57:56.741+0000] {logging_mixin.py:188} INFO - [2026-04-25T18:57:56.740+0000] {base.py:83} INFO - Using connection ID 'snowflake_conn' for task execution.
[2026-04-25T18:57:56.748+0000] {processor.py:840} INFO - DAG(s) 'BuildELT_dbt' retrieved from /opt/airflow/dags/build_elt_with_dbt.py
[2026-04-25T18:57:56.765+0000] {logging_mixin.py:188} INFO - [2026-04-25T18:57:56.764+0000] {dag.py:3036} INFO - Sync 1 DAGs
[2026-04-25T18:57:56.774+0000] {logging_mixin.py:188} INFO - [2026-04-25T18:57:56.774+0000] {dag.py:3823} INFO - Setting next_dagrun for BuildELT_dbt to None, run_after=None
[2026-04-25T18:57:56.794+0000] {processor.py:183} INFO - Processing /opt/airflow/dags/build_elt_with_dbt.py took 0.078 seconds
[2026-04-25T18:59:27.231+0000] {processor.py:161} INFO - Started process (PID=436) to work on /opt/airflow/dags/build_elt_with_dbt.py
[2026-04-25T18:59:27.232+0000] {processor.py:830} INFO - Processing file /opt/airflow/dags/build_elt_with_dbt.py for tasks to queue
[2026-04-25T18:59:27.235+0000] {logging_mixin.py:188} INFO - [2026-04-25T18:59:27.235+0000] {dagbag.py:538} INFO - Filling up the DagBag from /opt/airflow/dags/build_elt_with_dbt.py
[2026-04-25T18:59:27.252+0000] {logging_mixin.py:188} INFO - [2026-04-25T18:59:27.251+0000] {base.py:83} INFO - Using connection ID 'snowflake_conn' for task execution.
[2026-04-25T18:59:27.257+0000] {processor.py:840} INFO - DAG(s) 'BuildELT_dbt' retrieved from /opt/airflow/dags/build_elt_with_dbt.py
[2026-04-25T18:59:27.276+0000] {logging_mixin.py:188} INFO - [2026-04-25T18:59:27.276+0000] {dag.py:3036} INFO - Sync 1 DAGs
[2026-04-25T18:59:27.285+0000] {logging_mixin.py:188} INFO - [2026-04-25T18:59:27.284+0000] {dag.py:3823} INFO - Setting next_dagrun for BuildELT_dbt to None, run_after=None
[2026-04-25T18:59:27.302+0000] {processor.py:183} INFO - Processing /opt/airflow/dags/build_elt_with_dbt.py took 0.073 seconds
[2026-04-25T19:02:26.121+0000] {processor.py:161} INFO - Started process (PID=443) to work on /opt/airflow/dags/build_elt_with_dbt.py
[2026-04-25T19:02:26.123+0000] {processor.py:830} INFO - Processing file /opt/airflow/dags/build_elt_with_dbt.py for tasks to queue
[2026-04-25T19:02:26.125+0000] {logging_mixin.py:188} INFO - [2026-04-25T19:02:26.125+0000] {dagbag.py:538} INFO - Filling up the DagBag from /opt/airflow/dags/build_elt_with_dbt.py
[2026-04-25T19:02:26.145+0000] {logging_mixin.py:188} INFO - [2026-04-25T19:02:26.145+0000] {base.py:83} INFO - Using connection ID 'snowflake_conn' for task execution.
[2026-04-25T19:02:26.150+0000] {processor.py:840} INFO - DAG(s) 'BuildELT_dbt' retrieved from /opt/airflow/dags/build_elt_with_dbt.py
[2026-04-25T19:02:26.161+0000] {logging_mixin.py:188} INFO - [2026-04-25T19:02:26.161+0000] {dag.py:3036} INFO - Sync 1 DAGs
[2026-04-25T19:02:26.172+0000] {logging_mixin.py:188} INFO - [2026-04-25T19:02:26.172+0000] {dag.py:3823} INFO - Setting next_dagrun for BuildELT_dbt to None, run_after=None
[2026-04-25T19:02:26.191+0000] {processor.py:183} INFO - Processing /opt/airflow/dags/build_elt_with_dbt.py took 0.072 seconds
[2026-04-25T19:19:58.618+0000] {processor.py:161} INFO - Started process (PID=450) to work on /opt/airflow/dags/build_elt_with_dbt.py
[2026-04-25T19:19:58.619+0000] {processor.py:830} INFO - Processing file /opt/airflow/dags/build_elt_with_dbt.py for tasks to queue
[2026-04-25T19:19:58.620+0000] {logging_mixin.py:188} INFO - [2026-04-25T19:19:58.620+0000] {dagbag.py:538} INFO - Filling up the DagBag from /opt/airflow/dags/build_elt_with_dbt.py
[2026-04-25T19:19:58.636+0000] {logging_mixin.py:188} INFO - [2026-04-25T19:19:58.635+0000] {base.py:83} INFO - Using connection ID 'snowflake_conn' for task execution.
[2026-04-25T19:19:58.641+0000] {processor.py:840} INFO - DAG(s) 'BuildELT_dbt' retrieved from /opt/airflow/dags/build_elt_with_dbt.py
[2026-04-25T19:19:58.656+0000] {logging_mixin.py:188} INFO - [2026-04-25T19:19:58.656+0000] {dag.py:3036} INFO - Sync 1 DAGs
[2026-04-25T19:19:58.668+0000] {logging_mixin.py:188} INFO - [2026-04-25T19:19:58.668+0000] {dag.py:3823} INFO - Setting next_dagrun for BuildELT_dbt to None, run_after=None
[2026-04-25T19:19:58.683+0000] {processor.py:183} INFO - Processing /opt/airflow/dags/build_elt_with_dbt.py took 0.068 seconds
[2026-04-25T19:30:25.712+0000] {processor.py:161} INFO - Started process (PID=457) to work on /opt/airflow/dags/build_elt_with_dbt.py
[2026-04-25T19:30:25.713+0000] {processor.py:830} INFO - Processing file /opt/airflow/dags/build_elt_with_dbt.py for tasks to queue
[2026-04-25T19:30:25.716+0000] {logging_mixin.py:188} INFO - [2026-04-25T19:30:25.716+0000] {dagbag.py:538} INFO - Filling up the DagBag from /opt/airflow/dags/build_elt_with_dbt.py
[2026-04-25T19:30:25.734+0000] {logging_mixin.py:188} INFO - [2026-04-25T19:30:25.734+0000] {base.py:83} INFO - Using connection ID 'snowflake_conn' for task execution.
[2026-04-25T19:30:25.740+0000] {processor.py:840} INFO - DAG(s) 'BuildELT_dbt' retrieved from /opt/airflow/dags/build_elt_with_dbt.py
[2026-04-25T19:30:25.757+0000] {logging_mixin.py:188} INFO - [2026-04-25T19:30:25.757+0000] {dag.py:3036} INFO - Sync 1 DAGs
[2026-04-25T19:30:25.768+0000] {logging_mixin.py:188} INFO - [2026-04-25T19:30:25.768+0000] {dag.py:3823} INFO - Setting next_dagrun for BuildELT_dbt to None, run_after=None
[2026-04-25T19:30:25.790+0000] {processor.py:183} INFO - Processing /opt/airflow/dags/build_elt_with_dbt.py took 0.083 seconds
[2026-04-25T19:31:02.464+0000] {processor.py:161} INFO - Started process (PID=464) to work on /opt/airflow/dags/build_elt_with_dbt.py
[2026-04-25T19:31:02.465+0000] {processor.py:830} INFO - Processing file /opt/airflow/dags/build_elt_with_dbt.py for tasks to queue
[2026-04-25T19:31:02.467+0000] {logging_mixin.py:188} INFO - [2026-04-25T19:31:02.467+0000] {dagbag.py:538} INFO - Filling up the DagBag from /opt/airflow/dags/build_elt_with_dbt.py
[2026-04-25T19:31:02.485+0000] {logging_mixin.py:188} INFO - [2026-04-25T19:31:02.485+0000] {base.py:83} INFO - Using connection ID 'snowflake_conn' for task execution.
[2026-04-25T19:31:02.492+0000] {processor.py:840} INFO - DAG(s) 'BuildELT_dbt' retrieved from /opt/airflow/dags/build_elt_with_dbt.py
[2026-04-25T19:31:02.505+0000] {logging_mixin.py:188} INFO - [2026-04-25T19:31:02.505+0000] {dag.py:3036} INFO - Sync 1 DAGs
[2026-04-25T19:31:02.516+0000] {logging_mixin.py:188} INFO - [2026-04-25T19:31:02.516+0000] {dag.py:3823} INFO - Setting next_dagrun for BuildELT_dbt to None, run_after=None
[2026-04-25T19:31:02.534+0000] {processor.py:183} INFO - Processing /opt/airflow/dags/build_elt_with_dbt.py took 0.073 seconds
[2026-04-25T19:33:54.690+0000] {processor.py:161} INFO - Started process (PID=471) to work on /opt/airflow/dags/build_elt_with_dbt.py
[2026-04-25T19:33:54.691+0000] {processor.py:830} INFO - Processing file /opt/airflow/dags/build_elt_with_dbt.py for tasks to queue
[2026-04-25T19:33:54.696+0000] {logging_mixin.py:188} INFO - [2026-04-25T19:33:54.695+0000] {dagbag.py:538} INFO - Filling up the DagBag from /opt/airflow/dags/build_elt_with_dbt.py
[2026-04-25T19:33:54.716+0000] {logging_mixin.py:188} INFO - [2026-04-25T19:33:54.716+0000] {base.py:83} INFO - Using connection ID 'snowflake_conn' for task execution.
[2026-04-25T19:33:54.725+0000] {processor.py:840} INFO - DAG(s) 'BuildELT_dbt' retrieved from /opt/airflow/dags/build_elt_with_dbt.py
[2026-04-25T19:33:54.744+0000] {logging_mixin.py:188} INFO - [2026-04-25T19:33:54.744+0000] {dag.py:3036} INFO - Sync 1 DAGs
[2026-04-25T19:33:54.765+0000] {logging_mixin.py:188} INFO - [2026-04-25T19:33:54.765+0000] {dag.py:3823} INFO - Setting next_dagrun for BuildELT_dbt to None, run_after=None
[2026-04-25T19:33:54.789+0000] {processor.py:183} INFO - Processing /opt/airflow/dags/build_elt_with_dbt.py took 0.103 seconds
[2026-04-25T19:45:06.506+0000] {processor.py:161} INFO - Started process (PID=478) to work on /opt/airflow/dags/build_elt_with_dbt.py
[2026-04-25T19:45:06.507+0000] {processor.py:830} INFO - Processing file /opt/airflow/dags/build_elt_with_dbt.py for tasks to queue
[2026-04-25T19:45:06.509+0000] {logging_mixin.py:188} INFO - [2026-04-25T19:45:06.509+0000] {dagbag.py:538} INFO - Filling up the DagBag from /opt/airflow/dags/build_elt_with_dbt.py
[2026-04-25T19:45:06.528+0000] {logging_mixin.py:188} INFO - [2026-04-25T19:45:06.528+0000] {base.py:83} INFO - Using connection ID 'snowflake_conn' for task execution.
[2026-04-25T19:45:06.533+0000] {processor.py:840} INFO - DAG(s) 'BuildELT_dbt' retrieved from /opt/airflow/dags/build_elt_with_dbt.py
[2026-04-25T19:45:06.551+0000] {logging_mixin.py:188} INFO - [2026-04-25T19:45:06.551+0000] {dag.py:3036} INFO - Sync 1 DAGs
[2026-04-25T19:45:06.559+0000] {logging_mixin.py:188} INFO - [2026-04-25T19:45:06.559+0000] {dag.py:3823} INFO - Setting next_dagrun for BuildELT_dbt to None, run_after=None
[2026-04-25T19:45:06.579+0000] {processor.py:183} INFO - Processing /opt/airflow/dags/build_elt_with_dbt.py took 0.075 seconds
[2026-04-25T20:12:05.300+0000] {processor.py:161} INFO - Started process (PID=485) to work on /opt/airflow/dags/build_elt_with_dbt.py
[2026-04-25T20:12:05.301+0000] {processor.py:830} INFO - Processing file /opt/airflow/dags/build_elt_with_dbt.py for tasks to queue
[2026-04-25T20:12:05.303+0000] {logging_mixin.py:188} INFO - [2026-04-25T20:12:05.303+0000] {dagbag.py:538} INFO - Filling up the DagBag from /opt/airflow/dags/build_elt_with_dbt.py
[2026-04-25T20:12:05.325+0000] {logging_mixin.py:188} INFO - [2026-04-25T20:12:05.324+0000] {base.py:83} INFO - Using connection ID 'snowflake_conn' for task execution.
[2026-04-25T20:12:05.332+0000] {processor.py:840} INFO - DAG(s) 'BuildELT_dbt' retrieved from /opt/airflow/dags/build_elt_with_dbt.py
[2026-04-25T20:12:05.351+0000] {logging_mixin.py:188} INFO - [2026-04-25T20:12:05.351+0000] {dag.py:3036} INFO - Sync 1 DAGs
[2026-04-25T20:12:05.362+0000] {logging_mixin.py:188} INFO - [2026-04-25T20:12:05.361+0000] {dag.py:3823} INFO - Setting next_dagrun for BuildELT_dbt to None, run_after=None
[2026-04-25T20:12:05.388+0000] {processor.py:183} INFO - Processing /opt/airflow/dags/build_elt_with_dbt.py took 0.091 seconds
[2026-04-25T20:13:01.686+0000] {processor.py:161} INFO - Started process (PID=492) to work on /opt/airflow/dags/build_elt_with_dbt.py
[2026-04-25T20:13:01.687+0000] {processor.py:830} INFO - Processing file /opt/airflow/dags/build_elt_with_dbt.py for tasks to queue
[2026-04-25T20:13:01.690+0000] {logging_mixin.py:188} INFO - [2026-04-25T20:13:01.690+0000] {dagbag.py:538} INFO - Filling up the DagBag from /opt/airflow/dags/build_elt_with_dbt.py
[2026-04-25T20:13:01.709+0000] {logging_mixin.py:188} INFO - [2026-04-25T20:13:01.709+0000] {base.py:83} INFO - Using connection ID 'snowflake_conn' for task execution.
[2026-04-25T20:13:01.716+0000] {processor.py:840} INFO - DAG(s) 'BuildELT_dbt' retrieved from /opt/airflow/dags/build_elt_with_dbt.py
[2026-04-25T20:13:01.732+0000] {logging_mixin.py:188} INFO - [2026-04-25T20:13:01.732+0000] {dag.py:3036} INFO - Sync 1 DAGs
[2026-04-25T20:13:01.743+0000] {logging_mixin.py:188} INFO - [2026-04-25T20:13:01.742+0000] {dag.py:3823} INFO - Setting next_dagrun for BuildELT_dbt to None, run_after=None
[2026-04-25T20:13:01.764+0000] {processor.py:183} INFO - Processing /opt/airflow/dags/build_elt_with_dbt.py took 0.080 seconds
[2026-04-25T20:14:08.603+0000] {processor.py:161} INFO - Started process (PID=499) to work on /opt/airflow/dags/build_elt_with_dbt.py
[2026-04-25T20:14:08.604+0000] {processor.py:830} INFO - Processing file /opt/airflow/dags/build_elt_with_dbt.py for tasks to queue
[2026-04-25T20:14:08.606+0000] {logging_mixin.py:188} INFO - [2026-04-25T20:14:08.606+0000] {dagbag.py:538} INFO - Filling up the DagBag from /opt/airflow/dags/build_elt_with_dbt.py
[2026-04-25T20:14:08.627+0000] {logging_mixin.py:188} INFO - [2026-04-25T20:14:08.627+0000] {base.py:83} INFO - Using connection ID 'snowflake_conn' for task execution.
[2026-04-25T20:14:08.632+0000] {processor.py:840} INFO - DAG(s) 'BuildELT_dbt' retrieved from /opt/airflow/dags/build_elt_with_dbt.py
[2026-04-25T20:14:08.653+0000] {logging_mixin.py:188} INFO - [2026-04-25T20:14:08.653+0000] {dag.py:3036} INFO - Sync 1 DAGs
[2026-04-25T20:14:08.664+0000] {logging_mixin.py:188} INFO - [2026-04-25T20:14:08.663+0000] {dag.py:3823} INFO - Setting next_dagrun for BuildELT_dbt to None, run_after=None
[2026-04-25T20:14:08.682+0000] {processor.py:183} INFO - Processing /opt/airflow/dags/build_elt_with_dbt.py took 0.083 seconds
[2026-04-25T20:15:32.152+0000] {processor.py:161} INFO - Started process (PID=506) to work on /opt/airflow/dags/build_elt_with_dbt.py
[2026-04-25T20:15:32.154+0000] {processor.py:830} INFO - Processing file /opt/airflow/dags/build_elt_with_dbt.py for tasks to queue
[2026-04-25T20:15:32.156+0000] {logging_mixin.py:188} INFO - [2026-04-25T20:15:32.155+0000] {dagbag.py:538} INFO - Filling up the DagBag from /opt/airflow/dags/build_elt_with_dbt.py
[2026-04-25T20:15:32.172+0000] {logging_mixin.py:188} INFO - [2026-04-25T20:15:32.171+0000] {base.py:83} INFO - Using connection ID 'snowflake_conn' for task execution.
[2026-04-25T20:15:32.177+0000] {processor.py:840} INFO - DAG(s) 'BuildELT_dbt' retrieved from /opt/airflow/dags/build_elt_with_dbt.py
[2026-04-25T20:15:32.194+0000] {logging_mixin.py:188} INFO - [2026-04-25T20:15:32.194+0000] {dag.py:3036} INFO - Sync 1 DAGs
[2026-04-25T20:15:32.205+0000] {logging_mixin.py:188} INFO - [2026-04-25T20:15:32.205+0000] {dag.py:3823} INFO - Setting next_dagrun for BuildELT_dbt to None, run_after=None
[2026-04-25T20:15:32.226+0000] {processor.py:183} INFO - Processing /opt/airflow/dags/build_elt_with_dbt.py took 0.076 seconds
[2026-04-25T20:16:16.509+0000] {processor.py:161} INFO - Started process (PID=513) to work on /opt/airflow/dags/build_elt_with_dbt.py
[2026-04-25T20:16:16.510+0000] {processor.py:830} INFO - Processing file /opt/airflow/dags/build_elt_with_dbt.py for tasks to queue
[2026-04-25T20:16:16.512+0000] {logging_mixin.py:188} INFO - [2026-04-25T20:16:16.512+0000] {dagbag.py:538} INFO - Filling up the DagBag from /opt/airflow/dags/build_elt_with_dbt.py
[2026-04-25T20:16:16.529+0000] {logging_mixin.py:188} INFO - [2026-04-25T20:16:16.529+0000] {base.py:83} INFO - Using connection ID 'snowflake_conn' for task execution.
[2026-04-25T20:16:16.533+0000] {processor.py:840} INFO - DAG(s) 'BuildELT_dbt' retrieved from /opt/airflow/dags/build_elt_with_dbt.py
[2026-04-25T20:16:16.546+0000] {logging_mixin.py:188} INFO - [2026-04-25T20:16:16.546+0000] {dag.py:3036} INFO - Sync 1 DAGs
[2026-04-25T20:16:16.554+0000] {logging_mixin.py:188} INFO - [2026-04-25T20:16:16.553+0000] {dag.py:3823} INFO - Setting next_dagrun for BuildELT_dbt to None, run_after=None
[2026-04-25T20:16:16.573+0000] {processor.py:183} INFO - Processing /opt/airflow/dags/build_elt_with_dbt.py took 0.068 seconds
[2026-04-25T20:20:50.994+0000] {processor.py:161} INFO - Started process (PID=520) to work on /opt/airflow/dags/build_elt_with_dbt.py
[2026-04-25T20:20:50.997+0000] {processor.py:830} INFO - Processing file /opt/airflow/dags/build_elt_with_dbt.py for tasks to queue
[2026-04-25T20:20:50.999+0000] {logging_mixin.py:188} INFO - [2026-04-25T20:20:50.999+0000] {dagbag.py:538} INFO - Filling up the DagBag from /opt/airflow/dags/build_elt_with_dbt.py
[2026-04-25T20:20:51.027+0000] {logging_mixin.py:188} INFO - [2026-04-25T20:20:51.027+0000] {base.py:83} INFO - Using connection ID 'snowflake_conn' for task execution.
[2026-04-25T20:20:51.034+0000] {processor.py:840} INFO - DAG(s) 'BuildELT_dbt' retrieved from /opt/airflow/dags/build_elt_with_dbt.py
[2026-04-25T20:20:51.051+0000] {logging_mixin.py:188} INFO - [2026-04-25T20:20:51.050+0000] {dag.py:3036} INFO - Sync 1 DAGs
[2026-04-25T20:20:51.063+0000] {logging_mixin.py:188} INFO - [2026-04-25T20:20:51.062+0000] {dag.py:3823} INFO - Setting next_dagrun for BuildELT_dbt to None, run_after=None
[2026-04-25T20:20:51.090+0000] {processor.py:183} INFO - Processing /opt/airflow/dags/build_elt_with_dbt.py took 0.099 seconds
[2026-04-25T20:21:46.263+0000] {processor.py:161} INFO - Started process (PID=527) to work on /opt/airflow/dags/build_elt_with_dbt.py
[2026-04-25T20:21:46.264+0000] {processor.py:830} INFO - Processing file /opt/airflow/dags/build_elt_with_dbt.py for tasks to queue
[2026-04-25T20:21:46.269+0000] {logging_mixin.py:188} INFO - [2026-04-25T20:21:46.269+0000] {dagbag.py:538} INFO - Filling up the DagBag from /opt/airflow/dags/build_elt_with_dbt.py
[2026-04-25T20:21:46.288+0000] {logging_mixin.py:188} INFO - [2026-04-25T20:21:46.287+0000] {base.py:83} INFO - Using connection ID 'snowflake_conn' for task execution.
[2026-04-25T20:21:46.293+0000] {processor.py:840} INFO - DAG(s) 'BuildELT_dbt' retrieved from /opt/airflow/dags/build_elt_with_dbt.py
[2026-04-25T20:21:46.307+0000] {logging_mixin.py:188} INFO - [2026-04-25T20:21:46.307+0000] {dag.py:3036} INFO - Sync 1 DAGs
[2026-04-25T20:21:46.316+0000] {logging_mixin.py:188} INFO - [2026-04-25T20:21:46.316+0000] {dag.py:3823} INFO - Setting next_dagrun for BuildELT_dbt to None, run_after=None
[2026-04-25T20:21:46.334+0000] {processor.py:183} INFO - Processing /opt/airflow/dags/build_elt_with_dbt.py took 0.075 seconds
[2026-04-25T20:32:43.385+0000] {processor.py:161} INFO - Started process (PID=534) to work on /opt/airflow/dags/build_elt_with_dbt.py
[2026-04-25T20:32:43.385+0000] {processor.py:830} INFO - Processing file /opt/airflow/dags/build_elt_with_dbt.py for tasks to queue
[2026-04-25T20:32:43.387+0000] {logging_mixin.py:188} INFO - [2026-04-25T20:32:43.387+0000] {dagbag.py:538} INFO - Filling up the DagBag from /opt/airflow/dags/build_elt_with_dbt.py
[2026-04-25T20:32:43.406+0000] {logging_mixin.py:188} INFO - [2026-04-25T20:32:43.405+0000] {base.py:83} INFO - Using connection ID 'snowflake_conn' for task execution.
[2026-04-25T20:32:43.410+0000] {processor.py:840} INFO - DAG(s) 'BuildELT_dbt' retrieved from /opt/airflow/dags/build_elt_with_dbt.py
[2026-04-25T20:32:43.424+0000] {logging_mixin.py:188} INFO - [2026-04-25T20:32:43.423+0000] {dag.py:3036} INFO - Sync 1 DAGs
[2026-04-25T20:32:43.431+0000] {logging_mixin.py:188} INFO - [2026-04-25T20:32:43.431+0000] {dag.py:3823} INFO - Setting next_dagrun for BuildELT_dbt to None, run_after=None
[2026-04-25T20:32:43.445+0000] {processor.py:183} INFO - Processing /opt/airflow/dags/build_elt_with_dbt.py took 0.062 seconds
[2026-04-25T21:21:41.213+0000] {processor.py:161} INFO - Started process (PID=541) to work on /opt/airflow/dags/build_elt_with_dbt.py
[2026-04-25T21:21:41.226+0000] {processor.py:830} INFO - Processing file /opt/airflow/dags/build_elt_with_dbt.py for tasks to queue
[2026-04-25T21:21:41.236+0000] {logging_mixin.py:188} INFO - [2026-04-25T21:21:41.235+0000] {dagbag.py:538} INFO - Filling up the DagBag from /opt/airflow/dags/build_elt_with_dbt.py
[2026-04-25T21:21:41.909+0000] {logging_mixin.py:188} INFO - [2026-04-25T21:21:41.909+0000] {base.py:83} INFO - Using connection ID 'snowflake_conn' for task execution.
[2026-04-25T21:21:42.511+0000] {processor.py:840} INFO - DAG(s) 'BuildELT_dbt' retrieved from /opt/airflow/dags/build_elt_with_dbt.py
[2026-04-25T21:21:42.689+0000] {logging_mixin.py:188} INFO - [2026-04-25T21:21:42.689+0000] {dag.py:3036} INFO - Sync 1 DAGs
[2026-04-25T21:21:42.721+0000] {logging_mixin.py:188} INFO - [2026-04-25T21:21:42.721+0000] {dag.py:3823} INFO - Setting next_dagrun for BuildELT_dbt to None, run_after=None
[2026-04-25T21:21:42.831+0000] {processor.py:183} INFO - Processing /opt/airflow/dags/build_elt_with_dbt.py took 1.625 seconds
[2026-04-25T21:22:13.771+0000] {processor.py:161} INFO - Started process (PID=548) to work on /opt/airflow/dags/build_elt_with_dbt.py
[2026-04-25T21:22:13.773+0000] {processor.py:830} INFO - Processing file /opt/airflow/dags/build_elt_with_dbt.py for tasks to queue
[2026-04-25T21:22:13.775+0000] {logging_mixin.py:188} INFO - [2026-04-25T21:22:13.775+0000] {dagbag.py:538} INFO - Filling up the DagBag from /opt/airflow/dags/build_elt_with_dbt.py
[2026-04-25T21:22:13.793+0000] {logging_mixin.py:188} INFO - [2026-04-25T21:22:13.793+0000] {base.py:83} INFO - Using connection ID 'snowflake_conn' for task execution.
[2026-04-25T21:22:13.797+0000] {processor.py:840} INFO - DAG(s) 'BuildELT_dbt' retrieved from /opt/airflow/dags/build_elt_with_dbt.py
[2026-04-25T21:22:13.808+0000] {logging_mixin.py:188} INFO - [2026-04-25T21:22:13.808+0000] {dag.py:3036} INFO - Sync 1 DAGs
[2026-04-25T21:22:13.815+0000] {logging_mixin.py:188} INFO - [2026-04-25T21:22:13.815+0000] {dag.py:3823} INFO - Setting next_dagrun for BuildELT_dbt to None, run_after=None
[2026-04-25T21:22:13.826+0000] {processor.py:183} INFO - Processing /opt/airflow/dags/build_elt_with_dbt.py took 0.059 seconds
[2026-04-25T22:11:56.866+0000] {processor.py:161} INFO - Started process (PID=555) to work on /opt/airflow/dags/build_elt_with_dbt.py
[2026-04-25T22:11:56.869+0000] {processor.py:830} INFO - Processing file /opt/airflow/dags/build_elt_with_dbt.py for tasks to queue
[2026-04-25T22:11:56.874+0000] {logging_mixin.py:188} INFO - [2026-04-25T22:11:56.874+0000] {dagbag.py:538} INFO - Filling up the DagBag from /opt/airflow/dags/build_elt_with_dbt.py
[2026-04-25T22:11:56.899+0000] {logging_mixin.py:188} INFO - [2026-04-25T22:11:56.899+0000] {base.py:83} INFO - Using connection ID 'snowflake_conn' for task execution.
[2026-04-25T22:11:56.905+0000] {processor.py:840} INFO - DAG(s) 'BuildELT_dbt' retrieved from /opt/airflow/dags/build_elt_with_dbt.py
[2026-04-25T22:11:56.920+0000] {logging_mixin.py:188} INFO - [2026-04-25T22:11:56.919+0000] {dag.py:3036} INFO - Sync 1 DAGs
[2026-04-25T22:11:56.930+0000] {logging_mixin.py:188} INFO - [2026-04-25T22:11:56.929+0000] {dag.py:3823} INFO - Setting next_dagrun for BuildELT_dbt to None, run_after=None
[2026-04-25T22:11:56.951+0000] {processor.py:183} INFO - Processing /opt/airflow/dags/build_elt_with_dbt.py took 0.089 seconds
[2026-04-25T22:12:27.563+0000] {processor.py:161} INFO - Started process (PID=562) to work on /opt/airflow/dags/build_elt_with_dbt.py
[2026-04-25T22:12:27.564+0000] {processor.py:830} INFO - Processing file /opt/airflow/dags/build_elt_with_dbt.py for tasks to queue
[2026-04-25T22:12:27.567+0000] {logging_mixin.py:188} INFO - [2026-04-25T22:12:27.567+0000] {dagbag.py:538} INFO - Filling up the DagBag from /opt/airflow/dags/build_elt_with_dbt.py
[2026-04-25T22:12:27.584+0000] {logging_mixin.py:188} INFO - [2026-04-25T22:12:27.584+0000] {base.py:83} INFO - Using connection ID 'snowflake_conn' for task execution.
[2026-04-25T22:12:27.588+0000] {processor.py:840} INFO - DAG(s) 'BuildELT_dbt' retrieved from /opt/airflow/dags/build_elt_with_dbt.py
[2026-04-25T22:12:27.600+0000] {logging_mixin.py:188} INFO - [2026-04-25T22:12:27.600+0000] {dag.py:3036} INFO - Sync 1 DAGs
[2026-04-25T22:12:27.608+0000] {logging_mixin.py:188} INFO - [2026-04-25T22:12:27.607+0000] {dag.py:3823} INFO - Setting next_dagrun for BuildELT_dbt to None, run_after=None
[2026-04-25T22:12:27.623+0000] {processor.py:183} INFO - Processing /opt/airflow/dags/build_elt_with_dbt.py took 0.064 seconds
[2026-04-25T22:39:08.276+0000] {processor.py:161} INFO - Started process (PID=569) to work on /opt/airflow/dags/build_elt_with_dbt.py
[2026-04-25T22:39:08.276+0000] {processor.py:830} INFO - Processing file /opt/airflow/dags/build_elt_with_dbt.py for tasks to queue
[2026-04-25T22:39:08.278+0000] {logging_mixin.py:188} INFO - [2026-04-25T22:39:08.278+0000] {dagbag.py:538} INFO - Filling up the DagBag from /opt/airflow/dags/build_elt_with_dbt.py
[2026-04-25T22:39:08.294+0000] {logging_mixin.py:188} INFO - [2026-04-25T22:39:08.293+0000] {base.py:83} INFO - Using connection ID 'snowflake_conn' for task execution.
[2026-04-25T22:39:08.298+0000] {processor.py:840} INFO - DAG(s) 'BuildELT_dbt' retrieved from /opt/airflow/dags/build_elt_with_dbt.py
[2026-04-25T22:39:08.313+0000] {logging_mixin.py:188} INFO - [2026-04-25T22:39:08.313+0000] {dag.py:3036} INFO - Sync 1 DAGs
[2026-04-25T22:39:08.324+0000] {logging_mixin.py:188} INFO - [2026-04-25T22:39:08.324+0000] {dag.py:3823} INFO - Setting next_dagrun for BuildELT_dbt to None, run_after=None
[2026-04-25T22:39:08.343+0000] {processor.py:183} INFO - Processing /opt/airflow/dags/build_elt_with_dbt.py took 0.069 seconds
[2026-04-25T23:23:47.796+0000] {processor.py:161} INFO - Started process (PID=576) to work on /opt/airflow/dags/build_elt_with_dbt.py
[2026-04-25T23:23:47.797+0000] {processor.py:830} INFO - Processing file /opt/airflow/dags/build_elt_with_dbt.py for tasks to queue
[2026-04-25T23:23:47.801+0000] {logging_mixin.py:188} INFO - [2026-04-25T23:23:47.800+0000] {dagbag.py:538} INFO - Filling up the DagBag from /opt/airflow/dags/build_elt_with_dbt.py
[2026-04-25T23:23:47.823+0000] {logging_mixin.py:188} INFO - [2026-04-25T23:23:47.823+0000] {base.py:83} INFO - Using connection ID 'snowflake_conn' for task execution.
[2026-04-25T23:23:47.831+0000] {processor.py:840} INFO - DAG(s) 'BuildELT_dbt' retrieved from /opt/airflow/dags/build_elt_with_dbt.py
[2026-04-25T23:23:47.851+0000] {logging_mixin.py:188} INFO - [2026-04-25T23:23:47.851+0000] {dag.py:3036} INFO - Sync 1 DAGs
[2026-04-25T23:23:47.863+0000] {logging_mixin.py:188} INFO - [2026-04-25T23:23:47.862+0000] {dag.py:3823} INFO - Setting next_dagrun for BuildELT_dbt to None, run_after=None
[2026-04-25T23:23:47.882+0000] {processor.py:183} INFO - Processing /opt/airflow/dags/build_elt_with_dbt.py took 0.089 seconds
[2026-04-25T23:31:20.697+0000] {processor.py:161} INFO - Started process (PID=583) to work on /opt/airflow/dags/build_elt_with_dbt.py
[2026-04-25T23:31:20.698+0000] {processor.py:830} INFO - Processing file /opt/airflow/dags/build_elt_with_dbt.py for tasks to queue
[2026-04-25T23:31:20.700+0000] {logging_mixin.py:188} INFO - [2026-04-25T23:31:20.700+0000] {dagbag.py:538} INFO - Filling up the DagBag from /opt/airflow/dags/build_elt_with_dbt.py
[2026-04-25T23:31:20.716+0000] {logging_mixin.py:188} INFO - [2026-04-25T23:31:20.715+0000] {base.py:83} INFO - Using connection ID 'snowflake_conn' for task execution.
[2026-04-25T23:31:20.721+0000] {processor.py:840} INFO - DAG(s) 'BuildELT_dbt' retrieved from /opt/airflow/dags/build_elt_with_dbt.py
[2026-04-25T23:31:20.734+0000] {logging_mixin.py:188} INFO - [2026-04-25T23:31:20.734+0000] {dag.py:3036} INFO - Sync 1 DAGs
[2026-04-25T23:31:20.746+0000] {logging_mixin.py:188} INFO - [2026-04-25T23:31:20.746+0000] {dag.py:3823} INFO - Setting next_dagrun for BuildELT_dbt to None, run_after=None
[2026-04-25T23:31:20.766+0000] {processor.py:183} INFO - Processing /opt/airflow/dags/build_elt_with_dbt.py took 0.071 seconds
[2026-04-25T23:34:47.608+0000] {processor.py:161} INFO - Started process (PID=590) to work on /opt/airflow/dags/build_elt_with_dbt.py
[2026-04-25T23:34:47.609+0000] {processor.py:830} INFO - Processing file /opt/airflow/dags/build_elt_with_dbt.py for tasks to queue
[2026-04-25T23:34:47.612+0000] {logging_mixin.py:188} INFO - [2026-04-25T23:34:47.612+0000] {dagbag.py:538} INFO - Filling up the DagBag from /opt/airflow/dags/build_elt_with_dbt.py
[2026-04-25T23:34:47.632+0000] {logging_mixin.py:188} INFO - [2026-04-25T23:34:47.632+0000] {base.py:83} INFO - Using connection ID 'snowflake_conn' for task execution.
[2026-04-25T23:34:47.637+0000] {processor.py:840} INFO - DAG(s) 'BuildELT_dbt' retrieved from /opt/airflow/dags/build_elt_with_dbt.py
[2026-04-25T23:34:47.653+0000] {logging_mixin.py:188} INFO - [2026-04-25T23:34:47.653+0000] {dag.py:3036} INFO - Sync 1 DAGs
[2026-04-25T23:34:47.660+0000] {logging_mixin.py:188} INFO - [2026-04-25T23:34:47.660+0000] {dag.py:3823} INFO - Setting next_dagrun for BuildELT_dbt to None, run_after=None
[2026-04-25T23:34:47.678+0000] {processor.py:183} INFO - Processing /opt/airflow/dags/build_elt_with_dbt.py took 0.073 seconds
