[2026-04-25T05:21:02.168+0000] {processor.py:161} INFO - Started process (PID=42) to work on /opt/airflow/dags/country_capital_etl.py
[2026-04-25T05:21:02.170+0000] {processor.py:830} INFO - Processing file /opt/airflow/dags/country_capital_etl.py for tasks to queue
[2026-04-25T05:21:02.173+0000] {logging_mixin.py:188} INFO - [2026-04-25T05:21:02.172+0000] {dagbag.py:538} INFO - Filling up the DagBag from /opt/airflow/dags/country_capital_etl.py
[2026-04-25T05:21:02.185+0000] {processor.py:840} INFO - DAG(s) 'country_capital_pipeline' retrieved from /opt/airflow/dags/country_capital_etl.py
[2026-04-25T05:21:02.199+0000] {logging_mixin.py:188} INFO - [2026-04-25T05:21:02.199+0000] {dag.py:3036} INFO - Sync 1 DAGs
[2026-04-25T05:21:02.217+0000] {logging_mixin.py:188} INFO - [2026-04-25T05:21:02.217+0000] {dag.py:3823} INFO - Setting next_dagrun for country_capital_pipeline to 2026-04-24 00:00:00+00:00, run_after=2026-04-25 00:00:00+00:00
[2026-04-25T05:21:02.231+0000] {processor.py:183} INFO - Processing /opt/airflow/dags/country_capital_etl.py took 0.066 seconds
[2026-04-25T05:21:32.806+0000] {processor.py:161} INFO - Started process (PID=49) to work on /opt/airflow/dags/country_capital_etl.py
[2026-04-25T05:21:32.808+0000] {processor.py:830} INFO - Processing file /opt/airflow/dags/country_capital_etl.py for tasks to queue
[2026-04-25T05:21:32.809+0000] {logging_mixin.py:188} INFO - [2026-04-25T05:21:32.809+0000] {dagbag.py:538} INFO - Filling up the DagBag from /opt/airflow/dags/country_capital_etl.py
[2026-04-25T05:21:32.822+0000] {processor.py:840} INFO - DAG(s) 'country_capital_pipeline' retrieved from /opt/airflow/dags/country_capital_etl.py
[2026-04-25T05:21:32.885+0000] {logging_mixin.py:188} INFO - [2026-04-25T05:21:32.884+0000] {dag.py:3036} INFO - Sync 1 DAGs
[2026-04-25T05:21:32.896+0000] {logging_mixin.py:188} INFO - [2026-04-25T05:21:32.896+0000] {dag.py:3823} INFO - Setting next_dagrun for country_capital_pipeline to 2026-04-24 00:00:00+00:00, run_after=2026-04-25 00:00:00+00:00
[2026-04-25T05:21:32.907+0000] {processor.py:183} INFO - Processing /opt/airflow/dags/country_capital_etl.py took 0.103 seconds
[2026-04-25T05:22:03.437+0000] {processor.py:161} INFO - Started process (PID=56) to work on /opt/airflow/dags/country_capital_etl.py
[2026-04-25T05:22:03.437+0000] {processor.py:830} INFO - Processing file /opt/airflow/dags/country_capital_etl.py for tasks to queue
[2026-04-25T05:22:03.441+0000] {logging_mixin.py:188} INFO - [2026-04-25T05:22:03.441+0000] {dagbag.py:538} INFO - Filling up the DagBag from /opt/airflow/dags/country_capital_etl.py
[2026-04-25T05:22:03.453+0000] {processor.py:840} INFO - DAG(s) 'country_capital_pipeline' retrieved from /opt/airflow/dags/country_capital_etl.py
[2026-04-25T05:22:03.473+0000] {logging_mixin.py:188} INFO - [2026-04-25T05:22:03.473+0000] {dag.py:3036} INFO - Sync 1 DAGs
[2026-04-25T05:22:03.487+0000] {logging_mixin.py:188} INFO - [2026-04-25T05:22:03.487+0000] {dag.py:3823} INFO - Setting next_dagrun for country_capital_pipeline to 2026-04-24 00:00:00+00:00, run_after=2026-04-25 00:00:00+00:00
[2026-04-25T05:22:03.496+0000] {processor.py:183} INFO - Processing /opt/airflow/dags/country_capital_etl.py took 0.062 seconds
[2026-04-25T05:22:34.022+0000] {processor.py:161} INFO - Started process (PID=63) to work on /opt/airflow/dags/country_capital_etl.py
[2026-04-25T05:22:34.025+0000] {processor.py:830} INFO - Processing file /opt/airflow/dags/country_capital_etl.py for tasks to queue
[2026-04-25T05:22:34.027+0000] {logging_mixin.py:188} INFO - [2026-04-25T05:22:34.027+0000] {dagbag.py:538} INFO - Filling up the DagBag from /opt/airflow/dags/country_capital_etl.py
[2026-04-25T05:22:34.037+0000] {processor.py:840} INFO - DAG(s) 'country_capital_pipeline' retrieved from /opt/airflow/dags/country_capital_etl.py
[2026-04-25T05:22:34.058+0000] {logging_mixin.py:188} INFO - [2026-04-25T05:22:34.058+0000] {dag.py:3036} INFO - Sync 1 DAGs
[2026-04-25T05:22:34.071+0000] {logging_mixin.py:188} INFO - [2026-04-25T05:22:34.071+0000] {dag.py:3823} INFO - Setting next_dagrun for country_capital_pipeline to 2026-04-24 00:00:00+00:00, run_after=2026-04-25 00:00:00+00:00
[2026-04-25T05:22:34.080+0000] {processor.py:183} INFO - Processing /opt/airflow/dags/country_capital_etl.py took 0.060 seconds
[2026-04-25T05:23:04.613+0000] {processor.py:161} INFO - Started process (PID=70) to work on /opt/airflow/dags/country_capital_etl.py
[2026-04-25T05:23:04.616+0000] {processor.py:830} INFO - Processing file /opt/airflow/dags/country_capital_etl.py for tasks to queue
[2026-04-25T05:23:04.618+0000] {logging_mixin.py:188} INFO - [2026-04-25T05:23:04.618+0000] {dagbag.py:538} INFO - Filling up the DagBag from /opt/airflow/dags/country_capital_etl.py
[2026-04-25T05:23:04.628+0000] {processor.py:840} INFO - DAG(s) 'country_capital_pipeline' retrieved from /opt/airflow/dags/country_capital_etl.py
[2026-04-25T05:23:04.648+0000] {logging_mixin.py:188} INFO - [2026-04-25T05:23:04.648+0000] {dag.py:3036} INFO - Sync 1 DAGs
[2026-04-25T05:23:04.661+0000] {logging_mixin.py:188} INFO - [2026-04-25T05:23:04.661+0000] {dag.py:3823} INFO - Setting next_dagrun for country_capital_pipeline to 2026-04-24 00:00:00+00:00, run_after=2026-04-25 00:00:00+00:00
[2026-04-25T05:23:04.671+0000] {processor.py:183} INFO - Processing /opt/airflow/dags/country_capital_etl.py took 0.060 seconds
[2026-04-25T05:23:35.220+0000] {processor.py:161} INFO - Started process (PID=77) to work on /opt/airflow/dags/country_capital_etl.py
[2026-04-25T05:23:35.221+0000] {processor.py:830} INFO - Processing file /opt/airflow/dags/country_capital_etl.py for tasks to queue
[2026-04-25T05:23:35.223+0000] {logging_mixin.py:188} INFO - [2026-04-25T05:23:35.223+0000] {dagbag.py:538} INFO - Filling up the DagBag from /opt/airflow/dags/country_capital_etl.py
[2026-04-25T05:23:35.234+0000] {processor.py:840} INFO - DAG(s) 'country_capital_pipeline' retrieved from /opt/airflow/dags/country_capital_etl.py
[2026-04-25T05:23:35.251+0000] {logging_mixin.py:188} INFO - [2026-04-25T05:23:35.251+0000] {dag.py:3036} INFO - Sync 1 DAGs
[2026-04-25T05:23:35.265+0000] {logging_mixin.py:188} INFO - [2026-04-25T05:23:35.265+0000] {dag.py:3823} INFO - Setting next_dagrun for country_capital_pipeline to 2026-04-24 00:00:00+00:00, run_after=2026-04-25 00:00:00+00:00
[2026-04-25T05:23:35.276+0000] {processor.py:183} INFO - Processing /opt/airflow/dags/country_capital_etl.py took 0.059 seconds
[2026-04-25T05:24:05.801+0000] {processor.py:161} INFO - Started process (PID=84) to work on /opt/airflow/dags/country_capital_etl.py
[2026-04-25T05:24:05.802+0000] {processor.py:830} INFO - Processing file /opt/airflow/dags/country_capital_etl.py for tasks to queue
[2026-04-25T05:24:05.805+0000] {logging_mixin.py:188} INFO - [2026-04-25T05:24:05.805+0000] {dagbag.py:538} INFO - Filling up the DagBag from /opt/airflow/dags/country_capital_etl.py
[2026-04-25T05:24:05.817+0000] {processor.py:840} INFO - DAG(s) 'country_capital_pipeline' retrieved from /opt/airflow/dags/country_capital_etl.py
[2026-04-25T05:24:05.835+0000] {logging_mixin.py:188} INFO - [2026-04-25T05:24:05.835+0000] {dag.py:3036} INFO - Sync 1 DAGs
[2026-04-25T05:24:05.850+0000] {logging_mixin.py:188} INFO - [2026-04-25T05:24:05.850+0000] {dag.py:3823} INFO - Setting next_dagrun for country_capital_pipeline to 2026-04-24 00:00:00+00:00, run_after=2026-04-25 00:00:00+00:00
[2026-04-25T05:24:05.862+0000] {processor.py:183} INFO - Processing /opt/airflow/dags/country_capital_etl.py took 0.063 seconds
[2026-04-25T05:24:36.392+0000] {processor.py:161} INFO - Started process (PID=91) to work on /opt/airflow/dags/country_capital_etl.py
[2026-04-25T05:24:36.393+0000] {processor.py:830} INFO - Processing file /opt/airflow/dags/country_capital_etl.py for tasks to queue
[2026-04-25T05:24:36.394+0000] {logging_mixin.py:188} INFO - [2026-04-25T05:24:36.394+0000] {dagbag.py:538} INFO - Filling up the DagBag from /opt/airflow/dags/country_capital_etl.py
[2026-04-25T05:24:36.407+0000] {processor.py:840} INFO - DAG(s) 'country_capital_pipeline' retrieved from /opt/airflow/dags/country_capital_etl.py
[2026-04-25T05:24:36.430+0000] {logging_mixin.py:188} INFO - [2026-04-25T05:24:36.429+0000] {dag.py:3036} INFO - Sync 1 DAGs
[2026-04-25T05:24:36.445+0000] {logging_mixin.py:188} INFO - [2026-04-25T05:24:36.445+0000] {dag.py:3823} INFO - Setting next_dagrun for country_capital_pipeline to 2026-04-24 00:00:00+00:00, run_after=2026-04-25 00:00:00+00:00
[2026-04-25T05:24:36.456+0000] {processor.py:183} INFO - Processing /opt/airflow/dags/country_capital_etl.py took 0.067 seconds
[2026-04-25T05:25:06.931+0000] {processor.py:161} INFO - Started process (PID=98) to work on /opt/airflow/dags/country_capital_etl.py
[2026-04-25T05:25:06.935+0000] {processor.py:830} INFO - Processing file /opt/airflow/dags/country_capital_etl.py for tasks to queue
[2026-04-25T05:25:06.936+0000] {logging_mixin.py:188} INFO - [2026-04-25T05:25:06.936+0000] {dagbag.py:538} INFO - Filling up the DagBag from /opt/airflow/dags/country_capital_etl.py
[2026-04-25T05:25:06.945+0000] {processor.py:840} INFO - DAG(s) 'country_capital_pipeline' retrieved from /opt/airflow/dags/country_capital_etl.py
[2026-04-25T05:25:06.964+0000] {logging_mixin.py:188} INFO - [2026-04-25T05:25:06.964+0000] {dag.py:3036} INFO - Sync 1 DAGs
[2026-04-25T05:25:06.978+0000] {logging_mixin.py:188} INFO - [2026-04-25T05:25:06.978+0000] {dag.py:3823} INFO - Setting next_dagrun for country_capital_pipeline to 2026-04-24 00:00:00+00:00, run_after=2026-04-25 00:00:00+00:00
[2026-04-25T05:25:06.989+0000] {processor.py:183} INFO - Processing /opt/airflow/dags/country_capital_etl.py took 0.060 seconds
[2026-04-25T05:25:37.636+0000] {processor.py:161} INFO - Started process (PID=105) to work on /opt/airflow/dags/country_capital_etl.py
[2026-04-25T05:25:37.638+0000] {processor.py:830} INFO - Processing file /opt/airflow/dags/country_capital_etl.py for tasks to queue
[2026-04-25T05:25:37.640+0000] {logging_mixin.py:188} INFO - [2026-04-25T05:25:37.640+0000] {dagbag.py:538} INFO - Filling up the DagBag from /opt/airflow/dags/country_capital_etl.py
[2026-04-25T05:25:37.651+0000] {processor.py:840} INFO - DAG(s) 'country_capital_pipeline' retrieved from /opt/airflow/dags/country_capital_etl.py
[2026-04-25T05:25:37.671+0000] {logging_mixin.py:188} INFO - [2026-04-25T05:25:37.670+0000] {dag.py:3036} INFO - Sync 1 DAGs
[2026-04-25T05:25:37.685+0000] {logging_mixin.py:188} INFO - [2026-04-25T05:25:37.685+0000] {dag.py:3823} INFO - Setting next_dagrun for country_capital_pipeline to 2026-04-24 00:00:00+00:00, run_after=2026-04-25 00:00:00+00:00
[2026-04-25T05:25:37.697+0000] {processor.py:183} INFO - Processing /opt/airflow/dags/country_capital_etl.py took 0.064 seconds
[2026-04-25T05:26:08.305+0000] {processor.py:161} INFO - Started process (PID=112) to work on /opt/airflow/dags/country_capital_etl.py
[2026-04-25T05:26:08.306+0000] {processor.py:830} INFO - Processing file /opt/airflow/dags/country_capital_etl.py for tasks to queue
[2026-04-25T05:26:08.309+0000] {logging_mixin.py:188} INFO - [2026-04-25T05:26:08.309+0000] {dagbag.py:538} INFO - Filling up the DagBag from /opt/airflow/dags/country_capital_etl.py
[2026-04-25T05:26:08.321+0000] {processor.py:840} INFO - DAG(s) 'country_capital_pipeline' retrieved from /opt/airflow/dags/country_capital_etl.py
[2026-04-25T05:26:08.345+0000] {logging_mixin.py:188} INFO - [2026-04-25T05:26:08.344+0000] {dag.py:3036} INFO - Sync 1 DAGs
[2026-04-25T05:26:08.361+0000] {logging_mixin.py:188} INFO - [2026-04-25T05:26:08.360+0000] {dag.py:3823} INFO - Setting next_dagrun for country_capital_pipeline to 2026-04-24 00:00:00+00:00, run_after=2026-04-25 00:00:00+00:00
[2026-04-25T05:26:08.373+0000] {processor.py:183} INFO - Processing /opt/airflow/dags/country_capital_etl.py took 0.070 seconds
[2026-04-25T05:26:38.838+0000] {processor.py:161} INFO - Started process (PID=119) to work on /opt/airflow/dags/country_capital_etl.py
[2026-04-25T05:26:38.842+0000] {processor.py:830} INFO - Processing file /opt/airflow/dags/country_capital_etl.py for tasks to queue
[2026-04-25T05:26:38.843+0000] {logging_mixin.py:188} INFO - [2026-04-25T05:26:38.843+0000] {dagbag.py:538} INFO - Filling up the DagBag from /opt/airflow/dags/country_capital_etl.py
[2026-04-25T05:26:38.852+0000] {processor.py:840} INFO - DAG(s) 'country_capital_pipeline' retrieved from /opt/airflow/dags/country_capital_etl.py
[2026-04-25T05:26:38.873+0000] {logging_mixin.py:188} INFO - [2026-04-25T05:26:38.873+0000] {dag.py:3036} INFO - Sync 1 DAGs
[2026-04-25T05:26:38.886+0000] {logging_mixin.py:188} INFO - [2026-04-25T05:26:38.886+0000] {dag.py:3823} INFO - Setting next_dagrun for country_capital_pipeline to 2026-04-24 00:00:00+00:00, run_after=2026-04-25 00:00:00+00:00
[2026-04-25T05:26:38.897+0000] {processor.py:183} INFO - Processing /opt/airflow/dags/country_capital_etl.py took 0.061 seconds
[2026-04-25T05:27:09.433+0000] {processor.py:161} INFO - Started process (PID=126) to work on /opt/airflow/dags/country_capital_etl.py
[2026-04-25T05:27:09.435+0000] {processor.py:830} INFO - Processing file /opt/airflow/dags/country_capital_etl.py for tasks to queue
[2026-04-25T05:27:09.437+0000] {logging_mixin.py:188} INFO - [2026-04-25T05:27:09.436+0000] {dagbag.py:538} INFO - Filling up the DagBag from /opt/airflow/dags/country_capital_etl.py
[2026-04-25T05:27:09.445+0000] {processor.py:840} INFO - DAG(s) 'country_capital_pipeline' retrieved from /opt/airflow/dags/country_capital_etl.py
[2026-04-25T05:27:09.462+0000] {logging_mixin.py:188} INFO - [2026-04-25T05:27:09.462+0000] {dag.py:3036} INFO - Sync 1 DAGs
[2026-04-25T05:27:09.475+0000] {logging_mixin.py:188} INFO - [2026-04-25T05:27:09.475+0000] {dag.py:3823} INFO - Setting next_dagrun for country_capital_pipeline to 2026-04-24 00:00:00+00:00, run_after=2026-04-25 00:00:00+00:00
[2026-04-25T05:27:09.485+0000] {processor.py:183} INFO - Processing /opt/airflow/dags/country_capital_etl.py took 0.055 seconds
[2026-04-25T05:27:39.952+0000] {processor.py:161} INFO - Started process (PID=133) to work on /opt/airflow/dags/country_capital_etl.py
[2026-04-25T05:27:39.953+0000] {processor.py:830} INFO - Processing file /opt/airflow/dags/country_capital_etl.py for tasks to queue
[2026-04-25T05:27:39.955+0000] {logging_mixin.py:188} INFO - [2026-04-25T05:27:39.954+0000] {dagbag.py:538} INFO - Filling up the DagBag from /opt/airflow/dags/country_capital_etl.py
[2026-04-25T05:27:39.962+0000] {processor.py:840} INFO - DAG(s) 'country_capital_pipeline' retrieved from /opt/airflow/dags/country_capital_etl.py
[2026-04-25T05:27:39.979+0000] {logging_mixin.py:188} INFO - [2026-04-25T05:27:39.979+0000] {dag.py:3036} INFO - Sync 1 DAGs
[2026-04-25T05:27:39.993+0000] {logging_mixin.py:188} INFO - [2026-04-25T05:27:39.993+0000] {dag.py:3823} INFO - Setting next_dagrun for country_capital_pipeline to 2026-04-24 00:00:00+00:00, run_after=2026-04-25 00:00:00+00:00
[2026-04-25T05:27:40.005+0000] {processor.py:183} INFO - Processing /opt/airflow/dags/country_capital_etl.py took 0.055 seconds
[2026-04-25T05:28:10.562+0000] {processor.py:161} INFO - Started process (PID=140) to work on /opt/airflow/dags/country_capital_etl.py
[2026-04-25T05:28:10.564+0000] {processor.py:830} INFO - Processing file /opt/airflow/dags/country_capital_etl.py for tasks to queue
[2026-04-25T05:28:10.565+0000] {logging_mixin.py:188} INFO - [2026-04-25T05:28:10.565+0000] {dagbag.py:538} INFO - Filling up the DagBag from /opt/airflow/dags/country_capital_etl.py
[2026-04-25T05:28:10.578+0000] {processor.py:840} INFO - DAG(s) 'country_capital_pipeline' retrieved from /opt/airflow/dags/country_capital_etl.py
[2026-04-25T05:28:10.599+0000] {logging_mixin.py:188} INFO - [2026-04-25T05:28:10.599+0000] {dag.py:3036} INFO - Sync 1 DAGs
[2026-04-25T05:28:10.614+0000] {logging_mixin.py:188} INFO - [2026-04-25T05:28:10.614+0000] {dag.py:3823} INFO - Setting next_dagrun for country_capital_pipeline to 2026-04-24 00:00:00+00:00, run_after=2026-04-25 00:00:00+00:00
[2026-04-25T05:28:10.625+0000] {processor.py:183} INFO - Processing /opt/airflow/dags/country_capital_etl.py took 0.066 seconds
[2026-04-25T05:28:41.177+0000] {processor.py:161} INFO - Started process (PID=147) to work on /opt/airflow/dags/country_capital_etl.py
[2026-04-25T05:28:41.179+0000] {processor.py:830} INFO - Processing file /opt/airflow/dags/country_capital_etl.py for tasks to queue
[2026-04-25T05:28:41.181+0000] {logging_mixin.py:188} INFO - [2026-04-25T05:28:41.181+0000] {dagbag.py:538} INFO - Filling up the DagBag from /opt/airflow/dags/country_capital_etl.py
[2026-04-25T05:28:41.192+0000] {processor.py:840} INFO - DAG(s) 'country_capital_pipeline' retrieved from /opt/airflow/dags/country_capital_etl.py
[2026-04-25T05:28:41.214+0000] {logging_mixin.py:188} INFO - [2026-04-25T05:28:41.214+0000] {dag.py:3036} INFO - Sync 1 DAGs
[2026-04-25T05:28:41.227+0000] {logging_mixin.py:188} INFO - [2026-04-25T05:28:41.227+0000] {dag.py:3823} INFO - Setting next_dagrun for country_capital_pipeline to 2026-04-24 00:00:00+00:00, run_after=2026-04-25 00:00:00+00:00
[2026-04-25T05:28:41.237+0000] {processor.py:183} INFO - Processing /opt/airflow/dags/country_capital_etl.py took 0.063 seconds
[2026-04-25T05:29:11.803+0000] {processor.py:161} INFO - Started process (PID=154) to work on /opt/airflow/dags/country_capital_etl.py
[2026-04-25T05:29:11.806+0000] {processor.py:830} INFO - Processing file /opt/airflow/dags/country_capital_etl.py for tasks to queue
[2026-04-25T05:29:11.807+0000] {logging_mixin.py:188} INFO - [2026-04-25T05:29:11.807+0000] {dagbag.py:538} INFO - Filling up the DagBag from /opt/airflow/dags/country_capital_etl.py
[2026-04-25T05:29:11.820+0000] {processor.py:840} INFO - DAG(s) 'country_capital_pipeline' retrieved from /opt/airflow/dags/country_capital_etl.py
[2026-04-25T05:29:11.846+0000] {logging_mixin.py:188} INFO - [2026-04-25T05:29:11.846+0000] {dag.py:3036} INFO - Sync 1 DAGs
[2026-04-25T05:29:11.861+0000] {logging_mixin.py:188} INFO - [2026-04-25T05:29:11.861+0000] {dag.py:3823} INFO - Setting next_dagrun for country_capital_pipeline to 2026-04-24 00:00:00+00:00, run_after=2026-04-25 00:00:00+00:00
[2026-04-25T05:29:11.874+0000] {processor.py:183} INFO - Processing /opt/airflow/dags/country_capital_etl.py took 0.073 seconds
[2026-04-25T05:29:42.413+0000] {processor.py:161} INFO - Started process (PID=161) to work on /opt/airflow/dags/country_capital_etl.py
[2026-04-25T05:29:42.415+0000] {processor.py:830} INFO - Processing file /opt/airflow/dags/country_capital_etl.py for tasks to queue
[2026-04-25T05:29:42.417+0000] {logging_mixin.py:188} INFO - [2026-04-25T05:29:42.417+0000] {dagbag.py:538} INFO - Filling up the DagBag from /opt/airflow/dags/country_capital_etl.py
[2026-04-25T05:29:42.425+0000] {processor.py:840} INFO - DAG(s) 'country_capital_pipeline' retrieved from /opt/airflow/dags/country_capital_etl.py
[2026-04-25T05:29:42.450+0000] {logging_mixin.py:188} INFO - [2026-04-25T05:29:42.450+0000] {dag.py:3036} INFO - Sync 1 DAGs
[2026-04-25T05:29:42.463+0000] {logging_mixin.py:188} INFO - [2026-04-25T05:29:42.463+0000] {dag.py:3823} INFO - Setting next_dagrun for country_capital_pipeline to 2026-04-24 00:00:00+00:00, run_after=2026-04-25 00:00:00+00:00
[2026-04-25T05:29:42.473+0000] {processor.py:183} INFO - Processing /opt/airflow/dags/country_capital_etl.py took 0.062 seconds
[2026-04-25T05:30:12.986+0000] {processor.py:161} INFO - Started process (PID=168) to work on /opt/airflow/dags/country_capital_etl.py
[2026-04-25T05:30:12.988+0000] {processor.py:830} INFO - Processing file /opt/airflow/dags/country_capital_etl.py for tasks to queue
[2026-04-25T05:30:12.989+0000] {logging_mixin.py:188} INFO - [2026-04-25T05:30:12.989+0000] {dagbag.py:538} INFO - Filling up the DagBag from /opt/airflow/dags/country_capital_etl.py
[2026-04-25T05:30:12.997+0000] {processor.py:840} INFO - DAG(s) 'country_capital_pipeline' retrieved from /opt/airflow/dags/country_capital_etl.py
[2026-04-25T05:30:13.014+0000] {logging_mixin.py:188} INFO - [2026-04-25T05:30:13.014+0000] {dag.py:3036} INFO - Sync 1 DAGs
[2026-04-25T05:30:13.027+0000] {logging_mixin.py:188} INFO - [2026-04-25T05:30:13.027+0000] {dag.py:3823} INFO - Setting next_dagrun for country_capital_pipeline to 2026-04-24 00:00:00+00:00, run_after=2026-04-25 00:00:00+00:00
[2026-04-25T05:30:13.037+0000] {processor.py:183} INFO - Processing /opt/airflow/dags/country_capital_etl.py took 0.053 seconds
[2026-04-25T05:30:43.527+0000] {processor.py:161} INFO - Started process (PID=175) to work on /opt/airflow/dags/country_capital_etl.py
[2026-04-25T05:30:43.529+0000] {processor.py:830} INFO - Processing file /opt/airflow/dags/country_capital_etl.py for tasks to queue
[2026-04-25T05:30:43.531+0000] {logging_mixin.py:188} INFO - [2026-04-25T05:30:43.531+0000] {dagbag.py:538} INFO - Filling up the DagBag from /opt/airflow/dags/country_capital_etl.py
[2026-04-25T05:30:43.544+0000] {processor.py:840} INFO - DAG(s) 'country_capital_pipeline' retrieved from /opt/airflow/dags/country_capital_etl.py
[2026-04-25T05:30:43.564+0000] {logging_mixin.py:188} INFO - [2026-04-25T05:30:43.564+0000] {dag.py:3036} INFO - Sync 1 DAGs
[2026-04-25T05:30:43.579+0000] {logging_mixin.py:188} INFO - [2026-04-25T05:30:43.579+0000] {dag.py:3823} INFO - Setting next_dagrun for country_capital_pipeline to 2026-04-24 00:00:00+00:00, run_after=2026-04-25 00:00:00+00:00
[2026-04-25T05:30:43.591+0000] {processor.py:183} INFO - Processing /opt/airflow/dags/country_capital_etl.py took 0.067 seconds
[2026-04-25T05:31:14.174+0000] {processor.py:161} INFO - Started process (PID=182) to work on /opt/airflow/dags/country_capital_etl.py
[2026-04-25T05:31:14.178+0000] {processor.py:830} INFO - Processing file /opt/airflow/dags/country_capital_etl.py for tasks to queue
[2026-04-25T05:31:14.179+0000] {logging_mixin.py:188} INFO - [2026-04-25T05:31:14.179+0000] {dagbag.py:538} INFO - Filling up the DagBag from /opt/airflow/dags/country_capital_etl.py
[2026-04-25T05:31:14.187+0000] {processor.py:840} INFO - DAG(s) 'country_capital_pipeline' retrieved from /opt/airflow/dags/country_capital_etl.py
[2026-04-25T05:31:14.208+0000] {logging_mixin.py:188} INFO - [2026-04-25T05:31:14.207+0000] {dag.py:3036} INFO - Sync 1 DAGs
[2026-04-25T05:31:14.220+0000] {logging_mixin.py:188} INFO - [2026-04-25T05:31:14.220+0000] {dag.py:3823} INFO - Setting next_dagrun for country_capital_pipeline to 2026-04-24 00:00:00+00:00, run_after=2026-04-25 00:00:00+00:00
[2026-04-25T05:31:14.230+0000] {processor.py:183} INFO - Processing /opt/airflow/dags/country_capital_etl.py took 0.058 seconds
[2026-04-25T05:31:44.774+0000] {processor.py:161} INFO - Started process (PID=189) to work on /opt/airflow/dags/country_capital_etl.py
[2026-04-25T05:31:44.775+0000] {processor.py:830} INFO - Processing file /opt/airflow/dags/country_capital_etl.py for tasks to queue
[2026-04-25T05:31:44.778+0000] {logging_mixin.py:188} INFO - [2026-04-25T05:31:44.778+0000] {dagbag.py:538} INFO - Filling up the DagBag from /opt/airflow/dags/country_capital_etl.py
[2026-04-25T05:31:44.789+0000] {processor.py:840} INFO - DAG(s) 'country_capital_pipeline' retrieved from /opt/airflow/dags/country_capital_etl.py
[2026-04-25T05:31:44.810+0000] {logging_mixin.py:188} INFO - [2026-04-25T05:31:44.809+0000] {dag.py:3036} INFO - Sync 1 DAGs
[2026-04-25T05:31:44.827+0000] {logging_mixin.py:188} INFO - [2026-04-25T05:31:44.827+0000] {dag.py:3823} INFO - Setting next_dagrun for country_capital_pipeline to 2026-04-24 00:00:00+00:00, run_after=2026-04-25 00:00:00+00:00
[2026-04-25T05:31:44.838+0000] {processor.py:183} INFO - Processing /opt/airflow/dags/country_capital_etl.py took 0.066 seconds
[2026-04-25T05:32:15.391+0000] {processor.py:161} INFO - Started process (PID=196) to work on /opt/airflow/dags/country_capital_etl.py
[2026-04-25T05:32:15.394+0000] {processor.py:830} INFO - Processing file /opt/airflow/dags/country_capital_etl.py for tasks to queue
[2026-04-25T05:32:15.396+0000] {logging_mixin.py:188} INFO - [2026-04-25T05:32:15.396+0000] {dagbag.py:538} INFO - Filling up the DagBag from /opt/airflow/dags/country_capital_etl.py
[2026-04-25T05:32:15.407+0000] {processor.py:840} INFO - DAG(s) 'country_capital_pipeline' retrieved from /opt/airflow/dags/country_capital_etl.py
[2026-04-25T05:32:15.426+0000] {logging_mixin.py:188} INFO - [2026-04-25T05:32:15.426+0000] {dag.py:3036} INFO - Sync 1 DAGs
[2026-04-25T05:32:15.439+0000] {logging_mixin.py:188} INFO - [2026-04-25T05:32:15.439+0000] {dag.py:3823} INFO - Setting next_dagrun for country_capital_pipeline to 2026-04-24 00:00:00+00:00, run_after=2026-04-25 00:00:00+00:00
[2026-04-25T05:32:15.448+0000] {processor.py:183} INFO - Processing /opt/airflow/dags/country_capital_etl.py took 0.059 seconds
[2026-04-25T05:32:46.006+0000] {processor.py:161} INFO - Started process (PID=203) to work on /opt/airflow/dags/country_capital_etl.py
[2026-04-25T05:32:46.007+0000] {processor.py:830} INFO - Processing file /opt/airflow/dags/country_capital_etl.py for tasks to queue
[2026-04-25T05:32:46.009+0000] {logging_mixin.py:188} INFO - [2026-04-25T05:32:46.009+0000] {dagbag.py:538} INFO - Filling up the DagBag from /opt/airflow/dags/country_capital_etl.py
[2026-04-25T05:32:46.018+0000] {processor.py:840} INFO - DAG(s) 'country_capital_pipeline' retrieved from /opt/airflow/dags/country_capital_etl.py
[2026-04-25T05:32:46.033+0000] {logging_mixin.py:188} INFO - [2026-04-25T05:32:46.033+0000] {dag.py:3036} INFO - Sync 1 DAGs
[2026-04-25T05:32:46.046+0000] {logging_mixin.py:188} INFO - [2026-04-25T05:32:46.046+0000] {dag.py:3823} INFO - Setting next_dagrun for country_capital_pipeline to 2026-04-24 00:00:00+00:00, run_after=2026-04-25 00:00:00+00:00
[2026-04-25T05:32:46.056+0000] {processor.py:183} INFO - Processing /opt/airflow/dags/country_capital_etl.py took 0.052 seconds
[2026-04-25T05:33:16.575+0000] {processor.py:161} INFO - Started process (PID=210) to work on /opt/airflow/dags/country_capital_etl.py
[2026-04-25T05:33:16.575+0000] {processor.py:830} INFO - Processing file /opt/airflow/dags/country_capital_etl.py for tasks to queue
[2026-04-25T05:33:16.578+0000] {logging_mixin.py:188} INFO - [2026-04-25T05:33:16.577+0000] {dagbag.py:538} INFO - Filling up the DagBag from /opt/airflow/dags/country_capital_etl.py
[2026-04-25T05:33:16.588+0000] {processor.py:840} INFO - DAG(s) 'country_capital_pipeline' retrieved from /opt/airflow/dags/country_capital_etl.py
[2026-04-25T05:33:16.608+0000] {logging_mixin.py:188} INFO - [2026-04-25T05:33:16.608+0000] {dag.py:3036} INFO - Sync 1 DAGs
[2026-04-25T05:33:16.621+0000] {logging_mixin.py:188} INFO - [2026-04-25T05:33:16.621+0000] {dag.py:3823} INFO - Setting next_dagrun for country_capital_pipeline to 2026-04-24 00:00:00+00:00, run_after=2026-04-25 00:00:00+00:00
[2026-04-25T05:33:16.630+0000] {processor.py:183} INFO - Processing /opt/airflow/dags/country_capital_etl.py took 0.058 seconds
[2026-04-25T05:33:47.202+0000] {processor.py:161} INFO - Started process (PID=217) to work on /opt/airflow/dags/country_capital_etl.py
[2026-04-25T05:33:47.203+0000] {processor.py:830} INFO - Processing file /opt/airflow/dags/country_capital_etl.py for tasks to queue
[2026-04-25T05:33:47.205+0000] {logging_mixin.py:188} INFO - [2026-04-25T05:33:47.205+0000] {dagbag.py:538} INFO - Filling up the DagBag from /opt/airflow/dags/country_capital_etl.py
[2026-04-25T05:33:47.217+0000] {processor.py:840} INFO - DAG(s) 'country_capital_pipeline' retrieved from /opt/airflow/dags/country_capital_etl.py
[2026-04-25T05:33:47.238+0000] {logging_mixin.py:188} INFO - [2026-04-25T05:33:47.237+0000] {dag.py:3036} INFO - Sync 1 DAGs
[2026-04-25T05:33:47.251+0000] {logging_mixin.py:188} INFO - [2026-04-25T05:33:47.251+0000] {dag.py:3823} INFO - Setting next_dagrun for country_capital_pipeline to 2026-04-24 00:00:00+00:00, run_after=2026-04-25 00:00:00+00:00
[2026-04-25T05:33:47.263+0000] {processor.py:183} INFO - Processing /opt/airflow/dags/country_capital_etl.py took 0.065 seconds
[2026-04-25T05:34:17.816+0000] {processor.py:161} INFO - Started process (PID=224) to work on /opt/airflow/dags/country_capital_etl.py
[2026-04-25T05:34:17.819+0000] {processor.py:830} INFO - Processing file /opt/airflow/dags/country_capital_etl.py for tasks to queue
[2026-04-25T05:34:17.820+0000] {logging_mixin.py:188} INFO - [2026-04-25T05:34:17.820+0000] {dagbag.py:538} INFO - Filling up the DagBag from /opt/airflow/dags/country_capital_etl.py
[2026-04-25T05:34:17.833+0000] {processor.py:840} INFO - DAG(s) 'country_capital_pipeline' retrieved from /opt/airflow/dags/country_capital_etl.py
[2026-04-25T05:34:17.860+0000] {logging_mixin.py:188} INFO - [2026-04-25T05:34:17.859+0000] {dag.py:3036} INFO - Sync 1 DAGs
[2026-04-25T05:34:17.876+0000] {logging_mixin.py:188} INFO - [2026-04-25T05:34:17.876+0000] {dag.py:3823} INFO - Setting next_dagrun for country_capital_pipeline to 2026-04-24 00:00:00+00:00, run_after=2026-04-25 00:00:00+00:00
[2026-04-25T05:34:17.889+0000] {processor.py:183} INFO - Processing /opt/airflow/dags/country_capital_etl.py took 0.076 seconds
[2026-04-25T05:34:48.374+0000] {processor.py:161} INFO - Started process (PID=231) to work on /opt/airflow/dags/country_capital_etl.py
[2026-04-25T05:34:48.375+0000] {processor.py:830} INFO - Processing file /opt/airflow/dags/country_capital_etl.py for tasks to queue
[2026-04-25T05:34:48.377+0000] {logging_mixin.py:188} INFO - [2026-04-25T05:34:48.377+0000] {dagbag.py:538} INFO - Filling up the DagBag from /opt/airflow/dags/country_capital_etl.py
[2026-04-25T05:34:48.385+0000] {processor.py:840} INFO - DAG(s) 'country_capital_pipeline' retrieved from /opt/airflow/dags/country_capital_etl.py
[2026-04-25T05:34:48.403+0000] {logging_mixin.py:188} INFO - [2026-04-25T05:34:48.403+0000] {dag.py:3036} INFO - Sync 1 DAGs
[2026-04-25T05:34:48.418+0000] {logging_mixin.py:188} INFO - [2026-04-25T05:34:48.418+0000] {dag.py:3823} INFO - Setting next_dagrun for country_capital_pipeline to 2026-04-24 00:00:00+00:00, run_after=2026-04-25 00:00:00+00:00
[2026-04-25T05:34:48.429+0000] {processor.py:183} INFO - Processing /opt/airflow/dags/country_capital_etl.py took 0.058 seconds
[2026-04-25T05:35:18.970+0000] {processor.py:161} INFO - Started process (PID=238) to work on /opt/airflow/dags/country_capital_etl.py
[2026-04-25T05:35:18.971+0000] {processor.py:830} INFO - Processing file /opt/airflow/dags/country_capital_etl.py for tasks to queue
[2026-04-25T05:35:18.973+0000] {logging_mixin.py:188} INFO - [2026-04-25T05:35:18.973+0000] {dagbag.py:538} INFO - Filling up the DagBag from /opt/airflow/dags/country_capital_etl.py
[2026-04-25T05:35:18.985+0000] {processor.py:840} INFO - DAG(s) 'country_capital_pipeline' retrieved from /opt/airflow/dags/country_capital_etl.py
[2026-04-25T05:35:19.007+0000] {logging_mixin.py:188} INFO - [2026-04-25T05:35:19.006+0000] {dag.py:3036} INFO - Sync 1 DAGs
[2026-04-25T05:35:19.019+0000] {logging_mixin.py:188} INFO - [2026-04-25T05:35:19.019+0000] {dag.py:3823} INFO - Setting next_dagrun for country_capital_pipeline to 2026-04-24 00:00:00+00:00, run_after=2026-04-25 00:00:00+00:00
[2026-04-25T05:35:19.029+0000] {processor.py:183} INFO - Processing /opt/airflow/dags/country_capital_etl.py took 0.062 seconds
[2026-04-25T05:35:49.576+0000] {processor.py:161} INFO - Started process (PID=245) to work on /opt/airflow/dags/country_capital_etl.py
[2026-04-25T05:35:49.577+0000] {processor.py:830} INFO - Processing file /opt/airflow/dags/country_capital_etl.py for tasks to queue
[2026-04-25T05:35:49.580+0000] {logging_mixin.py:188} INFO - [2026-04-25T05:35:49.579+0000] {dagbag.py:538} INFO - Filling up the DagBag from /opt/airflow/dags/country_capital_etl.py
[2026-04-25T05:35:49.590+0000] {processor.py:840} INFO - DAG(s) 'country_capital_pipeline' retrieved from /opt/airflow/dags/country_capital_etl.py
[2026-04-25T05:35:49.611+0000] {logging_mixin.py:188} INFO - [2026-04-25T05:35:49.611+0000] {dag.py:3036} INFO - Sync 1 DAGs
[2026-04-25T05:35:49.624+0000] {logging_mixin.py:188} INFO - [2026-04-25T05:35:49.624+0000] {dag.py:3823} INFO - Setting next_dagrun for country_capital_pipeline to 2026-04-24 00:00:00+00:00, run_after=2026-04-25 00:00:00+00:00
[2026-04-25T05:35:49.634+0000] {processor.py:183} INFO - Processing /opt/airflow/dags/country_capital_etl.py took 0.060 seconds
[2026-04-25T05:36:20.202+0000] {processor.py:161} INFO - Started process (PID=252) to work on /opt/airflow/dags/country_capital_etl.py
[2026-04-25T05:36:20.205+0000] {processor.py:830} INFO - Processing file /opt/airflow/dags/country_capital_etl.py for tasks to queue
[2026-04-25T05:36:20.207+0000] {logging_mixin.py:188} INFO - [2026-04-25T05:36:20.207+0000] {dagbag.py:538} INFO - Filling up the DagBag from /opt/airflow/dags/country_capital_etl.py
[2026-04-25T05:36:20.215+0000] {processor.py:840} INFO - DAG(s) 'country_capital_pipeline' retrieved from /opt/airflow/dags/country_capital_etl.py
[2026-04-25T05:36:20.238+0000] {logging_mixin.py:188} INFO - [2026-04-25T05:36:20.238+0000] {dag.py:3036} INFO - Sync 1 DAGs
[2026-04-25T05:36:20.251+0000] {logging_mixin.py:188} INFO - [2026-04-25T05:36:20.251+0000] {dag.py:3823} INFO - Setting next_dagrun for country_capital_pipeline to 2026-04-24 00:00:00+00:00, run_after=2026-04-25 00:00:00+00:00
[2026-04-25T05:36:20.263+0000] {processor.py:183} INFO - Processing /opt/airflow/dags/country_capital_etl.py took 0.063 seconds
[2026-04-25T05:36:50.798+0000] {processor.py:161} INFO - Started process (PID=259) to work on /opt/airflow/dags/country_capital_etl.py
[2026-04-25T05:36:50.801+0000] {processor.py:830} INFO - Processing file /opt/airflow/dags/country_capital_etl.py for tasks to queue
[2026-04-25T05:36:50.802+0000] {logging_mixin.py:188} INFO - [2026-04-25T05:36:50.802+0000] {dagbag.py:538} INFO - Filling up the DagBag from /opt/airflow/dags/country_capital_etl.py
[2026-04-25T05:36:50.811+0000] {processor.py:840} INFO - DAG(s) 'country_capital_pipeline' retrieved from /opt/airflow/dags/country_capital_etl.py
[2026-04-25T05:36:50.832+0000] {logging_mixin.py:188} INFO - [2026-04-25T05:36:50.831+0000] {dag.py:3036} INFO - Sync 1 DAGs
[2026-04-25T05:36:50.845+0000] {logging_mixin.py:188} INFO - [2026-04-25T05:36:50.845+0000] {dag.py:3823} INFO - Setting next_dagrun for country_capital_pipeline to 2026-04-24 00:00:00+00:00, run_after=2026-04-25 00:00:00+00:00
[2026-04-25T05:36:50.855+0000] {processor.py:183} INFO - Processing /opt/airflow/dags/country_capital_etl.py took 0.059 seconds
[2026-04-25T05:37:21.423+0000] {processor.py:161} INFO - Started process (PID=266) to work on /opt/airflow/dags/country_capital_etl.py
[2026-04-25T05:37:21.427+0000] {processor.py:830} INFO - Processing file /opt/airflow/dags/country_capital_etl.py for tasks to queue
[2026-04-25T05:37:21.428+0000] {logging_mixin.py:188} INFO - [2026-04-25T05:37:21.428+0000] {dagbag.py:538} INFO - Filling up the DagBag from /opt/airflow/dags/country_capital_etl.py
[2026-04-25T05:37:21.436+0000] {processor.py:840} INFO - DAG(s) 'country_capital_pipeline' retrieved from /opt/airflow/dags/country_capital_etl.py
[2026-04-25T05:37:21.461+0000] {logging_mixin.py:188} INFO - [2026-04-25T05:37:21.461+0000] {dag.py:3036} INFO - Sync 1 DAGs
[2026-04-25T05:37:21.474+0000] {logging_mixin.py:188} INFO - [2026-04-25T05:37:21.474+0000] {dag.py:3823} INFO - Setting next_dagrun for country_capital_pipeline to 2026-04-24 00:00:00+00:00, run_after=2026-04-25 00:00:00+00:00
[2026-04-25T05:37:21.484+0000] {processor.py:183} INFO - Processing /opt/airflow/dags/country_capital_etl.py took 0.064 seconds
[2026-04-25T05:37:52.044+0000] {processor.py:161} INFO - Started process (PID=273) to work on /opt/airflow/dags/country_capital_etl.py
[2026-04-25T05:37:52.046+0000] {processor.py:830} INFO - Processing file /opt/airflow/dags/country_capital_etl.py for tasks to queue
[2026-04-25T05:37:52.048+0000] {logging_mixin.py:188} INFO - [2026-04-25T05:37:52.048+0000] {dagbag.py:538} INFO - Filling up the DagBag from /opt/airflow/dags/country_capital_etl.py
[2026-04-25T05:37:52.060+0000] {processor.py:840} INFO - DAG(s) 'country_capital_pipeline' retrieved from /opt/airflow/dags/country_capital_etl.py
[2026-04-25T05:37:52.082+0000] {logging_mixin.py:188} INFO - [2026-04-25T05:37:52.081+0000] {dag.py:3036} INFO - Sync 1 DAGs
[2026-04-25T05:37:52.095+0000] {logging_mixin.py:188} INFO - [2026-04-25T05:37:52.095+0000] {dag.py:3823} INFO - Setting next_dagrun for country_capital_pipeline to 2026-04-24 00:00:00+00:00, run_after=2026-04-25 00:00:00+00:00
[2026-04-25T05:37:52.104+0000] {processor.py:183} INFO - Processing /opt/airflow/dags/country_capital_etl.py took 0.062 seconds
[2026-04-25T06:12:18.811+0000] {processor.py:161} INFO - Started process (PID=280) to work on /opt/airflow/dags/country_capital_etl.py
[2026-04-25T06:12:18.813+0000] {processor.py:830} INFO - Processing file /opt/airflow/dags/country_capital_etl.py for tasks to queue
[2026-04-25T06:12:18.814+0000] {logging_mixin.py:188} INFO - [2026-04-25T06:12:18.814+0000] {dagbag.py:538} INFO - Filling up the DagBag from /opt/airflow/dags/country_capital_etl.py
[2026-04-25T06:12:18.826+0000] {processor.py:840} INFO - DAG(s) 'country_capital_pipeline' retrieved from /opt/airflow/dags/country_capital_etl.py
[2026-04-25T06:12:18.845+0000] {logging_mixin.py:188} INFO - [2026-04-25T06:12:18.845+0000] {dag.py:3036} INFO - Sync 1 DAGs
[2026-04-25T06:12:18.861+0000] {logging_mixin.py:188} INFO - [2026-04-25T06:12:18.860+0000] {dag.py:3823} INFO - Setting next_dagrun for country_capital_pipeline to 2026-04-24 00:00:00+00:00, run_after=2026-04-25 00:00:00+00:00
[2026-04-25T06:12:18.872+0000] {processor.py:183} INFO - Processing /opt/airflow/dags/country_capital_etl.py took 0.064 seconds
[2026-04-25T06:15:35.830+0000] {processor.py:161} INFO - Started process (PID=287) to work on /opt/airflow/dags/country_capital_etl.py
[2026-04-25T06:15:35.831+0000] {processor.py:830} INFO - Processing file /opt/airflow/dags/country_capital_etl.py for tasks to queue
[2026-04-25T06:15:35.834+0000] {logging_mixin.py:188} INFO - [2026-04-25T06:15:35.834+0000] {dagbag.py:538} INFO - Filling up the DagBag from /opt/airflow/dags/country_capital_etl.py
[2026-04-25T06:15:35.846+0000] {processor.py:840} INFO - DAG(s) 'country_capital_pipeline' retrieved from /opt/airflow/dags/country_capital_etl.py
[2026-04-25T06:15:35.872+0000] {logging_mixin.py:188} INFO - [2026-04-25T06:15:35.871+0000] {dag.py:3036} INFO - Sync 1 DAGs
[2026-04-25T06:15:35.894+0000] {logging_mixin.py:188} INFO - [2026-04-25T06:15:35.894+0000] {dag.py:3823} INFO - Setting next_dagrun for country_capital_pipeline to 2026-04-24 00:00:00+00:00, run_after=2026-04-25 00:00:00+00:00
[2026-04-25T06:15:35.915+0000] {processor.py:183} INFO - Processing /opt/airflow/dags/country_capital_etl.py took 0.088 seconds
[2026-04-25T06:16:48.504+0000] {processor.py:161} INFO - Started process (PID=294) to work on /opt/airflow/dags/country_capital_etl.py
[2026-04-25T06:16:48.505+0000] {processor.py:830} INFO - Processing file /opt/airflow/dags/country_capital_etl.py for tasks to queue
[2026-04-25T06:16:48.507+0000] {logging_mixin.py:188} INFO - [2026-04-25T06:16:48.506+0000] {dagbag.py:538} INFO - Filling up the DagBag from /opt/airflow/dags/country_capital_etl.py
[2026-04-25T06:16:48.514+0000] {processor.py:840} INFO - DAG(s) 'country_capital_pipeline' retrieved from /opt/airflow/dags/country_capital_etl.py
[2026-04-25T06:16:48.529+0000] {logging_mixin.py:188} INFO - [2026-04-25T06:16:48.529+0000] {dag.py:3036} INFO - Sync 1 DAGs
[2026-04-25T06:16:48.542+0000] {logging_mixin.py:188} INFO - [2026-04-25T06:16:48.542+0000] {dag.py:3823} INFO - Setting next_dagrun for country_capital_pipeline to 2026-04-24 00:00:00+00:00, run_after=2026-04-25 00:00:00+00:00
[2026-04-25T06:16:48.551+0000] {processor.py:183} INFO - Processing /opt/airflow/dags/country_capital_etl.py took 0.050 seconds
[2026-04-25T06:43:49.615+0000] {processor.py:161} INFO - Started process (PID=301) to work on /opt/airflow/dags/country_capital_etl.py
[2026-04-25T06:43:49.616+0000] {processor.py:830} INFO - Processing file /opt/airflow/dags/country_capital_etl.py for tasks to queue
[2026-04-25T06:43:49.617+0000] {logging_mixin.py:188} INFO - [2026-04-25T06:43:49.617+0000] {dagbag.py:538} INFO - Filling up the DagBag from /opt/airflow/dags/country_capital_etl.py
[2026-04-25T06:43:49.630+0000] {processor.py:840} INFO - DAG(s) 'country_capital_pipeline' retrieved from /opt/airflow/dags/country_capital_etl.py
[2026-04-25T06:43:49.646+0000] {logging_mixin.py:188} INFO - [2026-04-25T06:43:49.646+0000] {dag.py:3036} INFO - Sync 1 DAGs
[2026-04-25T06:43:49.659+0000] {logging_mixin.py:188} INFO - [2026-04-25T06:43:49.659+0000] {dag.py:3823} INFO - Setting next_dagrun for country_capital_pipeline to 2026-04-24 00:00:00+00:00, run_after=2026-04-25 00:00:00+00:00
[2026-04-25T06:43:49.673+0000] {processor.py:183} INFO - Processing /opt/airflow/dags/country_capital_etl.py took 0.060 seconds
[2026-04-25T06:44:20.490+0000] {processor.py:161} INFO - Started process (PID=308) to work on /opt/airflow/dags/country_capital_etl.py
[2026-04-25T06:44:20.491+0000] {processor.py:830} INFO - Processing file /opt/airflow/dags/country_capital_etl.py for tasks to queue
[2026-04-25T06:44:20.492+0000] {logging_mixin.py:188} INFO - [2026-04-25T06:44:20.492+0000] {dagbag.py:538} INFO - Filling up the DagBag from /opt/airflow/dags/country_capital_etl.py
[2026-04-25T06:44:20.503+0000] {processor.py:840} INFO - DAG(s) 'country_capital_pipeline' retrieved from /opt/airflow/dags/country_capital_etl.py
[2026-04-25T06:44:20.518+0000] {logging_mixin.py:188} INFO - [2026-04-25T06:44:20.518+0000] {dag.py:3036} INFO - Sync 1 DAGs
[2026-04-25T06:44:20.530+0000] {logging_mixin.py:188} INFO - [2026-04-25T06:44:20.530+0000] {dag.py:3823} INFO - Setting next_dagrun for country_capital_pipeline to 2026-04-24 00:00:00+00:00, run_after=2026-04-25 00:00:00+00:00
[2026-04-25T06:44:20.540+0000] {processor.py:183} INFO - Processing /opt/airflow/dags/country_capital_etl.py took 0.053 seconds
[2026-04-25T07:25:29.295+0000] {processor.py:161} INFO - Started process (PID=315) to work on /opt/airflow/dags/country_capital_etl.py
[2026-04-25T07:25:29.296+0000] {processor.py:830} INFO - Processing file /opt/airflow/dags/country_capital_etl.py for tasks to queue
[2026-04-25T07:25:29.298+0000] {logging_mixin.py:188} INFO - [2026-04-25T07:25:29.298+0000] {dagbag.py:538} INFO - Filling up the DagBag from /opt/airflow/dags/country_capital_etl.py
[2026-04-25T07:25:29.308+0000] {processor.py:840} INFO - DAG(s) 'country_capital_pipeline' retrieved from /opt/airflow/dags/country_capital_etl.py
[2026-04-25T07:25:29.328+0000] {logging_mixin.py:188} INFO - [2026-04-25T07:25:29.328+0000] {dag.py:3036} INFO - Sync 1 DAGs
[2026-04-25T07:25:29.341+0000] {logging_mixin.py:188} INFO - [2026-04-25T07:25:29.341+0000] {dag.py:3823} INFO - Setting next_dagrun for country_capital_pipeline to 2026-04-24 00:00:00+00:00, run_after=2026-04-25 00:00:00+00:00
[2026-04-25T07:25:29.358+0000] {processor.py:183} INFO - Processing /opt/airflow/dags/country_capital_etl.py took 0.065 seconds
[2026-04-25T07:38:41.336+0000] {processor.py:161} INFO - Started process (PID=322) to work on /opt/airflow/dags/country_capital_etl.py
[2026-04-25T07:38:41.337+0000] {processor.py:830} INFO - Processing file /opt/airflow/dags/country_capital_etl.py for tasks to queue
[2026-04-25T07:38:41.341+0000] {logging_mixin.py:188} INFO - [2026-04-25T07:38:41.340+0000] {dagbag.py:538} INFO - Filling up the DagBag from /opt/airflow/dags/country_capital_etl.py
[2026-04-25T07:38:41.361+0000] {processor.py:840} INFO - DAG(s) 'country_capital_pipeline' retrieved from /opt/airflow/dags/country_capital_etl.py
[2026-04-25T07:38:41.391+0000] {logging_mixin.py:188} INFO - [2026-04-25T07:38:41.390+0000] {dag.py:3036} INFO - Sync 1 DAGs
[2026-04-25T07:38:41.412+0000] {logging_mixin.py:188} INFO - [2026-04-25T07:38:41.412+0000] {dag.py:3823} INFO - Setting next_dagrun for country_capital_pipeline to 2026-04-24 00:00:00+00:00, run_after=2026-04-25 00:00:00+00:00
[2026-04-25T07:38:41.435+0000] {processor.py:183} INFO - Processing /opt/airflow/dags/country_capital_etl.py took 0.106 seconds
[2026-04-25T08:03:28.911+0000] {processor.py:161} INFO - Started process (PID=329) to work on /opt/airflow/dags/country_capital_etl.py
[2026-04-25T08:03:28.912+0000] {processor.py:830} INFO - Processing file /opt/airflow/dags/country_capital_etl.py for tasks to queue
[2026-04-25T08:03:28.913+0000] {logging_mixin.py:188} INFO - [2026-04-25T08:03:28.913+0000] {dagbag.py:538} INFO - Filling up the DagBag from /opt/airflow/dags/country_capital_etl.py
[2026-04-25T08:03:28.926+0000] {processor.py:840} INFO - DAG(s) 'country_capital_pipeline' retrieved from /opt/airflow/dags/country_capital_etl.py
[2026-04-25T08:03:28.942+0000] {logging_mixin.py:188} INFO - [2026-04-25T08:03:28.942+0000] {dag.py:3036} INFO - Sync 1 DAGs
[2026-04-25T08:03:28.956+0000] {logging_mixin.py:188} INFO - [2026-04-25T08:03:28.955+0000] {dag.py:3823} INFO - Setting next_dagrun for country_capital_pipeline to 2026-04-24 00:00:00+00:00, run_after=2026-04-25 00:00:00+00:00
[2026-04-25T08:03:28.966+0000] {processor.py:183} INFO - Processing /opt/airflow/dags/country_capital_etl.py took 0.058 seconds
[2026-04-25T08:03:59.508+0000] {processor.py:161} INFO - Started process (PID=336) to work on /opt/airflow/dags/country_capital_etl.py
[2026-04-25T08:03:59.509+0000] {processor.py:830} INFO - Processing file /opt/airflow/dags/country_capital_etl.py for tasks to queue
[2026-04-25T08:03:59.511+0000] {logging_mixin.py:188} INFO - [2026-04-25T08:03:59.510+0000] {dagbag.py:538} INFO - Filling up the DagBag from /opt/airflow/dags/country_capital_etl.py
[2026-04-25T08:03:59.518+0000] {processor.py:840} INFO - DAG(s) 'country_capital_pipeline' retrieved from /opt/airflow/dags/country_capital_etl.py
[2026-04-25T08:03:59.533+0000] {logging_mixin.py:188} INFO - [2026-04-25T08:03:59.533+0000] {dag.py:3036} INFO - Sync 1 DAGs
[2026-04-25T08:03:59.545+0000] {logging_mixin.py:188} INFO - [2026-04-25T08:03:59.545+0000] {dag.py:3823} INFO - Setting next_dagrun for country_capital_pipeline to 2026-04-24 00:00:00+00:00, run_after=2026-04-25 00:00:00+00:00
[2026-04-25T08:03:59.555+0000] {processor.py:183} INFO - Processing /opt/airflow/dags/country_capital_etl.py took 0.049 seconds
[2026-04-25T08:52:39.377+0000] {processor.py:161} INFO - Started process (PID=343) to work on /opt/airflow/dags/country_capital_etl.py
[2026-04-25T08:52:39.378+0000] {processor.py:830} INFO - Processing file /opt/airflow/dags/country_capital_etl.py for tasks to queue
[2026-04-25T08:52:39.380+0000] {logging_mixin.py:188} INFO - [2026-04-25T08:52:39.379+0000] {dagbag.py:538} INFO - Filling up the DagBag from /opt/airflow/dags/country_capital_etl.py
[2026-04-25T08:52:39.391+0000] {processor.py:840} INFO - DAG(s) 'country_capital_pipeline' retrieved from /opt/airflow/dags/country_capital_etl.py
[2026-04-25T08:52:39.412+0000] {logging_mixin.py:188} INFO - [2026-04-25T08:52:39.412+0000] {dag.py:3036} INFO - Sync 1 DAGs
[2026-04-25T08:52:39.427+0000] {logging_mixin.py:188} INFO - [2026-04-25T08:52:39.426+0000] {dag.py:3823} INFO - Setting next_dagrun for country_capital_pipeline to 2026-04-24 00:00:00+00:00, run_after=2026-04-25 00:00:00+00:00
[2026-04-25T08:52:39.440+0000] {processor.py:183} INFO - Processing /opt/airflow/dags/country_capital_etl.py took 0.065 seconds
[2026-04-25T10:31:08.697+0000] {processor.py:161} INFO - Started process (PID=350) to work on /opt/airflow/dags/country_capital_etl.py
[2026-04-25T10:31:08.699+0000] {processor.py:830} INFO - Processing file /opt/airflow/dags/country_capital_etl.py for tasks to queue
[2026-04-25T10:31:08.701+0000] {logging_mixin.py:188} INFO - [2026-04-25T10:31:08.701+0000] {dagbag.py:538} INFO - Filling up the DagBag from /opt/airflow/dags/country_capital_etl.py
[2026-04-25T10:31:08.718+0000] {processor.py:840} INFO - DAG(s) 'country_capital_pipeline' retrieved from /opt/airflow/dags/country_capital_etl.py
[2026-04-25T10:31:08.748+0000] {logging_mixin.py:188} INFO - [2026-04-25T10:31:08.748+0000] {dag.py:3036} INFO - Sync 1 DAGs
[2026-04-25T10:31:08.766+0000] {logging_mixin.py:188} INFO - [2026-04-25T10:31:08.766+0000] {dag.py:3823} INFO - Setting next_dagrun for country_capital_pipeline to 2026-04-24 00:00:00+00:00, run_after=2026-04-25 00:00:00+00:00
[2026-04-25T10:31:08.783+0000] {processor.py:183} INFO - Processing /opt/airflow/dags/country_capital_etl.py took 0.089 seconds
[2026-04-25T11:36:09.643+0000] {processor.py:161} INFO - Started process (PID=357) to work on /opt/airflow/dags/country_capital_etl.py
[2026-04-25T11:36:09.645+0000] {processor.py:830} INFO - Processing file /opt/airflow/dags/country_capital_etl.py for tasks to queue
[2026-04-25T11:36:09.647+0000] {logging_mixin.py:188} INFO - [2026-04-25T11:36:09.646+0000] {dagbag.py:538} INFO - Filling up the DagBag from /opt/airflow/dags/country_capital_etl.py
[2026-04-25T11:36:09.659+0000] {processor.py:840} INFO - DAG(s) 'country_capital_pipeline' retrieved from /opt/airflow/dags/country_capital_etl.py
[2026-04-25T11:36:09.681+0000] {logging_mixin.py:188} INFO - [2026-04-25T11:36:09.680+0000] {dag.py:3036} INFO - Sync 1 DAGs
[2026-04-25T11:36:09.698+0000] {logging_mixin.py:188} INFO - [2026-04-25T11:36:09.697+0000] {dag.py:3823} INFO - Setting next_dagrun for country_capital_pipeline to 2026-04-24 00:00:00+00:00, run_after=2026-04-25 00:00:00+00:00
[2026-04-25T11:36:09.712+0000] {processor.py:183} INFO - Processing /opt/airflow/dags/country_capital_etl.py took 0.071 seconds
[2026-04-25T13:18:41.167+0000] {processor.py:161} INFO - Started process (PID=364) to work on /opt/airflow/dags/country_capital_etl.py
[2026-04-25T13:18:41.169+0000] {processor.py:830} INFO - Processing file /opt/airflow/dags/country_capital_etl.py for tasks to queue
[2026-04-25T13:18:41.171+0000] {logging_mixin.py:188} INFO - [2026-04-25T13:18:41.170+0000] {dagbag.py:538} INFO - Filling up the DagBag from /opt/airflow/dags/country_capital_etl.py
[2026-04-25T13:18:41.180+0000] {processor.py:840} INFO - DAG(s) 'country_capital_pipeline' retrieved from /opt/airflow/dags/country_capital_etl.py
[2026-04-25T13:18:41.199+0000] {logging_mixin.py:188} INFO - [2026-04-25T13:18:41.199+0000] {dag.py:3036} INFO - Sync 1 DAGs
[2026-04-25T13:18:41.216+0000] {logging_mixin.py:188} INFO - [2026-04-25T13:18:41.216+0000] {dag.py:3823} INFO - Setting next_dagrun for country_capital_pipeline to 2026-04-24 00:00:00+00:00, run_after=2026-04-25 00:00:00+00:00
[2026-04-25T13:18:41.229+0000] {processor.py:183} INFO - Processing /opt/airflow/dags/country_capital_etl.py took 0.066 seconds
[2026-04-25T15:01:13.224+0000] {processor.py:161} INFO - Started process (PID=371) to work on /opt/airflow/dags/country_capital_etl.py
[2026-04-25T15:01:13.225+0000] {processor.py:830} INFO - Processing file /opt/airflow/dags/country_capital_etl.py for tasks to queue
[2026-04-25T15:01:13.226+0000] {logging_mixin.py:188} INFO - [2026-04-25T15:01:13.226+0000] {dagbag.py:538} INFO - Filling up the DagBag from /opt/airflow/dags/country_capital_etl.py
[2026-04-25T15:01:13.239+0000] {processor.py:840} INFO - DAG(s) 'country_capital_pipeline' retrieved from /opt/airflow/dags/country_capital_etl.py
[2026-04-25T15:01:13.265+0000] {logging_mixin.py:188} INFO - [2026-04-25T15:01:13.265+0000] {dag.py:3036} INFO - Sync 1 DAGs
[2026-04-25T15:01:13.282+0000] {logging_mixin.py:188} INFO - [2026-04-25T15:01:13.282+0000] {dag.py:3823} INFO - Setting next_dagrun for country_capital_pipeline to 2026-04-24 00:00:00+00:00, run_after=2026-04-25 00:00:00+00:00
[2026-04-25T15:01:13.298+0000] {processor.py:183} INFO - Processing /opt/airflow/dags/country_capital_etl.py took 0.077 seconds
[2026-04-25T16:25:08.279+0000] {processor.py:161} INFO - Started process (PID=378) to work on /opt/airflow/dags/country_capital_etl.py
[2026-04-25T16:25:08.282+0000] {processor.py:830} INFO - Processing file /opt/airflow/dags/country_capital_etl.py for tasks to queue
[2026-04-25T16:25:08.285+0000] {logging_mixin.py:188} INFO - [2026-04-25T16:25:08.284+0000] {dagbag.py:538} INFO - Filling up the DagBag from /opt/airflow/dags/country_capital_etl.py
[2026-04-25T16:25:08.298+0000] {processor.py:840} INFO - DAG(s) 'country_capital_pipeline' retrieved from /opt/airflow/dags/country_capital_etl.py
[2026-04-25T16:25:08.317+0000] {logging_mixin.py:188} INFO - [2026-04-25T16:25:08.317+0000] {dag.py:3036} INFO - Sync 1 DAGs
[2026-04-25T16:25:08.331+0000] {logging_mixin.py:188} INFO - [2026-04-25T16:25:08.331+0000] {dag.py:3823} INFO - Setting next_dagrun for country_capital_pipeline to 2026-04-24 00:00:00+00:00, run_after=2026-04-25 00:00:00+00:00
[2026-04-25T16:25:08.343+0000] {processor.py:183} INFO - Processing /opt/airflow/dags/country_capital_etl.py took 0.069 seconds
[2026-04-25T17:10:11.961+0000] {processor.py:161} INFO - Started process (PID=385) to work on /opt/airflow/dags/country_capital_etl.py
[2026-04-25T17:10:11.963+0000] {processor.py:830} INFO - Processing file /opt/airflow/dags/country_capital_etl.py for tasks to queue
[2026-04-25T17:10:11.966+0000] {logging_mixin.py:188} INFO - [2026-04-25T17:10:11.965+0000] {dagbag.py:538} INFO - Filling up the DagBag from /opt/airflow/dags/country_capital_etl.py
[2026-04-25T17:10:11.981+0000] {processor.py:840} INFO - DAG(s) 'country_capital_pipeline' retrieved from /opt/airflow/dags/country_capital_etl.py
[2026-04-25T17:10:12.003+0000] {logging_mixin.py:188} INFO - [2026-04-25T17:10:12.003+0000] {dag.py:3036} INFO - Sync 1 DAGs
[2026-04-25T17:10:12.017+0000] {logging_mixin.py:188} INFO - [2026-04-25T17:10:12.017+0000] {dag.py:3823} INFO - Setting next_dagrun for country_capital_pipeline to 2026-04-24 00:00:00+00:00, run_after=2026-04-25 00:00:00+00:00
[2026-04-25T17:10:12.031+0000] {processor.py:183} INFO - Processing /opt/airflow/dags/country_capital_etl.py took 0.077 seconds
[2026-04-25T17:19:08.774+0000] {processor.py:161} INFO - Started process (PID=392) to work on /opt/airflow/dags/country_capital_etl.py
[2026-04-25T17:19:08.775+0000] {processor.py:830} INFO - Processing file /opt/airflow/dags/country_capital_etl.py for tasks to queue
[2026-04-25T17:19:08.777+0000] {logging_mixin.py:188} INFO - [2026-04-25T17:19:08.776+0000] {dagbag.py:538} INFO - Filling up the DagBag from /opt/airflow/dags/country_capital_etl.py
[2026-04-25T17:19:08.784+0000] {processor.py:840} INFO - DAG(s) 'country_capital_pipeline' retrieved from /opt/airflow/dags/country_capital_etl.py
[2026-04-25T17:19:08.801+0000] {logging_mixin.py:188} INFO - [2026-04-25T17:19:08.800+0000] {dag.py:3036} INFO - Sync 1 DAGs
[2026-04-25T17:19:08.814+0000] {logging_mixin.py:188} INFO - [2026-04-25T17:19:08.813+0000] {dag.py:3823} INFO - Setting next_dagrun for country_capital_pipeline to 2026-04-24 00:00:00+00:00, run_after=2026-04-25 00:00:00+00:00
[2026-04-25T17:19:08.824+0000] {processor.py:183} INFO - Processing /opt/airflow/dags/country_capital_etl.py took 0.052 seconds
[2026-04-25T17:19:39.395+0000] {processor.py:161} INFO - Started process (PID=399) to work on /opt/airflow/dags/country_capital_etl.py
[2026-04-25T17:19:39.396+0000] {processor.py:830} INFO - Processing file /opt/airflow/dags/country_capital_etl.py for tasks to queue
[2026-04-25T17:19:39.397+0000] {logging_mixin.py:188} INFO - [2026-04-25T17:19:39.397+0000] {dagbag.py:538} INFO - Filling up the DagBag from /opt/airflow/dags/country_capital_etl.py
[2026-04-25T17:19:39.406+0000] {processor.py:840} INFO - DAG(s) 'country_capital_pipeline' retrieved from /opt/airflow/dags/country_capital_etl.py
[2026-04-25T17:19:39.423+0000] {logging_mixin.py:188} INFO - [2026-04-25T17:19:39.423+0000] {dag.py:3036} INFO - Sync 1 DAGs
[2026-04-25T17:19:39.438+0000] {logging_mixin.py:188} INFO - [2026-04-25T17:19:39.437+0000] {dag.py:3823} INFO - Setting next_dagrun for country_capital_pipeline to 2026-04-24 00:00:00+00:00, run_after=2026-04-25 00:00:00+00:00
[2026-04-25T17:19:39.448+0000] {processor.py:183} INFO - Processing /opt/airflow/dags/country_capital_etl.py took 0.056 seconds
[2026-04-25T18:17:56.376+0000] {processor.py:161} INFO - Started process (PID=406) to work on /opt/airflow/dags/country_capital_etl.py
[2026-04-25T18:17:56.378+0000] {processor.py:830} INFO - Processing file /opt/airflow/dags/country_capital_etl.py for tasks to queue
[2026-04-25T18:17:56.382+0000] {logging_mixin.py:188} INFO - [2026-04-25T18:17:56.381+0000] {dagbag.py:538} INFO - Filling up the DagBag from /opt/airflow/dags/country_capital_etl.py
[2026-04-25T18:17:56.399+0000] {processor.py:840} INFO - DAG(s) 'country_capital_pipeline' retrieved from /opt/airflow/dags/country_capital_etl.py
[2026-04-25T18:17:56.425+0000] {logging_mixin.py:188} INFO - [2026-04-25T18:17:56.424+0000] {dag.py:3036} INFO - Sync 1 DAGs
[2026-04-25T18:17:56.444+0000] {logging_mixin.py:188} INFO - [2026-04-25T18:17:56.444+0000] {dag.py:3823} INFO - Setting next_dagrun for country_capital_pipeline to 2026-04-24 00:00:00+00:00, run_after=2026-04-25 00:00:00+00:00
[2026-04-25T18:17:56.460+0000] {processor.py:183} INFO - Processing /opt/airflow/dags/country_capital_etl.py took 0.089 seconds
[2026-04-25T18:20:37.779+0000] {processor.py:161} INFO - Started process (PID=413) to work on /opt/airflow/dags/country_capital_etl.py
[2026-04-25T18:20:37.782+0000] {processor.py:830} INFO - Processing file /opt/airflow/dags/country_capital_etl.py for tasks to queue
[2026-04-25T18:20:37.785+0000] {logging_mixin.py:188} INFO - [2026-04-25T18:20:37.785+0000] {dagbag.py:538} INFO - Filling up the DagBag from /opt/airflow/dags/country_capital_etl.py
[2026-04-25T18:20:37.799+0000] {processor.py:840} INFO - DAG(s) 'country_capital_pipeline' retrieved from /opt/airflow/dags/country_capital_etl.py
[2026-04-25T18:20:37.829+0000] {logging_mixin.py:188} INFO - [2026-04-25T18:20:37.828+0000] {dag.py:3036} INFO - Sync 1 DAGs
[2026-04-25T18:20:37.847+0000] {logging_mixin.py:188} INFO - [2026-04-25T18:20:37.847+0000] {dag.py:3823} INFO - Setting next_dagrun for country_capital_pipeline to 2026-04-24 00:00:00+00:00, run_after=2026-04-25 00:00:00+00:00
[2026-04-25T18:20:37.864+0000] {processor.py:183} INFO - Processing /opt/airflow/dags/country_capital_etl.py took 0.090 seconds
[2026-04-25T18:43:12.071+0000] {processor.py:161} INFO - Started process (PID=420) to work on /opt/airflow/dags/country_capital_etl.py
[2026-04-25T18:43:12.071+0000] {processor.py:830} INFO - Processing file /opt/airflow/dags/country_capital_etl.py for tasks to queue
[2026-04-25T18:43:12.073+0000] {logging_mixin.py:188} INFO - [2026-04-25T18:43:12.073+0000] {dagbag.py:538} INFO - Filling up the DagBag from /opt/airflow/dags/country_capital_etl.py
[2026-04-25T18:43:12.083+0000] {processor.py:840} INFO - DAG(s) 'country_capital_pipeline' retrieved from /opt/airflow/dags/country_capital_etl.py
[2026-04-25T18:43:12.099+0000] {logging_mixin.py:188} INFO - [2026-04-25T18:43:12.099+0000] {dag.py:3036} INFO - Sync 1 DAGs
[2026-04-25T18:43:12.112+0000] {logging_mixin.py:188} INFO - [2026-04-25T18:43:12.111+0000] {dag.py:3823} INFO - Setting next_dagrun for country_capital_pipeline to 2026-04-24 00:00:00+00:00, run_after=2026-04-25 00:00:00+00:00
[2026-04-25T18:43:12.121+0000] {processor.py:183} INFO - Processing /opt/airflow/dags/country_capital_etl.py took 0.053 seconds
[2026-04-25T18:52:28.176+0000] {processor.py:161} INFO - Started process (PID=427) to work on /opt/airflow/dags/country_capital_etl.py
[2026-04-25T18:52:28.178+0000] {processor.py:830} INFO - Processing file /opt/airflow/dags/country_capital_etl.py for tasks to queue
[2026-04-25T18:52:28.180+0000] {logging_mixin.py:188} INFO - [2026-04-25T18:52:28.180+0000] {dagbag.py:538} INFO - Filling up the DagBag from /opt/airflow/dags/country_capital_etl.py
[2026-04-25T18:52:28.190+0000] {processor.py:840} INFO - DAG(s) 'country_capital_pipeline' retrieved from /opt/airflow/dags/country_capital_etl.py
[2026-04-25T18:52:28.208+0000] {logging_mixin.py:188} INFO - [2026-04-25T18:52:28.207+0000] {dag.py:3036} INFO - Sync 1 DAGs
[2026-04-25T18:52:28.220+0000] {logging_mixin.py:188} INFO - [2026-04-25T18:52:28.220+0000] {dag.py:3823} INFO - Setting next_dagrun for country_capital_pipeline to 2026-04-24 00:00:00+00:00, run_after=2026-04-25 00:00:00+00:00
[2026-04-25T18:52:28.233+0000] {processor.py:183} INFO - Processing /opt/airflow/dags/country_capital_etl.py took 0.059 seconds
[2026-04-25T18:57:56.981+0000] {processor.py:161} INFO - Started process (PID=434) to work on /opt/airflow/dags/country_capital_etl.py
[2026-04-25T18:57:56.982+0000] {processor.py:830} INFO - Processing file /opt/airflow/dags/country_capital_etl.py for tasks to queue
[2026-04-25T18:57:56.984+0000] {logging_mixin.py:188} INFO - [2026-04-25T18:57:56.984+0000] {dagbag.py:538} INFO - Filling up the DagBag from /opt/airflow/dags/country_capital_etl.py
[2026-04-25T18:57:56.998+0000] {processor.py:840} INFO - DAG(s) 'country_capital_pipeline' retrieved from /opt/airflow/dags/country_capital_etl.py
[2026-04-25T18:57:57.024+0000] {logging_mixin.py:188} INFO - [2026-04-25T18:57:57.023+0000] {dag.py:3036} INFO - Sync 1 DAGs
[2026-04-25T18:57:57.041+0000] {logging_mixin.py:188} INFO - [2026-04-25T18:57:57.041+0000] {dag.py:3823} INFO - Setting next_dagrun for country_capital_pipeline to 2026-04-24 00:00:00+00:00, run_after=2026-04-25 00:00:00+00:00
[2026-04-25T18:57:57.057+0000] {processor.py:183} INFO - Processing /opt/airflow/dags/country_capital_etl.py took 0.079 seconds
[2026-04-25T18:59:27.419+0000] {processor.py:161} INFO - Started process (PID=441) to work on /opt/airflow/dags/country_capital_etl.py
[2026-04-25T18:59:27.420+0000] {processor.py:830} INFO - Processing file /opt/airflow/dags/country_capital_etl.py for tasks to queue
[2026-04-25T18:59:27.421+0000] {logging_mixin.py:188} INFO - [2026-04-25T18:59:27.421+0000] {dagbag.py:538} INFO - Filling up the DagBag from /opt/airflow/dags/country_capital_etl.py
[2026-04-25T18:59:27.429+0000] {processor.py:840} INFO - DAG(s) 'country_capital_pipeline' retrieved from /opt/airflow/dags/country_capital_etl.py
[2026-04-25T18:59:27.448+0000] {logging_mixin.py:188} INFO - [2026-04-25T18:59:27.447+0000] {dag.py:3036} INFO - Sync 1 DAGs
[2026-04-25T18:59:27.461+0000] {logging_mixin.py:188} INFO - [2026-04-25T18:59:27.460+0000] {dag.py:3823} INFO - Setting next_dagrun for country_capital_pipeline to 2026-04-24 00:00:00+00:00, run_after=2026-04-25 00:00:00+00:00
[2026-04-25T18:59:27.470+0000] {processor.py:183} INFO - Processing /opt/airflow/dags/country_capital_etl.py took 0.054 seconds
[2026-04-25T19:02:26.351+0000] {processor.py:161} INFO - Started process (PID=448) to work on /opt/airflow/dags/country_capital_etl.py
[2026-04-25T19:02:26.354+0000] {processor.py:830} INFO - Processing file /opt/airflow/dags/country_capital_etl.py for tasks to queue
[2026-04-25T19:02:26.355+0000] {logging_mixin.py:188} INFO - [2026-04-25T19:02:26.355+0000] {dagbag.py:538} INFO - Filling up the DagBag from /opt/airflow/dags/country_capital_etl.py
[2026-04-25T19:02:26.367+0000] {processor.py:840} INFO - DAG(s) 'country_capital_pipeline' retrieved from /opt/airflow/dags/country_capital_etl.py
[2026-04-25T19:02:26.385+0000] {logging_mixin.py:188} INFO - [2026-04-25T19:02:26.385+0000] {dag.py:3036} INFO - Sync 1 DAGs
[2026-04-25T19:02:26.398+0000] {logging_mixin.py:188} INFO - [2026-04-25T19:02:26.398+0000] {dag.py:3823} INFO - Setting next_dagrun for country_capital_pipeline to 2026-04-24 00:00:00+00:00, run_after=2026-04-25 00:00:00+00:00
[2026-04-25T19:02:26.414+0000] {processor.py:183} INFO - Processing /opt/airflow/dags/country_capital_etl.py took 0.067 seconds
[2026-04-25T19:19:58.852+0000] {processor.py:161} INFO - Started process (PID=455) to work on /opt/airflow/dags/country_capital_etl.py
[2026-04-25T19:19:58.853+0000] {processor.py:830} INFO - Processing file /opt/airflow/dags/country_capital_etl.py for tasks to queue
[2026-04-25T19:19:58.855+0000] {logging_mixin.py:188} INFO - [2026-04-25T19:19:58.855+0000] {dagbag.py:538} INFO - Filling up the DagBag from /opt/airflow/dags/country_capital_etl.py
[2026-04-25T19:19:58.867+0000] {processor.py:840} INFO - DAG(s) 'country_capital_pipeline' retrieved from /opt/airflow/dags/country_capital_etl.py
[2026-04-25T19:19:58.887+0000] {logging_mixin.py:188} INFO - [2026-04-25T19:19:58.886+0000] {dag.py:3036} INFO - Sync 1 DAGs
[2026-04-25T19:19:58.904+0000] {logging_mixin.py:188} INFO - [2026-04-25T19:19:58.903+0000] {dag.py:3823} INFO - Setting next_dagrun for country_capital_pipeline to 2026-04-24 00:00:00+00:00, run_after=2026-04-25 00:00:00+00:00
[2026-04-25T19:19:58.918+0000] {processor.py:183} INFO - Processing /opt/airflow/dags/country_capital_etl.py took 0.069 seconds
[2026-04-25T19:30:26.001+0000] {processor.py:161} INFO - Started process (PID=462) to work on /opt/airflow/dags/country_capital_etl.py
[2026-04-25T19:30:26.002+0000] {processor.py:830} INFO - Processing file /opt/airflow/dags/country_capital_etl.py for tasks to queue
[2026-04-25T19:30:26.004+0000] {logging_mixin.py:188} INFO - [2026-04-25T19:30:26.004+0000] {dagbag.py:538} INFO - Filling up the DagBag from /opt/airflow/dags/country_capital_etl.py
[2026-04-25T19:30:26.015+0000] {processor.py:840} INFO - DAG(s) 'country_capital_pipeline' retrieved from /opt/airflow/dags/country_capital_etl.py
[2026-04-25T19:30:26.036+0000] {logging_mixin.py:188} INFO - [2026-04-25T19:30:26.035+0000] {dag.py:3036} INFO - Sync 1 DAGs
[2026-04-25T19:30:26.056+0000] {logging_mixin.py:188} INFO - [2026-04-25T19:30:26.056+0000] {dag.py:3823} INFO - Setting next_dagrun for country_capital_pipeline to 2026-04-24 00:00:00+00:00, run_after=2026-04-25 00:00:00+00:00
[2026-04-25T19:30:26.075+0000] {processor.py:183} INFO - Processing /opt/airflow/dags/country_capital_etl.py took 0.077 seconds
[2026-04-25T19:31:02.655+0000] {processor.py:161} INFO - Started process (PID=469) to work on /opt/airflow/dags/country_capital_etl.py
[2026-04-25T19:31:02.656+0000] {processor.py:830} INFO - Processing file /opt/airflow/dags/country_capital_etl.py for tasks to queue
[2026-04-25T19:31:02.658+0000] {logging_mixin.py:188} INFO - [2026-04-25T19:31:02.658+0000] {dagbag.py:538} INFO - Filling up the DagBag from /opt/airflow/dags/country_capital_etl.py
[2026-04-25T19:31:02.670+0000] {processor.py:840} INFO - DAG(s) 'country_capital_pipeline' retrieved from /opt/airflow/dags/country_capital_etl.py
[2026-04-25T19:31:02.685+0000] {logging_mixin.py:188} INFO - [2026-04-25T19:31:02.685+0000] {dag.py:3036} INFO - Sync 1 DAGs
[2026-04-25T19:31:02.698+0000] {logging_mixin.py:188} INFO - [2026-04-25T19:31:02.698+0000] {dag.py:3823} INFO - Setting next_dagrun for country_capital_pipeline to 2026-04-24 00:00:00+00:00, run_after=2026-04-25 00:00:00+00:00
[2026-04-25T19:31:02.708+0000] {processor.py:183} INFO - Processing /opt/airflow/dags/country_capital_etl.py took 0.055 seconds
[2026-04-25T19:33:55.028+0000] {processor.py:161} INFO - Started process (PID=476) to work on /opt/airflow/dags/country_capital_etl.py
[2026-04-25T19:33:55.030+0000] {processor.py:830} INFO - Processing file /opt/airflow/dags/country_capital_etl.py for tasks to queue
[2026-04-25T19:33:55.032+0000] {logging_mixin.py:188} INFO - [2026-04-25T19:33:55.032+0000] {dagbag.py:538} INFO - Filling up the DagBag from /opt/airflow/dags/country_capital_etl.py
[2026-04-25T19:33:55.048+0000] {processor.py:840} INFO - DAG(s) 'country_capital_pipeline' retrieved from /opt/airflow/dags/country_capital_etl.py
[2026-04-25T19:33:55.083+0000] {logging_mixin.py:188} INFO - [2026-04-25T19:33:55.082+0000] {dag.py:3036} INFO - Sync 1 DAGs
[2026-04-25T19:33:55.110+0000] {logging_mixin.py:188} INFO - [2026-04-25T19:33:55.110+0000] {dag.py:3823} INFO - Setting next_dagrun for country_capital_pipeline to 2026-04-24 00:00:00+00:00, run_after=2026-04-25 00:00:00+00:00
[2026-04-25T19:33:55.133+0000] {processor.py:183} INFO - Processing /opt/airflow/dags/country_capital_etl.py took 0.110 seconds
[2026-04-25T19:45:06.786+0000] {processor.py:161} INFO - Started process (PID=483) to work on /opt/airflow/dags/country_capital_etl.py
[2026-04-25T19:45:06.787+0000] {processor.py:830} INFO - Processing file /opt/airflow/dags/country_capital_etl.py for tasks to queue
[2026-04-25T19:45:06.789+0000] {logging_mixin.py:188} INFO - [2026-04-25T19:45:06.789+0000] {dagbag.py:538} INFO - Filling up the DagBag from /opt/airflow/dags/country_capital_etl.py
[2026-04-25T19:45:06.799+0000] {processor.py:840} INFO - DAG(s) 'country_capital_pipeline' retrieved from /opt/airflow/dags/country_capital_etl.py
[2026-04-25T19:45:06.818+0000] {logging_mixin.py:188} INFO - [2026-04-25T19:45:06.818+0000] {dag.py:3036} INFO - Sync 1 DAGs
[2026-04-25T19:45:06.833+0000] {logging_mixin.py:188} INFO - [2026-04-25T19:45:06.833+0000] {dag.py:3823} INFO - Setting next_dagrun for country_capital_pipeline to 2026-04-24 00:00:00+00:00, run_after=2026-04-25 00:00:00+00:00
[2026-04-25T19:45:06.852+0000] {processor.py:183} INFO - Processing /opt/airflow/dags/country_capital_etl.py took 0.069 seconds
[2026-04-25T20:12:05.684+0000] {processor.py:161} INFO - Started process (PID=490) to work on /opt/airflow/dags/country_capital_etl.py
[2026-04-25T20:12:05.686+0000] {processor.py:830} INFO - Processing file /opt/airflow/dags/country_capital_etl.py for tasks to queue
[2026-04-25T20:12:05.690+0000] {logging_mixin.py:188} INFO - [2026-04-25T20:12:05.689+0000] {dagbag.py:538} INFO - Filling up the DagBag from /opt/airflow/dags/country_capital_etl.py
[2026-04-25T20:12:05.709+0000] {processor.py:840} INFO - DAG(s) 'country_capital_pipeline' retrieved from /opt/airflow/dags/country_capital_etl.py
[2026-04-25T20:12:05.743+0000] {logging_mixin.py:188} INFO - [2026-04-25T20:12:05.742+0000] {dag.py:3036} INFO - Sync 1 DAGs
[2026-04-25T20:12:05.774+0000] {logging_mixin.py:188} INFO - [2026-04-25T20:12:05.774+0000] {dag.py:3823} INFO - Setting next_dagrun for country_capital_pipeline to 2026-04-24 00:00:00+00:00, run_after=2026-04-25 00:00:00+00:00
[2026-04-25T20:12:05.800+0000] {processor.py:183} INFO - Processing /opt/airflow/dags/country_capital_etl.py took 0.123 seconds
[2026-04-25T20:13:01.896+0000] {processor.py:161} INFO - Started process (PID=497) to work on /opt/airflow/dags/country_capital_etl.py
[2026-04-25T20:13:01.897+0000] {processor.py:830} INFO - Processing file /opt/airflow/dags/country_capital_etl.py for tasks to queue
[2026-04-25T20:13:01.899+0000] {logging_mixin.py:188} INFO - [2026-04-25T20:13:01.899+0000] {dagbag.py:538} INFO - Filling up the DagBag from /opt/airflow/dags/country_capital_etl.py
[2026-04-25T20:13:01.910+0000] {processor.py:840} INFO - DAG(s) 'country_capital_pipeline' retrieved from /opt/airflow/dags/country_capital_etl.py
[2026-04-25T20:13:01.925+0000] {logging_mixin.py:188} INFO - [2026-04-25T20:13:01.925+0000] {dag.py:3036} INFO - Sync 1 DAGs
[2026-04-25T20:13:01.937+0000] {logging_mixin.py:188} INFO - [2026-04-25T20:13:01.937+0000] {dag.py:3823} INFO - Setting next_dagrun for country_capital_pipeline to 2026-04-24 00:00:00+00:00, run_after=2026-04-25 00:00:00+00:00
[2026-04-25T20:13:01.947+0000] {processor.py:183} INFO - Processing /opt/airflow/dags/country_capital_etl.py took 0.053 seconds
[2026-04-25T20:14:08.863+0000] {processor.py:161} INFO - Started process (PID=504) to work on /opt/airflow/dags/country_capital_etl.py
[2026-04-25T20:14:08.864+0000] {processor.py:830} INFO - Processing file /opt/airflow/dags/country_capital_etl.py for tasks to queue
[2026-04-25T20:14:08.866+0000] {logging_mixin.py:188} INFO - [2026-04-25T20:14:08.866+0000] {dagbag.py:538} INFO - Filling up the DagBag from /opt/airflow/dags/country_capital_etl.py
[2026-04-25T20:14:08.885+0000] {processor.py:840} INFO - DAG(s) 'country_capital_pipeline' retrieved from /opt/airflow/dags/country_capital_etl.py
[2026-04-25T20:14:08.909+0000] {logging_mixin.py:188} INFO - [2026-04-25T20:14:08.909+0000] {dag.py:3036} INFO - Sync 1 DAGs
[2026-04-25T20:14:08.926+0000] {logging_mixin.py:188} INFO - [2026-04-25T20:14:08.926+0000] {dag.py:3823} INFO - Setting next_dagrun for country_capital_pipeline to 2026-04-24 00:00:00+00:00, run_after=2026-04-25 00:00:00+00:00
[2026-04-25T20:14:08.940+0000] {processor.py:183} INFO - Processing /opt/airflow/dags/country_capital_etl.py took 0.082 seconds
[2026-04-25T20:15:32.350+0000] {processor.py:161} INFO - Started process (PID=511) to work on /opt/airflow/dags/country_capital_etl.py
[2026-04-25T20:15:32.352+0000] {processor.py:830} INFO - Processing file /opt/airflow/dags/country_capital_etl.py for tasks to queue
[2026-04-25T20:15:32.353+0000] {logging_mixin.py:188} INFO - [2026-04-25T20:15:32.353+0000] {dagbag.py:538} INFO - Filling up the DagBag from /opt/airflow/dags/country_capital_etl.py
[2026-04-25T20:15:32.363+0000] {processor.py:840} INFO - DAG(s) 'country_capital_pipeline' retrieved from /opt/airflow/dags/country_capital_etl.py
[2026-04-25T20:15:32.380+0000] {logging_mixin.py:188} INFO - [2026-04-25T20:15:32.380+0000] {dag.py:3036} INFO - Sync 1 DAGs
[2026-04-25T20:15:32.393+0000] {logging_mixin.py:188} INFO - [2026-04-25T20:15:32.393+0000] {dag.py:3823} INFO - Setting next_dagrun for country_capital_pipeline to 2026-04-24 00:00:00+00:00, run_after=2026-04-25 00:00:00+00:00
[2026-04-25T20:15:32.402+0000] {processor.py:183} INFO - Processing /opt/airflow/dags/country_capital_etl.py took 0.055 seconds
[2026-04-25T20:16:16.708+0000] {processor.py:161} INFO - Started process (PID=518) to work on /opt/airflow/dags/country_capital_etl.py
[2026-04-25T20:16:16.709+0000] {processor.py:830} INFO - Processing file /opt/airflow/dags/country_capital_etl.py for tasks to queue
[2026-04-25T20:16:16.714+0000] {logging_mixin.py:188} INFO - [2026-04-25T20:16:16.713+0000] {dagbag.py:538} INFO - Filling up the DagBag from /opt/airflow/dags/country_capital_etl.py
[2026-04-25T20:16:16.726+0000] {processor.py:840} INFO - DAG(s) 'country_capital_pipeline' retrieved from /opt/airflow/dags/country_capital_etl.py
[2026-04-25T20:16:16.747+0000] {logging_mixin.py:188} INFO - [2026-04-25T20:16:16.747+0000] {dag.py:3036} INFO - Sync 1 DAGs
[2026-04-25T20:16:16.762+0000] {logging_mixin.py:188} INFO - [2026-04-25T20:16:16.761+0000] {dag.py:3823} INFO - Setting next_dagrun for country_capital_pipeline to 2026-04-24 00:00:00+00:00, run_after=2026-04-25 00:00:00+00:00
[2026-04-25T20:16:16.774+0000] {processor.py:183} INFO - Processing /opt/airflow/dags/country_capital_etl.py took 0.069 seconds
[2026-04-25T20:20:51.341+0000] {processor.py:161} INFO - Started process (PID=525) to work on /opt/airflow/dags/country_capital_etl.py
[2026-04-25T20:20:51.344+0000] {processor.py:830} INFO - Processing file /opt/airflow/dags/country_capital_etl.py for tasks to queue
[2026-04-25T20:20:51.349+0000] {logging_mixin.py:188} INFO - [2026-04-25T20:20:51.348+0000] {dagbag.py:538} INFO - Filling up the DagBag from /opt/airflow/dags/country_capital_etl.py
[2026-04-25T20:20:51.368+0000] {processor.py:840} INFO - DAG(s) 'country_capital_pipeline' retrieved from /opt/airflow/dags/country_capital_etl.py
[2026-04-25T20:20:51.408+0000] {logging_mixin.py:188} INFO - [2026-04-25T20:20:51.407+0000] {dag.py:3036} INFO - Sync 1 DAGs
[2026-04-25T20:20:51.442+0000] {logging_mixin.py:188} INFO - [2026-04-25T20:20:51.442+0000] {dag.py:3823} INFO - Setting next_dagrun for country_capital_pipeline to 2026-04-24 00:00:00+00:00, run_after=2026-04-25 00:00:00+00:00
[2026-04-25T20:20:51.472+0000] {processor.py:183} INFO - Processing /opt/airflow/dags/country_capital_etl.py took 0.136 seconds
[2026-04-25T20:21:46.464+0000] {processor.py:161} INFO - Started process (PID=532) to work on /opt/airflow/dags/country_capital_etl.py
[2026-04-25T20:21:46.465+0000] {processor.py:830} INFO - Processing file /opt/airflow/dags/country_capital_etl.py for tasks to queue
[2026-04-25T20:21:46.467+0000] {logging_mixin.py:188} INFO - [2026-04-25T20:21:46.467+0000] {dagbag.py:538} INFO - Filling up the DagBag from /opt/airflow/dags/country_capital_etl.py
[2026-04-25T20:21:46.474+0000] {processor.py:840} INFO - DAG(s) 'country_capital_pipeline' retrieved from /opt/airflow/dags/country_capital_etl.py
[2026-04-25T20:21:46.488+0000] {logging_mixin.py:188} INFO - [2026-04-25T20:21:46.488+0000] {dag.py:3036} INFO - Sync 1 DAGs
[2026-04-25T20:21:46.500+0000] {logging_mixin.py:188} INFO - [2026-04-25T20:21:46.500+0000] {dag.py:3823} INFO - Setting next_dagrun for country_capital_pipeline to 2026-04-24 00:00:00+00:00, run_after=2026-04-25 00:00:00+00:00
[2026-04-25T20:21:46.510+0000] {processor.py:183} INFO - Processing /opt/airflow/dags/country_capital_etl.py took 0.048 seconds
[2026-04-25T20:32:43.577+0000] {processor.py:161} INFO - Started process (PID=539) to work on /opt/airflow/dags/country_capital_etl.py
[2026-04-25T20:32:43.579+0000] {processor.py:830} INFO - Processing file /opt/airflow/dags/country_capital_etl.py for tasks to queue
[2026-04-25T20:32:43.581+0000] {logging_mixin.py:188} INFO - [2026-04-25T20:32:43.581+0000] {dagbag.py:538} INFO - Filling up the DagBag from /opt/airflow/dags/country_capital_etl.py
[2026-04-25T20:32:43.589+0000] {processor.py:840} INFO - DAG(s) 'country_capital_pipeline' retrieved from /opt/airflow/dags/country_capital_etl.py
[2026-04-25T20:32:43.604+0000] {logging_mixin.py:188} INFO - [2026-04-25T20:32:43.604+0000] {dag.py:3036} INFO - Sync 1 DAGs
[2026-04-25T20:32:43.616+0000] {logging_mixin.py:188} INFO - [2026-04-25T20:32:43.616+0000] {dag.py:3823} INFO - Setting next_dagrun for country_capital_pipeline to 2026-04-24 00:00:00+00:00, run_after=2026-04-25 00:00:00+00:00
[2026-04-25T20:32:43.626+0000] {processor.py:183} INFO - Processing /opt/airflow/dags/country_capital_etl.py took 0.052 seconds
[2026-04-25T21:21:44.270+0000] {processor.py:161} INFO - Started process (PID=546) to work on /opt/airflow/dags/country_capital_etl.py
[2026-04-25T21:21:44.273+0000] {processor.py:830} INFO - Processing file /opt/airflow/dags/country_capital_etl.py for tasks to queue
[2026-04-25T21:21:44.278+0000] {logging_mixin.py:188} INFO - [2026-04-25T21:21:44.277+0000] {dagbag.py:538} INFO - Filling up the DagBag from /opt/airflow/dags/country_capital_etl.py
[2026-04-25T21:21:44.299+0000] {processor.py:840} INFO - DAG(s) 'country_capital_pipeline' retrieved from /opt/airflow/dags/country_capital_etl.py
[2026-04-25T21:21:44.343+0000] {logging_mixin.py:188} INFO - [2026-04-25T21:21:44.341+0000] {dag.py:3036} INFO - Sync 1 DAGs
[2026-04-25T21:21:44.377+0000] {logging_mixin.py:188} INFO - [2026-04-25T21:21:44.377+0000] {dag.py:3823} INFO - Setting next_dagrun for country_capital_pipeline to 2026-04-24 00:00:00+00:00, run_after=2026-04-25 00:00:00+00:00
[2026-04-25T21:21:44.402+0000] {processor.py:183} INFO - Processing /opt/airflow/dags/country_capital_etl.py took 0.138 seconds
[2026-04-25T21:22:14.956+0000] {processor.py:161} INFO - Started process (PID=553) to work on /opt/airflow/dags/country_capital_etl.py
[2026-04-25T21:22:14.958+0000] {processor.py:830} INFO - Processing file /opt/airflow/dags/country_capital_etl.py for tasks to queue
[2026-04-25T21:22:14.960+0000] {logging_mixin.py:188} INFO - [2026-04-25T21:22:14.960+0000] {dagbag.py:538} INFO - Filling up the DagBag from /opt/airflow/dags/country_capital_etl.py
[2026-04-25T21:22:14.970+0000] {processor.py:840} INFO - DAG(s) 'country_capital_pipeline' retrieved from /opt/airflow/dags/country_capital_etl.py
[2026-04-25T21:22:14.990+0000] {logging_mixin.py:188} INFO - [2026-04-25T21:22:14.989+0000] {dag.py:3036} INFO - Sync 1 DAGs
[2026-04-25T21:22:15.003+0000] {logging_mixin.py:188} INFO - [2026-04-25T21:22:15.003+0000] {dag.py:3823} INFO - Setting next_dagrun for country_capital_pipeline to 2026-04-24 00:00:00+00:00, run_after=2026-04-25 00:00:00+00:00
[2026-04-25T21:22:15.013+0000] {processor.py:183} INFO - Processing /opt/airflow/dags/country_capital_etl.py took 0.059 seconds
[2026-04-25T22:11:57.106+0000] {processor.py:161} INFO - Started process (PID=560) to work on /opt/airflow/dags/country_capital_etl.py
[2026-04-25T22:11:57.107+0000] {processor.py:830} INFO - Processing file /opt/airflow/dags/country_capital_etl.py for tasks to queue
[2026-04-25T22:11:57.109+0000] {logging_mixin.py:188} INFO - [2026-04-25T22:11:57.109+0000] {dagbag.py:538} INFO - Filling up the DagBag from /opt/airflow/dags/country_capital_etl.py
[2026-04-25T22:11:57.120+0000] {processor.py:840} INFO - DAG(s) 'country_capital_pipeline' retrieved from /opt/airflow/dags/country_capital_etl.py
[2026-04-25T22:11:57.136+0000] {logging_mixin.py:188} INFO - [2026-04-25T22:11:57.136+0000] {dag.py:3036} INFO - Sync 1 DAGs
[2026-04-25T22:11:57.149+0000] {logging_mixin.py:188} INFO - [2026-04-25T22:11:57.149+0000] {dag.py:3823} INFO - Setting next_dagrun for country_capital_pipeline to 2026-04-24 00:00:00+00:00, run_after=2026-04-25 00:00:00+00:00
[2026-04-25T22:11:57.158+0000] {processor.py:183} INFO - Processing /opt/airflow/dags/country_capital_etl.py took 0.054 seconds
[2026-04-25T22:12:27.763+0000] {processor.py:161} INFO - Started process (PID=567) to work on /opt/airflow/dags/country_capital_etl.py
[2026-04-25T22:12:27.764+0000] {processor.py:830} INFO - Processing file /opt/airflow/dags/country_capital_etl.py for tasks to queue
[2026-04-25T22:12:27.765+0000] {logging_mixin.py:188} INFO - [2026-04-25T22:12:27.765+0000] {dagbag.py:538} INFO - Filling up the DagBag from /opt/airflow/dags/country_capital_etl.py
[2026-04-25T22:12:27.773+0000] {processor.py:840} INFO - DAG(s) 'country_capital_pipeline' retrieved from /opt/airflow/dags/country_capital_etl.py
[2026-04-25T22:12:27.790+0000] {logging_mixin.py:188} INFO - [2026-04-25T22:12:27.790+0000] {dag.py:3036} INFO - Sync 1 DAGs
[2026-04-25T22:12:27.802+0000] {logging_mixin.py:188} INFO - [2026-04-25T22:12:27.802+0000] {dag.py:3823} INFO - Setting next_dagrun for country_capital_pipeline to 2026-04-24 00:00:00+00:00, run_after=2026-04-25 00:00:00+00:00
[2026-04-25T22:12:27.813+0000] {processor.py:183} INFO - Processing /opt/airflow/dags/country_capital_etl.py took 0.051 seconds
[2026-04-25T22:39:08.474+0000] {processor.py:161} INFO - Started process (PID=574) to work on /opt/airflow/dags/country_capital_etl.py
[2026-04-25T22:39:08.475+0000] {processor.py:830} INFO - Processing file /opt/airflow/dags/country_capital_etl.py for tasks to queue
[2026-04-25T22:39:08.478+0000] {logging_mixin.py:188} INFO - [2026-04-25T22:39:08.477+0000] {dagbag.py:538} INFO - Filling up the DagBag from /opt/airflow/dags/country_capital_etl.py
[2026-04-25T22:39:08.486+0000] {processor.py:840} INFO - DAG(s) 'country_capital_pipeline' retrieved from /opt/airflow/dags/country_capital_etl.py
[2026-04-25T22:39:08.501+0000] {logging_mixin.py:188} INFO - [2026-04-25T22:39:08.500+0000] {dag.py:3036} INFO - Sync 1 DAGs
[2026-04-25T22:39:08.513+0000] {logging_mixin.py:188} INFO - [2026-04-25T22:39:08.512+0000] {dag.py:3823} INFO - Setting next_dagrun for country_capital_pipeline to 2026-04-24 00:00:00+00:00, run_after=2026-04-25 00:00:00+00:00
[2026-04-25T22:39:08.522+0000] {processor.py:183} INFO - Processing /opt/airflow/dags/country_capital_etl.py took 0.050 seconds
[2026-04-25T23:23:48.144+0000] {processor.py:161} INFO - Started process (PID=581) to work on /opt/airflow/dags/country_capital_etl.py
[2026-04-25T23:23:48.146+0000] {processor.py:830} INFO - Processing file /opt/airflow/dags/country_capital_etl.py for tasks to queue
[2026-04-25T23:23:48.150+0000] {logging_mixin.py:188} INFO - [2026-04-25T23:23:48.149+0000] {dagbag.py:538} INFO - Filling up the DagBag from /opt/airflow/dags/country_capital_etl.py
[2026-04-25T23:23:48.169+0000] {processor.py:840} INFO - DAG(s) 'country_capital_pipeline' retrieved from /opt/airflow/dags/country_capital_etl.py
[2026-04-25T23:23:48.206+0000] {logging_mixin.py:188} INFO - [2026-04-25T23:23:48.205+0000] {dag.py:3036} INFO - Sync 1 DAGs
[2026-04-25T23:23:48.235+0000] {logging_mixin.py:188} INFO - [2026-04-25T23:23:48.235+0000] {dag.py:3823} INFO - Setting next_dagrun for country_capital_pipeline to 2026-04-24 00:00:00+00:00, run_after=2026-04-25 00:00:00+00:00
[2026-04-25T23:23:48.260+0000] {processor.py:183} INFO - Processing /opt/airflow/dags/country_capital_etl.py took 0.120 seconds
[2026-04-25T23:31:20.899+0000] {processor.py:161} INFO - Started process (PID=588) to work on /opt/airflow/dags/country_capital_etl.py
[2026-04-25T23:31:20.900+0000] {processor.py:830} INFO - Processing file /opt/airflow/dags/country_capital_etl.py for tasks to queue
[2026-04-25T23:31:20.902+0000] {logging_mixin.py:188} INFO - [2026-04-25T23:31:20.901+0000] {dagbag.py:538} INFO - Filling up the DagBag from /opt/airflow/dags/country_capital_etl.py
[2026-04-25T23:31:20.909+0000] {processor.py:840} INFO - DAG(s) 'country_capital_pipeline' retrieved from /opt/airflow/dags/country_capital_etl.py
[2026-04-25T23:31:20.926+0000] {logging_mixin.py:188} INFO - [2026-04-25T23:31:20.926+0000] {dag.py:3036} INFO - Sync 1 DAGs
[2026-04-25T23:31:20.939+0000] {logging_mixin.py:188} INFO - [2026-04-25T23:31:20.939+0000] {dag.py:3823} INFO - Setting next_dagrun for country_capital_pipeline to 2026-04-24 00:00:00+00:00, run_after=2026-04-25 00:00:00+00:00
[2026-04-25T23:31:20.949+0000] {processor.py:183} INFO - Processing /opt/airflow/dags/country_capital_etl.py took 0.052 seconds
[2026-04-25T23:34:47.805+0000] {processor.py:161} INFO - Started process (PID=595) to work on /opt/airflow/dags/country_capital_etl.py
[2026-04-25T23:34:47.806+0000] {processor.py:830} INFO - Processing file /opt/airflow/dags/country_capital_etl.py for tasks to queue
[2026-04-25T23:34:47.808+0000] {logging_mixin.py:188} INFO - [2026-04-25T23:34:47.808+0000] {dagbag.py:538} INFO - Filling up the DagBag from /opt/airflow/dags/country_capital_etl.py
[2026-04-25T23:34:47.819+0000] {processor.py:840} INFO - DAG(s) 'country_capital_pipeline' retrieved from /opt/airflow/dags/country_capital_etl.py
[2026-04-25T23:34:47.835+0000] {logging_mixin.py:188} INFO - [2026-04-25T23:34:47.834+0000] {dag.py:3036} INFO - Sync 1 DAGs
[2026-04-25T23:34:47.847+0000] {logging_mixin.py:188} INFO - [2026-04-25T23:34:47.847+0000] {dag.py:3823} INFO - Setting next_dagrun for country_capital_pipeline to 2026-04-24 00:00:00+00:00, run_after=2026-04-25 00:00:00+00:00
[2026-04-25T23:34:47.857+0000] {processor.py:183} INFO - Processing /opt/airflow/dags/country_capital_etl.py took 0.055 seconds
