[2026-04-25T05:21:00.408+0000] {processor.py:161} INFO - Started process (PID=37) to work on /opt/airflow/dags/dbt_dag.py
[2026-04-25T05:21:00.409+0000] {processor.py:830} INFO - Processing file /opt/airflow/dags/dbt_dag.py for tasks to queue
[2026-04-25T05:21:00.411+0000] {logging_mixin.py:188} INFO - [2026-04-25T05:21:00.411+0000] {dagbag.py:538} INFO - Filling up the DagBag from /opt/airflow/dags/dbt_dag.py
[2026-04-25T05:21:00.425+0000] {processor.py:840} INFO - DAG(s) 'dbt_spam_pipeline' retrieved from /opt/airflow/dags/dbt_dag.py
[2026-04-25T05:21:00.443+0000] {logging_mixin.py:188} INFO - [2026-04-25T05:21:00.443+0000] {dag.py:3036} INFO - Sync 1 DAGs
[2026-04-25T05:21:00.461+0000] {logging_mixin.py:188} INFO - [2026-04-25T05:21:00.461+0000] {dag.py:3823} INFO - Setting next_dagrun for dbt_spam_pipeline to 2026-04-24 00:00:00+00:00, run_after=2026-04-25 00:00:00+00:00
[2026-04-25T05:21:00.497+0000] {processor.py:183} INFO - Processing /opt/airflow/dags/dbt_dag.py took 0.091 seconds
[2026-04-25T05:21:32.566+0000] {processor.py:161} INFO - Started process (PID=45) to work on /opt/airflow/dags/dbt_dag.py
[2026-04-25T05:21:32.567+0000] {processor.py:830} INFO - Processing file /opt/airflow/dags/dbt_dag.py for tasks to queue
[2026-04-25T05:21:32.569+0000] {logging_mixin.py:188} INFO - [2026-04-25T05:21:32.568+0000] {dagbag.py:538} INFO - Filling up the DagBag from /opt/airflow/dags/dbt_dag.py
[2026-04-25T05:21:32.579+0000] {processor.py:840} INFO - DAG(s) 'dbt_spam_pipeline' retrieved from /opt/airflow/dags/dbt_dag.py
[2026-04-25T05:21:32.653+0000] {logging_mixin.py:188} INFO - [2026-04-25T05:21:32.653+0000] {dag.py:3036} INFO - Sync 1 DAGs
[2026-04-25T05:21:32.669+0000] {logging_mixin.py:188} INFO - [2026-04-25T05:21:32.669+0000] {dag.py:3823} INFO - Setting next_dagrun for dbt_spam_pipeline to 2026-04-24 00:00:00+00:00, run_after=2026-04-25 00:00:00+00:00
[2026-04-25T05:21:32.687+0000] {processor.py:183} INFO - Processing /opt/airflow/dags/dbt_dag.py took 0.126 seconds
[2026-04-25T05:22:03.284+0000] {processor.py:161} INFO - Started process (PID=52) to work on /opt/airflow/dags/dbt_dag.py
[2026-04-25T05:22:03.286+0000] {processor.py:830} INFO - Processing file /opt/airflow/dags/dbt_dag.py for tasks to queue
[2026-04-25T05:22:03.291+0000] {logging_mixin.py:188} INFO - [2026-04-25T05:22:03.289+0000] {dagbag.py:538} INFO - Filling up the DagBag from /opt/airflow/dags/dbt_dag.py
[2026-04-25T05:22:03.306+0000] {processor.py:840} INFO - DAG(s) 'dbt_spam_pipeline' retrieved from /opt/airflow/dags/dbt_dag.py
[2026-04-25T05:22:03.330+0000] {logging_mixin.py:188} INFO - [2026-04-25T05:22:03.330+0000] {dag.py:3036} INFO - Sync 1 DAGs
[2026-04-25T05:22:03.348+0000] {logging_mixin.py:188} INFO - [2026-04-25T05:22:03.348+0000] {dag.py:3823} INFO - Setting next_dagrun for dbt_spam_pipeline to 2026-04-24 00:00:00+00:00, run_after=2026-04-25 00:00:00+00:00
[2026-04-25T05:22:03.365+0000] {processor.py:183} INFO - Processing /opt/airflow/dags/dbt_dag.py took 0.086 seconds
[2026-04-25T05:22:33.880+0000] {processor.py:161} INFO - Started process (PID=59) to work on /opt/airflow/dags/dbt_dag.py
[2026-04-25T05:22:33.882+0000] {processor.py:830} INFO - Processing file /opt/airflow/dags/dbt_dag.py for tasks to queue
[2026-04-25T05:22:33.885+0000] {logging_mixin.py:188} INFO - [2026-04-25T05:22:33.884+0000] {dagbag.py:538} INFO - Filling up the DagBag from /opt/airflow/dags/dbt_dag.py
[2026-04-25T05:22:33.898+0000] {processor.py:840} INFO - DAG(s) 'dbt_spam_pipeline' retrieved from /opt/airflow/dags/dbt_dag.py
[2026-04-25T05:22:33.919+0000] {logging_mixin.py:188} INFO - [2026-04-25T05:22:33.919+0000] {dag.py:3036} INFO - Sync 1 DAGs
[2026-04-25T05:22:33.936+0000] {logging_mixin.py:188} INFO - [2026-04-25T05:22:33.935+0000] {dag.py:3823} INFO - Setting next_dagrun for dbt_spam_pipeline to 2026-04-24 00:00:00+00:00, run_after=2026-04-25 00:00:00+00:00
[2026-04-25T05:22:33.951+0000] {processor.py:183} INFO - Processing /opt/airflow/dags/dbt_dag.py took 0.079 seconds
[2026-04-25T05:23:04.456+0000] {processor.py:161} INFO - Started process (PID=66) to work on /opt/airflow/dags/dbt_dag.py
[2026-04-25T05:23:04.458+0000] {processor.py:830} INFO - Processing file /opt/airflow/dags/dbt_dag.py for tasks to queue
[2026-04-25T05:23:04.461+0000] {logging_mixin.py:188} INFO - [2026-04-25T05:23:04.461+0000] {dagbag.py:538} INFO - Filling up the DagBag from /opt/airflow/dags/dbt_dag.py
[2026-04-25T05:23:04.473+0000] {processor.py:840} INFO - DAG(s) 'dbt_spam_pipeline' retrieved from /opt/airflow/dags/dbt_dag.py
[2026-04-25T05:23:04.498+0000] {logging_mixin.py:188} INFO - [2026-04-25T05:23:04.498+0000] {dag.py:3036} INFO - Sync 1 DAGs
[2026-04-25T05:23:04.515+0000] {logging_mixin.py:188} INFO - [2026-04-25T05:23:04.515+0000] {dag.py:3823} INFO - Setting next_dagrun for dbt_spam_pipeline to 2026-04-24 00:00:00+00:00, run_after=2026-04-25 00:00:00+00:00
[2026-04-25T05:23:04.531+0000] {processor.py:183} INFO - Processing /opt/airflow/dags/dbt_dag.py took 0.080 seconds
[2026-04-25T05:23:35.051+0000] {processor.py:161} INFO - Started process (PID=73) to work on /opt/airflow/dags/dbt_dag.py
[2026-04-25T05:23:35.053+0000] {processor.py:830} INFO - Processing file /opt/airflow/dags/dbt_dag.py for tasks to queue
[2026-04-25T05:23:35.057+0000] {logging_mixin.py:188} INFO - [2026-04-25T05:23:35.056+0000] {dagbag.py:538} INFO - Filling up the DagBag from /opt/airflow/dags/dbt_dag.py
[2026-04-25T05:23:35.076+0000] {processor.py:840} INFO - DAG(s) 'dbt_spam_pipeline' retrieved from /opt/airflow/dags/dbt_dag.py
[2026-04-25T05:23:35.104+0000] {logging_mixin.py:188} INFO - [2026-04-25T05:23:35.104+0000] {dag.py:3036} INFO - Sync 1 DAGs
[2026-04-25T05:23:35.122+0000] {logging_mixin.py:188} INFO - [2026-04-25T05:23:35.122+0000] {dag.py:3823} INFO - Setting next_dagrun for dbt_spam_pipeline to 2026-04-24 00:00:00+00:00, run_after=2026-04-25 00:00:00+00:00
[2026-04-25T05:23:35.142+0000] {processor.py:183} INFO - Processing /opt/airflow/dags/dbt_dag.py took 0.097 seconds
[2026-04-25T05:24:05.662+0000] {processor.py:161} INFO - Started process (PID=80) to work on /opt/airflow/dags/dbt_dag.py
[2026-04-25T05:24:05.663+0000] {processor.py:830} INFO - Processing file /opt/airflow/dags/dbt_dag.py for tasks to queue
[2026-04-25T05:24:05.665+0000] {logging_mixin.py:188} INFO - [2026-04-25T05:24:05.665+0000] {dagbag.py:538} INFO - Filling up the DagBag from /opt/airflow/dags/dbt_dag.py
[2026-04-25T05:24:05.679+0000] {processor.py:840} INFO - DAG(s) 'dbt_spam_pipeline' retrieved from /opt/airflow/dags/dbt_dag.py
[2026-04-25T05:24:05.702+0000] {logging_mixin.py:188} INFO - [2026-04-25T05:24:05.702+0000] {dag.py:3036} INFO - Sync 1 DAGs
[2026-04-25T05:24:05.721+0000] {logging_mixin.py:188} INFO - [2026-04-25T05:24:05.721+0000] {dag.py:3823} INFO - Setting next_dagrun for dbt_spam_pipeline to 2026-04-24 00:00:00+00:00, run_after=2026-04-25 00:00:00+00:00
[2026-04-25T05:24:05.737+0000] {processor.py:183} INFO - Processing /opt/airflow/dags/dbt_dag.py took 0.079 seconds
[2026-04-25T05:24:36.237+0000] {processor.py:161} INFO - Started process (PID=87) to work on /opt/airflow/dags/dbt_dag.py
[2026-04-25T05:24:36.238+0000] {processor.py:830} INFO - Processing file /opt/airflow/dags/dbt_dag.py for tasks to queue
[2026-04-25T05:24:36.240+0000] {logging_mixin.py:188} INFO - [2026-04-25T05:24:36.239+0000] {dagbag.py:538} INFO - Filling up the DagBag from /opt/airflow/dags/dbt_dag.py
[2026-04-25T05:24:36.249+0000] {processor.py:840} INFO - DAG(s) 'dbt_spam_pipeline' retrieved from /opt/airflow/dags/dbt_dag.py
[2026-04-25T05:24:36.272+0000] {logging_mixin.py:188} INFO - [2026-04-25T05:24:36.272+0000] {dag.py:3036} INFO - Sync 1 DAGs
[2026-04-25T05:24:36.295+0000] {logging_mixin.py:188} INFO - [2026-04-25T05:24:36.295+0000] {dag.py:3823} INFO - Setting next_dagrun for dbt_spam_pipeline to 2026-04-24 00:00:00+00:00, run_after=2026-04-25 00:00:00+00:00
[2026-04-25T05:24:36.312+0000] {processor.py:183} INFO - Processing /opt/airflow/dags/dbt_dag.py took 0.078 seconds
[2026-04-25T05:25:06.780+0000] {processor.py:161} INFO - Started process (PID=94) to work on /opt/airflow/dags/dbt_dag.py
[2026-04-25T05:25:06.782+0000] {processor.py:830} INFO - Processing file /opt/airflow/dags/dbt_dag.py for tasks to queue
[2026-04-25T05:25:06.785+0000] {logging_mixin.py:188} INFO - [2026-04-25T05:25:06.785+0000] {dagbag.py:538} INFO - Filling up the DagBag from /opt/airflow/dags/dbt_dag.py
[2026-04-25T05:25:06.796+0000] {processor.py:840} INFO - DAG(s) 'dbt_spam_pipeline' retrieved from /opt/airflow/dags/dbt_dag.py
[2026-04-25T05:25:06.821+0000] {logging_mixin.py:188} INFO - [2026-04-25T05:25:06.821+0000] {dag.py:3036} INFO - Sync 1 DAGs
[2026-04-25T05:25:06.841+0000] {logging_mixin.py:188} INFO - [2026-04-25T05:25:06.841+0000] {dag.py:3823} INFO - Setting next_dagrun for dbt_spam_pipeline to 2026-04-24 00:00:00+00:00, run_after=2026-04-25 00:00:00+00:00
[2026-04-25T05:25:06.857+0000] {processor.py:183} INFO - Processing /opt/airflow/dags/dbt_dag.py took 0.082 seconds
[2026-04-25T05:25:37.437+0000] {processor.py:161} INFO - Started process (PID=101) to work on /opt/airflow/dags/dbt_dag.py
[2026-04-25T05:25:37.438+0000] {processor.py:830} INFO - Processing file /opt/airflow/dags/dbt_dag.py for tasks to queue
[2026-04-25T05:25:37.441+0000] {logging_mixin.py:188} INFO - [2026-04-25T05:25:37.440+0000] {dagbag.py:538} INFO - Filling up the DagBag from /opt/airflow/dags/dbt_dag.py
[2026-04-25T05:25:37.460+0000] {processor.py:840} INFO - DAG(s) 'dbt_spam_pipeline' retrieved from /opt/airflow/dags/dbt_dag.py
[2026-04-25T05:25:37.503+0000] {logging_mixin.py:188} INFO - [2026-04-25T05:25:37.503+0000] {dag.py:3036} INFO - Sync 1 DAGs
[2026-04-25T05:25:37.529+0000] {logging_mixin.py:188} INFO - [2026-04-25T05:25:37.529+0000] {dag.py:3823} INFO - Setting next_dagrun for dbt_spam_pipeline to 2026-04-24 00:00:00+00:00, run_after=2026-04-25 00:00:00+00:00
[2026-04-25T05:25:37.549+0000] {processor.py:183} INFO - Processing /opt/airflow/dags/dbt_dag.py took 0.116 seconds
[2026-04-25T05:26:08.149+0000] {processor.py:161} INFO - Started process (PID=108) to work on /opt/airflow/dags/dbt_dag.py
[2026-04-25T05:26:08.152+0000] {processor.py:830} INFO - Processing file /opt/airflow/dags/dbt_dag.py for tasks to queue
[2026-04-25T05:26:08.155+0000] {logging_mixin.py:188} INFO - [2026-04-25T05:26:08.155+0000] {dagbag.py:538} INFO - Filling up the DagBag from /opt/airflow/dags/dbt_dag.py
[2026-04-25T05:26:08.170+0000] {processor.py:840} INFO - DAG(s) 'dbt_spam_pipeline' retrieved from /opt/airflow/dags/dbt_dag.py
[2026-04-25T05:26:08.194+0000] {logging_mixin.py:188} INFO - [2026-04-25T05:26:08.194+0000] {dag.py:3036} INFO - Sync 1 DAGs
[2026-04-25T05:26:08.213+0000] {logging_mixin.py:188} INFO - [2026-04-25T05:26:08.213+0000] {dag.py:3823} INFO - Setting next_dagrun for dbt_spam_pipeline to 2026-04-24 00:00:00+00:00, run_after=2026-04-25 00:00:00+00:00
[2026-04-25T05:26:08.231+0000] {processor.py:183} INFO - Processing /opt/airflow/dags/dbt_dag.py took 0.087 seconds
[2026-04-25T05:26:38.670+0000] {processor.py:161} INFO - Started process (PID=115) to work on /opt/airflow/dags/dbt_dag.py
[2026-04-25T05:26:38.673+0000] {processor.py:830} INFO - Processing file /opt/airflow/dags/dbt_dag.py for tasks to queue
[2026-04-25T05:26:38.676+0000] {logging_mixin.py:188} INFO - [2026-04-25T05:26:38.675+0000] {dagbag.py:538} INFO - Filling up the DagBag from /opt/airflow/dags/dbt_dag.py
[2026-04-25T05:26:38.698+0000] {processor.py:840} INFO - DAG(s) 'dbt_spam_pipeline' retrieved from /opt/airflow/dags/dbt_dag.py
[2026-04-25T05:26:38.728+0000] {logging_mixin.py:188} INFO - [2026-04-25T05:26:38.728+0000] {dag.py:3036} INFO - Sync 1 DAGs
[2026-04-25T05:26:38.746+0000] {logging_mixin.py:188} INFO - [2026-04-25T05:26:38.746+0000] {dag.py:3823} INFO - Setting next_dagrun for dbt_spam_pipeline to 2026-04-24 00:00:00+00:00, run_after=2026-04-25 00:00:00+00:00
[2026-04-25T05:26:38.762+0000] {processor.py:183} INFO - Processing /opt/airflow/dags/dbt_dag.py took 0.096 seconds
[2026-04-25T05:27:09.274+0000] {processor.py:161} INFO - Started process (PID=122) to work on /opt/airflow/dags/dbt_dag.py
[2026-04-25T05:27:09.277+0000] {processor.py:830} INFO - Processing file /opt/airflow/dags/dbt_dag.py for tasks to queue
[2026-04-25T05:27:09.284+0000] {logging_mixin.py:188} INFO - [2026-04-25T05:27:09.283+0000] {dagbag.py:538} INFO - Filling up the DagBag from /opt/airflow/dags/dbt_dag.py
[2026-04-25T05:27:09.303+0000] {processor.py:840} INFO - DAG(s) 'dbt_spam_pipeline' retrieved from /opt/airflow/dags/dbt_dag.py
[2026-04-25T05:27:09.324+0000] {logging_mixin.py:188} INFO - [2026-04-25T05:27:09.323+0000] {dag.py:3036} INFO - Sync 1 DAGs
[2026-04-25T05:27:09.339+0000] {logging_mixin.py:188} INFO - [2026-04-25T05:27:09.339+0000] {dag.py:3823} INFO - Setting next_dagrun for dbt_spam_pipeline to 2026-04-24 00:00:00+00:00, run_after=2026-04-25 00:00:00+00:00
[2026-04-25T05:27:09.358+0000] {processor.py:183} INFO - Processing /opt/airflow/dags/dbt_dag.py took 0.088 seconds
[2026-04-25T05:27:39.801+0000] {processor.py:161} INFO - Started process (PID=129) to work on /opt/airflow/dags/dbt_dag.py
[2026-04-25T05:27:39.803+0000] {processor.py:830} INFO - Processing file /opt/airflow/dags/dbt_dag.py for tasks to queue
[2026-04-25T05:27:39.805+0000] {logging_mixin.py:188} INFO - [2026-04-25T05:27:39.805+0000] {dagbag.py:538} INFO - Filling up the DagBag from /opt/airflow/dags/dbt_dag.py
[2026-04-25T05:27:39.815+0000] {processor.py:840} INFO - DAG(s) 'dbt_spam_pipeline' retrieved from /opt/airflow/dags/dbt_dag.py
[2026-04-25T05:27:39.841+0000] {logging_mixin.py:188} INFO - [2026-04-25T05:27:39.841+0000] {dag.py:3036} INFO - Sync 1 DAGs
[2026-04-25T05:27:39.860+0000] {logging_mixin.py:188} INFO - [2026-04-25T05:27:39.860+0000] {dag.py:3823} INFO - Setting next_dagrun for dbt_spam_pipeline to 2026-04-24 00:00:00+00:00, run_after=2026-04-25 00:00:00+00:00
[2026-04-25T05:27:39.877+0000] {processor.py:183} INFO - Processing /opt/airflow/dags/dbt_dag.py took 0.078 seconds
[2026-04-25T05:28:10.401+0000] {processor.py:161} INFO - Started process (PID=136) to work on /opt/airflow/dags/dbt_dag.py
[2026-04-25T05:28:10.403+0000] {processor.py:830} INFO - Processing file /opt/airflow/dags/dbt_dag.py for tasks to queue
[2026-04-25T05:28:10.410+0000] {logging_mixin.py:188} INFO - [2026-04-25T05:28:10.409+0000] {dagbag.py:538} INFO - Filling up the DagBag from /opt/airflow/dags/dbt_dag.py
[2026-04-25T05:28:10.424+0000] {processor.py:840} INFO - DAG(s) 'dbt_spam_pipeline' retrieved from /opt/airflow/dags/dbt_dag.py
[2026-04-25T05:28:10.445+0000] {logging_mixin.py:188} INFO - [2026-04-25T05:28:10.445+0000] {dag.py:3036} INFO - Sync 1 DAGs
[2026-04-25T05:28:10.465+0000] {logging_mixin.py:188} INFO - [2026-04-25T05:28:10.464+0000] {dag.py:3823} INFO - Setting next_dagrun for dbt_spam_pipeline to 2026-04-24 00:00:00+00:00, run_after=2026-04-25 00:00:00+00:00
[2026-04-25T05:28:10.481+0000] {processor.py:183} INFO - Processing /opt/airflow/dags/dbt_dag.py took 0.086 seconds
[2026-04-25T05:28:41.022+0000] {processor.py:161} INFO - Started process (PID=143) to work on /opt/airflow/dags/dbt_dag.py
[2026-04-25T05:28:41.024+0000] {processor.py:830} INFO - Processing file /opt/airflow/dags/dbt_dag.py for tasks to queue
[2026-04-25T05:28:41.030+0000] {logging_mixin.py:188} INFO - [2026-04-25T05:28:41.030+0000] {dagbag.py:538} INFO - Filling up the DagBag from /opt/airflow/dags/dbt_dag.py
[2026-04-25T05:28:41.050+0000] {processor.py:840} INFO - DAG(s) 'dbt_spam_pipeline' retrieved from /opt/airflow/dags/dbt_dag.py
[2026-04-25T05:28:41.070+0000] {logging_mixin.py:188} INFO - [2026-04-25T05:28:41.070+0000] {dag.py:3036} INFO - Sync 1 DAGs
[2026-04-25T05:28:41.090+0000] {logging_mixin.py:188} INFO - [2026-04-25T05:28:41.090+0000] {dag.py:3823} INFO - Setting next_dagrun for dbt_spam_pipeline to 2026-04-24 00:00:00+00:00, run_after=2026-04-25 00:00:00+00:00
[2026-04-25T05:28:41.105+0000] {processor.py:183} INFO - Processing /opt/airflow/dags/dbt_dag.py took 0.088 seconds
[2026-04-25T05:29:11.633+0000] {processor.py:161} INFO - Started process (PID=150) to work on /opt/airflow/dags/dbt_dag.py
[2026-04-25T05:29:11.635+0000] {processor.py:830} INFO - Processing file /opt/airflow/dags/dbt_dag.py for tasks to queue
[2026-04-25T05:29:11.637+0000] {logging_mixin.py:188} INFO - [2026-04-25T05:29:11.637+0000] {dagbag.py:538} INFO - Filling up the DagBag from /opt/airflow/dags/dbt_dag.py
[2026-04-25T05:29:11.653+0000] {processor.py:840} INFO - DAG(s) 'dbt_spam_pipeline' retrieved from /opt/airflow/dags/dbt_dag.py
[2026-04-25T05:29:11.680+0000] {logging_mixin.py:188} INFO - [2026-04-25T05:29:11.680+0000] {dag.py:3036} INFO - Sync 1 DAGs
[2026-04-25T05:29:11.696+0000] {logging_mixin.py:188} INFO - [2026-04-25T05:29:11.696+0000] {dag.py:3823} INFO - Setting next_dagrun for dbt_spam_pipeline to 2026-04-24 00:00:00+00:00, run_after=2026-04-25 00:00:00+00:00
[2026-04-25T05:29:11.715+0000] {processor.py:183} INFO - Processing /opt/airflow/dags/dbt_dag.py took 0.087 seconds
[2026-04-25T05:29:42.267+0000] {processor.py:161} INFO - Started process (PID=157) to work on /opt/airflow/dags/dbt_dag.py
[2026-04-25T05:29:42.268+0000] {processor.py:830} INFO - Processing file /opt/airflow/dags/dbt_dag.py for tasks to queue
[2026-04-25T05:29:42.271+0000] {logging_mixin.py:188} INFO - [2026-04-25T05:29:42.271+0000] {dagbag.py:538} INFO - Filling up the DagBag from /opt/airflow/dags/dbt_dag.py
[2026-04-25T05:29:42.285+0000] {processor.py:840} INFO - DAG(s) 'dbt_spam_pipeline' retrieved from /opt/airflow/dags/dbt_dag.py
[2026-04-25T05:29:42.304+0000] {logging_mixin.py:188} INFO - [2026-04-25T05:29:42.303+0000] {dag.py:3036} INFO - Sync 1 DAGs
[2026-04-25T05:29:42.322+0000] {logging_mixin.py:188} INFO - [2026-04-25T05:29:42.322+0000] {dag.py:3823} INFO - Setting next_dagrun for dbt_spam_pipeline to 2026-04-24 00:00:00+00:00, run_after=2026-04-25 00:00:00+00:00
[2026-04-25T05:29:42.341+0000] {processor.py:183} INFO - Processing /opt/airflow/dags/dbt_dag.py took 0.078 seconds
[2026-04-25T05:30:12.836+0000] {processor.py:161} INFO - Started process (PID=164) to work on /opt/airflow/dags/dbt_dag.py
[2026-04-25T05:30:12.837+0000] {processor.py:830} INFO - Processing file /opt/airflow/dags/dbt_dag.py for tasks to queue
[2026-04-25T05:30:12.839+0000] {logging_mixin.py:188} INFO - [2026-04-25T05:30:12.839+0000] {dagbag.py:538} INFO - Filling up the DagBag from /opt/airflow/dags/dbt_dag.py
[2026-04-25T05:30:12.849+0000] {processor.py:840} INFO - DAG(s) 'dbt_spam_pipeline' retrieved from /opt/airflow/dags/dbt_dag.py
[2026-04-25T05:30:12.873+0000] {logging_mixin.py:188} INFO - [2026-04-25T05:30:12.873+0000] {dag.py:3036} INFO - Sync 1 DAGs
[2026-04-25T05:30:12.890+0000] {logging_mixin.py:188} INFO - [2026-04-25T05:30:12.890+0000] {dag.py:3823} INFO - Setting next_dagrun for dbt_spam_pipeline to 2026-04-24 00:00:00+00:00, run_after=2026-04-25 00:00:00+00:00
[2026-04-25T05:30:12.907+0000] {processor.py:183} INFO - Processing /opt/airflow/dags/dbt_dag.py took 0.073 seconds
[2026-04-25T05:30:43.370+0000] {processor.py:161} INFO - Started process (PID=171) to work on /opt/airflow/dags/dbt_dag.py
[2026-04-25T05:30:43.371+0000] {processor.py:830} INFO - Processing file /opt/airflow/dags/dbt_dag.py for tasks to queue
[2026-04-25T05:30:43.373+0000] {logging_mixin.py:188} INFO - [2026-04-25T05:30:43.372+0000] {dagbag.py:538} INFO - Filling up the DagBag from /opt/airflow/dags/dbt_dag.py
[2026-04-25T05:30:43.383+0000] {processor.py:840} INFO - DAG(s) 'dbt_spam_pipeline' retrieved from /opt/airflow/dags/dbt_dag.py
[2026-04-25T05:30:43.410+0000] {logging_mixin.py:188} INFO - [2026-04-25T05:30:43.409+0000] {dag.py:3036} INFO - Sync 1 DAGs
[2026-04-25T05:30:43.428+0000] {logging_mixin.py:188} INFO - [2026-04-25T05:30:43.428+0000] {dag.py:3823} INFO - Setting next_dagrun for dbt_spam_pipeline to 2026-04-24 00:00:00+00:00, run_after=2026-04-25 00:00:00+00:00
[2026-04-25T05:30:43.444+0000] {processor.py:183} INFO - Processing /opt/airflow/dags/dbt_dag.py took 0.077 seconds
[2026-04-25T05:31:14.029+0000] {processor.py:161} INFO - Started process (PID=178) to work on /opt/airflow/dags/dbt_dag.py
[2026-04-25T05:31:14.031+0000] {processor.py:830} INFO - Processing file /opt/airflow/dags/dbt_dag.py for tasks to queue
[2026-04-25T05:31:14.033+0000] {logging_mixin.py:188} INFO - [2026-04-25T05:31:14.033+0000] {dagbag.py:538} INFO - Filling up the DagBag from /opt/airflow/dags/dbt_dag.py
[2026-04-25T05:31:14.046+0000] {processor.py:840} INFO - DAG(s) 'dbt_spam_pipeline' retrieved from /opt/airflow/dags/dbt_dag.py
[2026-04-25T05:31:14.068+0000] {logging_mixin.py:188} INFO - [2026-04-25T05:31:14.067+0000] {dag.py:3036} INFO - Sync 1 DAGs
[2026-04-25T05:31:14.081+0000] {logging_mixin.py:188} INFO - [2026-04-25T05:31:14.081+0000] {dag.py:3823} INFO - Setting next_dagrun for dbt_spam_pipeline to 2026-04-24 00:00:00+00:00, run_after=2026-04-25 00:00:00+00:00
[2026-04-25T05:31:14.099+0000] {processor.py:183} INFO - Processing /opt/airflow/dags/dbt_dag.py took 0.075 seconds
[2026-04-25T05:31:44.618+0000] {processor.py:161} INFO - Started process (PID=185) to work on /opt/airflow/dags/dbt_dag.py
[2026-04-25T05:31:44.619+0000] {processor.py:830} INFO - Processing file /opt/airflow/dags/dbt_dag.py for tasks to queue
[2026-04-25T05:31:44.625+0000] {logging_mixin.py:188} INFO - [2026-04-25T05:31:44.624+0000] {dagbag.py:538} INFO - Filling up the DagBag from /opt/airflow/dags/dbt_dag.py
[2026-04-25T05:31:44.642+0000] {processor.py:840} INFO - DAG(s) 'dbt_spam_pipeline' retrieved from /opt/airflow/dags/dbt_dag.py
[2026-04-25T05:31:44.663+0000] {logging_mixin.py:188} INFO - [2026-04-25T05:31:44.663+0000] {dag.py:3036} INFO - Sync 1 DAGs
[2026-04-25T05:31:44.682+0000] {logging_mixin.py:188} INFO - [2026-04-25T05:31:44.681+0000] {dag.py:3823} INFO - Setting next_dagrun for dbt_spam_pipeline to 2026-04-24 00:00:00+00:00, run_after=2026-04-25 00:00:00+00:00
[2026-04-25T05:31:44.698+0000] {processor.py:183} INFO - Processing /opt/airflow/dags/dbt_dag.py took 0.085 seconds
[2026-04-25T05:32:15.244+0000] {processor.py:161} INFO - Started process (PID=192) to work on /opt/airflow/dags/dbt_dag.py
[2026-04-25T05:32:15.245+0000] {processor.py:830} INFO - Processing file /opt/airflow/dags/dbt_dag.py for tasks to queue
[2026-04-25T05:32:15.249+0000] {logging_mixin.py:188} INFO - [2026-04-25T05:32:15.248+0000] {dagbag.py:538} INFO - Filling up the DagBag from /opt/airflow/dags/dbt_dag.py
[2026-04-25T05:32:15.261+0000] {processor.py:840} INFO - DAG(s) 'dbt_spam_pipeline' retrieved from /opt/airflow/dags/dbt_dag.py
[2026-04-25T05:32:15.283+0000] {logging_mixin.py:188} INFO - [2026-04-25T05:32:15.283+0000] {dag.py:3036} INFO - Sync 1 DAGs
[2026-04-25T05:32:15.303+0000] {logging_mixin.py:188} INFO - [2026-04-25T05:32:15.303+0000] {dag.py:3823} INFO - Setting next_dagrun for dbt_spam_pipeline to 2026-04-24 00:00:00+00:00, run_after=2026-04-25 00:00:00+00:00
[2026-04-25T05:32:15.320+0000] {processor.py:183} INFO - Processing /opt/airflow/dags/dbt_dag.py took 0.081 seconds
[2026-04-25T05:32:45.848+0000] {processor.py:161} INFO - Started process (PID=199) to work on /opt/airflow/dags/dbt_dag.py
[2026-04-25T05:32:45.851+0000] {processor.py:830} INFO - Processing file /opt/airflow/dags/dbt_dag.py for tasks to queue
[2026-04-25T05:32:45.856+0000] {logging_mixin.py:188} INFO - [2026-04-25T05:32:45.855+0000] {dagbag.py:538} INFO - Filling up the DagBag from /opt/airflow/dags/dbt_dag.py
[2026-04-25T05:32:45.874+0000] {processor.py:840} INFO - DAG(s) 'dbt_spam_pipeline' retrieved from /opt/airflow/dags/dbt_dag.py
[2026-04-25T05:32:45.895+0000] {logging_mixin.py:188} INFO - [2026-04-25T05:32:45.895+0000] {dag.py:3036} INFO - Sync 1 DAGs
[2026-04-25T05:32:45.913+0000] {logging_mixin.py:188} INFO - [2026-04-25T05:32:45.913+0000] {dag.py:3823} INFO - Setting next_dagrun for dbt_spam_pipeline to 2026-04-24 00:00:00+00:00, run_after=2026-04-25 00:00:00+00:00
[2026-04-25T05:32:45.931+0000] {processor.py:183} INFO - Processing /opt/airflow/dags/dbt_dag.py took 0.089 seconds
[2026-04-25T05:33:16.419+0000] {processor.py:161} INFO - Started process (PID=206) to work on /opt/airflow/dags/dbt_dag.py
[2026-04-25T05:33:16.421+0000] {processor.py:830} INFO - Processing file /opt/airflow/dags/dbt_dag.py for tasks to queue
[2026-04-25T05:33:16.426+0000] {logging_mixin.py:188} INFO - [2026-04-25T05:33:16.426+0000] {dagbag.py:538} INFO - Filling up the DagBag from /opt/airflow/dags/dbt_dag.py
[2026-04-25T05:33:16.445+0000] {processor.py:840} INFO - DAG(s) 'dbt_spam_pipeline' retrieved from /opt/airflow/dags/dbt_dag.py
[2026-04-25T05:33:16.468+0000] {logging_mixin.py:188} INFO - [2026-04-25T05:33:16.468+0000] {dag.py:3036} INFO - Sync 1 DAGs
[2026-04-25T05:33:16.482+0000] {logging_mixin.py:188} INFO - [2026-04-25T05:33:16.482+0000] {dag.py:3823} INFO - Setting next_dagrun for dbt_spam_pipeline to 2026-04-24 00:00:00+00:00, run_after=2026-04-25 00:00:00+00:00
[2026-04-25T05:33:16.498+0000] {processor.py:183} INFO - Processing /opt/airflow/dags/dbt_dag.py took 0.084 seconds
[2026-04-25T05:33:47.024+0000] {processor.py:161} INFO - Started process (PID=213) to work on /opt/airflow/dags/dbt_dag.py
[2026-04-25T05:33:47.027+0000] {processor.py:830} INFO - Processing file /opt/airflow/dags/dbt_dag.py for tasks to queue
[2026-04-25T05:33:47.032+0000] {logging_mixin.py:188} INFO - [2026-04-25T05:33:47.031+0000] {dagbag.py:538} INFO - Filling up the DagBag from /opt/airflow/dags/dbt_dag.py
[2026-04-25T05:33:47.050+0000] {processor.py:840} INFO - DAG(s) 'dbt_spam_pipeline' retrieved from /opt/airflow/dags/dbt_dag.py
[2026-04-25T05:33:47.075+0000] {logging_mixin.py:188} INFO - [2026-04-25T05:33:47.075+0000] {dag.py:3036} INFO - Sync 1 DAGs
[2026-04-25T05:33:47.093+0000] {logging_mixin.py:188} INFO - [2026-04-25T05:33:47.093+0000] {dag.py:3823} INFO - Setting next_dagrun for dbt_spam_pipeline to 2026-04-24 00:00:00+00:00, run_after=2026-04-25 00:00:00+00:00
[2026-04-25T05:33:47.112+0000] {processor.py:183} INFO - Processing /opt/airflow/dags/dbt_dag.py took 0.093 seconds
[2026-04-25T05:34:17.644+0000] {processor.py:161} INFO - Started process (PID=220) to work on /opt/airflow/dags/dbt_dag.py
[2026-04-25T05:34:17.646+0000] {processor.py:830} INFO - Processing file /opt/airflow/dags/dbt_dag.py for tasks to queue
[2026-04-25T05:34:17.648+0000] {logging_mixin.py:188} INFO - [2026-04-25T05:34:17.648+0000] {dagbag.py:538} INFO - Filling up the DagBag from /opt/airflow/dags/dbt_dag.py
[2026-04-25T05:34:17.660+0000] {processor.py:840} INFO - DAG(s) 'dbt_spam_pipeline' retrieved from /opt/airflow/dags/dbt_dag.py
[2026-04-25T05:34:17.685+0000] {logging_mixin.py:188} INFO - [2026-04-25T05:34:17.685+0000] {dag.py:3036} INFO - Sync 1 DAGs
[2026-04-25T05:34:17.707+0000] {logging_mixin.py:188} INFO - [2026-04-25T05:34:17.706+0000] {dag.py:3823} INFO - Setting next_dagrun for dbt_spam_pipeline to 2026-04-24 00:00:00+00:00, run_after=2026-04-25 00:00:00+00:00
[2026-04-25T05:34:17.728+0000] {processor.py:183} INFO - Processing /opt/airflow/dags/dbt_dag.py took 0.087 seconds
[2026-04-25T05:34:48.210+0000] {processor.py:161} INFO - Started process (PID=227) to work on /opt/airflow/dags/dbt_dag.py
[2026-04-25T05:34:48.211+0000] {processor.py:830} INFO - Processing file /opt/airflow/dags/dbt_dag.py for tasks to queue
[2026-04-25T05:34:48.212+0000] {logging_mixin.py:188} INFO - [2026-04-25T05:34:48.212+0000] {dagbag.py:538} INFO - Filling up the DagBag from /opt/airflow/dags/dbt_dag.py
[2026-04-25T05:34:48.222+0000] {processor.py:840} INFO - DAG(s) 'dbt_spam_pipeline' retrieved from /opt/airflow/dags/dbt_dag.py
[2026-04-25T05:34:48.250+0000] {logging_mixin.py:188} INFO - [2026-04-25T05:34:48.250+0000] {dag.py:3036} INFO - Sync 1 DAGs
[2026-04-25T05:34:48.269+0000] {logging_mixin.py:188} INFO - [2026-04-25T05:34:48.269+0000] {dag.py:3823} INFO - Setting next_dagrun for dbt_spam_pipeline to 2026-04-24 00:00:00+00:00, run_after=2026-04-25 00:00:00+00:00
[2026-04-25T05:34:48.290+0000] {processor.py:183} INFO - Processing /opt/airflow/dags/dbt_dag.py took 0.084 seconds
[2026-04-25T05:35:18.818+0000] {processor.py:161} INFO - Started process (PID=234) to work on /opt/airflow/dags/dbt_dag.py
[2026-04-25T05:35:18.821+0000] {processor.py:830} INFO - Processing file /opt/airflow/dags/dbt_dag.py for tasks to queue
[2026-04-25T05:35:18.825+0000] {logging_mixin.py:188} INFO - [2026-04-25T05:35:18.824+0000] {dagbag.py:538} INFO - Filling up the DagBag from /opt/airflow/dags/dbt_dag.py
[2026-04-25T05:35:18.842+0000] {processor.py:840} INFO - DAG(s) 'dbt_spam_pipeline' retrieved from /opt/airflow/dags/dbt_dag.py
[2026-04-25T05:35:18.862+0000] {logging_mixin.py:188} INFO - [2026-04-25T05:35:18.862+0000] {dag.py:3036} INFO - Sync 1 DAGs
[2026-04-25T05:35:18.879+0000] {logging_mixin.py:188} INFO - [2026-04-25T05:35:18.879+0000] {dag.py:3823} INFO - Setting next_dagrun for dbt_spam_pipeline to 2026-04-24 00:00:00+00:00, run_after=2026-04-25 00:00:00+00:00
[2026-04-25T05:35:18.896+0000] {processor.py:183} INFO - Processing /opt/airflow/dags/dbt_dag.py took 0.083 seconds
[2026-04-25T05:35:49.430+0000] {processor.py:161} INFO - Started process (PID=241) to work on /opt/airflow/dags/dbt_dag.py
[2026-04-25T05:35:49.431+0000] {processor.py:830} INFO - Processing file /opt/airflow/dags/dbt_dag.py for tasks to queue
[2026-04-25T05:35:49.435+0000] {logging_mixin.py:188} INFO - [2026-04-25T05:35:49.433+0000] {dagbag.py:538} INFO - Filling up the DagBag from /opt/airflow/dags/dbt_dag.py
[2026-04-25T05:35:49.446+0000] {processor.py:840} INFO - DAG(s) 'dbt_spam_pipeline' retrieved from /opt/airflow/dags/dbt_dag.py
[2026-04-25T05:35:49.466+0000] {logging_mixin.py:188} INFO - [2026-04-25T05:35:49.466+0000] {dag.py:3036} INFO - Sync 1 DAGs
[2026-04-25T05:35:49.481+0000] {logging_mixin.py:188} INFO - [2026-04-25T05:35:49.481+0000] {dag.py:3823} INFO - Setting next_dagrun for dbt_spam_pipeline to 2026-04-24 00:00:00+00:00, run_after=2026-04-25 00:00:00+00:00
[2026-04-25T05:35:49.500+0000] {processor.py:183} INFO - Processing /opt/airflow/dags/dbt_dag.py took 0.074 seconds
[2026-04-25T05:36:20.045+0000] {processor.py:161} INFO - Started process (PID=248) to work on /opt/airflow/dags/dbt_dag.py
[2026-04-25T05:36:20.048+0000] {processor.py:830} INFO - Processing file /opt/airflow/dags/dbt_dag.py for tasks to queue
[2026-04-25T05:36:20.051+0000] {logging_mixin.py:188} INFO - [2026-04-25T05:36:20.051+0000] {dagbag.py:538} INFO - Filling up the DagBag from /opt/airflow/dags/dbt_dag.py
[2026-04-25T05:36:20.067+0000] {processor.py:840} INFO - DAG(s) 'dbt_spam_pipeline' retrieved from /opt/airflow/dags/dbt_dag.py
[2026-04-25T05:36:20.092+0000] {logging_mixin.py:188} INFO - [2026-04-25T05:36:20.091+0000] {dag.py:3036} INFO - Sync 1 DAGs
[2026-04-25T05:36:20.106+0000] {logging_mixin.py:188} INFO - [2026-04-25T05:36:20.106+0000] {dag.py:3823} INFO - Setting next_dagrun for dbt_spam_pipeline to 2026-04-24 00:00:00+00:00, run_after=2026-04-25 00:00:00+00:00
[2026-04-25T05:36:20.124+0000] {processor.py:183} INFO - Processing /opt/airflow/dags/dbt_dag.py took 0.084 seconds
[2026-04-25T05:36:50.652+0000] {processor.py:161} INFO - Started process (PID=255) to work on /opt/airflow/dags/dbt_dag.py
[2026-04-25T05:36:50.654+0000] {processor.py:830} INFO - Processing file /opt/airflow/dags/dbt_dag.py for tasks to queue
[2026-04-25T05:36:50.658+0000] {logging_mixin.py:188} INFO - [2026-04-25T05:36:50.657+0000] {dagbag.py:538} INFO - Filling up the DagBag from /opt/airflow/dags/dbt_dag.py
[2026-04-25T05:36:50.672+0000] {processor.py:840} INFO - DAG(s) 'dbt_spam_pipeline' retrieved from /opt/airflow/dags/dbt_dag.py
[2026-04-25T05:36:50.694+0000] {logging_mixin.py:188} INFO - [2026-04-25T05:36:50.693+0000] {dag.py:3036} INFO - Sync 1 DAGs
[2026-04-25T05:36:50.714+0000] {logging_mixin.py:188} INFO - [2026-04-25T05:36:50.713+0000] {dag.py:3823} INFO - Setting next_dagrun for dbt_spam_pipeline to 2026-04-24 00:00:00+00:00, run_after=2026-04-25 00:00:00+00:00
[2026-04-25T05:36:50.729+0000] {processor.py:183} INFO - Processing /opt/airflow/dags/dbt_dag.py took 0.082 seconds
[2026-04-25T05:37:21.274+0000] {processor.py:161} INFO - Started process (PID=262) to work on /opt/airflow/dags/dbt_dag.py
[2026-04-25T05:37:21.276+0000] {processor.py:830} INFO - Processing file /opt/airflow/dags/dbt_dag.py for tasks to queue
[2026-04-25T05:37:21.279+0000] {logging_mixin.py:188} INFO - [2026-04-25T05:37:21.278+0000] {dagbag.py:538} INFO - Filling up the DagBag from /opt/airflow/dags/dbt_dag.py
[2026-04-25T05:37:21.292+0000] {processor.py:840} INFO - DAG(s) 'dbt_spam_pipeline' retrieved from /opt/airflow/dags/dbt_dag.py
[2026-04-25T05:37:21.314+0000] {logging_mixin.py:188} INFO - [2026-04-25T05:37:21.314+0000] {dag.py:3036} INFO - Sync 1 DAGs
[2026-04-25T05:37:21.334+0000] {logging_mixin.py:188} INFO - [2026-04-25T05:37:21.334+0000] {dag.py:3823} INFO - Setting next_dagrun for dbt_spam_pipeline to 2026-04-24 00:00:00+00:00, run_after=2026-04-25 00:00:00+00:00
[2026-04-25T05:37:21.349+0000] {processor.py:183} INFO - Processing /opt/airflow/dags/dbt_dag.py took 0.080 seconds
[2026-04-25T05:37:51.886+0000] {processor.py:161} INFO - Started process (PID=269) to work on /opt/airflow/dags/dbt_dag.py
[2026-04-25T05:37:51.889+0000] {processor.py:830} INFO - Processing file /opt/airflow/dags/dbt_dag.py for tasks to queue
[2026-04-25T05:37:51.894+0000] {logging_mixin.py:188} INFO - [2026-04-25T05:37:51.893+0000] {dagbag.py:538} INFO - Filling up the DagBag from /opt/airflow/dags/dbt_dag.py
[2026-04-25T05:37:51.911+0000] {processor.py:840} INFO - DAG(s) 'dbt_spam_pipeline' retrieved from /opt/airflow/dags/dbt_dag.py
[2026-04-25T05:37:51.939+0000] {logging_mixin.py:188} INFO - [2026-04-25T05:37:51.939+0000] {dag.py:3036} INFO - Sync 1 DAGs
[2026-04-25T05:37:51.955+0000] {logging_mixin.py:188} INFO - [2026-04-25T05:37:51.955+0000] {dag.py:3823} INFO - Setting next_dagrun for dbt_spam_pipeline to 2026-04-24 00:00:00+00:00, run_after=2026-04-25 00:00:00+00:00
[2026-04-25T05:37:51.971+0000] {processor.py:183} INFO - Processing /opt/airflow/dags/dbt_dag.py took 0.090 seconds
[2026-04-25T06:12:18.590+0000] {processor.py:161} INFO - Started process (PID=276) to work on /opt/airflow/dags/dbt_dag.py
[2026-04-25T06:12:18.592+0000] {processor.py:830} INFO - Processing file /opt/airflow/dags/dbt_dag.py for tasks to queue
[2026-04-25T06:12:18.595+0000] {logging_mixin.py:188} INFO - [2026-04-25T06:12:18.595+0000] {dagbag.py:538} INFO - Filling up the DagBag from /opt/airflow/dags/dbt_dag.py
[2026-04-25T06:12:18.616+0000] {processor.py:840} INFO - DAG(s) 'dbt_spam_pipeline' retrieved from /opt/airflow/dags/dbt_dag.py
[2026-04-25T06:12:18.652+0000] {logging_mixin.py:188} INFO - [2026-04-25T06:12:18.651+0000] {dag.py:3036} INFO - Sync 1 DAGs
[2026-04-25T06:12:18.685+0000] {logging_mixin.py:188} INFO - [2026-04-25T06:12:18.685+0000] {dag.py:3823} INFO - Setting next_dagrun for dbt_spam_pipeline to 2026-04-24 00:00:00+00:00, run_after=2026-04-25 00:00:00+00:00
[2026-04-25T06:12:18.710+0000] {processor.py:183} INFO - Processing /opt/airflow/dags/dbt_dag.py took 0.125 seconds
[2026-04-25T06:15:35.588+0000] {processor.py:161} INFO - Started process (PID=283) to work on /opt/airflow/dags/dbt_dag.py
[2026-04-25T06:15:35.591+0000] {processor.py:830} INFO - Processing file /opt/airflow/dags/dbt_dag.py for tasks to queue
[2026-04-25T06:15:35.592+0000] {logging_mixin.py:188} INFO - [2026-04-25T06:15:35.592+0000] {dagbag.py:538} INFO - Filling up the DagBag from /opt/airflow/dags/dbt_dag.py
[2026-04-25T06:15:35.602+0000] {processor.py:840} INFO - DAG(s) 'dbt_spam_pipeline' retrieved from /opt/airflow/dags/dbt_dag.py
[2026-04-25T06:15:35.629+0000] {logging_mixin.py:188} INFO - [2026-04-25T06:15:35.629+0000] {dag.py:3036} INFO - Sync 1 DAGs
[2026-04-25T06:15:35.647+0000] {logging_mixin.py:188} INFO - [2026-04-25T06:15:35.647+0000] {dag.py:3823} INFO - Setting next_dagrun for dbt_spam_pipeline to 2026-04-24 00:00:00+00:00, run_after=2026-04-25 00:00:00+00:00
[2026-04-25T06:15:35.666+0000] {processor.py:183} INFO - Processing /opt/airflow/dags/dbt_dag.py took 0.081 seconds
[2026-04-25T06:16:48.352+0000] {processor.py:161} INFO - Started process (PID=290) to work on /opt/airflow/dags/dbt_dag.py
[2026-04-25T06:16:48.353+0000] {processor.py:830} INFO - Processing file /opt/airflow/dags/dbt_dag.py for tasks to queue
[2026-04-25T06:16:48.357+0000] {logging_mixin.py:188} INFO - [2026-04-25T06:16:48.356+0000] {dagbag.py:538} INFO - Filling up the DagBag from /opt/airflow/dags/dbt_dag.py
[2026-04-25T06:16:48.369+0000] {processor.py:840} INFO - DAG(s) 'dbt_spam_pipeline' retrieved from /opt/airflow/dags/dbt_dag.py
[2026-04-25T06:16:48.391+0000] {logging_mixin.py:188} INFO - [2026-04-25T06:16:48.391+0000] {dag.py:3036} INFO - Sync 1 DAGs
[2026-04-25T06:16:48.409+0000] {logging_mixin.py:188} INFO - [2026-04-25T06:16:48.409+0000] {dag.py:3823} INFO - Setting next_dagrun for dbt_spam_pipeline to 2026-04-24 00:00:00+00:00, run_after=2026-04-25 00:00:00+00:00
[2026-04-25T06:16:48.420+0000] {processor.py:183} INFO - Processing /opt/airflow/dags/dbt_dag.py took 0.071 seconds
[2026-04-25T06:43:49.443+0000] {processor.py:161} INFO - Started process (PID=297) to work on /opt/airflow/dags/dbt_dag.py
[2026-04-25T06:43:49.444+0000] {processor.py:830} INFO - Processing file /opt/airflow/dags/dbt_dag.py for tasks to queue
[2026-04-25T06:43:49.447+0000] {logging_mixin.py:188} INFO - [2026-04-25T06:43:49.447+0000] {dagbag.py:538} INFO - Filling up the DagBag from /opt/airflow/dags/dbt_dag.py
[2026-04-25T06:43:49.459+0000] {processor.py:840} INFO - DAG(s) 'dbt_spam_pipeline' retrieved from /opt/airflow/dags/dbt_dag.py
[2026-04-25T06:43:49.482+0000] {logging_mixin.py:188} INFO - [2026-04-25T06:43:49.482+0000] {dag.py:3036} INFO - Sync 1 DAGs
[2026-04-25T06:43:49.499+0000] {logging_mixin.py:188} INFO - [2026-04-25T06:43:49.499+0000] {dag.py:3823} INFO - Setting next_dagrun for dbt_spam_pipeline to 2026-04-24 00:00:00+00:00, run_after=2026-04-25 00:00:00+00:00
[2026-04-25T06:43:49.519+0000] {processor.py:183} INFO - Processing /opt/airflow/dags/dbt_dag.py took 0.079 seconds
[2026-04-25T06:44:20.331+0000] {processor.py:161} INFO - Started process (PID=304) to work on /opt/airflow/dags/dbt_dag.py
[2026-04-25T06:44:20.332+0000] {processor.py:830} INFO - Processing file /opt/airflow/dags/dbt_dag.py for tasks to queue
[2026-04-25T06:44:20.335+0000] {logging_mixin.py:188} INFO - [2026-04-25T06:44:20.334+0000] {dagbag.py:538} INFO - Filling up the DagBag from /opt/airflow/dags/dbt_dag.py
[2026-04-25T06:44:20.347+0000] {processor.py:840} INFO - DAG(s) 'dbt_spam_pipeline' retrieved from /opt/airflow/dags/dbt_dag.py
[2026-04-25T06:44:20.370+0000] {logging_mixin.py:188} INFO - [2026-04-25T06:44:20.369+0000] {dag.py:3036} INFO - Sync 1 DAGs
[2026-04-25T06:44:20.384+0000] {logging_mixin.py:188} INFO - [2026-04-25T06:44:20.384+0000] {dag.py:3823} INFO - Setting next_dagrun for dbt_spam_pipeline to 2026-04-24 00:00:00+00:00, run_after=2026-04-25 00:00:00+00:00
[2026-04-25T06:44:20.400+0000] {processor.py:183} INFO - Processing /opt/airflow/dags/dbt_dag.py took 0.071 seconds
[2026-04-25T07:25:29.056+0000] {processor.py:161} INFO - Started process (PID=311) to work on /opt/airflow/dags/dbt_dag.py
[2026-04-25T07:25:29.058+0000] {processor.py:830} INFO - Processing file /opt/airflow/dags/dbt_dag.py for tasks to queue
[2026-04-25T07:25:29.060+0000] {logging_mixin.py:188} INFO - [2026-04-25T07:25:29.059+0000] {dagbag.py:538} INFO - Filling up the DagBag from /opt/airflow/dags/dbt_dag.py
[2026-04-25T07:25:29.072+0000] {processor.py:840} INFO - DAG(s) 'dbt_spam_pipeline' retrieved from /opt/airflow/dags/dbt_dag.py
[2026-04-25T07:25:29.095+0000] {logging_mixin.py:188} INFO - [2026-04-25T07:25:29.095+0000] {dag.py:3036} INFO - Sync 1 DAGs
[2026-04-25T07:25:29.118+0000] {logging_mixin.py:188} INFO - [2026-04-25T07:25:29.118+0000] {dag.py:3823} INFO - Setting next_dagrun for dbt_spam_pipeline to 2026-04-24 00:00:00+00:00, run_after=2026-04-25 00:00:00+00:00
[2026-04-25T07:25:29.145+0000] {processor.py:183} INFO - Processing /opt/airflow/dags/dbt_dag.py took 0.091 seconds
[2026-04-25T07:38:41.045+0000] {processor.py:161} INFO - Started process (PID=318) to work on /opt/airflow/dags/dbt_dag.py
[2026-04-25T07:38:41.048+0000] {processor.py:830} INFO - Processing file /opt/airflow/dags/dbt_dag.py for tasks to queue
[2026-04-25T07:38:41.050+0000] {logging_mixin.py:188} INFO - [2026-04-25T07:38:41.050+0000] {dagbag.py:538} INFO - Filling up the DagBag from /opt/airflow/dags/dbt_dag.py
[2026-04-25T07:38:41.067+0000] {processor.py:840} INFO - DAG(s) 'dbt_spam_pipeline' retrieved from /opt/airflow/dags/dbt_dag.py
[2026-04-25T07:38:41.099+0000] {logging_mixin.py:188} INFO - [2026-04-25T07:38:41.099+0000] {dag.py:3036} INFO - Sync 1 DAGs
[2026-04-25T07:38:41.124+0000] {logging_mixin.py:188} INFO - [2026-04-25T07:38:41.124+0000] {dag.py:3823} INFO - Setting next_dagrun for dbt_spam_pipeline to 2026-04-24 00:00:00+00:00, run_after=2026-04-25 00:00:00+00:00
[2026-04-25T07:38:41.149+0000] {processor.py:183} INFO - Processing /opt/airflow/dags/dbt_dag.py took 0.107 seconds
[2026-04-25T08:03:28.750+0000] {processor.py:161} INFO - Started process (PID=325) to work on /opt/airflow/dags/dbt_dag.py
[2026-04-25T08:03:28.751+0000] {processor.py:830} INFO - Processing file /opt/airflow/dags/dbt_dag.py for tasks to queue
[2026-04-25T08:03:28.752+0000] {logging_mixin.py:188} INFO - [2026-04-25T08:03:28.752+0000] {dagbag.py:538} INFO - Filling up the DagBag from /opt/airflow/dags/dbt_dag.py
[2026-04-25T08:03:28.761+0000] {processor.py:840} INFO - DAG(s) 'dbt_spam_pipeline' retrieved from /opt/airflow/dags/dbt_dag.py
[2026-04-25T08:03:28.783+0000] {logging_mixin.py:188} INFO - [2026-04-25T08:03:28.783+0000] {dag.py:3036} INFO - Sync 1 DAGs
[2026-04-25T08:03:28.798+0000] {logging_mixin.py:188} INFO - [2026-04-25T08:03:28.798+0000] {dag.py:3823} INFO - Setting next_dagrun for dbt_spam_pipeline to 2026-04-24 00:00:00+00:00, run_after=2026-04-25 00:00:00+00:00
[2026-04-25T08:03:28.817+0000] {processor.py:183} INFO - Processing /opt/airflow/dags/dbt_dag.py took 0.069 seconds
[2026-04-25T08:03:59.345+0000] {processor.py:161} INFO - Started process (PID=332) to work on /opt/airflow/dags/dbt_dag.py
[2026-04-25T08:03:59.346+0000] {processor.py:830} INFO - Processing file /opt/airflow/dags/dbt_dag.py for tasks to queue
[2026-04-25T08:03:59.348+0000] {logging_mixin.py:188} INFO - [2026-04-25T08:03:59.348+0000] {dagbag.py:538} INFO - Filling up the DagBag from /opt/airflow/dags/dbt_dag.py
[2026-04-25T08:03:59.362+0000] {processor.py:840} INFO - DAG(s) 'dbt_spam_pipeline' retrieved from /opt/airflow/dags/dbt_dag.py
[2026-04-25T08:03:59.382+0000] {logging_mixin.py:188} INFO - [2026-04-25T08:03:59.382+0000] {dag.py:3036} INFO - Sync 1 DAGs
[2026-04-25T08:03:59.401+0000] {logging_mixin.py:188} INFO - [2026-04-25T08:03:59.400+0000] {dag.py:3823} INFO - Setting next_dagrun for dbt_spam_pipeline to 2026-04-24 00:00:00+00:00, run_after=2026-04-25 00:00:00+00:00
[2026-04-25T08:03:59.417+0000] {processor.py:183} INFO - Processing /opt/airflow/dags/dbt_dag.py took 0.075 seconds
[2026-04-25T08:52:39.168+0000] {processor.py:161} INFO - Started process (PID=339) to work on /opt/airflow/dags/dbt_dag.py
[2026-04-25T08:52:39.169+0000] {processor.py:830} INFO - Processing file /opt/airflow/dags/dbt_dag.py for tasks to queue
[2026-04-25T08:52:39.171+0000] {logging_mixin.py:188} INFO - [2026-04-25T08:52:39.171+0000] {dagbag.py:538} INFO - Filling up the DagBag from /opt/airflow/dags/dbt_dag.py
[2026-04-25T08:52:39.182+0000] {processor.py:840} INFO - DAG(s) 'dbt_spam_pipeline' retrieved from /opt/airflow/dags/dbt_dag.py
[2026-04-25T08:52:39.214+0000] {logging_mixin.py:188} INFO - [2026-04-25T08:52:39.213+0000] {dag.py:3036} INFO - Sync 1 DAGs
[2026-04-25T08:52:39.235+0000] {logging_mixin.py:188} INFO - [2026-04-25T08:52:39.235+0000] {dag.py:3823} INFO - Setting next_dagrun for dbt_spam_pipeline to 2026-04-24 00:00:00+00:00, run_after=2026-04-25 00:00:00+00:00
[2026-04-25T08:52:39.254+0000] {processor.py:183} INFO - Processing /opt/airflow/dags/dbt_dag.py took 0.089 seconds
[2026-04-25T10:31:08.365+0000] {processor.py:161} INFO - Started process (PID=346) to work on /opt/airflow/dags/dbt_dag.py
[2026-04-25T10:31:08.368+0000] {processor.py:830} INFO - Processing file /opt/airflow/dags/dbt_dag.py for tasks to queue
[2026-04-25T10:31:08.370+0000] {logging_mixin.py:188} INFO - [2026-04-25T10:31:08.370+0000] {dagbag.py:538} INFO - Filling up the DagBag from /opt/airflow/dags/dbt_dag.py
[2026-04-25T10:31:08.390+0000] {processor.py:840} INFO - DAG(s) 'dbt_spam_pipeline' retrieved from /opt/airflow/dags/dbt_dag.py
[2026-04-25T10:31:08.437+0000] {logging_mixin.py:188} INFO - [2026-04-25T10:31:08.436+0000] {dag.py:3036} INFO - Sync 1 DAGs
[2026-04-25T10:31:08.463+0000] {logging_mixin.py:188} INFO - [2026-04-25T10:31:08.463+0000] {dag.py:3823} INFO - Setting next_dagrun for dbt_spam_pipeline to 2026-04-24 00:00:00+00:00, run_after=2026-04-25 00:00:00+00:00
[2026-04-25T10:31:08.489+0000] {processor.py:183} INFO - Processing /opt/airflow/dags/dbt_dag.py took 0.127 seconds
[2026-04-25T11:36:09.467+0000] {processor.py:161} INFO - Started process (PID=353) to work on /opt/airflow/dags/dbt_dag.py
[2026-04-25T11:36:09.468+0000] {processor.py:830} INFO - Processing file /opt/airflow/dags/dbt_dag.py for tasks to queue
[2026-04-25T11:36:09.470+0000] {logging_mixin.py:188} INFO - [2026-04-25T11:36:09.470+0000] {dagbag.py:538} INFO - Filling up the DagBag from /opt/airflow/dags/dbt_dag.py
[2026-04-25T11:36:09.482+0000] {processor.py:840} INFO - DAG(s) 'dbt_spam_pipeline' retrieved from /opt/airflow/dags/dbt_dag.py
[2026-04-25T11:36:09.505+0000] {logging_mixin.py:188} INFO - [2026-04-25T11:36:09.505+0000] {dag.py:3036} INFO - Sync 1 DAGs
[2026-04-25T11:36:09.523+0000] {logging_mixin.py:188} INFO - [2026-04-25T11:36:09.523+0000] {dag.py:3823} INFO - Setting next_dagrun for dbt_spam_pipeline to 2026-04-24 00:00:00+00:00, run_after=2026-04-25 00:00:00+00:00
[2026-04-25T11:36:09.541+0000] {processor.py:183} INFO - Processing /opt/airflow/dags/dbt_dag.py took 0.080 seconds
[2026-04-25T13:18:40.939+0000] {processor.py:161} INFO - Started process (PID=360) to work on /opt/airflow/dags/dbt_dag.py
[2026-04-25T13:18:40.941+0000] {processor.py:830} INFO - Processing file /opt/airflow/dags/dbt_dag.py for tasks to queue
[2026-04-25T13:18:40.945+0000] {logging_mixin.py:188} INFO - [2026-04-25T13:18:40.945+0000] {dagbag.py:538} INFO - Filling up the DagBag from /opt/airflow/dags/dbt_dag.py
[2026-04-25T13:18:40.954+0000] {processor.py:840} INFO - DAG(s) 'dbt_spam_pipeline' retrieved from /opt/airflow/dags/dbt_dag.py
[2026-04-25T13:18:40.982+0000] {logging_mixin.py:188} INFO - [2026-04-25T13:18:40.982+0000] {dag.py:3036} INFO - Sync 1 DAGs
[2026-04-25T13:18:40.999+0000] {logging_mixin.py:188} INFO - [2026-04-25T13:18:40.999+0000] {dag.py:3823} INFO - Setting next_dagrun for dbt_spam_pipeline to 2026-04-24 00:00:00+00:00, run_after=2026-04-25 00:00:00+00:00
[2026-04-25T13:18:41.025+0000] {processor.py:183} INFO - Processing /opt/airflow/dags/dbt_dag.py took 0.089 seconds
[2026-04-25T15:01:13.026+0000] {processor.py:161} INFO - Started process (PID=367) to work on /opt/airflow/dags/dbt_dag.py
[2026-04-25T15:01:13.027+0000] {processor.py:830} INFO - Processing file /opt/airflow/dags/dbt_dag.py for tasks to queue
[2026-04-25T15:01:13.030+0000] {logging_mixin.py:188} INFO - [2026-04-25T15:01:13.030+0000] {dagbag.py:538} INFO - Filling up the DagBag from /opt/airflow/dags/dbt_dag.py
[2026-04-25T15:01:13.042+0000] {processor.py:840} INFO - DAG(s) 'dbt_spam_pipeline' retrieved from /opt/airflow/dags/dbt_dag.py
[2026-04-25T15:01:13.066+0000] {logging_mixin.py:188} INFO - [2026-04-25T15:01:13.066+0000] {dag.py:3036} INFO - Sync 1 DAGs
[2026-04-25T15:01:13.086+0000] {logging_mixin.py:188} INFO - [2026-04-25T15:01:13.086+0000] {dag.py:3823} INFO - Setting next_dagrun for dbt_spam_pipeline to 2026-04-24 00:00:00+00:00, run_after=2026-04-25 00:00:00+00:00
[2026-04-25T15:01:13.103+0000] {processor.py:183} INFO - Processing /opt/airflow/dags/dbt_dag.py took 0.079 seconds
[2026-04-25T16:25:08.055+0000] {processor.py:161} INFO - Started process (PID=374) to work on /opt/airflow/dags/dbt_dag.py
[2026-04-25T16:25:08.057+0000] {processor.py:830} INFO - Processing file /opt/airflow/dags/dbt_dag.py for tasks to queue
[2026-04-25T16:25:08.059+0000] {logging_mixin.py:188} INFO - [2026-04-25T16:25:08.059+0000] {dagbag.py:538} INFO - Filling up the DagBag from /opt/airflow/dags/dbt_dag.py
[2026-04-25T16:25:08.074+0000] {processor.py:840} INFO - DAG(s) 'dbt_spam_pipeline' retrieved from /opt/airflow/dags/dbt_dag.py
[2026-04-25T16:25:08.098+0000] {logging_mixin.py:188} INFO - [2026-04-25T16:25:08.098+0000] {dag.py:3036} INFO - Sync 1 DAGs
[2026-04-25T16:25:08.120+0000] {logging_mixin.py:188} INFO - [2026-04-25T16:25:08.119+0000] {dag.py:3823} INFO - Setting next_dagrun for dbt_spam_pipeline to 2026-04-24 00:00:00+00:00, run_after=2026-04-25 00:00:00+00:00
[2026-04-25T16:25:08.142+0000] {processor.py:183} INFO - Processing /opt/airflow/dags/dbt_dag.py took 0.091 seconds
[2026-04-25T17:10:11.734+0000] {processor.py:161} INFO - Started process (PID=381) to work on /opt/airflow/dags/dbt_dag.py
[2026-04-25T17:10:11.735+0000] {processor.py:830} INFO - Processing file /opt/airflow/dags/dbt_dag.py for tasks to queue
[2026-04-25T17:10:11.739+0000] {logging_mixin.py:188} INFO - [2026-04-25T17:10:11.739+0000] {dagbag.py:538} INFO - Filling up the DagBag from /opt/airflow/dags/dbt_dag.py
[2026-04-25T17:10:11.753+0000] {processor.py:840} INFO - DAG(s) 'dbt_spam_pipeline' retrieved from /opt/airflow/dags/dbt_dag.py
[2026-04-25T17:10:11.779+0000] {logging_mixin.py:188} INFO - [2026-04-25T17:10:11.778+0000] {dag.py:3036} INFO - Sync 1 DAGs
[2026-04-25T17:10:11.797+0000] {logging_mixin.py:188} INFO - [2026-04-25T17:10:11.796+0000] {dag.py:3823} INFO - Setting next_dagrun for dbt_spam_pipeline to 2026-04-24 00:00:00+00:00, run_after=2026-04-25 00:00:00+00:00
[2026-04-25T17:10:11.822+0000] {processor.py:183} INFO - Processing /opt/airflow/dags/dbt_dag.py took 0.091 seconds
[2026-04-25T17:19:08.583+0000] {processor.py:161} INFO - Started process (PID=388) to work on /opt/airflow/dags/dbt_dag.py
[2026-04-25T17:19:08.585+0000] {processor.py:830} INFO - Processing file /opt/airflow/dags/dbt_dag.py for tasks to queue
[2026-04-25T17:19:08.589+0000] {logging_mixin.py:188} INFO - [2026-04-25T17:19:08.588+0000] {dagbag.py:538} INFO - Filling up the DagBag from /opt/airflow/dags/dbt_dag.py
[2026-04-25T17:19:08.601+0000] {processor.py:840} INFO - DAG(s) 'dbt_spam_pipeline' retrieved from /opt/airflow/dags/dbt_dag.py
[2026-04-25T17:19:08.625+0000] {logging_mixin.py:188} INFO - [2026-04-25T17:19:08.625+0000] {dag.py:3036} INFO - Sync 1 DAGs
[2026-04-25T17:19:08.647+0000] {logging_mixin.py:188} INFO - [2026-04-25T17:19:08.647+0000] {dag.py:3823} INFO - Setting next_dagrun for dbt_spam_pipeline to 2026-04-24 00:00:00+00:00, run_after=2026-04-25 00:00:00+00:00
[2026-04-25T17:19:08.671+0000] {processor.py:183} INFO - Processing /opt/airflow/dags/dbt_dag.py took 0.091 seconds
[2026-04-25T17:19:39.227+0000] {processor.py:161} INFO - Started process (PID=395) to work on /opt/airflow/dags/dbt_dag.py
[2026-04-25T17:19:39.227+0000] {processor.py:830} INFO - Processing file /opt/airflow/dags/dbt_dag.py for tasks to queue
[2026-04-25T17:19:39.230+0000] {logging_mixin.py:188} INFO - [2026-04-25T17:19:39.229+0000] {dagbag.py:538} INFO - Filling up the DagBag from /opt/airflow/dags/dbt_dag.py
[2026-04-25T17:19:39.243+0000] {processor.py:840} INFO - DAG(s) 'dbt_spam_pipeline' retrieved from /opt/airflow/dags/dbt_dag.py
[2026-04-25T17:19:39.267+0000] {logging_mixin.py:188} INFO - [2026-04-25T17:19:39.266+0000] {dag.py:3036} INFO - Sync 1 DAGs
[2026-04-25T17:19:39.285+0000] {logging_mixin.py:188} INFO - [2026-04-25T17:19:39.285+0000] {dag.py:3823} INFO - Setting next_dagrun for dbt_spam_pipeline to 2026-04-24 00:00:00+00:00, run_after=2026-04-25 00:00:00+00:00
[2026-04-25T17:19:39.298+0000] {processor.py:183} INFO - Processing /opt/airflow/dags/dbt_dag.py took 0.075 seconds
[2026-04-25T18:17:56.162+0000] {processor.py:161} INFO - Started process (PID=402) to work on /opt/airflow/dags/dbt_dag.py
[2026-04-25T18:17:56.163+0000] {processor.py:830} INFO - Processing file /opt/airflow/dags/dbt_dag.py for tasks to queue
[2026-04-25T18:17:56.168+0000] {logging_mixin.py:188} INFO - [2026-04-25T18:17:56.167+0000] {dagbag.py:538} INFO - Filling up the DagBag from /opt/airflow/dags/dbt_dag.py
[2026-04-25T18:17:56.184+0000] {processor.py:840} INFO - DAG(s) 'dbt_spam_pipeline' retrieved from /opt/airflow/dags/dbt_dag.py
[2026-04-25T18:17:56.211+0000] {logging_mixin.py:188} INFO - [2026-04-25T18:17:56.211+0000] {dag.py:3036} INFO - Sync 1 DAGs
[2026-04-25T18:17:56.231+0000] {logging_mixin.py:188} INFO - [2026-04-25T18:17:56.231+0000] {dag.py:3823} INFO - Setting next_dagrun for dbt_spam_pipeline to 2026-04-24 00:00:00+00:00, run_after=2026-04-25 00:00:00+00:00
[2026-04-25T18:17:56.253+0000] {processor.py:183} INFO - Processing /opt/airflow/dags/dbt_dag.py took 0.093 seconds
[2026-04-25T18:20:37.556+0000] {processor.py:161} INFO - Started process (PID=409) to work on /opt/airflow/dags/dbt_dag.py
[2026-04-25T18:20:37.557+0000] {processor.py:830} INFO - Processing file /opt/airflow/dags/dbt_dag.py for tasks to queue
[2026-04-25T18:20:37.562+0000] {logging_mixin.py:188} INFO - [2026-04-25T18:20:37.562+0000] {dagbag.py:538} INFO - Filling up the DagBag from /opt/airflow/dags/dbt_dag.py
[2026-04-25T18:20:37.579+0000] {processor.py:840} INFO - DAG(s) 'dbt_spam_pipeline' retrieved from /opt/airflow/dags/dbt_dag.py
[2026-04-25T18:20:37.604+0000] {logging_mixin.py:188} INFO - [2026-04-25T18:20:37.604+0000] {dag.py:3036} INFO - Sync 1 DAGs
[2026-04-25T18:20:37.625+0000] {logging_mixin.py:188} INFO - [2026-04-25T18:20:37.625+0000] {dag.py:3823} INFO - Setting next_dagrun for dbt_spam_pipeline to 2026-04-24 00:00:00+00:00, run_after=2026-04-25 00:00:00+00:00
[2026-04-25T18:20:37.646+0000] {processor.py:183} INFO - Processing /opt/airflow/dags/dbt_dag.py took 0.094 seconds
[2026-04-25T18:43:11.920+0000] {processor.py:161} INFO - Started process (PID=416) to work on /opt/airflow/dags/dbt_dag.py
[2026-04-25T18:43:11.921+0000] {processor.py:830} INFO - Processing file /opt/airflow/dags/dbt_dag.py for tasks to queue
[2026-04-25T18:43:11.922+0000] {logging_mixin.py:188} INFO - [2026-04-25T18:43:11.922+0000] {dagbag.py:538} INFO - Filling up the DagBag from /opt/airflow/dags/dbt_dag.py
[2026-04-25T18:43:11.930+0000] {processor.py:840} INFO - DAG(s) 'dbt_spam_pipeline' retrieved from /opt/airflow/dags/dbt_dag.py
[2026-04-25T18:43:11.948+0000] {logging_mixin.py:188} INFO - [2026-04-25T18:43:11.948+0000] {dag.py:3036} INFO - Sync 1 DAGs
[2026-04-25T18:43:11.964+0000] {logging_mixin.py:188} INFO - [2026-04-25T18:43:11.963+0000] {dag.py:3823} INFO - Setting next_dagrun for dbt_spam_pipeline to 2026-04-24 00:00:00+00:00, run_after=2026-04-25 00:00:00+00:00
[2026-04-25T18:43:11.979+0000] {processor.py:183} INFO - Processing /opt/airflow/dags/dbt_dag.py took 0.061 seconds
[2026-04-25T18:52:27.987+0000] {processor.py:161} INFO - Started process (PID=423) to work on /opt/airflow/dags/dbt_dag.py
[2026-04-25T18:52:27.988+0000] {processor.py:830} INFO - Processing file /opt/airflow/dags/dbt_dag.py for tasks to queue
[2026-04-25T18:52:27.992+0000] {logging_mixin.py:188} INFO - [2026-04-25T18:52:27.992+0000] {dagbag.py:538} INFO - Filling up the DagBag from /opt/airflow/dags/dbt_dag.py
[2026-04-25T18:52:28.002+0000] {processor.py:840} INFO - DAG(s) 'dbt_spam_pipeline' retrieved from /opt/airflow/dags/dbt_dag.py
[2026-04-25T18:52:28.020+0000] {logging_mixin.py:188} INFO - [2026-04-25T18:52:28.020+0000] {dag.py:3036} INFO - Sync 1 DAGs
[2026-04-25T18:52:28.037+0000] {logging_mixin.py:188} INFO - [2026-04-25T18:52:28.037+0000] {dag.py:3823} INFO - Setting next_dagrun for dbt_spam_pipeline to 2026-04-24 00:00:00+00:00, run_after=2026-04-25 00:00:00+00:00
[2026-04-25T18:52:28.062+0000] {processor.py:183} INFO - Processing /opt/airflow/dags/dbt_dag.py took 0.077 seconds
[2026-04-25T18:57:56.758+0000] {processor.py:161} INFO - Started process (PID=430) to work on /opt/airflow/dags/dbt_dag.py
[2026-04-25T18:57:56.760+0000] {processor.py:830} INFO - Processing file /opt/airflow/dags/dbt_dag.py for tasks to queue
[2026-04-25T18:57:56.762+0000] {logging_mixin.py:188} INFO - [2026-04-25T18:57:56.761+0000] {dagbag.py:538} INFO - Filling up the DagBag from /opt/airflow/dags/dbt_dag.py
[2026-04-25T18:57:56.770+0000] {processor.py:840} INFO - DAG(s) 'dbt_spam_pipeline' retrieved from /opt/airflow/dags/dbt_dag.py
[2026-04-25T18:57:56.801+0000] {logging_mixin.py:188} INFO - [2026-04-25T18:57:56.801+0000] {dag.py:3036} INFO - Sync 1 DAGs
[2026-04-25T18:57:56.820+0000] {logging_mixin.py:188} INFO - [2026-04-25T18:57:56.820+0000] {dag.py:3823} INFO - Setting next_dagrun for dbt_spam_pipeline to 2026-04-24 00:00:00+00:00, run_after=2026-04-25 00:00:00+00:00
[2026-04-25T18:57:56.841+0000] {processor.py:183} INFO - Processing /opt/airflow/dags/dbt_dag.py took 0.086 seconds
[2026-04-25T18:59:27.264+0000] {processor.py:161} INFO - Started process (PID=437) to work on /opt/airflow/dags/dbt_dag.py
[2026-04-25T18:59:27.266+0000] {processor.py:830} INFO - Processing file /opt/airflow/dags/dbt_dag.py for tasks to queue
[2026-04-25T18:59:27.267+0000] {logging_mixin.py:188} INFO - [2026-04-25T18:59:27.267+0000] {dagbag.py:538} INFO - Filling up the DagBag from /opt/airflow/dags/dbt_dag.py
[2026-04-25T18:59:27.281+0000] {processor.py:840} INFO - DAG(s) 'dbt_spam_pipeline' retrieved from /opt/airflow/dags/dbt_dag.py
[2026-04-25T18:59:27.302+0000] {logging_mixin.py:188} INFO - [2026-04-25T18:59:27.302+0000] {dag.py:3036} INFO - Sync 1 DAGs
[2026-04-25T18:59:27.317+0000] {logging_mixin.py:188} INFO - [2026-04-25T18:59:27.317+0000] {dag.py:3823} INFO - Setting next_dagrun for dbt_spam_pipeline to 2026-04-24 00:00:00+00:00, run_after=2026-04-25 00:00:00+00:00
[2026-04-25T18:59:27.333+0000] {processor.py:183} INFO - Processing /opt/airflow/dags/dbt_dag.py took 0.071 seconds
[2026-04-25T19:02:26.159+0000] {processor.py:161} INFO - Started process (PID=444) to work on /opt/airflow/dags/dbt_dag.py
[2026-04-25T19:02:26.160+0000] {processor.py:830} INFO - Processing file /opt/airflow/dags/dbt_dag.py for tasks to queue
[2026-04-25T19:02:26.161+0000] {logging_mixin.py:188} INFO - [2026-04-25T19:02:26.161+0000] {dagbag.py:538} INFO - Filling up the DagBag from /opt/airflow/dags/dbt_dag.py
[2026-04-25T19:02:26.173+0000] {processor.py:840} INFO - DAG(s) 'dbt_spam_pipeline' retrieved from /opt/airflow/dags/dbt_dag.py
[2026-04-25T19:02:26.195+0000] {logging_mixin.py:188} INFO - [2026-04-25T19:02:26.195+0000] {dag.py:3036} INFO - Sync 1 DAGs
[2026-04-25T19:02:26.211+0000] {logging_mixin.py:188} INFO - [2026-04-25T19:02:26.211+0000] {dag.py:3823} INFO - Setting next_dagrun for dbt_spam_pipeline to 2026-04-24 00:00:00+00:00, run_after=2026-04-25 00:00:00+00:00
[2026-04-25T19:02:26.231+0000] {processor.py:183} INFO - Processing /opt/airflow/dags/dbt_dag.py took 0.074 seconds
[2026-04-25T19:19:58.655+0000] {processor.py:161} INFO - Started process (PID=451) to work on /opt/airflow/dags/dbt_dag.py
[2026-04-25T19:19:58.656+0000] {processor.py:830} INFO - Processing file /opt/airflow/dags/dbt_dag.py for tasks to queue
[2026-04-25T19:19:58.660+0000] {logging_mixin.py:188} INFO - [2026-04-25T19:19:58.660+0000] {dagbag.py:538} INFO - Filling up the DagBag from /opt/airflow/dags/dbt_dag.py
[2026-04-25T19:19:58.669+0000] {processor.py:840} INFO - DAG(s) 'dbt_spam_pipeline' retrieved from /opt/airflow/dags/dbt_dag.py
[2026-04-25T19:19:58.692+0000] {logging_mixin.py:188} INFO - [2026-04-25T19:19:58.691+0000] {dag.py:3036} INFO - Sync 1 DAGs
[2026-04-25T19:19:58.711+0000] {logging_mixin.py:188} INFO - [2026-04-25T19:19:58.711+0000] {dag.py:3823} INFO - Setting next_dagrun for dbt_spam_pipeline to 2026-04-24 00:00:00+00:00, run_after=2026-04-25 00:00:00+00:00
[2026-04-25T19:19:58.728+0000] {processor.py:183} INFO - Processing /opt/airflow/dags/dbt_dag.py took 0.075 seconds
[2026-04-25T19:30:25.760+0000] {processor.py:161} INFO - Started process (PID=458) to work on /opt/airflow/dags/dbt_dag.py
[2026-04-25T19:30:25.762+0000] {processor.py:830} INFO - Processing file /opt/airflow/dags/dbt_dag.py for tasks to queue
[2026-04-25T19:30:25.765+0000] {logging_mixin.py:188} INFO - [2026-04-25T19:30:25.765+0000] {dagbag.py:538} INFO - Filling up the DagBag from /opt/airflow/dags/dbt_dag.py
[2026-04-25T19:30:25.781+0000] {processor.py:840} INFO - DAG(s) 'dbt_spam_pipeline' retrieved from /opt/airflow/dags/dbt_dag.py
[2026-04-25T19:30:25.814+0000] {logging_mixin.py:188} INFO - [2026-04-25T19:30:25.814+0000] {dag.py:3036} INFO - Sync 1 DAGs
[2026-04-25T19:30:25.833+0000] {logging_mixin.py:188} INFO - [2026-04-25T19:30:25.833+0000] {dag.py:3823} INFO - Setting next_dagrun for dbt_spam_pipeline to 2026-04-24 00:00:00+00:00, run_after=2026-04-25 00:00:00+00:00
[2026-04-25T19:30:25.855+0000] {processor.py:183} INFO - Processing /opt/airflow/dags/dbt_dag.py took 0.099 seconds
[2026-04-25T19:31:02.496+0000] {processor.py:161} INFO - Started process (PID=465) to work on /opt/airflow/dags/dbt_dag.py
[2026-04-25T19:31:02.498+0000] {processor.py:830} INFO - Processing file /opt/airflow/dags/dbt_dag.py for tasks to queue
[2026-04-25T19:31:02.499+0000] {logging_mixin.py:188} INFO - [2026-04-25T19:31:02.499+0000] {dagbag.py:538} INFO - Filling up the DagBag from /opt/airflow/dags/dbt_dag.py
[2026-04-25T19:31:02.509+0000] {processor.py:840} INFO - DAG(s) 'dbt_spam_pipeline' retrieved from /opt/airflow/dags/dbt_dag.py
[2026-04-25T19:31:02.534+0000] {logging_mixin.py:188} INFO - [2026-04-25T19:31:02.534+0000] {dag.py:3036} INFO - Sync 1 DAGs
[2026-04-25T19:31:02.548+0000] {logging_mixin.py:188} INFO - [2026-04-25T19:31:02.548+0000] {dag.py:3823} INFO - Setting next_dagrun for dbt_spam_pipeline to 2026-04-24 00:00:00+00:00, run_after=2026-04-25 00:00:00+00:00
[2026-04-25T19:31:02.568+0000] {processor.py:183} INFO - Processing /opt/airflow/dags/dbt_dag.py took 0.074 seconds
[2026-04-25T19:33:54.742+0000] {processor.py:161} INFO - Started process (PID=472) to work on /opt/airflow/dags/dbt_dag.py
[2026-04-25T19:33:54.744+0000] {processor.py:830} INFO - Processing file /opt/airflow/dags/dbt_dag.py for tasks to queue
[2026-04-25T19:33:54.749+0000] {logging_mixin.py:188} INFO - [2026-04-25T19:33:54.749+0000] {dagbag.py:538} INFO - Filling up the DagBag from /opt/airflow/dags/dbt_dag.py
[2026-04-25T19:33:54.770+0000] {processor.py:840} INFO - DAG(s) 'dbt_spam_pipeline' retrieved from /opt/airflow/dags/dbt_dag.py
[2026-04-25T19:33:54.804+0000] {logging_mixin.py:188} INFO - [2026-04-25T19:33:54.804+0000] {dag.py:3036} INFO - Sync 1 DAGs
[2026-04-25T19:33:54.835+0000] {logging_mixin.py:188} INFO - [2026-04-25T19:33:54.835+0000] {dag.py:3823} INFO - Setting next_dagrun for dbt_spam_pipeline to 2026-04-24 00:00:00+00:00, run_after=2026-04-25 00:00:00+00:00
[2026-04-25T19:33:54.860+0000] {processor.py:183} INFO - Processing /opt/airflow/dags/dbt_dag.py took 0.121 seconds
[2026-04-25T19:45:06.552+0000] {processor.py:161} INFO - Started process (PID=479) to work on /opt/airflow/dags/dbt_dag.py
[2026-04-25T19:45:06.555+0000] {processor.py:830} INFO - Processing file /opt/airflow/dags/dbt_dag.py for tasks to queue
[2026-04-25T19:45:06.556+0000] {logging_mixin.py:188} INFO - [2026-04-25T19:45:06.556+0000] {dagbag.py:538} INFO - Filling up the DagBag from /opt/airflow/dags/dbt_dag.py
[2026-04-25T19:45:06.567+0000] {processor.py:840} INFO - DAG(s) 'dbt_spam_pipeline' retrieved from /opt/airflow/dags/dbt_dag.py
[2026-04-25T19:45:06.596+0000] {logging_mixin.py:188} INFO - [2026-04-25T19:45:06.596+0000] {dag.py:3036} INFO - Sync 1 DAGs
[2026-04-25T19:45:06.617+0000] {logging_mixin.py:188} INFO - [2026-04-25T19:45:06.617+0000] {dag.py:3823} INFO - Setting next_dagrun for dbt_spam_pipeline to 2026-04-24 00:00:00+00:00, run_after=2026-04-25 00:00:00+00:00
[2026-04-25T19:45:06.638+0000] {processor.py:183} INFO - Processing /opt/airflow/dags/dbt_dag.py took 0.088 seconds
[2026-04-25T20:12:05.354+0000] {processor.py:161} INFO - Started process (PID=486) to work on /opt/airflow/dags/dbt_dag.py
[2026-04-25T20:12:05.357+0000] {processor.py:830} INFO - Processing file /opt/airflow/dags/dbt_dag.py for tasks to queue
[2026-04-25T20:12:05.359+0000] {logging_mixin.py:188} INFO - [2026-04-25T20:12:05.359+0000] {dagbag.py:538} INFO - Filling up the DagBag from /opt/airflow/dags/dbt_dag.py
[2026-04-25T20:12:05.379+0000] {processor.py:840} INFO - DAG(s) 'dbt_spam_pipeline' retrieved from /opt/airflow/dags/dbt_dag.py
[2026-04-25T20:12:05.415+0000] {logging_mixin.py:188} INFO - [2026-04-25T20:12:05.415+0000] {dag.py:3036} INFO - Sync 1 DAGs
[2026-04-25T20:12:05.441+0000] {logging_mixin.py:188} INFO - [2026-04-25T20:12:05.440+0000] {dag.py:3823} INFO - Setting next_dagrun for dbt_spam_pipeline to 2026-04-24 00:00:00+00:00, run_after=2026-04-25 00:00:00+00:00
[2026-04-25T20:12:05.465+0000] {processor.py:183} INFO - Processing /opt/airflow/dags/dbt_dag.py took 0.114 seconds
[2026-04-25T20:13:01.732+0000] {processor.py:161} INFO - Started process (PID=493) to work on /opt/airflow/dags/dbt_dag.py
[2026-04-25T20:13:01.733+0000] {processor.py:830} INFO - Processing file /opt/airflow/dags/dbt_dag.py for tasks to queue
[2026-04-25T20:13:01.737+0000] {logging_mixin.py:188} INFO - [2026-04-25T20:13:01.737+0000] {dagbag.py:538} INFO - Filling up the DagBag from /opt/airflow/dags/dbt_dag.py
[2026-04-25T20:13:01.749+0000] {processor.py:840} INFO - DAG(s) 'dbt_spam_pipeline' retrieved from /opt/airflow/dags/dbt_dag.py
[2026-04-25T20:13:01.773+0000] {logging_mixin.py:188} INFO - [2026-04-25T20:13:01.772+0000] {dag.py:3036} INFO - Sync 1 DAGs
[2026-04-25T20:13:01.787+0000] {logging_mixin.py:188} INFO - [2026-04-25T20:13:01.787+0000] {dag.py:3823} INFO - Setting next_dagrun for dbt_spam_pipeline to 2026-04-24 00:00:00+00:00, run_after=2026-04-25 00:00:00+00:00
[2026-04-25T20:13:01.804+0000] {processor.py:183} INFO - Processing /opt/airflow/dags/dbt_dag.py took 0.075 seconds
[2026-04-25T20:14:08.650+0000] {processor.py:161} INFO - Started process (PID=500) to work on /opt/airflow/dags/dbt_dag.py
[2026-04-25T20:14:08.652+0000] {processor.py:830} INFO - Processing file /opt/airflow/dags/dbt_dag.py for tasks to queue
[2026-04-25T20:14:08.653+0000] {logging_mixin.py:188} INFO - [2026-04-25T20:14:08.653+0000] {dagbag.py:538} INFO - Filling up the DagBag from /opt/airflow/dags/dbt_dag.py
[2026-04-25T20:14:08.669+0000] {processor.py:840} INFO - DAG(s) 'dbt_spam_pipeline' retrieved from /opt/airflow/dags/dbt_dag.py
[2026-04-25T20:14:08.691+0000] {logging_mixin.py:188} INFO - [2026-04-25T20:14:08.691+0000] {dag.py:3036} INFO - Sync 1 DAGs
[2026-04-25T20:14:08.706+0000] {logging_mixin.py:188} INFO - [2026-04-25T20:14:08.706+0000] {dag.py:3823} INFO - Setting next_dagrun for dbt_spam_pipeline to 2026-04-24 00:00:00+00:00, run_after=2026-04-25 00:00:00+00:00
[2026-04-25T20:14:08.729+0000] {processor.py:183} INFO - Processing /opt/airflow/dags/dbt_dag.py took 0.082 seconds
[2026-04-25T20:15:32.192+0000] {processor.py:161} INFO - Started process (PID=507) to work on /opt/airflow/dags/dbt_dag.py
[2026-04-25T20:15:32.193+0000] {processor.py:830} INFO - Processing file /opt/airflow/dags/dbt_dag.py for tasks to queue
[2026-04-25T20:15:32.198+0000] {logging_mixin.py:188} INFO - [2026-04-25T20:15:32.197+0000] {dagbag.py:538} INFO - Filling up the DagBag from /opt/airflow/dags/dbt_dag.py
[2026-04-25T20:15:32.206+0000] {processor.py:840} INFO - DAG(s) 'dbt_spam_pipeline' retrieved from /opt/airflow/dags/dbt_dag.py
[2026-04-25T20:15:32.230+0000] {logging_mixin.py:188} INFO - [2026-04-25T20:15:32.230+0000] {dag.py:3036} INFO - Sync 1 DAGs
[2026-04-25T20:15:32.245+0000] {logging_mixin.py:188} INFO - [2026-04-25T20:15:32.244+0000] {dag.py:3823} INFO - Setting next_dagrun for dbt_spam_pipeline to 2026-04-24 00:00:00+00:00, run_after=2026-04-25 00:00:00+00:00
[2026-04-25T20:15:32.261+0000] {processor.py:183} INFO - Processing /opt/airflow/dags/dbt_dag.py took 0.072 seconds
[2026-04-25T20:16:16.544+0000] {processor.py:161} INFO - Started process (PID=514) to work on /opt/airflow/dags/dbt_dag.py
[2026-04-25T20:16:16.545+0000] {processor.py:830} INFO - Processing file /opt/airflow/dags/dbt_dag.py for tasks to queue
[2026-04-25T20:16:16.546+0000] {logging_mixin.py:188} INFO - [2026-04-25T20:16:16.546+0000] {dagbag.py:538} INFO - Filling up the DagBag from /opt/airflow/dags/dbt_dag.py
[2026-04-25T20:16:16.556+0000] {processor.py:840} INFO - DAG(s) 'dbt_spam_pipeline' retrieved from /opt/airflow/dags/dbt_dag.py
[2026-04-25T20:16:16.579+0000] {logging_mixin.py:188} INFO - [2026-04-25T20:16:16.578+0000] {dag.py:3036} INFO - Sync 1 DAGs
[2026-04-25T20:16:16.594+0000] {logging_mixin.py:188} INFO - [2026-04-25T20:16:16.594+0000] {dag.py:3823} INFO - Setting next_dagrun for dbt_spam_pipeline to 2026-04-24 00:00:00+00:00, run_after=2026-04-25 00:00:00+00:00
[2026-04-25T20:16:16.605+0000] {processor.py:183} INFO - Processing /opt/airflow/dags/dbt_dag.py took 0.063 seconds
[2026-04-25T20:20:51.050+0000] {processor.py:161} INFO - Started process (PID=521) to work on /opt/airflow/dags/dbt_dag.py
[2026-04-25T20:20:51.053+0000] {processor.py:830} INFO - Processing file /opt/airflow/dags/dbt_dag.py for tasks to queue
[2026-04-25T20:20:51.058+0000] {logging_mixin.py:188} INFO - [2026-04-25T20:20:51.057+0000] {dagbag.py:538} INFO - Filling up the DagBag from /opt/airflow/dags/dbt_dag.py
[2026-04-25T20:20:51.087+0000] {processor.py:840} INFO - DAG(s) 'dbt_spam_pipeline' retrieved from /opt/airflow/dags/dbt_dag.py
[2026-04-25T20:20:51.124+0000] {logging_mixin.py:188} INFO - [2026-04-25T20:20:51.124+0000] {dag.py:3036} INFO - Sync 1 DAGs
[2026-04-25T20:20:51.150+0000] {logging_mixin.py:188} INFO - [2026-04-25T20:20:51.149+0000] {dag.py:3823} INFO - Setting next_dagrun for dbt_spam_pipeline to 2026-04-24 00:00:00+00:00, run_after=2026-04-25 00:00:00+00:00
[2026-04-25T20:20:51.177+0000] {processor.py:183} INFO - Processing /opt/airflow/dags/dbt_dag.py took 0.132 seconds
[2026-04-25T20:21:46.300+0000] {processor.py:161} INFO - Started process (PID=528) to work on /opt/airflow/dags/dbt_dag.py
[2026-04-25T20:21:46.303+0000] {processor.py:830} INFO - Processing file /opt/airflow/dags/dbt_dag.py for tasks to queue
[2026-04-25T20:21:46.304+0000] {logging_mixin.py:188} INFO - [2026-04-25T20:21:46.304+0000] {dagbag.py:538} INFO - Filling up the DagBag from /opt/airflow/dags/dbt_dag.py
[2026-04-25T20:21:46.318+0000] {processor.py:840} INFO - DAG(s) 'dbt_spam_pipeline' retrieved from /opt/airflow/dags/dbt_dag.py
[2026-04-25T20:21:46.340+0000] {logging_mixin.py:188} INFO - [2026-04-25T20:21:46.340+0000] {dag.py:3036} INFO - Sync 1 DAGs
[2026-04-25T20:21:46.355+0000] {logging_mixin.py:188} INFO - [2026-04-25T20:21:46.355+0000] {dag.py:3823} INFO - Setting next_dagrun for dbt_spam_pipeline to 2026-04-24 00:00:00+00:00, run_after=2026-04-25 00:00:00+00:00
[2026-04-25T20:21:46.371+0000] {processor.py:183} INFO - Processing /opt/airflow/dags/dbt_dag.py took 0.073 seconds
[2026-04-25T20:32:43.417+0000] {processor.py:161} INFO - Started process (PID=535) to work on /opt/airflow/dags/dbt_dag.py
[2026-04-25T20:32:43.418+0000] {processor.py:830} INFO - Processing file /opt/airflow/dags/dbt_dag.py for tasks to queue
[2026-04-25T20:32:43.420+0000] {logging_mixin.py:188} INFO - [2026-04-25T20:32:43.420+0000] {dagbag.py:538} INFO - Filling up the DagBag from /opt/airflow/dags/dbt_dag.py
[2026-04-25T20:32:43.432+0000] {processor.py:840} INFO - DAG(s) 'dbt_spam_pipeline' retrieved from /opt/airflow/dags/dbt_dag.py
[2026-04-25T20:32:43.452+0000] {logging_mixin.py:188} INFO - [2026-04-25T20:32:43.451+0000] {dag.py:3036} INFO - Sync 1 DAGs
[2026-04-25T20:32:43.469+0000] {logging_mixin.py:188} INFO - [2026-04-25T20:32:43.469+0000] {dag.py:3823} INFO - Setting next_dagrun for dbt_spam_pipeline to 2026-04-24 00:00:00+00:00, run_after=2026-04-25 00:00:00+00:00
[2026-04-25T20:32:43.483+0000] {processor.py:183} INFO - Processing /opt/airflow/dags/dbt_dag.py took 0.068 seconds
[2026-04-25T21:21:42.818+0000] {processor.py:161} INFO - Started process (PID=542) to work on /opt/airflow/dags/dbt_dag.py
[2026-04-25T21:21:42.820+0000] {processor.py:830} INFO - Processing file /opt/airflow/dags/dbt_dag.py for tasks to queue
[2026-04-25T21:21:42.824+0000] {logging_mixin.py:188} INFO - [2026-04-25T21:21:42.823+0000] {dagbag.py:538} INFO - Filling up the DagBag from /opt/airflow/dags/dbt_dag.py
[2026-04-25T21:21:42.859+0000] {processor.py:840} INFO - DAG(s) 'dbt_spam_pipeline' retrieved from /opt/airflow/dags/dbt_dag.py
[2026-04-25T21:21:42.924+0000] {logging_mixin.py:188} INFO - [2026-04-25T21:21:42.923+0000] {dag.py:3036} INFO - Sync 1 DAGs
[2026-04-25T21:21:43.329+0000] {logging_mixin.py:188} INFO - [2026-04-25T21:21:43.327+0000] {dag.py:3823} INFO - Setting next_dagrun for dbt_spam_pipeline to 2026-04-24 00:00:00+00:00, run_after=2026-04-25 00:00:00+00:00
[2026-04-25T21:21:43.455+0000] {processor.py:183} INFO - Processing /opt/airflow/dags/dbt_dag.py took 0.642 seconds
[2026-04-25T21:22:14.812+0000] {processor.py:161} INFO - Started process (PID=549) to work on /opt/airflow/dags/dbt_dag.py
[2026-04-25T21:22:14.813+0000] {processor.py:830} INFO - Processing file /opt/airflow/dags/dbt_dag.py for tasks to queue
[2026-04-25T21:22:14.816+0000] {logging_mixin.py:188} INFO - [2026-04-25T21:22:14.816+0000] {dagbag.py:538} INFO - Filling up the DagBag from /opt/airflow/dags/dbt_dag.py
[2026-04-25T21:22:14.829+0000] {processor.py:840} INFO - DAG(s) 'dbt_spam_pipeline' retrieved from /opt/airflow/dags/dbt_dag.py
[2026-04-25T21:22:14.847+0000] {logging_mixin.py:188} INFO - [2026-04-25T21:22:14.847+0000] {dag.py:3036} INFO - Sync 1 DAGs
[2026-04-25T21:22:14.863+0000] {logging_mixin.py:188} INFO - [2026-04-25T21:22:14.863+0000] {dag.py:3823} INFO - Setting next_dagrun for dbt_spam_pipeline to 2026-04-24 00:00:00+00:00, run_after=2026-04-25 00:00:00+00:00
[2026-04-25T21:22:14.878+0000] {processor.py:183} INFO - Processing /opt/airflow/dags/dbt_dag.py took 0.070 seconds
[2026-04-25T22:11:56.921+0000] {processor.py:161} INFO - Started process (PID=556) to work on /opt/airflow/dags/dbt_dag.py
[2026-04-25T22:11:56.924+0000] {processor.py:830} INFO - Processing file /opt/airflow/dags/dbt_dag.py for tasks to queue
[2026-04-25T22:11:56.928+0000] {logging_mixin.py:188} INFO - [2026-04-25T22:11:56.928+0000] {dagbag.py:538} INFO - Filling up the DagBag from /opt/airflow/dags/dbt_dag.py
[2026-04-25T22:11:56.940+0000] {processor.py:840} INFO - DAG(s) 'dbt_spam_pipeline' retrieved from /opt/airflow/dags/dbt_dag.py
[2026-04-25T22:11:56.964+0000] {logging_mixin.py:188} INFO - [2026-04-25T22:11:56.964+0000] {dag.py:3036} INFO - Sync 1 DAGs
[2026-04-25T22:11:56.985+0000] {logging_mixin.py:188} INFO - [2026-04-25T22:11:56.985+0000] {dag.py:3823} INFO - Setting next_dagrun for dbt_spam_pipeline to 2026-04-24 00:00:00+00:00, run_after=2026-04-25 00:00:00+00:00
[2026-04-25T22:11:57.006+0000] {processor.py:183} INFO - Processing /opt/airflow/dags/dbt_dag.py took 0.088 seconds
[2026-04-25T22:12:27.606+0000] {processor.py:161} INFO - Started process (PID=563) to work on /opt/airflow/dags/dbt_dag.py
[2026-04-25T22:12:27.606+0000] {processor.py:830} INFO - Processing file /opt/airflow/dags/dbt_dag.py for tasks to queue
[2026-04-25T22:12:27.609+0000] {logging_mixin.py:188} INFO - [2026-04-25T22:12:27.609+0000] {dagbag.py:538} INFO - Filling up the DagBag from /opt/airflow/dags/dbt_dag.py
[2026-04-25T22:12:27.622+0000] {processor.py:840} INFO - DAG(s) 'dbt_spam_pipeline' retrieved from /opt/airflow/dags/dbt_dag.py
[2026-04-25T22:12:27.642+0000] {logging_mixin.py:188} INFO - [2026-04-25T22:12:27.642+0000] {dag.py:3036} INFO - Sync 1 DAGs
[2026-04-25T22:12:27.657+0000] {logging_mixin.py:188} INFO - [2026-04-25T22:12:27.657+0000] {dag.py:3823} INFO - Setting next_dagrun for dbt_spam_pipeline to 2026-04-24 00:00:00+00:00, run_after=2026-04-25 00:00:00+00:00
[2026-04-25T22:12:27.673+0000] {processor.py:183} INFO - Processing /opt/airflow/dags/dbt_dag.py took 0.069 seconds
[2026-04-25T22:39:08.315+0000] {processor.py:161} INFO - Started process (PID=570) to work on /opt/airflow/dags/dbt_dag.py
[2026-04-25T22:39:08.317+0000] {processor.py:830} INFO - Processing file /opt/airflow/dags/dbt_dag.py for tasks to queue
[2026-04-25T22:39:08.319+0000] {logging_mixin.py:188} INFO - [2026-04-25T22:39:08.319+0000] {dagbag.py:538} INFO - Filling up the DagBag from /opt/airflow/dags/dbt_dag.py
[2026-04-25T22:39:08.326+0000] {processor.py:840} INFO - DAG(s) 'dbt_spam_pipeline' retrieved from /opt/airflow/dags/dbt_dag.py
[2026-04-25T22:39:08.346+0000] {logging_mixin.py:188} INFO - [2026-04-25T22:39:08.346+0000] {dag.py:3036} INFO - Sync 1 DAGs
[2026-04-25T22:39:08.359+0000] {logging_mixin.py:188} INFO - [2026-04-25T22:39:08.359+0000] {dag.py:3823} INFO - Setting next_dagrun for dbt_spam_pipeline to 2026-04-24 00:00:00+00:00, run_after=2026-04-25 00:00:00+00:00
[2026-04-25T22:39:08.378+0000] {processor.py:183} INFO - Processing /opt/airflow/dags/dbt_dag.py took 0.066 seconds
[2026-04-25T23:23:47.857+0000] {processor.py:161} INFO - Started process (PID=577) to work on /opt/airflow/dags/dbt_dag.py
[2026-04-25T23:23:47.860+0000] {processor.py:830} INFO - Processing file /opt/airflow/dags/dbt_dag.py for tasks to queue
[2026-04-25T23:23:47.864+0000] {logging_mixin.py:188} INFO - [2026-04-25T23:23:47.863+0000] {dagbag.py:538} INFO - Filling up the DagBag from /opt/airflow/dags/dbt_dag.py
[2026-04-25T23:23:47.882+0000] {processor.py:840} INFO - DAG(s) 'dbt_spam_pipeline' retrieved from /opt/airflow/dags/dbt_dag.py
[2026-04-25T23:23:47.914+0000] {logging_mixin.py:188} INFO - [2026-04-25T23:23:47.913+0000] {dag.py:3036} INFO - Sync 1 DAGs
[2026-04-25T23:23:47.939+0000] {logging_mixin.py:188} INFO - [2026-04-25T23:23:47.939+0000] {dag.py:3823} INFO - Setting next_dagrun for dbt_spam_pipeline to 2026-04-24 00:00:00+00:00, run_after=2026-04-25 00:00:00+00:00
[2026-04-25T23:23:47.967+0000] {processor.py:183} INFO - Processing /opt/airflow/dags/dbt_dag.py took 0.115 seconds
[2026-04-25T23:31:20.735+0000] {processor.py:161} INFO - Started process (PID=584) to work on /opt/airflow/dags/dbt_dag.py
[2026-04-25T23:31:20.738+0000] {processor.py:830} INFO - Processing file /opt/airflow/dags/dbt_dag.py for tasks to queue
[2026-04-25T23:31:20.739+0000] {logging_mixin.py:188} INFO - [2026-04-25T23:31:20.739+0000] {dagbag.py:538} INFO - Filling up the DagBag from /opt/airflow/dags/dbt_dag.py
[2026-04-25T23:31:20.749+0000] {processor.py:840} INFO - DAG(s) 'dbt_spam_pipeline' retrieved from /opt/airflow/dags/dbt_dag.py
[2026-04-25T23:31:20.769+0000] {logging_mixin.py:188} INFO - [2026-04-25T23:31:20.769+0000] {dag.py:3036} INFO - Sync 1 DAGs
[2026-04-25T23:31:20.784+0000] {logging_mixin.py:188} INFO - [2026-04-25T23:31:20.784+0000] {dag.py:3823} INFO - Setting next_dagrun for dbt_spam_pipeline to 2026-04-24 00:00:00+00:00, run_after=2026-04-25 00:00:00+00:00
[2026-04-25T23:31:20.803+0000] {processor.py:183} INFO - Processing /opt/airflow/dags/dbt_dag.py took 0.070 seconds
[2026-04-25T23:34:47.643+0000] {processor.py:161} INFO - Started process (PID=591) to work on /opt/airflow/dags/dbt_dag.py
[2026-04-25T23:34:47.645+0000] {processor.py:830} INFO - Processing file /opt/airflow/dags/dbt_dag.py for tasks to queue
[2026-04-25T23:34:47.646+0000] {logging_mixin.py:188} INFO - [2026-04-25T23:34:47.646+0000] {dagbag.py:538} INFO - Filling up the DagBag from /opt/airflow/dags/dbt_dag.py
[2026-04-25T23:34:47.656+0000] {processor.py:840} INFO - DAG(s) 'dbt_spam_pipeline' retrieved from /opt/airflow/dags/dbt_dag.py
[2026-04-25T23:34:47.677+0000] {logging_mixin.py:188} INFO - [2026-04-25T23:34:47.677+0000] {dag.py:3036} INFO - Sync 1 DAGs
[2026-04-25T23:34:47.692+0000] {logging_mixin.py:188} INFO - [2026-04-25T23:34:47.692+0000] {dag.py:3823} INFO - Setting next_dagrun for dbt_spam_pipeline to 2026-04-24 00:00:00+00:00, run_after=2026-04-25 00:00:00+00:00
[2026-04-25T23:34:47.711+0000] {processor.py:183} INFO - Processing /opt/airflow/dags/dbt_dag.py took 0.070 seconds
