[2026-04-25T05:21:02.099+0000] {processor.py:161} INFO - Started process (PID=40) to work on /opt/airflow/dags/hello_goodbye_dag.py
[2026-04-25T05:21:02.100+0000] {processor.py:830} INFO - Processing file /opt/airflow/dags/hello_goodbye_dag.py for tasks to queue
[2026-04-25T05:21:02.102+0000] {logging_mixin.py:188} INFO - [2026-04-25T05:21:02.102+0000] {dagbag.py:538} INFO - Filling up the DagBag from /opt/airflow/dags/hello_goodbye_dag.py
[2026-04-25T05:21:02.112+0000] {processor.py:840} INFO - DAG(s) 'hello_goodbye_dag' retrieved from /opt/airflow/dags/hello_goodbye_dag.py
[2026-04-25T05:21:02.123+0000] {logging_mixin.py:188} INFO - [2026-04-25T05:21:02.122+0000] {dag.py:3036} INFO - Sync 1 DAGs
[2026-04-25T05:21:02.132+0000] {logging_mixin.py:188} INFO - [2026-04-25T05:21:02.131+0000] {dag.py:3823} INFO - Setting next_dagrun for hello_goodbye_dag to None, run_after=None
[2026-04-25T05:21:02.144+0000] {processor.py:183} INFO - Processing /opt/airflow/dags/hello_goodbye_dag.py took 0.047 seconds
[2026-04-25T05:21:32.704+0000] {processor.py:161} INFO - Started process (PID=47) to work on /opt/airflow/dags/hello_goodbye_dag.py
[2026-04-25T05:21:32.705+0000] {processor.py:830} INFO - Processing file /opt/airflow/dags/hello_goodbye_dag.py for tasks to queue
[2026-04-25T05:21:32.706+0000] {logging_mixin.py:188} INFO - [2026-04-25T05:21:32.706+0000] {dagbag.py:538} INFO - Filling up the DagBag from /opt/airflow/dags/hello_goodbye_dag.py
[2026-04-25T05:21:32.712+0000] {processor.py:840} INFO - DAG(s) 'hello_goodbye_dag' retrieved from /opt/airflow/dags/hello_goodbye_dag.py
[2026-04-25T05:21:32.772+0000] {logging_mixin.py:188} INFO - [2026-04-25T05:21:32.771+0000] {dag.py:3036} INFO - Sync 1 DAGs
[2026-04-25T05:21:32.778+0000] {logging_mixin.py:188} INFO - [2026-04-25T05:21:32.777+0000] {dag.py:3823} INFO - Setting next_dagrun for hello_goodbye_dag to None, run_after=None
[2026-04-25T05:21:32.788+0000] {processor.py:183} INFO - Processing /opt/airflow/dags/hello_goodbye_dag.py took 0.086 seconds
[2026-04-25T05:22:03.379+0000] {processor.py:161} INFO - Started process (PID=54) to work on /opt/airflow/dags/hello_goodbye_dag.py
[2026-04-25T05:22:03.380+0000] {processor.py:830} INFO - Processing file /opt/airflow/dags/hello_goodbye_dag.py for tasks to queue
[2026-04-25T05:22:03.381+0000] {logging_mixin.py:188} INFO - [2026-04-25T05:22:03.381+0000] {dagbag.py:538} INFO - Filling up the DagBag from /opt/airflow/dags/hello_goodbye_dag.py
[2026-04-25T05:22:03.387+0000] {processor.py:840} INFO - DAG(s) 'hello_goodbye_dag' retrieved from /opt/airflow/dags/hello_goodbye_dag.py
[2026-04-25T05:22:03.403+0000] {logging_mixin.py:188} INFO - [2026-04-25T05:22:03.403+0000] {dag.py:3036} INFO - Sync 1 DAGs
[2026-04-25T05:22:03.410+0000] {logging_mixin.py:188} INFO - [2026-04-25T05:22:03.410+0000] {dag.py:3823} INFO - Setting next_dagrun for hello_goodbye_dag to None, run_after=None
[2026-04-25T05:22:03.419+0000] {processor.py:183} INFO - Processing /opt/airflow/dags/hello_goodbye_dag.py took 0.042 seconds
[2026-04-25T05:22:33.964+0000] {processor.py:161} INFO - Started process (PID=61) to work on /opt/airflow/dags/hello_goodbye_dag.py
[2026-04-25T05:22:33.965+0000] {processor.py:830} INFO - Processing file /opt/airflow/dags/hello_goodbye_dag.py for tasks to queue
[2026-04-25T05:22:33.966+0000] {logging_mixin.py:188} INFO - [2026-04-25T05:22:33.966+0000] {dagbag.py:538} INFO - Filling up the DagBag from /opt/airflow/dags/hello_goodbye_dag.py
[2026-04-25T05:22:33.972+0000] {processor.py:840} INFO - DAG(s) 'hello_goodbye_dag' retrieved from /opt/airflow/dags/hello_goodbye_dag.py
[2026-04-25T05:22:33.988+0000] {logging_mixin.py:188} INFO - [2026-04-25T05:22:33.988+0000] {dag.py:3036} INFO - Sync 1 DAGs
[2026-04-25T05:22:33.995+0000] {logging_mixin.py:188} INFO - [2026-04-25T05:22:33.994+0000] {dag.py:3823} INFO - Setting next_dagrun for hello_goodbye_dag to None, run_after=None
[2026-04-25T05:22:34.004+0000] {processor.py:183} INFO - Processing /opt/airflow/dags/hello_goodbye_dag.py took 0.042 seconds
[2026-04-25T05:23:04.546+0000] {processor.py:161} INFO - Started process (PID=68) to work on /opt/airflow/dags/hello_goodbye_dag.py
[2026-04-25T05:23:04.547+0000] {processor.py:830} INFO - Processing file /opt/airflow/dags/hello_goodbye_dag.py for tasks to queue
[2026-04-25T05:23:04.549+0000] {logging_mixin.py:188} INFO - [2026-04-25T05:23:04.548+0000] {dagbag.py:538} INFO - Filling up the DagBag from /opt/airflow/dags/hello_goodbye_dag.py
[2026-04-25T05:23:04.554+0000] {processor.py:840} INFO - DAG(s) 'hello_goodbye_dag' retrieved from /opt/airflow/dags/hello_goodbye_dag.py
[2026-04-25T05:23:04.572+0000] {logging_mixin.py:188} INFO - [2026-04-25T05:23:04.572+0000] {dag.py:3036} INFO - Sync 1 DAGs
[2026-04-25T05:23:04.580+0000] {logging_mixin.py:188} INFO - [2026-04-25T05:23:04.580+0000] {dag.py:3823} INFO - Setting next_dagrun for hello_goodbye_dag to None, run_after=None
[2026-04-25T05:23:04.591+0000] {processor.py:183} INFO - Processing /opt/airflow/dags/hello_goodbye_dag.py took 0.047 seconds
[2026-04-25T05:23:35.159+0000] {processor.py:161} INFO - Started process (PID=75) to work on /opt/airflow/dags/hello_goodbye_dag.py
[2026-04-25T05:23:35.160+0000] {processor.py:830} INFO - Processing file /opt/airflow/dags/hello_goodbye_dag.py for tasks to queue
[2026-04-25T05:23:35.162+0000] {logging_mixin.py:188} INFO - [2026-04-25T05:23:35.162+0000] {dagbag.py:538} INFO - Filling up the DagBag from /opt/airflow/dags/hello_goodbye_dag.py
[2026-04-25T05:23:35.170+0000] {processor.py:840} INFO - DAG(s) 'hello_goodbye_dag' retrieved from /opt/airflow/dags/hello_goodbye_dag.py
[2026-04-25T05:23:35.189+0000] {logging_mixin.py:188} INFO - [2026-04-25T05:23:35.188+0000] {dag.py:3036} INFO - Sync 1 DAGs
[2026-04-25T05:23:35.201+0000] {logging_mixin.py:188} INFO - [2026-04-25T05:23:35.201+0000] {dag.py:3823} INFO - Setting next_dagrun for hello_goodbye_dag to None, run_after=None
[2026-04-25T05:23:35.221+0000] {processor.py:183} INFO - Processing /opt/airflow/dags/hello_goodbye_dag.py took 0.064 seconds
[2026-04-25T05:24:05.751+0000] {processor.py:161} INFO - Started process (PID=82) to work on /opt/airflow/dags/hello_goodbye_dag.py
[2026-04-25T05:24:05.752+0000] {processor.py:830} INFO - Processing file /opt/airflow/dags/hello_goodbye_dag.py for tasks to queue
[2026-04-25T05:24:05.754+0000] {logging_mixin.py:188} INFO - [2026-04-25T05:24:05.754+0000] {dagbag.py:538} INFO - Filling up the DagBag from /opt/airflow/dags/hello_goodbye_dag.py
[2026-04-25T05:24:05.762+0000] {processor.py:840} INFO - DAG(s) 'hello_goodbye_dag' retrieved from /opt/airflow/dags/hello_goodbye_dag.py
[2026-04-25T05:24:05.786+0000] {logging_mixin.py:188} INFO - [2026-04-25T05:24:05.785+0000] {dag.py:3036} INFO - Sync 1 DAGs
[2026-04-25T05:24:05.794+0000] {logging_mixin.py:188} INFO - [2026-04-25T05:24:05.794+0000] {dag.py:3823} INFO - Setting next_dagrun for hello_goodbye_dag to None, run_after=None
[2026-04-25T05:24:05.813+0000] {processor.py:183} INFO - Processing /opt/airflow/dags/hello_goodbye_dag.py took 0.064 seconds
[2026-04-25T05:24:36.329+0000] {processor.py:161} INFO - Started process (PID=89) to work on /opt/airflow/dags/hello_goodbye_dag.py
[2026-04-25T05:24:36.330+0000] {processor.py:830} INFO - Processing file /opt/airflow/dags/hello_goodbye_dag.py for tasks to queue
[2026-04-25T05:24:36.332+0000] {logging_mixin.py:188} INFO - [2026-04-25T05:24:36.331+0000] {dagbag.py:538} INFO - Filling up the DagBag from /opt/airflow/dags/hello_goodbye_dag.py
[2026-04-25T05:24:36.337+0000] {processor.py:840} INFO - DAG(s) 'hello_goodbye_dag' retrieved from /opt/airflow/dags/hello_goodbye_dag.py
[2026-04-25T05:24:36.354+0000] {logging_mixin.py:188} INFO - [2026-04-25T05:24:36.354+0000] {dag.py:3036} INFO - Sync 1 DAGs
[2026-04-25T05:24:36.361+0000] {logging_mixin.py:188} INFO - [2026-04-25T05:24:36.361+0000] {dag.py:3823} INFO - Setting next_dagrun for hello_goodbye_dag to None, run_after=None
[2026-04-25T05:24:36.372+0000] {processor.py:183} INFO - Processing /opt/airflow/dags/hello_goodbye_dag.py took 0.045 seconds
[2026-04-25T05:25:06.872+0000] {processor.py:161} INFO - Started process (PID=96) to work on /opt/airflow/dags/hello_goodbye_dag.py
[2026-04-25T05:25:06.873+0000] {processor.py:830} INFO - Processing file /opt/airflow/dags/hello_goodbye_dag.py for tasks to queue
[2026-04-25T05:25:06.874+0000] {logging_mixin.py:188} INFO - [2026-04-25T05:25:06.874+0000] {dagbag.py:538} INFO - Filling up the DagBag from /opt/airflow/dags/hello_goodbye_dag.py
[2026-04-25T05:25:06.880+0000] {processor.py:840} INFO - DAG(s) 'hello_goodbye_dag' retrieved from /opt/airflow/dags/hello_goodbye_dag.py
[2026-04-25T05:25:06.896+0000] {logging_mixin.py:188} INFO - [2026-04-25T05:25:06.896+0000] {dag.py:3036} INFO - Sync 1 DAGs
[2026-04-25T05:25:06.903+0000] {logging_mixin.py:188} INFO - [2026-04-25T05:25:06.903+0000] {dag.py:3823} INFO - Setting next_dagrun for hello_goodbye_dag to None, run_after=None
[2026-04-25T05:25:06.913+0000] {processor.py:183} INFO - Processing /opt/airflow/dags/hello_goodbye_dag.py took 0.043 seconds
[2026-04-25T05:25:37.565+0000] {processor.py:161} INFO - Started process (PID=103) to work on /opt/airflow/dags/hello_goodbye_dag.py
[2026-04-25T05:25:37.566+0000] {processor.py:830} INFO - Processing file /opt/airflow/dags/hello_goodbye_dag.py for tasks to queue
[2026-04-25T05:25:37.567+0000] {logging_mixin.py:188} INFO - [2026-04-25T05:25:37.567+0000] {dagbag.py:538} INFO - Filling up the DagBag from /opt/airflow/dags/hello_goodbye_dag.py
[2026-04-25T05:25:37.574+0000] {processor.py:840} INFO - DAG(s) 'hello_goodbye_dag' retrieved from /opt/airflow/dags/hello_goodbye_dag.py
[2026-04-25T05:25:37.593+0000] {logging_mixin.py:188} INFO - [2026-04-25T05:25:37.593+0000] {dag.py:3036} INFO - Sync 1 DAGs
[2026-04-25T05:25:37.601+0000] {logging_mixin.py:188} INFO - [2026-04-25T05:25:37.601+0000] {dag.py:3823} INFO - Setting next_dagrun for hello_goodbye_dag to None, run_after=None
[2026-04-25T05:25:37.613+0000] {processor.py:183} INFO - Processing /opt/airflow/dags/hello_goodbye_dag.py took 0.051 seconds
[2026-04-25T05:26:08.244+0000] {processor.py:161} INFO - Started process (PID=110) to work on /opt/airflow/dags/hello_goodbye_dag.py
[2026-04-25T05:26:08.245+0000] {processor.py:830} INFO - Processing file /opt/airflow/dags/hello_goodbye_dag.py for tasks to queue
[2026-04-25T05:26:08.246+0000] {logging_mixin.py:188} INFO - [2026-04-25T05:26:08.246+0000] {dagbag.py:538} INFO - Filling up the DagBag from /opt/airflow/dags/hello_goodbye_dag.py
[2026-04-25T05:26:08.253+0000] {processor.py:840} INFO - DAG(s) 'hello_goodbye_dag' retrieved from /opt/airflow/dags/hello_goodbye_dag.py
[2026-04-25T05:26:08.269+0000] {logging_mixin.py:188} INFO - [2026-04-25T05:26:08.269+0000] {dag.py:3036} INFO - Sync 1 DAGs
[2026-04-25T05:26:08.276+0000] {logging_mixin.py:188} INFO - [2026-04-25T05:26:08.276+0000] {dag.py:3823} INFO - Setting next_dagrun for hello_goodbye_dag to None, run_after=None
[2026-04-25T05:26:08.287+0000] {processor.py:183} INFO - Processing /opt/airflow/dags/hello_goodbye_dag.py took 0.045 seconds
[2026-04-25T05:26:38.778+0000] {processor.py:161} INFO - Started process (PID=117) to work on /opt/airflow/dags/hello_goodbye_dag.py
[2026-04-25T05:26:38.779+0000] {processor.py:830} INFO - Processing file /opt/airflow/dags/hello_goodbye_dag.py for tasks to queue
[2026-04-25T05:26:38.780+0000] {logging_mixin.py:188} INFO - [2026-04-25T05:26:38.780+0000] {dagbag.py:538} INFO - Filling up the DagBag from /opt/airflow/dags/hello_goodbye_dag.py
[2026-04-25T05:26:38.787+0000] {processor.py:840} INFO - DAG(s) 'hello_goodbye_dag' retrieved from /opt/airflow/dags/hello_goodbye_dag.py
[2026-04-25T05:26:38.804+0000] {logging_mixin.py:188} INFO - [2026-04-25T05:26:38.803+0000] {dag.py:3036} INFO - Sync 1 DAGs
[2026-04-25T05:26:38.811+0000] {logging_mixin.py:188} INFO - [2026-04-25T05:26:38.810+0000] {dag.py:3823} INFO - Setting next_dagrun for hello_goodbye_dag to None, run_after=None
[2026-04-25T05:26:38.820+0000] {processor.py:183} INFO - Processing /opt/airflow/dags/hello_goodbye_dag.py took 0.044 seconds
[2026-04-25T05:27:09.374+0000] {processor.py:161} INFO - Started process (PID=124) to work on /opt/airflow/dags/hello_goodbye_dag.py
[2026-04-25T05:27:09.375+0000] {processor.py:830} INFO - Processing file /opt/airflow/dags/hello_goodbye_dag.py for tasks to queue
[2026-04-25T05:27:09.377+0000] {logging_mixin.py:188} INFO - [2026-04-25T05:27:09.376+0000] {dagbag.py:538} INFO - Filling up the DagBag from /opt/airflow/dags/hello_goodbye_dag.py
[2026-04-25T05:27:09.383+0000] {processor.py:840} INFO - DAG(s) 'hello_goodbye_dag' retrieved from /opt/airflow/dags/hello_goodbye_dag.py
[2026-04-25T05:27:09.408+0000] {logging_mixin.py:188} INFO - [2026-04-25T05:27:09.407+0000] {dag.py:3036} INFO - Sync 1 DAGs
[2026-04-25T05:27:09.418+0000] {logging_mixin.py:188} INFO - [2026-04-25T05:27:09.418+0000] {dag.py:3823} INFO - Setting next_dagrun for hello_goodbye_dag to None, run_after=None
[2026-04-25T05:27:09.432+0000] {processor.py:183} INFO - Processing /opt/airflow/dags/hello_goodbye_dag.py took 0.061 seconds
[2026-04-25T05:27:39.892+0000] {processor.py:161} INFO - Started process (PID=131) to work on /opt/airflow/dags/hello_goodbye_dag.py
[2026-04-25T05:27:39.893+0000] {processor.py:830} INFO - Processing file /opt/airflow/dags/hello_goodbye_dag.py for tasks to queue
[2026-04-25T05:27:39.895+0000] {logging_mixin.py:188} INFO - [2026-04-25T05:27:39.895+0000] {dagbag.py:538} INFO - Filling up the DagBag from /opt/airflow/dags/hello_goodbye_dag.py
[2026-04-25T05:27:39.903+0000] {processor.py:840} INFO - DAG(s) 'hello_goodbye_dag' retrieved from /opt/airflow/dags/hello_goodbye_dag.py
[2026-04-25T05:27:39.922+0000] {logging_mixin.py:188} INFO - [2026-04-25T05:27:39.922+0000] {dag.py:3036} INFO - Sync 1 DAGs
[2026-04-25T05:27:39.930+0000] {logging_mixin.py:188} INFO - [2026-04-25T05:27:39.930+0000] {dag.py:3823} INFO - Setting next_dagrun for hello_goodbye_dag to None, run_after=None
[2026-04-25T05:27:39.948+0000] {processor.py:183} INFO - Processing /opt/airflow/dags/hello_goodbye_dag.py took 0.059 seconds
[2026-04-25T05:28:10.495+0000] {processor.py:161} INFO - Started process (PID=138) to work on /opt/airflow/dags/hello_goodbye_dag.py
[2026-04-25T05:28:10.496+0000] {processor.py:830} INFO - Processing file /opt/airflow/dags/hello_goodbye_dag.py for tasks to queue
[2026-04-25T05:28:10.497+0000] {logging_mixin.py:188} INFO - [2026-04-25T05:28:10.497+0000] {dagbag.py:538} INFO - Filling up the DagBag from /opt/airflow/dags/hello_goodbye_dag.py
[2026-04-25T05:28:10.503+0000] {processor.py:840} INFO - DAG(s) 'hello_goodbye_dag' retrieved from /opt/airflow/dags/hello_goodbye_dag.py
[2026-04-25T05:28:10.520+0000] {logging_mixin.py:188} INFO - [2026-04-25T05:28:10.520+0000] {dag.py:3036} INFO - Sync 1 DAGs
[2026-04-25T05:28:10.527+0000] {logging_mixin.py:188} INFO - [2026-04-25T05:28:10.527+0000] {dag.py:3823} INFO - Setting next_dagrun for hello_goodbye_dag to None, run_after=None
[2026-04-25T05:28:10.539+0000] {processor.py:183} INFO - Processing /opt/airflow/dags/hello_goodbye_dag.py took 0.046 seconds
[2026-04-25T05:28:41.119+0000] {processor.py:161} INFO - Started process (PID=145) to work on /opt/airflow/dags/hello_goodbye_dag.py
[2026-04-25T05:28:41.120+0000] {processor.py:830} INFO - Processing file /opt/airflow/dags/hello_goodbye_dag.py for tasks to queue
[2026-04-25T05:28:41.121+0000] {logging_mixin.py:188} INFO - [2026-04-25T05:28:41.121+0000] {dagbag.py:538} INFO - Filling up the DagBag from /opt/airflow/dags/hello_goodbye_dag.py
[2026-04-25T05:28:41.127+0000] {processor.py:840} INFO - DAG(s) 'hello_goodbye_dag' retrieved from /opt/airflow/dags/hello_goodbye_dag.py
[2026-04-25T05:28:41.143+0000] {logging_mixin.py:188} INFO - [2026-04-25T05:28:41.142+0000] {dag.py:3036} INFO - Sync 1 DAGs
[2026-04-25T05:28:41.149+0000] {logging_mixin.py:188} INFO - [2026-04-25T05:28:41.149+0000] {dag.py:3823} INFO - Setting next_dagrun for hello_goodbye_dag to None, run_after=None
[2026-04-25T05:28:41.159+0000] {processor.py:183} INFO - Processing /opt/airflow/dags/hello_goodbye_dag.py took 0.041 seconds
[2026-04-25T05:29:11.731+0000] {processor.py:161} INFO - Started process (PID=152) to work on /opt/airflow/dags/hello_goodbye_dag.py
[2026-04-25T05:29:11.732+0000] {processor.py:830} INFO - Processing file /opt/airflow/dags/hello_goodbye_dag.py for tasks to queue
[2026-04-25T05:29:11.733+0000] {logging_mixin.py:188} INFO - [2026-04-25T05:29:11.733+0000] {dagbag.py:538} INFO - Filling up the DagBag from /opt/airflow/dags/hello_goodbye_dag.py
[2026-04-25T05:29:11.740+0000] {processor.py:840} INFO - DAG(s) 'hello_goodbye_dag' retrieved from /opt/airflow/dags/hello_goodbye_dag.py
[2026-04-25T05:29:11.758+0000] {logging_mixin.py:188} INFO - [2026-04-25T05:29:11.758+0000] {dag.py:3036} INFO - Sync 1 DAGs
[2026-04-25T05:29:11.766+0000] {logging_mixin.py:188} INFO - [2026-04-25T05:29:11.766+0000] {dag.py:3823} INFO - Setting next_dagrun for hello_goodbye_dag to None, run_after=None
[2026-04-25T05:29:11.780+0000] {processor.py:183} INFO - Processing /opt/airflow/dags/hello_goodbye_dag.py took 0.052 seconds
[2026-04-25T05:29:42.352+0000] {processor.py:161} INFO - Started process (PID=159) to work on /opt/airflow/dags/hello_goodbye_dag.py
[2026-04-25T05:29:42.353+0000] {processor.py:830} INFO - Processing file /opt/airflow/dags/hello_goodbye_dag.py for tasks to queue
[2026-04-25T05:29:42.355+0000] {logging_mixin.py:188} INFO - [2026-04-25T05:29:42.354+0000] {dagbag.py:538} INFO - Filling up the DagBag from /opt/airflow/dags/hello_goodbye_dag.py
[2026-04-25T05:29:42.361+0000] {processor.py:840} INFO - DAG(s) 'hello_goodbye_dag' retrieved from /opt/airflow/dags/hello_goodbye_dag.py
[2026-04-25T05:29:42.377+0000] {logging_mixin.py:188} INFO - [2026-04-25T05:29:42.377+0000] {dag.py:3036} INFO - Sync 1 DAGs
[2026-04-25T05:29:42.384+0000] {logging_mixin.py:188} INFO - [2026-04-25T05:29:42.384+0000] {dag.py:3823} INFO - Setting next_dagrun for hello_goodbye_dag to None, run_after=None
[2026-04-25T05:29:42.394+0000] {processor.py:183} INFO - Processing /opt/airflow/dags/hello_goodbye_dag.py took 0.044 seconds
[2026-04-25T05:30:12.921+0000] {processor.py:161} INFO - Started process (PID=166) to work on /opt/airflow/dags/hello_goodbye_dag.py
[2026-04-25T05:30:12.923+0000] {processor.py:830} INFO - Processing file /opt/airflow/dags/hello_goodbye_dag.py for tasks to queue
[2026-04-25T05:30:12.925+0000] {logging_mixin.py:188} INFO - [2026-04-25T05:30:12.924+0000] {dagbag.py:538} INFO - Filling up the DagBag from /opt/airflow/dags/hello_goodbye_dag.py
[2026-04-25T05:30:12.935+0000] {processor.py:840} INFO - DAG(s) 'hello_goodbye_dag' retrieved from /opt/airflow/dags/hello_goodbye_dag.py
[2026-04-25T05:30:12.959+0000] {logging_mixin.py:188} INFO - [2026-04-25T05:30:12.959+0000] {dag.py:3036} INFO - Sync 1 DAGs
[2026-04-25T05:30:12.969+0000] {logging_mixin.py:188} INFO - [2026-04-25T05:30:12.969+0000] {dag.py:3823} INFO - Setting next_dagrun for hello_goodbye_dag to None, run_after=None
[2026-04-25T05:30:12.983+0000] {processor.py:183} INFO - Processing /opt/airflow/dags/hello_goodbye_dag.py took 0.065 seconds
[2026-04-25T05:30:43.458+0000] {processor.py:161} INFO - Started process (PID=173) to work on /opt/airflow/dags/hello_goodbye_dag.py
[2026-04-25T05:30:43.458+0000] {processor.py:830} INFO - Processing file /opt/airflow/dags/hello_goodbye_dag.py for tasks to queue
[2026-04-25T05:30:43.460+0000] {logging_mixin.py:188} INFO - [2026-04-25T05:30:43.460+0000] {dagbag.py:538} INFO - Filling up the DagBag from /opt/airflow/dags/hello_goodbye_dag.py
[2026-04-25T05:30:43.466+0000] {processor.py:840} INFO - DAG(s) 'hello_goodbye_dag' retrieved from /opt/airflow/dags/hello_goodbye_dag.py
[2026-04-25T05:30:43.485+0000] {logging_mixin.py:188} INFO - [2026-04-25T05:30:43.484+0000] {dag.py:3036} INFO - Sync 1 DAGs
[2026-04-25T05:30:43.494+0000] {logging_mixin.py:188} INFO - [2026-04-25T05:30:43.493+0000] {dag.py:3823} INFO - Setting next_dagrun for hello_goodbye_dag to None, run_after=None
[2026-04-25T05:30:43.505+0000] {processor.py:183} INFO - Processing /opt/airflow/dags/hello_goodbye_dag.py took 0.050 seconds
[2026-04-25T05:31:14.115+0000] {processor.py:161} INFO - Started process (PID=180) to work on /opt/airflow/dags/hello_goodbye_dag.py
[2026-04-25T05:31:14.115+0000] {processor.py:830} INFO - Processing file /opt/airflow/dags/hello_goodbye_dag.py for tasks to queue
[2026-04-25T05:31:14.117+0000] {logging_mixin.py:188} INFO - [2026-04-25T05:31:14.117+0000] {dagbag.py:538} INFO - Filling up the DagBag from /opt/airflow/dags/hello_goodbye_dag.py
[2026-04-25T05:31:14.122+0000] {processor.py:840} INFO - DAG(s) 'hello_goodbye_dag' retrieved from /opt/airflow/dags/hello_goodbye_dag.py
[2026-04-25T05:31:14.138+0000] {logging_mixin.py:188} INFO - [2026-04-25T05:31:14.138+0000] {dag.py:3036} INFO - Sync 1 DAGs
[2026-04-25T05:31:14.145+0000] {logging_mixin.py:188} INFO - [2026-04-25T05:31:14.144+0000] {dag.py:3823} INFO - Setting next_dagrun for hello_goodbye_dag to None, run_after=None
[2026-04-25T05:31:14.155+0000] {processor.py:183} INFO - Processing /opt/airflow/dags/hello_goodbye_dag.py took 0.043 seconds
[2026-04-25T05:31:44.715+0000] {processor.py:161} INFO - Started process (PID=187) to work on /opt/airflow/dags/hello_goodbye_dag.py
[2026-04-25T05:31:44.715+0000] {processor.py:830} INFO - Processing file /opt/airflow/dags/hello_goodbye_dag.py for tasks to queue
[2026-04-25T05:31:44.717+0000] {logging_mixin.py:188} INFO - [2026-04-25T05:31:44.716+0000] {dagbag.py:538} INFO - Filling up the DagBag from /opt/airflow/dags/hello_goodbye_dag.py
[2026-04-25T05:31:44.722+0000] {processor.py:840} INFO - DAG(s) 'hello_goodbye_dag' retrieved from /opt/airflow/dags/hello_goodbye_dag.py
[2026-04-25T05:31:44.738+0000] {logging_mixin.py:188} INFO - [2026-04-25T05:31:44.737+0000] {dag.py:3036} INFO - Sync 1 DAGs
[2026-04-25T05:31:44.744+0000] {logging_mixin.py:188} INFO - [2026-04-25T05:31:44.744+0000] {dag.py:3823} INFO - Setting next_dagrun for hello_goodbye_dag to None, run_after=None
[2026-04-25T05:31:44.755+0000] {processor.py:183} INFO - Processing /opt/airflow/dags/hello_goodbye_dag.py took 0.043 seconds
[2026-04-25T05:32:15.333+0000] {processor.py:161} INFO - Started process (PID=194) to work on /opt/airflow/dags/hello_goodbye_dag.py
[2026-04-25T05:32:15.334+0000] {processor.py:830} INFO - Processing file /opt/airflow/dags/hello_goodbye_dag.py for tasks to queue
[2026-04-25T05:32:15.335+0000] {logging_mixin.py:188} INFO - [2026-04-25T05:32:15.335+0000] {dagbag.py:538} INFO - Filling up the DagBag from /opt/airflow/dags/hello_goodbye_dag.py
[2026-04-25T05:32:15.341+0000] {processor.py:840} INFO - DAG(s) 'hello_goodbye_dag' retrieved from /opt/airflow/dags/hello_goodbye_dag.py
[2026-04-25T05:32:15.357+0000] {logging_mixin.py:188} INFO - [2026-04-25T05:32:15.357+0000] {dag.py:3036} INFO - Sync 1 DAGs
[2026-04-25T05:32:15.364+0000] {logging_mixin.py:188} INFO - [2026-04-25T05:32:15.364+0000] {dag.py:3823} INFO - Setting next_dagrun for hello_goodbye_dag to None, run_after=None
[2026-04-25T05:32:15.373+0000] {processor.py:183} INFO - Processing /opt/airflow/dags/hello_goodbye_dag.py took 0.042 seconds
[2026-04-25T05:32:45.948+0000] {processor.py:161} INFO - Started process (PID=201) to work on /opt/airflow/dags/hello_goodbye_dag.py
[2026-04-25T05:32:45.949+0000] {processor.py:830} INFO - Processing file /opt/airflow/dags/hello_goodbye_dag.py for tasks to queue
[2026-04-25T05:32:45.952+0000] {logging_mixin.py:188} INFO - [2026-04-25T05:32:45.951+0000] {dagbag.py:538} INFO - Filling up the DagBag from /opt/airflow/dags/hello_goodbye_dag.py
[2026-04-25T05:32:45.960+0000] {processor.py:840} INFO - DAG(s) 'hello_goodbye_dag' retrieved from /opt/airflow/dags/hello_goodbye_dag.py
[2026-04-25T05:32:45.984+0000] {logging_mixin.py:188} INFO - [2026-04-25T05:32:45.984+0000] {dag.py:3036} INFO - Sync 1 DAGs
[2026-04-25T05:32:45.994+0000] {logging_mixin.py:188} INFO - [2026-04-25T05:32:45.994+0000] {dag.py:3823} INFO - Setting next_dagrun for hello_goodbye_dag to None, run_after=None
[2026-04-25T05:32:46.005+0000] {processor.py:183} INFO - Processing /opt/airflow/dags/hello_goodbye_dag.py took 0.059 seconds
[2026-04-25T05:33:16.515+0000] {processor.py:161} INFO - Started process (PID=208) to work on /opt/airflow/dags/hello_goodbye_dag.py
[2026-04-25T05:33:16.516+0000] {processor.py:830} INFO - Processing file /opt/airflow/dags/hello_goodbye_dag.py for tasks to queue
[2026-04-25T05:33:16.517+0000] {logging_mixin.py:188} INFO - [2026-04-25T05:33:16.517+0000] {dagbag.py:538} INFO - Filling up the DagBag from /opt/airflow/dags/hello_goodbye_dag.py
[2026-04-25T05:33:16.523+0000] {processor.py:840} INFO - DAG(s) 'hello_goodbye_dag' retrieved from /opt/airflow/dags/hello_goodbye_dag.py
[2026-04-25T05:33:16.539+0000] {logging_mixin.py:188} INFO - [2026-04-25T05:33:16.538+0000] {dag.py:3036} INFO - Sync 1 DAGs
[2026-04-25T05:33:16.546+0000] {logging_mixin.py:188} INFO - [2026-04-25T05:33:16.546+0000] {dag.py:3823} INFO - Setting next_dagrun for hello_goodbye_dag to None, run_after=None
[2026-04-25T05:33:16.555+0000] {processor.py:183} INFO - Processing /opt/airflow/dags/hello_goodbye_dag.py took 0.042 seconds
[2026-04-25T05:33:47.131+0000] {processor.py:161} INFO - Started process (PID=215) to work on /opt/airflow/dags/hello_goodbye_dag.py
[2026-04-25T05:33:47.132+0000] {processor.py:830} INFO - Processing file /opt/airflow/dags/hello_goodbye_dag.py for tasks to queue
[2026-04-25T05:33:47.134+0000] {logging_mixin.py:188} INFO - [2026-04-25T05:33:47.133+0000] {dagbag.py:538} INFO - Filling up the DagBag from /opt/airflow/dags/hello_goodbye_dag.py
[2026-04-25T05:33:47.141+0000] {processor.py:840} INFO - DAG(s) 'hello_goodbye_dag' retrieved from /opt/airflow/dags/hello_goodbye_dag.py
[2026-04-25T05:33:47.160+0000] {logging_mixin.py:188} INFO - [2026-04-25T05:33:47.159+0000] {dag.py:3036} INFO - Sync 1 DAGs
[2026-04-25T05:33:47.167+0000] {logging_mixin.py:188} INFO - [2026-04-25T05:33:47.167+0000] {dag.py:3823} INFO - Setting next_dagrun for hello_goodbye_dag to None, run_after=None
[2026-04-25T05:33:47.179+0000] {processor.py:183} INFO - Processing /opt/airflow/dags/hello_goodbye_dag.py took 0.051 seconds
[2026-04-25T05:34:17.745+0000] {processor.py:161} INFO - Started process (PID=222) to work on /opt/airflow/dags/hello_goodbye_dag.py
[2026-04-25T05:34:17.746+0000] {processor.py:830} INFO - Processing file /opt/airflow/dags/hello_goodbye_dag.py for tasks to queue
[2026-04-25T05:34:17.748+0000] {logging_mixin.py:188} INFO - [2026-04-25T05:34:17.747+0000] {dagbag.py:538} INFO - Filling up the DagBag from /opt/airflow/dags/hello_goodbye_dag.py
[2026-04-25T05:34:17.754+0000] {processor.py:840} INFO - DAG(s) 'hello_goodbye_dag' retrieved from /opt/airflow/dags/hello_goodbye_dag.py
[2026-04-25T05:34:17.772+0000] {logging_mixin.py:188} INFO - [2026-04-25T05:34:17.771+0000] {dag.py:3036} INFO - Sync 1 DAGs
[2026-04-25T05:34:17.780+0000] {logging_mixin.py:188} INFO - [2026-04-25T05:34:17.780+0000] {dag.py:3823} INFO - Setting next_dagrun for hello_goodbye_dag to None, run_after=None
[2026-04-25T05:34:17.793+0000] {processor.py:183} INFO - Processing /opt/airflow/dags/hello_goodbye_dag.py took 0.050 seconds
[2026-04-25T05:34:48.307+0000] {processor.py:161} INFO - Started process (PID=229) to work on /opt/airflow/dags/hello_goodbye_dag.py
[2026-04-25T05:34:48.308+0000] {processor.py:830} INFO - Processing file /opt/airflow/dags/hello_goodbye_dag.py for tasks to queue
[2026-04-25T05:34:48.309+0000] {logging_mixin.py:188} INFO - [2026-04-25T05:34:48.309+0000] {dagbag.py:538} INFO - Filling up the DagBag from /opt/airflow/dags/hello_goodbye_dag.py
[2026-04-25T05:34:48.318+0000] {processor.py:840} INFO - DAG(s) 'hello_goodbye_dag' retrieved from /opt/airflow/dags/hello_goodbye_dag.py
[2026-04-25T05:34:48.339+0000] {logging_mixin.py:188} INFO - [2026-04-25T05:34:48.339+0000] {dag.py:3036} INFO - Sync 1 DAGs
[2026-04-25T05:34:48.348+0000] {logging_mixin.py:188} INFO - [2026-04-25T05:34:48.348+0000] {dag.py:3823} INFO - Setting next_dagrun for hello_goodbye_dag to None, run_after=None
[2026-04-25T05:34:48.370+0000] {processor.py:183} INFO - Processing /opt/airflow/dags/hello_goodbye_dag.py took 0.065 seconds
[2026-04-25T05:35:18.911+0000] {processor.py:161} INFO - Started process (PID=236) to work on /opt/airflow/dags/hello_goodbye_dag.py
[2026-04-25T05:35:18.911+0000] {processor.py:830} INFO - Processing file /opt/airflow/dags/hello_goodbye_dag.py for tasks to queue
[2026-04-25T05:35:18.913+0000] {logging_mixin.py:188} INFO - [2026-04-25T05:35:18.912+0000] {dagbag.py:538} INFO - Filling up the DagBag from /opt/airflow/dags/hello_goodbye_dag.py
[2026-04-25T05:35:18.919+0000] {processor.py:840} INFO - DAG(s) 'hello_goodbye_dag' retrieved from /opt/airflow/dags/hello_goodbye_dag.py
[2026-04-25T05:35:18.934+0000] {logging_mixin.py:188} INFO - [2026-04-25T05:35:18.934+0000] {dag.py:3036} INFO - Sync 1 DAGs
[2026-04-25T05:35:18.941+0000] {logging_mixin.py:188} INFO - [2026-04-25T05:35:18.941+0000] {dag.py:3823} INFO - Setting next_dagrun for hello_goodbye_dag to None, run_after=None
[2026-04-25T05:35:18.951+0000] {processor.py:183} INFO - Processing /opt/airflow/dags/hello_goodbye_dag.py took 0.043 seconds
[2026-04-25T05:35:49.515+0000] {processor.py:161} INFO - Started process (PID=243) to work on /opt/airflow/dags/hello_goodbye_dag.py
[2026-04-25T05:35:49.516+0000] {processor.py:830} INFO - Processing file /opt/airflow/dags/hello_goodbye_dag.py for tasks to queue
[2026-04-25T05:35:49.517+0000] {logging_mixin.py:188} INFO - [2026-04-25T05:35:49.517+0000] {dagbag.py:538} INFO - Filling up the DagBag from /opt/airflow/dags/hello_goodbye_dag.py
[2026-04-25T05:35:49.523+0000] {processor.py:840} INFO - DAG(s) 'hello_goodbye_dag' retrieved from /opt/airflow/dags/hello_goodbye_dag.py
[2026-04-25T05:35:49.540+0000] {logging_mixin.py:188} INFO - [2026-04-25T05:35:49.539+0000] {dag.py:3036} INFO - Sync 1 DAGs
[2026-04-25T05:35:49.547+0000] {logging_mixin.py:188} INFO - [2026-04-25T05:35:49.547+0000] {dag.py:3823} INFO - Setting next_dagrun for hello_goodbye_dag to None, run_after=None
[2026-04-25T05:35:49.557+0000] {processor.py:183} INFO - Processing /opt/airflow/dags/hello_goodbye_dag.py took 0.043 seconds
[2026-04-25T05:36:20.140+0000] {processor.py:161} INFO - Started process (PID=250) to work on /opt/airflow/dags/hello_goodbye_dag.py
[2026-04-25T05:36:20.141+0000] {processor.py:830} INFO - Processing file /opt/airflow/dags/hello_goodbye_dag.py for tasks to queue
[2026-04-25T05:36:20.142+0000] {logging_mixin.py:188} INFO - [2026-04-25T05:36:20.142+0000] {dagbag.py:538} INFO - Filling up the DagBag from /opt/airflow/dags/hello_goodbye_dag.py
[2026-04-25T05:36:20.148+0000] {processor.py:840} INFO - DAG(s) 'hello_goodbye_dag' retrieved from /opt/airflow/dags/hello_goodbye_dag.py
[2026-04-25T05:36:20.165+0000] {logging_mixin.py:188} INFO - [2026-04-25T05:36:20.165+0000] {dag.py:3036} INFO - Sync 1 DAGs
[2026-04-25T05:36:20.173+0000] {logging_mixin.py:188} INFO - [2026-04-25T05:36:20.173+0000] {dag.py:3823} INFO - Setting next_dagrun for hello_goodbye_dag to None, run_after=None
[2026-04-25T05:36:20.183+0000] {processor.py:183} INFO - Processing /opt/airflow/dags/hello_goodbye_dag.py took 0.045 seconds
[2026-04-25T05:36:50.740+0000] {processor.py:161} INFO - Started process (PID=257) to work on /opt/airflow/dags/hello_goodbye_dag.py
[2026-04-25T05:36:50.740+0000] {processor.py:830} INFO - Processing file /opt/airflow/dags/hello_goodbye_dag.py for tasks to queue
[2026-04-25T05:36:50.742+0000] {logging_mixin.py:188} INFO - [2026-04-25T05:36:50.741+0000] {dagbag.py:538} INFO - Filling up the DagBag from /opt/airflow/dags/hello_goodbye_dag.py
[2026-04-25T05:36:50.747+0000] {processor.py:840} INFO - DAG(s) 'hello_goodbye_dag' retrieved from /opt/airflow/dags/hello_goodbye_dag.py
[2026-04-25T05:36:50.763+0000] {logging_mixin.py:188} INFO - [2026-04-25T05:36:50.762+0000] {dag.py:3036} INFO - Sync 1 DAGs
[2026-04-25T05:36:50.770+0000] {logging_mixin.py:188} INFO - [2026-04-25T05:36:50.770+0000] {dag.py:3823} INFO - Setting next_dagrun for hello_goodbye_dag to None, run_after=None
[2026-04-25T05:36:50.780+0000] {processor.py:183} INFO - Processing /opt/airflow/dags/hello_goodbye_dag.py took 0.042 seconds
[2026-04-25T05:37:21.361+0000] {processor.py:161} INFO - Started process (PID=264) to work on /opt/airflow/dags/hello_goodbye_dag.py
[2026-04-25T05:37:21.362+0000] {processor.py:830} INFO - Processing file /opt/airflow/dags/hello_goodbye_dag.py for tasks to queue
[2026-04-25T05:37:21.363+0000] {logging_mixin.py:188} INFO - [2026-04-25T05:37:21.363+0000] {dagbag.py:538} INFO - Filling up the DagBag from /opt/airflow/dags/hello_goodbye_dag.py
[2026-04-25T05:37:21.369+0000] {processor.py:840} INFO - DAG(s) 'hello_goodbye_dag' retrieved from /opt/airflow/dags/hello_goodbye_dag.py
[2026-04-25T05:37:21.386+0000] {logging_mixin.py:188} INFO - [2026-04-25T05:37:21.386+0000] {dag.py:3036} INFO - Sync 1 DAGs
[2026-04-25T05:37:21.394+0000] {logging_mixin.py:188} INFO - [2026-04-25T05:37:21.394+0000] {dag.py:3823} INFO - Setting next_dagrun for hello_goodbye_dag to None, run_after=None
[2026-04-25T05:37:21.403+0000] {processor.py:183} INFO - Processing /opt/airflow/dags/hello_goodbye_dag.py took 0.045 seconds
[2026-04-25T05:37:51.984+0000] {processor.py:161} INFO - Started process (PID=271) to work on /opt/airflow/dags/hello_goodbye_dag.py
[2026-04-25T05:37:51.985+0000] {processor.py:830} INFO - Processing file /opt/airflow/dags/hello_goodbye_dag.py for tasks to queue
[2026-04-25T05:37:51.986+0000] {logging_mixin.py:188} INFO - [2026-04-25T05:37:51.986+0000] {dagbag.py:538} INFO - Filling up the DagBag from /opt/airflow/dags/hello_goodbye_dag.py
[2026-04-25T05:37:51.992+0000] {processor.py:840} INFO - DAG(s) 'hello_goodbye_dag' retrieved from /opt/airflow/dags/hello_goodbye_dag.py
[2026-04-25T05:37:52.008+0000] {logging_mixin.py:188} INFO - [2026-04-25T05:37:52.008+0000] {dag.py:3036} INFO - Sync 1 DAGs
[2026-04-25T05:37:52.016+0000] {logging_mixin.py:188} INFO - [2026-04-25T05:37:52.016+0000] {dag.py:3823} INFO - Setting next_dagrun for hello_goodbye_dag to None, run_after=None
[2026-04-25T05:37:52.026+0000] {processor.py:183} INFO - Processing /opt/airflow/dags/hello_goodbye_dag.py took 0.044 seconds
[2026-04-25T06:12:18.728+0000] {processor.py:161} INFO - Started process (PID=278) to work on /opt/airflow/dags/hello_goodbye_dag.py
[2026-04-25T06:12:18.729+0000] {processor.py:830} INFO - Processing file /opt/airflow/dags/hello_goodbye_dag.py for tasks to queue
[2026-04-25T06:12:18.730+0000] {logging_mixin.py:188} INFO - [2026-04-25T06:12:18.730+0000] {dagbag.py:538} INFO - Filling up the DagBag from /opt/airflow/dags/hello_goodbye_dag.py
[2026-04-25T06:12:18.740+0000] {processor.py:840} INFO - DAG(s) 'hello_goodbye_dag' retrieved from /opt/airflow/dags/hello_goodbye_dag.py
[2026-04-25T06:12:18.768+0000] {logging_mixin.py:188} INFO - [2026-04-25T06:12:18.768+0000] {dag.py:3036} INFO - Sync 1 DAGs
[2026-04-25T06:12:18.776+0000] {logging_mixin.py:188} INFO - [2026-04-25T06:12:18.776+0000] {dag.py:3823} INFO - Setting next_dagrun for hello_goodbye_dag to None, run_after=None
[2026-04-25T06:12:18.792+0000] {processor.py:183} INFO - Processing /opt/airflow/dags/hello_goodbye_dag.py took 0.067 seconds
[2026-04-25T06:15:35.701+0000] {processor.py:161} INFO - Started process (PID=285) to work on /opt/airflow/dags/hello_goodbye_dag.py
[2026-04-25T06:15:35.705+0000] {processor.py:830} INFO - Processing file /opt/airflow/dags/hello_goodbye_dag.py for tasks to queue
[2026-04-25T06:15:35.711+0000] {logging_mixin.py:188} INFO - [2026-04-25T06:15:35.710+0000] {dagbag.py:538} INFO - Filling up the DagBag from /opt/airflow/dags/hello_goodbye_dag.py
[2026-04-25T06:15:35.731+0000] {processor.py:840} INFO - DAG(s) 'hello_goodbye_dag' retrieved from /opt/airflow/dags/hello_goodbye_dag.py
[2026-04-25T06:15:35.763+0000] {logging_mixin.py:188} INFO - [2026-04-25T06:15:35.763+0000] {dag.py:3036} INFO - Sync 1 DAGs
[2026-04-25T06:15:35.774+0000] {logging_mixin.py:188} INFO - [2026-04-25T06:15:35.774+0000] {dag.py:3823} INFO - Setting next_dagrun for hello_goodbye_dag to None, run_after=None
[2026-04-25T06:15:35.806+0000] {processor.py:183} INFO - Processing /opt/airflow/dags/hello_goodbye_dag.py took 0.110 seconds
[2026-04-25T06:16:48.435+0000] {processor.py:161} INFO - Started process (PID=292) to work on /opt/airflow/dags/hello_goodbye_dag.py
[2026-04-25T06:16:48.435+0000] {processor.py:830} INFO - Processing file /opt/airflow/dags/hello_goodbye_dag.py for tasks to queue
[2026-04-25T06:16:48.436+0000] {logging_mixin.py:188} INFO - [2026-04-25T06:16:48.436+0000] {dagbag.py:538} INFO - Filling up the DagBag from /opt/airflow/dags/hello_goodbye_dag.py
[2026-04-25T06:16:48.443+0000] {processor.py:840} INFO - DAG(s) 'hello_goodbye_dag' retrieved from /opt/airflow/dags/hello_goodbye_dag.py
[2026-04-25T06:16:48.462+0000] {logging_mixin.py:188} INFO - [2026-04-25T06:16:48.462+0000] {dag.py:3036} INFO - Sync 1 DAGs
[2026-04-25T06:16:48.471+0000] {logging_mixin.py:188} INFO - [2026-04-25T06:16:48.471+0000] {dag.py:3823} INFO - Setting next_dagrun for hello_goodbye_dag to None, run_after=None
[2026-04-25T06:16:48.487+0000] {processor.py:183} INFO - Processing /opt/airflow/dags/hello_goodbye_dag.py took 0.054 seconds
[2026-04-25T06:43:49.536+0000] {processor.py:161} INFO - Started process (PID=299) to work on /opt/airflow/dags/hello_goodbye_dag.py
[2026-04-25T06:43:49.537+0000] {processor.py:830} INFO - Processing file /opt/airflow/dags/hello_goodbye_dag.py for tasks to queue
[2026-04-25T06:43:49.540+0000] {logging_mixin.py:188} INFO - [2026-04-25T06:43:49.540+0000] {dagbag.py:538} INFO - Filling up the DagBag from /opt/airflow/dags/hello_goodbye_dag.py
[2026-04-25T06:43:49.548+0000] {processor.py:840} INFO - DAG(s) 'hello_goodbye_dag' retrieved from /opt/airflow/dags/hello_goodbye_dag.py
[2026-04-25T06:43:49.571+0000] {logging_mixin.py:188} INFO - [2026-04-25T06:43:49.571+0000] {dag.py:3036} INFO - Sync 1 DAGs
[2026-04-25T06:43:49.583+0000] {logging_mixin.py:188} INFO - [2026-04-25T06:43:49.583+0000] {dag.py:3823} INFO - Setting next_dagrun for hello_goodbye_dag to None, run_after=None
[2026-04-25T06:43:49.594+0000] {processor.py:183} INFO - Processing /opt/airflow/dags/hello_goodbye_dag.py took 0.060 seconds
[2026-04-25T06:44:20.415+0000] {processor.py:161} INFO - Started process (PID=306) to work on /opt/airflow/dags/hello_goodbye_dag.py
[2026-04-25T06:44:20.416+0000] {processor.py:830} INFO - Processing file /opt/airflow/dags/hello_goodbye_dag.py for tasks to queue
[2026-04-25T06:44:20.417+0000] {logging_mixin.py:188} INFO - [2026-04-25T06:44:20.417+0000] {dagbag.py:538} INFO - Filling up the DagBag from /opt/airflow/dags/hello_goodbye_dag.py
[2026-04-25T06:44:20.423+0000] {processor.py:840} INFO - DAG(s) 'hello_goodbye_dag' retrieved from /opt/airflow/dags/hello_goodbye_dag.py
[2026-04-25T06:44:20.447+0000] {logging_mixin.py:188} INFO - [2026-04-25T06:44:20.447+0000] {dag.py:3036} INFO - Sync 1 DAGs
[2026-04-25T06:44:20.455+0000] {logging_mixin.py:188} INFO - [2026-04-25T06:44:20.455+0000] {dag.py:3823} INFO - Setting next_dagrun for hello_goodbye_dag to None, run_after=None
[2026-04-25T06:44:20.473+0000] {processor.py:183} INFO - Processing /opt/airflow/dags/hello_goodbye_dag.py took 0.060 seconds
[2026-04-25T07:25:29.185+0000] {processor.py:161} INFO - Started process (PID=313) to work on /opt/airflow/dags/hello_goodbye_dag.py
[2026-04-25T07:25:29.187+0000] {processor.py:830} INFO - Processing file /opt/airflow/dags/hello_goodbye_dag.py for tasks to queue
[2026-04-25T07:25:29.192+0000] {logging_mixin.py:188} INFO - [2026-04-25T07:25:29.192+0000] {dagbag.py:538} INFO - Filling up the DagBag from /opt/airflow/dags/hello_goodbye_dag.py
[2026-04-25T07:25:29.208+0000] {processor.py:840} INFO - DAG(s) 'hello_goodbye_dag' retrieved from /opt/airflow/dags/hello_goodbye_dag.py
[2026-04-25T07:25:29.236+0000] {logging_mixin.py:188} INFO - [2026-04-25T07:25:29.236+0000] {dag.py:3036} INFO - Sync 1 DAGs
[2026-04-25T07:25:29.248+0000] {logging_mixin.py:188} INFO - [2026-04-25T07:25:29.248+0000] {dag.py:3823} INFO - Setting next_dagrun for hello_goodbye_dag to None, run_after=None
[2026-04-25T07:25:29.275+0000] {processor.py:183} INFO - Processing /opt/airflow/dags/hello_goodbye_dag.py took 0.097 seconds
[2026-04-25T07:38:41.184+0000] {processor.py:161} INFO - Started process (PID=320) to work on /opt/airflow/dags/hello_goodbye_dag.py
[2026-04-25T07:38:41.187+0000] {processor.py:830} INFO - Processing file /opt/airflow/dags/hello_goodbye_dag.py for tasks to queue
[2026-04-25T07:38:41.191+0000] {logging_mixin.py:188} INFO - [2026-04-25T07:38:41.191+0000] {dagbag.py:538} INFO - Filling up the DagBag from /opt/airflow/dags/hello_goodbye_dag.py
[2026-04-25T07:38:41.212+0000] {processor.py:840} INFO - DAG(s) 'hello_goodbye_dag' retrieved from /opt/airflow/dags/hello_goodbye_dag.py
[2026-04-25T07:38:41.261+0000] {logging_mixin.py:188} INFO - [2026-04-25T07:38:41.260+0000] {dag.py:3036} INFO - Sync 1 DAGs
[2026-04-25T07:38:41.276+0000] {logging_mixin.py:188} INFO - [2026-04-25T07:38:41.276+0000] {dag.py:3823} INFO - Setting next_dagrun for hello_goodbye_dag to None, run_after=None
[2026-04-25T07:38:41.302+0000] {processor.py:183} INFO - Processing /opt/airflow/dags/hello_goodbye_dag.py took 0.124 seconds
[2026-04-25T08:03:28.836+0000] {processor.py:161} INFO - Started process (PID=327) to work on /opt/airflow/dags/hello_goodbye_dag.py
[2026-04-25T08:03:28.837+0000] {processor.py:830} INFO - Processing file /opt/airflow/dags/hello_goodbye_dag.py for tasks to queue
[2026-04-25T08:03:28.840+0000] {logging_mixin.py:188} INFO - [2026-04-25T08:03:28.840+0000] {dagbag.py:538} INFO - Filling up the DagBag from /opt/airflow/dags/hello_goodbye_dag.py
[2026-04-25T08:03:28.849+0000] {processor.py:840} INFO - DAG(s) 'hello_goodbye_dag' retrieved from /opt/airflow/dags/hello_goodbye_dag.py
[2026-04-25T08:03:28.870+0000] {logging_mixin.py:188} INFO - [2026-04-25T08:03:28.869+0000] {dag.py:3036} INFO - Sync 1 DAGs
[2026-04-25T08:03:28.880+0000] {logging_mixin.py:188} INFO - [2026-04-25T08:03:28.880+0000] {dag.py:3823} INFO - Setting next_dagrun for hello_goodbye_dag to None, run_after=None
[2026-04-25T08:03:28.892+0000] {processor.py:183} INFO - Processing /opt/airflow/dags/hello_goodbye_dag.py took 0.057 seconds
[2026-04-25T08:03:59.432+0000] {processor.py:161} INFO - Started process (PID=334) to work on /opt/airflow/dags/hello_goodbye_dag.py
[2026-04-25T08:03:59.433+0000] {processor.py:830} INFO - Processing file /opt/airflow/dags/hello_goodbye_dag.py for tasks to queue
[2026-04-25T08:03:59.434+0000] {logging_mixin.py:188} INFO - [2026-04-25T08:03:59.434+0000] {dagbag.py:538} INFO - Filling up the DagBag from /opt/airflow/dags/hello_goodbye_dag.py
[2026-04-25T08:03:59.443+0000] {processor.py:840} INFO - DAG(s) 'hello_goodbye_dag' retrieved from /opt/airflow/dags/hello_goodbye_dag.py
[2026-04-25T08:03:59.462+0000] {logging_mixin.py:188} INFO - [2026-04-25T08:03:59.462+0000] {dag.py:3036} INFO - Sync 1 DAGs
[2026-04-25T08:03:59.474+0000] {logging_mixin.py:188} INFO - [2026-04-25T08:03:59.473+0000] {dag.py:3823} INFO - Setting next_dagrun for hello_goodbye_dag to None, run_after=None
[2026-04-25T08:03:59.491+0000] {processor.py:183} INFO - Processing /opt/airflow/dags/hello_goodbye_dag.py took 0.062 seconds
[2026-04-25T08:52:39.282+0000] {processor.py:161} INFO - Started process (PID=341) to work on /opt/airflow/dags/hello_goodbye_dag.py
[2026-04-25T08:52:39.284+0000] {processor.py:830} INFO - Processing file /opt/airflow/dags/hello_goodbye_dag.py for tasks to queue
[2026-04-25T08:52:39.286+0000] {logging_mixin.py:188} INFO - [2026-04-25T08:52:39.285+0000] {dagbag.py:538} INFO - Filling up the DagBag from /opt/airflow/dags/hello_goodbye_dag.py
[2026-04-25T08:52:39.294+0000] {processor.py:840} INFO - DAG(s) 'hello_goodbye_dag' retrieved from /opt/airflow/dags/hello_goodbye_dag.py
[2026-04-25T08:52:39.324+0000] {logging_mixin.py:188} INFO - [2026-04-25T08:52:39.323+0000] {dag.py:3036} INFO - Sync 1 DAGs
[2026-04-25T08:52:39.336+0000] {logging_mixin.py:188} INFO - [2026-04-25T08:52:39.336+0000] {dag.py:3823} INFO - Setting next_dagrun for hello_goodbye_dag to None, run_after=None
[2026-04-25T08:52:39.355+0000] {processor.py:183} INFO - Processing /opt/airflow/dags/hello_goodbye_dag.py took 0.077 seconds
[2026-04-25T10:31:08.535+0000] {processor.py:161} INFO - Started process (PID=348) to work on /opt/airflow/dags/hello_goodbye_dag.py
[2026-04-25T10:31:08.536+0000] {processor.py:830} INFO - Processing file /opt/airflow/dags/hello_goodbye_dag.py for tasks to queue
[2026-04-25T10:31:08.540+0000] {logging_mixin.py:188} INFO - [2026-04-25T10:31:08.540+0000] {dagbag.py:538} INFO - Filling up the DagBag from /opt/airflow/dags/hello_goodbye_dag.py
[2026-04-25T10:31:08.555+0000] {processor.py:840} INFO - DAG(s) 'hello_goodbye_dag' retrieved from /opt/airflow/dags/hello_goodbye_dag.py
[2026-04-25T10:31:08.636+0000] {logging_mixin.py:188} INFO - [2026-04-25T10:31:08.636+0000] {dag.py:3036} INFO - Sync 1 DAGs
[2026-04-25T10:31:08.649+0000] {logging_mixin.py:188} INFO - [2026-04-25T10:31:08.649+0000] {dag.py:3823} INFO - Setting next_dagrun for hello_goodbye_dag to None, run_after=None
[2026-04-25T10:31:08.677+0000] {processor.py:183} INFO - Processing /opt/airflow/dags/hello_goodbye_dag.py took 0.149 seconds
[2026-04-25T11:36:09.559+0000] {processor.py:161} INFO - Started process (PID=355) to work on /opt/airflow/dags/hello_goodbye_dag.py
[2026-04-25T11:36:09.560+0000] {processor.py:830} INFO - Processing file /opt/airflow/dags/hello_goodbye_dag.py for tasks to queue
[2026-04-25T11:36:09.562+0000] {logging_mixin.py:188} INFO - [2026-04-25T11:36:09.561+0000] {dagbag.py:538} INFO - Filling up the DagBag from /opt/airflow/dags/hello_goodbye_dag.py
[2026-04-25T11:36:09.571+0000] {processor.py:840} INFO - DAG(s) 'hello_goodbye_dag' retrieved from /opt/airflow/dags/hello_goodbye_dag.py
[2026-04-25T11:36:09.594+0000] {logging_mixin.py:188} INFO - [2026-04-25T11:36:09.594+0000] {dag.py:3036} INFO - Sync 1 DAGs
[2026-04-25T11:36:09.603+0000] {logging_mixin.py:188} INFO - [2026-04-25T11:36:09.602+0000] {dag.py:3823} INFO - Setting next_dagrun for hello_goodbye_dag to None, run_after=None
[2026-04-25T11:36:09.622+0000] {processor.py:183} INFO - Processing /opt/airflow/dags/hello_goodbye_dag.py took 0.066 seconds
[2026-04-25T13:18:41.051+0000] {processor.py:161} INFO - Started process (PID=362) to work on /opt/airflow/dags/hello_goodbye_dag.py
[2026-04-25T13:18:41.053+0000] {processor.py:830} INFO - Processing file /opt/airflow/dags/hello_goodbye_dag.py for tasks to queue
[2026-04-25T13:18:41.056+0000] {logging_mixin.py:188} INFO - [2026-04-25T13:18:41.056+0000] {dagbag.py:538} INFO - Filling up the DagBag from /opt/airflow/dags/hello_goodbye_dag.py
[2026-04-25T13:18:41.068+0000] {processor.py:840} INFO - DAG(s) 'hello_goodbye_dag' retrieved from /opt/airflow/dags/hello_goodbye_dag.py
[2026-04-25T13:18:41.098+0000] {logging_mixin.py:188} INFO - [2026-04-25T13:18:41.097+0000] {dag.py:3036} INFO - Sync 1 DAGs
[2026-04-25T13:18:41.114+0000] {logging_mixin.py:188} INFO - [2026-04-25T13:18:41.114+0000] {dag.py:3823} INFO - Setting next_dagrun for hello_goodbye_dag to None, run_after=None
[2026-04-25T13:18:41.140+0000] {processor.py:183} INFO - Processing /opt/airflow/dags/hello_goodbye_dag.py took 0.093 seconds
[2026-04-25T15:01:13.121+0000] {processor.py:161} INFO - Started process (PID=369) to work on /opt/airflow/dags/hello_goodbye_dag.py
[2026-04-25T15:01:13.122+0000] {processor.py:830} INFO - Processing file /opt/airflow/dags/hello_goodbye_dag.py for tasks to queue
[2026-04-25T15:01:13.123+0000] {logging_mixin.py:188} INFO - [2026-04-25T15:01:13.123+0000] {dagbag.py:538} INFO - Filling up the DagBag from /opt/airflow/dags/hello_goodbye_dag.py
[2026-04-25T15:01:13.134+0000] {processor.py:840} INFO - DAG(s) 'hello_goodbye_dag' retrieved from /opt/airflow/dags/hello_goodbye_dag.py
[2026-04-25T15:01:13.168+0000] {logging_mixin.py:188} INFO - [2026-04-25T15:01:13.167+0000] {dag.py:3036} INFO - Sync 1 DAGs
[2026-04-25T15:01:13.185+0000] {logging_mixin.py:188} INFO - [2026-04-25T15:01:13.184+0000] {dag.py:3823} INFO - Setting next_dagrun for hello_goodbye_dag to None, run_after=None
[2026-04-25T15:01:13.205+0000] {processor.py:183} INFO - Processing /opt/airflow/dags/hello_goodbye_dag.py took 0.087 seconds
[2026-04-25T16:25:08.163+0000] {processor.py:161} INFO - Started process (PID=376) to work on /opt/airflow/dags/hello_goodbye_dag.py
[2026-04-25T16:25:08.165+0000] {processor.py:830} INFO - Processing file /opt/airflow/dags/hello_goodbye_dag.py for tasks to queue
[2026-04-25T16:25:08.169+0000] {logging_mixin.py:188} INFO - [2026-04-25T16:25:08.169+0000] {dagbag.py:538} INFO - Filling up the DagBag from /opt/airflow/dags/hello_goodbye_dag.py
[2026-04-25T16:25:08.181+0000] {processor.py:840} INFO - DAG(s) 'hello_goodbye_dag' retrieved from /opt/airflow/dags/hello_goodbye_dag.py
[2026-04-25T16:25:08.214+0000] {logging_mixin.py:188} INFO - [2026-04-25T16:25:08.213+0000] {dag.py:3036} INFO - Sync 1 DAGs
[2026-04-25T16:25:08.229+0000] {logging_mixin.py:188} INFO - [2026-04-25T16:25:08.229+0000] {dag.py:3823} INFO - Setting next_dagrun for hello_goodbye_dag to None, run_after=None
[2026-04-25T16:25:08.249+0000] {processor.py:183} INFO - Processing /opt/airflow/dags/hello_goodbye_dag.py took 0.090 seconds
[2026-04-25T17:10:11.846+0000] {processor.py:161} INFO - Started process (PID=383) to work on /opt/airflow/dags/hello_goodbye_dag.py
[2026-04-25T17:10:11.848+0000] {processor.py:830} INFO - Processing file /opt/airflow/dags/hello_goodbye_dag.py for tasks to queue
[2026-04-25T17:10:11.850+0000] {logging_mixin.py:188} INFO - [2026-04-25T17:10:11.850+0000] {dagbag.py:538} INFO - Filling up the DagBag from /opt/airflow/dags/hello_goodbye_dag.py
[2026-04-25T17:10:11.865+0000] {processor.py:840} INFO - DAG(s) 'hello_goodbye_dag' retrieved from /opt/airflow/dags/hello_goodbye_dag.py
[2026-04-25T17:10:11.895+0000] {logging_mixin.py:188} INFO - [2026-04-25T17:10:11.895+0000] {dag.py:3036} INFO - Sync 1 DAGs
[2026-04-25T17:10:11.905+0000] {logging_mixin.py:188} INFO - [2026-04-25T17:10:11.904+0000] {dag.py:3823} INFO - Setting next_dagrun for hello_goodbye_dag to None, run_after=None
[2026-04-25T17:10:11.926+0000] {processor.py:183} INFO - Processing /opt/airflow/dags/hello_goodbye_dag.py took 0.083 seconds
[2026-04-25T17:19:08.691+0000] {processor.py:161} INFO - Started process (PID=390) to work on /opt/airflow/dags/hello_goodbye_dag.py
[2026-04-25T17:19:08.692+0000] {processor.py:830} INFO - Processing file /opt/airflow/dags/hello_goodbye_dag.py for tasks to queue
[2026-04-25T17:19:08.694+0000] {logging_mixin.py:188} INFO - [2026-04-25T17:19:08.694+0000] {dagbag.py:538} INFO - Filling up the DagBag from /opt/airflow/dags/hello_goodbye_dag.py
[2026-04-25T17:19:08.705+0000] {processor.py:840} INFO - DAG(s) 'hello_goodbye_dag' retrieved from /opt/airflow/dags/hello_goodbye_dag.py
[2026-04-25T17:19:08.731+0000] {logging_mixin.py:188} INFO - [2026-04-25T17:19:08.731+0000] {dag.py:3036} INFO - Sync 1 DAGs
[2026-04-25T17:19:08.741+0000] {logging_mixin.py:188} INFO - [2026-04-25T17:19:08.740+0000] {dag.py:3823} INFO - Setting next_dagrun for hello_goodbye_dag to None, run_after=None
[2026-04-25T17:19:08.759+0000] {processor.py:183} INFO - Processing /opt/airflow/dags/hello_goodbye_dag.py took 0.070 seconds
[2026-04-25T17:19:39.317+0000] {processor.py:161} INFO - Started process (PID=397) to work on /opt/airflow/dags/hello_goodbye_dag.py
[2026-04-25T17:19:39.317+0000] {processor.py:830} INFO - Processing file /opt/airflow/dags/hello_goodbye_dag.py for tasks to queue
[2026-04-25T17:19:39.319+0000] {logging_mixin.py:188} INFO - [2026-04-25T17:19:39.319+0000] {dagbag.py:538} INFO - Filling up the DagBag from /opt/airflow/dags/hello_goodbye_dag.py
[2026-04-25T17:19:39.329+0000] {processor.py:840} INFO - DAG(s) 'hello_goodbye_dag' retrieved from /opt/airflow/dags/hello_goodbye_dag.py
[2026-04-25T17:19:39.350+0000] {logging_mixin.py:188} INFO - [2026-04-25T17:19:39.350+0000] {dag.py:3036} INFO - Sync 1 DAGs
[2026-04-25T17:19:39.362+0000] {logging_mixin.py:188} INFO - [2026-04-25T17:19:39.362+0000] {dag.py:3823} INFO - Setting next_dagrun for hello_goodbye_dag to None, run_after=None
[2026-04-25T17:19:39.379+0000] {processor.py:183} INFO - Processing /opt/airflow/dags/hello_goodbye_dag.py took 0.065 seconds
[2026-04-25T18:17:56.274+0000] {processor.py:161} INFO - Started process (PID=404) to work on /opt/airflow/dags/hello_goodbye_dag.py
[2026-04-25T18:17:56.275+0000] {processor.py:830} INFO - Processing file /opt/airflow/dags/hello_goodbye_dag.py for tasks to queue
[2026-04-25T18:17:56.277+0000] {logging_mixin.py:188} INFO - [2026-04-25T18:17:56.277+0000] {dagbag.py:538} INFO - Filling up the DagBag from /opt/airflow/dags/hello_goodbye_dag.py
[2026-04-25T18:17:56.290+0000] {processor.py:840} INFO - DAG(s) 'hello_goodbye_dag' retrieved from /opt/airflow/dags/hello_goodbye_dag.py
[2026-04-25T18:17:56.318+0000] {logging_mixin.py:188} INFO - [2026-04-25T18:17:56.317+0000] {dag.py:3036} INFO - Sync 1 DAGs
[2026-04-25T18:17:56.328+0000] {logging_mixin.py:188} INFO - [2026-04-25T18:17:56.328+0000] {dag.py:3823} INFO - Setting next_dagrun for hello_goodbye_dag to None, run_after=None
[2026-04-25T18:17:56.343+0000] {processor.py:183} INFO - Processing /opt/airflow/dags/hello_goodbye_dag.py took 0.072 seconds
[2026-04-25T18:20:37.673+0000] {processor.py:161} INFO - Started process (PID=411) to work on /opt/airflow/dags/hello_goodbye_dag.py
[2026-04-25T18:20:37.674+0000] {processor.py:830} INFO - Processing file /opt/airflow/dags/hello_goodbye_dag.py for tasks to queue
[2026-04-25T18:20:37.677+0000] {logging_mixin.py:188} INFO - [2026-04-25T18:20:37.676+0000] {dagbag.py:538} INFO - Filling up the DagBag from /opt/airflow/dags/hello_goodbye_dag.py
[2026-04-25T18:20:37.690+0000] {processor.py:840} INFO - DAG(s) 'hello_goodbye_dag' retrieved from /opt/airflow/dags/hello_goodbye_dag.py
[2026-04-25T18:20:37.721+0000] {logging_mixin.py:188} INFO - [2026-04-25T18:20:37.721+0000] {dag.py:3036} INFO - Sync 1 DAGs
[2026-04-25T18:20:37.732+0000] {logging_mixin.py:188} INFO - [2026-04-25T18:20:37.732+0000] {dag.py:3823} INFO - Setting next_dagrun for hello_goodbye_dag to None, run_after=None
[2026-04-25T18:20:37.749+0000] {processor.py:183} INFO - Processing /opt/airflow/dags/hello_goodbye_dag.py took 0.079 seconds
[2026-04-25T18:43:11.996+0000] {processor.py:161} INFO - Started process (PID=418) to work on /opt/airflow/dags/hello_goodbye_dag.py
[2026-04-25T18:43:11.997+0000] {processor.py:830} INFO - Processing file /opt/airflow/dags/hello_goodbye_dag.py for tasks to queue
[2026-04-25T18:43:11.999+0000] {logging_mixin.py:188} INFO - [2026-04-25T18:43:11.999+0000] {dagbag.py:538} INFO - Filling up the DagBag from /opt/airflow/dags/hello_goodbye_dag.py
[2026-04-25T18:43:12.005+0000] {processor.py:840} INFO - DAG(s) 'hello_goodbye_dag' retrieved from /opt/airflow/dags/hello_goodbye_dag.py
[2026-04-25T18:43:12.028+0000] {logging_mixin.py:188} INFO - [2026-04-25T18:43:12.028+0000] {dag.py:3036} INFO - Sync 1 DAGs
[2026-04-25T18:43:12.037+0000] {logging_mixin.py:188} INFO - [2026-04-25T18:43:12.037+0000] {dag.py:3823} INFO - Setting next_dagrun for hello_goodbye_dag to None, run_after=None
[2026-04-25T18:43:12.054+0000] {processor.py:183} INFO - Processing /opt/airflow/dags/hello_goodbye_dag.py took 0.060 seconds
[2026-04-25T18:52:28.087+0000] {processor.py:161} INFO - Started process (PID=425) to work on /opt/airflow/dags/hello_goodbye_dag.py
[2026-04-25T18:52:28.088+0000] {processor.py:830} INFO - Processing file /opt/airflow/dags/hello_goodbye_dag.py for tasks to queue
[2026-04-25T18:52:28.090+0000] {logging_mixin.py:188} INFO - [2026-04-25T18:52:28.090+0000] {dagbag.py:538} INFO - Filling up the DagBag from /opt/airflow/dags/hello_goodbye_dag.py
[2026-04-25T18:52:28.100+0000] {processor.py:840} INFO - DAG(s) 'hello_goodbye_dag' retrieved from /opt/airflow/dags/hello_goodbye_dag.py
[2026-04-25T18:52:28.128+0000] {logging_mixin.py:188} INFO - [2026-04-25T18:52:28.127+0000] {dag.py:3036} INFO - Sync 1 DAGs
[2026-04-25T18:52:28.138+0000] {logging_mixin.py:188} INFO - [2026-04-25T18:52:28.138+0000] {dag.py:3823} INFO - Setting next_dagrun for hello_goodbye_dag to None, run_after=None
[2026-04-25T18:52:28.158+0000] {processor.py:183} INFO - Processing /opt/airflow/dags/hello_goodbye_dag.py took 0.074 seconds
[2026-04-25T18:57:56.874+0000] {processor.py:161} INFO - Started process (PID=432) to work on /opt/airflow/dags/hello_goodbye_dag.py
[2026-04-25T18:57:56.875+0000] {processor.py:830} INFO - Processing file /opt/airflow/dags/hello_goodbye_dag.py for tasks to queue
[2026-04-25T18:57:56.877+0000] {logging_mixin.py:188} INFO - [2026-04-25T18:57:56.877+0000] {dagbag.py:538} INFO - Filling up the DagBag from /opt/airflow/dags/hello_goodbye_dag.py
[2026-04-25T18:57:56.889+0000] {processor.py:840} INFO - DAG(s) 'hello_goodbye_dag' retrieved from /opt/airflow/dags/hello_goodbye_dag.py
[2026-04-25T18:57:56.921+0000] {logging_mixin.py:188} INFO - [2026-04-25T18:57:56.920+0000] {dag.py:3036} INFO - Sync 1 DAGs
[2026-04-25T18:57:56.935+0000] {logging_mixin.py:188} INFO - [2026-04-25T18:57:56.934+0000] {dag.py:3823} INFO - Setting next_dagrun for hello_goodbye_dag to None, run_after=None
[2026-04-25T18:57:56.956+0000] {processor.py:183} INFO - Processing /opt/airflow/dags/hello_goodbye_dag.py took 0.085 seconds
[2026-04-25T18:59:27.348+0000] {processor.py:161} INFO - Started process (PID=439) to work on /opt/airflow/dags/hello_goodbye_dag.py
[2026-04-25T18:59:27.349+0000] {processor.py:830} INFO - Processing file /opt/airflow/dags/hello_goodbye_dag.py for tasks to queue
[2026-04-25T18:59:27.351+0000] {logging_mixin.py:188} INFO - [2026-04-25T18:59:27.350+0000] {dagbag.py:538} INFO - Filling up the DagBag from /opt/airflow/dags/hello_goodbye_dag.py
[2026-04-25T18:59:27.360+0000] {processor.py:840} INFO - DAG(s) 'hello_goodbye_dag' retrieved from /opt/airflow/dags/hello_goodbye_dag.py
[2026-04-25T18:59:27.379+0000] {logging_mixin.py:188} INFO - [2026-04-25T18:59:27.379+0000] {dag.py:3036} INFO - Sync 1 DAGs
[2026-04-25T18:59:27.388+0000] {logging_mixin.py:188} INFO - [2026-04-25T18:59:27.387+0000] {dag.py:3823} INFO - Setting next_dagrun for hello_goodbye_dag to None, run_after=None
[2026-04-25T18:59:27.402+0000] {processor.py:183} INFO - Processing /opt/airflow/dags/hello_goodbye_dag.py took 0.056 seconds
[2026-04-25T19:02:26.252+0000] {processor.py:161} INFO - Started process (PID=446) to work on /opt/airflow/dags/hello_goodbye_dag.py
[2026-04-25T19:02:26.253+0000] {processor.py:830} INFO - Processing file /opt/airflow/dags/hello_goodbye_dag.py for tasks to queue
[2026-04-25T19:02:26.257+0000] {logging_mixin.py:188} INFO - [2026-04-25T19:02:26.257+0000] {dagbag.py:538} INFO - Filling up the DagBag from /opt/airflow/dags/hello_goodbye_dag.py
[2026-04-25T19:02:26.267+0000] {processor.py:840} INFO - DAG(s) 'hello_goodbye_dag' retrieved from /opt/airflow/dags/hello_goodbye_dag.py
[2026-04-25T19:02:26.294+0000] {logging_mixin.py:188} INFO - [2026-04-25T19:02:26.293+0000] {dag.py:3036} INFO - Sync 1 DAGs
[2026-04-25T19:02:26.304+0000] {logging_mixin.py:188} INFO - [2026-04-25T19:02:26.303+0000] {dag.py:3823} INFO - Setting next_dagrun for hello_goodbye_dag to None, run_after=None
[2026-04-25T19:02:26.324+0000] {processor.py:183} INFO - Processing /opt/airflow/dags/hello_goodbye_dag.py took 0.075 seconds
[2026-04-25T19:19:58.750+0000] {processor.py:161} INFO - Started process (PID=453) to work on /opt/airflow/dags/hello_goodbye_dag.py
[2026-04-25T19:19:58.751+0000] {processor.py:830} INFO - Processing file /opt/airflow/dags/hello_goodbye_dag.py for tasks to queue
[2026-04-25T19:19:58.753+0000] {logging_mixin.py:188} INFO - [2026-04-25T19:19:58.753+0000] {dagbag.py:538} INFO - Filling up the DagBag from /opt/airflow/dags/hello_goodbye_dag.py
[2026-04-25T19:19:58.764+0000] {processor.py:840} INFO - DAG(s) 'hello_goodbye_dag' retrieved from /opt/airflow/dags/hello_goodbye_dag.py
[2026-04-25T19:19:58.795+0000] {logging_mixin.py:188} INFO - [2026-04-25T19:19:58.795+0000] {dag.py:3036} INFO - Sync 1 DAGs
[2026-04-25T19:19:58.806+0000] {logging_mixin.py:188} INFO - [2026-04-25T19:19:58.805+0000] {dag.py:3823} INFO - Setting next_dagrun for hello_goodbye_dag to None, run_after=None
[2026-04-25T19:19:58.830+0000] {processor.py:183} INFO - Processing /opt/airflow/dags/hello_goodbye_dag.py took 0.083 seconds
[2026-04-25T19:30:25.880+0000] {processor.py:161} INFO - Started process (PID=460) to work on /opt/airflow/dags/hello_goodbye_dag.py
[2026-04-25T19:30:25.882+0000] {processor.py:830} INFO - Processing file /opt/airflow/dags/hello_goodbye_dag.py for tasks to queue
[2026-04-25T19:30:25.884+0000] {logging_mixin.py:188} INFO - [2026-04-25T19:30:25.883+0000] {dagbag.py:538} INFO - Filling up the DagBag from /opt/airflow/dags/hello_goodbye_dag.py
[2026-04-25T19:30:25.900+0000] {processor.py:840} INFO - DAG(s) 'hello_goodbye_dag' retrieved from /opt/airflow/dags/hello_goodbye_dag.py
[2026-04-25T19:30:25.941+0000] {logging_mixin.py:188} INFO - [2026-04-25T19:30:25.940+0000] {dag.py:3036} INFO - Sync 1 DAGs
[2026-04-25T19:30:25.952+0000] {logging_mixin.py:188} INFO - [2026-04-25T19:30:25.951+0000] {dag.py:3823} INFO - Setting next_dagrun for hello_goodbye_dag to None, run_after=None
[2026-04-25T19:30:25.976+0000] {processor.py:183} INFO - Processing /opt/airflow/dags/hello_goodbye_dag.py took 0.099 seconds
[2026-04-25T19:31:02.583+0000] {processor.py:161} INFO - Started process (PID=467) to work on /opt/airflow/dags/hello_goodbye_dag.py
[2026-04-25T19:31:02.583+0000] {processor.py:830} INFO - Processing file /opt/airflow/dags/hello_goodbye_dag.py for tasks to queue
[2026-04-25T19:31:02.585+0000] {logging_mixin.py:188} INFO - [2026-04-25T19:31:02.585+0000] {dagbag.py:538} INFO - Filling up the DagBag from /opt/airflow/dags/hello_goodbye_dag.py
[2026-04-25T19:31:02.591+0000] {processor.py:840} INFO - DAG(s) 'hello_goodbye_dag' retrieved from /opt/airflow/dags/hello_goodbye_dag.py
[2026-04-25T19:31:02.615+0000] {logging_mixin.py:188} INFO - [2026-04-25T19:31:02.615+0000] {dag.py:3036} INFO - Sync 1 DAGs
[2026-04-25T19:31:02.627+0000] {logging_mixin.py:188} INFO - [2026-04-25T19:31:02.627+0000] {dag.py:3823} INFO - Setting next_dagrun for hello_goodbye_dag to None, run_after=None
[2026-04-25T19:31:02.639+0000] {processor.py:183} INFO - Processing /opt/airflow/dags/hello_goodbye_dag.py took 0.059 seconds
[2026-04-25T19:33:54.891+0000] {processor.py:161} INFO - Started process (PID=474) to work on /opt/airflow/dags/hello_goodbye_dag.py
[2026-04-25T19:33:54.893+0000] {processor.py:830} INFO - Processing file /opt/airflow/dags/hello_goodbye_dag.py for tasks to queue
[2026-04-25T19:33:54.899+0000] {logging_mixin.py:188} INFO - [2026-04-25T19:33:54.895+0000] {dagbag.py:538} INFO - Filling up the DagBag from /opt/airflow/dags/hello_goodbye_dag.py
[2026-04-25T19:33:54.915+0000] {processor.py:840} INFO - DAG(s) 'hello_goodbye_dag' retrieved from /opt/airflow/dags/hello_goodbye_dag.py
[2026-04-25T19:33:54.955+0000] {logging_mixin.py:188} INFO - [2026-04-25T19:33:54.954+0000] {dag.py:3036} INFO - Sync 1 DAGs
[2026-04-25T19:33:54.970+0000] {logging_mixin.py:188} INFO - [2026-04-25T19:33:54.970+0000] {dag.py:3823} INFO - Setting next_dagrun for hello_goodbye_dag to None, run_after=None
[2026-04-25T19:33:54.997+0000] {processor.py:183} INFO - Processing /opt/airflow/dags/hello_goodbye_dag.py took 0.110 seconds
[2026-04-25T19:45:06.666+0000] {processor.py:161} INFO - Started process (PID=481) to work on /opt/airflow/dags/hello_goodbye_dag.py
[2026-04-25T19:45:06.669+0000] {processor.py:830} INFO - Processing file /opt/airflow/dags/hello_goodbye_dag.py for tasks to queue
[2026-04-25T19:45:06.674+0000] {logging_mixin.py:188} INFO - [2026-04-25T19:45:06.674+0000] {dagbag.py:538} INFO - Filling up the DagBag from /opt/airflow/dags/hello_goodbye_dag.py
[2026-04-25T19:45:06.693+0000] {processor.py:840} INFO - DAG(s) 'hello_goodbye_dag' retrieved from /opt/airflow/dags/hello_goodbye_dag.py
[2026-04-25T19:45:06.725+0000] {logging_mixin.py:188} INFO - [2026-04-25T19:45:06.725+0000] {dag.py:3036} INFO - Sync 1 DAGs
[2026-04-25T19:45:06.738+0000] {logging_mixin.py:188} INFO - [2026-04-25T19:45:06.738+0000] {dag.py:3823} INFO - Setting next_dagrun for hello_goodbye_dag to None, run_after=None
[2026-04-25T19:45:06.762+0000] {processor.py:183} INFO - Processing /opt/airflow/dags/hello_goodbye_dag.py took 0.102 seconds
[2026-04-25T20:12:05.516+0000] {processor.py:161} INFO - Started process (PID=488) to work on /opt/airflow/dags/hello_goodbye_dag.py
[2026-04-25T20:12:05.519+0000] {processor.py:830} INFO - Processing file /opt/airflow/dags/hello_goodbye_dag.py for tasks to queue
[2026-04-25T20:12:05.525+0000] {logging_mixin.py:188} INFO - [2026-04-25T20:12:05.525+0000] {dagbag.py:538} INFO - Filling up the DagBag from /opt/airflow/dags/hello_goodbye_dag.py
[2026-04-25T20:12:05.549+0000] {processor.py:840} INFO - DAG(s) 'hello_goodbye_dag' retrieved from /opt/airflow/dags/hello_goodbye_dag.py
[2026-04-25T20:12:05.592+0000] {logging_mixin.py:188} INFO - [2026-04-25T20:12:05.592+0000] {dag.py:3036} INFO - Sync 1 DAGs
[2026-04-25T20:12:05.612+0000] {logging_mixin.py:188} INFO - [2026-04-25T20:12:05.612+0000] {dag.py:3823} INFO - Setting next_dagrun for hello_goodbye_dag to None, run_after=None
[2026-04-25T20:12:05.645+0000] {processor.py:183} INFO - Processing /opt/airflow/dags/hello_goodbye_dag.py took 0.140 seconds
[2026-04-25T20:13:01.822+0000] {processor.py:161} INFO - Started process (PID=495) to work on /opt/airflow/dags/hello_goodbye_dag.py
[2026-04-25T20:13:01.822+0000] {processor.py:830} INFO - Processing file /opt/airflow/dags/hello_goodbye_dag.py for tasks to queue
[2026-04-25T20:13:01.825+0000] {logging_mixin.py:188} INFO - [2026-04-25T20:13:01.824+0000] {dagbag.py:538} INFO - Filling up the DagBag from /opt/airflow/dags/hello_goodbye_dag.py
[2026-04-25T20:13:01.834+0000] {processor.py:840} INFO - DAG(s) 'hello_goodbye_dag' retrieved from /opt/airflow/dags/hello_goodbye_dag.py
[2026-04-25T20:13:01.854+0000] {logging_mixin.py:188} INFO - [2026-04-25T20:13:01.854+0000] {dag.py:3036} INFO - Sync 1 DAGs
[2026-04-25T20:13:01.864+0000] {logging_mixin.py:188} INFO - [2026-04-25T20:13:01.864+0000] {dag.py:3823} INFO - Setting next_dagrun for hello_goodbye_dag to None, run_after=None
[2026-04-25T20:13:01.879+0000] {processor.py:183} INFO - Processing /opt/airflow/dags/hello_goodbye_dag.py took 0.059 seconds
[2026-04-25T20:14:08.752+0000] {processor.py:161} INFO - Started process (PID=502) to work on /opt/airflow/dags/hello_goodbye_dag.py
[2026-04-25T20:14:08.755+0000] {processor.py:830} INFO - Processing file /opt/airflow/dags/hello_goodbye_dag.py for tasks to queue
[2026-04-25T20:14:08.757+0000] {logging_mixin.py:188} INFO - [2026-04-25T20:14:08.757+0000] {dagbag.py:538} INFO - Filling up the DagBag from /opt/airflow/dags/hello_goodbye_dag.py
[2026-04-25T20:14:08.769+0000] {processor.py:840} INFO - DAG(s) 'hello_goodbye_dag' retrieved from /opt/airflow/dags/hello_goodbye_dag.py
[2026-04-25T20:14:08.804+0000] {logging_mixin.py:188} INFO - [2026-04-25T20:14:08.803+0000] {dag.py:3036} INFO - Sync 1 DAGs
[2026-04-25T20:14:08.816+0000] {logging_mixin.py:188} INFO - [2026-04-25T20:14:08.816+0000] {dag.py:3823} INFO - Setting next_dagrun for hello_goodbye_dag to None, run_after=None
[2026-04-25T20:14:08.834+0000] {processor.py:183} INFO - Processing /opt/airflow/dags/hello_goodbye_dag.py took 0.085 seconds
[2026-04-25T20:15:32.277+0000] {processor.py:161} INFO - Started process (PID=509) to work on /opt/airflow/dags/hello_goodbye_dag.py
[2026-04-25T20:15:32.277+0000] {processor.py:830} INFO - Processing file /opt/airflow/dags/hello_goodbye_dag.py for tasks to queue
[2026-04-25T20:15:32.279+0000] {logging_mixin.py:188} INFO - [2026-04-25T20:15:32.279+0000] {dagbag.py:538} INFO - Filling up the DagBag from /opt/airflow/dags/hello_goodbye_dag.py
[2026-04-25T20:15:32.285+0000] {processor.py:840} INFO - DAG(s) 'hello_goodbye_dag' retrieved from /opt/airflow/dags/hello_goodbye_dag.py
[2026-04-25T20:15:32.308+0000] {logging_mixin.py:188} INFO - [2026-04-25T20:15:32.307+0000] {dag.py:3036} INFO - Sync 1 DAGs
[2026-04-25T20:15:32.318+0000] {logging_mixin.py:188} INFO - [2026-04-25T20:15:32.317+0000] {dag.py:3823} INFO - Setting next_dagrun for hello_goodbye_dag to None, run_after=None
[2026-04-25T20:15:32.333+0000] {processor.py:183} INFO - Processing /opt/airflow/dags/hello_goodbye_dag.py took 0.059 seconds
[2026-04-25T20:16:16.625+0000] {processor.py:161} INFO - Started process (PID=516) to work on /opt/airflow/dags/hello_goodbye_dag.py
[2026-04-25T20:16:16.626+0000] {processor.py:830} INFO - Processing file /opt/airflow/dags/hello_goodbye_dag.py for tasks to queue
[2026-04-25T20:16:16.628+0000] {logging_mixin.py:188} INFO - [2026-04-25T20:16:16.628+0000] {dagbag.py:538} INFO - Filling up the DagBag from /opt/airflow/dags/hello_goodbye_dag.py
[2026-04-25T20:16:16.639+0000] {processor.py:840} INFO - DAG(s) 'hello_goodbye_dag' retrieved from /opt/airflow/dags/hello_goodbye_dag.py
[2026-04-25T20:16:16.663+0000] {logging_mixin.py:188} INFO - [2026-04-25T20:16:16.663+0000] {dag.py:3036} INFO - Sync 1 DAGs
[2026-04-25T20:16:16.672+0000] {logging_mixin.py:188} INFO - [2026-04-25T20:16:16.671+0000] {dag.py:3823} INFO - Setting next_dagrun for hello_goodbye_dag to None, run_after=None
[2026-04-25T20:16:16.689+0000] {processor.py:183} INFO - Processing /opt/airflow/dags/hello_goodbye_dag.py took 0.067 seconds
[2026-04-25T20:20:51.206+0000] {processor.py:161} INFO - Started process (PID=523) to work on /opt/airflow/dags/hello_goodbye_dag.py
[2026-04-25T20:20:51.208+0000] {processor.py:830} INFO - Processing file /opt/airflow/dags/hello_goodbye_dag.py for tasks to queue
[2026-04-25T20:20:51.210+0000] {logging_mixin.py:188} INFO - [2026-04-25T20:20:51.210+0000] {dagbag.py:538} INFO - Filling up the DagBag from /opt/airflow/dags/hello_goodbye_dag.py
[2026-04-25T20:20:51.221+0000] {processor.py:840} INFO - DAG(s) 'hello_goodbye_dag' retrieved from /opt/airflow/dags/hello_goodbye_dag.py
[2026-04-25T20:20:51.259+0000] {logging_mixin.py:188} INFO - [2026-04-25T20:20:51.258+0000] {dag.py:3036} INFO - Sync 1 DAGs
[2026-04-25T20:20:51.275+0000] {logging_mixin.py:188} INFO - [2026-04-25T20:20:51.275+0000] {dag.py:3823} INFO - Setting next_dagrun for hello_goodbye_dag to None, run_after=None
[2026-04-25T20:20:51.304+0000] {processor.py:183} INFO - Processing /opt/airflow/dags/hello_goodbye_dag.py took 0.102 seconds
[2026-04-25T20:21:46.386+0000] {processor.py:161} INFO - Started process (PID=530) to work on /opt/airflow/dags/hello_goodbye_dag.py
[2026-04-25T20:21:46.388+0000] {processor.py:830} INFO - Processing file /opt/airflow/dags/hello_goodbye_dag.py for tasks to queue
[2026-04-25T20:21:46.392+0000] {logging_mixin.py:188} INFO - [2026-04-25T20:21:46.392+0000] {dagbag.py:538} INFO - Filling up the DagBag from /opt/airflow/dags/hello_goodbye_dag.py
[2026-04-25T20:21:46.398+0000] {processor.py:840} INFO - DAG(s) 'hello_goodbye_dag' retrieved from /opt/airflow/dags/hello_goodbye_dag.py
[2026-04-25T20:21:46.419+0000] {logging_mixin.py:188} INFO - [2026-04-25T20:21:46.418+0000] {dag.py:3036} INFO - Sync 1 DAGs
[2026-04-25T20:21:46.427+0000] {logging_mixin.py:188} INFO - [2026-04-25T20:21:46.427+0000] {dag.py:3823} INFO - Setting next_dagrun for hello_goodbye_dag to None, run_after=None
[2026-04-25T20:21:46.446+0000] {processor.py:183} INFO - Processing /opt/airflow/dags/hello_goodbye_dag.py took 0.062 seconds
[2026-04-25T20:32:43.502+0000] {processor.py:161} INFO - Started process (PID=537) to work on /opt/airflow/dags/hello_goodbye_dag.py
[2026-04-25T20:32:43.504+0000] {processor.py:830} INFO - Processing file /opt/airflow/dags/hello_goodbye_dag.py for tasks to queue
[2026-04-25T20:32:43.505+0000] {logging_mixin.py:188} INFO - [2026-04-25T20:32:43.505+0000] {dagbag.py:538} INFO - Filling up the DagBag from /opt/airflow/dags/hello_goodbye_dag.py
[2026-04-25T20:32:43.514+0000] {processor.py:840} INFO - DAG(s) 'hello_goodbye_dag' retrieved from /opt/airflow/dags/hello_goodbye_dag.py
[2026-04-25T20:32:43.534+0000] {logging_mixin.py:188} INFO - [2026-04-25T20:32:43.534+0000] {dag.py:3036} INFO - Sync 1 DAGs
[2026-04-25T20:32:43.542+0000] {logging_mixin.py:188} INFO - [2026-04-25T20:32:43.542+0000] {dag.py:3823} INFO - Setting next_dagrun for hello_goodbye_dag to None, run_after=None
[2026-04-25T20:32:43.558+0000] {processor.py:183} INFO - Processing /opt/airflow/dags/hello_goodbye_dag.py took 0.058 seconds
[2026-04-25T21:21:44.083+0000] {processor.py:161} INFO - Started process (PID=544) to work on /opt/airflow/dags/hello_goodbye_dag.py
[2026-04-25T21:21:44.086+0000] {processor.py:830} INFO - Processing file /opt/airflow/dags/hello_goodbye_dag.py for tasks to queue
[2026-04-25T21:21:44.090+0000] {logging_mixin.py:188} INFO - [2026-04-25T21:21:44.089+0000] {dagbag.py:538} INFO - Filling up the DagBag from /opt/airflow/dags/hello_goodbye_dag.py
[2026-04-25T21:21:44.116+0000] {processor.py:840} INFO - DAG(s) 'hello_goodbye_dag' retrieved from /opt/airflow/dags/hello_goodbye_dag.py
[2026-04-25T21:21:44.184+0000] {logging_mixin.py:188} INFO - [2026-04-25T21:21:44.182+0000] {dag.py:3036} INFO - Sync 1 DAGs
[2026-04-25T21:21:44.209+0000] {logging_mixin.py:188} INFO - [2026-04-25T21:21:44.208+0000] {dag.py:3823} INFO - Setting next_dagrun for hello_goodbye_dag to None, run_after=None
[2026-04-25T21:21:44.256+0000] {processor.py:183} INFO - Processing /opt/airflow/dags/hello_goodbye_dag.py took 0.179 seconds
[2026-04-25T21:22:14.893+0000] {processor.py:161} INFO - Started process (PID=551) to work on /opt/airflow/dags/hello_goodbye_dag.py
[2026-04-25T21:22:14.894+0000] {processor.py:830} INFO - Processing file /opt/airflow/dags/hello_goodbye_dag.py for tasks to queue
[2026-04-25T21:22:14.895+0000] {logging_mixin.py:188} INFO - [2026-04-25T21:22:14.895+0000] {dagbag.py:538} INFO - Filling up the DagBag from /opt/airflow/dags/hello_goodbye_dag.py
[2026-04-25T21:22:14.901+0000] {processor.py:840} INFO - DAG(s) 'hello_goodbye_dag' retrieved from /opt/airflow/dags/hello_goodbye_dag.py
[2026-04-25T21:22:14.916+0000] {logging_mixin.py:188} INFO - [2026-04-25T21:22:14.916+0000] {dag.py:3036} INFO - Sync 1 DAGs
[2026-04-25T21:22:14.923+0000] {logging_mixin.py:188} INFO - [2026-04-25T21:22:14.923+0000] {dag.py:3823} INFO - Setting next_dagrun for hello_goodbye_dag to None, run_after=None
[2026-04-25T21:22:14.933+0000] {processor.py:183} INFO - Processing /opt/airflow/dags/hello_goodbye_dag.py took 0.042 seconds
[2026-04-25T22:11:57.028+0000] {processor.py:161} INFO - Started process (PID=558) to work on /opt/airflow/dags/hello_goodbye_dag.py
[2026-04-25T22:11:57.029+0000] {processor.py:830} INFO - Processing file /opt/airflow/dags/hello_goodbye_dag.py for tasks to queue
[2026-04-25T22:11:57.031+0000] {logging_mixin.py:188} INFO - [2026-04-25T22:11:57.031+0000] {dagbag.py:538} INFO - Filling up the DagBag from /opt/airflow/dags/hello_goodbye_dag.py
[2026-04-25T22:11:57.041+0000] {processor.py:840} INFO - DAG(s) 'hello_goodbye_dag' retrieved from /opt/airflow/dags/hello_goodbye_dag.py
[2026-04-25T22:11:57.064+0000] {logging_mixin.py:188} INFO - [2026-04-25T22:11:57.063+0000] {dag.py:3036} INFO - Sync 1 DAGs
[2026-04-25T22:11:57.071+0000] {logging_mixin.py:188} INFO - [2026-04-25T22:11:57.071+0000] {dag.py:3823} INFO - Setting next_dagrun for hello_goodbye_dag to None, run_after=None
[2026-04-25T22:11:57.089+0000] {processor.py:183} INFO - Processing /opt/airflow/dags/hello_goodbye_dag.py took 0.064 seconds
[2026-04-25T22:12:27.688+0000] {processor.py:161} INFO - Started process (PID=565) to work on /opt/airflow/dags/hello_goodbye_dag.py
[2026-04-25T22:12:27.689+0000] {processor.py:830} INFO - Processing file /opt/airflow/dags/hello_goodbye_dag.py for tasks to queue
[2026-04-25T22:12:27.691+0000] {logging_mixin.py:188} INFO - [2026-04-25T22:12:27.691+0000] {dagbag.py:538} INFO - Filling up the DagBag from /opt/airflow/dags/hello_goodbye_dag.py
[2026-04-25T22:12:27.701+0000] {processor.py:840} INFO - DAG(s) 'hello_goodbye_dag' retrieved from /opt/airflow/dags/hello_goodbye_dag.py
[2026-04-25T22:12:27.720+0000] {logging_mixin.py:188} INFO - [2026-04-25T22:12:27.720+0000] {dag.py:3036} INFO - Sync 1 DAGs
[2026-04-25T22:12:27.730+0000] {logging_mixin.py:188} INFO - [2026-04-25T22:12:27.730+0000] {dag.py:3823} INFO - Setting next_dagrun for hello_goodbye_dag to None, run_after=None
[2026-04-25T22:12:27.748+0000] {processor.py:183} INFO - Processing /opt/airflow/dags/hello_goodbye_dag.py took 0.062 seconds
[2026-04-25T22:39:08.395+0000] {processor.py:161} INFO - Started process (PID=572) to work on /opt/airflow/dags/hello_goodbye_dag.py
[2026-04-25T22:39:08.396+0000] {processor.py:830} INFO - Processing file /opt/airflow/dags/hello_goodbye_dag.py for tasks to queue
[2026-04-25T22:39:08.398+0000] {logging_mixin.py:188} INFO - [2026-04-25T22:39:08.398+0000] {dagbag.py:538} INFO - Filling up the DagBag from /opt/airflow/dags/hello_goodbye_dag.py
[2026-04-25T22:39:08.409+0000] {processor.py:840} INFO - DAG(s) 'hello_goodbye_dag' retrieved from /opt/airflow/dags/hello_goodbye_dag.py
[2026-04-25T22:39:08.431+0000] {logging_mixin.py:188} INFO - [2026-04-25T22:39:08.431+0000] {dag.py:3036} INFO - Sync 1 DAGs
[2026-04-25T22:39:08.439+0000] {logging_mixin.py:188} INFO - [2026-04-25T22:39:08.438+0000] {dag.py:3823} INFO - Setting next_dagrun for hello_goodbye_dag to None, run_after=None
[2026-04-25T22:39:08.456+0000] {processor.py:183} INFO - Processing /opt/airflow/dags/hello_goodbye_dag.py took 0.063 seconds
[2026-04-25T23:23:48.011+0000] {processor.py:161} INFO - Started process (PID=579) to work on /opt/airflow/dags/hello_goodbye_dag.py
[2026-04-25T23:23:48.013+0000] {processor.py:830} INFO - Processing file /opt/airflow/dags/hello_goodbye_dag.py for tasks to queue
[2026-04-25T23:23:48.018+0000] {logging_mixin.py:188} INFO - [2026-04-25T23:23:48.017+0000] {dagbag.py:538} INFO - Filling up the DagBag from /opt/airflow/dags/hello_goodbye_dag.py
[2026-04-25T23:23:48.030+0000] {processor.py:840} INFO - DAG(s) 'hello_goodbye_dag' retrieved from /opt/airflow/dags/hello_goodbye_dag.py
[2026-04-25T23:23:48.065+0000] {logging_mixin.py:188} INFO - [2026-04-25T23:23:48.065+0000] {dag.py:3036} INFO - Sync 1 DAGs
[2026-04-25T23:23:48.083+0000] {logging_mixin.py:188} INFO - [2026-04-25T23:23:48.083+0000] {dag.py:3823} INFO - Setting next_dagrun for hello_goodbye_dag to None, run_after=None
[2026-04-25T23:23:48.108+0000] {processor.py:183} INFO - Processing /opt/airflow/dags/hello_goodbye_dag.py took 0.101 seconds
[2026-04-25T23:31:20.823+0000] {processor.py:161} INFO - Started process (PID=586) to work on /opt/airflow/dags/hello_goodbye_dag.py
[2026-04-25T23:31:20.824+0000] {processor.py:830} INFO - Processing file /opt/airflow/dags/hello_goodbye_dag.py for tasks to queue
[2026-04-25T23:31:20.826+0000] {logging_mixin.py:188} INFO - [2026-04-25T23:31:20.825+0000] {dagbag.py:538} INFO - Filling up the DagBag from /opt/airflow/dags/hello_goodbye_dag.py
[2026-04-25T23:31:20.832+0000] {processor.py:840} INFO - DAG(s) 'hello_goodbye_dag' retrieved from /opt/airflow/dags/hello_goodbye_dag.py
[2026-04-25T23:31:20.852+0000] {logging_mixin.py:188} INFO - [2026-04-25T23:31:20.852+0000] {dag.py:3036} INFO - Sync 1 DAGs
[2026-04-25T23:31:20.864+0000] {logging_mixin.py:188} INFO - [2026-04-25T23:31:20.863+0000] {dag.py:3823} INFO - Setting next_dagrun for hello_goodbye_dag to None, run_after=None
[2026-04-25T23:31:20.881+0000] {processor.py:183} INFO - Processing /opt/airflow/dags/hello_goodbye_dag.py took 0.061 seconds
[2026-04-25T23:34:47.727+0000] {processor.py:161} INFO - Started process (PID=593) to work on /opt/airflow/dags/hello_goodbye_dag.py
[2026-04-25T23:34:47.728+0000] {processor.py:830} INFO - Processing file /opt/airflow/dags/hello_goodbye_dag.py for tasks to queue
[2026-04-25T23:34:47.729+0000] {logging_mixin.py:188} INFO - [2026-04-25T23:34:47.729+0000] {dagbag.py:538} INFO - Filling up the DagBag from /opt/airflow/dags/hello_goodbye_dag.py
[2026-04-25T23:34:47.738+0000] {processor.py:840} INFO - DAG(s) 'hello_goodbye_dag' retrieved from /opt/airflow/dags/hello_goodbye_dag.py
[2026-04-25T23:34:47.762+0000] {logging_mixin.py:188} INFO - [2026-04-25T23:34:47.761+0000] {dag.py:3036} INFO - Sync 1 DAGs
[2026-04-25T23:34:47.772+0000] {logging_mixin.py:188} INFO - [2026-04-25T23:34:47.772+0000] {dag.py:3823} INFO - Setting next_dagrun for hello_goodbye_dag to None, run_after=None
[2026-04-25T23:34:47.783+0000] {processor.py:183} INFO - Processing /opt/airflow/dags/hello_goodbye_dag.py took 0.058 seconds
