[2026-04-25T05:21:01.902+0000] {processor.py:161} INFO - Started process (PID=39) to work on /opt/airflow/dags/spam_email_etl.py
[2026-04-25T05:21:01.905+0000] {processor.py:830} INFO - Processing file /opt/airflow/dags/spam_email_etl.py for tasks to queue
[2026-04-25T05:21:01.909+0000] {logging_mixin.py:188} INFO - [2026-04-25T05:21:01.908+0000] {dagbag.py:538} INFO - Filling up the DagBag from /opt/airflow/dags/spam_email_etl.py
[2026-04-25T05:21:01.921+0000] {processor.py:840} INFO - DAG(s) 'spam_email_etl' retrieved from /opt/airflow/dags/spam_email_etl.py
[2026-04-25T05:21:01.937+0000] {logging_mixin.py:188} INFO - [2026-04-25T05:21:01.936+0000] {dag.py:3036} INFO - Sync 1 DAGs
[2026-04-25T05:21:01.957+0000] {logging_mixin.py:188} INFO - [2026-04-25T05:21:01.957+0000] {dag.py:3823} INFO - Setting next_dagrun for spam_email_etl to 2026-04-25 00:00:00+00:00, run_after=2026-04-26 00:00:00+00:00
[2026-04-25T05:21:01.976+0000] {processor.py:183} INFO - Processing /opt/airflow/dags/spam_email_etl.py took 0.077 seconds
[2026-04-25T05:21:32.572+0000] {processor.py:161} INFO - Started process (PID=46) to work on /opt/airflow/dags/spam_email_etl.py
[2026-04-25T05:21:32.575+0000] {processor.py:830} INFO - Processing file /opt/airflow/dags/spam_email_etl.py for tasks to queue
[2026-04-25T05:21:32.576+0000] {logging_mixin.py:188} INFO - [2026-04-25T05:21:32.576+0000] {dagbag.py:538} INFO - Filling up the DagBag from /opt/airflow/dags/spam_email_etl.py
[2026-04-25T05:21:32.585+0000] {processor.py:840} INFO - DAG(s) 'spam_email_etl' retrieved from /opt/airflow/dags/spam_email_etl.py
[2026-04-25T05:21:32.661+0000] {logging_mixin.py:188} INFO - [2026-04-25T05:21:32.661+0000] {dag.py:3036} INFO - Sync 1 DAGs
[2026-04-25T05:21:32.674+0000] {logging_mixin.py:188} INFO - [2026-04-25T05:21:32.674+0000] {dag.py:3823} INFO - Setting next_dagrun for spam_email_etl to 2026-04-25 00:00:00+00:00, run_after=2026-04-26 00:00:00+00:00
[2026-04-25T05:21:32.692+0000] {processor.py:183} INFO - Processing /opt/airflow/dags/spam_email_etl.py took 0.123 seconds
[2026-04-25T05:22:03.293+0000] {processor.py:161} INFO - Started process (PID=53) to work on /opt/airflow/dags/spam_email_etl.py
[2026-04-25T05:22:03.294+0000] {processor.py:830} INFO - Processing file /opt/airflow/dags/spam_email_etl.py for tasks to queue
[2026-04-25T05:22:03.296+0000] {logging_mixin.py:188} INFO - [2026-04-25T05:22:03.296+0000] {dagbag.py:538} INFO - Filling up the DagBag from /opt/airflow/dags/spam_email_etl.py
[2026-04-25T05:22:03.306+0000] {processor.py:840} INFO - DAG(s) 'spam_email_etl' retrieved from /opt/airflow/dags/spam_email_etl.py
[2026-04-25T05:22:03.328+0000] {logging_mixin.py:188} INFO - [2026-04-25T05:22:03.328+0000] {dag.py:3036} INFO - Sync 1 DAGs
[2026-04-25T05:22:03.345+0000] {logging_mixin.py:188} INFO - [2026-04-25T05:22:03.345+0000] {dag.py:3823} INFO - Setting next_dagrun for spam_email_etl to 2026-04-25 00:00:00+00:00, run_after=2026-04-26 00:00:00+00:00
[2026-04-25T05:22:03.363+0000] {processor.py:183} INFO - Processing /opt/airflow/dags/spam_email_etl.py took 0.073 seconds
[2026-04-25T05:22:33.885+0000] {processor.py:161} INFO - Started process (PID=60) to work on /opt/airflow/dags/spam_email_etl.py
[2026-04-25T05:22:33.885+0000] {processor.py:830} INFO - Processing file /opt/airflow/dags/spam_email_etl.py for tasks to queue
[2026-04-25T05:22:33.888+0000] {logging_mixin.py:188} INFO - [2026-04-25T05:22:33.888+0000] {dagbag.py:538} INFO - Filling up the DagBag from /opt/airflow/dags/spam_email_etl.py
[2026-04-25T05:22:33.897+0000] {processor.py:840} INFO - DAG(s) 'spam_email_etl' retrieved from /opt/airflow/dags/spam_email_etl.py
[2026-04-25T05:22:33.920+0000] {logging_mixin.py:188} INFO - [2026-04-25T05:22:33.920+0000] {dag.py:3036} INFO - Sync 1 DAGs
[2026-04-25T05:22:33.934+0000] {logging_mixin.py:188} INFO - [2026-04-25T05:22:33.934+0000] {dag.py:3823} INFO - Setting next_dagrun for spam_email_etl to 2026-04-25 00:00:00+00:00, run_after=2026-04-26 00:00:00+00:00
[2026-04-25T05:22:33.951+0000] {processor.py:183} INFO - Processing /opt/airflow/dags/spam_email_etl.py took 0.069 seconds
[2026-04-25T05:23:04.463+0000] {processor.py:161} INFO - Started process (PID=67) to work on /opt/airflow/dags/spam_email_etl.py
[2026-04-25T05:23:04.465+0000] {processor.py:830} INFO - Processing file /opt/airflow/dags/spam_email_etl.py for tasks to queue
[2026-04-25T05:23:04.467+0000] {logging_mixin.py:188} INFO - [2026-04-25T05:23:04.467+0000] {dagbag.py:538} INFO - Filling up the DagBag from /opt/airflow/dags/spam_email_etl.py
[2026-04-25T05:23:04.480+0000] {processor.py:840} INFO - DAG(s) 'spam_email_etl' retrieved from /opt/airflow/dags/spam_email_etl.py
[2026-04-25T05:23:04.502+0000] {logging_mixin.py:188} INFO - [2026-04-25T05:23:04.502+0000] {dag.py:3036} INFO - Sync 1 DAGs
[2026-04-25T05:23:04.518+0000] {logging_mixin.py:188} INFO - [2026-04-25T05:23:04.518+0000] {dag.py:3823} INFO - Setting next_dagrun for spam_email_etl to 2026-04-25 00:00:00+00:00, run_after=2026-04-26 00:00:00+00:00
[2026-04-25T05:23:04.533+0000] {processor.py:183} INFO - Processing /opt/airflow/dags/spam_email_etl.py took 0.072 seconds
[2026-04-25T05:23:35.060+0000] {processor.py:161} INFO - Started process (PID=74) to work on /opt/airflow/dags/spam_email_etl.py
[2026-04-25T05:23:35.061+0000] {processor.py:830} INFO - Processing file /opt/airflow/dags/spam_email_etl.py for tasks to queue
[2026-04-25T05:23:35.066+0000] {logging_mixin.py:188} INFO - [2026-04-25T05:23:35.066+0000] {dagbag.py:538} INFO - Filling up the DagBag from /opt/airflow/dags/spam_email_etl.py
[2026-04-25T05:23:35.088+0000] {processor.py:840} INFO - DAG(s) 'spam_email_etl' retrieved from /opt/airflow/dags/spam_email_etl.py
[2026-04-25T05:23:35.109+0000] {logging_mixin.py:188} INFO - [2026-04-25T05:23:35.108+0000] {dag.py:3036} INFO - Sync 1 DAGs
[2026-04-25T05:23:35.129+0000] {logging_mixin.py:188} INFO - [2026-04-25T05:23:35.129+0000] {dag.py:3823} INFO - Setting next_dagrun for spam_email_etl to 2026-04-25 00:00:00+00:00, run_after=2026-04-26 00:00:00+00:00
[2026-04-25T05:23:35.148+0000] {processor.py:183} INFO - Processing /opt/airflow/dags/spam_email_etl.py took 0.093 seconds
[2026-04-25T05:24:05.669+0000] {processor.py:161} INFO - Started process (PID=81) to work on /opt/airflow/dags/spam_email_etl.py
[2026-04-25T05:24:05.670+0000] {processor.py:830} INFO - Processing file /opt/airflow/dags/spam_email_etl.py for tasks to queue
[2026-04-25T05:24:05.673+0000] {logging_mixin.py:188} INFO - [2026-04-25T05:24:05.672+0000] {dagbag.py:538} INFO - Filling up the DagBag from /opt/airflow/dags/spam_email_etl.py
[2026-04-25T05:24:05.684+0000] {processor.py:840} INFO - DAG(s) 'spam_email_etl' retrieved from /opt/airflow/dags/spam_email_etl.py
[2026-04-25T05:24:05.707+0000] {logging_mixin.py:188} INFO - [2026-04-25T05:24:05.707+0000] {dag.py:3036} INFO - Sync 1 DAGs
[2026-04-25T05:24:05.723+0000] {logging_mixin.py:188} INFO - [2026-04-25T05:24:05.723+0000] {dag.py:3823} INFO - Setting next_dagrun for spam_email_etl to 2026-04-25 00:00:00+00:00, run_after=2026-04-26 00:00:00+00:00
[2026-04-25T05:24:05.737+0000] {processor.py:183} INFO - Processing /opt/airflow/dags/spam_email_etl.py took 0.071 seconds
[2026-04-25T05:24:36.243+0000] {processor.py:161} INFO - Started process (PID=88) to work on /opt/airflow/dags/spam_email_etl.py
[2026-04-25T05:24:36.246+0000] {processor.py:830} INFO - Processing file /opt/airflow/dags/spam_email_etl.py for tasks to queue
[2026-04-25T05:24:36.247+0000] {logging_mixin.py:188} INFO - [2026-04-25T05:24:36.247+0000] {dagbag.py:538} INFO - Filling up the DagBag from /opt/airflow/dags/spam_email_etl.py
[2026-04-25T05:24:36.258+0000] {processor.py:840} INFO - DAG(s) 'spam_email_etl' retrieved from /opt/airflow/dags/spam_email_etl.py
[2026-04-25T05:24:36.278+0000] {logging_mixin.py:188} INFO - [2026-04-25T05:24:36.278+0000] {dag.py:3036} INFO - Sync 1 DAGs
[2026-04-25T05:24:36.298+0000] {logging_mixin.py:188} INFO - [2026-04-25T05:24:36.298+0000] {dag.py:3823} INFO - Setting next_dagrun for spam_email_etl to 2026-04-25 00:00:00+00:00, run_after=2026-04-26 00:00:00+00:00
[2026-04-25T05:24:36.317+0000] {processor.py:183} INFO - Processing /opt/airflow/dags/spam_email_etl.py took 0.077 seconds
[2026-04-25T05:25:06.790+0000] {processor.py:161} INFO - Started process (PID=95) to work on /opt/airflow/dags/spam_email_etl.py
[2026-04-25T05:25:06.791+0000] {processor.py:830} INFO - Processing file /opt/airflow/dags/spam_email_etl.py for tasks to queue
[2026-04-25T05:25:06.793+0000] {logging_mixin.py:188} INFO - [2026-04-25T05:25:06.792+0000] {dagbag.py:538} INFO - Filling up the DagBag from /opt/airflow/dags/spam_email_etl.py
[2026-04-25T05:25:06.804+0000] {processor.py:840} INFO - DAG(s) 'spam_email_etl' retrieved from /opt/airflow/dags/spam_email_etl.py
[2026-04-25T05:25:06.825+0000] {logging_mixin.py:188} INFO - [2026-04-25T05:25:06.825+0000] {dag.py:3036} INFO - Sync 1 DAGs
[2026-04-25T05:25:06.843+0000] {logging_mixin.py:188} INFO - [2026-04-25T05:25:06.842+0000] {dag.py:3823} INFO - Setting next_dagrun for spam_email_etl to 2026-04-25 00:00:00+00:00, run_after=2026-04-26 00:00:00+00:00
[2026-04-25T05:25:06.857+0000] {processor.py:183} INFO - Processing /opt/airflow/dags/spam_email_etl.py took 0.071 seconds
[2026-04-25T05:25:37.443+0000] {processor.py:161} INFO - Started process (PID=102) to work on /opt/airflow/dags/spam_email_etl.py
[2026-04-25T05:25:37.444+0000] {processor.py:830} INFO - Processing file /opt/airflow/dags/spam_email_etl.py for tasks to queue
[2026-04-25T05:25:37.449+0000] {logging_mixin.py:188} INFO - [2026-04-25T05:25:37.448+0000] {dagbag.py:538} INFO - Filling up the DagBag from /opt/airflow/dags/spam_email_etl.py
[2026-04-25T05:25:37.464+0000] {processor.py:840} INFO - DAG(s) 'spam_email_etl' retrieved from /opt/airflow/dags/spam_email_etl.py
[2026-04-25T05:25:37.505+0000] {logging_mixin.py:188} INFO - [2026-04-25T05:25:37.504+0000] {dag.py:3036} INFO - Sync 1 DAGs
[2026-04-25T05:25:37.528+0000] {logging_mixin.py:188} INFO - [2026-04-25T05:25:37.528+0000] {dag.py:3823} INFO - Setting next_dagrun for spam_email_etl to 2026-04-25 00:00:00+00:00, run_after=2026-04-26 00:00:00+00:00
[2026-04-25T05:25:37.549+0000] {processor.py:183} INFO - Processing /opt/airflow/dags/spam_email_etl.py took 0.109 seconds
[2026-04-25T05:26:08.157+0000] {processor.py:161} INFO - Started process (PID=109) to work on /opt/airflow/dags/spam_email_etl.py
[2026-04-25T05:26:08.158+0000] {processor.py:830} INFO - Processing file /opt/airflow/dags/spam_email_etl.py for tasks to queue
[2026-04-25T05:26:08.160+0000] {logging_mixin.py:188} INFO - [2026-04-25T05:26:08.160+0000] {dagbag.py:538} INFO - Filling up the DagBag from /opt/airflow/dags/spam_email_etl.py
[2026-04-25T05:26:08.171+0000] {processor.py:840} INFO - DAG(s) 'spam_email_etl' retrieved from /opt/airflow/dags/spam_email_etl.py
[2026-04-25T05:26:08.195+0000] {logging_mixin.py:188} INFO - [2026-04-25T05:26:08.195+0000] {dag.py:3036} INFO - Sync 1 DAGs
[2026-04-25T05:26:08.211+0000] {logging_mixin.py:188} INFO - [2026-04-25T05:26:08.211+0000] {dag.py:3823} INFO - Setting next_dagrun for spam_email_etl to 2026-04-25 00:00:00+00:00, run_after=2026-04-26 00:00:00+00:00
[2026-04-25T05:26:08.230+0000] {processor.py:183} INFO - Processing /opt/airflow/dags/spam_email_etl.py took 0.077 seconds
[2026-04-25T05:26:38.683+0000] {processor.py:161} INFO - Started process (PID=116) to work on /opt/airflow/dags/spam_email_etl.py
[2026-04-25T05:26:38.688+0000] {processor.py:830} INFO - Processing file /opt/airflow/dags/spam_email_etl.py for tasks to queue
[2026-04-25T05:26:38.693+0000] {logging_mixin.py:188} INFO - [2026-04-25T05:26:38.692+0000] {dagbag.py:538} INFO - Filling up the DagBag from /opt/airflow/dags/spam_email_etl.py
[2026-04-25T05:26:38.707+0000] {processor.py:840} INFO - DAG(s) 'spam_email_etl' retrieved from /opt/airflow/dags/spam_email_etl.py
[2026-04-25T05:26:38.730+0000] {logging_mixin.py:188} INFO - [2026-04-25T05:26:38.729+0000] {dag.py:3036} INFO - Sync 1 DAGs
[2026-04-25T05:26:38.747+0000] {logging_mixin.py:188} INFO - [2026-04-25T05:26:38.747+0000] {dag.py:3823} INFO - Setting next_dagrun for spam_email_etl to 2026-04-25 00:00:00+00:00, run_after=2026-04-26 00:00:00+00:00
[2026-04-25T05:26:38.767+0000] {processor.py:183} INFO - Processing /opt/airflow/dags/spam_email_etl.py took 0.090 seconds
[2026-04-25T05:27:09.286+0000] {processor.py:161} INFO - Started process (PID=123) to work on /opt/airflow/dags/spam_email_etl.py
[2026-04-25T05:27:09.289+0000] {processor.py:830} INFO - Processing file /opt/airflow/dags/spam_email_etl.py for tasks to queue
[2026-04-25T05:27:09.294+0000] {logging_mixin.py:188} INFO - [2026-04-25T05:27:09.293+0000] {dagbag.py:538} INFO - Filling up the DagBag from /opt/airflow/dags/spam_email_etl.py
[2026-04-25T05:27:09.308+0000] {processor.py:840} INFO - DAG(s) 'spam_email_etl' retrieved from /opt/airflow/dags/spam_email_etl.py
[2026-04-25T05:27:09.332+0000] {logging_mixin.py:188} INFO - [2026-04-25T05:27:09.331+0000] {dag.py:3036} INFO - Sync 1 DAGs
[2026-04-25T05:27:09.350+0000] {logging_mixin.py:188} INFO - [2026-04-25T05:27:09.350+0000] {dag.py:3823} INFO - Setting next_dagrun for spam_email_etl to 2026-04-25 00:00:00+00:00, run_after=2026-04-26 00:00:00+00:00
[2026-04-25T05:27:09.365+0000] {processor.py:183} INFO - Processing /opt/airflow/dags/spam_email_etl.py took 0.085 seconds
[2026-04-25T05:27:39.808+0000] {processor.py:161} INFO - Started process (PID=130) to work on /opt/airflow/dags/spam_email_etl.py
[2026-04-25T05:27:39.810+0000] {processor.py:830} INFO - Processing file /opt/airflow/dags/spam_email_etl.py for tasks to queue
[2026-04-25T05:27:39.813+0000] {logging_mixin.py:188} INFO - [2026-04-25T05:27:39.813+0000] {dagbag.py:538} INFO - Filling up the DagBag from /opt/airflow/dags/spam_email_etl.py
[2026-04-25T05:27:39.825+0000] {processor.py:840} INFO - DAG(s) 'spam_email_etl' retrieved from /opt/airflow/dags/spam_email_etl.py
[2026-04-25T05:27:39.848+0000] {logging_mixin.py:188} INFO - [2026-04-25T05:27:39.848+0000] {dag.py:3036} INFO - Sync 1 DAGs
[2026-04-25T05:27:39.869+0000] {logging_mixin.py:188} INFO - [2026-04-25T05:27:39.869+0000] {dag.py:3823} INFO - Setting next_dagrun for spam_email_etl to 2026-04-25 00:00:00+00:00, run_after=2026-04-26 00:00:00+00:00
[2026-04-25T05:27:39.889+0000] {processor.py:183} INFO - Processing /opt/airflow/dags/spam_email_etl.py took 0.083 seconds
[2026-04-25T05:28:10.411+0000] {processor.py:161} INFO - Started process (PID=137) to work on /opt/airflow/dags/spam_email_etl.py
[2026-04-25T05:28:10.413+0000] {processor.py:830} INFO - Processing file /opt/airflow/dags/spam_email_etl.py for tasks to queue
[2026-04-25T05:28:10.417+0000] {logging_mixin.py:188} INFO - [2026-04-25T05:28:10.417+0000] {dagbag.py:538} INFO - Filling up the DagBag from /opt/airflow/dags/spam_email_etl.py
[2026-04-25T05:28:10.426+0000] {processor.py:840} INFO - DAG(s) 'spam_email_etl' retrieved from /opt/airflow/dags/spam_email_etl.py
[2026-04-25T05:28:10.445+0000] {logging_mixin.py:188} INFO - [2026-04-25T05:28:10.444+0000] {dag.py:3036} INFO - Sync 1 DAGs
[2026-04-25T05:28:10.463+0000] {logging_mixin.py:188} INFO - [2026-04-25T05:28:10.463+0000] {dag.py:3823} INFO - Setting next_dagrun for spam_email_etl to 2026-04-25 00:00:00+00:00, run_after=2026-04-26 00:00:00+00:00
[2026-04-25T05:28:10.481+0000] {processor.py:183} INFO - Processing /opt/airflow/dags/spam_email_etl.py took 0.075 seconds
[2026-04-25T05:28:41.033+0000] {processor.py:161} INFO - Started process (PID=144) to work on /opt/airflow/dags/spam_email_etl.py
[2026-04-25T05:28:41.035+0000] {processor.py:830} INFO - Processing file /opt/airflow/dags/spam_email_etl.py for tasks to queue
[2026-04-25T05:28:41.038+0000] {logging_mixin.py:188} INFO - [2026-04-25T05:28:41.038+0000] {dagbag.py:538} INFO - Filling up the DagBag from /opt/airflow/dags/spam_email_etl.py
[2026-04-25T05:28:41.053+0000] {processor.py:840} INFO - DAG(s) 'spam_email_etl' retrieved from /opt/airflow/dags/spam_email_etl.py
[2026-04-25T05:28:41.075+0000] {logging_mixin.py:188} INFO - [2026-04-25T05:28:41.075+0000] {dag.py:3036} INFO - Sync 1 DAGs
[2026-04-25T05:28:41.093+0000] {logging_mixin.py:188} INFO - [2026-04-25T05:28:41.093+0000] {dag.py:3823} INFO - Setting next_dagrun for spam_email_etl to 2026-04-25 00:00:00+00:00, run_after=2026-04-26 00:00:00+00:00
[2026-04-25T05:28:41.110+0000] {processor.py:183} INFO - Processing /opt/airflow/dags/spam_email_etl.py took 0.084 seconds
[2026-04-25T05:29:11.634+0000] {processor.py:161} INFO - Started process (PID=151) to work on /opt/airflow/dags/spam_email_etl.py
[2026-04-25T05:29:11.636+0000] {processor.py:830} INFO - Processing file /opt/airflow/dags/spam_email_etl.py for tasks to queue
[2026-04-25T05:29:11.637+0000] {logging_mixin.py:188} INFO - [2026-04-25T05:29:11.637+0000] {dagbag.py:538} INFO - Filling up the DagBag from /opt/airflow/dags/spam_email_etl.py
[2026-04-25T05:29:11.646+0000] {processor.py:840} INFO - DAG(s) 'spam_email_etl' retrieved from /opt/airflow/dags/spam_email_etl.py
[2026-04-25T05:29:11.673+0000] {logging_mixin.py:188} INFO - [2026-04-25T05:29:11.673+0000] {dag.py:3036} INFO - Sync 1 DAGs
[2026-04-25T05:29:11.691+0000] {logging_mixin.py:188} INFO - [2026-04-25T05:29:11.691+0000] {dag.py:3823} INFO - Setting next_dagrun for spam_email_etl to 2026-04-25 00:00:00+00:00, run_after=2026-04-26 00:00:00+00:00
[2026-04-25T05:29:11.711+0000] {processor.py:183} INFO - Processing /opt/airflow/dags/spam_email_etl.py took 0.080 seconds
[2026-04-25T05:29:42.274+0000] {processor.py:161} INFO - Started process (PID=158) to work on /opt/airflow/dags/spam_email_etl.py
[2026-04-25T05:29:42.275+0000] {processor.py:830} INFO - Processing file /opt/airflow/dags/spam_email_etl.py for tasks to queue
[2026-04-25T05:29:42.277+0000] {logging_mixin.py:188} INFO - [2026-04-25T05:29:42.277+0000] {dagbag.py:538} INFO - Filling up the DagBag from /opt/airflow/dags/spam_email_etl.py
[2026-04-25T05:29:42.285+0000] {processor.py:840} INFO - DAG(s) 'spam_email_etl' retrieved from /opt/airflow/dags/spam_email_etl.py
[2026-04-25T05:29:42.305+0000] {logging_mixin.py:188} INFO - [2026-04-25T05:29:42.305+0000] {dag.py:3036} INFO - Sync 1 DAGs
[2026-04-25T05:29:42.321+0000] {logging_mixin.py:188} INFO - [2026-04-25T05:29:42.320+0000] {dag.py:3823} INFO - Setting next_dagrun for spam_email_etl to 2026-04-25 00:00:00+00:00, run_after=2026-04-26 00:00:00+00:00
[2026-04-25T05:29:42.336+0000] {processor.py:183} INFO - Processing /opt/airflow/dags/spam_email_etl.py took 0.065 seconds
[2026-04-25T05:30:12.842+0000] {processor.py:161} INFO - Started process (PID=165) to work on /opt/airflow/dags/spam_email_etl.py
[2026-04-25T05:30:12.843+0000] {processor.py:830} INFO - Processing file /opt/airflow/dags/spam_email_etl.py for tasks to queue
[2026-04-25T05:30:12.845+0000] {logging_mixin.py:188} INFO - [2026-04-25T05:30:12.845+0000] {dagbag.py:538} INFO - Filling up the DagBag from /opt/airflow/dags/spam_email_etl.py
[2026-04-25T05:30:12.855+0000] {processor.py:840} INFO - DAG(s) 'spam_email_etl' retrieved from /opt/airflow/dags/spam_email_etl.py
[2026-04-25T05:30:12.879+0000] {logging_mixin.py:188} INFO - [2026-04-25T05:30:12.879+0000] {dag.py:3036} INFO - Sync 1 DAGs
[2026-04-25T05:30:12.898+0000] {logging_mixin.py:188} INFO - [2026-04-25T05:30:12.898+0000] {dag.py:3823} INFO - Setting next_dagrun for spam_email_etl to 2026-04-25 00:00:00+00:00, run_after=2026-04-26 00:00:00+00:00
[2026-04-25T05:30:12.917+0000] {processor.py:183} INFO - Processing /opt/airflow/dags/spam_email_etl.py took 0.078 seconds
[2026-04-25T05:30:43.377+0000] {processor.py:161} INFO - Started process (PID=172) to work on /opt/airflow/dags/spam_email_etl.py
[2026-04-25T05:30:43.378+0000] {processor.py:830} INFO - Processing file /opt/airflow/dags/spam_email_etl.py for tasks to queue
[2026-04-25T05:30:43.380+0000] {logging_mixin.py:188} INFO - [2026-04-25T05:30:43.380+0000] {dagbag.py:538} INFO - Filling up the DagBag from /opt/airflow/dags/spam_email_etl.py
[2026-04-25T05:30:43.389+0000] {processor.py:840} INFO - DAG(s) 'spam_email_etl' retrieved from /opt/airflow/dags/spam_email_etl.py
[2026-04-25T05:30:43.409+0000] {logging_mixin.py:188} INFO - [2026-04-25T05:30:43.409+0000] {dag.py:3036} INFO - Sync 1 DAGs
[2026-04-25T05:30:43.425+0000] {logging_mixin.py:188} INFO - [2026-04-25T05:30:43.425+0000] {dag.py:3823} INFO - Setting next_dagrun for spam_email_etl to 2026-04-25 00:00:00+00:00, run_after=2026-04-26 00:00:00+00:00
[2026-04-25T05:30:43.444+0000] {processor.py:183} INFO - Processing /opt/airflow/dags/spam_email_etl.py took 0.070 seconds
[2026-04-25T05:31:14.036+0000] {processor.py:161} INFO - Started process (PID=179) to work on /opt/airflow/dags/spam_email_etl.py
[2026-04-25T05:31:14.041+0000] {processor.py:830} INFO - Processing file /opt/airflow/dags/spam_email_etl.py for tasks to queue
[2026-04-25T05:31:14.043+0000] {logging_mixin.py:188} INFO - [2026-04-25T05:31:14.043+0000] {dagbag.py:538} INFO - Filling up the DagBag from /opt/airflow/dags/spam_email_etl.py
[2026-04-25T05:31:14.056+0000] {processor.py:840} INFO - DAG(s) 'spam_email_etl' retrieved from /opt/airflow/dags/spam_email_etl.py
[2026-04-25T05:31:14.075+0000] {logging_mixin.py:188} INFO - [2026-04-25T05:31:14.074+0000] {dag.py:3036} INFO - Sync 1 DAGs
[2026-04-25T05:31:14.090+0000] {logging_mixin.py:188} INFO - [2026-04-25T05:31:14.090+0000] {dag.py:3823} INFO - Setting next_dagrun for spam_email_etl to 2026-04-25 00:00:00+00:00, run_after=2026-04-26 00:00:00+00:00
[2026-04-25T05:31:14.105+0000] {processor.py:183} INFO - Processing /opt/airflow/dags/spam_email_etl.py took 0.072 seconds
[2026-04-25T05:31:44.629+0000] {processor.py:161} INFO - Started process (PID=186) to work on /opt/airflow/dags/spam_email_etl.py
[2026-04-25T05:31:44.631+0000] {processor.py:830} INFO - Processing file /opt/airflow/dags/spam_email_etl.py for tasks to queue
[2026-04-25T05:31:44.633+0000] {logging_mixin.py:188} INFO - [2026-04-25T05:31:44.633+0000] {dagbag.py:538} INFO - Filling up the DagBag from /opt/airflow/dags/spam_email_etl.py
[2026-04-25T05:31:44.645+0000] {processor.py:840} INFO - DAG(s) 'spam_email_etl' retrieved from /opt/airflow/dags/spam_email_etl.py
[2026-04-25T05:31:44.668+0000] {logging_mixin.py:188} INFO - [2026-04-25T05:31:44.668+0000] {dag.py:3036} INFO - Sync 1 DAGs
[2026-04-25T05:31:44.687+0000] {logging_mixin.py:188} INFO - [2026-04-25T05:31:44.686+0000] {dag.py:3823} INFO - Setting next_dagrun for spam_email_etl to 2026-04-25 00:00:00+00:00, run_after=2026-04-26 00:00:00+00:00
[2026-04-25T05:31:44.703+0000] {processor.py:183} INFO - Processing /opt/airflow/dags/spam_email_etl.py took 0.077 seconds
[2026-04-25T05:32:15.255+0000] {processor.py:161} INFO - Started process (PID=193) to work on /opt/airflow/dags/spam_email_etl.py
[2026-04-25T05:32:15.255+0000] {processor.py:830} INFO - Processing file /opt/airflow/dags/spam_email_etl.py for tasks to queue
[2026-04-25T05:32:15.258+0000] {logging_mixin.py:188} INFO - [2026-04-25T05:32:15.257+0000] {dagbag.py:538} INFO - Filling up the DagBag from /opt/airflow/dags/spam_email_etl.py
[2026-04-25T05:32:15.265+0000] {processor.py:840} INFO - DAG(s) 'spam_email_etl' retrieved from /opt/airflow/dags/spam_email_etl.py
[2026-04-25T05:32:15.285+0000] {logging_mixin.py:188} INFO - [2026-04-25T05:32:15.285+0000] {dag.py:3036} INFO - Sync 1 DAGs
[2026-04-25T05:32:15.303+0000] {logging_mixin.py:188} INFO - [2026-04-25T05:32:15.302+0000] {dag.py:3823} INFO - Setting next_dagrun for spam_email_etl to 2026-04-25 00:00:00+00:00, run_after=2026-04-26 00:00:00+00:00
[2026-04-25T05:32:15.320+0000] {processor.py:183} INFO - Processing /opt/airflow/dags/spam_email_etl.py took 0.068 seconds
[2026-04-25T05:32:45.859+0000] {processor.py:161} INFO - Started process (PID=200) to work on /opt/airflow/dags/spam_email_etl.py
[2026-04-25T05:32:45.861+0000] {processor.py:830} INFO - Processing file /opt/airflow/dags/spam_email_etl.py for tasks to queue
[2026-04-25T05:32:45.866+0000] {logging_mixin.py:188} INFO - [2026-04-25T05:32:45.865+0000] {dagbag.py:538} INFO - Filling up the DagBag from /opt/airflow/dags/spam_email_etl.py
[2026-04-25T05:32:45.878+0000] {processor.py:840} INFO - DAG(s) 'spam_email_etl' retrieved from /opt/airflow/dags/spam_email_etl.py
[2026-04-25T05:32:45.896+0000] {logging_mixin.py:188} INFO - [2026-04-25T05:32:45.895+0000] {dag.py:3036} INFO - Sync 1 DAGs
[2026-04-25T05:32:45.914+0000] {logging_mixin.py:188} INFO - [2026-04-25T05:32:45.914+0000] {dag.py:3823} INFO - Setting next_dagrun for spam_email_etl to 2026-04-25 00:00:00+00:00, run_after=2026-04-26 00:00:00+00:00
[2026-04-25T05:32:45.937+0000] {processor.py:183} INFO - Processing /opt/airflow/dags/spam_email_etl.py took 0.082 seconds
[2026-04-25T05:33:16.427+0000] {processor.py:161} INFO - Started process (PID=207) to work on /opt/airflow/dags/spam_email_etl.py
[2026-04-25T05:33:16.429+0000] {processor.py:830} INFO - Processing file /opt/airflow/dags/spam_email_etl.py for tasks to queue
[2026-04-25T05:33:16.434+0000] {logging_mixin.py:188} INFO - [2026-04-25T05:33:16.433+0000] {dagbag.py:538} INFO - Filling up the DagBag from /opt/airflow/dags/spam_email_etl.py
[2026-04-25T05:33:16.446+0000] {processor.py:840} INFO - DAG(s) 'spam_email_etl' retrieved from /opt/airflow/dags/spam_email_etl.py
[2026-04-25T05:33:16.467+0000] {logging_mixin.py:188} INFO - [2026-04-25T05:33:16.467+0000] {dag.py:3036} INFO - Sync 1 DAGs
[2026-04-25T05:33:16.487+0000] {logging_mixin.py:188} INFO - [2026-04-25T05:33:16.487+0000] {dag.py:3823} INFO - Setting next_dagrun for spam_email_etl to 2026-04-25 00:00:00+00:00, run_after=2026-04-26 00:00:00+00:00
[2026-04-25T05:33:16.504+0000] {processor.py:183} INFO - Processing /opt/airflow/dags/spam_email_etl.py took 0.081 seconds
[2026-04-25T05:33:47.035+0000] {processor.py:161} INFO - Started process (PID=214) to work on /opt/airflow/dags/spam_email_etl.py
[2026-04-25T05:33:47.037+0000] {processor.py:830} INFO - Processing file /opt/airflow/dags/spam_email_etl.py for tasks to queue
[2026-04-25T05:33:47.041+0000] {logging_mixin.py:188} INFO - [2026-04-25T05:33:47.041+0000] {dagbag.py:538} INFO - Filling up the DagBag from /opt/airflow/dags/spam_email_etl.py
[2026-04-25T05:33:47.056+0000] {processor.py:840} INFO - DAG(s) 'spam_email_etl' retrieved from /opt/airflow/dags/spam_email_etl.py
[2026-04-25T05:33:47.082+0000] {logging_mixin.py:188} INFO - [2026-04-25T05:33:47.082+0000] {dag.py:3036} INFO - Sync 1 DAGs
[2026-04-25T05:33:47.100+0000] {logging_mixin.py:188} INFO - [2026-04-25T05:33:47.100+0000] {dag.py:3823} INFO - Setting next_dagrun for spam_email_etl to 2026-04-25 00:00:00+00:00, run_after=2026-04-26 00:00:00+00:00
[2026-04-25T05:33:47.117+0000] {processor.py:183} INFO - Processing /opt/airflow/dags/spam_email_etl.py took 0.087 seconds
[2026-04-25T05:34:17.652+0000] {processor.py:161} INFO - Started process (PID=221) to work on /opt/airflow/dags/spam_email_etl.py
[2026-04-25T05:34:17.654+0000] {processor.py:830} INFO - Processing file /opt/airflow/dags/spam_email_etl.py for tasks to queue
[2026-04-25T05:34:17.656+0000] {logging_mixin.py:188} INFO - [2026-04-25T05:34:17.656+0000] {dagbag.py:538} INFO - Filling up the DagBag from /opt/airflow/dags/spam_email_etl.py
[2026-04-25T05:34:17.667+0000] {processor.py:840} INFO - DAG(s) 'spam_email_etl' retrieved from /opt/airflow/dags/spam_email_etl.py
[2026-04-25T05:34:17.690+0000] {logging_mixin.py:188} INFO - [2026-04-25T05:34:17.690+0000] {dag.py:3036} INFO - Sync 1 DAGs
[2026-04-25T05:34:17.713+0000] {logging_mixin.py:188} INFO - [2026-04-25T05:34:17.713+0000] {dag.py:3823} INFO - Setting next_dagrun for spam_email_etl to 2026-04-25 00:00:00+00:00, run_after=2026-04-26 00:00:00+00:00
[2026-04-25T05:34:17.734+0000] {processor.py:183} INFO - Processing /opt/airflow/dags/spam_email_etl.py took 0.086 seconds
[2026-04-25T05:34:48.215+0000] {processor.py:161} INFO - Started process (PID=228) to work on /opt/airflow/dags/spam_email_etl.py
[2026-04-25T05:34:48.216+0000] {processor.py:830} INFO - Processing file /opt/airflow/dags/spam_email_etl.py for tasks to queue
[2026-04-25T05:34:48.221+0000] {logging_mixin.py:188} INFO - [2026-04-25T05:34:48.221+0000] {dagbag.py:538} INFO - Filling up the DagBag from /opt/airflow/dags/spam_email_etl.py
[2026-04-25T05:34:48.236+0000] {processor.py:840} INFO - DAG(s) 'spam_email_etl' retrieved from /opt/airflow/dags/spam_email_etl.py
[2026-04-25T05:34:48.261+0000] {logging_mixin.py:188} INFO - [2026-04-25T05:34:48.260+0000] {dag.py:3036} INFO - Sync 1 DAGs
[2026-04-25T05:34:48.278+0000] {logging_mixin.py:188} INFO - [2026-04-25T05:34:48.278+0000] {dag.py:3823} INFO - Setting next_dagrun for spam_email_etl to 2026-04-25 00:00:00+00:00, run_after=2026-04-26 00:00:00+00:00
[2026-04-25T05:34:48.301+0000] {processor.py:183} INFO - Processing /opt/airflow/dags/spam_email_etl.py took 0.089 seconds
[2026-04-25T05:35:18.829+0000] {processor.py:161} INFO - Started process (PID=235) to work on /opt/airflow/dags/spam_email_etl.py
[2026-04-25T05:35:18.830+0000] {processor.py:830} INFO - Processing file /opt/airflow/dags/spam_email_etl.py for tasks to queue
[2026-04-25T05:35:18.833+0000] {logging_mixin.py:188} INFO - [2026-04-25T05:35:18.833+0000] {dagbag.py:538} INFO - Filling up the DagBag from /opt/airflow/dags/spam_email_etl.py
[2026-04-25T05:35:18.842+0000] {processor.py:840} INFO - DAG(s) 'spam_email_etl' retrieved from /opt/airflow/dags/spam_email_etl.py
[2026-04-25T05:35:18.863+0000] {logging_mixin.py:188} INFO - [2026-04-25T05:35:18.863+0000] {dag.py:3036} INFO - Sync 1 DAGs
[2026-04-25T05:35:18.878+0000] {logging_mixin.py:188} INFO - [2026-04-25T05:35:18.878+0000] {dag.py:3823} INFO - Setting next_dagrun for spam_email_etl to 2026-04-25 00:00:00+00:00, run_after=2026-04-26 00:00:00+00:00
[2026-04-25T05:35:18.900+0000] {processor.py:183} INFO - Processing /opt/airflow/dags/spam_email_etl.py took 0.075 seconds
[2026-04-25T05:35:49.436+0000] {processor.py:161} INFO - Started process (PID=242) to work on /opt/airflow/dags/spam_email_etl.py
[2026-04-25T05:35:49.437+0000] {processor.py:830} INFO - Processing file /opt/airflow/dags/spam_email_etl.py for tasks to queue
[2026-04-25T05:35:49.440+0000] {logging_mixin.py:188} INFO - [2026-04-25T05:35:49.439+0000] {dagbag.py:538} INFO - Filling up the DagBag from /opt/airflow/dags/spam_email_etl.py
[2026-04-25T05:35:49.450+0000] {processor.py:840} INFO - DAG(s) 'spam_email_etl' retrieved from /opt/airflow/dags/spam_email_etl.py
[2026-04-25T05:35:49.468+0000] {logging_mixin.py:188} INFO - [2026-04-25T05:35:49.467+0000] {dag.py:3036} INFO - Sync 1 DAGs
[2026-04-25T05:35:49.485+0000] {logging_mixin.py:188} INFO - [2026-04-25T05:35:49.485+0000] {dag.py:3823} INFO - Setting next_dagrun for spam_email_etl to 2026-04-25 00:00:00+00:00, run_after=2026-04-26 00:00:00+00:00
[2026-04-25T05:35:49.503+0000] {processor.py:183} INFO - Processing /opt/airflow/dags/spam_email_etl.py took 0.070 seconds
[2026-04-25T05:36:20.055+0000] {processor.py:161} INFO - Started process (PID=249) to work on /opt/airflow/dags/spam_email_etl.py
[2026-04-25T05:36:20.057+0000] {processor.py:830} INFO - Processing file /opt/airflow/dags/spam_email_etl.py for tasks to queue
[2026-04-25T05:36:20.060+0000] {logging_mixin.py:188} INFO - [2026-04-25T05:36:20.059+0000] {dagbag.py:538} INFO - Filling up the DagBag from /opt/airflow/dags/spam_email_etl.py
[2026-04-25T05:36:20.071+0000] {processor.py:840} INFO - DAG(s) 'spam_email_etl' retrieved from /opt/airflow/dags/spam_email_etl.py
[2026-04-25T05:36:20.092+0000] {logging_mixin.py:188} INFO - [2026-04-25T05:36:20.092+0000] {dag.py:3036} INFO - Sync 1 DAGs
[2026-04-25T05:36:20.107+0000] {logging_mixin.py:188} INFO - [2026-04-25T05:36:20.107+0000] {dag.py:3823} INFO - Setting next_dagrun for spam_email_etl to 2026-04-25 00:00:00+00:00, run_after=2026-04-26 00:00:00+00:00
[2026-04-25T05:36:20.125+0000] {processor.py:183} INFO - Processing /opt/airflow/dags/spam_email_etl.py took 0.074 seconds
[2026-04-25T05:36:50.660+0000] {processor.py:161} INFO - Started process (PID=256) to work on /opt/airflow/dags/spam_email_etl.py
[2026-04-25T05:36:50.661+0000] {processor.py:830} INFO - Processing file /opt/airflow/dags/spam_email_etl.py for tasks to queue
[2026-04-25T05:36:50.663+0000] {logging_mixin.py:188} INFO - [2026-04-25T05:36:50.663+0000] {dagbag.py:538} INFO - Filling up the DagBag from /opt/airflow/dags/spam_email_etl.py
[2026-04-25T05:36:50.673+0000] {processor.py:840} INFO - DAG(s) 'spam_email_etl' retrieved from /opt/airflow/dags/spam_email_etl.py
[2026-04-25T05:36:50.690+0000] {logging_mixin.py:188} INFO - [2026-04-25T05:36:50.690+0000] {dag.py:3036} INFO - Sync 1 DAGs
[2026-04-25T05:36:50.708+0000] {logging_mixin.py:188} INFO - [2026-04-25T05:36:50.708+0000] {dag.py:3823} INFO - Setting next_dagrun for spam_email_etl to 2026-04-25 00:00:00+00:00, run_after=2026-04-26 00:00:00+00:00
[2026-04-25T05:36:50.726+0000] {processor.py:183} INFO - Processing /opt/airflow/dags/spam_email_etl.py took 0.070 seconds
[2026-04-25T05:37:21.284+0000] {processor.py:161} INFO - Started process (PID=263) to work on /opt/airflow/dags/spam_email_etl.py
[2026-04-25T05:37:21.285+0000] {processor.py:830} INFO - Processing file /opt/airflow/dags/spam_email_etl.py for tasks to queue
[2026-04-25T05:37:21.286+0000] {logging_mixin.py:188} INFO - [2026-04-25T05:37:21.286+0000] {dagbag.py:538} INFO - Filling up the DagBag from /opt/airflow/dags/spam_email_etl.py
[2026-04-25T05:37:21.293+0000] {processor.py:840} INFO - DAG(s) 'spam_email_etl' retrieved from /opt/airflow/dags/spam_email_etl.py
[2026-04-25T05:37:21.311+0000] {logging_mixin.py:188} INFO - [2026-04-25T05:37:21.310+0000] {dag.py:3036} INFO - Sync 1 DAGs
[2026-04-25T05:37:21.330+0000] {logging_mixin.py:188} INFO - [2026-04-25T05:37:21.330+0000] {dag.py:3823} INFO - Setting next_dagrun for spam_email_etl to 2026-04-25 00:00:00+00:00, run_after=2026-04-26 00:00:00+00:00
[2026-04-25T05:37:21.345+0000] {processor.py:183} INFO - Processing /opt/airflow/dags/spam_email_etl.py took 0.065 seconds
[2026-04-25T05:37:51.894+0000] {processor.py:161} INFO - Started process (PID=270) to work on /opt/airflow/dags/spam_email_etl.py
[2026-04-25T05:37:51.895+0000] {processor.py:830} INFO - Processing file /opt/airflow/dags/spam_email_etl.py for tasks to queue
[2026-04-25T05:37:51.899+0000] {logging_mixin.py:188} INFO - [2026-04-25T05:37:51.898+0000] {dagbag.py:538} INFO - Filling up the DagBag from /opt/airflow/dags/spam_email_etl.py
[2026-04-25T05:37:51.911+0000] {processor.py:840} INFO - DAG(s) 'spam_email_etl' retrieved from /opt/airflow/dags/spam_email_etl.py
[2026-04-25T05:37:51.935+0000] {logging_mixin.py:188} INFO - [2026-04-25T05:37:51.935+0000] {dag.py:3036} INFO - Sync 1 DAGs
[2026-04-25T05:37:51.956+0000] {logging_mixin.py:188} INFO - [2026-04-25T05:37:51.956+0000] {dag.py:3823} INFO - Setting next_dagrun for spam_email_etl to 2026-04-25 00:00:00+00:00, run_after=2026-04-26 00:00:00+00:00
[2026-04-25T05:37:51.971+0000] {processor.py:183} INFO - Processing /opt/airflow/dags/spam_email_etl.py took 0.081 seconds
[2026-04-25T06:12:18.668+0000] {processor.py:161} INFO - Started process (PID=277) to work on /opt/airflow/dags/spam_email_etl.py
[2026-04-25T06:12:18.671+0000] {processor.py:830} INFO - Processing file /opt/airflow/dags/spam_email_etl.py for tasks to queue
[2026-04-25T06:12:18.676+0000] {logging_mixin.py:188} INFO - [2026-04-25T06:12:18.676+0000] {dagbag.py:538} INFO - Filling up the DagBag from /opt/airflow/dags/spam_email_etl.py
[2026-04-25T06:12:18.694+0000] {processor.py:840} INFO - DAG(s) 'spam_email_etl' retrieved from /opt/airflow/dags/spam_email_etl.py
[2026-04-25T06:12:18.722+0000] {logging_mixin.py:188} INFO - [2026-04-25T06:12:18.721+0000] {dag.py:3036} INFO - Sync 1 DAGs
[2026-04-25T06:12:18.743+0000] {logging_mixin.py:188} INFO - [2026-04-25T06:12:18.743+0000] {dag.py:3823} INFO - Setting next_dagrun for spam_email_etl to 2026-04-25 00:00:00+00:00, run_after=2026-04-26 00:00:00+00:00
[2026-04-25T06:12:18.761+0000] {processor.py:183} INFO - Processing /opt/airflow/dags/spam_email_etl.py took 0.098 seconds
[2026-04-25T06:15:35.638+0000] {processor.py:161} INFO - Started process (PID=284) to work on /opt/airflow/dags/spam_email_etl.py
[2026-04-25T06:15:35.640+0000] {processor.py:830} INFO - Processing file /opt/airflow/dags/spam_email_etl.py for tasks to queue
[2026-04-25T06:15:35.643+0000] {logging_mixin.py:188} INFO - [2026-04-25T06:15:35.642+0000] {dagbag.py:538} INFO - Filling up the DagBag from /opt/airflow/dags/spam_email_etl.py
[2026-04-25T06:15:35.655+0000] {processor.py:840} INFO - DAG(s) 'spam_email_etl' retrieved from /opt/airflow/dags/spam_email_etl.py
[2026-04-25T06:15:35.686+0000] {logging_mixin.py:188} INFO - [2026-04-25T06:15:35.686+0000] {dag.py:3036} INFO - Sync 1 DAGs
[2026-04-25T06:15:35.715+0000] {logging_mixin.py:188} INFO - [2026-04-25T06:15:35.714+0000] {dag.py:3823} INFO - Setting next_dagrun for spam_email_etl to 2026-04-25 00:00:00+00:00, run_after=2026-04-26 00:00:00+00:00
[2026-04-25T06:15:35.742+0000] {processor.py:183} INFO - Processing /opt/airflow/dags/spam_email_etl.py took 0.107 seconds
[2026-04-25T06:16:48.391+0000] {processor.py:161} INFO - Started process (PID=291) to work on /opt/airflow/dags/spam_email_etl.py
[2026-04-25T06:16:48.392+0000] {processor.py:830} INFO - Processing file /opt/airflow/dags/spam_email_etl.py for tasks to queue
[2026-04-25T06:16:48.393+0000] {logging_mixin.py:188} INFO - [2026-04-25T06:16:48.393+0000] {dagbag.py:538} INFO - Filling up the DagBag from /opt/airflow/dags/spam_email_etl.py
[2026-04-25T06:16:48.403+0000] {processor.py:840} INFO - DAG(s) 'spam_email_etl' retrieved from /opt/airflow/dags/spam_email_etl.py
[2026-04-25T06:16:48.424+0000] {logging_mixin.py:188} INFO - [2026-04-25T06:16:48.424+0000] {dag.py:3036} INFO - Sync 1 DAGs
[2026-04-25T06:16:48.438+0000] {logging_mixin.py:188} INFO - [2026-04-25T06:16:48.438+0000] {dag.py:3823} INFO - Setting next_dagrun for spam_email_etl to 2026-04-25 00:00:00+00:00, run_after=2026-04-26 00:00:00+00:00
[2026-04-25T06:16:48.453+0000] {processor.py:183} INFO - Processing /opt/airflow/dags/spam_email_etl.py took 0.064 seconds
[2026-04-25T06:43:49.500+0000] {processor.py:161} INFO - Started process (PID=298) to work on /opt/airflow/dags/spam_email_etl.py
[2026-04-25T06:43:49.502+0000] {processor.py:830} INFO - Processing file /opt/airflow/dags/spam_email_etl.py for tasks to queue
[2026-04-25T06:43:49.505+0000] {logging_mixin.py:188} INFO - [2026-04-25T06:43:49.505+0000] {dagbag.py:538} INFO - Filling up the DagBag from /opt/airflow/dags/spam_email_etl.py
[2026-04-25T06:43:49.515+0000] {processor.py:840} INFO - DAG(s) 'spam_email_etl' retrieved from /opt/airflow/dags/spam_email_etl.py
[2026-04-25T06:43:49.537+0000] {logging_mixin.py:188} INFO - [2026-04-25T06:43:49.536+0000] {dag.py:3036} INFO - Sync 1 DAGs
[2026-04-25T06:43:49.554+0000] {logging_mixin.py:188} INFO - [2026-04-25T06:43:49.554+0000] {dag.py:3823} INFO - Setting next_dagrun for spam_email_etl to 2026-04-25 00:00:00+00:00, run_after=2026-04-26 00:00:00+00:00
[2026-04-25T06:43:49.575+0000] {processor.py:183} INFO - Processing /opt/airflow/dags/spam_email_etl.py took 0.077 seconds
[2026-04-25T06:44:20.381+0000] {processor.py:161} INFO - Started process (PID=305) to work on /opt/airflow/dags/spam_email_etl.py
[2026-04-25T06:44:20.382+0000] {processor.py:830} INFO - Processing file /opt/airflow/dags/spam_email_etl.py for tasks to queue
[2026-04-25T06:44:20.383+0000] {logging_mixin.py:188} INFO - [2026-04-25T06:44:20.383+0000] {dagbag.py:538} INFO - Filling up the DagBag from /opt/airflow/dags/spam_email_etl.py
[2026-04-25T06:44:20.391+0000] {processor.py:840} INFO - DAG(s) 'spam_email_etl' retrieved from /opt/airflow/dags/spam_email_etl.py
[2026-04-25T06:44:20.412+0000] {logging_mixin.py:188} INFO - [2026-04-25T06:44:20.411+0000] {dag.py:3036} INFO - Sync 1 DAGs
[2026-04-25T06:44:20.427+0000] {logging_mixin.py:188} INFO - [2026-04-25T06:44:20.427+0000] {dag.py:3823} INFO - Setting next_dagrun for spam_email_etl to 2026-04-25 00:00:00+00:00, run_after=2026-04-26 00:00:00+00:00
[2026-04-25T06:44:20.444+0000] {processor.py:183} INFO - Processing /opt/airflow/dags/spam_email_etl.py took 0.065 seconds
[2026-04-25T07:25:29.105+0000] {processor.py:161} INFO - Started process (PID=312) to work on /opt/airflow/dags/spam_email_etl.py
[2026-04-25T07:25:29.107+0000] {processor.py:830} INFO - Processing file /opt/airflow/dags/spam_email_etl.py for tasks to queue
[2026-04-25T07:25:29.109+0000] {logging_mixin.py:188} INFO - [2026-04-25T07:25:29.109+0000] {dagbag.py:538} INFO - Filling up the DagBag from /opt/airflow/dags/spam_email_etl.py
[2026-04-25T07:25:29.124+0000] {processor.py:840} INFO - DAG(s) 'spam_email_etl' retrieved from /opt/airflow/dags/spam_email_etl.py
[2026-04-25T07:25:29.152+0000] {logging_mixin.py:188} INFO - [2026-04-25T07:25:29.152+0000] {dag.py:3036} INFO - Sync 1 DAGs
[2026-04-25T07:25:29.174+0000] {logging_mixin.py:188} INFO - [2026-04-25T07:25:29.174+0000] {dag.py:3823} INFO - Setting next_dagrun for spam_email_etl to 2026-04-25 00:00:00+00:00, run_after=2026-04-26 00:00:00+00:00
[2026-04-25T07:25:29.193+0000] {processor.py:183} INFO - Processing /opt/airflow/dags/spam_email_etl.py took 0.092 seconds
[2026-04-25T07:38:41.123+0000] {processor.py:161} INFO - Started process (PID=319) to work on /opt/airflow/dags/spam_email_etl.py
[2026-04-25T07:38:41.124+0000] {processor.py:830} INFO - Processing file /opt/airflow/dags/spam_email_etl.py for tasks to queue
[2026-04-25T07:38:41.128+0000] {logging_mixin.py:188} INFO - [2026-04-25T07:38:41.128+0000] {dagbag.py:538} INFO - Filling up the DagBag from /opt/airflow/dags/spam_email_etl.py
[2026-04-25T07:38:41.152+0000] {processor.py:840} INFO - DAG(s) 'spam_email_etl' retrieved from /opt/airflow/dags/spam_email_etl.py
[2026-04-25T07:38:41.184+0000] {logging_mixin.py:188} INFO - [2026-04-25T07:38:41.184+0000] {dag.py:3036} INFO - Sync 1 DAGs
[2026-04-25T07:38:41.210+0000] {logging_mixin.py:188} INFO - [2026-04-25T07:38:41.210+0000] {dag.py:3823} INFO - Setting next_dagrun for spam_email_etl to 2026-04-25 00:00:00+00:00, run_after=2026-04-26 00:00:00+00:00
[2026-04-25T07:38:41.235+0000] {processor.py:183} INFO - Processing /opt/airflow/dags/spam_email_etl.py took 0.118 seconds
[2026-04-25T08:03:28.797+0000] {processor.py:161} INFO - Started process (PID=326) to work on /opt/airflow/dags/spam_email_etl.py
[2026-04-25T08:03:28.798+0000] {processor.py:830} INFO - Processing file /opt/airflow/dags/spam_email_etl.py for tasks to queue
[2026-04-25T08:03:28.800+0000] {logging_mixin.py:188} INFO - [2026-04-25T08:03:28.800+0000] {dagbag.py:538} INFO - Filling up the DagBag from /opt/airflow/dags/spam_email_etl.py
[2026-04-25T08:03:28.812+0000] {processor.py:840} INFO - DAG(s) 'spam_email_etl' retrieved from /opt/airflow/dags/spam_email_etl.py
[2026-04-25T08:03:28.835+0000] {logging_mixin.py:188} INFO - [2026-04-25T08:03:28.834+0000] {dag.py:3036} INFO - Sync 1 DAGs
[2026-04-25T08:03:28.854+0000] {logging_mixin.py:188} INFO - [2026-04-25T08:03:28.854+0000] {dag.py:3823} INFO - Setting next_dagrun for spam_email_etl to 2026-04-25 00:00:00+00:00, run_after=2026-04-26 00:00:00+00:00
[2026-04-25T08:03:28.874+0000] {processor.py:183} INFO - Processing /opt/airflow/dags/spam_email_etl.py took 0.078 seconds
[2026-04-25T08:03:59.382+0000] {processor.py:161} INFO - Started process (PID=333) to work on /opt/airflow/dags/spam_email_etl.py
[2026-04-25T08:03:59.383+0000] {processor.py:830} INFO - Processing file /opt/airflow/dags/spam_email_etl.py for tasks to queue
[2026-04-25T08:03:59.386+0000] {logging_mixin.py:188} INFO - [2026-04-25T08:03:59.386+0000] {dagbag.py:538} INFO - Filling up the DagBag from /opt/airflow/dags/spam_email_etl.py
[2026-04-25T08:03:59.394+0000] {processor.py:840} INFO - DAG(s) 'spam_email_etl' retrieved from /opt/airflow/dags/spam_email_etl.py
[2026-04-25T08:03:59.420+0000] {logging_mixin.py:188} INFO - [2026-04-25T08:03:59.419+0000] {dag.py:3036} INFO - Sync 1 DAGs
[2026-04-25T08:03:59.435+0000] {logging_mixin.py:188} INFO - [2026-04-25T08:03:59.435+0000] {dag.py:3823} INFO - Setting next_dagrun for spam_email_etl to 2026-04-25 00:00:00+00:00, run_after=2026-04-26 00:00:00+00:00
[2026-04-25T08:03:59.452+0000] {processor.py:183} INFO - Processing /opt/airflow/dags/spam_email_etl.py took 0.072 seconds
[2026-04-25T08:52:39.235+0000] {processor.py:161} INFO - Started process (PID=340) to work on /opt/airflow/dags/spam_email_etl.py
[2026-04-25T08:52:39.236+0000] {processor.py:830} INFO - Processing file /opt/airflow/dags/spam_email_etl.py for tasks to queue
[2026-04-25T08:52:39.239+0000] {logging_mixin.py:188} INFO - [2026-04-25T08:52:39.238+0000] {dagbag.py:538} INFO - Filling up the DagBag from /opt/airflow/dags/spam_email_etl.py
[2026-04-25T08:52:39.255+0000] {processor.py:840} INFO - DAG(s) 'spam_email_etl' retrieved from /opt/airflow/dags/spam_email_etl.py
[2026-04-25T08:52:39.279+0000] {logging_mixin.py:188} INFO - [2026-04-25T08:52:39.279+0000] {dag.py:3036} INFO - Sync 1 DAGs
[2026-04-25T08:52:39.301+0000] {logging_mixin.py:188} INFO - [2026-04-25T08:52:39.301+0000] {dag.py:3823} INFO - Setting next_dagrun for spam_email_etl to 2026-04-25 00:00:00+00:00, run_after=2026-04-26 00:00:00+00:00
[2026-04-25T08:52:39.323+0000] {processor.py:183} INFO - Processing /opt/airflow/dags/spam_email_etl.py took 0.091 seconds
[2026-04-25T10:31:08.464+0000] {processor.py:161} INFO - Started process (PID=347) to work on /opt/airflow/dags/spam_email_etl.py
[2026-04-25T10:31:08.467+0000] {processor.py:830} INFO - Processing file /opt/airflow/dags/spam_email_etl.py for tasks to queue
[2026-04-25T10:31:08.474+0000] {logging_mixin.py:188} INFO - [2026-04-25T10:31:08.474+0000] {dagbag.py:538} INFO - Filling up the DagBag from /opt/airflow/dags/spam_email_etl.py
[2026-04-25T10:31:08.498+0000] {processor.py:840} INFO - DAG(s) 'spam_email_etl' retrieved from /opt/airflow/dags/spam_email_etl.py
[2026-04-25T10:31:08.534+0000] {logging_mixin.py:188} INFO - [2026-04-25T10:31:08.533+0000] {dag.py:3036} INFO - Sync 1 DAGs
[2026-04-25T10:31:08.560+0000] {logging_mixin.py:188} INFO - [2026-04-25T10:31:08.560+0000] {dag.py:3823} INFO - Setting next_dagrun for spam_email_etl to 2026-04-25 00:00:00+00:00, run_after=2026-04-26 00:00:00+00:00
[2026-04-25T10:31:08.629+0000] {processor.py:183} INFO - Processing /opt/airflow/dags/spam_email_etl.py took 0.171 seconds
[2026-04-25T11:36:09.514+0000] {processor.py:161} INFO - Started process (PID=354) to work on /opt/airflow/dags/spam_email_etl.py
[2026-04-25T11:36:09.517+0000] {processor.py:830} INFO - Processing file /opt/airflow/dags/spam_email_etl.py for tasks to queue
[2026-04-25T11:36:09.519+0000] {logging_mixin.py:188} INFO - [2026-04-25T11:36:09.519+0000] {dagbag.py:538} INFO - Filling up the DagBag from /opt/airflow/dags/spam_email_etl.py
[2026-04-25T11:36:09.533+0000] {processor.py:840} INFO - DAG(s) 'spam_email_etl' retrieved from /opt/airflow/dags/spam_email_etl.py
[2026-04-25T11:36:09.554+0000] {logging_mixin.py:188} INFO - [2026-04-25T11:36:09.554+0000] {dag.py:3036} INFO - Sync 1 DAGs
[2026-04-25T11:36:09.574+0000] {logging_mixin.py:188} INFO - [2026-04-25T11:36:09.574+0000] {dag.py:3823} INFO - Setting next_dagrun for spam_email_etl to 2026-04-25 00:00:00+00:00, run_after=2026-04-26 00:00:00+00:00
[2026-04-25T11:36:09.593+0000] {processor.py:183} INFO - Processing /opt/airflow/dags/spam_email_etl.py took 0.082 seconds
[2026-04-25T13:18:40.998+0000] {processor.py:161} INFO - Started process (PID=361) to work on /opt/airflow/dags/spam_email_etl.py
[2026-04-25T13:18:40.999+0000] {processor.py:830} INFO - Processing file /opt/airflow/dags/spam_email_etl.py for tasks to queue
[2026-04-25T13:18:41.002+0000] {logging_mixin.py:188} INFO - [2026-04-25T13:18:41.002+0000] {dagbag.py:538} INFO - Filling up the DagBag from /opt/airflow/dags/spam_email_etl.py
[2026-04-25T13:18:41.016+0000] {processor.py:840} INFO - DAG(s) 'spam_email_etl' retrieved from /opt/airflow/dags/spam_email_etl.py
[2026-04-25T13:18:41.042+0000] {logging_mixin.py:188} INFO - [2026-04-25T13:18:41.042+0000] {dag.py:3036} INFO - Sync 1 DAGs
[2026-04-25T13:18:41.060+0000] {logging_mixin.py:188} INFO - [2026-04-25T13:18:41.060+0000] {dag.py:3823} INFO - Setting next_dagrun for spam_email_etl to 2026-04-25 00:00:00+00:00, run_after=2026-04-26 00:00:00+00:00
[2026-04-25T13:18:41.083+0000] {processor.py:183} INFO - Processing /opt/airflow/dags/spam_email_etl.py took 0.088 seconds
[2026-04-25T15:01:13.068+0000] {processor.py:161} INFO - Started process (PID=368) to work on /opt/airflow/dags/spam_email_etl.py
[2026-04-25T15:01:13.069+0000] {processor.py:830} INFO - Processing file /opt/airflow/dags/spam_email_etl.py for tasks to queue
[2026-04-25T15:01:13.072+0000] {logging_mixin.py:188} INFO - [2026-04-25T15:01:13.072+0000] {dagbag.py:538} INFO - Filling up the DagBag from /opt/airflow/dags/spam_email_etl.py
[2026-04-25T15:01:13.081+0000] {processor.py:840} INFO - DAG(s) 'spam_email_etl' retrieved from /opt/airflow/dags/spam_email_etl.py
[2026-04-25T15:01:13.107+0000] {logging_mixin.py:188} INFO - [2026-04-25T15:01:13.107+0000] {dag.py:3036} INFO - Sync 1 DAGs
[2026-04-25T15:01:13.122+0000] {logging_mixin.py:188} INFO - [2026-04-25T15:01:13.122+0000] {dag.py:3823} INFO - Setting next_dagrun for spam_email_etl to 2026-04-25 00:00:00+00:00, run_after=2026-04-26 00:00:00+00:00
[2026-04-25T15:01:13.140+0000] {processor.py:183} INFO - Processing /opt/airflow/dags/spam_email_etl.py took 0.075 seconds
[2026-04-25T16:25:08.104+0000] {processor.py:161} INFO - Started process (PID=375) to work on /opt/airflow/dags/spam_email_etl.py
[2026-04-25T16:25:08.105+0000] {processor.py:830} INFO - Processing file /opt/airflow/dags/spam_email_etl.py for tasks to queue
[2026-04-25T16:25:08.107+0000] {logging_mixin.py:188} INFO - [2026-04-25T16:25:08.107+0000] {dagbag.py:538} INFO - Filling up the DagBag from /opt/airflow/dags/spam_email_etl.py
[2026-04-25T16:25:08.122+0000] {processor.py:840} INFO - DAG(s) 'spam_email_etl' retrieved from /opt/airflow/dags/spam_email_etl.py
[2026-04-25T16:25:08.152+0000] {logging_mixin.py:188} INFO - [2026-04-25T16:25:08.151+0000] {dag.py:3036} INFO - Sync 1 DAGs
[2026-04-25T16:25:08.174+0000] {logging_mixin.py:188} INFO - [2026-04-25T16:25:08.174+0000] {dag.py:3823} INFO - Setting next_dagrun for spam_email_etl to 2026-04-25 00:00:00+00:00, run_after=2026-04-26 00:00:00+00:00
[2026-04-25T16:25:08.201+0000] {processor.py:183} INFO - Processing /opt/airflow/dags/spam_email_etl.py took 0.100 seconds
[2026-04-25T17:10:11.794+0000] {processor.py:161} INFO - Started process (PID=382) to work on /opt/airflow/dags/spam_email_etl.py
[2026-04-25T17:10:11.797+0000] {processor.py:830} INFO - Processing file /opt/airflow/dags/spam_email_etl.py for tasks to queue
[2026-04-25T17:10:11.799+0000] {logging_mixin.py:188} INFO - [2026-04-25T17:10:11.799+0000] {dagbag.py:538} INFO - Filling up the DagBag from /opt/airflow/dags/spam_email_etl.py
[2026-04-25T17:10:11.817+0000] {processor.py:840} INFO - DAG(s) 'spam_email_etl' retrieved from /opt/airflow/dags/spam_email_etl.py
[2026-04-25T17:10:11.844+0000] {logging_mixin.py:188} INFO - [2026-04-25T17:10:11.844+0000] {dag.py:3036} INFO - Sync 1 DAGs
[2026-04-25T17:10:11.868+0000] {logging_mixin.py:188} INFO - [2026-04-25T17:10:11.868+0000] {dag.py:3823} INFO - Setting next_dagrun for spam_email_etl to 2026-04-25 00:00:00+00:00, run_after=2026-04-26 00:00:00+00:00
[2026-04-25T17:10:11.891+0000] {processor.py:183} INFO - Processing /opt/airflow/dags/spam_email_etl.py took 0.101 seconds
[2026-04-25T17:19:08.638+0000] {processor.py:161} INFO - Started process (PID=389) to work on /opt/airflow/dags/spam_email_etl.py
[2026-04-25T17:19:08.639+0000] {processor.py:830} INFO - Processing file /opt/airflow/dags/spam_email_etl.py for tasks to queue
[2026-04-25T17:19:08.641+0000] {logging_mixin.py:188} INFO - [2026-04-25T17:19:08.640+0000] {dagbag.py:538} INFO - Filling up the DagBag from /opt/airflow/dags/spam_email_etl.py
[2026-04-25T17:19:08.649+0000] {processor.py:840} INFO - DAG(s) 'spam_email_etl' retrieved from /opt/airflow/dags/spam_email_etl.py
[2026-04-25T17:19:08.672+0000] {logging_mixin.py:188} INFO - [2026-04-25T17:19:08.672+0000] {dag.py:3036} INFO - Sync 1 DAGs
[2026-04-25T17:19:08.694+0000] {logging_mixin.py:188} INFO - [2026-04-25T17:19:08.694+0000] {dag.py:3823} INFO - Setting next_dagrun for spam_email_etl to 2026-04-25 00:00:00+00:00, run_after=2026-04-26 00:00:00+00:00
[2026-04-25T17:19:08.712+0000] {processor.py:183} INFO - Processing /opt/airflow/dags/spam_email_etl.py took 0.077 seconds
[2026-04-25T17:19:39.267+0000] {processor.py:161} INFO - Started process (PID=396) to work on /opt/airflow/dags/spam_email_etl.py
[2026-04-25T17:19:39.268+0000] {processor.py:830} INFO - Processing file /opt/airflow/dags/spam_email_etl.py for tasks to queue
[2026-04-25T17:19:39.271+0000] {logging_mixin.py:188} INFO - [2026-04-25T17:19:39.271+0000] {dagbag.py:538} INFO - Filling up the DagBag from /opt/airflow/dags/spam_email_etl.py
[2026-04-25T17:19:39.279+0000] {processor.py:840} INFO - DAG(s) 'spam_email_etl' retrieved from /opt/airflow/dags/spam_email_etl.py
[2026-04-25T17:19:39.303+0000] {logging_mixin.py:188} INFO - [2026-04-25T17:19:39.303+0000] {dag.py:3036} INFO - Sync 1 DAGs
[2026-04-25T17:19:39.319+0000] {logging_mixin.py:188} INFO - [2026-04-25T17:19:39.319+0000] {dag.py:3823} INFO - Setting next_dagrun for spam_email_etl to 2026-04-25 00:00:00+00:00, run_after=2026-04-26 00:00:00+00:00
[2026-04-25T17:19:39.336+0000] {processor.py:183} INFO - Processing /opt/airflow/dags/spam_email_etl.py took 0.072 seconds
[2026-04-25T18:17:56.222+0000] {processor.py:161} INFO - Started process (PID=403) to work on /opt/airflow/dags/spam_email_etl.py
[2026-04-25T18:17:56.224+0000] {processor.py:830} INFO - Processing file /opt/airflow/dags/spam_email_etl.py for tasks to queue
[2026-04-25T18:17:56.227+0000] {logging_mixin.py:188} INFO - [2026-04-25T18:17:56.227+0000] {dagbag.py:538} INFO - Filling up the DagBag from /opt/airflow/dags/spam_email_etl.py
[2026-04-25T18:17:56.245+0000] {processor.py:840} INFO - DAG(s) 'spam_email_etl' retrieved from /opt/airflow/dags/spam_email_etl.py
[2026-04-25T18:17:56.269+0000] {logging_mixin.py:188} INFO - [2026-04-25T18:17:56.269+0000] {dag.py:3036} INFO - Sync 1 DAGs
[2026-04-25T18:17:56.291+0000] {logging_mixin.py:188} INFO - [2026-04-25T18:17:56.291+0000] {dag.py:3823} INFO - Setting next_dagrun for spam_email_etl to 2026-04-25 00:00:00+00:00, run_after=2026-04-26 00:00:00+00:00
[2026-04-25T18:17:56.316+0000] {processor.py:183} INFO - Processing /opt/airflow/dags/spam_email_etl.py took 0.097 seconds
[2026-04-25T18:20:37.605+0000] {processor.py:161} INFO - Started process (PID=410) to work on /opt/airflow/dags/spam_email_etl.py
[2026-04-25T18:20:37.606+0000] {processor.py:830} INFO - Processing file /opt/airflow/dags/spam_email_etl.py for tasks to queue
[2026-04-25T18:20:37.608+0000] {logging_mixin.py:188} INFO - [2026-04-25T18:20:37.608+0000] {dagbag.py:538} INFO - Filling up the DagBag from /opt/airflow/dags/spam_email_etl.py
[2026-04-25T18:20:37.620+0000] {processor.py:840} INFO - DAG(s) 'spam_email_etl' retrieved from /opt/airflow/dags/spam_email_etl.py
[2026-04-25T18:20:37.647+0000] {logging_mixin.py:188} INFO - [2026-04-25T18:20:37.647+0000] {dag.py:3036} INFO - Sync 1 DAGs
[2026-04-25T18:20:37.667+0000] {logging_mixin.py:188} INFO - [2026-04-25T18:20:37.667+0000] {dag.py:3823} INFO - Setting next_dagrun for spam_email_etl to 2026-04-25 00:00:00+00:00, run_after=2026-04-26 00:00:00+00:00
[2026-04-25T18:20:37.695+0000] {processor.py:183} INFO - Processing /opt/airflow/dags/spam_email_etl.py took 0.093 seconds
[2026-04-25T18:43:11.962+0000] {processor.py:161} INFO - Started process (PID=417) to work on /opt/airflow/dags/spam_email_etl.py
[2026-04-25T18:43:11.963+0000] {processor.py:830} INFO - Processing file /opt/airflow/dags/spam_email_etl.py for tasks to queue
[2026-04-25T18:43:11.965+0000] {logging_mixin.py:188} INFO - [2026-04-25T18:43:11.964+0000] {dagbag.py:538} INFO - Filling up the DagBag from /opt/airflow/dags/spam_email_etl.py
[2026-04-25T18:43:11.975+0000] {processor.py:840} INFO - DAG(s) 'spam_email_etl' retrieved from /opt/airflow/dags/spam_email_etl.py
[2026-04-25T18:43:11.998+0000] {logging_mixin.py:188} INFO - [2026-04-25T18:43:11.998+0000] {dag.py:3036} INFO - Sync 1 DAGs
[2026-04-25T18:43:12.014+0000] {logging_mixin.py:188} INFO - [2026-04-25T18:43:12.014+0000] {dag.py:3823} INFO - Setting next_dagrun for spam_email_etl to 2026-04-25 00:00:00+00:00, run_after=2026-04-26 00:00:00+00:00
[2026-04-25T18:43:12.026+0000] {processor.py:183} INFO - Processing /opt/airflow/dags/spam_email_etl.py took 0.066 seconds
[2026-04-25T18:52:28.031+0000] {processor.py:161} INFO - Started process (PID=424) to work on /opt/airflow/dags/spam_email_etl.py
[2026-04-25T18:52:28.032+0000] {processor.py:830} INFO - Processing file /opt/airflow/dags/spam_email_etl.py for tasks to queue
[2026-04-25T18:52:28.034+0000] {logging_mixin.py:188} INFO - [2026-04-25T18:52:28.034+0000] {dagbag.py:538} INFO - Filling up the DagBag from /opt/airflow/dags/spam_email_etl.py
[2026-04-25T18:52:28.044+0000] {processor.py:840} INFO - DAG(s) 'spam_email_etl' retrieved from /opt/airflow/dags/spam_email_etl.py
[2026-04-25T18:52:28.073+0000] {logging_mixin.py:188} INFO - [2026-04-25T18:52:28.072+0000] {dag.py:3036} INFO - Sync 1 DAGs
[2026-04-25T18:52:28.094+0000] {logging_mixin.py:188} INFO - [2026-04-25T18:52:28.094+0000] {dag.py:3823} INFO - Setting next_dagrun for spam_email_etl to 2026-04-25 00:00:00+00:00, run_after=2026-04-26 00:00:00+00:00
[2026-04-25T18:52:28.118+0000] {processor.py:183} INFO - Processing /opt/airflow/dags/spam_email_etl.py took 0.090 seconds
[2026-04-25T18:57:56.820+0000] {processor.py:161} INFO - Started process (PID=431) to work on /opt/airflow/dags/spam_email_etl.py
[2026-04-25T18:57:56.822+0000] {processor.py:830} INFO - Processing file /opt/airflow/dags/spam_email_etl.py for tasks to queue
[2026-04-25T18:57:56.827+0000] {logging_mixin.py:188} INFO - [2026-04-25T18:57:56.827+0000] {dagbag.py:538} INFO - Filling up the DagBag from /opt/airflow/dags/spam_email_etl.py
[2026-04-25T18:57:56.850+0000] {processor.py:840} INFO - DAG(s) 'spam_email_etl' retrieved from /opt/airflow/dags/spam_email_etl.py
[2026-04-25T18:57:56.879+0000] {logging_mixin.py:188} INFO - [2026-04-25T18:57:56.879+0000] {dag.py:3036} INFO - Sync 1 DAGs
[2026-04-25T18:57:56.902+0000] {logging_mixin.py:188} INFO - [2026-04-25T18:57:56.902+0000] {dag.py:3823} INFO - Setting next_dagrun for spam_email_etl to 2026-04-25 00:00:00+00:00, run_after=2026-04-26 00:00:00+00:00
[2026-04-25T18:57:56.924+0000] {processor.py:183} INFO - Processing /opt/airflow/dags/spam_email_etl.py took 0.108 seconds
[2026-04-25T18:59:27.316+0000] {processor.py:161} INFO - Started process (PID=438) to work on /opt/airflow/dags/spam_email_etl.py
[2026-04-25T18:59:27.317+0000] {processor.py:830} INFO - Processing file /opt/airflow/dags/spam_email_etl.py for tasks to queue
[2026-04-25T18:59:27.318+0000] {logging_mixin.py:188} INFO - [2026-04-25T18:59:27.318+0000] {dagbag.py:538} INFO - Filling up the DagBag from /opt/airflow/dags/spam_email_etl.py
[2026-04-25T18:59:27.330+0000] {processor.py:840} INFO - DAG(s) 'spam_email_etl' retrieved from /opt/airflow/dags/spam_email_etl.py
[2026-04-25T18:59:27.351+0000] {logging_mixin.py:188} INFO - [2026-04-25T18:59:27.351+0000] {dag.py:3036} INFO - Sync 1 DAGs
[2026-04-25T18:59:27.372+0000] {logging_mixin.py:188} INFO - [2026-04-25T18:59:27.372+0000] {dag.py:3823} INFO - Setting next_dagrun for spam_email_etl to 2026-04-25 00:00:00+00:00, run_after=2026-04-26 00:00:00+00:00
[2026-04-25T18:59:27.391+0000] {processor.py:183} INFO - Processing /opt/airflow/dags/spam_email_etl.py took 0.076 seconds
[2026-04-25T19:02:26.206+0000] {processor.py:161} INFO - Started process (PID=445) to work on /opt/airflow/dags/spam_email_etl.py
[2026-04-25T19:02:26.207+0000] {processor.py:830} INFO - Processing file /opt/airflow/dags/spam_email_etl.py for tasks to queue
[2026-04-25T19:02:26.209+0000] {logging_mixin.py:188} INFO - [2026-04-25T19:02:26.209+0000] {dagbag.py:538} INFO - Filling up the DagBag from /opt/airflow/dags/spam_email_etl.py
[2026-04-25T19:02:26.219+0000] {processor.py:840} INFO - DAG(s) 'spam_email_etl' retrieved from /opt/airflow/dags/spam_email_etl.py
[2026-04-25T19:02:26.239+0000] {logging_mixin.py:188} INFO - [2026-04-25T19:02:26.239+0000] {dag.py:3036} INFO - Sync 1 DAGs
[2026-04-25T19:02:26.263+0000] {logging_mixin.py:188} INFO - [2026-04-25T19:02:26.260+0000] {dag.py:3823} INFO - Setting next_dagrun for spam_email_etl to 2026-04-25 00:00:00+00:00, run_after=2026-04-26 00:00:00+00:00
[2026-04-25T19:02:26.283+0000] {processor.py:183} INFO - Processing /opt/airflow/dags/spam_email_etl.py took 0.079 seconds
[2026-04-25T19:19:58.698+0000] {processor.py:161} INFO - Started process (PID=452) to work on /opt/airflow/dags/spam_email_etl.py
[2026-04-25T19:19:58.699+0000] {processor.py:830} INFO - Processing file /opt/airflow/dags/spam_email_etl.py for tasks to queue
[2026-04-25T19:19:58.704+0000] {logging_mixin.py:188} INFO - [2026-04-25T19:19:58.704+0000] {dagbag.py:538} INFO - Filling up the DagBag from /opt/airflow/dags/spam_email_etl.py
[2026-04-25T19:19:58.713+0000] {processor.py:840} INFO - DAG(s) 'spam_email_etl' retrieved from /opt/airflow/dags/spam_email_etl.py
[2026-04-25T19:19:58.736+0000] {logging_mixin.py:188} INFO - [2026-04-25T19:19:58.735+0000] {dag.py:3036} INFO - Sync 1 DAGs
[2026-04-25T19:19:58.755+0000] {logging_mixin.py:188} INFO - [2026-04-25T19:19:58.755+0000] {dag.py:3823} INFO - Setting next_dagrun for spam_email_etl to 2026-04-25 00:00:00+00:00, run_after=2026-04-26 00:00:00+00:00
[2026-04-25T19:19:58.773+0000] {processor.py:183} INFO - Processing /opt/airflow/dags/spam_email_etl.py took 0.078 seconds
[2026-04-25T19:30:25.812+0000] {processor.py:161} INFO - Started process (PID=459) to work on /opt/airflow/dags/spam_email_etl.py
[2026-04-25T19:30:25.813+0000] {processor.py:830} INFO - Processing file /opt/airflow/dags/spam_email_etl.py for tasks to queue
[2026-04-25T19:30:25.818+0000] {logging_mixin.py:188} INFO - [2026-04-25T19:30:25.818+0000] {dagbag.py:538} INFO - Filling up the DagBag from /opt/airflow/dags/spam_email_etl.py
[2026-04-25T19:30:25.828+0000] {processor.py:840} INFO - DAG(s) 'spam_email_etl' retrieved from /opt/airflow/dags/spam_email_etl.py
[2026-04-25T19:30:25.864+0000] {logging_mixin.py:188} INFO - [2026-04-25T19:30:25.863+0000] {dag.py:3036} INFO - Sync 1 DAGs
[2026-04-25T19:30:25.885+0000] {logging_mixin.py:188} INFO - [2026-04-25T19:30:25.885+0000] {dag.py:3823} INFO - Setting next_dagrun for spam_email_etl to 2026-04-25 00:00:00+00:00, run_after=2026-04-26 00:00:00+00:00
[2026-04-25T19:30:25.909+0000] {processor.py:183} INFO - Processing /opt/airflow/dags/spam_email_etl.py took 0.100 seconds
[2026-04-25T19:31:02.551+0000] {processor.py:161} INFO - Started process (PID=466) to work on /opt/airflow/dags/spam_email_etl.py
[2026-04-25T19:31:02.553+0000] {processor.py:830} INFO - Processing file /opt/airflow/dags/spam_email_etl.py for tasks to queue
[2026-04-25T19:31:02.555+0000] {logging_mixin.py:188} INFO - [2026-04-25T19:31:02.555+0000] {dagbag.py:538} INFO - Filling up the DagBag from /opt/airflow/dags/spam_email_etl.py
[2026-04-25T19:31:02.565+0000] {processor.py:840} INFO - DAG(s) 'spam_email_etl' retrieved from /opt/airflow/dags/spam_email_etl.py
[2026-04-25T19:31:02.585+0000] {logging_mixin.py:188} INFO - [2026-04-25T19:31:02.584+0000] {dag.py:3036} INFO - Sync 1 DAGs
[2026-04-25T19:31:02.599+0000] {logging_mixin.py:188} INFO - [2026-04-25T19:31:02.598+0000] {dag.py:3823} INFO - Setting next_dagrun for spam_email_etl to 2026-04-25 00:00:00+00:00, run_after=2026-04-26 00:00:00+00:00
[2026-04-25T19:31:02.621+0000] {processor.py:183} INFO - Processing /opt/airflow/dags/spam_email_etl.py took 0.073 seconds
[2026-04-25T19:33:54.826+0000] {processor.py:161} INFO - Started process (PID=473) to work on /opt/airflow/dags/spam_email_etl.py
[2026-04-25T19:33:54.828+0000] {processor.py:830} INFO - Processing file /opt/airflow/dags/spam_email_etl.py for tasks to queue
[2026-04-25T19:33:54.830+0000] {logging_mixin.py:188} INFO - [2026-04-25T19:33:54.830+0000] {dagbag.py:538} INFO - Filling up the DagBag from /opt/airflow/dags/spam_email_etl.py
[2026-04-25T19:33:54.846+0000] {processor.py:840} INFO - DAG(s) 'spam_email_etl' retrieved from /opt/airflow/dags/spam_email_etl.py
[2026-04-25T19:33:54.882+0000] {logging_mixin.py:188} INFO - [2026-04-25T19:33:54.881+0000] {dag.py:3036} INFO - Sync 1 DAGs
[2026-04-25T19:33:54.915+0000] {logging_mixin.py:188} INFO - [2026-04-25T19:33:54.915+0000] {dag.py:3823} INFO - Setting next_dagrun for spam_email_etl to 2026-04-25 00:00:00+00:00, run_after=2026-04-26 00:00:00+00:00
[2026-04-25T19:33:54.951+0000] {processor.py:183} INFO - Processing /opt/airflow/dags/spam_email_etl.py took 0.130 seconds
[2026-04-25T19:45:06.600+0000] {processor.py:161} INFO - Started process (PID=480) to work on /opt/airflow/dags/spam_email_etl.py
[2026-04-25T19:45:06.603+0000] {processor.py:830} INFO - Processing file /opt/airflow/dags/spam_email_etl.py for tasks to queue
[2026-04-25T19:45:06.605+0000] {logging_mixin.py:188} INFO - [2026-04-25T19:45:06.604+0000] {dagbag.py:538} INFO - Filling up the DagBag from /opt/airflow/dags/spam_email_etl.py
[2026-04-25T19:45:06.618+0000] {processor.py:840} INFO - DAG(s) 'spam_email_etl' retrieved from /opt/airflow/dags/spam_email_etl.py
[2026-04-25T19:45:06.648+0000] {logging_mixin.py:188} INFO - [2026-04-25T19:45:06.648+0000] {dag.py:3036} INFO - Sync 1 DAGs
[2026-04-25T19:45:06.671+0000] {logging_mixin.py:188} INFO - [2026-04-25T19:45:06.671+0000] {dag.py:3823} INFO - Setting next_dagrun for spam_email_etl to 2026-04-25 00:00:00+00:00, run_after=2026-04-26 00:00:00+00:00
[2026-04-25T19:45:06.699+0000] {processor.py:183} INFO - Processing /opt/airflow/dags/spam_email_etl.py took 0.102 seconds
[2026-04-25T20:12:05.422+0000] {processor.py:161} INFO - Started process (PID=487) to work on /opt/airflow/dags/spam_email_etl.py
[2026-04-25T20:12:05.424+0000] {processor.py:830} INFO - Processing file /opt/airflow/dags/spam_email_etl.py for tasks to queue
[2026-04-25T20:12:05.431+0000] {logging_mixin.py:188} INFO - [2026-04-25T20:12:05.431+0000] {dagbag.py:538} INFO - Filling up the DagBag from /opt/airflow/dags/spam_email_etl.py
[2026-04-25T20:12:05.452+0000] {processor.py:840} INFO - DAG(s) 'spam_email_etl' retrieved from /opt/airflow/dags/spam_email_etl.py
[2026-04-25T20:12:05.496+0000] {logging_mixin.py:188} INFO - [2026-04-25T20:12:05.496+0000] {dag.py:3036} INFO - Sync 1 DAGs
[2026-04-25T20:12:05.532+0000] {logging_mixin.py:188} INFO - [2026-04-25T20:12:05.531+0000] {dag.py:3823} INFO - Setting next_dagrun for spam_email_etl to 2026-04-25 00:00:00+00:00, run_after=2026-04-26 00:00:00+00:00
[2026-04-25T20:12:05.561+0000] {processor.py:183} INFO - Processing /opt/airflow/dags/spam_email_etl.py took 0.144 seconds
[2026-04-25T20:13:01.785+0000] {processor.py:161} INFO - Started process (PID=494) to work on /opt/airflow/dags/spam_email_etl.py
[2026-04-25T20:13:01.787+0000] {processor.py:830} INFO - Processing file /opt/airflow/dags/spam_email_etl.py for tasks to queue
[2026-04-25T20:13:01.789+0000] {logging_mixin.py:188} INFO - [2026-04-25T20:13:01.789+0000] {dagbag.py:538} INFO - Filling up the DagBag from /opt/airflow/dags/spam_email_etl.py
[2026-04-25T20:13:01.800+0000] {processor.py:840} INFO - DAG(s) 'spam_email_etl' retrieved from /opt/airflow/dags/spam_email_etl.py
[2026-04-25T20:13:01.823+0000] {logging_mixin.py:188} INFO - [2026-04-25T20:13:01.822+0000] {dag.py:3036} INFO - Sync 1 DAGs
[2026-04-25T20:13:01.839+0000] {logging_mixin.py:188} INFO - [2026-04-25T20:13:01.839+0000] {dag.py:3823} INFO - Setting next_dagrun for spam_email_etl to 2026-04-25 00:00:00+00:00, run_after=2026-04-26 00:00:00+00:00
[2026-04-25T20:13:01.857+0000] {processor.py:183} INFO - Processing /opt/airflow/dags/spam_email_etl.py took 0.074 seconds
[2026-04-25T20:14:08.705+0000] {processor.py:161} INFO - Started process (PID=501) to work on /opt/airflow/dags/spam_email_etl.py
[2026-04-25T20:14:08.706+0000] {processor.py:830} INFO - Processing file /opt/airflow/dags/spam_email_etl.py for tasks to queue
[2026-04-25T20:14:08.708+0000] {logging_mixin.py:188} INFO - [2026-04-25T20:14:08.708+0000] {dagbag.py:538} INFO - Filling up the DagBag from /opt/airflow/dags/spam_email_etl.py
[2026-04-25T20:14:08.723+0000] {processor.py:840} INFO - DAG(s) 'spam_email_etl' retrieved from /opt/airflow/dags/spam_email_etl.py
[2026-04-25T20:14:08.754+0000] {logging_mixin.py:188} INFO - [2026-04-25T20:14:08.754+0000] {dag.py:3036} INFO - Sync 1 DAGs
[2026-04-25T20:14:08.776+0000] {logging_mixin.py:188} INFO - [2026-04-25T20:14:08.775+0000] {dag.py:3823} INFO - Setting next_dagrun for spam_email_etl to 2026-04-25 00:00:00+00:00, run_after=2026-04-26 00:00:00+00:00
[2026-04-25T20:14:08.799+0000] {processor.py:183} INFO - Processing /opt/airflow/dags/spam_email_etl.py took 0.096 seconds
[2026-04-25T20:15:32.243+0000] {processor.py:161} INFO - Started process (PID=508) to work on /opt/airflow/dags/spam_email_etl.py
[2026-04-25T20:15:32.245+0000] {processor.py:830} INFO - Processing file /opt/airflow/dags/spam_email_etl.py for tasks to queue
[2026-04-25T20:15:32.247+0000] {logging_mixin.py:188} INFO - [2026-04-25T20:15:32.246+0000] {dagbag.py:538} INFO - Filling up the DagBag from /opt/airflow/dags/spam_email_etl.py
[2026-04-25T20:15:32.258+0000] {processor.py:840} INFO - DAG(s) 'spam_email_etl' retrieved from /opt/airflow/dags/spam_email_etl.py
[2026-04-25T20:15:32.279+0000] {logging_mixin.py:188} INFO - [2026-04-25T20:15:32.279+0000] {dag.py:3036} INFO - Sync 1 DAGs
[2026-04-25T20:15:32.297+0000] {logging_mixin.py:188} INFO - [2026-04-25T20:15:32.296+0000] {dag.py:3823} INFO - Setting next_dagrun for spam_email_etl to 2026-04-25 00:00:00+00:00, run_after=2026-04-26 00:00:00+00:00
[2026-04-25T20:15:32.316+0000] {processor.py:183} INFO - Processing /opt/airflow/dags/spam_email_etl.py took 0.075 seconds
[2026-04-25T20:16:16.590+0000] {processor.py:161} INFO - Started process (PID=515) to work on /opt/airflow/dags/spam_email_etl.py
[2026-04-25T20:16:16.592+0000] {processor.py:830} INFO - Processing file /opt/airflow/dags/spam_email_etl.py for tasks to queue
[2026-04-25T20:16:16.593+0000] {logging_mixin.py:188} INFO - [2026-04-25T20:16:16.593+0000] {dagbag.py:538} INFO - Filling up the DagBag from /opt/airflow/dags/spam_email_etl.py
[2026-04-25T20:16:16.604+0000] {processor.py:840} INFO - DAG(s) 'spam_email_etl' retrieved from /opt/airflow/dags/spam_email_etl.py
[2026-04-25T20:16:16.626+0000] {logging_mixin.py:188} INFO - [2026-04-25T20:16:16.625+0000] {dag.py:3036} INFO - Sync 1 DAGs
[2026-04-25T20:16:16.640+0000] {logging_mixin.py:188} INFO - [2026-04-25T20:16:16.640+0000] {dag.py:3823} INFO - Setting next_dagrun for spam_email_etl to 2026-04-25 00:00:00+00:00, run_after=2026-04-26 00:00:00+00:00
[2026-04-25T20:16:16.656+0000] {processor.py:183} INFO - Processing /opt/airflow/dags/spam_email_etl.py took 0.068 seconds
[2026-04-25T20:20:51.127+0000] {processor.py:161} INFO - Started process (PID=522) to work on /opt/airflow/dags/spam_email_etl.py
[2026-04-25T20:20:51.129+0000] {processor.py:830} INFO - Processing file /opt/airflow/dags/spam_email_etl.py for tasks to queue
[2026-04-25T20:20:51.131+0000] {logging_mixin.py:188} INFO - [2026-04-25T20:20:51.131+0000] {dagbag.py:538} INFO - Filling up the DagBag from /opt/airflow/dags/spam_email_etl.py
[2026-04-25T20:20:51.152+0000] {processor.py:840} INFO - DAG(s) 'spam_email_etl' retrieved from /opt/airflow/dags/spam_email_etl.py
[2026-04-25T20:20:51.188+0000] {logging_mixin.py:188} INFO - [2026-04-25T20:20:51.187+0000] {dag.py:3036} INFO - Sync 1 DAGs
[2026-04-25T20:20:51.217+0000] {logging_mixin.py:188} INFO - [2026-04-25T20:20:51.217+0000] {dag.py:3823} INFO - Setting next_dagrun for spam_email_etl to 2026-04-25 00:00:00+00:00, run_after=2026-04-26 00:00:00+00:00
[2026-04-25T20:20:51.246+0000] {processor.py:183} INFO - Processing /opt/airflow/dags/spam_email_etl.py took 0.124 seconds
[2026-04-25T20:21:46.351+0000] {processor.py:161} INFO - Started process (PID=529) to work on /opt/airflow/dags/spam_email_etl.py
[2026-04-25T20:21:46.352+0000] {processor.py:830} INFO - Processing file /opt/airflow/dags/spam_email_etl.py for tasks to queue
[2026-04-25T20:21:46.354+0000] {logging_mixin.py:188} INFO - [2026-04-25T20:21:46.354+0000] {dagbag.py:538} INFO - Filling up the DagBag from /opt/airflow/dags/spam_email_etl.py
[2026-04-25T20:21:46.363+0000] {processor.py:840} INFO - DAG(s) 'spam_email_etl' retrieved from /opt/airflow/dags/spam_email_etl.py
[2026-04-25T20:21:46.382+0000] {logging_mixin.py:188} INFO - [2026-04-25T20:21:46.381+0000] {dag.py:3036} INFO - Sync 1 DAGs
[2026-04-25T20:21:46.399+0000] {logging_mixin.py:188} INFO - [2026-04-25T20:21:46.399+0000] {dag.py:3823} INFO - Setting next_dagrun for spam_email_etl to 2026-04-25 00:00:00+00:00, run_after=2026-04-26 00:00:00+00:00
[2026-04-25T20:21:46.415+0000] {processor.py:183} INFO - Processing /opt/airflow/dags/spam_email_etl.py took 0.066 seconds
[2026-04-25T20:32:43.463+0000] {processor.py:161} INFO - Started process (PID=536) to work on /opt/airflow/dags/spam_email_etl.py
[2026-04-25T20:32:43.464+0000] {processor.py:830} INFO - Processing file /opt/airflow/dags/spam_email_etl.py for tasks to queue
[2026-04-25T20:32:43.465+0000] {logging_mixin.py:188} INFO - [2026-04-25T20:32:43.465+0000] {dagbag.py:538} INFO - Filling up the DagBag from /opt/airflow/dags/spam_email_etl.py
[2026-04-25T20:32:43.473+0000] {processor.py:840} INFO - DAG(s) 'spam_email_etl' retrieved from /opt/airflow/dags/spam_email_etl.py
[2026-04-25T20:32:43.492+0000] {logging_mixin.py:188} INFO - [2026-04-25T20:32:43.491+0000] {dag.py:3036} INFO - Sync 1 DAGs
[2026-04-25T20:32:43.509+0000] {logging_mixin.py:188} INFO - [2026-04-25T20:32:43.509+0000] {dag.py:3823} INFO - Setting next_dagrun for spam_email_etl to 2026-04-25 00:00:00+00:00, run_after=2026-04-26 00:00:00+00:00
[2026-04-25T20:32:43.526+0000] {processor.py:183} INFO - Processing /opt/airflow/dags/spam_email_etl.py took 0.065 seconds
[2026-04-25T21:21:42.894+0000] {processor.py:161} INFO - Started process (PID=543) to work on /opt/airflow/dags/spam_email_etl.py
[2026-04-25T21:21:42.897+0000] {processor.py:830} INFO - Processing file /opt/airflow/dags/spam_email_etl.py for tasks to queue
[2026-04-25T21:21:42.902+0000] {logging_mixin.py:188} INFO - [2026-04-25T21:21:42.902+0000] {dagbag.py:538} INFO - Filling up the DagBag from /opt/airflow/dags/spam_email_etl.py
[2026-04-25T21:21:42.930+0000] {processor.py:840} INFO - DAG(s) 'spam_email_etl' retrieved from /opt/airflow/dags/spam_email_etl.py
[2026-04-25T21:21:43.291+0000] {logging_mixin.py:188} INFO - [2026-04-25T21:21:43.290+0000] {dag.py:3036} INFO - Sync 1 DAGs
[2026-04-25T21:21:43.405+0000] {logging_mixin.py:188} INFO - [2026-04-25T21:21:43.404+0000] {dag.py:3823} INFO - Setting next_dagrun for spam_email_etl to 2026-04-25 00:00:00+00:00, run_after=2026-04-26 00:00:00+00:00
[2026-04-25T21:21:44.072+0000] {processor.py:183} INFO - Processing /opt/airflow/dags/spam_email_etl.py took 1.185 seconds
[2026-04-25T21:22:14.819+0000] {processor.py:161} INFO - Started process (PID=550) to work on /opt/airflow/dags/spam_email_etl.py
[2026-04-25T21:22:14.820+0000] {processor.py:830} INFO - Processing file /opt/airflow/dags/spam_email_etl.py for tasks to queue
[2026-04-25T21:22:14.822+0000] {logging_mixin.py:188} INFO - [2026-04-25T21:22:14.822+0000] {dagbag.py:538} INFO - Filling up the DagBag from /opt/airflow/dags/spam_email_etl.py
[2026-04-25T21:22:14.830+0000] {processor.py:840} INFO - DAG(s) 'spam_email_etl' retrieved from /opt/airflow/dags/spam_email_etl.py
[2026-04-25T21:22:14.848+0000] {logging_mixin.py:188} INFO - [2026-04-25T21:22:14.847+0000] {dag.py:3036} INFO - Sync 1 DAGs
[2026-04-25T21:22:14.865+0000] {logging_mixin.py:188} INFO - [2026-04-25T21:22:14.865+0000] {dag.py:3823} INFO - Setting next_dagrun for spam_email_etl to 2026-04-25 00:00:00+00:00, run_after=2026-04-26 00:00:00+00:00
[2026-04-25T21:22:14.883+0000] {processor.py:183} INFO - Processing /opt/airflow/dags/spam_email_etl.py took 0.068 seconds
[2026-04-25T22:11:56.980+0000] {processor.py:161} INFO - Started process (PID=557) to work on /opt/airflow/dags/spam_email_etl.py
[2026-04-25T22:11:56.983+0000] {processor.py:830} INFO - Processing file /opt/airflow/dags/spam_email_etl.py for tasks to queue
[2026-04-25T22:11:56.985+0000] {logging_mixin.py:188} INFO - [2026-04-25T22:11:56.985+0000] {dagbag.py:538} INFO - Filling up the DagBag from /opt/airflow/dags/spam_email_etl.py
[2026-04-25T22:11:56.998+0000] {processor.py:840} INFO - DAG(s) 'spam_email_etl' retrieved from /opt/airflow/dags/spam_email_etl.py
[2026-04-25T22:11:57.023+0000] {logging_mixin.py:188} INFO - [2026-04-25T22:11:57.023+0000] {dag.py:3036} INFO - Sync 1 DAGs
[2026-04-25T22:11:57.041+0000] {logging_mixin.py:188} INFO - [2026-04-25T22:11:57.041+0000] {dag.py:3823} INFO - Setting next_dagrun for spam_email_etl to 2026-04-25 00:00:00+00:00, run_after=2026-04-26 00:00:00+00:00
[2026-04-25T22:11:57.062+0000] {processor.py:183} INFO - Processing /opt/airflow/dags/spam_email_etl.py took 0.086 seconds
[2026-04-25T22:12:27.640+0000] {processor.py:161} INFO - Started process (PID=564) to work on /opt/airflow/dags/spam_email_etl.py
[2026-04-25T22:12:27.641+0000] {processor.py:830} INFO - Processing file /opt/airflow/dags/spam_email_etl.py for tasks to queue
[2026-04-25T22:12:27.642+0000] {logging_mixin.py:188} INFO - [2026-04-25T22:12:27.642+0000] {dagbag.py:538} INFO - Filling up the DagBag from /opt/airflow/dags/spam_email_etl.py
[2026-04-25T22:12:27.650+0000] {processor.py:840} INFO - DAG(s) 'spam_email_etl' retrieved from /opt/airflow/dags/spam_email_etl.py
[2026-04-25T22:12:27.670+0000] {logging_mixin.py:188} INFO - [2026-04-25T22:12:27.669+0000] {dag.py:3036} INFO - Sync 1 DAGs
[2026-04-25T22:12:27.687+0000] {logging_mixin.py:188} INFO - [2026-04-25T22:12:27.687+0000] {dag.py:3823} INFO - Setting next_dagrun for spam_email_etl to 2026-04-25 00:00:00+00:00, run_after=2026-04-26 00:00:00+00:00
[2026-04-25T22:12:27.703+0000] {processor.py:183} INFO - Processing /opt/airflow/dags/spam_email_etl.py took 0.065 seconds
[2026-04-25T22:39:08.359+0000] {processor.py:161} INFO - Started process (PID=571) to work on /opt/airflow/dags/spam_email_etl.py
[2026-04-25T22:39:08.360+0000] {processor.py:830} INFO - Processing file /opt/airflow/dags/spam_email_etl.py for tasks to queue
[2026-04-25T22:39:08.363+0000] {logging_mixin.py:188} INFO - [2026-04-25T22:39:08.363+0000] {dagbag.py:538} INFO - Filling up the DagBag from /opt/airflow/dags/spam_email_etl.py
[2026-04-25T22:39:08.373+0000] {processor.py:840} INFO - DAG(s) 'spam_email_etl' retrieved from /opt/airflow/dags/spam_email_etl.py
[2026-04-25T22:39:08.395+0000] {logging_mixin.py:188} INFO - [2026-04-25T22:39:08.395+0000] {dag.py:3036} INFO - Sync 1 DAGs
[2026-04-25T22:39:08.410+0000] {logging_mixin.py:188} INFO - [2026-04-25T22:39:08.410+0000] {dag.py:3823} INFO - Setting next_dagrun for spam_email_etl to 2026-04-25 00:00:00+00:00, run_after=2026-04-26 00:00:00+00:00
[2026-04-25T22:39:08.427+0000] {processor.py:183} INFO - Processing /opt/airflow/dags/spam_email_etl.py took 0.070 seconds
[2026-04-25T23:23:47.916+0000] {processor.py:161} INFO - Started process (PID=578) to work on /opt/airflow/dags/spam_email_etl.py
[2026-04-25T23:23:47.919+0000] {processor.py:830} INFO - Processing file /opt/airflow/dags/spam_email_etl.py for tasks to queue
[2026-04-25T23:23:47.922+0000] {logging_mixin.py:188} INFO - [2026-04-25T23:23:47.922+0000] {dagbag.py:538} INFO - Filling up the DagBag from /opt/airflow/dags/spam_email_etl.py
[2026-04-25T23:23:47.941+0000] {processor.py:840} INFO - DAG(s) 'spam_email_etl' retrieved from /opt/airflow/dags/spam_email_etl.py
[2026-04-25T23:23:47.998+0000] {logging_mixin.py:188} INFO - [2026-04-25T23:23:47.997+0000] {dag.py:3036} INFO - Sync 1 DAGs
[2026-04-25T23:23:48.027+0000] {logging_mixin.py:188} INFO - [2026-04-25T23:23:48.027+0000] {dag.py:3823} INFO - Setting next_dagrun for spam_email_etl to 2026-04-25 00:00:00+00:00, run_after=2026-04-26 00:00:00+00:00
[2026-04-25T23:23:48.054+0000] {processor.py:183} INFO - Processing /opt/airflow/dags/spam_email_etl.py took 0.144 seconds
[2026-04-25T23:31:20.784+0000] {processor.py:161} INFO - Started process (PID=585) to work on /opt/airflow/dags/spam_email_etl.py
[2026-04-25T23:31:20.785+0000] {processor.py:830} INFO - Processing file /opt/airflow/dags/spam_email_etl.py for tasks to queue
[2026-04-25T23:31:20.787+0000] {logging_mixin.py:188} INFO - [2026-04-25T23:31:20.786+0000] {dagbag.py:538} INFO - Filling up the DagBag from /opt/airflow/dags/spam_email_etl.py
[2026-04-25T23:31:20.799+0000] {processor.py:840} INFO - DAG(s) 'spam_email_etl' retrieved from /opt/airflow/dags/spam_email_etl.py
[2026-04-25T23:31:20.818+0000] {logging_mixin.py:188} INFO - [2026-04-25T23:31:20.818+0000] {dag.py:3036} INFO - Sync 1 DAGs
[2026-04-25T23:31:20.834+0000] {logging_mixin.py:188} INFO - [2026-04-25T23:31:20.834+0000] {dag.py:3823} INFO - Setting next_dagrun for spam_email_etl to 2026-04-25 00:00:00+00:00, run_after=2026-04-26 00:00:00+00:00
[2026-04-25T23:31:20.847+0000] {processor.py:183} INFO - Processing /opt/airflow/dags/spam_email_etl.py took 0.066 seconds
[2026-04-25T23:34:47.696+0000] {processor.py:161} INFO - Started process (PID=592) to work on /opt/airflow/dags/spam_email_etl.py
[2026-04-25T23:34:47.698+0000] {processor.py:830} INFO - Processing file /opt/airflow/dags/spam_email_etl.py for tasks to queue
[2026-04-25T23:34:47.700+0000] {logging_mixin.py:188} INFO - [2026-04-25T23:34:47.700+0000] {dagbag.py:538} INFO - Filling up the DagBag from /opt/airflow/dags/spam_email_etl.py
[2026-04-25T23:34:47.710+0000] {processor.py:840} INFO - DAG(s) 'spam_email_etl' retrieved from /opt/airflow/dags/spam_email_etl.py
[2026-04-25T23:34:47.729+0000] {logging_mixin.py:188} INFO - [2026-04-25T23:34:47.729+0000] {dag.py:3036} INFO - Sync 1 DAGs
[2026-04-25T23:34:47.747+0000] {logging_mixin.py:188} INFO - [2026-04-25T23:34:47.746+0000] {dag.py:3823} INFO - Setting next_dagrun for spam_email_etl to 2026-04-25 00:00:00+00:00, run_after=2026-04-26 00:00:00+00:00
[2026-04-25T23:34:47.766+0000] {processor.py:183} INFO - Processing /opt/airflow/dags/spam_email_etl.py took 0.072 seconds
