[2026-04-21T06:25:51.956+0000] {taskinstance.py:1956} INFO - Dependencies all met for dep_context=non-requeueable deps ti=<TaskInstance: imdb_sentiment.train_randomforest manual__2026-04-21T06:10:50.927864+00:00 [queued]>
[2026-04-21T06:25:51.963+0000] {taskinstance.py:1956} INFO - Dependencies all met for dep_context=requeueable deps ti=<TaskInstance: imdb_sentiment.train_randomforest manual__2026-04-21T06:10:50.927864+00:00 [queued]>
[2026-04-21T06:25:51.963+0000] {taskinstance.py:2170} INFO - Starting attempt 4 of 4
[2026-04-21T06:25:52.067+0000] {taskinstance.py:2191} INFO - Executing <Task(_PythonDecoratedOperator): train_randomforest> on 2026-04-21 06:10:50.927864+00:00
[2026-04-21T06:25:52.072+0000] {standard_task_runner.py:60} INFO - Started process 1213 to run task
[2026-04-21T06:25:52.078+0000] {standard_task_runner.py:87} INFO - Running: ['***', 'tasks', 'run', 'imdb_sentiment', 'train_randomforest', 'manual__2026-04-21T06:10:50.927864+00:00', '--job-id', '21', '--raw', '--subdir', 'DAGS_FOLDER/imdb_sentiment.py', '--cfg-path', '/tmp/tmp9nsceqpk']
[2026-04-21T06:25:52.083+0000] {standard_task_runner.py:88} INFO - Job 21: Subtask train_randomforest
[2026-04-21T06:25:52.115+0000] {task_command.py:423} INFO - Running <TaskInstance: imdb_sentiment.train_randomforest manual__2026-04-21T06:10:50.927864+00:00 [running]> on host 5b6a09e353a9
[2026-04-21T06:25:52.164+0000] {taskinstance.py:2480} INFO - Exporting env vars: AIRFLOW_CTX_DAG_OWNER='ml-team' AIRFLOW_CTX_DAG_ID='imdb_sentiment' AIRFLOW_CTX_TASK_ID='train_randomforest' AIRFLOW_CTX_EXECUTION_DATE='2026-04-21T06:10:50.927864+00:00' AIRFLOW_CTX_TRY_NUMBER='4' AIRFLOW_CTX_DAG_RUN_ID='manual__2026-04-21T06:10:50.927864+00:00'
[2026-04-21T06:25:52.215+0000] {logging_mixin.py:188} WARNING - 2026/04/21 06:25:52 WARNING mlflow.utils.git_utils: Failed to import Git (the Git executable is probably not on your PATH), so Git SHA is not available. Error: Failed to initialize: Bad git executable.
The git executable must be specified in one of the following ways:
    - be included in your $PATH
    - be set via $GIT_PYTHON_GIT_EXECUTABLE
    - explicitly set via git.refresh(<full-path-to-git-executable>)

All git commands will error until this is rectified.

This initial message can be silenced or aggravated in the future by setting the
$GIT_PYTHON_REFRESH environment variable. Use one of the following values:
    - quiet|q|silence|s|silent|none|n|0: for no message or exception
    - warn|w|warning|log|l|1: for a warning message (logging level CRITICAL, displayed by default)
    - error|e|exception|raise|r|2: for a raised exception

Example:
    export GIT_PYTHON_REFRESH=quiet
[2026-04-21T06:25:52.334+0000] {logging_mixin.py:188} WARNING - 2026/04/21 06:25:52 INFO mlflow.tracking._tracking_service.client: 🏃 View run tfidf-randomforest at: http://mlflow:5001/#/experiments/1/runs/3700d319ca484a6189ee2c9a4f6ecc85.
[2026-04-21T06:25:52.335+0000] {logging_mixin.py:188} WARNING - 2026/04/21 06:25:52 INFO mlflow.tracking._tracking_service.client: 🧪 View experiment at: http://mlflow:5001/#/experiments/1.
[2026-04-21T06:25:52.343+0000] {taskinstance.py:2698} ERROR - Task failed with exception
Traceback (most recent call last):
  File "/home/airflow/.local/lib/python3.8/site-packages/airflow/models/taskinstance.py", line 433, in _execute_task
    result = execute_callable(context=context, **execute_callable_kwargs)
  File "/home/airflow/.local/lib/python3.8/site-packages/airflow/decorators/base.py", line 241, in execute
    return_value = super().execute(context)
  File "/home/airflow/.local/lib/python3.8/site-packages/airflow/operators/python.py", line 199, in execute
    return_value = self.execute_callable()
  File "/home/airflow/.local/lib/python3.8/site-packages/airflow/operators/python.py", line 216, in execute_callable
    return self.python_callable(*self.op_args, **self.op_kwargs)
  File "/opt/airflow/dags/imdb_sentiment.py", line 157, in train_randomforest
    return _run_candidate(
  File "/opt/airflow/dags/imdb_sentiment.py", line 116, in _run_candidate
    mlflow.sklearn.log_model(
TypeError: log_model() got an unexpected keyword argument 'artifact_uri'
[2026-04-21T06:25:52.350+0000] {taskinstance.py:1138} INFO - Marking task as FAILED. dag_id=imdb_sentiment, task_id=train_randomforest, execution_date=20260421T061050, start_date=20260421T062551, end_date=20260421T062552
[2026-04-21T06:25:52.358+0000] {standard_task_runner.py:107} ERROR - Failed to execute job 21 for task train_randomforest (log_model() got an unexpected keyword argument 'artifact_uri'; 1213)
[2026-04-21T06:25:52.383+0000] {local_task_job_runner.py:234} INFO - Task exited with return code 1
[2026-04-21T06:25:52.395+0000] {taskinstance.py:3280} INFO - 0 downstream tasks scheduled from follow-on schedule check
