[2026-04-27T00:00:01.005+0000] {taskinstance.py:1956} INFO - Dependencies all met for dep_context=non-requeueable deps ti=<TaskInstance: spam_email_etl.load_csv_to_snowflake scheduled__2026-04-26T00:00:00+00:00 [queued]>
[2026-04-27T00:00:01.010+0000] {taskinstance.py:1956} INFO - Dependencies all met for dep_context=requeueable deps ti=<TaskInstance: spam_email_etl.load_csv_to_snowflake scheduled__2026-04-26T00:00:00+00:00 [queued]>
[2026-04-27T00:00:01.010+0000] {taskinstance.py:2170} INFO - Starting attempt 1 of 2
[2026-04-27T00:00:01.016+0000] {taskinstance.py:2191} INFO - Executing <Task(PythonOperator): load_csv_to_snowflake> on 2026-04-26 00:00:00+00:00
[2026-04-27T00:00:01.020+0000] {standard_task_runner.py:60} INFO - Started process 127 to run task
[2026-04-27T00:00:01.022+0000] {standard_task_runner.py:87} INFO - Running: ['***', 'tasks', 'run', 'spam_email_etl', 'load_csv_to_snowflake', 'scheduled__2026-04-26T00:00:00+00:00', '--job-id', '90', '--raw', '--subdir', 'DAGS_FOLDER/spam_email_etl.py', '--cfg-path', '/tmp/tmpabl3yeka']
[2026-04-27T00:00:01.024+0000] {standard_task_runner.py:88} INFO - Job 90: Subtask load_csv_to_snowflake
[2026-04-27T00:00:01.051+0000] {task_command.py:423} INFO - Running <TaskInstance: spam_email_etl.load_csv_to_snowflake scheduled__2026-04-26T00:00:00+00:00 [running]> on host 147c4a740a5a
[2026-04-27T00:00:01.089+0000] {taskinstance.py:2480} INFO - Exporting env vars: AIRFLOW_CTX_DAG_OWNER='***' AIRFLOW_CTX_DAG_ID='spam_email_etl' AIRFLOW_CTX_TASK_ID='load_csv_to_snowflake' AIRFLOW_CTX_EXECUTION_DATE='2026-04-26T00:00:00+00:00' AIRFLOW_CTX_TRY_NUMBER='1' AIRFLOW_CTX_DAG_RUN_ID='scheduled__2026-04-26T00:00:00+00:00'
[2026-04-27T00:00:01.098+0000] {taskinstance.py:2698} ERROR - Task failed with exception
Traceback (most recent call last):
  File "/home/airflow/.local/lib/python3.8/site-packages/airflow/models/taskinstance.py", line 433, in _execute_task
    result = execute_callable(context=context, **execute_callable_kwargs)
  File "/home/airflow/.local/lib/python3.8/site-packages/airflow/operators/python.py", line 199, in execute
    return_value = self.execute_callable()
  File "/home/airflow/.local/lib/python3.8/site-packages/airflow/operators/python.py", line 216, in execute_callable
    return self.python_callable(*self.op_args, **self.op_kwargs)
  File "/opt/airflow/dags/spam_email_etl.py", line 15, in load_csv_to_snowflake
    conn = hook.get_conn()
  File "/home/airflow/.local/lib/python3.8/site-packages/airflow/providers/snowflake/hooks/snowflake.py", line 275, in get_conn
    conn_config = self._get_conn_params()
  File "/home/airflow/.local/lib/python3.8/site-packages/airflow/providers/snowflake/hooks/snowflake.py", line 183, in _get_conn_params
    conn = self.get_connection(self.snowflake_conn_id)  # type: ignore[attr-defined]
  File "/home/airflow/.local/lib/python3.8/site-packages/airflow/hooks/base.py", line 82, in get_connection
    conn = Connection.get_connection_from_secrets(conn_id)
  File "/home/airflow/.local/lib/python3.8/site-packages/airflow/models/connection.py", line 479, in get_connection_from_secrets
    raise AirflowNotFoundException(f"The conn_id `{conn_id}` isn't defined")
airflow.exceptions.AirflowNotFoundException: The conn_id `snowflake_default` isn't defined
[2026-04-27T00:00:01.100+0000] {taskinstance.py:1138} INFO - Marking task as UP_FOR_RETRY. dag_id=spam_email_etl, task_id=load_csv_to_snowflake, execution_date=20260426T000000, start_date=20260427T000001, end_date=20260427T000001
[2026-04-27T00:00:01.106+0000] {standard_task_runner.py:107} ERROR - Failed to execute job 90 for task load_csv_to_snowflake (The conn_id `snowflake_default` isn't defined; 127)
[2026-04-27T00:00:01.119+0000] {local_task_job_runner.py:234} INFO - Task exited with return code 1
[2026-04-27T00:00:01.133+0000] {taskinstance.py:3280} INFO - 0 downstream tasks scheduled from follow-on schedule check
