[2026-04-20T22:46:52.345+0000] {taskinstance.py:1956} INFO - Dependencies all met for dep_context=non-requeueable deps ti=<TaskInstance: BuildELT_dbt.dbt_run manual__2026-04-20T22:44:03.423643+00:00 [queued]>
[2026-04-20T22:46:52.352+0000] {taskinstance.py:1956} INFO - Dependencies all met for dep_context=requeueable deps ti=<TaskInstance: BuildELT_dbt.dbt_run manual__2026-04-20T22:44:03.423643+00:00 [queued]>
[2026-04-20T22:46:52.352+0000] {taskinstance.py:2170} INFO - Starting attempt 3 of 3
[2026-04-20T22:46:52.361+0000] {taskinstance.py:2191} INFO - Executing <Task(BashOperator): dbt_run> on 2026-04-20 22:44:03.423643+00:00
[2026-04-20T22:46:52.364+0000] {standard_task_runner.py:60} INFO - Started process 747 to run task
[2026-04-20T22:46:52.366+0000] {standard_task_runner.py:87} INFO - Running: ['***', 'tasks', 'run', 'BuildELT_dbt', 'dbt_run', 'manual__2026-04-20T22:44:03.423643+00:00', '--job-id', '369', '--raw', '--subdir', 'DAGS_FOLDER/build_elt_with_dbt.py', '--cfg-path', '/tmp/tmpjyr5o_lm']
[2026-04-20T22:46:52.367+0000] {standard_task_runner.py:88} INFO - Job 369: Subtask dbt_run
[2026-04-20T22:46:52.398+0000] {task_command.py:423} INFO - Running <TaskInstance: BuildELT_dbt.dbt_run manual__2026-04-20T22:44:03.423643+00:00 [running]> on host bfe7307c6ff2
[2026-04-20T22:46:52.444+0000] {taskinstance.py:2480} INFO - Exporting env vars: AIRFLOW_CTX_DAG_OWNER='***' AIRFLOW_CTX_DAG_ID='BuildELT_dbt' AIRFLOW_CTX_TASK_ID='dbt_run' AIRFLOW_CTX_EXECUTION_DATE='2026-04-20T22:44:03.423643+00:00' AIRFLOW_CTX_TRY_NUMBER='3' AIRFLOW_CTX_DAG_RUN_ID='manual__2026-04-20T22:44:03.423643+00:00'
[2026-04-20T22:46:52.445+0000] {subprocess.py:63} INFO - Tmp dir root location: /tmp
[2026-04-20T22:46:52.446+0000] {subprocess.py:75} INFO - Running command: ['/usr/bin/bash', '-c', '/home/***/.local/bin/dbt run --profiles-dir /opt/***/dbt --project-dir /opt/***/dbt']
[2026-04-20T22:46:52.452+0000] {subprocess.py:86} INFO - Output:
[2026-04-20T22:46:54.346+0000] {subprocess.py:93} INFO - [0m22:46:54  Running with dbt=1.8.7
[2026-04-20T22:46:55.130+0000] {subprocess.py:93} INFO - [0m22:46:55  Running with dbt=1.8.7
[2026-04-20T22:46:55.202+0000] {subprocess.py:93} INFO - [0m22:46:55  Registered adapter: snowflake=1.8.4
[2026-04-20T22:46:55.360+0000] {subprocess.py:93} INFO - [0m22:46:55  [[33mWARNING[0m]: Configuration paths exist in your dbt_project.yml file which do not apply to any resources.
[2026-04-20T22:46:55.361+0000] {subprocess.py:93} INFO - There are 1 unused configuration paths:
[2026-04-20T22:46:55.361+0000] {subprocess.py:93} INFO - - models.spam_detection_dbt.example
[2026-04-20T22:46:55.634+0000] {subprocess.py:93} INFO - [0m22:46:55  Found 2 models, 1 snapshot, 1 operation, 5 data tests, 1 source, 454 macros
[2026-04-20T22:46:55.635+0000] {subprocess.py:93} INFO - [0m22:46:55
[2026-04-20T22:46:56.888+0000] {subprocess.py:93} INFO - [0m22:46:56
[2026-04-20T22:46:56.889+0000] {subprocess.py:93} INFO - [0m22:46:56  Running 1 on-run-start hook
[2026-04-20T22:46:56.898+0000] {subprocess.py:93} INFO - [0m22:46:56  1 of 1 START hook: spam_detection_dbt.on-run-start.0 ........................... [RUN]
[2026-04-20T22:46:57.248+0000] {subprocess.py:93} INFO - [0m22:46:57  1 of 1 OK hook: spam_detection_dbt.on-run-start.0 .............................. [[32mSUCCESS 1[0m in 0.35s]
[2026-04-20T22:46:57.248+0000] {subprocess.py:93} INFO - [0m22:46:57
[2026-04-20T22:46:57.359+0000] {subprocess.py:93} INFO - [0m22:46:57  Concurrency: 1 threads (target='dev')
[2026-04-20T22:46:57.359+0000] {subprocess.py:93} INFO - [0m22:46:57
[2026-04-20T22:46:57.365+0000] {subprocess.py:93} INFO - [0m22:46:57  1 of 2 START sql table model PUBLIC.spam_summary ............................... [RUN]
[2026-04-20T22:46:59.315+0000] {subprocess.py:93} INFO - [0m22:46:59  1 of 2 OK created sql table model PUBLIC.spam_summary .......................... [[32mSUCCESS 1[0m in 1.95s]
[2026-04-20T22:46:59.316+0000] {subprocess.py:93} INFO - [0m22:46:59  2 of 2 START sql view model PUBLIC.stg_spam_emails ............................. [RUN]
[2026-04-20T22:47:01.128+0000] {subprocess.py:93} INFO - [0m22:47:01  2 of 2 OK created sql view model PUBLIC.stg_spam_emails ........................ [[32mSUCCESS 1[0m in 1.81s]
[2026-04-20T22:47:01.130+0000] {subprocess.py:93} INFO - [0m22:47:01
[2026-04-20T22:47:01.130+0000] {subprocess.py:93} INFO - [0m22:47:01  Finished running 1 table model, 1 view model, 1 project hook in 0 hours 0 minutes and 5.49 seconds (5.49s).
[2026-04-20T22:47:01.155+0000] {subprocess.py:93} INFO - [0m22:47:01
[2026-04-20T22:47:01.155+0000] {subprocess.py:93} INFO - [0m22:47:01  [32mCompleted successfully[0m
[2026-04-20T22:47:01.155+0000] {subprocess.py:93} INFO - [0m22:47:01
[2026-04-20T22:47:01.156+0000] {subprocess.py:93} INFO - [0m22:47:01  Done. PASS=2 WARN=0 ERROR=0 SKIP=0 TOTAL=2
[2026-04-20T22:47:01.495+0000] {subprocess.py:93} INFO - [0m22:47:01  Encountered an error:
[2026-04-20T22:47:01.497+0000] {subprocess.py:93} INFO - 0
[2026-04-20T22:47:01.498+0000] {subprocess.py:93} INFO - [0m22:47:01  Traceback (most recent call last):
[2026-04-20T22:47:01.498+0000] {subprocess.py:93} INFO -   File "/usr/local/lib/python3.8/click/core.py", line 1092, in main
[2026-04-20T22:47:01.498+0000] {subprocess.py:93} INFO -     ctx.exit()
[2026-04-20T22:47:01.498+0000] {subprocess.py:93} INFO -   File "/usr/local/lib/python3.8/click/core.py", line 699, in exit
[2026-04-20T22:47:01.499+0000] {subprocess.py:93} INFO -     raise Exit(code)
[2026-04-20T22:47:01.499+0000] {subprocess.py:93} INFO - click.exceptions.Exit: 0
[2026-04-20T22:47:01.499+0000] {subprocess.py:93} INFO - 
[2026-04-20T22:47:01.499+0000] {subprocess.py:93} INFO - During handling of the above exception, another exception occurred:
[2026-04-20T22:47:01.500+0000] {subprocess.py:93} INFO - 
[2026-04-20T22:47:01.500+0000] {subprocess.py:93} INFO - Traceback (most recent call last):
[2026-04-20T22:47:01.500+0000] {subprocess.py:93} INFO -   File "/usr/local/lib/dbt_runner.py", line 8, in <module>
[2026-04-20T22:47:01.500+0000] {subprocess.py:93} INFO -     cli(standalone_mode=True)
[2026-04-20T22:47:01.500+0000] {subprocess.py:93} INFO -   File "/usr/local/lib/python3.8/click/core.py", line 1161, in __call__
[2026-04-20T22:47:01.501+0000] {subprocess.py:93} INFO -     return self.main(*args, **kwargs)
[2026-04-20T22:47:01.501+0000] {subprocess.py:93} INFO -   File "/usr/local/lib/python3.8/click/core.py", line 1110, in main
[2026-04-20T22:47:01.501+0000] {subprocess.py:93} INFO -     sys.exit(e.exit_code)
[2026-04-20T22:47:01.501+0000] {subprocess.py:93} INFO - SystemExit: 0
[2026-04-20T22:47:01.501+0000] {subprocess.py:93} INFO - 
[2026-04-20T22:47:01.502+0000] {subprocess.py:93} INFO - During handling of the above exception, another exception occurred:
[2026-04-20T22:47:01.502+0000] {subprocess.py:93} INFO - 
[2026-04-20T22:47:01.502+0000] {subprocess.py:93} INFO - Traceback (most recent call last):
[2026-04-20T22:47:01.502+0000] {subprocess.py:93} INFO -   File "/usr/local/lib/python3.8/dbt/cli/requires.py", line 138, in wrapper
[2026-04-20T22:47:01.502+0000] {subprocess.py:93} INFO -     result, success = func(*args, **kwargs)
[2026-04-20T22:47:01.502+0000] {subprocess.py:93} INFO -   File "/usr/local/lib/python3.8/dbt/cli/requires.py", line 101, in wrapper
[2026-04-20T22:47:01.503+0000] {subprocess.py:93} INFO -     return func(*args, **kwargs)
[2026-04-20T22:47:01.503+0000] {subprocess.py:93} INFO -   File "/usr/local/lib/python3.8/dbt/cli/requires.py", line 218, in wrapper
[2026-04-20T22:47:01.503+0000] {subprocess.py:93} INFO -     return func(*args, **kwargs)
[2026-04-20T22:47:01.503+0000] {subprocess.py:93} INFO -   File "/usr/local/lib/python3.8/dbt/cli/requires.py", line 240, in wrapper
[2026-04-20T22:47:01.503+0000] {subprocess.py:93} INFO -     set_up_plugin_manager(project_name=project.project_name)
[2026-04-20T22:47:01.503+0000] {subprocess.py:93} INFO -   File "/usr/local/lib/python3.8/dbt/plugins/__init__.py", line 14, in set_up_plugin_manager
[2026-04-20T22:47:01.504+0000] {subprocess.py:93} INFO -     PLUGIN_MANAGER = PluginManager.from_modules(project_name)
[2026-04-20T22:47:01.504+0000] {subprocess.py:93} INFO -   File "/usr/local/lib/python3.8/dbt/plugins/manager.py", line 120, in from_modules
[2026-04-20T22:47:01.504+0000] {subprocess.py:93} INFO -     discovered_dbt_modules = cls.get_prefixed_modules()
[2026-04-20T22:47:01.504+0000] {subprocess.py:93} INFO -   File "/usr/local/lib/python3.8/dbt/plugins/manager.py", line 136, in get_prefixed_modules
[2026-04-20T22:47:01.504+0000] {subprocess.py:93} INFO -     return {
[2026-04-20T22:47:01.505+0000] {subprocess.py:93} INFO -   File "/usr/local/lib/python3.8/dbt/plugins/manager.py", line 137, in <dictcomp>
[2026-04-20T22:47:01.505+0000] {subprocess.py:93} INFO -     name: importlib.import_module(name)
[2026-04-20T22:47:01.505+0000] {subprocess.py:93} INFO -   File "/usr/local/lib/python3.8/importlib/__init__.py", line 127, in import_module
[2026-04-20T22:47:01.505+0000] {subprocess.py:93} INFO -     return _bootstrap._gcd_import(name[level:], package, level)
[2026-04-20T22:47:01.505+0000] {subprocess.py:93} INFO -   File "<frozen importlib._bootstrap>", line 1014, in _gcd_import
[2026-04-20T22:47:01.505+0000] {subprocess.py:93} INFO -   File "<frozen importlib._bootstrap>", line 991, in _find_and_load
[2026-04-20T22:47:01.506+0000] {subprocess.py:93} INFO -   File "<frozen importlib._bootstrap>", line 975, in _find_and_load_unlocked
[2026-04-20T22:47:01.506+0000] {subprocess.py:93} INFO -   File "<frozen importlib._bootstrap>", line 671, in _load_unlocked
[2026-04-20T22:47:01.506+0000] {subprocess.py:93} INFO -   File "<frozen importlib._bootstrap_external>", line 843, in exec_module
[2026-04-20T22:47:01.506+0000] {subprocess.py:93} INFO -   File "<frozen importlib._bootstrap>", line 219, in _call_with_frames_removed
[2026-04-20T22:47:01.506+0000] {subprocess.py:93} INFO -   File "/usr/local/lib/dbt_runner.py", line 10, in <module>
[2026-04-20T22:47:01.506+0000] {subprocess.py:93} INFO -     sys.exit(0 if e.code == 0 else e.code)
[2026-04-20T22:47:01.506+0000] {subprocess.py:93} INFO - SystemExit: 0
[2026-04-20T22:47:01.507+0000] {subprocess.py:93} INFO - 
[2026-04-20T22:47:02.078+0000] {subprocess.py:97} INFO - Command exited with return code 0
[2026-04-20T22:47:02.094+0000] {taskinstance.py:1138} INFO - Marking task as SUCCESS. dag_id=BuildELT_dbt, task_id=dbt_run, execution_date=20260420T224403, start_date=20260420T224652, end_date=20260420T224702
[2026-04-20T22:47:02.123+0000] {local_task_job_runner.py:234} INFO - Task exited with return code 0
[2026-04-20T22:47:02.138+0000] {taskinstance.py:3280} INFO - 1 downstream tasks scheduled from follow-on schedule check
