[2026-04-19T06:34:45.484+0000] {taskinstance.py:1956} INFO - Dependencies all met for dep_context=non-requeueable deps ti=<TaskInstance: spam_email_etl.verify_load scheduled__2026-04-18T00:00:00+00:00 [queued]>
[2026-04-19T06:34:45.489+0000] {taskinstance.py:1956} INFO - Dependencies all met for dep_context=requeueable deps ti=<TaskInstance: spam_email_etl.verify_load scheduled__2026-04-18T00:00:00+00:00 [queued]>
[2026-04-19T06:34:45.490+0000] {taskinstance.py:2170} INFO - Starting attempt 1 of 2
[2026-04-19T06:34:45.496+0000] {taskinstance.py:2191} INFO - Executing <Task(PythonOperator): verify_load> on 2026-04-18 00:00:00+00:00
[2026-04-19T06:34:45.500+0000] {standard_task_runner.py:60} INFO - Started process 317 to run task
[2026-04-19T06:34:45.502+0000] {standard_task_runner.py:87} INFO - Running: ['***', 'tasks', 'run', 'spam_email_etl', 'verify_load', 'scheduled__2026-04-18T00:00:00+00:00', '--job-id', '265', '--raw', '--subdir', 'DAGS_FOLDER/spam_email_etl.py', '--cfg-path', '/tmp/tmp8yor6o3w']
[2026-04-19T06:34:45.504+0000] {standard_task_runner.py:88} INFO - Job 265: Subtask verify_load
[2026-04-19T06:34:45.536+0000] {task_command.py:423} INFO - Running <TaskInstance: spam_email_etl.verify_load scheduled__2026-04-18T00:00:00+00:00 [running]> on host 4589d7dcd571
[2026-04-19T06:34:45.584+0000] {taskinstance.py:2480} INFO - Exporting env vars: AIRFLOW_CTX_DAG_OWNER='***' AIRFLOW_CTX_DAG_ID='spam_email_etl' AIRFLOW_CTX_TASK_ID='verify_load' AIRFLOW_CTX_EXECUTION_DATE='2026-04-18T00:00:00+00:00' AIRFLOW_CTX_TRY_NUMBER='1' AIRFLOW_CTX_DAG_RUN_ID='scheduled__2026-04-18T00:00:00+00:00'
[2026-04-19T06:34:45.591+0000] {base.py:83} INFO - Using connection ID 'snowflake_default' for task execution.
[2026-04-19T06:34:45.592+0000] {connection.py:370} INFO - Snowflake Connector for Python Version: 3.6.0, Python Version: 3.8.18, Platform: Linux-6.12.68-linuxkit-aarch64-with-glibc2.34
[2026-04-19T06:34:45.593+0000] {connection.py:1171} INFO - This connection is in OCSP Fail Open Mode. TLS Certificates would be checked for validity and revocation status. Any other Certificate Revocation related exceptions or OCSP Responder failures would be disregarded in favor of connectivity.
[2026-04-19T06:34:45.593+0000] {connection.py:1181} INFO - THIS CONNECTION IS IN INSECURE MODE. IT MEANS THE CERTIFICATE WILL BE VALIDATED BUT THE CERTIFICATE REVOCATION STATUS WILL NOT BE CHECKED.
[2026-04-19T06:34:45.688+0000] {ssl_wrap_socket.py:100} INFO - THIS CONNECTION IS IN INSECURE MODE. IT MEANS THE CERTIFICATE WILL BE VALIDATED BUT THE CERTIFICATE REVOCATION STATUS WILL NOT BE CHECKED.
[2026-04-19T06:34:46.067+0000] {cursor.py:1028} INFO - query: [SELECT COUNT(*) FROM USER_DB_RABBIT.PUBLIC.RAW_SPAM_EMAILS]
[2026-04-19T06:34:46.193+0000] {cursor.py:1041} INFO - query execution done
[2026-04-19T06:34:46.197+0000] {cursor.py:1205} INFO - Number of results in first chunk: 1
[2026-04-19T06:34:46.201+0000] {logging_mixin.py:188} INFO - Total rows loaded: 5572
[2026-04-19T06:34:46.201+0000] {cursor.py:1028} INFO - query: [SELECT LABEL, COUNT(*) as COUNT FROM USER_DB_RABBIT.PUBLIC.RAW_SPAM_EMAILS GROUP...]
[2026-04-19T06:34:46.486+0000] {cursor.py:1041} INFO - query execution done
[2026-04-19T06:34:46.487+0000] {cursor.py:1205} INFO - Number of results in first chunk: 2
[2026-04-19T06:34:46.488+0000] {logging_mixin.py:188} INFO -   spam: 747 emails
[2026-04-19T06:34:46.489+0000] {logging_mixin.py:188} INFO -   ham: 4825 emails
[2026-04-19T06:34:46.489+0000] {connection.py:718} INFO - closed
[2026-04-19T06:34:46.546+0000] {connection.py:724} INFO - No async queries seem to be running, deleting session
[2026-04-19T06:34:46.645+0000] {python.py:201} INFO - Done. Returned value was: None
[2026-04-19T06:34:46.652+0000] {taskinstance.py:1138} INFO - Marking task as SUCCESS. dag_id=spam_email_etl, task_id=verify_load, execution_date=20260418T000000, start_date=20260419T063445, end_date=20260419T063446
[2026-04-19T06:34:46.703+0000] {local_task_job_runner.py:234} INFO - Task exited with return code 0
[2026-04-19T06:34:46.715+0000] {taskinstance.py:3280} INFO - 0 downstream tasks scheduled from follow-on schedule check
