[2026-04-19T06:30:59.297+0000] {taskinstance.py:1956} INFO - Dependencies all met for dep_context=non-requeueable deps ti=<TaskInstance: spam_email_etl.load_csv_to_snowflake manual__2026-04-19T06:00:14.314188+00:00 [queued]>
[2026-04-19T06:30:59.302+0000] {taskinstance.py:1956} INFO - Dependencies all met for dep_context=requeueable deps ti=<TaskInstance: spam_email_etl.load_csv_to_snowflake manual__2026-04-19T06:00:14.314188+00:00 [queued]>
[2026-04-19T06:30:59.302+0000] {taskinstance.py:2170} INFO - Starting attempt 9 of 10
[2026-04-19T06:30:59.309+0000] {taskinstance.py:2191} INFO - Executing <Task(PythonOperator): load_csv_to_snowflake> on 2026-04-19 06:00:14.314188+00:00
[2026-04-19T06:30:59.313+0000] {standard_task_runner.py:60} INFO - Started process 269 to run task
[2026-04-19T06:30:59.317+0000] {standard_task_runner.py:87} INFO - Running: ['***', 'tasks', 'run', 'spam_email_etl', 'load_csv_to_snowflake', 'manual__2026-04-19T06:00:14.314188+00:00', '--job-id', '249', '--raw', '--subdir', 'DAGS_FOLDER/spam_email_etl.py', '--cfg-path', '/tmp/tmph6ykymcy']
[2026-04-19T06:30:59.319+0000] {standard_task_runner.py:88} INFO - Job 249: Subtask load_csv_to_snowflake
[2026-04-19T06:30:59.348+0000] {task_command.py:423} INFO - Running <TaskInstance: spam_email_etl.load_csv_to_snowflake manual__2026-04-19T06:00:14.314188+00:00 [running]> on host 4589d7dcd571
[2026-04-19T06:30:59.392+0000] {taskinstance.py:2480} INFO - Exporting env vars: AIRFLOW_CTX_DAG_OWNER='***' AIRFLOW_CTX_DAG_ID='spam_email_etl' AIRFLOW_CTX_TASK_ID='load_csv_to_snowflake' AIRFLOW_CTX_EXECUTION_DATE='2026-04-19T06:00:14.314188+00:00' AIRFLOW_CTX_TRY_NUMBER='9' AIRFLOW_CTX_DAG_RUN_ID='manual__2026-04-19T06:00:14.314188+00:00'
[2026-04-19T06:30:59.399+0000] {base.py:83} INFO - Using connection ID 'snowflake_default' for task execution.
[2026-04-19T06:30:59.399+0000] {connection.py:370} INFO - Snowflake Connector for Python Version: 3.6.0, Python Version: 3.8.18, Platform: Linux-6.12.68-linuxkit-aarch64-with-glibc2.34
[2026-04-19T06:30:59.400+0000] {connection.py:1171} INFO - This connection is in OCSP Fail Open Mode. TLS Certificates would be checked for validity and revocation status. Any other Certificate Revocation related exceptions or OCSP Responder failures would be disregarded in favor of connectivity.
[2026-04-19T06:30:59.400+0000] {connection.py:1181} INFO - THIS CONNECTION IS IN INSECURE MODE. IT MEANS THE CERTIFICATE WILL BE VALIDATED BUT THE CERTIFICATE REVOCATION STATUS WILL NOT BE CHECKED.
[2026-04-19T06:30:59.574+0000] {ssl_wrap_socket.py:100} INFO - THIS CONNECTION IS IN INSECURE MODE. IT MEANS THE CERTIFICATE WILL BE VALIDATED BUT THE CERTIFICATE REVOCATION STATUS WILL NOT BE CHECKED.
[2026-04-19T06:31:00.117+0000] {cursor.py:1028} INFO - query: [USE ROLE TRAINING_ROLE]
[2026-04-19T06:31:00.294+0000] {cursor.py:1041} INFO - query execution done
[2026-04-19T06:31:00.294+0000] {cursor.py:1205} INFO - Number of results in first chunk: 1
[2026-04-19T06:31:00.295+0000] {cursor.py:1028} INFO - query: [USE WAREHOUSE RABBIT_QUERY_WH]
[2026-04-19T06:31:00.521+0000] {cursor.py:1041} INFO - query execution done
[2026-04-19T06:31:00.523+0000] {cursor.py:1205} INFO - Number of results in first chunk: 1
[2026-04-19T06:31:00.523+0000] {cursor.py:1028} INFO - query: [USE DATABASE USER_DB_RABBIT]
[2026-04-19T06:31:00.713+0000] {cursor.py:1041} INFO - query execution done
[2026-04-19T06:31:00.714+0000] {cursor.py:1205} INFO - Number of results in first chunk: 1
[2026-04-19T06:31:00.714+0000] {cursor.py:1028} INFO - query: [USE SCHEMA PUBLIC]
[2026-04-19T06:31:00.827+0000] {cursor.py:1041} INFO - query execution done
[2026-04-19T06:31:00.828+0000] {cursor.py:1205} INFO - Number of results in first chunk: 1
[2026-04-19T06:31:00.828+0000] {cursor.py:1028} INFO - query: [BEGIN]
[2026-04-19T06:31:01.130+0000] {cursor.py:1041} INFO - query execution done
[2026-04-19T06:31:01.130+0000] {cursor.py:1205} INFO - Number of results in first chunk: 1
[2026-04-19T06:31:01.131+0000] {cursor.py:1028} INFO - query: [TRUNCATE TABLE RAW_SPAM_EMAILS]
[2026-04-19T06:31:01.433+0000] {cursor.py:1041} INFO - query execution done
[2026-04-19T06:31:01.434+0000] {cursor.py:1205} INFO - Number of results in first chunk: 1
[2026-04-19T06:31:01.444+0000] {cursor.py:1028} INFO - query: [INSERT INTO RAW_SPAM_EMAILS (LABEL, MESSAGE) VALUES ('ham', 'Go until jurong poi...]
[2026-04-19T06:31:02.258+0000] {cursor.py:1041} INFO - query execution done
[2026-04-19T06:31:02.264+0000] {cursor.py:1028} INFO - query: [INSERT INTO RAW_SPAM_EMAILS (LABEL, MESSAGE) VALUES ('ham', 'Fighting with the w...]
[2026-04-19T06:31:03.145+0000] {cursor.py:1041} INFO - query execution done
[2026-04-19T06:31:03.155+0000] {cursor.py:1028} INFO - query: [INSERT INTO RAW_SPAM_EMAILS (LABEL, MESSAGE) VALUES ('ham', 'No..but heard abt t...]
[2026-04-19T06:31:03.890+0000] {cursor.py:1041} INFO - query execution done
[2026-04-19T06:31:03.898+0000] {cursor.py:1028} INFO - query: [INSERT INTO RAW_SPAM_EMAILS (LABEL, MESSAGE) VALUES ('ham', 'Host-based IDPS for...]
[2026-04-19T06:31:04.810+0000] {cursor.py:1041} INFO - query execution done
[2026-04-19T06:31:04.816+0000] {cursor.py:1028} INFO - query: [INSERT INTO RAW_SPAM_EMAILS (LABEL, MESSAGE) VALUES ('ham', 'But i\'ll b going 2...]
[2026-04-19T06:31:05.763+0000] {cursor.py:1041} INFO - query execution done
[2026-04-19T06:31:05.769+0000] {cursor.py:1028} INFO - query: [INSERT INTO RAW_SPAM_EMAILS (LABEL, MESSAGE) VALUES ('ham', 'Remember to ask ale...]
[2026-04-19T06:31:06.533+0000] {cursor.py:1041} INFO - query execution done
[2026-04-19T06:31:06.545+0000] {cursor.py:1028} INFO - query: [INSERT INTO RAW_SPAM_EMAILS (LABEL, MESSAGE) VALUES ('spam', 'This message is fr...]
[2026-04-19T06:31:07.476+0000] {cursor.py:1041} INFO - query execution done
[2026-04-19T06:31:07.487+0000] {cursor.py:1028} INFO - query: [INSERT INTO RAW_SPAM_EMAILS (LABEL, MESSAGE) VALUES ('ham', 'says the  &lt;#&gt;...]
[2026-04-19T06:31:08.185+0000] {cursor.py:1041} INFO - query execution done
[2026-04-19T06:31:08.192+0000] {cursor.py:1028} INFO - query: [INSERT INTO RAW_SPAM_EMAILS (LABEL, MESSAGE) VALUES ('ham', 'He\'s just gonna wo...]
[2026-04-19T06:31:09.006+0000] {cursor.py:1041} INFO - query execution done
[2026-04-19T06:31:09.012+0000] {cursor.py:1028} INFO - query: [INSERT INTO RAW_SPAM_EMAILS (LABEL, MESSAGE) VALUES ('ham', 'So wat\'s da decisi...]
[2026-04-19T06:31:09.396+0000] {local_task_job_runner.py:302} WARNING - State of this instance has been externally set to restarting. Terminating instance.
[2026-04-19T06:31:09.398+0000] {process_utils.py:131} INFO - Sending 15 to group 269. PIDs of all processes in the group: [269]
[2026-04-19T06:31:09.398+0000] {process_utils.py:86} INFO - Sending the signal 15 to group 269
[2026-04-19T06:31:09.398+0000] {taskinstance.py:2450} ERROR - Received SIGTERM. Terminating subprocesses.
[2026-04-19T06:31:09.402+0000] {cursor.py:1028} INFO - query: [ROLLBACK]
[2026-04-19T06:31:09.501+0000] {ssl_wrap_socket.py:100} INFO - THIS CONNECTION IS IN INSECURE MODE. IT MEANS THE CERTIFICATE WILL BE VALIDATED BUT THE CERTIFICATE REVOCATION STATUS WILL NOT BE CHECKED.
[2026-04-19T06:31:10.337+0000] {cursor.py:1041} INFO - query execution done
[2026-04-19T06:31:10.338+0000] {cursor.py:1205} INFO - Number of results in first chunk: 1
[2026-04-19T06:31:10.338+0000] {connection.py:718} INFO - closed
[2026-04-19T06:31:10.481+0000] {connection.py:724} INFO - No async queries seem to be running, deleting session
[2026-04-19T06:31:10.602+0000] {taskinstance.py:2698} ERROR - Task failed with exception
Traceback (most recent call last):
  File "/opt/airflow/dags/spam_email_etl.py", line 37, in load_csv_to_snowflake
    cursor.executemany(
  File "/home/airflow/.local/lib/python3.8/site-packages/snowflake/connector/cursor.py", line 1418, in executemany
    self.execute(command, **kwargs)
  File "/home/airflow/.local/lib/python3.8/site-packages/snowflake/connector/cursor.py", line 1029, in execute
    ret = self._execute_helper(query, **kwargs)
  File "/home/airflow/.local/lib/python3.8/site-packages/snowflake/connector/cursor.py", line 744, in _execute_helper
    ret = self._connection.cmd_query(
  File "/home/airflow/.local/lib/python3.8/site-packages/snowflake/connector/connection.py", line 1241, in cmd_query
    ret = self.rest.request(
  File "/home/airflow/.local/lib/python3.8/site-packages/snowflake/connector/network.py", line 489, in request
    return self._post_request(
  File "/home/airflow/.local/lib/python3.8/site-packages/snowflake/connector/network.py", line 729, in _post_request
    ret = self.fetch(
  File "/home/airflow/.local/lib/python3.8/site-packages/snowflake/connector/network.py", line 838, in fetch
    ret = self._request_exec_wrapper(
  File "/home/airflow/.local/lib/python3.8/site-packages/snowflake/connector/network.py", line 974, in _request_exec_wrapper
    raise e
  File "/home/airflow/.local/lib/python3.8/site-packages/snowflake/connector/network.py", line 879, in _request_exec_wrapper
    return_object = self._request_exec(
  File "/home/airflow/.local/lib/python3.8/site-packages/snowflake/connector/network.py", line 1188, in _request_exec
    raise err
  File "/home/airflow/.local/lib/python3.8/site-packages/snowflake/connector/network.py", line 1073, in _request_exec
    raw_ret = session.request(
  File "/home/airflow/.local/lib/python3.8/site-packages/snowflake/connector/vendored/requests/sessions.py", line 589, in request
    resp = self.send(prep, **send_kwargs)
  File "/home/airflow/.local/lib/python3.8/site-packages/snowflake/connector/vendored/requests/sessions.py", line 703, in send
    r = adapter.send(request, **kwargs)
  File "/home/airflow/.local/lib/python3.8/site-packages/snowflake/connector/vendored/requests/adapters.py", line 486, in send
    resp = conn.urlopen(
  File "/home/airflow/.local/lib/python3.8/site-packages/snowflake/connector/vendored/urllib3/connectionpool.py", line 715, in urlopen
    httplib_response = self._make_request(
  File "/home/airflow/.local/lib/python3.8/site-packages/snowflake/connector/vendored/urllib3/connectionpool.py", line 467, in _make_request
    six.raise_from(e, None)
  File "<string>", line 3, in raise_from
  File "/home/airflow/.local/lib/python3.8/site-packages/snowflake/connector/vendored/urllib3/connectionpool.py", line 462, in _make_request
    httplib_response = conn.getresponse()
  File "/usr/local/lib/python3.8/http/client.py", line 1348, in getresponse
    response.begin()
  File "/usr/local/lib/python3.8/http/client.py", line 316, in begin
    version, status, reason = self._read_status()
  File "/usr/local/lib/python3.8/http/client.py", line 277, in _read_status
    line = str(self.fp.readline(_MAXLINE + 1), "iso-8859-1")
  File "/usr/local/lib/python3.8/socket.py", line 669, in readinto
    return self._sock.recv_into(b)
  File "/home/airflow/.local/lib/python3.8/site-packages/snowflake/connector/vendored/urllib3/contrib/pyopenssl.py", line 330, in recv_into
    if not util.wait_for_read(self.socket, self.socket.gettimeout()):
  File "/home/airflow/.local/lib/python3.8/site-packages/snowflake/connector/vendored/urllib3/util/wait.py", line 145, in wait_for_read
    return wait_for_socket(sock, read=True, timeout=timeout)
  File "/home/airflow/.local/lib/python3.8/site-packages/snowflake/connector/vendored/urllib3/util/wait.py", line 106, in poll_wait_for_socket
    return bool(_retry_on_intr(do_poll, timeout))
  File "/home/airflow/.local/lib/python3.8/site-packages/snowflake/connector/vendored/urllib3/util/wait.py", line 43, in _retry_on_intr
    return fn(timeout)
  File "/home/airflow/.local/lib/python3.8/site-packages/snowflake/connector/vendored/urllib3/util/wait.py", line 104, in do_poll
    return poll_obj.poll(t)
  File "/home/airflow/.local/lib/python3.8/site-packages/airflow/models/taskinstance.py", line 2452, in signal_handler
    raise AirflowException("Task received SIGTERM signal")
airflow.exceptions.AirflowException: Task received SIGTERM signal

During handling of the above exception, another exception occurred:

Traceback (most recent call last):
  File "/home/airflow/.local/lib/python3.8/site-packages/airflow/models/taskinstance.py", line 433, in _execute_task
    result = execute_callable(context=context, **execute_callable_kwargs)
  File "/home/airflow/.local/lib/python3.8/site-packages/airflow/operators/python.py", line 199, in execute
    return_value = self.execute_callable()
  File "/home/airflow/.local/lib/python3.8/site-packages/airflow/operators/python.py", line 216, in execute_callable
    return self.python_callable(*self.op_args, **self.op_kwargs)
  File "/opt/airflow/dags/spam_email_etl.py", line 54, in load_csv_to_snowflake
    raise Exception(f"Failed to load data: {str(e)}")
Exception: Failed to load data: Task received SIGTERM signal
[2026-04-19T06:31:10.617+0000] {taskinstance.py:1138} INFO - Marking task as UP_FOR_RETRY. dag_id=spam_email_etl, task_id=load_csv_to_snowflake, execution_date=20260419T060014, start_date=20260419T063059, end_date=20260419T063110
[2026-04-19T06:31:10.632+0000] {standard_task_runner.py:107} ERROR - Failed to execute job 249 for task load_csv_to_snowflake (Failed to load data: Task received SIGTERM signal; 269)
[2026-04-19T06:31:10.667+0000] {process_utils.py:79} INFO - Process psutil.Process(pid=269, status='terminated', exitcode=1, started='06:30:58') (269) terminated with exit code 1
